    {
      "data_stream": "sysmon_operational",
      "package": "windows",
      "source": "test/test-events.json-expected.json",
      "sample_event": {
        "@timestamp": "2019-07-18T03:34:03.911Z",
        "dns": {
          "answers": [
            {
              "data": "b.scorecardresearch.com.edgesuite.net",
              "type": "CNAME"
            },
            {
              "data": "a1294.w20.akamai.net",
              "type": "CNAME"
            },
            {
              "data": "89.160.20.156",
              "type": "A"
            },
            {
              "data": "89.160.20.156",
              "type": "A"
            }
          ],
          "question": {
            "name": "b.scorecardresearch.com",
            "registered_domain": "scorecardresearch.com",
            "subdomain": "b",
            "top_level_domain": "com"
          },
          "resolved_ip": [
            "89.160.20.156",
            "89.160.20.156"
          ]
        },
        "ecs": {
          "version": "8.17.0"
        },
        "event": {
          "action": "DNSEvent (DNS query)",
          "category": [
            "network"
          ],
          "code": "22",
          "created": "2019-07-18T03:34:04.029Z",
          "kind": "event",
          "original": "<Event xmlns='http://schemas.microsoft.com/win/2004/08/events/event'><System><Provider Name='Microsoft-Windows-Sysmon' Guid='{5770385f-c22a-43e0-bf4c-06f5698ffbd9}'/><EventID>22</EventID><Version>5</Version><Level>4</Level><Task>22</Task><Opcode>0</Opcode><Keywords>0x8000000000000000</Keywords><TimeCreated SystemTime='2019-07-18T03:34:04.029920400Z'/><EventRecordID>134</EventRecordID><Correlation/><Execution ProcessID='2828' ThreadID='1684'/><Channel>Microsoft-Windows-Sysmon/Operational</Channel><Computer>vagrant-2016</Computer><Security UserID='S-1-5-18'/></System><EventData><Data Name='RuleName'></Data><Data Name='UtcTime'>2019-07-18 03:34:03.911</Data><Data Name='ProcessGuid'>{fa4a0de6-e8a9-5d2f-0000-001053699900}</Data><Data Name='ProcessId'>2736</Data><Data Name='QueryName'>b.scorecardresearch.com</Data><Data Name='QueryStatus'>0</Data><Data Name='QueryResults'>type:  5 b.scorecardresearch.com.edgesuite.net;type:  5 a1294.w20.akamai.net;::ffff:89.160.20.156;::ffff:89.160.20.156;</Data><Data Name='Image'>C:\\Program Files (x86)\\Internet Explorer\\iexplore.exe</Data></EventData></Event>",
          "provider": "Microsoft-Windows-Sysmon",
          "type": [
            "connection",
            "protocol",
            "info"
          ]
        },
        "log": {
          "level": "information"
        },
        "network": {
          "protocol": "dns"
        },
        "process": {
          "entity_id": "{fa4a0de6-e8a9-5d2f-0000-001053699900}",
          "executable": "C:\\Program Files (x86)\\Internet Explorer\\iexplore.exe",
          "name": "iexplore.exe",
          "pid": 2736
        },
        "related": {
          "hosts": [
            "b.scorecardresearch.com.edgesuite.net",
            "a1294.w20.akamai.net",
            "b.scorecardresearch.com"
          ],
          "ip": [
            "89.160.20.156"
          ]
        },
        "sysmon": {
          "dns": {
            "status": "SUCCESS"
          }
        },
        "user": {
          "id": "S-1-5-18"
        },
        "winlog": {
          "channel": "Microsoft-Windows-Sysmon/Operational",
          "computer_name": "vagrant-2016",
          "event_id": "22",
          "opcode": "Info",
          "process": {
            "pid": 2828,
            "thread": {
              "id": 1684
            }
          },
          "provider_guid": "{5770385f-c22a-43e0-bf4c-06f5698ffbd9}",
          "provider_name": "Microsoft-Windows-Sysmon",
          "record_id": "134",
          "user": {
            "identifier": "S-1-5-18"
          },
          "version": 5
        }
      }
    },
    {
      "data_stream": "sysmon_operational",
      "package": "windows",
      "source": "test/test-events.json-expected.json",
      "sample_event": {
        "@timestamp": "2019-07-18T03:34:03.921Z",
        "dns": {
          "answers": [
            {
              "data": "f2.shared.global.fastly.net",
              "type": "CNAME"
            },
            {
              "data": "89.160.20.156",
              "type": "A"
            },
            {
              "data": "89.160.20.156",
              "type": "A"
            },
            {
              "data": "89.160.20.156",
              "type": "A"
            },
            {
              "data": "89.160.20.156",
              "type": "A"
            }
          ],
          "question": {
            "name": "edw.edmunds.com",
            "registered_domain": "edmunds.com",
            "subdomain": "edw",
            "top_level_domain": "com"
          },
          "resolved_ip": [
            "89.160.20.156",
            "89.160.20.156",
            "89.160.20.156",
            "89.160.20.156"
          ]
        },
        "ecs": {
          "version": "8.17.0"
        },
        "event": {
          "action": "DNSEvent (DNS query)",
          "category": [
            "network"
          ],
          "code": "22",
          "created": "2019-07-18T03:34:04.548Z",
          "kind": "event",
          "original": "<Event xmlns='http://schemas.microsoft.com/win/2004/08/events/event'><System><Provider Name='Microsoft-Windows-Sysmon' Guid='{5770385f-c22a-43e0-bf4c-06f5698ffbd9}'/><EventID>22</EventID><Version>5</Version><Level>4</Level><Task>22</Task><Opcode>0</Opcode><Keywords>0x8000000000000000</Keywords><TimeCreated SystemTime='2019-07-18T03:34:04.548958100Z'/><EventRecordID>135</EventRecordID><Correlation/><Execution ProcessID='2828' ThreadID='1684'/><Channel>Microsoft-Windows-Sysmon/Operational</Channel><Computer>vagrant-2016</Computer><Security UserID='S-1-5-18'/></System><EventData><Data Name='RuleName'></Data><Data Name='UtcTime'>2019-07-18 03:34:03.921</Data><Data Name='ProcessGuid'>{fa4a0de6-e8a9-5d2f-0000-001053699900}</Data><Data Name='ProcessId'>2736</Data><Data Name='QueryName'>edw.edmunds.com</Data><Data Name='QueryStatus'>0</Data><Data Name='QueryResults'>type:  5 f2.shared.global.fastly.net;::ffff:89.160.20.156;::ffff:89.160.20.156;::ffff:89.160.20.156;::ffff:89.160.20.156;</Data><Data Name='Image'>C:\\Program Files (x86)\\Internet Explorer\\iexplore.exe</Data></EventData></Event>",
          "provider": "Microsoft-Windows-Sysmon",
          "type": [
            "connection",
            "protocol",
            "info"
          ]
        },
        "log": {
          "level": "information"
        },
        "network": {
          "protocol": "dns"
        },
        "process": {
          "entity_id": "{fa4a0de6-e8a9-5d2f-0000-001053699900}",
          "executable": "C:\\Program Files (x86)\\Internet Explorer\\iexplore.exe",
          "name": "iexplore.exe",
          "pid": 2736
        },
        "related": {
          "hosts": [
            "f2.shared.global.fastly.net",
            "edw.edmunds.com"
          ],
          "ip": [
            "89.160.20.156"
          ]
        },
        "sysmon": {
          "dns": {
            "status": "SUCCESS"
          }
        },
        "user": {
          "id": "S-1-5-18"
        },
        "winlog": {
          "channel": "Microsoft-Windows-Sysmon/Operational",
          "computer_name": "vagrant-2016",
          "event_id": "22",
          "opcode": "Info",
          "process": {
            "pid": 2828,
            "thread": {
              "id": 1684
            }
          },
          "provider_guid": "{5770385f-c22a-43e0-bf4c-06f5698ffbd9}",
          "provider_name": "Microsoft-Windows-Sysmon",
          "record_id": "135",
          "user": {
            "identifier": "S-1-5-18"
          },
          "version": 5
        }
      }
    },
    {
      "data_stream": "sysmon_operational",
      "package": "windows",
      "source": "test/test-events.json-expected.json",
      "sample_event": {
        "@timestamp": "2019-07-18T03:34:04.101Z",
        "dns": {
          "answers": [
            {
              "data": "cs9.wac.phicdn.net",
              "type": "CNAME"
            },
            {
              "data": "89.160.20.156",
              "type": "A"
            }
          ],
          "question": {
            "name": "ocsp.digicert.com",
            "registered_domain": "digicert.com",
            "subdomain": "ocsp",
            "top_level_domain": "com"
          },
          "resolved_ip": [
            "89.160.20.156"
          ]
        },
        "ecs": {
          "version": "8.17.0"
        },
        "event": {
          "action": "DNSEvent (DNS query)",
          "category": [
            "network"
          ],
          "code": "22",
          "created": "2019-07-18T03:34:04.692Z",
          "kind": "event",
          "original": "<Event xmlns='http://schemas.microsoft.com/win/2004/08/events/event'><System><Provider Name='Microsoft-Windows-Sysmon' Guid='{5770385f-c22a-43e0-bf4c-06f5698ffbd9}'/><EventID>22</EventID><Version>5</Version><Level>4</Level><Task>22</Task><Opcode>0</Opcode><Keywords>0x8000000000000000</Keywords><TimeCreated SystemTime='2019-07-18T03:34:04.692712500Z'/><EventRecordID>136</EventRecordID><Correlation/><Execution ProcessID='2828' ThreadID='1684'/><Channel>Microsoft-Windows-Sysmon/Operational</Channel><Computer>vagrant-2016</Computer><Security UserID='S-1-5-18'/></System><EventData><Data Name='RuleName'></Data><Data Name='UtcTime'>2019-07-18 03:34:04.101</Data><Data Name='ProcessGuid'>{fa4a0de6-e8a9-5d2f-0000-001053699900}</Data><Data Name='ProcessId'>2736</Data><Data Name='QueryName'>ocsp.digicert.com</Data><Data Name='QueryStatus'>0</Data><Data Name='QueryResults'>type:  5 cs9.wac.phicdn.net;::ffff:89.160.20.156;</Data><Data Name='Image'>C:\\Program Files (x86)\\Internet Explorer\\iexplore.exe</Data></EventData></Event>",
          "provider": "Microsoft-Windows-Sysmon",
          "type": [
            "connection",
            "protocol",
            "info"
          ]
        },
        "log": {
          "level": "information"
        },
        "network": {
          "protocol": "dns"
        },
        "process": {
          "entity_id": "{fa4a0de6-e8a9-5d2f-0000-001053699900}",
          "executable": "C:\\Program Files (x86)\\Internet Explorer\\iexplore.exe",
          "name": "iexplore.exe",
          "pid": 2736
        },
        "related": {
          "hosts": [
            "cs9.wac.phicdn.net",
            "ocsp.digicert.com"
          ],
          "ip": [
            "89.160.20.156"
          ]
        },
        "sysmon": {
          "dns": {
            "status": "SUCCESS"
          }
        },
        "user": {
          "id": "S-1-5-18"
        },
        "winlog": {
          "channel": "Microsoft-Windows-Sysmon/Operational",
          "computer_name": "vagrant-2016",
          "event_id": "22",
          "opcode": "Info",
          "process": {
            "pid": 2828,
            "thread": {
              "id": 1684
            }
          },
          "provider_guid": "{5770385f-c22a-43e0-bf4c-06f5698ffbd9}",
          "provider_name": "Microsoft-Windows-Sysmon",
          "record_id": "136",
          "user": {
            "identifier": "S-1-5-18"
          },
          "version": 5
        }
      }
    },
    {
      "data_stream": "sysmon_operational",
      "package": "windows",
      "source": "test/test-events.json-expected.json",
      "sample_event": {
        "@timestamp": "2019-07-18T03:34:04.137Z",
        "dns": {
          "answers": [
            {
              "data": "usermatch.targeting.unrulymedia.com",
              "type": "CNAME"
            },
            {
              "data": "89.160.20.156",
              "type": "A"
            },
            {
              "data": "89.160.20.156",
              "type": "A"
            },
            {
              "data": "89.160.20.156",
              "type": "A"
            },
            {
              "data": "89.160.20.156",
              "type": "A"
            },
            {
              "data": "192.168.6.30",
              "type": "A"
            },
            {
              "data": "2a02:cf40:a83e::2:30",
              "type": "AAAA"
            },
            {
              "data": "192.168.14.30",
              "type": "A"
            },
            {
              "data": "2a02:cf40:231d::2:30",
              "type": "AAAA"
            },
            {
              "data": "192.168.92.30",
              "type": "A"
            },
            {
              "data": "2a02:cf40:83eb::30",
              "type": "AAAA"
            }
          ],
          "question": {
            "name": "pre-usermatch.targeting.unrulymedia.com",
            "registered_domain": "unrulymedia.com",
            "subdomain": "pre-usermatch.targeting",
            "top_level_domain": "com"
          },
          "resolved_ip": [
            "89.160.20.156",
            "89.160.20.156",
            "89.160.20.156",
            "89.160.20.156",
            "192.168.6.30",
            "2a02:cf40:a83e::2:30",
            "192.168.14.30",
            "2a02:cf40:231d::2:30",
            "192.168.92.30",
            "2a02:cf40:83eb::30"
          ]
        },
        "ecs": {
          "version": "8.17.0"
        },
        "event": {
          "action": "DNSEvent (DNS query)",
          "category": [
            "network"
          ],
          "code": "22",
          "created": "2019-07-18T03:34:04.692Z",
          "kind": "event",
          "original": "<Event xmlns='http://schemas.microsoft.com/win/2004/08/events/event'><System><Provider Name='Microsoft-Windows-Sysmon' Guid='{5770385f-c22a-43e0-bf4c-06f5698ffbd9}'/><EventID>22</EventID><Version>5</Version><Level>4</Level><Task>22</Task><Opcode>0</Opcode><Keywords>0x8000000000000000</Keywords><TimeCreated SystemTime='2019-07-18T03:34:04.692750200Z'/><EventRecordID>137</EventRecordID><Correlation/><Execution ProcessID='2828' ThreadID='1684'/><Channel>Microsoft-Windows-Sysmon/Operational</Channel><Computer>vagrant-2016</Computer><Security UserID='S-1-5-18'/></System><EventData><Data Name='RuleName'></Data><Data Name='UtcTime'>2019-07-18 03:34:04.137</Data><Data Name='ProcessGuid'>{fa4a0de6-e8a9-5d2f-0000-001053699900}</Data><Data Name='ProcessId'>2736</Data><Data Name='QueryName'>pre-usermatch.targeting.unrulymedia.com</Data><Data Name='QueryStatus'>0</Data><Data Name='QueryResults'>type:  5 usermatch.targeting.unrulymedia.com;::ffff:89.160.20.156;::ffff:89.160.20.156;::ffff:89.160.20.156;::ffff:89.160.20.156;192.168.6.30;2a02:cf40:a83e::2:30;192.168.14.30;2a02:cf40:231d::2:30;192.168.92.30;2a02:cf40:83eb::30;</Data><Data Name='Image'>C:\\Program Files (x86)\\Internet Explorer\\iexplore.exe</Data></EventData></Event>",
          "provider": "Microsoft-Windows-Sysmon",
          "type": [
            "connection",
            "protocol",
            "info"
          ]
        },
        "log": {
          "level": "information"
        },
        "network": {
          "protocol": "dns"
        },
        "process": {
          "entity_id": "{fa4a0de6-e8a9-5d2f-0000-001053699900}",
          "executable": "C:\\Program Files (x86)\\Internet Explorer\\iexplore.exe",
          "name": "iexplore.exe",
          "pid": 2736
        },
        "related": {
          "hosts": [
            "usermatch.targeting.unrulymedia.com",
            "pre-usermatch.targeting.unrulymedia.com"
          ],
          "ip": [
            "89.160.20.156",
            "192.168.6.30",
            "2a02:cf40:a83e::2:30",
            "192.168.14.30",
            "2a02:cf40:231d::2:30",
            "192.168.92.30",
            "2a02:cf40:83eb::30"
          ]
        },
        "sysmon": {
          "dns": {
            "status": "SUCCESS"
          }
        },
        "user": {
          "id": "S-1-5-18"
        },
        "winlog": {
          "channel": "Microsoft-Windows-Sysmon/Operational",
          "computer_name": "vagrant-2016",
          "event_id": "22",
          "opcode": "Info",
          "process": {
            "pid": 2828,
            "thread": {
              "id": 1684
            }
          },
          "provider_guid": "{5770385f-c22a-43e0-bf4c-06f5698ffbd9}",
          "provider_name": "Microsoft-Windows-Sysmon",
          "record_id": "137",
          "user": {
            "identifier": "S-1-5-18"
          },
          "version": 5
        }
      }
    },
    {
      "data_stream": "sysmon_operational",
      "package": "windows",
      "source": "test/test-events.json-expected.json",
      "sample_event": {
        "@timestamp": "2019-07-18T03:34:04.141Z",
        "dns": {
          "answers": [
            {
              "data": "farm-hetzner.plista.com",
              "type": "CNAME"
            },
            {
              "data": "89.160.20.156",
              "type": "A"
            },
            {
              "data": "89.160.20.156",
              "type": "A"
            },
            {
              "data": "89.160.20.156",
              "type": "A"
            },
            {
              "data": "89.160.20.156",
              "type": "A"
            },
            {
              "data": "89.160.20.156",
              "type": "A"
            },
            {
              "data": "192.168.6.30",
              "type": "A"
            },
            {
              "data": "2a02:cf40:a83e::2:30",
              "type": "AAAA"
            },
            {
              "data": "192.168.14.30",
              "type": "A"
            },
            {
              "data": "2a02:cf40:231d::2:30",
              "type": "AAAA"
            },
            {
              "data": "192.168.92.30",
              "type": "A"
            },
            {
              "data": "2a02:cf40:83eb::30",
              "type": "AAAA"
            },
            {
              "data": "192.168.80.30",
              "type": "A"
            }
          ],
          "question": {
            "name": "farm.plista.com",
            "registered_domain": "plista.com",
            "subdomain": "farm",
            "top_level_domain": "com"
          },
          "resolved_ip": [
            "89.160.20.156",
            "89.160.20.156",
            "89.160.20.156",
            "89.160.20.156",
            "89.160.20.156",
            "192.168.6.30",
            "2a02:cf40:a83e::2:30",
            "192.168.14.30",
            "2a02:cf40:231d::2:30",
            "192.168.92.30",
            "2a02:cf40:83eb::30",
            "192.168.80.30"
          ]
        },
        "ecs": {
          "version": "8.17.0"
        },
        "event": {
          "action": "DNSEvent (DNS query)",
          "category": [
            "network"
          ],
          "code": "22",
          "created": "2019-07-18T03:34:04.692Z",
          "kind": "event",
          "original": "<Event xmlns='http://schemas.microsoft.com/win/2004/08/events/event'><System><Provider Name='Microsoft-Windows-Sysmon' Guid='{5770385f-c22a-43e0-bf4c-06f5698ffbd9}'/><EventID>22</EventID><Version>5</Version><Level>4</Level><Task>22</Task><Opcode>0</Opcode><Keywords>0x8000000000000000</Keywords><TimeCreated SystemTime='2019-07-18T03:34:04.692762900Z'/><EventRecordID>138</EventRecordID><Correlation/><Execution ProcessID='2828' ThreadID='1684'/><Channel>Microsoft-Windows-Sysmon/Operational</Channel><Computer>vagrant-2016</Computer><Security UserID='S-1-5-18'/></System><EventData><Data Name='RuleName'></Data><Data Name='UtcTime'>2019-07-18 03:34:04.141</Data><Data Name='ProcessGuid'>{fa4a0de6-e8a9-5d2f-0000-001053699900}</Data><Data Name='ProcessId'>2736</Data><Data Name='QueryName'>farm.plista.com</Data><Data Name='QueryStatus'>0</Data><Data Name='QueryResults'>type:  5 farm-hetzner.plista.com;::ffff:89.160.20.156;::ffff:89.160.20.156;::ffff:89.160.20.156;::ffff:89.160.20.156;::ffff:89.160.20.156;192.168.6.30;2a02:cf40:a83e::2:30;192.168.14.30;2a02:cf40:231d::2:30;192.168.92.30;2a02:cf40:83eb::30;192.168.80.30;</Data><Data Name='Image'>C:\\Program Files (x86)\\Internet Explorer\\iexplore.exe</Data></EventData></Event>",
          "provider": "Microsoft-Windows-Sysmon",
          "type": [
            "connection",
            "protocol",
            "info"
          ]
        },
        "log": {
          "level": "information"
        },
        "network": {
          "protocol": "dns"
        },
        "process": {
          "entity_id": "{fa4a0de6-e8a9-5d2f-0000-001053699900}",
          "executable": "C:\\Program Files (x86)\\Internet Explorer\\iexplore.exe",
          "name": "iexplore.exe",
          "pid": 2736
        },
        "related": {
          "hosts": [
            "farm-hetzner.plista.com",
            "farm.plista.com"
          ],
          "ip": [
            "89.160.20.156",
            "192.168.6.30",
            "2a02:cf40:a83e::2:30",
            "192.168.14.30",
            "2a02:cf40:231d::2:30",
            "192.168.92.30",
            "2a02:cf40:83eb::30",
            "192.168.80.30"
          ]
        },
        "sysmon": {
          "dns": {
            "status": "SUCCESS"
          }
        },
        "user": {
          "id": "S-1-5-18"
        },
        "winlog": {
          "channel": "Microsoft-Windows-Sysmon/Operational",
          "computer_name": "vagrant-2016",
          "event_id": "22",
          "opcode": "Info",
          "process": {
            "pid": 2828,
            "thread": {
              "id": 1684
            }
          },
          "provider_guid": "{5770385f-c22a-43e0-bf4c-06f5698ffbd9}",
          "provider_name": "Microsoft-Windows-Sysmon",
          "record_id": "138",
          "user": {
            "identifier": "S-1-5-18"
          },
          "version": 5
        }
      }
    },
    {
      "data_stream": "sysmon_operational",
      "package": "windows",
      "source": "test/test-events.json-expected.json",
      "sample_event": {
        "@timestamp": "2019-07-18T03:34:04.168Z",
        "dns": {
          "answers": [
            {
              "data": "beacon-n-ash.lb.krxd.net",
              "type": "CNAME"
            },
            {
              "data": "beacon-17-537698933.us-east-1.elb.amazonaws.com",
              "type": "CNAME"
            },
            {
              "data": "89.160.20.156",
              "type": "A"
            },
            {
              "data": "89.160.20.156",
              "type": "A"
            },
            {
              "data": "89.160.20.156",
              "type": "A"
            },
            {
              "data": "89.160.20.156",
              "type": "A"
            },
            {
              "data": "89.160.20.156",
              "type": "A"
            },
            {
              "data": "89.160.20.156",
              "type": "A"
            },
            {
              "data": "89.160.20.156",
              "type": "A"
            },
            {
              "data": "89.160.20.156",
              "type": "A"
            },
            {
              "data": "192.168.6.30",
              "type": "A"
            }
          ],
          "question": {
            "name": "beacon.krxd.net",
            "registered_domain": "krxd.net",
            "subdomain": "beacon",
            "top_level_domain": "net"
          },
          "resolved_ip": [
            "89.160.20.156",
            "89.160.20.156",
            "89.160.20.156",
            "89.160.20.156",
            "89.160.20.156",
            "89.160.20.156",
            "89.160.20.156",
            "89.160.20.156",
            "192.168.6.30"
          ]
        },
        "ecs": {
          "version": "8.17.0"
        },
        "event": {
          "action": "DNSEvent (DNS query)",
          "category": [
            "network"
          ],
          "code": "22",
          "created": "2019-07-18T03:34:04.692Z",
          "kind": "event",
          "original": "<Event xmlns='http://schemas.microsoft.com/win/2004/08/events/event'><System><Provider Name='Microsoft-Windows-Sysmon' Guid='{5770385f-c22a-43e0-bf4c-06f5698ffbd9}'/><EventID>22</EventID><Version>5</Version><Level>4</Level><Task>22</Task><Opcode>0</Opcode><Keywords>0x8000000000000000</Keywords><TimeCreated SystemTime='2019-07-18T03:34:04.692780500Z'/><EventRecordID>139</EventRecordID><Correlation/><Execution ProcessID='2828' ThreadID='1684'/><Channel>Microsoft-Windows-Sysmon/Operational</Channel><Computer>vagrant-2016</Computer><Security UserID='S-1-5-18'/></System><EventData><Data Name='RuleName'></Data><Data Name='UtcTime'>2019-07-18 03:34:04.168</Data><Data Name='ProcessGuid'>{fa4a0de6-e8a9-5d2f-0000-001053699900}</Data><Data Name='ProcessId'>2736</Data><Data Name='QueryName'>beacon.krxd.net</Data><Data Name='QueryStatus'>0</Data><Data Name='QueryResults'>type:  5 beacon-n-ash.lb.krxd.net;type:  5 beacon-17-537698933.us-east-1.elb.amazonaws.com;::ffff:89.160.20.156;::ffff:89.160.20.156;::ffff:89.160.20.156;::ffff:89.160.20.156;::ffff:89.160.20.156;::ffff:89.160.20.156;::ffff:89.160.20.156;::ffff:89.160.20.156;192.168.6.30;</Data><Data Name='Image'>C:\\Program Files (x86)\\Internet Explorer\\iexplore.exe</Data></EventData></Event>",
          "provider": "Microsoft-Windows-Sysmon",
          "type": [
            "connection",
            "protocol",
            "info"
          ]
        },
        "log": {
          "level": "information"
        },
        "network": {
          "protocol": "dns"
        },
        "process": {
          "entity_id": "{fa4a0de6-e8a9-5d2f-0000-001053699900}",
          "executable": "C:\\Program Files (x86)\\Internet Explorer\\iexplore.exe",
          "name": "iexplore.exe",
          "pid": 2736
        },
        "related": {
          "hosts": [
            "beacon-n-ash.lb.krxd.net",
            "beacon-17-537698933.us-east-1.elb.amazonaws.com",
            "beacon.krxd.net"
          ],
          "ip": [
            "89.160.20.156",
            "192.168.6.30"
          ]
        },
        "sysmon": {
          "dns": {
            "status": "SUCCESS"
          }
        },
        "user": {
          "id": "S-1-5-18"
        },
        "winlog": {
          "channel": "Microsoft-Windows-Sysmon/Operational",
          "computer_name": "vagrant-2016",
          "event_id": "22",
          "opcode": "Info",
          "process": {
            "pid": 2828,
            "thread": {
              "id": 1684
            }
          },
          "provider_guid": "{5770385f-c22a-43e0-bf4c-06f5698ffbd9}",
          "provider_name": "Microsoft-Windows-Sysmon",
          "record_id": "139",
          "user": {
            "identifier": "S-1-5-18"
          },
          "version": 5
        }
      }
    },
    {
      "data_stream": "sysmon_operational",
      "package": "windows",
      "source": "test/test-events.json-expected.json",
      "sample_event": {
        "@timestamp": "2019-03-18T16:57:49.218Z",
        "destination": {
          "ip": "89.160.20.156",
          "port": 137
        },
        "ecs": {
          "version": "8.17.0"
        },
        "event": {
          "action": "Network connection",
          "category": [
            "network"
          ],
          "code": "3",
          "created": "2019-03-18T16:57:50.357Z",
          "kind": "event",
          "original": "<Event xmlns='http://schemas.microsoft.com/win/2004/08/events/event'><System><Provider Name='Microsoft-Windows-Sysmon' Guid='{5770385f-c22a-43e0-bf4c-06f5698ffbd9}'/><EventID>3</EventID><Version>5</Version><Level>4</Level><Task>3</Task><Opcode>0</Opcode><Keywords>0x8000000000000000</Keywords><TimeCreated SystemTime='2019-03-18T16:57:50.357238700Z'/><EventRecordID>23</EventRecordID><Correlation/><Execution ProcessID='4860' ThreadID='4492'/><Channel>Microsoft-Windows-Sysmon/Operational</Channel><Computer>vagrant-2012-r2</Computer><Security UserID='S-1-5-18'/></System><EventData><Data Name='RuleName'></Data><Data Name='UtcTime'>2019-03-18 16:57:49.218</Data><Data Name='ProcessGuid'>{42f11c3b-6e19-5c8c-0000-0010eb030000}</Data><Data Name='ProcessId'>4</Data><Data Name='Image'>System</Data><Data Name='User'>NT AUTHORITY\\SYSTEM</Data><Data Name='Protocol'>udp</Data><Data Name='Initiated'>true</Data><Data Name='SourceIsIpv6'>false</Data><Data Name='SourceIp'>10.0.2.15</Data><Data Name='SourceHostname'>vagrant-2012-r2.local.crowbird.com</Data><Data Name='SourcePort'>137</Data><Data Name='SourcePortName'>netbios-ns</Data><Data Name='DestinationIsIpv6'>false</Data><Data Name='DestinationIp'>89.160.20.156</Data><Data Name='DestinationHostname'></Data><Data Name='DestinationPort'>137</Data><Data Name='DestinationPortName'>netbios-ns</Data></EventData></Event>",
          "provider": "Microsoft-Windows-Sysmon",
          "type": [
            "start",
            "connection",
            "protocol"
          ]
        },
        "log": {
          "level": "information"
        },
        "network": {
          "community_id": "1:W+rKY9g2gw/4oKxs1Chg32lzBig=",
          "direction": "egress",
          "protocol": "netbios-ns",
          "transport": "udp",
          "type": "ipv4"
        },
        "process": {
          "entity_id": "{42f11c3b-6e19-5c8c-0000-0010eb030000}",
          "executable": "System",
          "pid": 4
        },
        "related": {
          "ip": [
            "10.0.2.15",
            "89.160.20.156"
          ],
          "user": [
            "SYSTEM"
          ]
        },
        "source": {
          "domain": "vagrant-2012-r2.local.crowbird.com",
          "ip": "10.0.2.15",
          "port": 137
        },
        "user": {
          "domain": "NT AUTHORITY",
          "id": "S-1-5-18",
          "name": "SYSTEM"
        },
        "winlog": {
          "channel": "Microsoft-Windows-Sysmon/Operational",
          "computer_name": "vagrant-2012-r2",
          "event_id": "3",
          "opcode": "Info",
          "process": {
            "pid": 4860,
            "thread": {
              "id": 4492
            }
          },
          "provider_guid": "{5770385f-c22a-43e0-bf4c-06f5698ffbd9}",
          "provider_name": "Microsoft-Windows-Sysmon",
          "record_id": "23",
          "user": {
            "identifier": "S-1-5-18"
          },
          "version": 5
        }
      }
    },
    {
      "data_stream": "sysmon_operational",
      "package": "windows",
      "source": "test/test-events.json-expected.json",
      "sample_event": {
        "@timestamp": "2019-03-18T16:57:52.350Z",
        "ecs": {
          "version": "8.17.0"
        },
        "event": {
          "action": "Process terminated",
          "category": [
            "process"
          ],
          "code": "5",
          "created": "2019-03-18T16:57:52.354Z",
          "kind": "event",
          "original": "<Event xmlns='http://schemas.microsoft.com/win/2004/08/events/event'><System><Provider Name='Microsoft-Windows-Sysmon' Guid='{5770385f-c22a-43e0-bf4c-06f5698ffbd9}'/><EventID>5</EventID><Version>3</Version><Level>4</Level><Task>5</Task><Opcode>0</Opcode><Keywords>0x8000000000000000</Keywords><TimeCreated SystemTime='2019-03-18T16:57:52.354274600Z'/><EventRecordID>24</EventRecordID><Correlation/><Execution ProcessID='4860' ThreadID='4516'/><Channel>Microsoft-Windows-Sysmon/Operational</Channel><Computer>vagrant-2012-r2</Computer><Security UserID='S-1-5-18'/></System><EventData><Data Name='RuleName'></Data><Data Name='UtcTime'>2019-03-18 16:57:52.350</Data><Data Name='ProcessGuid'>{42f11c3b-ccc6-5c8f-0000-001005082900}</Data><Data Name='ProcessId'>4832</Data><Data Name='Image'>C:\\Program Files (x86)\\Google\\Chrome\\Application\\chrome.exe</Data></EventData></Event>",
          "provider": "Microsoft-Windows-Sysmon",
          "type": [
            "end"
          ]
        },
        "log": {
          "level": "information"
        },
        "process": {
          "entity_id": "{42f11c3b-ccc6-5c8f-0000-001005082900}",
          "executable": "C:\\Program Files (x86)\\Google\\Chrome\\Application\\chrome.exe",
          "name": "chrome.exe",
          "pid": 4832
        },
        "user": {
          "id": "S-1-5-18"
        },
        "winlog": {
          "channel": "Microsoft-Windows-Sysmon/Operational",
          "computer_name": "vagrant-2012-r2",
          "event_id": "5",
          "opcode": "Info",
          "process": {
            "pid": 4860,
            "thread": {
              "id": 4516
            }
          },
          "provider_guid": "{5770385f-c22a-43e0-bf4c-06f5698ffbd9}",
          "provider_name": "Microsoft-Windows-Sysmon",
          "record_id": "24",
          "user": {
            "identifier": "S-1-5-18"
          },
          "version": 3
        }
      }
    },
    {
      "data_stream": "sysmon_operational",
      "package": "windows",
      "source": "test/test-events.json-expected.json",
      "sample_event": {
        "@timestamp": "2019-03-18T16:57:52.364Z",
        "ecs": {
          "version": "8.17.0"
        },
        "event": {
          "action": "Process terminated",
          "category": [
            "process"
          ],
          "code": "5",
          "created": "2019-03-18T16:57:52.364Z",
          "kind": "event",
          "original": "<Event xmlns='http://schemas.microsoft.com/win/2004/08/events/event'><System><Provider Name='Microsoft-Windows-Sysmon' Guid='{5770385f-c22a-43e0-bf4c-06f5698ffbd9}'/><EventID>5</EventID><Version>3</Version><Level>4</Level><Task>5</Task><Opcode>0</Opcode><Keywords>0x8000000000000000</Keywords><TimeCreated SystemTime='2019-03-18T16:57:52.364042800Z'/><EventRecordID>25</EventRecordID><Correlation/><Execution ProcessID='4860' ThreadID='4516'/><Channel>Microsoft-Windows-Sysmon/Operational</Channel><Computer>vagrant-2012-r2</Computer><Security UserID='S-1-5-18'/></System><EventData><Data Name='RuleName'></Data><Data Name='UtcTime'>2019-03-18 16:57:52.364</Data><Data Name='ProcessGuid'>{42f11c3b-cccc-5c8f-0000-0010e8272900}</Data><Data Name='ProcessId'>3208</Data><Data Name='Image'>C:\\Program Files (x86)\\Google\\Chrome\\Application\\chrome.exe</Data></EventData></Event>",
          "provider": "Microsoft-Windows-Sysmon",
          "type": [
            "end"
          ]
        },
        "log": {
          "level": "information"
        },
        "process": {
          "entity_id": "{42f11c3b-cccc-5c8f-0000-0010e8272900}",
          "executable": "C:\\Program Files (x86)\\Google\\Chrome\\Application\\chrome.exe",
          "name": "chrome.exe",
          "pid": 3208
        },
        "user": {
          "id": "S-1-5-18"
        },
        "winlog": {
          "channel": "Microsoft-Windows-Sysmon/Operational",
          "computer_name": "vagrant-2012-r2",
          "event_id": "5",
          "opcode": "Info",
          "process": {
            "pid": 4860,
            "thread": {
              "id": 4516
            }
          },
          "provider_guid": "{5770385f-c22a-43e0-bf4c-06f5698ffbd9}",
          "provider_name": "Microsoft-Windows-Sysmon",
          "record_id": "25",
          "user": {
            "identifier": "S-1-5-18"
          },
          "version": 3
        }
      }
    },
    {
      "data_stream": "sysmon_operational",
      "package": "windows",
      "source": "test/test-events.json-expected.json",
      "sample_event": {
        "@timestamp": "2019-03-18T16:57:52.387Z",
        "ecs": {
          "version": "8.17.0"
        },
        "event": {
          "action": "A process changed a file creation time",
          "category": [
            "file"
          ],
          "code": "2",
          "created": "2019-03-18T16:57:52.402Z",
          "kind": "event",
          "original": "<Event xmlns='http://schemas.microsoft.com/win/2004/08/events/event'><System><Provider Name='Microsoft-Windows-Sysmon' Guid='{5770385f-c22a-43e0-bf4c-06f5698ffbd9}'/><EventID>2</EventID><Version>4</Version><Level>4</Level><Task>2</Task><Opcode>0</Opcode><Keywords>0x8000000000000000</Keywords><TimeCreated SystemTime='2019-03-18T16:57:52.402119100Z'/><EventRecordID>26</EventRecordID><Correlation/><Execution ProcessID='4860' ThreadID='4516'/><Channel>Microsoft-Windows-Sysmon/Operational</Channel><Computer>vagrant-2012-r2</Computer><Security UserID='S-1-5-18'/></System><EventData><Data Name='RuleName'></Data><Data Name='UtcTime'>2019-03-18 16:57:52.387</Data><Data Name='ProcessGuid'>{42f11c3b-ccaa-5c8f-0000-0010b4e22700}</Data><Data Name='ProcessId'>1600</Data><Data Name='Image'>C:\\Program Files (x86)\\Google\\Chrome\\Application\\chrome.exe</Data><Data Name='TargetFilename'>C:\\Users\\vagrant\\AppData\\Local\\Google\\Chrome\\User Data\\fe823684-c940-49f2-a940-14b02cbafba9.tmp</Data><Data Name='CreationUtcTime'>2019-03-18 16:52:04.980</Data><Data Name='PreviousCreationUtcTime'>2019-03-18 16:57:52.387</Data></EventData></Event>",
          "provider": "Microsoft-Windows-Sysmon",
          "type": [
            "change"
          ]
        },
        "file": {
          "directory": "C:\\Users\\vagrant\\AppData\\Local\\Google\\Chrome\\User Data",
          "extension": "tmp",
          "name": "fe823684-c940-49f2-a940-14b02cbafba9.tmp",
          "path": "C:\\Users\\vagrant\\AppData\\Local\\Google\\Chrome\\User Data\\fe823684-c940-49f2-a940-14b02cbafba9.tmp"
        },
        "log": {
          "level": "information"
        },
        "process": {
          "entity_id": "{42f11c3b-ccaa-5c8f-0000-0010b4e22700}",
          "executable": "C:\\Program Files (x86)\\Google\\Chrome\\Application\\chrome.exe",
          "name": "chrome.exe",
          "pid": 1600
        },
        "user": {
          "id": "S-1-5-18"
        },
        "winlog": {
          "channel": "Microsoft-Windows-Sysmon/Operational",
          "computer_name": "vagrant-2012-r2",
          "event_data": {
            "CreationUtcTime": "2019-03-18 16:52:04.980",
            "PreviousCreationUtcTime": "2019-03-18 16:57:52.387"
          },
          "event_id": "2",
          "opcode": "Info",
          "process": {
            "pid": 4860,
            "thread": {
              "id": 4516
            }
          },
          "provider_guid": "{5770385f-c22a-43e0-bf4c-06f5698ffbd9}",
          "provider_name": "Microsoft-Windows-Sysmon",
          "record_id": "26",
          "user": {
            "identifier": "S-1-5-18"
          },
          "version": 4
        }
      }
    },
    {
      "data_stream": "sysmon_operational",
      "package": "windows",
      "source": "test/test-events.json-expected.json",
      "sample_event": {
        "@timestamp": "2019-03-18T16:57:52.417Z",
        "ecs": {
          "version": "8.17.0"
        },
        "event": {
          "action": "A process changed a file creation time",
          "category": [
            "file"
          ],
          "code": "2",
          "created": "2019-03-18T16:57:52.417Z",
          "kind": "event",
          "original": "<Event xmlns='http://schemas.microsoft.com/win/2004/08/events/event'><System><Provider Name='Microsoft-Windows-Sysmon' Guid='{5770385f-c22a-43e0-bf4c-06f5698ffbd9}'/><EventID>2</EventID><Version>4</Version><Level>4</Level><Task>2</Task><Opcode>0</Opcode><Keywords>0x8000000000000000</Keywords><TimeCreated SystemTime='2019-03-18T16:57:52.417733000Z'/><EventRecordID>27</EventRecordID><Correlation/><Execution ProcessID='4860' ThreadID='4516'/><Channel>Microsoft-Windows-Sysmon/Operational</Channel><Computer>vagrant-2012-r2</Computer><Security UserID='S-1-5-18'/></System><EventData><Data Name='RuleName'></Data><Data Name='UtcTime'>2019-03-18 16:57:52.417</Data><Data Name='ProcessGuid'>{42f11c3b-ccaa-5c8f-0000-0010b4e22700}</Data><Data Name='ProcessId'>1600</Data><Data Name='Image'>C:\\Program Files (x86)\\Google\\Chrome\\Application\\chrome.exe</Data><Data Name='TargetFilename'>C:\\Users\\vagrant\\AppData\\Local\\Google\\Chrome\\User Data\\162d4140-cfab-4d05-9c92-bca60515a622.tmp</Data><Data Name='CreationUtcTime'>2019-03-18 16:52:04.980</Data><Data Name='PreviousCreationUtcTime'>2019-03-18 16:57:52.402</Data></EventData></Event>",
          "provider": "Microsoft-Windows-Sysmon",
          "type": [
            "change"
          ]
        },
        "file": {
          "directory": "C:\\Users\\vagrant\\AppData\\Local\\Google\\Chrome\\User Data",
          "extension": "tmp",
          "name": "162d4140-cfab-4d05-9c92-bca60515a622.tmp",
          "path": "C:\\Users\\vagrant\\AppData\\Local\\Google\\Chrome\\User Data\\162d4140-cfab-4d05-9c92-bca60515a622.tmp"
        },
        "log": {
          "level": "information"
        },
        "process": {
          "entity_id": "{42f11c3b-ccaa-5c8f-0000-0010b4e22700}",
          "executable": "C:\\Program Files (x86)\\Google\\Chrome\\Application\\chrome.exe",
          "name": "chrome.exe",
          "pid": 1600
        },
        "user": {
          "id": "S-1-5-18"
        },
        "winlog": {
          "channel": "Microsoft-Windows-Sysmon/Operational",
          "computer_name": "vagrant-2012-r2",
          "event_data": {
            "CreationUtcTime": "2019-03-18 16:52:04.980",
            "PreviousCreationUtcTime": "2019-03-18 16:57:52.402"
          },
          "event_id": "2",
          "opcode": "Info",
          "process": {
            "pid": 4860,
            "thread": {
              "id": 4516
            }
          },
          "provider_guid": "{5770385f-c22a-43e0-bf4c-06f5698ffbd9}",
          "provider_name": "Microsoft-Windows-Sysmon",
          "record_id": "27",
          "user": {
            "identifier": "S-1-5-18"
          },
          "version": 4
        }
      }
    },
    {
      "data_stream": "sysmon_operational",
      "package": "windows",
      "source": "test/test-events.json-expected.json",
      "sample_event": {
        "@timestamp": "2019-03-18T16:57:52.417Z",
        "ecs": {
          "version": "8.17.0"
        },
        "event": {
          "action": "A process changed a file creation time",
          "category": [
            "file"
          ],
          "code": "2",
          "created": "2019-03-18T16:57:52.417Z",
          "kind": "event",
          "original": "<Event xmlns='http://schemas.microsoft.com/win/2004/08/events/event'><System><Provider Name='Microsoft-Windows-Sysmon' Guid='{5770385f-c22a-43e0-bf4c-06f5698ffbd9}'/><EventID>2</EventID><Version>4</Version><Level>4</Level><Task>2</Task><Opcode>0</Opcode><Keywords>0x8000000000000000</Keywords><TimeCreated SystemTime='2019-03-18T16:57:52.417733000Z'/><EventRecordID>28</EventRecordID><Correlation/><Execution ProcessID='4860' ThreadID='4516'/><Channel>Microsoft-Windows-Sysmon/Operational</Channel><Computer>vagrant-2012-r2</Computer><Security UserID='S-1-5-18'/></System><EventData><Data Name='RuleName'></Data><Data Name='UtcTime'>2019-03-18 16:57:52.417</Data><Data Name='ProcessGuid'>{42f11c3b-ccaa-5c8f-0000-0010b4e22700}</Data><Data Name='ProcessId'>1600</Data><Data Name='Image'>C:\\Program Files (x86)\\Google\\Chrome\\Application\\chrome.exe</Data><Data Name='TargetFilename'>C:\\Users\\vagrant\\AppData\\Local\\Google\\Chrome\\User Data\\Default\\1450fedf-ac4c-4e35-b371-ed5d3bbe4776.tmp</Data><Data Name='CreationUtcTime'>2019-03-18 16:52:05.028</Data><Data Name='PreviousCreationUtcTime'>2019-03-18 16:57:52.402</Data></EventData></Event>",
          "provider": "Microsoft-Windows-Sysmon",
          "type": [
            "change"
          ]
        },
        "file": {
          "directory": "C:\\Users\\vagrant\\AppData\\Local\\Google\\Chrome\\User Data\\Default",
          "extension": "tmp",
          "name": "1450fedf-ac4c-4e35-b371-ed5d3bbe4776.tmp",
          "path": "C:\\Users\\vagrant\\AppData\\Local\\Google\\Chrome\\User Data\\Default\\1450fedf-ac4c-4e35-b371-ed5d3bbe4776.tmp"
        },
        "log": {
          "level": "information"
        },
        "process": {
          "entity_id": "{42f11c3b-ccaa-5c8f-0000-0010b4e22700}",
          "executable": "C:\\Program Files (x86)\\Google\\Chrome\\Application\\chrome.exe",
          "name": "chrome.exe",
          "pid": 1600
        },
        "user": {
          "id": "S-1-5-18"
        },
        "winlog": {
          "channel": "Microsoft-Windows-Sysmon/Operational",
          "computer_name": "vagrant-2012-r2",
          "event_data": {
            "CreationUtcTime": "2019-03-18 16:52:05.028",
            "PreviousCreationUtcTime": "2019-03-18 16:57:52.402"
          },
          "event_id": "2",
          "opcode": "Info",
          "process": {
            "pid": 4860,
            "thread": {
              "id": 4516
            }
          },
          "provider_guid": "{5770385f-c22a-43e0-bf4c-06f5698ffbd9}",
          "provider_name": "Microsoft-Windows-Sysmon",
          "record_id": "28",
          "user": {
            "identifier": "S-1-5-18"
          },
          "version": 4
        }
      }
    },
    {
      "data_stream": "sysmon_operational",
      "package": "windows",
      "source": "test/test-events.json-expected.json",
      "sample_event": {
        "@timestamp": "2019-03-18T16:57:52.417Z",
        "ecs": {
          "version": "8.17.0"
        },
        "event": {
          "action": "A process changed a file creation time",
          "category": [
            "file"
          ],
          "code": "2",
          "created": "2019-03-18T16:57:52.417Z",
          "kind": "event",
          "original": "<Event xmlns='http://schemas.microsoft.com/win/2004/08/events/event'><System><Provider Name='Microsoft-Windows-Sysmon' Guid='{5770385f-c22a-43e0-bf4c-06f5698ffbd9}'/><EventID>2</EventID><Version>4</Version><Level>4</Level><Task>2</Task><Opcode>0</Opcode><Keywords>0x8000000000000000</Keywords><TimeCreated SystemTime='2019-03-18T16:57:52.417733000Z'/><EventRecordID>29</EventRecordID><Correlation/><Execution ProcessID='4860' ThreadID='4516'/><Channel>Microsoft-Windows-Sysmon/Operational</Channel><Computer>vagrant-2012-r2</Computer><Security UserID='S-1-5-18'/></System><EventData><Data Name='RuleName'></Data><Data Name='UtcTime'>2019-03-18 16:57:52.417</Data><Data Name='ProcessGuid'>{42f11c3b-ccaa-5c8f-0000-0010b4e22700}</Data><Data Name='ProcessId'>1600</Data><Data Name='Image'>C:\\Program Files (x86)\\Google\\Chrome\\Application\\chrome.exe</Data><Data Name='TargetFilename'>C:\\Users\\vagrant\\AppData\\Local\\Google\\Chrome\\User Data\\Default\\37ed32e9-3c5f-4663-8457-c70743e9456d.tmp</Data><Data Name='CreationUtcTime'>2019-03-18 16:51:54.980</Data><Data Name='PreviousCreationUtcTime'>2019-03-18 16:57:52.417</Data></EventData></Event>",
          "provider": "Microsoft-Windows-Sysmon",
          "type": [
            "change"
          ]
        },
        "file": {
          "directory": "C:\\Users\\vagrant\\AppData\\Local\\Google\\Chrome\\User Data\\Default",
          "extension": "tmp",
          "name": "37ed32e9-3c5f-4663-8457-c70743e9456d.tmp",
          "path": "C:\\Users\\vagrant\\AppData\\Local\\Google\\Chrome\\User Data\\Default\\37ed32e9-3c5f-4663-8457-c70743e9456d.tmp"
        },
        "log": {
          "level": "information"
        },
        "process": {
          "entity_id": "{42f11c3b-ccaa-5c8f-0000-0010b4e22700}",
          "executable": "C:\\Program Files (x86)\\Google\\Chrome\\Application\\chrome.exe",
          "name": "chrome.exe",
          "pid": 1600
        },
        "user": {
          "id": "S-1-5-18"
        },
        "winlog": {
          "channel": "Microsoft-Windows-Sysmon/Operational",
          "computer_name": "vagrant-2012-r2",
          "event_data": {
            "CreationUtcTime": "2019-03-18 16:51:54.980",
            "PreviousCreationUtcTime": "2019-03-18 16:57:52.417"
          },
          "event_id": "2",
          "opcode": "Info",
          "process": {
            "pid": 4860,
            "thread": {
              "id": 4516
            }
          },
          "provider_guid": "{5770385f-c22a-43e0-bf4c-06f5698ffbd9}",
          "provider_name": "Microsoft-Windows-Sysmon",
          "record_id": "29",
          "user": {
            "identifier": "S-1-5-18"
          },
          "version": 4
        }
      }
    },
