    {
      "data_stream": "sysmon_operational",
      "package": "windows",
      "source": "test/test-events.json-expected.json",
      "sample_event": {
        "@timestamp": "2019-07-18T03:34:16.482Z",
        "dns": {
          "answers": [
            {
              "data": "89.160.20.156",
              "type": "A"
            },
            {
              "data": "89.160.20.156",
              "type": "A"
            },
            {
              "data": "89.160.20.156",
              "type": "A"
            },
            {
              "data": "89.160.20.156",
              "type": "A"
            },
            {
              "data": "192.168.6.30",
              "type": "A"
            },
            {
              "data": "2a02:cf40:a83e::2:30",
              "type": "AAAA"
            },
            {
              "data": "192.168.14.30",
              "type": "A"
            },
            {
              "data": "2a02:cf40:231d::2:30",
              "type": "AAAA"
            },
            {
              "data": "192.168.92.30",
              "type": "A"
            },
            {
              "data": "2a02:cf40:83eb::30",
              "type": "AAAA"
            },
            {
              "data": "192.168.80.30",
              "type": "A"
            },
            {
              "data": "2a02:cf40:856e::30",
              "type": "AAAA"
            }
          ],
          "question": {
            "name": "syndication.twitter.com",
            "registered_domain": "twitter.com",
            "subdomain": "syndication",
            "top_level_domain": "com"
          },
          "resolved_ip": [
            "89.160.20.156",
            "89.160.20.156",
            "89.160.20.156",
            "89.160.20.156",
            "192.168.6.30",
            "2a02:cf40:a83e::2:30",
            "192.168.14.30",
            "2a02:cf40:231d::2:30",
            "192.168.92.30",
            "2a02:cf40:83eb::30",
            "192.168.80.30",
            "2a02:cf40:856e::30"
          ]
        },
        "ecs": {
          "version": "8.17.0"
        },
        "event": {
          "action": "DNSEvent (DNS query)",
          "category": [
            "network"
          ],
          "code": "22",
          "created": "2019-07-18T03:34:17.272Z",
          "kind": "event",
          "original": "<Event xmlns='http://schemas.microsoft.com/win/2004/08/events/event'><System><Provider Name='Microsoft-Windows-Sysmon' Guid='{5770385f-c22a-43e0-bf4c-06f5698ffbd9}'/><EventID>22</EventID><Version>5</Version><Level>4</Level><Task>22</Task><Opcode>0</Opcode><Keywords>0x8000000000000000</Keywords><TimeCreated SystemTime='2019-07-18T03:34:17.272134300Z'/><EventRecordID>214</EventRecordID><Correlation/><Execution ProcessID='2828' ThreadID='1684'/><Channel>Microsoft-Windows-Sysmon/Operational</Channel><Computer>vagrant-2016</Computer><Security UserID='S-1-5-18'/></System><EventData><Data Name='RuleName'></Data><Data Name='UtcTime'>2019-07-18 03:34:16.482</Data><Data Name='ProcessGuid'>{fa4a0de6-e8a9-5d2f-0000-001053699900}</Data><Data Name='ProcessId'>2736</Data><Data Name='QueryName'>syndication.twitter.com</Data><Data Name='QueryStatus'>0</Data><Data Name='QueryResults'>::ffff:89.160.20.156;::ffff:89.160.20.156;::ffff:89.160.20.156;::ffff:89.160.20.156;192.168.6.30;2a02:cf40:a83e::2:30;192.168.14.30;2a02:cf40:231d::2:30;192.168.92.30;2a02:cf40:83eb::30;192.168.80.30;2a02:cf40:856e::30;</Data><Data Name='Image'>C:\\Program Files (x86)\\Internet Explorer\\iexplore.exe</Data></EventData></Event>",
          "provider": "Microsoft-Windows-Sysmon",
          "type": [
            "connection",
            "protocol",
            "info"
          ]
        },
        "log": {
          "level": "information"
        },
        "network": {
          "protocol": "dns"
        },
        "process": {
          "entity_id": "{fa4a0de6-e8a9-5d2f-0000-001053699900}",
          "executable": "C:\\Program Files (x86)\\Internet Explorer\\iexplore.exe",
          "name": "iexplore.exe",
          "pid": 2736
        },
        "related": {
          "hosts": [
            "syndication.twitter.com"
          ],
          "ip": [
            "89.160.20.156",
            "192.168.6.30",
            "2a02:cf40:a83e::2:30",
            "192.168.14.30",
            "2a02:cf40:231d::2:30",
            "192.168.92.30",
            "2a02:cf40:83eb::30",
            "192.168.80.30",
            "2a02:cf40:856e::30"
          ]
        },
        "sysmon": {
          "dns": {
            "status": "SUCCESS"
          }
        },
        "user": {
          "id": "S-1-5-18"
        },
        "winlog": {
          "channel": "Microsoft-Windows-Sysmon/Operational",
          "computer_name": "vagrant-2016",
          "event_id": "22",
          "opcode": "Info",
          "process": {
            "pid": 2828,
            "thread": {
              "id": 1684
            }
          },
          "provider_guid": "{5770385f-c22a-43e0-bf4c-06f5698ffbd9}",
          "provider_name": "Microsoft-Windows-Sysmon",
          "record_id": "214",
          "user": {
            "identifier": "S-1-5-18"
          },
          "version": 5
        }
      }
    },
    {
      "data_stream": "sysmon_operational",
      "package": "windows",
      "source": "test/test-events.json-expected.json",
      "sample_event": {
        "@timestamp": "2019-07-18T03:34:19.578Z",
        "dns": {
          "answers": [
            {
              "data": "pagead.l.doubleclick.net",
              "type": "CNAME"
            },
            {
              "data": "89.160.20.156",
              "type": "A"
            }
          ],
          "question": {
            "name": "ade.googlesyndication.com",
            "registered_domain": "googlesyndication.com",
            "subdomain": "ade",
            "top_level_domain": "com"
          },
          "resolved_ip": [
            "89.160.20.156"
          ]
        },
        "ecs": {
          "version": "8.17.0"
        },
        "event": {
          "action": "DNSEvent (DNS query)",
          "category": [
            "network"
          ],
          "code": "22",
          "created": "2019-07-18T03:34:21.552Z",
          "kind": "event",
          "original": "<Event xmlns='http://schemas.microsoft.com/win/2004/08/events/event'><System><Provider Name='Microsoft-Windows-Sysmon' Guid='{5770385f-c22a-43e0-bf4c-06f5698ffbd9}'/><EventID>22</EventID><Version>5</Version><Level>4</Level><Task>22</Task><Opcode>0</Opcode><Keywords>0x8000000000000000</Keywords><TimeCreated SystemTime='2019-07-18T03:34:21.552490900Z'/><EventRecordID>215</EventRecordID><Correlation/><Execution ProcessID='2828' ThreadID='1684'/><Channel>Microsoft-Windows-Sysmon/Operational</Channel><Computer>vagrant-2016</Computer><Security UserID='S-1-5-18'/></System><EventData><Data Name='RuleName'></Data><Data Name='UtcTime'>2019-07-18 03:34:19.578</Data><Data Name='ProcessGuid'>{fa4a0de6-e8a9-5d2f-0000-001053699900}</Data><Data Name='ProcessId'>2736</Data><Data Name='QueryName'>ade.googlesyndication.com</Data><Data Name='QueryStatus'>0</Data><Data Name='QueryResults'>type:  5 pagead.l.doubleclick.net;::ffff:89.160.20.156;</Data><Data Name='Image'>C:\\Program Files (x86)\\Internet Explorer\\iexplore.exe</Data></EventData></Event>",
          "provider": "Microsoft-Windows-Sysmon",
          "type": [
            "connection",
            "protocol",
            "info"
          ]
        },
        "log": {
          "level": "information"
        },
        "network": {
          "protocol": "dns"
        },
        "process": {
          "entity_id": "{fa4a0de6-e8a9-5d2f-0000-001053699900}",
          "executable": "C:\\Program Files (x86)\\Internet Explorer\\iexplore.exe",
          "name": "iexplore.exe",
          "pid": 2736
        },
        "related": {
          "hosts": [
            "pagead.l.doubleclick.net",
            "ade.googlesyndication.com"
          ],
          "ip": [
            "89.160.20.156"
          ]
        },
        "sysmon": {
          "dns": {
            "status": "SUCCESS"
          }
        },
        "user": {
          "id": "S-1-5-18"
        },
        "winlog": {
          "channel": "Microsoft-Windows-Sysmon/Operational",
          "computer_name": "vagrant-2016",
          "event_id": "22",
          "opcode": "Info",
          "process": {
            "pid": 2828,
            "thread": {
              "id": 1684
            }
          },
          "provider_guid": "{5770385f-c22a-43e0-bf4c-06f5698ffbd9}",
          "provider_name": "Microsoft-Windows-Sysmon",
          "record_id": "215",
          "user": {
            "identifier": "S-1-5-18"
          },
          "version": 5
        }
      }
    },
    {
      "data_stream": "sysmon_operational",
      "package": "windows",
      "source": "test/test-events.json-expected.json",
      "sample_event": {
        "@timestamp": "2019-07-18T03:34:31.219Z",
        "dns": {
          "answers": [
            {
              "data": "ie9comview.vo.msecnd.net",
              "type": "CNAME"
            },
            {
              "data": "cs9.wpc.v0cdn.net",
              "type": "CNAME"
            },
            {
              "data": "89.160.20.156",
              "type": "A"
            }
          ],
          "question": {
            "name": "iecvlist.microsoft.com",
            "registered_domain": "microsoft.com",
            "subdomain": "iecvlist",
            "top_level_domain": "com"
          },
          "resolved_ip": [
            "89.160.20.156"
          ]
        },
        "ecs": {
          "version": "8.17.0"
        },
        "event": {
          "action": "DNSEvent (DNS query)",
          "category": [
            "network"
          ],
          "code": "22",
          "created": "2019-07-18T03:34:33.148Z",
          "kind": "event",
          "original": "<Event xmlns='http://schemas.microsoft.com/win/2004/08/events/event'><System><Provider Name='Microsoft-Windows-Sysmon' Guid='{5770385f-c22a-43e0-bf4c-06f5698ffbd9}'/><EventID>22</EventID><Version>5</Version><Level>4</Level><Task>22</Task><Opcode>0</Opcode><Keywords>0x8000000000000000</Keywords><TimeCreated SystemTime='2019-07-18T03:34:33.148104300Z'/><EventRecordID>216</EventRecordID><Correlation/><Execution ProcessID='2828' ThreadID='1684'/><Channel>Microsoft-Windows-Sysmon/Operational</Channel><Computer>vagrant-2016</Computer><Security UserID='S-1-5-18'/></System><EventData><Data Name='RuleName'></Data><Data Name='UtcTime'>2019-07-18 03:34:31.219</Data><Data Name='ProcessGuid'>{fa4a0de6-e8a8-5d2f-0000-001094619900}</Data><Data Name='ProcessId'>356</Data><Data Name='QueryName'>iecvlist.microsoft.com</Data><Data Name='QueryStatus'>0</Data><Data Name='QueryResults'>type:  5 ie9comview.vo.msecnd.net;type:  5 cs9.wpc.v0cdn.net;::ffff:89.160.20.156;</Data><Data Name='Image'>C:\\Program Files\\Internet Explorer\\iexplore.exe</Data></EventData></Event>",
          "provider": "Microsoft-Windows-Sysmon",
          "type": [
            "connection",
            "protocol",
            "info"
          ]
        },
        "log": {
          "level": "information"
        },
        "network": {
          "protocol": "dns"
        },
        "process": {
          "entity_id": "{fa4a0de6-e8a8-5d2f-0000-001094619900}",
          "executable": "C:\\Program Files\\Internet Explorer\\iexplore.exe",
          "name": "iexplore.exe",
          "pid": 356
        },
        "related": {
          "hosts": [
            "ie9comview.vo.msecnd.net",
            "cs9.wpc.v0cdn.net",
            "iecvlist.microsoft.com"
          ],
          "ip": [
            "89.160.20.156"
          ]
        },
        "sysmon": {
          "dns": {
            "status": "SUCCESS"
          }
        },
        "user": {
          "id": "S-1-5-18"
        },
        "winlog": {
          "channel": "Microsoft-Windows-Sysmon/Operational",
          "computer_name": "vagrant-2016",
          "event_id": "22",
          "opcode": "Info",
          "process": {
            "pid": 2828,
            "thread": {
              "id": 1684
            }
          },
          "provider_guid": "{5770385f-c22a-43e0-bf4c-06f5698ffbd9}",
          "provider_name": "Microsoft-Windows-Sysmon",
          "record_id": "216",
          "user": {
            "identifier": "S-1-5-18"
          },
          "version": 5
        }
      }
    },
    {
      "data_stream": "sysmon_operational",
      "package": "windows",
      "source": "test/test-events.json-expected.json",
      "sample_event": {
        "@timestamp": "2019-07-18T03:39:02.752Z",
        "dns": {
          "answers": [
            {
              "data": "tsfe.trafficmanager.net",
              "type": "CNAME"
            },
            {
              "data": "89.160.20.156",
              "type": "A"
            }
          ],
          "question": {
            "name": "tsfe.trafficshaping.dsp.mp.microsoft.com",
            "registered_domain": "microsoft.com",
            "subdomain": "tsfe.trafficshaping.dsp.mp",
            "top_level_domain": "com"
          },
          "resolved_ip": [
            "89.160.20.156"
          ]
        },
        "ecs": {
          "version": "8.17.0"
        },
        "event": {
          "action": "DNSEvent (DNS query)",
          "category": [
            "network"
          ],
          "code": "22",
          "created": "2019-07-18T03:39:03.685Z",
          "kind": "event",
          "original": "<Event xmlns='http://schemas.microsoft.com/win/2004/08/events/event'><System><Provider Name='Microsoft-Windows-Sysmon' Guid='{5770385f-c22a-43e0-bf4c-06f5698ffbd9}'/><EventID>22</EventID><Version>5</Version><Level>4</Level><Task>22</Task><Opcode>0</Opcode><Keywords>0x8000000000000000</Keywords><TimeCreated SystemTime='2019-07-18T03:39:03.685690200Z'/><EventRecordID>220</EventRecordID><Correlation/><Execution ProcessID='2828' ThreadID='1684'/><Channel>Microsoft-Windows-Sysmon/Operational</Channel><Computer>vagrant-2016</Computer><Security UserID='S-1-5-18'/></System><EventData><Data Name='RuleName'></Data><Data Name='UtcTime'>2019-07-18 03:39:02.752</Data><Data Name='ProcessGuid'>{fa4a0de6-b1a2-5d2f-0000-00106aca0000}</Data><Data Name='ProcessId'>844</Data><Data Name='QueryName'>tsfe.trafficshaping.dsp.mp.microsoft.com</Data><Data Name='QueryStatus'>0</Data><Data Name='QueryResults'>type:  5 tsfe.trafficmanager.net;::ffff:89.160.20.156;</Data><Data Name='Image'>C:\\Windows\\System32\\svchost.exe</Data></EventData></Event>",
          "provider": "Microsoft-Windows-Sysmon",
          "type": [
            "connection",
            "protocol",
            "info"
          ]
        },
        "log": {
          "level": "information"
        },
        "network": {
          "protocol": "dns"
        },
        "process": {
          "entity_id": "{fa4a0de6-b1a2-5d2f-0000-00106aca0000}",
          "executable": "C:\\Windows\\System32\\svchost.exe",
          "name": "svchost.exe",
          "pid": 844
        },
        "related": {
          "hosts": [
            "tsfe.trafficmanager.net",
            "tsfe.trafficshaping.dsp.mp.microsoft.com"
          ],
          "ip": [
            "89.160.20.156"
          ]
        },
        "sysmon": {
          "dns": {
            "status": "SUCCESS"
          }
        },
        "user": {
          "id": "S-1-5-18"
        },
        "winlog": {
          "channel": "Microsoft-Windows-Sysmon/Operational",
          "computer_name": "vagrant-2016",
          "event_id": "22",
          "opcode": "Info",
          "process": {
            "pid": 2828,
            "thread": {
              "id": 1684
            }
          },
          "provider_guid": "{5770385f-c22a-43e0-bf4c-06f5698ffbd9}",
          "provider_name": "Microsoft-Windows-Sysmon",
          "record_id": "220",
          "user": {
            "identifier": "S-1-5-18"
          },
          "version": 5
        }
      }
    },
    {
      "data_stream": "sysmon_operational",
      "package": "windows",
      "source": "test/test-events.json-expected.json",
      "sample_event": {
        "@timestamp": "2019-07-18T03:39:20.413Z",
        "dns": {
          "question": {
            "name": "isatap.local.crowbird.com",
            "registered_domain": "crowbird.com",
            "subdomain": "isatap.local",
            "top_level_domain": "com"
          }
        },
        "ecs": {
          "version": "8.17.0"
        },
        "event": {
          "action": "DNSEvent (DNS query)",
          "category": [
            "network"
          ],
          "code": "22",
          "created": "2019-07-18T03:39:22.432Z",
          "kind": "event",
          "original": "<Event xmlns='http://schemas.microsoft.com/win/2004/08/events/event'><System><Provider Name='Microsoft-Windows-Sysmon' Guid='{5770385f-c22a-43e0-bf4c-06f5698ffbd9}'/><EventID>22</EventID><Version>5</Version><Level>4</Level><Task>22</Task><Opcode>0</Opcode><Keywords>0x8000000000000000</Keywords><TimeCreated SystemTime='2019-07-18T03:39:22.432153100Z'/><EventRecordID>221</EventRecordID><Correlation/><Execution ProcessID='2828' ThreadID='1684'/><Channel>Microsoft-Windows-Sysmon/Operational</Channel><Computer>vagrant-2016</Computer><Security UserID='S-1-5-18'/></System><EventData><Data Name='RuleName'></Data><Data Name='UtcTime'>2019-07-18 03:39:20.413</Data><Data Name='ProcessGuid'>{fa4a0de6-b1a2-5d2f-0000-00106aca0000}</Data><Data Name='ProcessId'>844</Data><Data Name='QueryName'>isatap.local.crowbird.com</Data><Data Name='QueryStatus'>9003</Data><Data Name='QueryResults'></Data><Data Name='Image'>C:\\Windows\\System32\\svchost.exe</Data></EventData></Event>",
          "provider": "Microsoft-Windows-Sysmon",
          "type": [
            "connection",
            "protocol",
            "info"
          ]
        },
        "log": {
          "level": "information"
        },
        "network": {
          "protocol": "dns"
        },
        "process": {
          "entity_id": "{fa4a0de6-b1a2-5d2f-0000-00106aca0000}",
          "executable": "C:\\Windows\\System32\\svchost.exe",
          "name": "svchost.exe",
          "pid": 844
        },
        "related": {
          "hosts": [
            "isatap.local.crowbird.com"
          ]
        },
        "sysmon": {
          "dns": {
            "status": "DNS_ERROR_RCODE_NAME_ERROR"
          }
        },
        "user": {
          "id": "S-1-5-18"
        },
        "winlog": {
          "channel": "Microsoft-Windows-Sysmon/Operational",
          "computer_name": "vagrant-2016",
          "event_id": "22",
          "opcode": "Info",
          "process": {
            "pid": 2828,
            "thread": {
              "id": 1684
            }
          },
          "provider_guid": "{5770385f-c22a-43e0-bf4c-06f5698ffbd9}",
          "provider_name": "Microsoft-Windows-Sysmon",
          "record_id": "221",
          "user": {
            "identifier": "S-1-5-18"
          },
          "version": 5
        }
      }
    },
    {
      "data_stream": "sysmon_operational",
      "package": "windows",
      "source": "test/test-events.json-expected.json",
      "sample_event": {
        "@timestamp": "2019-07-18T03:39:40.504Z",
        "dns": {
          "question": {
            "name": "puppet"
          }
        },
        "ecs": {
          "version": "8.17.0"
        },
        "event": {
          "action": "DNSEvent (DNS query)",
          "category": [
            "network"
          ],
          "code": "22",
          "created": "2019-07-18T03:39:42.554Z",
          "kind": "event",
          "original": "<Event xmlns='http://schemas.microsoft.com/win/2004/08/events/event'><System><Provider Name='Microsoft-Windows-Sysmon' Guid='{5770385f-c22a-43e0-bf4c-06f5698ffbd9}'/><EventID>22</EventID><Version>5</Version><Level>4</Level><Task>22</Task><Opcode>0</Opcode><Keywords>0x8000000000000000</Keywords><TimeCreated SystemTime='2019-07-18T03:39:42.554539300Z'/><EventRecordID>230</EventRecordID><Correlation/><Execution ProcessID='2828' ThreadID='1684'/><Channel>Microsoft-Windows-Sysmon/Operational</Channel><Computer>vagrant-2016</Computer><Security UserID='S-1-5-18'/></System><EventData><Data Name='RuleName'></Data><Data Name='UtcTime'>2019-07-18 03:39:40.504</Data><Data Name='ProcessGuid'>{fa4a0de6-e9f7-5d2f-0000-001031039c00}</Data><Data Name='ProcessId'>676</Data><Data Name='QueryName'>puppet</Data><Data Name='QueryStatus'>9003</Data><Data Name='QueryResults'></Data><Data Name='Image'>C:\\Program Files\\Puppet Labs\\Puppet\\sys\\ruby\\bin\\ruby.exe</Data></EventData></Event>",
          "provider": "Microsoft-Windows-Sysmon",
          "type": [
            "connection",
            "protocol",
            "info"
          ]
        },
        "log": {
          "level": "information"
        },
        "network": {
          "protocol": "dns"
        },
        "process": {
          "entity_id": "{fa4a0de6-e9f7-5d2f-0000-001031039c00}",
          "executable": "C:\\Program Files\\Puppet Labs\\Puppet\\sys\\ruby\\bin\\ruby.exe",
          "name": "ruby.exe",
          "pid": 676
        },
        "related": {
          "hosts": [
            "puppet"
          ]
        },
        "sysmon": {
          "dns": {
            "status": "DNS_ERROR_RCODE_NAME_ERROR"
          }
        },
        "user": {
          "id": "S-1-5-18"
        },
        "winlog": {
          "channel": "Microsoft-Windows-Sysmon/Operational",
          "computer_name": "vagrant-2016",
          "event_id": "22",
          "opcode": "Info",
          "process": {
            "pid": 2828,
            "thread": {
              "id": 1684
            }
          },
          "provider_guid": "{5770385f-c22a-43e0-bf4c-06f5698ffbd9}",
          "provider_name": "Microsoft-Windows-Sysmon",
          "record_id": "230",
          "user": {
            "identifier": "S-1-5-18"
          },
          "version": 5
        }
      }
    },
    {
      "data_stream": "sysmon_operational",
      "package": "windows",
      "source": "test/test-events.json-expected.json",
      "sample_event": {
        "@timestamp": "2019-07-18T03:40:40.433Z",
        "dns": {
          "question": {
            "name": "wpad"
          }
        },
        "ecs": {
          "version": "8.17.0"
        },
        "event": {
          "action": "DNSEvent (DNS query)",
          "category": [
            "network"
          ],
          "code": "22",
          "created": "2019-07-18T03:40:42.447Z",
          "kind": "event",
          "original": "<Event xmlns='http://schemas.microsoft.com/win/2004/08/events/event'><System><Provider Name='Microsoft-Windows-Sysmon' Guid='{5770385f-c22a-43e0-bf4c-06f5698ffbd9}'/><EventID>22</EventID><Version>5</Version><Level>4</Level><Task>22</Task><Opcode>0</Opcode><Keywords>0x8000000000000000</Keywords><TimeCreated SystemTime='2019-07-18T03:40:42.447293700Z'/><EventRecordID>231</EventRecordID><Correlation/><Execution ProcessID='2828' ThreadID='1684'/><Channel>Microsoft-Windows-Sysmon/Operational</Channel><Computer>vagrant-2016</Computer><Security UserID='S-1-5-18'/></System><EventData><Data Name='RuleName'></Data><Data Name='UtcTime'>2019-07-18 03:40:40.433</Data><Data Name='ProcessGuid'>{fa4a0de6-b1a2-5d2f-0000-001016f70000}</Data><Data Name='ProcessId'>636</Data><Data Name='QueryName'>wpad</Data><Data Name='QueryStatus'>9003</Data><Data Name='QueryResults'></Data><Data Name='Image'>C:\\Windows\\System32\\svchost.exe</Data></EventData></Event>",
          "provider": "Microsoft-Windows-Sysmon",
          "type": [
            "connection",
            "protocol",
            "info"
          ]
        },
        "log": {
          "level": "information"
        },
        "network": {
          "protocol": "dns"
        },
        "process": {
          "entity_id": "{fa4a0de6-b1a2-5d2f-0000-001016f70000}",
          "executable": "C:\\Windows\\System32\\svchost.exe",
          "name": "svchost.exe",
          "pid": 636
        },
        "related": {
          "hosts": [
            "wpad"
          ]
        },
        "sysmon": {
          "dns": {
            "status": "DNS_ERROR_RCODE_NAME_ERROR"
          }
        },
        "user": {
          "id": "S-1-5-18"
        },
        "winlog": {
          "channel": "Microsoft-Windows-Sysmon/Operational",
          "computer_name": "vagrant-2016",
          "event_id": "22",
          "opcode": "Info",
          "process": {
            "pid": 2828,
            "thread": {
              "id": 1684
            }
          },
          "provider_guid": "{5770385f-c22a-43e0-bf4c-06f5698ffbd9}",
          "provider_name": "Microsoft-Windows-Sysmon",
          "record_id": "231",
          "user": {
            "identifier": "S-1-5-18"
          },
          "version": 5
        }
      }
    },
    {
      "data_stream": "sysmon_operational",
      "package": "windows",
      "source": "test/test-events.json-expected.json",
      "sample_event": {
        "@timestamp": "2019-07-18T03:42:54.033Z",
        "dns": {
          "answers": [
            {
              "data": "v10-win.vortex.data.microsoft.com.akadns.net",
              "type": "CNAME"
            },
            {
              "data": "geo.vortex.data.microsoft.com.akadns.net",
              "type": "CNAME"
            },
            {
              "data": "bn2.vortex.data.microsoft.com.akadns.net",
              "type": "CNAME"
            },
            {
              "data": "89.160.20.156",
              "type": "A"
            }
          ],
          "question": {
            "name": "v10.vortex-win.data.microsoft.com",
            "registered_domain": "microsoft.com",
            "subdomain": "v10.vortex-win.data",
            "top_level_domain": "com"
          },
          "resolved_ip": [
            "89.160.20.156"
          ]
        },
        "ecs": {
          "version": "8.17.0"
        },
        "event": {
          "action": "DNSEvent (DNS query)",
          "category": [
            "network"
          ],
          "code": "22",
          "created": "2019-07-18T03:42:55.556Z",
          "kind": "event",
          "original": "<Event xmlns='http://schemas.microsoft.com/win/2004/08/events/event'><System><Provider Name='Microsoft-Windows-Sysmon' Guid='{5770385f-c22a-43e0-bf4c-06f5698ffbd9}'/><EventID>22</EventID><Version>5</Version><Level>4</Level><Task>22</Task><Opcode>0</Opcode><Keywords>0x8000000000000000</Keywords><TimeCreated SystemTime='2019-07-18T03:42:55.556826000Z'/><EventRecordID>232</EventRecordID><Correlation/><Execution ProcessID='2828' ThreadID='1684'/><Channel>Microsoft-Windows-Sysmon/Operational</Channel><Computer>vagrant-2016</Computer><Security UserID='S-1-5-18'/></System><EventData><Data Name='RuleName'></Data><Data Name='UtcTime'>2019-07-18 03:42:54.033</Data><Data Name='ProcessGuid'>{fa4a0de6-b1a3-5d2f-0000-00102f440100}</Data><Data Name='ProcessId'>1788</Data><Data Name='QueryName'>v10.vortex-win.data.microsoft.com</Data><Data Name='QueryStatus'>0</Data><Data Name='QueryResults'>type:  5 v10-win.vortex.data.microsoft.com.akadns.net;type:  5 geo.vortex.data.microsoft.com.akadns.net;type:  5 bn2.vortex.data.microsoft.com.akadns.net;::ffff:89.160.20.156;</Data><Data Name='Image'>C:\\Windows\\System32\\svchost.exe</Data></EventData></Event>",
          "provider": "Microsoft-Windows-Sysmon",
          "type": [
            "connection",
            "protocol",
            "info"
          ]
        },
        "log": {
          "level": "information"
        },
        "network": {
          "protocol": "dns"
        },
        "process": {
          "entity_id": "{fa4a0de6-b1a3-5d2f-0000-00102f440100}",
          "executable": "C:\\Windows\\System32\\svchost.exe",
          "name": "svchost.exe",
          "pid": 1788
        },
        "related": {
          "hosts": [
            "v10-win.vortex.data.microsoft.com.akadns.net",
            "geo.vortex.data.microsoft.com.akadns.net",
            "bn2.vortex.data.microsoft.com.akadns.net",
            "v10.vortex-win.data.microsoft.com"
          ],
          "ip": [
            "89.160.20.156"
          ]
        },
        "sysmon": {
          "dns": {
            "status": "SUCCESS"
          }
        },
        "user": {
          "id": "S-1-5-18"
        },
        "winlog": {
          "channel": "Microsoft-Windows-Sysmon/Operational",
          "computer_name": "vagrant-2016",
          "event_id": "22",
          "opcode": "Info",
          "process": {
            "pid": 2828,
            "thread": {
              "id": 1684
            }
          },
          "provider_guid": "{5770385f-c22a-43e0-bf4c-06f5698ffbd9}",
          "provider_name": "Microsoft-Windows-Sysmon",
          "record_id": "232",
          "user": {
            "identifier": "S-1-5-18"
          },
          "version": 5
        }
      }
    },
    {
      "data_stream": "sysmon_operational",
      "package": "windows",
      "source": "test/test-events.json-expected.json",
      "sample_event": {
        "@timestamp": "2019-07-18T03:43:04.400Z",
        "dns": {
          "answers": [
            {
              "data": "settingsfd-geo.trafficmanager.net",
              "type": "CNAME"
            },
            {
              "data": "89.160.20.156",
              "type": "A"
            }
          ],
          "question": {
            "name": "settings-win.data.microsoft.com",
            "registered_domain": "microsoft.com",
            "subdomain": "settings-win.data",
            "top_level_domain": "com"
          },
          "resolved_ip": [
            "89.160.20.156"
          ]
        },
        "ecs": {
          "version": "8.17.0"
        },
        "event": {
          "action": "DNSEvent (DNS query)",
          "category": [
            "network"
          ],
          "code": "22",
          "created": "2019-07-18T03:43:06.459Z",
          "kind": "event",
          "original": "<Event xmlns='http://schemas.microsoft.com/win/2004/08/events/event'><System><Provider Name='Microsoft-Windows-Sysmon' Guid='{5770385f-c22a-43e0-bf4c-06f5698ffbd9}'/><EventID>22</EventID><Version>5</Version><Level>4</Level><Task>22</Task><Opcode>0</Opcode><Keywords>0x8000000000000000</Keywords><TimeCreated SystemTime='2019-07-18T03:43:06.459986800Z'/><EventRecordID>233</EventRecordID><Correlation/><Execution ProcessID='2828' ThreadID='1684'/><Channel>Microsoft-Windows-Sysmon/Operational</Channel><Computer>vagrant-2016</Computer><Security UserID='S-1-5-18'/></System><EventData><Data Name='RuleName'></Data><Data Name='UtcTime'>2019-07-18 03:43:04.400</Data><Data Name='ProcessGuid'>{fa4a0de6-b1a3-5d2f-0000-00102f440100}</Data><Data Name='ProcessId'>1788</Data><Data Name='QueryName'>settings-win.data.microsoft.com</Data><Data Name='QueryStatus'>0</Data><Data Name='QueryResults'>type:  5 settingsfd-geo.trafficmanager.net;::ffff:89.160.20.156;</Data><Data Name='Image'>C:\\Windows\\System32\\svchost.exe</Data></EventData></Event>",
          "provider": "Microsoft-Windows-Sysmon",
          "type": [
            "connection",
            "protocol",
            "info"
          ]
        },
        "log": {
          "level": "information"
        },
        "network": {
          "protocol": "dns"
        },
        "process": {
          "entity_id": "{fa4a0de6-b1a3-5d2f-0000-00102f440100}",
          "executable": "C:\\Windows\\System32\\svchost.exe",
          "name": "svchost.exe",
          "pid": 1788
        },
        "related": {
          "hosts": [
            "settingsfd-geo.trafficmanager.net",
            "settings-win.data.microsoft.com"
          ],
          "ip": [
            "89.160.20.156"
          ]
        },
        "sysmon": {
          "dns": {
            "status": "SUCCESS"
          }
        },
        "user": {
          "id": "S-1-5-18"
        },
        "winlog": {
          "channel": "Microsoft-Windows-Sysmon/Operational",
          "computer_name": "vagrant-2016",
          "event_id": "22",
          "opcode": "Info",
          "process": {
            "pid": 2828,
            "thread": {
              "id": 1684
            }
          },
          "provider_guid": "{5770385f-c22a-43e0-bf4c-06f5698ffbd9}",
          "provider_name": "Microsoft-Windows-Sysmon",
          "record_id": "233",
          "user": {
            "identifier": "S-1-5-18"
          },
          "version": 5
        }
      }
    },
    {
      "data_stream": "sysmon_operational",
      "package": "windows",
      "source": "test/test-events.json-expected.json",
      "sample_event": {
        "@timestamp": "2020-10-27T20:00:14.320Z",
        "ecs": {
          "version": "8.17.0"
        },
        "event": {
          "action": "Process creation",
          "category": [
            "process"
          ],
          "code": "1",
          "created": "2020-10-27T20:00:14.324Z",
          "kind": "event",
          "original": "<Event xmlns='http://schemas.microsoft.com/win/2004/08/events/event'><System><Provider Name='Microsoft-Windows-Sysmon' Guid='{5770385f-c22a-43e0-bf4c-06f5698ffbd9}'/><EventID>1</EventID><Version>5</Version><Level>4</Level><Task>1</Task><Opcode>0</Opcode><Keywords>0x8000000000000000</Keywords><TimeCreated SystemTime='2020-10-27T20:00:14.324234100Z'/><EventRecordID>20</EventRecordID><Correlation/><Execution ProcessID='7144' ThreadID='6876'/><Channel>Microsoft-Windows-Sysmon/Operational</Channel><Computer>vagrant</Computer><Security UserID='S-1-5-18'/></System><EventData><Data Name='RuleName'>-</Data><Data Name='UtcTime'>2020-10-27 20:00:14.320</Data><Data Name='ProcessGuid'>{9f32b55f-7c4e-5f98-5803-000000000500}</Data><Data Name='ProcessId'>3616</Data><Data Name='Image'>C:\\Windows\\System32\\notepad.exe</Data><Data Name='FileVersion'>10.0.17763.475 (WinBuild.160101.0800)</Data><Data Name='Description'>Notepad</Data><Data Name='Product'>Microsoft« Windows« Operating System</Data><Data Name='Company'>Microsoft Corporation</Data><Data Name='OriginalFileName'>NOTEPAD.EXE</Data><Data Name='CommandLine'>\"C:\\Windows\\system32\\notepad.exe\" </Data><Data Name='CurrentDirectory'>C:\\Users\\vagrant\\</Data><Data Name='User'>VAGRANT\\vagrant</Data><Data Name='LogonGuid'>{9f32b55f-6fdd-5f98-e7c9-020000000000}</Data><Data Name='LogonId'>0x2c9e7</Data><Data Name='TerminalSessionId'>1</Data><Data Name='IntegrityLevel'>Medium</Data><Data Name='Hashes'>SHA1=B6D237154F2E528F0B503B58B025862D66B02B73</Data><Data Name='ParentProcessGuid'>{9f32b55f-6fdf-5f98-7000-000000000500}</Data><Data Name='ParentProcessId'>4212</Data><Data Name='ParentImage'>C:\\Windows\\explorer.exe</Data><Data Name='ParentCommandLine'>C:\\Windows\\Explorer.EXE</Data></EventData></Event>",
          "provider": "Microsoft-Windows-Sysmon",
          "type": [
            "start"
          ]
        },
        "log": {
          "level": "information"
        },
        "process": {
          "args": [
            "C:\\Windows\\system32\\notepad.exe"
          ],
          "args_count": 1,
          "command_line": "\"C:\\Windows\\system32\\notepad.exe\" ",
          "entity_id": "{9f32b55f-7c4e-5f98-5803-000000000500}",
          "executable": "C:\\Windows\\System32\\notepad.exe",
          "hash": {
            "sha1": "b6d237154f2e528f0b503b58b025862d66b02b73"
          },
          "name": "notepad.exe",
          "parent": {
            "args": [
              "C:\\Windows\\Explorer.EXE"
            ],
            "args_count": 1,
            "command_line": "C:\\Windows\\Explorer.EXE",
            "entity_id": "{9f32b55f-6fdf-5f98-7000-000000000500}",
            "executable": "C:\\Windows\\explorer.exe",
            "name": "explorer.exe",
            "pid": 4212
          },
          "pe": {
            "company": "Microsoft Corporation",
            "description": "Notepad",
            "file_version": "10.0.17763.475 (WinBuild.160101.0800)",
            "original_file_name": "NOTEPAD.EXE",
            "product": "Microsoft« Windows« Operating System"
          },
          "pid": 3616,
          "working_directory": "C:\\Users\\vagrant\\"
        },
        "related": {
          "hash": [
            "b6d237154f2e528f0b503b58b025862d66b02b73"
          ],
          "user": [
            "vagrant"
          ]
        },
        "user": {
          "domain": "VAGRANT",
          "id": "S-1-5-18",
          "name": "vagrant"
        },
        "winlog": {
          "channel": "Microsoft-Windows-Sysmon/Operational",
          "computer_name": "vagrant",
          "event_data": {
            "Company": "Microsoft Corporation",
            "Description": "Notepad",
            "FileVersion": "10.0.17763.475 (WinBuild.160101.0800)",
            "IntegrityLevel": "Medium",
            "LogonGuid": "{9f32b55f-6fdd-5f98-e7c9-020000000000}",
            "LogonId": "0x2c9e7",
            "Product": "Microsoft« Windows« Operating System",
            "TerminalSessionId": "1"
          },
          "event_id": "1",
          "opcode": "Info",
          "process": {
            "pid": 7144,
            "thread": {
              "id": 6876
            }
          },
          "provider_guid": "{5770385f-c22a-43e0-bf4c-06f5698ffbd9}",
          "provider_name": "Microsoft-Windows-Sysmon",
          "record_id": "20",
          "user": {
            "identifier": "S-1-5-18"
          },
          "version": 5
        }
      }
    },
    {
      "data_stream": "sysmon_operational",
      "package": "windows",
      "source": "test/test-events.json-expected.json",
      "sample_event": {
        "@timestamp": "2021-02-25T14:43:23.550Z",
        "ecs": {
          "version": "8.17.0"
        },
        "event": {
          "action": "ProcessTampering (Process image change)",
          "category": [
            "process"
          ],
          "code": "25",
          "created": "2021-02-25T14:43:23.551Z",
          "kind": "event",
          "original": "<Event xmlns='http://schemas.microsoft.com/win/2004/08/events/event'><System><Provider Name='Microsoft-Windows-Sysmon' Guid='{5770385f-c22a-43e0-bf4c-06f5698ffbd9}'/><EventID>25</EventID><Version>5</Version><Level>4</Level><Task>25</Task><Opcode>0</Opcode><Keywords>0x8000000000000000</Keywords><TimeCreated SystemTime='2021-02-25T14:43:23.551269400Z'/><EventRecordID>10737797</EventRecordID><Correlation/><Execution ProcessID='3800' ThreadID='5080'/><Channel>Microsoft-Windows-Sysmon/Operational</Channel><Computer>DESKTOP-I9CQVAQ</Computer><Security UserID='S-1-5-18'/></System><EventData><Data Name='RuleName'>-</Data><Data Name='UtcTime'>2021-02-25 14:43:23.550</Data><Data Name='ProcessGuid'>{9497d8d9-b78b-6037-6f13-000000001000}</Data><Data Name='ProcessId'>2628</Data><Data Name='Image'>C:\\Program Files\\Git\\mingw64\\libexec\\git-core\\git.exe</Data><Data Name='Type'>Image is replaced</Data></EventData></Event>",
          "provider": "Microsoft-Windows-Sysmon",
          "type": [
            "change"
          ]
        },
        "host": {
          "name": "DESKTOP-I9CQVAQ"
        },
        "log": {
          "level": "information"
        },
        "message": "Image is replaced",
        "process": {
          "entity_id": "{9497d8d9-b78b-6037-6f13-000000001000}",
          "executable": "C:\\Program Files\\Git\\mingw64\\libexec\\git-core\\git.exe",
          "name": "git.exe",
          "pid": 2628
        },
        "user": {
          "id": "S-1-5-18"
        },
        "winlog": {
          "channel": "Microsoft-Windows-Sysmon/Operational",
          "computer_name": "DESKTOP-I9CQVAQ",
          "event_id": "25",
          "opcode": "Info",
          "process": {
            "pid": 3800,
            "thread": {
              "id": 5080
            }
          },
          "provider_guid": "{5770385f-c22a-43e0-bf4c-06f5698ffbd9}",
          "provider_name": "Microsoft-Windows-Sysmon",
          "record_id": "10737797",
          "user": {
            "identifier": "S-1-5-18"
          },
          "version": 5
        }
      }
    },
    {
      "data_stream": "sysmon_operational",
      "package": "windows",
      "source": "test/test-events.json-expected.json",
      "sample_event": {
        "@timestamp": "2020-05-12T06:48:27.084Z",
        "ecs": {
          "version": "8.17.0"
        },
        "event": {
          "action": "FileDelete (File Delete archived)",
          "category": [
            "file"
          ],
          "code": "23",
          "created": "2020-05-12T06:48:27.084Z",
          "kind": "event",
          "original": "<Event xmlns='http://schemas.microsoft.com/win/2004/08/events/event'><System><Provider Name='Microsoft-Windows-Sysmon' Guid='{5770385f-c22a-43e0-bf4c-06f5698ffbd9}'/><EventID>23</EventID><Version>5</Version><Level>4</Level><Task>23</Task><Opcode>0</Opcode><Keywords>0x8000000000000000</Keywords><TimeCreated SystemTime='2020-05-12T06:48:27.084044200Z'/><EventRecordID>2243</EventRecordID><Correlation/><Execution ProcessID='1188' ThreadID='1600'/><Channel>Microsoft-Windows-Sysmon/Operational</Channel><Computer>vagrant-2012-r2</Computer><Security UserID='S-1-5-18'/></System><EventData><Data Name='RuleName'>-</Data><Data Name='UtcTime'>2020-05-12 06:48:27.084</Data><Data Name='ProcessGuid'>{42f11c3b-4664-5eba-91ae-000000000000}</Data><Data Name='ProcessId'>820</Data><Data Name='User'>NT AUTHORITY\\SYSTEM</Data><Data Name='Image'>C:\\Windows\\system32\\svchost.exe</Data><Data Name='TargetFilename'>C:\\Windows\\System32\\LogFiles\\Scm\\8b34f644-f627-47e7-98e0-957ba1c5eb6d</Data><Data Name='Hashes'>MD5=5A9BDDF83BE530B481F0FD24DB28A6FF,IMPHASH=00000000000000000000000000000000</Data><Data Name='IsExecutable'>false</Data><Data Name='Archived'>true</Data></EventData></Event>",
          "provider": "Microsoft-Windows-Sysmon",
          "type": [
            "deletion"
          ]
        },
        "file": {
          "directory": "C:\\Windows\\System32\\LogFiles\\Scm",
          "name": "8b34f644-f627-47e7-98e0-957ba1c5eb6d",
          "path": "C:\\Windows\\System32\\LogFiles\\Scm\\8b34f644-f627-47e7-98e0-957ba1c5eb6d"
        },
        "log": {
          "level": "information"
        },
        "process": {
          "entity_id": "{42f11c3b-4664-5eba-91ae-000000000000}",
          "executable": "C:\\Windows\\system32\\svchost.exe",
          "hash": {
            "md5": "5a9bddf83be530b481f0fd24db28a6ff"
          },
          "name": "svchost.exe",
          "pid": 820
        },
        "related": {
          "hash": [
            "5a9bddf83be530b481f0fd24db28a6ff"
          ],
          "user": [
            "SYSTEM"
          ]
        },
        "sysmon": {
          "file": {
            "archived": true,
            "is_executable": false
          }
        },
        "user": {
          "domain": "NT AUTHORITY",
          "id": "S-1-5-18",
          "name": "SYSTEM"
        },
        "winlog": {
          "channel": "Microsoft-Windows-Sysmon/Operational",
          "computer_name": "vagrant-2012-r2",
          "event_id": "23",
          "opcode": "Info",
          "process": {
            "pid": 1188,
            "thread": {
              "id": 1600
            }
          },
          "provider_guid": "{5770385f-c22a-43e0-bf4c-06f5698ffbd9}",
          "provider_name": "Microsoft-Windows-Sysmon",
          "record_id": "2243",
          "user": {
            "identifier": "S-1-5-18"
          },
          "version": 5
        }
      }
    },
    {
      "data_stream": "sysmon_operational",
      "package": "windows",
      "source": "test/test-events.json-expected.json",
      "sample_event": {
        "@timestamp": "2020-10-28T02:39:26.374Z",
        "dll": {
          "code_signature": {
            "status": "trusted",
            "subject_name": "Microsoft Windows",
            "trusted": true
          },
          "hash": {
            "md5": "c7c45610f644906e6f7d664ef2e45b08",
            "sha1": "9955a1c071c44a7ceecc0d928a9cfb7f64cc3f93",
            "sha256": "4808f1101f4e42387d8ddb7a355668bae3bf6f781c42d3bcd82e23446b1deb3e"
          },
          "name": "IDStore.dll",
          "path": "C:\\Windows\\System32\\IDStore.dll",
          "pe": {
            "imphash": "194f3797b52231028c718b6d776c6853",
            "original_file_name": "IdStore.dll"
          }
        },
        "ecs": {
          "version": "8.17.0"
        },
        "event": {
          "action": [
            "Image loaded",
            "load"
          ],
          "category": [
            "process",
            "library"
          ],
          "code": "7",
          "created": "2020-10-28T02:39:26.388Z",
          "kind": "event",
          "original": "<Event xmlns='http://schemas.microsoft.com/win/2004/08/events/event'><System><Provider Name='Microsoft-Windows-Sysmon' Guid='{5770385f-c22a-43e0-bf4c-06f5698ffbd9}'/><EventID>7</EventID><Version>3</Version><Level>4</Level><Task>7</Task><Opcode>0</Opcode><Keywords>0x8000000000000000</Keywords><TimeCreated SystemTime='2020-10-28T02:39:26.388325200Z'/><EventRecordID>10685</EventRecordID><Correlation/><Execution ProcessID='1676' ThreadID='4796'/><Channel>Microsoft-Windows-Sysmon/Operational</Channel><Computer>vagrant</Computer><Security UserID='S-1-5-18'/></System><EventData><Data Name='RuleName'>-</Data><Data Name='UtcTime'>2020-10-28 02:39:26.374</Data><Data Name='ProcessGuid'>{9f32b55f-d9de-5f98-f006-000000000600}</Data><Data Name='ProcessId'>5184</Data><Data Name='Image'>C:\\Windows\\System32\\dllhost.exe</Data><Data Name='ImageLoaded'>C:\\Windows\\System32\\IDStore.dll</Data><Data Name='FileVersion'>10.0.17763.1 (WinBuild.160101.0800)</Data><Data Name='Description'>Identity Store</Data><Data Name='Product'>Microsoft« Windows« Operating System</Data><Data Name='Company'>Microsoft Corporation</Data><Data Name='OriginalFileName'>IdStore.dll</Data><Data Name='Hashes'>SHA1=9955A1C071C44A7CEECC0D928A9CFB7F64CC3F93,MD5=C7C45610F644906E6F7D664EF2E45B08,SHA256=4808F1101F4E42387D8DDB7A355668BAE3BF6F781C42D3BCD82E23446B1DEB3E,IMPHASH=194F3797B52231028C718B6D776C6853</Data><Data Name='Signed'>true</Data><Data Name='Signature'>Microsoft Windows</Data><Data Name='SignatureStatus'>Valid</Data></EventData></Event>",
          "provider": "Microsoft-Windows-Sysmon",
          "type": [
            "change",
            "start"
          ]
        },
        "file": {
          "code_signature": {
            "status": "Valid",
            "subject_name": "Microsoft Windows",
            "trusted": true,
            "valid": true
          },
          "directory": "C:\\Windows\\System32",
          "extension": "dll",
          "hash": {
            "md5": "c7c45610f644906e6f7d664ef2e45b08",
            "sha1": "9955a1c071c44a7ceecc0d928a9cfb7f64cc3f93",
            "sha256": "4808f1101f4e42387d8ddb7a355668bae3bf6f781c42d3bcd82e23446b1deb3e"
          },
          "name": "IDStore.dll",
          "path": "C:\\Windows\\System32\\IDStore.dll",
          "pe": {
            "company": "Microsoft Corporation",
            "description": "Identity Store",
            "file_version": "10.0.17763.1 (WinBuild.160101.0800)",
            "imphash": "194f3797b52231028c718b6d776c6853",
            "original_file_name": "IdStore.dll",
            "product": "Microsoft« Windows« Operating System"
          }
        },
        "log": {
          "level": "information"
        },
        "process": {
          "entity_id": "{9f32b55f-d9de-5f98-f006-000000000600}",
          "executable": "C:\\Windows\\System32\\dllhost.exe",
          "name": "dllhost.exe",
          "pid": 5184
        },
        "related": {
          "hash": [
            "4808f1101f4e42387d8ddb7a355668bae3bf6f781c42d3bcd82e23446b1deb3e",
            "9955a1c071c44a7ceecc0d928a9cfb7f64cc3f93",
            "c7c45610f644906e6f7d664ef2e45b08",
            "194f3797b52231028c718b6d776c6853"
          ]
        },
        "user": {
          "id": "S-1-5-18"
        },
        "winlog": {
          "channel": "Microsoft-Windows-Sysmon/Operational",
          "computer_name": "vagrant",
          "event_data": {
            "Company": "Microsoft Corporation",
            "Description": "Identity Store",
            "FileVersion": "10.0.17763.1 (WinBuild.160101.0800)",
            "Product": "Microsoft« Windows« Operating System",
            "Signature": "Microsoft Windows",
            "SignatureStatus": "Valid",
            "Signed": "true"
          },
          "event_id": "7",
          "opcode": "Info",
          "process": {
            "pid": 1676,
            "thread": {
              "id": 4796
            }
          },
          "provider_guid": "{5770385f-c22a-43e0-bf4c-06f5698ffbd9}",
          "provider_name": "Microsoft-Windows-Sysmon",
          "record_id": "10685",
          "user": {
            "identifier": "S-1-5-18"
          },
          "version": 3
        }
      }
    },
