    {
      "data_stream": "sysmon_operational",
      "package": "windows",
      "source": "test/test-events.json",
      "sample_event": {
        "@timestamp": "2021-05-05T15:30:51.699Z",
        "winlog": {
          "computer_name": "vagrant-2016",
          "opcode": "Info",
          "provider_guid": "{5770385f-c22a-43e0-bf4c-06f5698ffbd9}",
          "time_created": "2019-07-18T03:34:03.802Z",
          "user": {
            "identifier": "S-1-5-18"
          },
          "event_data": {
            "UtcTime": "2019-07-18 03:34:03.315",
            "ProcessGuid": "{fa4a0de6-e8a9-5d2f-0000-001053699900}",
            "ProcessId": "2736",
            "QueryName": "tpc.googlesyndication.com",
            "QueryStatus": "9701",
            "Image": "C:\\Program Files (x86)\\Internet Explorer\\iexplore.exe"
          },
          "channel": "Microsoft-Windows-Sysmon/Operational",
          "event_id": "22",
          "version": 5,
          "level": "information",
          "process": {
            "pid": 2828,
            "thread": {
              "id": 1684
            }
          },
          "provider_name": "Microsoft-Windows-Sysmon",
          "record_id": 119
        },
        "log": {
          "level": "information"
        },
        "event": {
          "original": "<Event xmlns='http://schemas.microsoft.com/win/2004/08/events/event'><System><Provider Name='Microsoft-Windows-Sysmon' Guid='{5770385f-c22a-43e0-bf4c-06f5698ffbd9}'/><EventID>22</EventID><Version>5</Version><Level>4</Level><Task>22</Task><Opcode>0</Opcode><Keywords>0x8000000000000000</Keywords><TimeCreated SystemTime='2019-07-18T03:34:03.802678700Z'/><EventRecordID>119</EventRecordID><Correlation/><Execution ProcessID='2828' ThreadID='1684'/><Channel>Microsoft-Windows-Sysmon/Operational</Channel><Computer>vagrant-2016</Computer><Security UserID='S-1-5-18'/></System><EventData><Data Name='RuleName'></Data><Data Name='UtcTime'>2019-07-18 03:34:03.315</Data><Data Name='ProcessGuid'>{fa4a0de6-e8a9-5d2f-0000-001053699900}</Data><Data Name='ProcessId'>2736</Data><Data Name='QueryName'>tpc.googlesyndication.com</Data><Data Name='QueryStatus'>9701</Data><Data Name='QueryResults'></Data><Data Name='Image'>C:\\Program Files (x86)\\Internet Explorer\\iexplore.exe</Data></EventData></Event>",
          "code": "22",
          "kind": "event",
          "provider": "Microsoft-Windows-Sysmon"
        }
      }
    },
    {
      "data_stream": "sysmon_operational",
      "package": "windows",
      "source": "test/test-events.json",
      "sample_event": {
        "@timestamp": "2021-05-05T15:30:51.697Z",
        "log": {
          "level": "information"
        },
        "event": {
          "original": "<Event xmlns='http://schemas.microsoft.com/win/2004/08/events/event'><System><Provider Name='Microsoft-Windows-Sysmon' Guid='{5770385f-c22a-43e0-bf4c-06f5698ffbd9}'/><EventID>5</EventID><Version>3</Version><Level>4</Level><Task>5</Task><Opcode>0</Opcode><Keywords>0x8000000000000000</Keywords><TimeCreated SystemTime='2019-03-18T16:57:38.981137800Z'/><EventRecordID>5</EventRecordID><Correlation/><Execution ProcessID='4860' ThreadID='4516'/><Channel>Microsoft-Windows-Sysmon/Operational</Channel><Computer>vagrant-2012-r2</Computer><Security UserID='S-1-5-18'/></System><EventData><Data Name='RuleName'></Data><Data Name='UtcTime'>2019-03-18 16:57:38.981</Data><Data Name='ProcessGuid'>{42f11c3b-cdf4-5c8f-0000-0010e61e2a00}</Data><Data Name='ProcessId'>4616</Data><Data Name='Image'>C:\\Users\\vagrant\\AppData\\Local\\Temp\\Sysmon.exe</Data></EventData></Event>",
          "kind": "event",
          "provider": "Microsoft-Windows-Sysmon",
          "code": "5"
        },
        "winlog": {
          "provider_name": "Microsoft-Windows-Sysmon",
          "computer_name": "vagrant-2012-r2",
          "provider_guid": "{5770385f-c22a-43e0-bf4c-06f5698ffbd9}",
          "version": 3,
          "level": "information",
          "channel": "Microsoft-Windows-Sysmon/Operational",
          "event_id": "5",
          "record_id": 5,
          "opcode": "Info",
          "time_created": "2019-03-18T16:57:38.981Z",
          "user": {
            "identifier": "S-1-5-18"
          },
          "event_data": {
            "Image": "C:\\Users\\vagrant\\AppData\\Local\\Temp\\Sysmon.exe",
            "UtcTime": "2019-03-18 16:57:38.981",
            "ProcessGuid": "{42f11c3b-cdf4-5c8f-0000-0010e61e2a00}",
            "ProcessId": "4616"
          },
          "process": {
            "pid": 4860,
            "thread": {
              "id": 4516
            }
          }
        }
      }
    },
    {
      "data_stream": "sysmon_operational",
      "package": "windows",
      "source": "test/test-events.json",
      "sample_event": {
        "@timestamp": "2021-05-05T15:30:51.699Z",
        "winlog": {
          "event_id": "22",
          "provider_name": "Microsoft-Windows-Sysmon",
          "record_id": 120,
          "computer_name": "vagrant-2016",
          "opcode": "Info",
          "time_created": "2019-07-18T03:34:03.802Z",
          "event_data": {
            "UtcTime": "2019-07-18 03:34:03.333",
            "ProcessGuid": "{fa4a0de6-e8a9-5d2f-0000-001053699900}",
            "ProcessId": "2736",
            "QueryName": "ocsp.usertrust.com",
            "QueryStatus": "0",
            "QueryResults": "type:  5 t3j2g9x7.stackpathcdn.com;::ffff:89.160.20.156;192.168.6.30;2a02:cf40:a83e::2:30;192.168.14.30;2a02:cf40:231d::2:30;192.168.92.30;2a02:cf40:83eb::30;192.168.80.30;2a02:cf40:856e::30;192.168.94.30;",
            "Image": "C:\\Program Files (x86)\\Internet Explorer\\iexplore.exe"
          },
          "process": {
            "pid": 2828,
            "thread": {
              "id": 1684
            }
          },
          "channel": "Microsoft-Windows-Sysmon/Operational",
          "provider_guid": "{5770385f-c22a-43e0-bf4c-06f5698ffbd9}",
          "version": 5,
          "level": "information",
          "user": {
            "identifier": "S-1-5-18"
          }
        },
        "log": {
          "level": "information"
        },
        "event": {
          "original": "<Event xmlns='http://schemas.microsoft.com/win/2004/08/events/event'><System><Provider Name='Microsoft-Windows-Sysmon' Guid='{5770385f-c22a-43e0-bf4c-06f5698ffbd9}'/><EventID>22</EventID><Version>5</Version><Level>4</Level><Task>22</Task><Opcode>0</Opcode><Keywords>0x8000000000000000</Keywords><TimeCreated SystemTime='2019-07-18T03:34:03.802700200Z'/><EventRecordID>120</EventRecordID><Correlation/><Execution ProcessID='2828' ThreadID='1684'/><Channel>Microsoft-Windows-Sysmon/Operational</Channel><Computer>vagrant-2016</Computer><Security UserID='S-1-5-18'/></System><EventData><Data Name='RuleName'></Data><Data Name='UtcTime'>2019-07-18 03:34:03.333</Data><Data Name='ProcessGuid'>{fa4a0de6-e8a9-5d2f-0000-001053699900}</Data><Data Name='ProcessId'>2736</Data><Data Name='QueryName'>ocsp.usertrust.com</Data><Data Name='QueryStatus'>0</Data><Data Name='QueryResults'>type:  5 t3j2g9x7.stackpathcdn.com;::ffff:89.160.20.156;192.168.6.30;2a02:cf40:a83e::2:30;192.168.14.30;2a02:cf40:231d::2:30;192.168.92.30;2a02:cf40:83eb::30;192.168.80.30;2a02:cf40:856e::30;192.168.94.30;</Data><Data Name='Image'>C:\\Program Files (x86)\\Internet Explorer\\iexplore.exe</Data></EventData></Event>",
          "code": "22",
          "kind": "event",
          "provider": "Microsoft-Windows-Sysmon"
        }
      }
    },
    {
      "data_stream": "sysmon_operational",
      "package": "windows",
      "source": "test/test-events.json",
      "sample_event": {
        "@timestamp": "2021-05-05T15:30:51.699Z",
        "winlog": {
          "channel": "Microsoft-Windows-Sysmon/Operational",
          "computer_name": "vagrant-2016",
          "version": 5,
          "event_data": {
            "QueryStatus": "0",
            "QueryResults": "type:  5 isrg.trustid.ocsp.identrust.com.edgesuite.net;type:  5 a279.dscq.akamai.net;::ffff:89.160.20.156;::ffff:89.160.20.156;",
            "Image": "C:\\Program Files (x86)\\Internet Explorer\\iexplore.exe",
            "UtcTime": "2019-07-18 03:34:03.343",
            "ProcessGuid": "{fa4a0de6-e8a9-5d2f-0000-001053699900}",
            "ProcessId": "2736",
            "QueryName": "isrg.trustid.ocsp.identrust.com"
          },
          "event_id": "22",
          "provider_name": "Microsoft-Windows-Sysmon",
          "record_id": 121,
          "opcode": "Info",
          "provider_guid": "{5770385f-c22a-43e0-bf4c-06f5698ffbd9}",
          "time_created": "2019-07-18T03:34:03.802Z",
          "level": "information",
          "user": {
            "identifier": "S-1-5-18"
          },
          "process": {
            "pid": 2828,
            "thread": {
              "id": 1684
            }
          }
        },
        "log": {
          "level": "information"
        },
        "event": {
          "original": "<Event xmlns='http://schemas.microsoft.com/win/2004/08/events/event'><System><Provider Name='Microsoft-Windows-Sysmon' Guid='{5770385f-c22a-43e0-bf4c-06f5698ffbd9}'/><EventID>22</EventID><Version>5</Version><Level>4</Level><Task>22</Task><Opcode>0</Opcode><Keywords>0x8000000000000000</Keywords><TimeCreated SystemTime='2019-07-18T03:34:03.802715400Z'/><EventRecordID>121</EventRecordID><Correlation/><Execution ProcessID='2828' ThreadID='1684'/><Channel>Microsoft-Windows-Sysmon/Operational</Channel><Computer>vagrant-2016</Computer><Security UserID='S-1-5-18'/></System><EventData><Data Name='RuleName'></Data><Data Name='UtcTime'>2019-07-18 03:34:03.343</Data><Data Name='ProcessGuid'>{fa4a0de6-e8a9-5d2f-0000-001053699900}</Data><Data Name='ProcessId'>2736</Data><Data Name='QueryName'>isrg.trustid.ocsp.identrust.com</Data><Data Name='QueryStatus'>0</Data><Data Name='QueryResults'>type:  5 isrg.trustid.ocsp.identrust.com.edgesuite.net;type:  5 a279.dscq.akamai.net;::ffff:89.160.20.156;::ffff:89.160.20.156;</Data><Data Name='Image'>C:\\Program Files (x86)\\Internet Explorer\\iexplore.exe</Data></EventData></Event>",
          "code": "22",
          "kind": "event",
          "provider": "Microsoft-Windows-Sysmon"
        }
      }
    },
    {
      "data_stream": "sysmon_operational",
      "package": "windows",
      "source": "test/test-events.json",
      "sample_event": {
        "@timestamp": "2021-05-05T15:30:51.699Z",
        "winlog": {
          "event_id": "22",
          "provider_name": "Microsoft-Windows-Sysmon",
          "record_id": 122,
          "provider_guid": "{5770385f-c22a-43e0-bf4c-06f5698ffbd9}",
          "time_created": "2019-07-18T03:34:03.802Z",
          "user": {
            "identifier": "S-1-5-18"
          },
          "process": {
            "pid": 2828,
            "thread": {
              "id": 1684
            }
          },
          "channel": "Microsoft-Windows-Sysmon/Operational",
          "opcode": "Info",
          "version": 5,
          "level": "information",
          "event_data": {
            "QueryStatus": "0",
            "QueryResults": "type:  5 dart.l.doubleclick.net;::ffff:89.160.20.156;",
            "Image": "C:\\Program Files (x86)\\Internet Explorer\\iexplore.exe",
            "UtcTime": "2019-07-18 03:34:03.391",
            "ProcessGuid": "{fa4a0de6-e8a9-5d2f-0000-001053699900}",
            "ProcessId": "2736",
            "QueryName": "ad.doubleclick.net"
          },
          "computer_name": "vagrant-2016"
        },
        "log": {
          "level": "information"
        },
        "event": {
          "original": "<Event xmlns='http://schemas.microsoft.com/win/2004/08/events/event'><System><Provider Name='Microsoft-Windows-Sysmon' Guid='{5770385f-c22a-43e0-bf4c-06f5698ffbd9}'/><EventID>22</EventID><Version>5</Version><Level>4</Level><Task>22</Task><Opcode>0</Opcode><Keywords>0x8000000000000000</Keywords><TimeCreated SystemTime='2019-07-18T03:34:03.802729100Z'/><EventRecordID>122</EventRecordID><Correlation/><Execution ProcessID='2828' ThreadID='1684'/><Channel>Microsoft-Windows-Sysmon/Operational</Channel><Computer>vagrant-2016</Computer><Security UserID='S-1-5-18'/></System><EventData><Data Name='RuleName'></Data><Data Name='UtcTime'>2019-07-18 03:34:03.391</Data><Data Name='ProcessGuid'>{fa4a0de6-e8a9-5d2f-0000-001053699900}</Data><Data Name='ProcessId'>2736</Data><Data Name='QueryName'>ad.doubleclick.net</Data><Data Name='QueryStatus'>0</Data><Data Name='QueryResults'>type:  5 dart.l.doubleclick.net;::ffff:89.160.20.156;</Data><Data Name='Image'>C:\\Program Files (x86)\\Internet Explorer\\iexplore.exe</Data></EventData></Event>",
          "code": "22",
          "kind": "event",
          "provider": "Microsoft-Windows-Sysmon"
        }
      }
    },
    {
      "data_stream": "sysmon_operational",
      "package": "windows",
      "source": "test/test-events.json",
      "sample_event": {
        "@timestamp": "2021-05-05T15:30:51.698Z",
        "log": {
          "level": "information"
        },
        "event": {
          "provider": "Microsoft-Windows-Sysmon",
          "original": "<Event xmlns='http://schemas.microsoft.com/win/2004/08/events/event'><System><Provider Name='Microsoft-Windows-Sysmon' Guid='{5770385f-c22a-43e0-bf4c-06f5698ffbd9}'/><EventID>5</EventID><Version>3</Version><Level>4</Level><Task>5</Task><Opcode>0</Opcode><Keywords>0x8000000000000000</Keywords><TimeCreated SystemTime='2019-03-18T16:57:38.981137800Z'/><EventRecordID>6</EventRecordID><Correlation/><Execution ProcessID='4860' ThreadID='4516'/><Channel>Microsoft-Windows-Sysmon/Operational</Channel><Computer>vagrant-2012-r2</Computer><Security UserID='S-1-5-18'/></System><EventData><Data Name='RuleName'></Data><Data Name='UtcTime'>2019-03-18 16:57:38.981</Data><Data Name='ProcessGuid'>{42f11c3b-cdf4-5c8f-0000-0010071e2a00}</Data><Data Name='ProcessId'>4648</Data><Data Name='Image'>C:\\Users\\vagrant\\Downloads\\Sysmon.exe</Data></EventData></Event>",
          "code": "5",
          "kind": "event"
        },
        "winlog": {
          "user": {
            "identifier": "S-1-5-18"
          },
          "provider_name": "Microsoft-Windows-Sysmon",
          "record_id": 6,
          "computer_name": "vagrant-2012-r2",
          "opcode": "Info",
          "time_created": "2019-03-18T16:57:38.981Z",
          "event_data": {
            "ProcessGuid": "{42f11c3b-cdf4-5c8f-0000-0010071e2a00}",
            "ProcessId": "4648",
            "Image": "C:\\Users\\vagrant\\Downloads\\Sysmon.exe",
            "UtcTime": "2019-03-18 16:57:38.981"
          },
          "process": {
            "pid": 4860,
            "thread": {
              "id": 4516
            }
          },
          "channel": "Microsoft-Windows-Sysmon/Operational",
          "event_id": "5",
          "provider_guid": "{5770385f-c22a-43e0-bf4c-06f5698ffbd9}",
          "version": 3,
          "level": "information"
        }
      }
    },
    {
      "data_stream": "sysmon_operational",
      "package": "windows",
      "source": "test/test-events.json",
      "sample_event": {
        "@timestamp": "2021-05-05T15:30:51.700Z",
        "winlog": {
          "computer_name": "vagrant-2016",
          "opcode": "Info",
          "version": 5,
          "user": {
            "identifier": "S-1-5-18"
          },
          "event_data": {
            "UtcTime": "2019-07-18 03:34:03.393",
            "ProcessGuid": "{fa4a0de6-e8a9-5d2f-0000-001053699900}",
            "ProcessId": "2736",
            "QueryName": "ocsp.sectigo.com",
            "QueryStatus": "0",
            "QueryResults": "type:  5 t3j2g9x7.stackpathcdn.com;::ffff:89.160.20.156;192.168.6.30;2a02:cf40:a83e::2:30;192.168.14.30;2a02:cf40:231d::2:30;192.168.92.30;2a02:cf40:83eb::30;192.168.80.30;2a02:cf40:856e::30;192.168.94.30;",
            "Image": "C:\\Program Files (x86)\\Internet Explorer\\iexplore.exe"
          },
          "level": "information",
          "process": {
            "pid": 2828,
            "thread": {
              "id": 1684
            }
          },
          "channel": "Microsoft-Windows-Sysmon/Operational",
          "event_id": "22",
          "provider_name": "Microsoft-Windows-Sysmon",
          "record_id": 123,
          "provider_guid": "{5770385f-c22a-43e0-bf4c-06f5698ffbd9}",
          "time_created": "2019-07-18T03:34:03.802Z"
        },
        "log": {
          "level": "information"
        },
        "event": {
          "provider": "Microsoft-Windows-Sysmon",
          "original": "<Event xmlns='http://schemas.microsoft.com/win/2004/08/events/event'><System><Provider Name='Microsoft-Windows-Sysmon' Guid='{5770385f-c22a-43e0-bf4c-06f5698ffbd9}'/><EventID>22</EventID><Version>5</Version><Level>4</Level><Task>22</Task><Opcode>0</Opcode><Keywords>0x8000000000000000</Keywords><TimeCreated SystemTime='2019-07-18T03:34:03.802739000Z'/><EventRecordID>123</EventRecordID><Correlation/><Execution ProcessID='2828' ThreadID='1684'/><Channel>Microsoft-Windows-Sysmon/Operational</Channel><Computer>vagrant-2016</Computer><Security UserID='S-1-5-18'/></System><EventData><Data Name='RuleName'></Data><Data Name='UtcTime'>2019-07-18 03:34:03.393</Data><Data Name='ProcessGuid'>{fa4a0de6-e8a9-5d2f-0000-001053699900}</Data><Data Name='ProcessId'>2736</Data><Data Name='QueryName'>ocsp.sectigo.com</Data><Data Name='QueryStatus'>0</Data><Data Name='QueryResults'>type:  5 t3j2g9x7.stackpathcdn.com;::ffff:89.160.20.156;192.168.6.30;2a02:cf40:a83e::2:30;192.168.14.30;2a02:cf40:231d::2:30;192.168.92.30;2a02:cf40:83eb::30;192.168.80.30;2a02:cf40:856e::30;192.168.94.30;</Data><Data Name='Image'>C:\\Program Files (x86)\\Internet Explorer\\iexplore.exe</Data></EventData></Event>",
          "code": "22",
          "kind": "event"
        }
      }
    },
    {
      "data_stream": "sysmon_operational",
      "package": "windows",
      "source": "test/test-events.json",
      "sample_event": {
        "@timestamp": "2021-05-05T15:30:51.698Z",
        "log": {
          "level": "information"
        },
        "event": {
          "code": "1",
          "kind": "event",
          "provider": "Microsoft-Windows-Sysmon",
          "original": "<Event xmlns='http://schemas.microsoft.com/win/2004/08/events/event'><System><Provider Name='Microsoft-Windows-Sysmon' Guid='{5770385f-c22a-43e0-bf4c-06f5698ffbd9}'/><EventID>1</EventID><Version>5</Version><Level>4</Level><Task>1</Task><Opcode>0</Opcode><Keywords>0x8000000000000000</Keywords><TimeCreated SystemTime='2019-03-18T16:57:39.012744700Z'/><EventRecordID>7</EventRecordID><Correlation/><Execution ProcessID='4860' ThreadID='4516'/><Channel>Microsoft-Windows-Sysmon/Operational</Channel><Computer>vagrant-2012-r2</Computer><Security UserID='S-1-5-18'/></System><EventData><Data Name='RuleName'></Data><Data Name='UtcTime'>2019-03-18 16:57:39.012</Data><Data Name='ProcessGuid'>{42f11c3b-ce03-5c8f-0000-0010e9462a00}</Data><Data Name='ProcessId'>4508</Data><Data Name='Image'>C:\\Windows\\System32\\wbem\\WmiPrvSE.exe</Data><Data Name='FileVersion'>6.3.9600.16384 (winblue_rtm.130821-1623)</Data><Data Name='Description'>WMI Provider Host</Data><Data Name='Product'>Microsoft« Windows« Operating System</Data><Data Name='Company'>Microsoft Corporation</Data><Data Name='CommandLine'>C:\\Windows\\system32\\wbem\\wmiprvse.exe -Embedding</Data><Data Name='CurrentDirectory'>C:\\Windows\\system32\\</Data><Data Name='User'>NT AUTHORITY\\SYSTEM</Data><Data Name='LogonGuid'>{42f11c3b-6e1a-5c8c-0000-0020e7030000}</Data><Data Name='LogonId'>0x3e7</Data><Data Name='TerminalSessionId'>0</Data><Data Name='IntegrityLevel'>System</Data><Data Name='Hashes'>SHA1=5A4C0E82FF95C9FB762D46A696EF9F1B68001C21</Data><Data Name='ParentProcessGuid'>{42f11c3b-6e1b-5c8c-0000-00102f610000}</Data><Data Name='ParentProcessId'>560</Data><Data Name='ParentImage'>C:\\Windows\\System32\\svchost.exe</Data><Data Name='ParentCommandLine'>C:\\Windows\\system32\\svchost.exe -k DcomLaunch</Data></EventData></Event>"
        },
        "winlog": {
          "provider_name": "Microsoft-Windows-Sysmon",
          "computer_name": "vagrant-2012-r2",
          "opcode": "Info",
          "version": 5,
          "level": "information",
          "user": {
            "identifier": "S-1-5-18"
          },
          "channel": "Microsoft-Windows-Sysmon/Operational",
          "event_id": "1",
          "process": {
            "pid": 4860,
            "thread": {
              "id": 4516
            }
          },
          "time_created": "2019-03-18T16:57:39.012Z",
          "event_data": {
            "Product": "Microsoft« Windows« Operating System",
            "Company": "Microsoft Corporation",
            "CurrentDirectory": "C:\\Windows\\system32\\",
            "ParentProcessId": "560",
            "ParentCommandLine": "C:\\Windows\\system32\\svchost.exe -k DcomLaunch",
            "ProcessId": "4508",
            "Description": "WMI Provider Host",
            "Image": "C:\\Windows\\System32\\wbem\\WmiPrvSE.exe",
            "FileVersion": "6.3.9600.16384 (winblue_rtm.130821-1623)",
            "User": "NT AUTHORITY\\SYSTEM",
            "LogonGuid": "{42f11c3b-6e1a-5c8c-0000-0020e7030000}",
            "TerminalSessionId": "0",
            "IntegrityLevel": "System",
            "UtcTime": "2019-03-18 16:57:39.012",
            "ProcessGuid": "{42f11c3b-ce03-5c8f-0000-0010e9462a00}",
            "ParentImage": "C:\\Windows\\System32\\svchost.exe",
            "Hashes": "SHA1=5A4C0E82FF95C9FB762D46A696EF9F1B68001C21",
            "ParentProcessGuid": "{42f11c3b-6e1b-5c8c-0000-00102f610000}",
            "CommandLine": "C:\\Windows\\system32\\wbem\\wmiprvse.exe -Embedding",
            "LogonId": "0x3e7"
          },
          "record_id": 7,
          "provider_guid": "{5770385f-c22a-43e0-bf4c-06f5698ffbd9}"
        }
      }
    },
    {
      "data_stream": "sysmon_operational",
      "package": "windows",
      "source": "test/test-events.json",
      "sample_event": {
        "@timestamp": "2021-05-05T15:30:51.699Z",
        "winlog": {
          "event_id": "3",
          "provider_name": "Microsoft-Windows-Sysmon",
          "computer_name": "vagrant-2012-r2",
          "version": 5,
          "time_created": "2019-03-18T16:57:49.089Z",
          "user": {
            "identifier": "S-1-5-18"
          },
          "event_data": {
            "DestinationPort": "53",
            "ProcessGuid": "{42f11c3b-0bad-5c8c-0000-0010dfbc0000}",
            "User": "NT AUTHORITY\\NETWORK SERVICE",
            "SourceIsIpv6": "true",
            "SourceIp": "2a02:cf40:add:4002:91f2:a9b2:e09a:6fc6",
            "DestinationPortName": "domain",
            "DestinationIsIpv6": "true",
            "UtcTime": "2019-03-18 16:57:47.847",
            "ProcessId": "924",
            "Initiated": "true",
            "SourcePort": "62141",
            "Image": "C:\\Windows\\System32\\svchost.exe",
            "Protocol": "udp",
            "DestinationIp": "2a02:cf40:add:4002:91f2:a9b2:e09a:6fc6"
          },
          "channel": "Microsoft-Windows-Sysmon/Operational",
          "opcode": "Info",
          "provider_guid": "{5770385f-c22a-43e0-bf4c-06f5698ffbd9}",
          "level": "information",
          "process": {
            "pid": 4860,
            "thread": {
              "id": 4492
            }
          },
          "record_id": 8
        },
        "event": {
          "provider": "Microsoft-Windows-Sysmon",
          "original": "<Event xmlns='http://schemas.microsoft.com/win/2004/08/events/event'><System><Provider Name='Microsoft-Windows-Sysmon' Guid='{5770385f-c22a-43e0-bf4c-06f5698ffbd9}'/><EventID>3</EventID><Version>5</Version><Level>4</Level><Task>3</Task><Opcode>0</Opcode><Keywords>0x8000000000000000</Keywords><TimeCreated SystemTime='2019-03-18T16:57:49.089723100Z'/><EventRecordID>8</EventRecordID><Correlation/><Execution ProcessID='4860' ThreadID='4492'/><Channel>Microsoft-Windows-Sysmon/Operational</Channel><Computer>vagrant-2012-r2</Computer><Security UserID='S-1-5-18'/></System><EventData><Data Name='RuleName'></Data><Data Name='UtcTime'>2019-03-18 16:57:47.847</Data><Data Name='ProcessGuid'>{42f11c3b-0bad-5c8c-0000-0010dfbc0000}</Data><Data Name='ProcessId'>924</Data><Data Name='Image'>C:\\Windows\\System32\\svchost.exe</Data><Data Name='User'>NT AUTHORITY\\NETWORK SERVICE</Data><Data Name='Protocol'>udp</Data><Data Name='Initiated'>true</Data><Data Name='SourceIsIpv6'>true</Data><Data Name='SourceIp'>2a02:cf40:add:4002:91f2:a9b2:e09a:6fc6</Data><Data Name='SourceHostname'></Data><Data Name='SourcePort'>62141</Data><Data Name='SourcePortName'></Data><Data Name='DestinationIsIpv6'>true</Data><Data Name='DestinationIp'>2a02:cf40:add:4002:91f2:a9b2:e09a:6fc6</Data><Data Name='DestinationHostname'></Data><Data Name='DestinationPort'>53</Data><Data Name='DestinationPortName'>domain</Data></EventData></Event>",
          "code": "3",
          "kind": "event"
        },
        "log": {
          "level": "information"
        }
      }
    },
    {
      "data_stream": "sysmon_operational",
      "package": "windows",
      "source": "test/test-events.json",
      "sample_event": {
        "@timestamp": "2021-05-05T15:30:51.700Z",
        "log": {
          "level": "information"
        },
        "event": {
          "kind": "event",
          "original": "<Event xmlns='http://schemas.microsoft.com/win/2004/08/events/event'><System><Provider Name='Microsoft-Windows-Sysmon' Guid='{5770385f-c22a-43e0-bf4c-06f5698ffbd9}'/><EventID>3</EventID><Version>5</Version><Level>4</Level><Task>3</Task><Opcode>0</Opcode><Keywords>0x8000000000000000</Keywords><TimeCreated SystemTime='2019-03-18T16:57:49.089723100Z'/><EventRecordID>9</EventRecordID><Correlation/><Execution ProcessID='4860' ThreadID='4492'/><Channel>Microsoft-Windows-Sysmon/Operational</Channel><Computer>vagrant-2012-r2</Computer><Security UserID='S-1-5-18'/></System><EventData><Data Name='RuleName'></Data><Data Name='UtcTime'>2019-03-18 16:57:48.070</Data><Data Name='ProcessGuid'>{42f11c3b-0bad-5c8c-0000-0010dfbc0000}</Data><Data Name='ProcessId'>924</Data><Data Name='Image'>C:\\Windows\\System32\\svchost.exe</Data><Data Name='User'>NT AUTHORITY\\NETWORK SERVICE</Data><Data Name='Protocol'>udp</Data><Data Name='Initiated'>false</Data><Data Name='SourceIsIpv6'>false</Data><Data Name='SourceIp'>10.0.2.15</Data><Data Name='SourceHostname'>vagrant-2012-r2.local.crowbird.com</Data><Data Name='SourcePort'>62141</Data><Data Name='SourcePortName'></Data><Data Name='DestinationIsIpv6'>false</Data><Data Name='DestinationIp'>10.0.2.3</Data><Data Name='DestinationHostname'></Data><Data Name='DestinationPort'>53</Data><Data Name='DestinationPortName'>domain</Data></EventData></Event>",
          "provider": "Microsoft-Windows-Sysmon",
          "code": "3"
        },
        "winlog": {
          "channel": "Microsoft-Windows-Sysmon/Operational",
          "event_id": "3",
          "provider_name": "Microsoft-Windows-Sysmon",
          "opcode": "Info",
          "time_created": "2019-03-18T16:57:49.089Z",
          "user": {
            "identifier": "S-1-5-18"
          },
          "event_data": {
            "ProcessGuid": "{42f11c3b-0bad-5c8c-0000-0010dfbc0000}",
            "ProcessId": "924",
            "Protocol": "udp",
            "DestinationPortName": "domain",
            "UtcTime": "2019-03-18 16:57:48.070",
            "SourceIsIpv6": "false",
            "SourceHostname": "vagrant-2012-r2.local.crowbird.com",
            "SourcePort": "62141",
            "DestinationIp": "10.0.2.3",
            "DestinationPort": "53",
            "Image": "C:\\Windows\\System32\\svchost.exe",
            "User": "NT AUTHORITY\\NETWORK SERVICE",
            "Initiated": "false",
            "SourceIp": "10.0.2.15",
            "DestinationIsIpv6": "false"
          },
          "record_id": 9,
          "computer_name": "vagrant-2012-r2",
          "provider_guid": "{5770385f-c22a-43e0-bf4c-06f5698ffbd9}",
          "version": 5,
          "level": "information",
          "process": {
            "pid": 4860,
            "thread": {
              "id": 4492
            }
          }
        }
      }
    },
    {
      "data_stream": "sysmon_operational",
      "package": "windows",
      "source": "test/test-events.json",
      "sample_event": {
        "@timestamp": "2021-05-05T15:30:51.700Z",
        "event": {
          "provider": "Microsoft-Windows-Sysmon",
          "original": "<Event xmlns='http://schemas.microsoft.com/win/2004/08/events/event'><System><Provider Name='Microsoft-Windows-Sysmon' Guid='{5770385f-c22a-43e0-bf4c-06f5698ffbd9}'/><EventID>3</EventID><Version>5</Version><Level>4</Level><Task>3</Task><Opcode>0</Opcode><Keywords>0x8000000000000000</Keywords><TimeCreated SystemTime='2019-03-18T16:57:49.340580700Z'/><EventRecordID>10</EventRecordID><Correlation/><Execution ProcessID='4860' ThreadID='4492'/><Channel>Microsoft-Windows-Sysmon/Operational</Channel><Computer>vagrant-2012-r2</Computer><Security UserID='S-1-5-18'/></System><EventData><Data Name='RuleName'></Data><Data Name='UtcTime'>2019-03-18 16:57:48.148</Data><Data Name='ProcessGuid'>{42f11c3b-ccaa-5c8f-0000-0010b4e22700}</Data><Data Name='ProcessId'>1600</Data><Data Name='Image'>C:\\Program Files (x86)\\Google\\Chrome\\Application\\chrome.exe</Data><Data Name='User'>VAGRANT-2012-R2\\vagrant</Data><Data Name='Protocol'>tcp</Data><Data Name='Initiated'>true</Data><Data Name='SourceIsIpv6'>false</Data><Data Name='SourceIp'>10.0.2.15</Data><Data Name='SourceHostname'>vagrant-2012-r2.local.crowbird.com</Data><Data Name='SourcePort'>1138</Data><Data Name='SourcePortName'></Data><Data Name='DestinationIsIpv6'>false</Data><Data Name='DestinationIp'>89.160.20.156</Data><Data Name='DestinationHostname'></Data><Data Name='DestinationPort'>443</Data><Data Name='DestinationPortName'>https</Data></EventData></Event>",
          "code": "3",
          "kind": "event"
        },
        "winlog": {
          "provider_name": "Microsoft-Windows-Sysmon",
          "version": 5,
          "time_created": "2019-03-18T16:57:49.340Z",
          "level": "information",
          "opcode": "Info",
          "provider_guid": "{5770385f-c22a-43e0-bf4c-06f5698ffbd9}",
          "user": {
            "identifier": "S-1-5-18"
          },
          "event_data": {
            "SourceIsIpv6": "false",
            "DestinationIsIpv6": "false",
            "DestinationPort": "443",
            "DestinationPortName": "https",
            "User": "VAGRANT-2012-R2\\vagrant",
            "Protocol": "tcp",
            "SourceIp": "10.0.2.15",
            "SourcePort": "1138",
            "UtcTime": "2019-03-18 16:57:48.148",
            "ProcessGuid": "{42f11c3b-ccaa-5c8f-0000-0010b4e22700}",
            "ProcessId": "1600",
            "Image": "C:\\Program Files (x86)\\Google\\Chrome\\Application\\chrome.exe",
            "Initiated": "true",
            "DestinationIp": "89.160.20.156",
            "SourceHostname": "vagrant-2012-r2.local.crowbird.com"
          },
          "channel": "Microsoft-Windows-Sysmon/Operational",
          "event_id": "3",
          "record_id": 10,
          "computer_name": "vagrant-2012-r2",
          "process": {
            "pid": 4860,
            "thread": {
              "id": 4492
            }
          }
        },
        "log": {
          "level": "information"
        }
      }
    },
    {
      "data_stream": "sysmon_operational",
      "package": "windows",
      "source": "test/test-events.json",
      "sample_event": {
        "@timestamp": "2021-05-05T15:30:51.700Z",
        "log": {
          "level": "information"
        },
        "event": {
          "provider": "Microsoft-Windows-Sysmon",
          "original": "<Event xmlns='http://schemas.microsoft.com/win/2004/08/events/event'><System><Provider Name='Microsoft-Windows-Sysmon' Guid='{5770385f-c22a-43e0-bf4c-06f5698ffbd9}'/><EventID>3</EventID><Version>5</Version><Level>4</Level><Task>3</Task><Opcode>0</Opcode><Keywords>0x8000000000000000</Keywords><TimeCreated SystemTime='2019-03-18T16:57:49.340580700Z'/><EventRecordID>11</EventRecordID><Correlation/><Execution ProcessID='4860' ThreadID='4492'/><Channel>Microsoft-Windows-Sysmon/Operational</Channel><Computer>vagrant-2012-r2</Computer><Security UserID='S-1-5-18'/></System><EventData><Data Name='RuleName'></Data><Data Name='UtcTime'>2019-03-18 16:57:48.214</Data><Data Name='ProcessGuid'>{42f11c3b-ccaa-5c8f-0000-0010b4e22700}</Data><Data Name='ProcessId'>1600</Data><Data Name='Image'>C:\\Program Files (x86)\\Google\\Chrome\\Application\\chrome.exe</Data><Data Name='User'>VAGRANT-2012-R2\\vagrant</Data><Data Name='Protocol'>tcp</Data><Data Name='Initiated'>true</Data><Data Name='SourceIsIpv6'>false</Data><Data Name='SourceIp'>10.0.2.15</Data><Data Name='SourceHostname'>vagrant-2012-r2.local.crowbird.com</Data><Data Name='SourcePort'>1139</Data><Data Name='SourcePortName'></Data><Data Name='DestinationIsIpv6'>false</Data><Data Name='DestinationIp'>89.160.20.156</Data><Data Name='DestinationHostname'></Data><Data Name='DestinationPort'>443</Data><Data Name='DestinationPortName'>https</Data></EventData></Event>",
          "code": "3",
          "kind": "event"
        },
        "winlog": {
          "channel": "Microsoft-Windows-Sysmon/Operational",
          "event_id": "3",
          "computer_name": "vagrant-2012-r2",
          "version": 5,
          "time_created": "2019-03-18T16:57:49.340Z",
          "process": {
            "pid": 4860,
            "thread": {
              "id": 4492
            }
          },
          "provider_name": "Microsoft-Windows-Sysmon",
          "record_id": 11,
          "opcode": "Info",
          "provider_guid": "{5770385f-c22a-43e0-bf4c-06f5698ffbd9}",
          "level": "information",
          "user": {
            "identifier": "S-1-5-18"
          },
          "event_data": {
            "Protocol": "tcp",
            "DestinationIsIpv6": "false",
            "SourceIp": "10.0.2.15",
            "SourceHostname": "vagrant-2012-r2.local.crowbird.com",
            "ProcessId": "1600",
            "User": "VAGRANT-2012-R2\\vagrant",
            "Initiated": "true",
            "DestinationPortName": "https",
            "Image": "C:\\Program Files (x86)\\Google\\Chrome\\Application\\chrome.exe",
            "SourceIsIpv6": "false",
            "SourcePort": "1139",
            "DestinationIp": "89.160.20.156",
            "DestinationPort": "443",
            "UtcTime": "2019-03-18 16:57:48.214",
            "ProcessGuid": "{42f11c3b-ccaa-5c8f-0000-0010b4e22700}"
          }
        }
      }
    },
    {
      "data_stream": "sysmon_operational",
      "package": "windows",
      "source": "test/test-events.json",
      "sample_event": {
        "@timestamp": "2021-05-05T15:30:51.700Z",
        "winlog": {
          "event_id": "22",
          "version": 5,
          "channel": "Microsoft-Windows-Sysmon/Operational",
          "provider_name": "Microsoft-Windows-Sysmon",
          "record_id": 124,
          "computer_name": "vagrant-2016",
          "opcode": "Info",
          "provider_guid": "{5770385f-c22a-43e0-bf4c-06f5698ffbd9}",
          "time_created": "2019-07-18T03:34:03.802Z",
          "level": "information",
          "user": {
            "identifier": "S-1-5-18"
          },
          "event_data": {
            "QueryName": "ocsp.int-x3.letsencrypt.org",
            "QueryStatus": "0",
            "QueryResults": "type:  5 ocsp.int-x3.letsencrypt.org.edgesuite.net;type:  5 a771.dscq.akamai.net;::ffff:89.160.20.156;::ffff:89.160.20.156;",
            "Image": "C:\\Program Files (x86)\\Internet Explorer\\iexplore.exe",
            "UtcTime": "2019-07-18 03:34:03.468",
            "ProcessGuid": "{fa4a0de6-e8a9-5d2f-0000-001053699900}",
            "ProcessId": "2736"
          },
          "process": {
            "pid": 2828,
            "thread": {
              "id": 1684
            }
          }
        },
        "log": {
          "level": "information"
        },
        "event": {
          "original": "<Event xmlns='http://schemas.microsoft.com/win/2004/08/events/event'><System><Provider Name='Microsoft-Windows-Sysmon' Guid='{5770385f-c22a-43e0-bf4c-06f5698ffbd9}'/><EventID>22</EventID><Version>5</Version><Level>4</Level><Task>22</Task><Opcode>0</Opcode><Keywords>0x8000000000000000</Keywords><TimeCreated SystemTime='2019-07-18T03:34:03.802753800Z'/><EventRecordID>124</EventRecordID><Correlation/><Execution ProcessID='2828' ThreadID='1684'/><Channel>Microsoft-Windows-Sysmon/Operational</Channel><Computer>vagrant-2016</Computer><Security UserID='S-1-5-18'/></System><EventData><Data Name='RuleName'></Data><Data Name='UtcTime'>2019-07-18 03:34:03.468</Data><Data Name='ProcessGuid'>{fa4a0de6-e8a9-5d2f-0000-001053699900}</Data><Data Name='ProcessId'>2736</Data><Data Name='QueryName'>ocsp.int-x3.letsencrypt.org</Data><Data Name='QueryStatus'>0</Data><Data Name='QueryResults'>type:  5 ocsp.int-x3.letsencrypt.org.edgesuite.net;type:  5 a771.dscq.akamai.net;::ffff:89.160.20.156;::ffff:89.160.20.156;</Data><Data Name='Image'>C:\\Program Files (x86)\\Internet Explorer\\iexplore.exe</Data></EventData></Event>",
          "code": "22",
          "kind": "event",
          "provider": "Microsoft-Windows-Sysmon"
        }
      }
    },
    {
      "data_stream": "sysmon_operational",
      "package": "windows",
      "source": "test/test-events.json",
      "sample_event": {
        "@timestamp": "2021-05-05T15:30:51.700Z",
        "log": {
          "level": "information"
        },
        "event": {
          "provider": "Microsoft-Windows-Sysmon",
          "original": "<Event xmlns='http://schemas.microsoft.com/win/2004/08/events/event'><System><Provider Name='Microsoft-Windows-Sysmon' Guid='{5770385f-c22a-43e0-bf4c-06f5698ffbd9}'/><EventID>22</EventID><Version>5</Version><Level>4</Level><Task>22</Task><Opcode>0</Opcode><Keywords>0x8000000000000000</Keywords><TimeCreated SystemTime='2019-07-18T03:34:03.802768300Z'/><EventRecordID>125</EventRecordID><Correlation/><Execution ProcessID='2828' ThreadID='1684'/><Channel>Microsoft-Windows-Sysmon/Operational</Channel><Computer>vagrant-2016</Computer><Security UserID='S-1-5-18'/></System><EventData><Data Name='RuleName'></Data><Data Name='UtcTime'>2019-07-18 03:34:03.581</Data><Data Name='ProcessGuid'>{fa4a0de6-e8a9-5d2f-0000-001053699900}</Data><Data Name='ProcessId'>2736</Data><Data Name='QueryName'>ocsp.pki.goog</Data><Data Name='QueryStatus'>0</Data><Data Name='QueryResults'>type:  5 pki-goog.l.google.com;::ffff:89.160.20.156;192.168.6.30;2a02:cf40:a83e::2:30;192.168.14.30;2a02:cf40:231d::2:30;192.168.92.30;2a02:cf40:83eb::30;192.168.80.30;2a02:cf40:856e::30;192.168.94.30;</Data><Data Name='Image'>C:\\Program Files (x86)\\Internet Explorer\\iexplore.exe</Data></EventData></Event>",
          "code": "22",
          "kind": "event"
        },
        "winlog": {
          "channel": "Microsoft-Windows-Sysmon/Operational",
          "computer_name": "vagrant-2016",
          "provider_guid": "{5770385f-c22a-43e0-bf4c-06f5698ffbd9}",
          "time_created": "2019-07-18T03:34:03.802Z",
          "user": {
            "identifier": "S-1-5-18"
          },
          "process": {
            "thread": {
              "id": 1684
            },
            "pid": 2828
          },
          "event_data": {
            "ProcessGuid": "{fa4a0de6-e8a9-5d2f-0000-001053699900}",
            "ProcessId": "2736",
            "QueryName": "ocsp.pki.goog",
            "QueryStatus": "0",
            "QueryResults": "type:  5 pki-goog.l.google.com;::ffff:89.160.20.156;192.168.6.30;2a02:cf40:a83e::2:30;192.168.14.30;2a02:cf40:231d::2:30;192.168.92.30;2a02:cf40:83eb::30;192.168.80.30;2a02:cf40:856e::30;192.168.94.30;",
            "Image": "C:\\Program Files (x86)\\Internet Explorer\\iexplore.exe",
            "UtcTime": "2019-07-18 03:34:03.581"
          },
          "event_id": "22",
          "provider_name": "Microsoft-Windows-Sysmon",
          "record_id": 125,
          "opcode": "Info",
          "version": 5,
          "level": "information"
        }
      }
    },
    {
      "data_stream": "sysmon_operational",
      "package": "windows",
      "source": "test/test-events.json",
      "sample_event": {
        "@timestamp": "2021-05-05T15:30:51.700Z",
        "winlog": {
          "opcode": "Info",
          "version": 5,
          "time_created": "2019-03-18T16:57:49.340Z",
          "level": "information",
          "event_id": "3",
          "provider_name": "Microsoft-Windows-Sysmon",
          "computer_name": "vagrant-2012-r2",
          "provider_guid": "{5770385f-c22a-43e0-bf4c-06f5698ffbd9}",
          "user": {
            "identifier": "S-1-5-18"
          },
          "event_data": {
            "ProcessId": "4",
            "Image": "System",
            "DestinationPortName": "netbios-ns",
            "SourceIsIpv6": "false",
            "DestinationIp": "10.0.2.255",
            "ProcessGuid": "{42f11c3b-6e19-5c8c-0000-0010eb030000}",
            "Initiated": "true",
            "SourceIp": "10.0.2.15",
            "SourcePortName": "netbios-ns",
            "DestinationPort": "137",
            "DestinationIsIpv6": "false",
            "UtcTime": "2019-03-18 16:57:48.250",
            "User": "NT AUTHORITY\\SYSTEM",
            "Protocol": "udp",
            "SourceHostname": "vagrant-2012-r2.local.crowbird.com",
            "SourcePort": "137"
          },
          "process": {
            "pid": 4860,
            "thread": {
              "id": 4492
            }
          },
          "channel": "Microsoft-Windows-Sysmon/Operational",
          "record_id": 12
        },
        "log": {
          "level": "information"
        },
        "event": {
          "original": "<Event xmlns='http://schemas.microsoft.com/win/2004/08/events/event'><System><Provider Name='Microsoft-Windows-Sysmon' Guid='{5770385f-c22a-43e0-bf4c-06f5698ffbd9}'/><EventID>3</EventID><Version>5</Version><Level>4</Level><Task>3</Task><Opcode>0</Opcode><Keywords>0x8000000000000000</Keywords><TimeCreated SystemTime='2019-03-18T16:57:49.340580700Z'/><EventRecordID>12</EventRecordID><Correlation/><Execution ProcessID='4860' ThreadID='4492'/><Channel>Microsoft-Windows-Sysmon/Operational</Channel><Computer>vagrant-2012-r2</Computer><Security UserID='S-1-5-18'/></System><EventData><Data Name='RuleName'></Data><Data Name='UtcTime'>2019-03-18 16:57:48.250</Data><Data Name='ProcessGuid'>{42f11c3b-6e19-5c8c-0000-0010eb030000}</Data><Data Name='ProcessId'>4</Data><Data Name='Image'>System</Data><Data Name='User'>NT AUTHORITY\\SYSTEM</Data><Data Name='Protocol'>udp</Data><Data Name='Initiated'>true</Data><Data Name='SourceIsIpv6'>false</Data><Data Name='SourceIp'>10.0.2.15</Data><Data Name='SourceHostname'>vagrant-2012-r2.local.crowbird.com</Data><Data Name='SourcePort'>137</Data><Data Name='SourcePortName'>netbios-ns</Data><Data Name='DestinationIsIpv6'>false</Data><Data Name='DestinationIp'>10.0.2.255</Data><Data Name='DestinationHostname'></Data><Data Name='DestinationPort'>137</Data><Data Name='DestinationPortName'>netbios-ns</Data></EventData></Event>",
          "code": "3",
          "kind": "event",
          "provider": "Microsoft-Windows-Sysmon"
        }
      }
    },
    {
      "data_stream": "sysmon_operational",
      "package": "windows",
      "source": "test/test-events.json",
      "sample_event": {
        "@timestamp": "2021-05-05T15:30:51.700Z",
        "winlog": {
          "user": {
            "identifier": "S-1-5-18"
          },
          "record_id": 126,
          "provider_guid": "{5770385f-c22a-43e0-bf4c-06f5698ffbd9}",
          "version": 5,
          "time_created": "2019-07-18T03:34:04.029Z",
          "level": "information",
          "event_data": {
            "ProcessId": "2736",
            "QueryName": "googleads4.g.doubleclick.net",
            "QueryStatus": "0",
            "QueryResults": "type:  5 pagead.l.doubleclick.net;::ffff:89.160.20.156;",
            "Image": "C:\\Program Files (x86)\\Internet Explorer\\iexplore.exe",
            "UtcTime": "2019-07-18 03:34:03.872",
            "ProcessGuid": "{fa4a0de6-e8a9-5d2f-0000-001053699900}"
          },
          "process": {
            "pid": 2828,
            "thread": {
              "id": 1684
            }
          },
          "channel": "Microsoft-Windows-Sysmon/Operational",
          "event_id": "22",
          "provider_name": "Microsoft-Windows-Sysmon",
          "computer_name": "vagrant-2016",
          "opcode": "Info"
        },
        "log": {
          "level": "information"
        },
        "event": {
          "original": "<Event xmlns='http://schemas.microsoft.com/win/2004/08/events/event'><System><Provider Name='Microsoft-Windows-Sysmon' Guid='{5770385f-c22a-43e0-bf4c-06f5698ffbd9}'/><EventID>22</EventID><Version>5</Version><Level>4</Level><Task>22</Task><Opcode>0</Opcode><Keywords>0x8000000000000000</Keywords><TimeCreated SystemTime='2019-07-18T03:34:04.029828800Z'/><EventRecordID>126</EventRecordID><Correlation/><Execution ProcessID='2828' ThreadID='1684'/><Channel>Microsoft-Windows-Sysmon/Operational</Channel><Computer>vagrant-2016</Computer><Security UserID='S-1-5-18'/></System><EventData><Data Name='RuleName'></Data><Data Name='UtcTime'>2019-07-18 03:34:03.872</Data><Data Name='ProcessGuid'>{fa4a0de6-e8a9-5d2f-0000-001053699900}</Data><Data Name='ProcessId'>2736</Data><Data Name='QueryName'>googleads4.g.doubleclick.net</Data><Data Name='QueryStatus'>0</Data><Data Name='QueryResults'>type:  5 pagead.l.doubleclick.net;::ffff:89.160.20.156;</Data><Data Name='Image'>C:\\Program Files (x86)\\Internet Explorer\\iexplore.exe</Data></EventData></Event>",
          "code": "22",
          "kind": "event",
          "provider": "Microsoft-Windows-Sysmon"
        }
      }
    },
    {
      "data_stream": "sysmon_operational",
      "package": "windows",
      "source": "test/test-events.json",
      "sample_event": {
        "@timestamp": "2021-05-05T15:30:51.701Z",
        "log": {
          "level": "information"
        },
        "event": {
          "code": "3",
          "original": "<Event xmlns='http://schemas.microsoft.com/win/2004/08/events/event'><System><Provider Name='Microsoft-Windows-Sysmon' Guid='{5770385f-c22a-43e0-bf4c-06f5698ffbd9}'/><EventID>3</EventID><Version>5</Version><Level>4</Level><Task>3</Task><Opcode>0</Opcode><Keywords>0x8000000000000000</Keywords><TimeCreated SystemTime='2019-03-18T16:57:49.340580700Z'/><EventRecordID>13</EventRecordID><Correlation/><Execution ProcessID='4860' ThreadID='4492'/><Channel>Microsoft-Windows-Sysmon/Operational</Channel><Computer>vagrant-2012-r2</Computer><Security UserID='S-1-5-18'/></System><EventData><Data Name='RuleName'></Data><Data Name='UtcTime'>2019-03-18 16:57:48.250</Data><Data Name='ProcessGuid'>{42f11c3b-6e19-5c8c-0000-0010eb030000}</Data><Data Name='ProcessId'>4</Data><Data Name='Image'>System</Data><Data Name='User'>NT AUTHORITY\\SYSTEM</Data><Data Name='Protocol'>udp</Data><Data Name='Initiated'>false</Data><Data Name='SourceIsIpv6'>false</Data><Data Name='SourceIp'>10.0.2.255</Data><Data Name='SourceHostname'></Data><Data Name='SourcePort'>137</Data><Data Name='SourcePortName'>netbios-ns</Data><Data Name='DestinationIsIpv6'>false</Data><Data Name='DestinationIp'>10.0.2.15</Data><Data Name='DestinationHostname'>vagrant-2012-r2.local.crowbird.com</Data><Data Name='DestinationPort'>137</Data><Data Name='DestinationPortName'>netbios-ns</Data></EventData></Event>",
          "kind": "event",
          "provider": "Microsoft-Windows-Sysmon"
        },
        "winlog": {
          "user": {
            "identifier": "S-1-5-18"
          },
          "process": {
            "pid": 4860,
            "thread": {
              "id": 4492
            }
          },
          "provider_name": "Microsoft-Windows-Sysmon",
          "record_id": 13,
          "computer_name": "vagrant-2012-r2",
          "level": "information",
          "version": 5,
          "time_created": "2019-03-18T16:57:49.340Z",
          "event_data": {
            "ProcessId": "4",
            "Image": "System",
            "Protocol": "udp",
            "DestinationHostname": "vagrant-2012-r2.local.crowbird.com",
            "DestinationPortName": "netbios-ns",
            "UtcTime": "2019-03-18 16:57:48.250",
            "SourceIsIpv6": "false",
            "SourceIp": "10.0.2.255",
            "DestinationIp": "10.0.2.15",
            "User": "NT AUTHORITY\\SYSTEM",
            "Initiated": "false",
            "DestinationPort": "137",
            "ProcessGuid": "{42f11c3b-6e19-5c8c-0000-0010eb030000}",
            "SourcePort": "137",
            "SourcePortName": "netbios-ns",
            "DestinationIsIpv6": "false"
          },
          "channel": "Microsoft-Windows-Sysmon/Operational",
          "event_id": "3",
          "opcode": "Info",
          "provider_guid": "{5770385f-c22a-43e0-bf4c-06f5698ffbd9}"
        },
        "agent": {
          "id": "f0224db8-40a9-4f00-b117-333ddd1bc45b",
          "name": "mbp.local",
          "type": "filebeat",
          "version": "8.0.0",
          "ephemeral_id": "bdc6a4f9-ab87-41e0-a64e-bbcecdf73c6c"
        }
      }
    },
