    {
      "data_stream": "windows_defender",
      "package": "windows",
      "source": "test/test-events-windows-defender-events.json-expected.json",
      "sample_event": {
        "@timestamp": "2024-06-21T01:21:15.131Z",
        "ecs": {
          "version": "8.17.0"
        },
        "event": {
          "action": "malware-detected",
          "category": [
            "malware"
          ],
          "code": "1116",
          "kind": "event",
          "outcome": "success",
          "provider": "Microsoft-Windows-Windows Defender",
          "reference": "https://go.microsoft.com/fwlink/?linkid=37020&name=Virus:DOS/EICAR_Test_File&threatid=2147519003&enterprise=1",
          "type": [
            "info"
          ]
        },
        "file": {
          "extension": "inf.exe",
          "name": "autorun.inf.exe",
          "path": "D:\\autorun.inf\\autorun.inf.exe"
        },
        "host": {
          "name": "el33t-b00k-1"
        },
        "log": {
          "level": "Warning"
        },
        "message": "Microsoft Defender Antivirus has detected malware or other potentially unwanted software.\r\n For more information please see the following:\r\nhttps://go.microsoft.com/fwlink/?linkid=37020&name=Virus:DOS/EICAR_Test_File&threatid=2147519003&enterprise=0\r\n \tName: Virus:DOS/EICAR_Test_File\r\n \tID: 2147519003\r\n \tSeverity: Severe\r\n \tCategory: Virus\r\n \tPath: file:_C:\\Users\\topsy\\OneDrive\\Desktop\\eat_more_yams.exe\r\n \tDetection Origin: Local machine\r\n \tDetection Type: Concrete\r\n \tDetection Source: Real-Time Protection\r\n \tUser: el33t-b00k-1\\topsy\r\n \tProcess Name: C:\\Users\\topsy\\AppData\\Local\\Microsoft\\OneDrive\\OneDrive.exe\r\n \tSecurity intelligence Version: AV: 1.413.419.0, AS: 1.413.419.0, NIS: 1.413.419.0\r\n \tEngine Version: AM: 1.1.24050.5, NIS: 1.1.24050.5",
        "user": {
          "domain": "NT AUTHORITY",
          "name": "SYSTEM"
        },
        "windows_defender": {
          "evidence_paths": [
            "D:\\autorun.inf\\autorun.inf.exe",
            "D:\\autorun.inf\\Protection for Autorun\\Protection for Autorun.exe",
            "D:\\test\\.exe"
          ]
        },
        "winlog": {
          "activity_id": "5f4a9fb7-8bb9-4d46-a5af-b880cefca3c1",
          "channel": "Microsoft-Windows-Windows Defender/Operational",
          "computer_name": "el33t-b00k-1",
          "event_data": {
            "Action_ID": "9",
            "Action_Name": "Not Applicable",
            "Additional_Actions_ID": "0",
            "Additional_Actions_String": "No additional actions required",
            "Category_ID": "42",
            "Category_Name": "Virus",
            "Detection_ID": "{21A294A2-FE84-4DE0-B1D0-47D6DCD4DA9A}",
            "Detection_Time": "2024-09-26T16:04:49.772Z",
            "Detection_User": "NT AUTHORITY\\SYSTEM",
            "Engine_Version": "AM: 1.1.24080.9, NIS: 1.1.24080.9",
            "Error_Code": "0x00000000",
            "Error_Description": "The operation completed successfully. ",
            "Execution_ID": "1",
            "Execution_Name": "Suspended",
            "FWLink": "https://go.microsoft.com/fwlink/?linkid=37020&name=Virus:DOS/EICAR_Test_File&threatid=2147519003&enterprise=1",
            "Origin_ID": "1",
            "Origin_Name": "Local machine",
            "Path": "file:_D:\\autorun.inf\\autorun.inf.exe; file:_D:\\autorun.inf\\Protection for Autorun\\Protection for Autorun.exe; file:_D:\\test\\.exe",
            "Post_Clean_Status": "0",
            "Pre_Execution_Status": "0",
            "Product_Name": "Microsoft Defender Antivirus",
            "Product_Version": "4.18.24080.9",
            "Security_intelligence_Version": "AV: 1.419.183.0, AS: 1.419.183.0, NIS: 1.419.183.0",
            "Severity_ID": "5",
            "Severity_Name": "Severe",
            "Source_ID": "2",
            "Source_Name": "System",
            "State": "1",
            "Status_Code": "1",
            "Threat_ID": "2147519003",
            "Threat_Name": "Virus:DOS/EICAR_Test_File",
            "Type_ID": "0",
            "Type_Name": "Concrete"
          },
          "event_id": "1116",
          "level": "Warning",
          "opcode": "Info",
          "process": {
            "pid": 7676,
            "thread": {
              "id": 29468
            }
          },
          "provider_guid": "11cd958a-c507-4ef3-b3f2-5fd9dfbd2c78",
          "provider_name": "Microsoft-Windows-Windows Defender",
          "record_id": "5646",
          "time_created": "2024-06-21T01:21:15.1310609Z",
          "user": {
            "identifier": "S-1-5-18",
            "name": "Topsy"
          },
          "version": 0
        }
      }
    },
    {
      "data_stream": "windows_defender",
      "package": "windows",
      "source": "test/test-events-windows-defender-events.json-expected.json",
      "sample_event": {
        "@timestamp": "2024-06-21T01:21:15.131Z",
        "ecs": {
          "version": "8.17.0"
        },
        "event": {
          "action": "malware-detected",
          "category": [
            "malware"
          ],
          "code": "1116",
          "kind": "event",
          "outcome": "success",
          "provider": "Microsoft-Windows-Windows Defender",
          "reference": "https://go.microsoft.com/fwlink/?linkid=37020&name=Virus:DOS/EICAR_Test_File&threatid=2147519003&enterprise=1",
          "type": [
            "info"
          ]
        },
        "file": {
          "extension": "exe",
          "name": "eat_more_yams.exe",
          "path": "C:\\Users\\Topsy\\Desktop\\eat_more_yams.exe"
        },
        "host": {
          "name": "el33t-b00k-1"
        },
        "log": {
          "level": "Warning"
        },
        "message": "Microsoft Defender Antivirus has detected malware or other potentially unwanted software.\r\n For more information please see the following:\r\nhttps://go.microsoft.com/fwlink/?linkid=37020&name=Virus:DOS/EICAR_Test_File&threatid=2147519003&enterprise=0\r\n \tName: Virus:DOS/EICAR_Test_File\r\n \tID: 2147519003\r\n \tSeverity: Severe\r\n \tCategory: Virus\r\n \tPath: file:_C:\\Users\\topsy\\OneDrive\\Desktop\\eat_more_yams.exe\r\n \tDetection Origin: Local machine\r\n \tDetection Type: Concrete\r\n \tDetection Source: Real-Time Protection\r\n \tUser: el33t-b00k-1\\topsy\r\n \tProcess Name: C:\\Users\\topsy\\AppData\\Local\\Microsoft\\OneDrive\\OneDrive.exe\r\n \tSecurity intelligence Version: AV: 1.413.419.0, AS: 1.413.419.0, NIS: 1.413.419.0\r\n \tEngine Version: AM: 1.1.24050.5, NIS: 1.1.24050.5",
        "user": {
          "domain": "NT AUTHORITY",
          "name": "SYSTEM"
        },
        "windows_defender": {
          "evidence_paths": [
            "C:\\Users\\Topsy\\Desktop\\eat_more_yams.exe"
          ]
        },
        "winlog": {
          "activity_id": "5f4a9fb7-8bb9-4d46-a5af-b880cefca3c1",
          "channel": "Microsoft-Windows-Windows Defender/Operational",
          "computer_name": "el33t-b00k-1",
          "event_data": {
            "Action_ID": "9",
            "Action_Name": "Not Applicable",
            "Additional_Actions_ID": "0",
            "Additional_Actions_String": "No additional actions required",
            "Category_ID": "42",
            "Category_Name": "Virus",
            "Detection_ID": "{21A294A2-FE84-4DE0-B1D0-47D6DCD4DA9A}",
            "Detection_Time": "2024-09-26T16:04:49.772Z",
            "Detection_User": "NT AUTHORITY\\SYSTEM",
            "Engine_Version": "AM: 1.1.24080.9, NIS: 1.1.24080.9",
            "Error_Code": "0x00000000",
            "Error_Description": "The operation completed successfully. ",
            "Execution_ID": "1",
            "Execution_Name": "Suspended",
            "FWLink": "https://go.microsoft.com/fwlink/?linkid=37020&name=Virus:DOS/EICAR_Test_File&threatid=2147519003&enterprise=1",
            "Origin_ID": "1",
            "Origin_Name": "Local machine",
            "Path": "file:_C:\\Users\\Topsy\\Desktop\\eat_more_yams.exe",
            "Post_Clean_Status": "0",
            "Pre_Execution_Status": "0",
            "Product_Name": "Microsoft Defender Antivirus",
            "Product_Version": "4.18.24080.9",
            "Security_intelligence_Version": "AV: 1.419.183.0, AS: 1.419.183.0, NIS: 1.419.183.0",
            "Severity_ID": "5",
            "Severity_Name": "Severe",
            "Source_ID": "2",
            "Source_Name": "System",
            "State": "1",
            "Status_Code": "1",
            "Threat_ID": "2147519003",
            "Threat_Name": "Virus:DOS/EICAR_Test_File",
            "Type_ID": "0",
            "Type_Name": "Concrete"
          },
          "event_id": "1116",
          "level": "Warning",
          "opcode": "Info",
          "process": {
            "pid": 7676,
            "thread": {
              "id": 29468
            }
          },
          "provider_guid": "11cd958a-c507-4ef3-b3f2-5fd9dfbd2c78",
          "provider_name": "Microsoft-Windows-Windows Defender",
          "record_id": "5646",
          "time_created": "2024-06-21T01:21:15.1310609Z",
          "user": {
            "identifier": "S-1-5-18",
            "name": "Topsy"
          },
          "version": 0
        }
      }
    },
    {
      "data_stream": "windows_defender",
      "package": "windows",
      "source": "test/test-events-windows-defender-events.json-expected.json",
      "sample_event": {
        "@timestamp": "2024-06-21T01:21:15.131Z",
        "ecs": {
          "version": "8.17.0"
        },
        "event": {
          "action": "malware-detected",
          "category": [
            "malware"
          ],
          "code": "1116",
          "kind": "event",
          "outcome": "success",
          "provider": "Microsoft-Windows-Windows Defender",
          "reference": "https://go.microsoft.com/fwlink/?linkid=37020&name=Virus:DOS/EICAR_Test_File&threatid=2147519003&enterprise=1",
          "type": [
            "info"
          ]
        },
        "file": {
          "extension": "exe",
          "name": "eat_more_yams.exe",
          "path": "C:\\Users\\Topsy\\Desktop\\eat_more_yams.exe"
        },
        "host": {
          "name": "el33t-b00k-1"
        },
        "log": {
          "level": "Warning"
        },
        "message": "Microsoft Defender Antivirus has detected malware or other potentially unwanted software.\r\n For more information please see the following:\r\nhttps://go.microsoft.com/fwlink/?linkid=37020&name=Virus:DOS/EICAR_Test_File&threatid=2147519003&enterprise=0\r\n \tName: Virus:DOS/EICAR_Test_File\r\n \tID: 2147519003\r\n \tSeverity: Severe\r\n \tCategory: Virus\r\n \tPath: file:_C:\\Users\\topsy\\OneDrive\\Desktop\\eat_more_yams.com; process:_pid: 1337\r\n \tDetection Origin: Local machine\r\n \tDetection Type: Concrete\r\n \tDetection Source: Real-Time Protection\r\n \tUser: el33t-b00k-1\\topsy\r\n \tProcess Name: C:\\Users\\topsy\\AppData\\Local\\Microsoft\\OneDrive\\OneDrive.exe\r\n \tSecurity intelligence Version: AV: 1.413.419.0, AS: 1.413.419.0, NIS: 1.413.419.0\r\n \tEngine Version: AM: 1.1.24050.5, NIS: 1.1.24050.5",
        "user": {
          "domain": "NT AUTHORITY",
          "name": "SYSTEM"
        },
        "windows_defender": {
          "evidence_paths": [
            "C:\\Users\\Topsy\\Desktop\\eat_more_yams.exe",
            "pid: 31337"
          ]
        },
        "winlog": {
          "activity_id": "5f4a9fb7-8bb9-4d46-a5af-b880cefca3c1",
          "channel": "Microsoft-Windows-Windows Defender/Operational",
          "computer_name": "el33t-b00k-1",
          "event_data": {
            "Action_ID": "9",
            "Action_Name": "Not Applicable",
            "Additional_Actions_ID": "0",
            "Additional_Actions_String": "No additional actions required",
            "Category_ID": "42",
            "Category_Name": "Virus",
            "Detection_ID": "{21A294A2-FE84-4DE0-B1D0-47D6DCD4DA9A}",
            "Detection_Time": "2024-09-26T16:04:49.772Z",
            "Detection_User": "NT AUTHORITY\\SYSTEM",
            "Engine_Version": "AM: 1.1.24080.9, NIS: 1.1.24080.9",
            "Error_Code": "0x00000000",
            "Error_Description": "The operation completed successfully. ",
            "Execution_ID": "1",
            "Execution_Name": "Suspended",
            "FWLink": "https://go.microsoft.com/fwlink/?linkid=37020&name=Virus:DOS/EICAR_Test_File&threatid=2147519003&enterprise=1",
            "Origin_ID": "1",
            "Origin_Name": "Local machine",
            "Path": "file:_C:\\Users\\Topsy\\Desktop\\eat_more_yams.exe; process:_pid: 31337",
            "Post_Clean_Status": "0",
            "Pre_Execution_Status": "0",
            "Product_Name": "Microsoft Defender Antivirus",
            "Product_Version": "4.18.24080.9",
            "Security_intelligence_Version": "AV: 1.419.183.0, AS: 1.419.183.0, NIS: 1.419.183.0",
            "Severity_ID": "5",
            "Severity_Name": "Severe",
            "Source_ID": "2",
            "Source_Name": "System",
            "State": "1",
            "Status_Code": "1",
            "Threat_ID": "2147519003",
            "Threat_Name": "Virus:DOS/EICAR_Test_File",
            "Type_ID": "0",
            "Type_Name": "Concrete"
          },
          "event_id": "1116",
          "level": "Warning",
          "opcode": "Info",
          "process": {
            "pid": 7676,
            "thread": {
              "id": 29468
            }
          },
          "provider_guid": "11cd958a-c507-4ef3-b3f2-5fd9dfbd2c78",
          "provider_name": "Microsoft-Windows-Windows Defender",
          "record_id": "5646",
          "time_created": "2024-06-21T01:21:15.1310609Z",
          "user": {
            "identifier": "S-1-5-18",
            "name": "Topsy"
          },
          "version": 0
        }
      }
    },
    {
      "data_stream": "windows_defender",
      "package": "windows",
      "source": "test/test-events-windows-defender-events.json-expected.json",
      "sample_event": {
        "@timestamp": "2024-06-21T06:56:39.313Z",
        "ecs": {
          "version": "8.17.0"
        },
        "event": {
          "category": [
            "process"
          ],
          "code": "1151",
          "kind": "event",
          "provider": "Microsoft-Windows-Windows Defender",
          "type": [
            "info"
          ]
        },
        "host": {
          "name": "el33t-b00k-1"
        },
        "log": {
          "level": "Information"
        },
        "message": "Endpoint Protection client health report (time in UTC):\r\n \tPlatform version: 4.18.24050.7\r\n \tEngine version: 1.1.24050.5\r\n \tNetwork Realtime Inspection engine version: 1.1.24050.5\r\n \tAntivirus security intelligence version: 1.413.419.0\r\n \tAntispyware security intelligence version: 1.413.419.0\r\n \tNetwork Realtime Inspection security intelligence version: 1.413.419.0\r\n \tRTP state: Enabled\r\n \tOA state: Enabled\r\n \tIOAV state: Enabled\r\n \tBM state: Enabled\r\n \tAntivirus security intelligence age: 0\r\n \tAntispyware security intelligence age: 0\r\n \tLast quick scan age: 1\r\n \tLast full scan age: 4294967295\r\n \tAntivirus security intelligence creation time: 2024-06-20T17:59:45Z\r\n \tAntispyware security intelligence creation time: 2024-06-20T17:59:47Z\r\n \tLast quick scan start time: 2024-06-19T15:49:55Z\r\n \tLast quick scan end time: 2024-06-19T15:51:57Z\r\n \tLast quick scan source: 2\r\n \tLast full scan start time: 1601-01-01T00:00:00Z\r\n \tLast full scan end time: 1601-01-01T00:00:00Z\r\n \tLast full scan source: 0\r\n \tProduct status: 0x00080000\r\n",
        "winlog": {
          "activity_id": "",
          "channel": "Microsoft-Windows-Windows Defender/Operational",
          "computer_name": "el33t-b00k-1",
          "event_data": {
            "AS_security_intelligence_creation_time": "2024-10-03T14:47:41Z",
            "AS_security_intelligence_version": "1.419.335.0",
            "AV_security_intelligence_creation_time": "2024-10-03T14:47:40Z",
            "AV_security_intelligence_version": "1.419.335.0",
            "BM_state": "Enabled",
            "Engine_up-to-date": "0",
            "Engine_version": "1.1.24080.9",
            "IOAV_state": "Enabled",
            "Last_AS_security_intelligence_age": "1",
            "Last_AV_security_intelligence_age": "1",
            "Last_full_scan_age": "623",
            "Last_full_scan_end_time": "2023-01-20T02:28:24Z",
            "Last_full_scan_source": "2",
            "Last_full_scan_start_time": "2023-01-20T01:58:42Z",
            "Last_quick_scan_age": "1",
            "Last_quick_scan_end_time": "2024-10-03T07:15:39Z",
            "Last_quick_scan_source": "2",
            "Last_quick_scan_start_time": "2024-10-03T07:03:26Z",
            "Latest_engine_version": "1.1.24080.9",
            "Latest_platform_version": "4.18.24080.9",
            "NRI_engine_version": "1.1.24080.9",
            "NRI_security_intelligence_version": "1.419.335.0",
            "OA_state": "Enabled",
            "Platform_up-to-date": "1",
            "Platform_version": "4.18.24080.9",
            "Product_Name": "Microsoft Defender Antivirus",
            "Product_status": "0x00080000",
            "RTP_state": "Enabled"
          },
          "event_id": "1151",
          "level": "Information",
          "opcode": "Info",
          "process": {
            "pid": 7676,
            "thread": {
              "id": 48648
            }
          },
          "provider_guid": "11cd958a-c507-4ef3-b3f2-5fd9dfbd2c78",
          "provider_name": "Microsoft-Windows-Windows Defender",
          "record_id": "5653",
          "time_created": "2024-06-21T06:56:39.3139541Z",
          "user": {
            "identifier": "S-1-5-18",
            "name": "Topsy"
          },
          "version": 0
        }
      }
    },
    {
      "data_stream": "windows_defender",
      "package": "windows",
      "source": "test/test-events-windows-defender-events.json-expected.json",
      "sample_event": {
        "@timestamp": "2024-06-21T06:56:39.311Z",
        "ecs": {
          "version": "8.17.0"
        },
        "event": {
          "category": [
            "process"
          ],
          "code": "1150",
          "kind": "event",
          "provider": "Microsoft-Windows-Windows Defender",
          "type": [
            "info"
          ]
        },
        "host": {
          "name": "el33t-b00k-1"
        },
        "log": {
          "level": "Information"
        },
        "message": "Endpoint Protection client is up and running in a healthy state.\r\n \tPlatform version: 4.18.24050.7\r\n \tEngine version: 1.1.24050.5\r\n \tSecurity intelligence version: 1.413.419.0\r\n",
        "winlog": {
          "activity_id": "",
          "channel": "Microsoft-Windows-Windows Defender/Operational",
          "computer_name": "el33t-b00k-1",
          "event_data": {
            "Engine_version": "1.1.24080.9",
            "Platform_version": "4.18.24080.9",
            "Product_Name": "Microsoft Defender Antivirus",
            "Security_intelligence_version": "1.419.335.0"
          },
          "event_id": "1150",
          "level": "Information",
          "opcode": "Info",
          "process": {
            "pid": 7676,
            "thread": {
              "id": 48648
            }
          },
          "provider_guid": "11cd958a-c507-4ef3-b3f2-5fd9dfbd2c78",
          "provider_name": "Microsoft-Windows-Windows Defender",
          "record_id": "5652",
          "time_created": "2024-06-21T06:56:39.3116433Z",
          "user": {
            "identifier": "S-1-5-18",
            "name": "Topsy"
          },
          "version": 0
        }
      }
    },
    {
      "data_stream": "windows_defender",
      "package": "windows",
      "source": "test/test-events-windows-defender-events.json-expected.json",
      "sample_event": {
        "@timestamp": "2024-06-21T06:13:50.504Z",
        "ecs": {
          "version": "8.17.0"
        },
        "event": {
          "category": [
            "process"
          ],
          "code": "1002",
          "kind": "event",
          "provider": "Microsoft-Windows-Windows Defender",
          "type": [
            "info"
          ]
        },
        "host": {
          "name": "el33t-b00k-1"
        },
        "log": {
          "level": "Warning"
        },
        "message": "Microsoft Defender Antivirus scan has been stopped before completion.\r\n \tScan ID: {BAEB74BF-331C-48D8-A165-12B9D2574798}\r\n \tScan Type: Antimalware\r\n \tScan Parameters: Quick Scan\r\n  \tUser: NT AUTHORITY\\SYSTEM",
        "winlog": {
          "activity_id": "f5e8a3a1-33cf-4861-9e3f-a0186d993932",
          "channel": "Microsoft-Windows-Windows Defender/Operational",
          "computer_name": "el33t-b00k-1",
          "event_id": "1002",
          "level": "Warning",
          "opcode": "Info",
          "process": {
            "pid": 7676,
            "thread": {
              "id": 31860
            }
          },
          "provider_guid": "11cd958a-c507-4ef3-b3f2-5fd9dfbd2c78",
          "provider_name": "Microsoft-Windows-Windows Defender",
          "record_id": "5651",
          "time_created": "2024-06-21T06:13:50.5047662Z",
          "user": {
            "identifier": "S-1-5-18",
            "name": "Topsy"
          },
          "version": 0
        }
      }
    },
    {
      "data_stream": "windows_defender",
      "package": "windows",
      "source": "test/test-events-windows-defender-events.json-expected.json",
      "sample_event": {
        "@timestamp": "2024-06-21T06:13:31.064Z",
        "ecs": {
          "version": "8.17.0"
        },
        "event": {
          "category": [
            "process"
          ],
          "code": "1000",
          "kind": "event",
          "provider": "Microsoft-Windows-Windows Defender",
          "type": [
            "info"
          ]
        },
        "host": {
          "name": "el33t-b00k-1"
        },
        "log": {
          "level": "Information"
        },
        "message": "Microsoft Defender Antivirus scan has started.\r\n \tScan ID: {BAEB74BF-331C-48D8-A165-12B9D2574798}\r\n \tScan Type: Antimalware\r\n \tScan Parameters: Quick Scan\r\n \tScan Resources: \r\n \tUser: NT AUTHORITY\\SYSTEM",
        "winlog": {
          "activity_id": "",
          "channel": "Microsoft-Windows-Windows Defender/Operational",
          "computer_name": "el33t-b00k-1",
          "event_data": {
            "Domain": "NT AUTHORITY",
            "Product_Name": "Microsoft Defender Antivirus",
            "Product_Version": "4.18.24080.9",
            "SID": "S-1-5-18",
            "Scan_ID": "{E650047C-5BF9-4FDC-AA85-B0E159E779CF}",
            "Scan_Parameters": "Quick Scan",
            "Scan_Parameters_Index": "1",
            "Scan_Type": "Antimalware",
            "Scan_Type_Index": "1",
            "User": "SYSTEM"
          },
          "event_id": "1000",
          "level": "Information",
          "opcode": "Info",
          "process": {
            "pid": 7676,
            "thread": {
              "id": 31860
            }
          },
          "provider_guid": "11cd958a-c507-4ef3-b3f2-5fd9dfbd2c78",
          "provider_name": "Microsoft-Windows-Windows Defender",
          "record_id": "5650",
          "time_created": "2024-06-21T06:13:31.0646079Z",
          "user": {
            "identifier": "S-1-5-18",
            "name": "Topsy"
          },
          "version": 0
        }
      }
    },
    {
      "data_stream": "windows_defender",
      "package": "windows",
      "source": "test/test-events-windows-defender-events.json-expected.json",
      "sample_event": {
        "@timestamp": "2024-06-21T01:21:15.227Z",
        "ecs": {
          "version": "8.17.0"
        },
        "event": {
          "action": "malware-quarantined",
          "category": [
            "malware"
          ],
          "code": "1117",
          "kind": "event",
          "outcome": "success",
          "provider": "Microsoft-Windows-Windows Defender",
          "reference": "https://go.microsoft.com/fwlink/?linkid=37020&name=Virus:DOS/EICAR_Test_File&threatid=2147519003&enterprise=1",
          "type": [
            "info"
          ]
        },
        "file": {
          "extension": "exe",
          "name": "eat_more_yams.exe",
          "path": "C:\\Users\\Topsy\\Desktop\\eat_more_yams.exe"
        },
        "host": {
          "name": "el33t-b00k-1"
        },
        "log": {
          "level": "Information"
        },
        "message": "Microsoft Defender Antivirus has taken action to protect this machine from malware or other potentially unwanted software.\r\n For more information please see the following:\r\nhttps://go.microsoft.com/fwlink/?linkid=37020&name=Virus:DOS/EICAR_Test_File&threatid=2147519003&enterprise=0\r\n \tName: Virus:DOS/EICAR_Test_File\r\n \tID: 2147519003\r\n \tSeverity: Severe\r\n \tCategory: Virus\r\n \tPath: file:_C:\\Users\\topsy\\OneDrive\\Desktop\\eat_more_yams.exe\r\n \tDetection Origin: Local machine\r\n \tDetection Type: Concrete\r\n \tDetection Source: Real-Time Protection\r\n \tUser: NT AUTHORITY\\SYSTEM\r\n \tProcess Name: C:\\Users\\topsy\\AppData\\Local\\Microsoft\\OneDrive\\OneDrive.exe\r\n \tAction: Quarantine\r\n \tAction Status:  No additional actions required\r\n \tError Code: 0x00000000\r\n \tError description: The operation completed successfully. \r\n \tSecurity intelligence Version: AV: 1.413.419.0, AS: 1.413.419.0, NIS: 1.413.419.0\r\n \tEngine Version: AM: 1.1.24050.5, NIS: 1.1.24050.5",
        "user": {
          "domain": "NT AUTHORITY",
          "name": "SYSTEM"
        },
        "windows_defender": {
          "evidence_paths": [
            "C:\\Users\\Topsy\\Desktop\\eat_more_yams.exe"
          ]
        },
        "winlog": {
          "activity_id": "",
          "channel": "Microsoft-Windows-Windows Defender/Operational",
          "computer_name": "el33t-b00k-1",
          "event_data": {
            "Action_ID": "2",
            "Action_Name": "Quarantine",
            "Additional_Actions_ID": "0",
            "Additional_Actions_String": "No additional actions required",
            "Category_ID": "42",
            "Category_Name": "Virus",
            "Detection_ID": "{21A294A2-FE84-4DE0-B1D0-47D6DCD4DA9A}",
            "Detection_Time": "2024-09-26T16:04:49.772Z",
            "Detection_User": "NT AUTHORITY\\SYSTEM",
            "Engine_Version": "AM: 1.1.24080.9, NIS: 1.1.24080.9",
            "Error_Code": "0x00000000",
            "Error_Description": "The operation completed successfully. ",
            "Execution_ID": "1",
            "Execution_Name": "Suspended",
            "FWLink": "https://go.microsoft.com/fwlink/?linkid=37020&name=Virus:DOS/EICAR_Test_File&threatid=2147519003&enterprise=1",
            "Origin_ID": "1",
            "Origin_Name": "Local machine",
            "Path": "file:_C:\\Users\\Topsy\\Desktop\\eat_more_yams.exe",
            "Post_Clean_Status": "0",
            "Pre_Execution_Status": "0",
            "Product_Name": "Microsoft Defender Antivirus",
            "Product_Version": "4.18.24080.9",
            "Remediation_User": "NT AUTHORITY\\SYSTEM",
            "Security_intelligence_Version": "AV: 1.419.183.0, AS: 1.419.183.0, NIS: 1.419.183.0",
            "Severity_ID": "5",
            "Severity_Name": "Severe",
            "Source_ID": "2",
            "Source_Name": "System",
            "State": "2",
            "Status_Code": "3",
            "Threat_ID": "2147519003",
            "Threat_Name": "Virus:DOS/EICAR_Test_File",
            "Type_ID": "0",
            "Type_Name": "Concrete"
          },
          "event_id": "1117",
          "level": "Information",
          "opcode": "Info",
          "process": {
            "pid": 7676,
            "thread": {
              "id": 29468
            }
          },
          "provider_guid": "11cd958a-c507-4ef3-b3f2-5fd9dfbd2c78",
          "provider_name": "Microsoft-Windows-Windows Defender",
          "record_id": "5647",
          "time_created": "2024-06-21T01:21:15.2279837Z",
          "user": {
            "identifier": "S-1-5-18",
            "name": "Topsy"
          },
          "version": 0
        }
      }
    },
    {
      "data_stream": "windows_defender",
      "package": "windows",
      "source": "test/test-events-windows-defender-events.json-expected.json",
      "sample_event": {
        "@timestamp": "2024-06-21T01:21:15.227Z",
        "ecs": {
          "version": "8.17.0"
        },
        "event": {
          "action": "malware-quarantined",
          "category": [
            "malware"
          ],
          "code": "1117",
          "kind": "event",
          "outcome": "success",
          "provider": "Microsoft-Windows-Windows Defender",
          "reference": "https://go.microsoft.com/fwlink/?linkid=37020&name=Virus:DOS/EICAR_Test_File&threatid=2147519003&enterprise=1",
          "type": [
            "info"
          ]
        },
        "file": {
          "extension": "exe",
          "name": "eat_more_yams.exe",
          "path": "C:\\Users\\Topsy\\Desktop\\eat_more_yams.exe"
        },
        "host": {
          "name": "el33t-b00k-1"
        },
        "log": {
          "level": "Information"
        },
        "message": "Microsoft Defender Antivirus has taken action to protect this machine from malware or other potentially unwanted software.\r\n For more information please see the following:\r\nhttps://go.microsoft.com/fwlink/?linkid=37020&name=Virus:DOS/EICAR_Test_File&threatid=2147519003&enterprise=0\r\n \tName: Virus:DOS/EICAR_Test_File\r\n \tID: 2147519003\r\n \tSeverity: Severe\r\n \tCategory: Virus\r\n \tPath: file:_C:\\Users\\topsy\\OneDrive\\Desktop\\eat_more_yams.exe; process:_pid: 1337\r\n \tDetection Origin: Local machine\r\n \tDetection Type: Concrete\r\n \tDetection Source: Real-Time Protection\r\n \tUser: NT AUTHORITY\\SYSTEM\r\n \tProcess Name: C:\\Users\\topsy\\AppData\\Local\\Microsoft\\OneDrive\\OneDrive.exe\r\n \tAction: Quarantine\r\n \tAction Status:  No additional actions required\r\n \tError Code: 0x00000000\r\n \tError description: The operation completed successfully. \r\n \tSecurity intelligence Version: AV: 1.413.419.0, AS: 1.413.419.0, NIS: 1.413.419.0\r\n \tEngine Version: AM: 1.1.24050.5, NIS: 1.1.24050.5",
        "user": {
          "domain": "NT AUTHORITY",
          "name": "SYSTEM"
        },
        "windows_defender": {
          "evidence_paths": [
            "C:\\Users\\Topsy\\Desktop\\eat_more_yams.exe",
            "pid: 1337"
          ]
        },
        "winlog": {
          "activity_id": "",
          "channel": "Microsoft-Windows-Windows Defender/Operational",
          "computer_name": "el33t-b00k-1",
          "event_data": {
            "Action_ID": "2",
            "Action_Name": "Quarantine",
            "Additional_Actions_ID": "0",
            "Additional_Actions_String": "No additional actions required",
            "Category_ID": "42",
            "Category_Name": "Virus",
            "Detection_ID": "{21A294A2-FE84-4DE0-B1D0-47D6DCD4DA9A}",
            "Detection_Time": "2024-09-26T16:04:49.772Z",
            "Detection_User": "NT AUTHORITY\\SYSTEM",
            "Engine_Version": "AM: 1.1.24080.9, NIS: 1.1.24080.9",
            "Error_Code": "0x00000000",
            "Error_Description": "The operation completed successfully. ",
            "Execution_ID": "1",
            "Execution_Name": "Suspended",
            "FWLink": "https://go.microsoft.com/fwlink/?linkid=37020&name=Virus:DOS/EICAR_Test_File&threatid=2147519003&enterprise=1",
            "Origin_ID": "1",
            "Origin_Name": "Local machine",
            "Path": "file:_C:\\Users\\Topsy\\Desktop\\eat_more_yams.exe; process:_pid: 1337",
            "Post_Clean_Status": "0",
            "Pre_Execution_Status": "0",
            "Product_Name": "Microsoft Defender Antivirus",
            "Product_Version": "4.18.24080.9",
            "Remediation_User": "NT AUTHORITY\\SYSTEM",
            "Security_intelligence_Version": "AV: 1.419.183.0, AS: 1.419.183.0, NIS: 1.419.183.0",
            "Severity_ID": "5",
            "Severity_Name": "Severe",
            "Source_ID": "2",
            "Source_Name": "System",
            "State": "2",
            "Status_Code": "3",
            "Threat_ID": "2147519003",
            "Threat_Name": "Virus:DOS/EICAR_Test_File",
            "Type_ID": "0",
            "Type_Name": "Concrete"
          },
          "event_id": "1117",
          "level": "Information",
          "opcode": "Info",
          "process": {
            "pid": 7676,
            "thread": {
              "id": 29468
            }
          },
          "provider_guid": "11cd958a-c507-4ef3-b3f2-5fd9dfbd2c78",
          "provider_name": "Microsoft-Windows-Windows Defender",
          "record_id": "5647",
          "time_created": "2024-06-21T01:21:15.2279837Z",
          "user": {
            "identifier": "S-1-5-18",
            "name": "Topsy"
          },
          "version": 0
        }
      }
    },
    {
      "data_stream": "windows_defender",
      "package": "windows",
      "source": "test/test-events-windows-defender-events.json-expected.json",
      "sample_event": {
        "@timestamp": "2024-06-21T01:08:30.350Z",
        "ecs": {
          "version": "8.17.0"
        },
        "event": {
          "action": "antivirus-updated",
          "category": [
            "process"
          ],
          "code": "2000",
          "kind": "event",
          "provider": "Microsoft-Windows-Windows Defender",
          "type": [
            "info"
          ]
        },
        "host": {
          "name": "el33t-b00k-1"
        },
        "log": {
          "level": "Information"
        },
        "message": "Microsoft Defender Antivirus security intelligence version updated.\r\n \tCurrent security intelligence Version: 1.413.419.0\r\n \tPrevious security intelligence Version: 1.413.393.0\r\n \tSecurity intelligence Type: AntiSpyware\r\n \tUpdate Type: Delta\r\n \tUser: NT AUTHORITY\\SYSTEM\r\n \tCurrent Engine Version: 1.1.24050.5\r\n \tPrevious Engine Version: 1.1.24050.5",
        "winlog": {
          "activity_id": "",
          "channel": "Microsoft-Windows-Windows Defender/Operational",
          "computer_name": "el33t-b00k-1",
          "event_data": {
            "Current_Engine_Version": "1.1.24080.9",
            "Current_security_intelligence_Version": "1.419.335.0",
            "Domain": "NT AUTHORITY",
            "Previous_Engine_Version": "1.1.24080.9",
            "Previous_security_intelligence_Version": "1.419.325.0",
            "Product_Name": "Microsoft Defender Antivirus",
            "Product_Version": "4.18.24080.9",
            "SID": "S-1-5-18",
            "Security_intelligence_Type": "AntiSpyware",
            "Security_intelligence_Type_Index": "2",
            "Update_Type": "Delta",
            "Update_Type_Index": "2",
            "User": "SYSTEM"
          },
          "event_id": "2000",
          "level": "Information",
          "opcode": "Info",
          "process": {
            "pid": 7676,
            "thread": {
              "id": 15764
            }
          },
          "provider_guid": "11cd958a-c507-4ef3-b3f2-5fd9dfbd2c78",
          "provider_name": "Microsoft-Windows-Windows Defender",
          "record_id": "5612",
          "time_created": "2024-06-21T01:08:30.3502187Z",
          "user": {
            "identifier": "S-1-5-18",
            "name": "Topsy"
          },
          "version": 0
        }
      }
    },
    {
      "data_stream": "windows_defender",
      "package": "windows",
      "source": "test/test-events-windows-defender-events.json-expected.json",
      "sample_event": {
        "@timestamp": "2024-06-21T02:00:00.000Z",
        "ecs": {
          "version": "8.17.0"
        },
        "event": {
          "category": [
            "process"
          ],
          "code": "",
          "kind": "event",
          "provider": "Microsoft-Windows-Windows Defender",
          "type": [
            "info"
          ]
        },
        "file": {
          "extension": "exe",
          "name": "svchost.exe",
          "path": "C:\\Windows\\System32\\svchost.exe"
        },
        "host": {
          "name": "test-host"
        },
        "log": {
          "level": "Information"
        },
        "message": "Windows Defender Exploit Guard has blocked an operation that is not allowed by Attack Surface Reduction policy.\r\n\tUser: test-domain\\test-user\r\n\tProcess Name: C:\\Windows\\System32\\svchost.exe\r\n\tPath: C:\\Windows\\System32\\svchost.exe\r\n\tSecurity intelligence Version: AV: 1.413.419.0, AS: 1.413.419.0, NIS: 1.413.419.0",
        "user": {
          "domain": "test-domain",
          "name": "test-user"
        },
        "windows_defender": {
          "evidence_paths": [
            "C:\\Windows\\System32\\svchost.exe"
          ]
        },
        "winlog": {
          "activity_id": "6f5a0fb7-9cc9-5d47-b6bf-c991defdb4d2",
          "channel": "Microsoft-Windows-Windows Defender/Operational",
          "computer_name": "test-host",
          "event_data": {
            "Detection_User": "test-domain\\test-user",
            "Path": "C:\\Windows\\System32\\svchost.exe",
            "Security_intelligence_Version": "AV: 1.413.419.0, AS: 1.413.419.0, NIS: 1.413.419.0"
          },
          "provider_guid": "11cd958a-c507-4ef3-b3f2-5fd9dfbd2c78",
          "provider_name": "Microsoft-Windows-Windows Defender",
          "record_id": "5613",
          "time_created": "2024-06-21T02:00:00.0000000Z",
          "user": {
            "identifier": "S-1-5-21-1234567890-1234567890-1234567890-1001",
            "name": "test-user"
          },
          "version": 0
        }
      }
    }
  ]
}