    {
      "data_stream": "sysmon_operational",
      "package": "windows",
      "source": "test/test-events.json",
      "sample_event": {
        "@timestamp": "2021-05-05T15:30:51.704Z",
        "log": {
          "level": "information"
        },
        "event": {
          "original": "<Event xmlns='http://schemas.microsoft.com/win/2004/08/events/event'><System><Provider Name='Microsoft-Windows-Sysmon' Guid='{5770385f-c22a-43e0-bf4c-06f5698ffbd9}'/><EventID>22</EventID><Version>5</Version><Level>4</Level><Task>22</Task><Opcode>0</Opcode><Keywords>0x8000000000000000</Keywords><TimeCreated SystemTime='2019-07-18T03:34:04.029920400Z'/><EventRecordID>134</EventRecordID><Correlation/><Execution ProcessID='2828' ThreadID='1684'/><Channel>Microsoft-Windows-Sysmon/Operational</Channel><Computer>vagrant-2016</Computer><Security UserID='S-1-5-18'/></System><EventData><Data Name='RuleName'></Data><Data Name='UtcTime'>2019-07-18 03:34:03.911</Data><Data Name='ProcessGuid'>{fa4a0de6-e8a9-5d2f-0000-001053699900}</Data><Data Name='ProcessId'>2736</Data><Data Name='QueryName'>b.scorecardresearch.com</Data><Data Name='QueryStatus'>0</Data><Data Name='QueryResults'>type:  5 b.scorecardresearch.com.edgesuite.net;type:  5 a1294.w20.akamai.net;::ffff:89.160.20.156;::ffff:89.160.20.156;</Data><Data Name='Image'>C:\\Program Files (x86)\\Internet Explorer\\iexplore.exe</Data></EventData></Event>",
          "code": "22",
          "kind": "event",
          "provider": "Microsoft-Windows-Sysmon"
        },
        "winlog": {
          "level": "information",
          "user": {
            "identifier": "S-1-5-18"
          },
          "provider_name": "Microsoft-Windows-Sysmon",
          "record_id": 134,
          "computer_name": "vagrant-2016",
          "version": 5,
          "time_created": "2019-07-18T03:34:04.029Z",
          "process": {
            "pid": 2828,
            "thread": {
              "id": 1684
            }
          },
          "channel": "Microsoft-Windows-Sysmon/Operational",
          "event_id": "22",
          "opcode": "Info",
          "provider_guid": "{5770385f-c22a-43e0-bf4c-06f5698ffbd9}",
          "event_data": {
            "ProcessId": "2736",
            "QueryName": "b.scorecardresearch.com",
            "QueryStatus": "0",
            "QueryResults": "type:  5 b.scorecardresearch.com.edgesuite.net;type:  5 a1294.w20.akamai.net;::ffff:89.160.20.156;::ffff:89.160.20.156;",
            "Image": "C:\\Program Files (x86)\\Internet Explorer\\iexplore.exe",
            "UtcTime": "2019-07-18 03:34:03.911",
            "ProcessGuid": "{fa4a0de6-e8a9-5d2f-0000-001053699900}"
          }
        }
      }
    },
    {
      "data_stream": "sysmon_operational",
      "package": "windows",
      "source": "test/test-events.json",
      "sample_event": {
        "@timestamp": "2021-05-05T15:30:51.704Z",
        "winlog": {
          "provider_guid": "{5770385f-c22a-43e0-bf4c-06f5698ffbd9}",
          "level": "information",
          "event_id": "22",
          "computer_name": "vagrant-2016",
          "record_id": 135,
          "opcode": "Info",
          "version": 5,
          "time_created": "2019-07-18T03:34:04.548Z",
          "user": {
            "identifier": "S-1-5-18"
          },
          "event_data": {
            "ProcessId": "2736",
            "QueryName": "edw.edmunds.com",
            "QueryStatus": "0",
            "QueryResults": "type:  5 f2.shared.global.fastly.net;::ffff:89.160.20.156;::ffff:89.160.20.156;::ffff:89.160.20.156;::ffff:89.160.20.156;",
            "Image": "C:\\Program Files (x86)\\Internet Explorer\\iexplore.exe",
            "UtcTime": "2019-07-18 03:34:03.921",
            "ProcessGuid": "{fa4a0de6-e8a9-5d2f-0000-001053699900}"
          },
          "channel": "Microsoft-Windows-Sysmon/Operational",
          "provider_name": "Microsoft-Windows-Sysmon",
          "process": {
            "pid": 2828,
            "thread": {
              "id": 1684
            }
          }
        },
        "log": {
          "level": "information"
        },
        "event": {
          "original": "<Event xmlns='http://schemas.microsoft.com/win/2004/08/events/event'><System><Provider Name='Microsoft-Windows-Sysmon' Guid='{5770385f-c22a-43e0-bf4c-06f5698ffbd9}'/><EventID>22</EventID><Version>5</Version><Level>4</Level><Task>22</Task><Opcode>0</Opcode><Keywords>0x8000000000000000</Keywords><TimeCreated SystemTime='2019-07-18T03:34:04.548958100Z'/><EventRecordID>135</EventRecordID><Correlation/><Execution ProcessID='2828' ThreadID='1684'/><Channel>Microsoft-Windows-Sysmon/Operational</Channel><Computer>vagrant-2016</Computer><Security UserID='S-1-5-18'/></System><EventData><Data Name='RuleName'></Data><Data Name='UtcTime'>2019-07-18 03:34:03.921</Data><Data Name='ProcessGuid'>{fa4a0de6-e8a9-5d2f-0000-001053699900}</Data><Data Name='ProcessId'>2736</Data><Data Name='QueryName'>edw.edmunds.com</Data><Data Name='QueryStatus'>0</Data><Data Name='QueryResults'>type:  5 f2.shared.global.fastly.net;::ffff:89.160.20.156;::ffff:89.160.20.156;::ffff:89.160.20.156;::ffff:89.160.20.156;</Data><Data Name='Image'>C:\\Program Files (x86)\\Internet Explorer\\iexplore.exe</Data></EventData></Event>",
          "code": "22",
          "kind": "event",
          "provider": "Microsoft-Windows-Sysmon"
        }
      }
    },
    {
      "data_stream": "sysmon_operational",
      "package": "windows",
      "source": "test/test-events.json",
      "sample_event": {
        "@timestamp": "2021-05-05T15:30:51.704Z",
        "log": {
          "level": "information"
        },
        "event": {
          "original": "<Event xmlns='http://schemas.microsoft.com/win/2004/08/events/event'><System><Provider Name='Microsoft-Windows-Sysmon' Guid='{5770385f-c22a-43e0-bf4c-06f5698ffbd9}'/><EventID>22</EventID><Version>5</Version><Level>4</Level><Task>22</Task><Opcode>0</Opcode><Keywords>0x8000000000000000</Keywords><TimeCreated SystemTime='2019-07-18T03:34:04.692712500Z'/><EventRecordID>136</EventRecordID><Correlation/><Execution ProcessID='2828' ThreadID='1684'/><Channel>Microsoft-Windows-Sysmon/Operational</Channel><Computer>vagrant-2016</Computer><Security UserID='S-1-5-18'/></System><EventData><Data Name='RuleName'></Data><Data Name='UtcTime'>2019-07-18 03:34:04.101</Data><Data Name='ProcessGuid'>{fa4a0de6-e8a9-5d2f-0000-001053699900}</Data><Data Name='ProcessId'>2736</Data><Data Name='QueryName'>ocsp.digicert.com</Data><Data Name='QueryStatus'>0</Data><Data Name='QueryResults'>type:  5 cs9.wac.phicdn.net;::ffff:89.160.20.156;</Data><Data Name='Image'>C:\\Program Files (x86)\\Internet Explorer\\iexplore.exe</Data></EventData></Event>",
          "kind": "event",
          "provider": "Microsoft-Windows-Sysmon",
          "code": "22"
        },
        "winlog": {
          "event_data": {
            "QueryStatus": "0",
            "QueryResults": "type:  5 cs9.wac.phicdn.net;::ffff:89.160.20.156;",
            "Image": "C:\\Program Files (x86)\\Internet Explorer\\iexplore.exe",
            "UtcTime": "2019-07-18 03:34:04.101",
            "ProcessGuid": "{fa4a0de6-e8a9-5d2f-0000-001053699900}",
            "ProcessId": "2736",
            "QueryName": "ocsp.digicert.com"
          },
          "process": {
            "pid": 2828,
            "thread": {
              "id": 1684
            }
          },
          "event_id": "22",
          "provider_name": "Microsoft-Windows-Sysmon",
          "version": 5,
          "level": "information",
          "user": {
            "identifier": "S-1-5-18"
          },
          "time_created": "2019-07-18T03:34:04.692Z",
          "channel": "Microsoft-Windows-Sysmon/Operational",
          "record_id": 136,
          "computer_name": "vagrant-2016",
          "opcode": "Info",
          "provider_guid": "{5770385f-c22a-43e0-bf4c-06f5698ffbd9}"
        }
      }
    },
    {
      "data_stream": "sysmon_operational",
      "package": "windows",
      "source": "test/test-events.json",
      "sample_event": {
        "@timestamp": "2021-05-05T15:30:51.704Z",
        "winlog": {
          "channel": "Microsoft-Windows-Sysmon/Operational",
          "provider_name": "Microsoft-Windows-Sysmon",
          "record_id": 137,
          "provider_guid": "{5770385f-c22a-43e0-bf4c-06f5698ffbd9}",
          "level": "information",
          "user": {
            "identifier": "S-1-5-18"
          },
          "event_id": "22",
          "computer_name": "vagrant-2016",
          "opcode": "Info",
          "version": 5,
          "time_created": "2019-07-18T03:34:04.692Z",
          "event_data": {
            "ProcessId": "2736",
            "QueryName": "pre-usermatch.targeting.unrulymedia.com",
            "QueryStatus": "0",
            "QueryResults": "type:  5 usermatch.targeting.unrulymedia.com;::ffff:89.160.20.156;::ffff:89.160.20.156;::ffff:89.160.20.156;::ffff:89.160.20.156;192.168.6.30;2a02:cf40:a83e::2:30;192.168.14.30;2a02:cf40:231d::2:30;192.168.92.30;2a02:cf40:83eb::30;",
            "Image": "C:\\Program Files (x86)\\Internet Explorer\\iexplore.exe",
            "UtcTime": "2019-07-18 03:34:04.137",
            "ProcessGuid": "{fa4a0de6-e8a9-5d2f-0000-001053699900}"
          },
          "process": {
            "thread": {
              "id": 1684
            },
            "pid": 2828
          }
        },
        "log": {
          "level": "information"
        },
        "event": {
          "code": "22",
          "kind": "event",
          "provider": "Microsoft-Windows-Sysmon",
          "original": "<Event xmlns='http://schemas.microsoft.com/win/2004/08/events/event'><System><Provider Name='Microsoft-Windows-Sysmon' Guid='{5770385f-c22a-43e0-bf4c-06f5698ffbd9}'/><EventID>22</EventID><Version>5</Version><Level>4</Level><Task>22</Task><Opcode>0</Opcode><Keywords>0x8000000000000000</Keywords><TimeCreated SystemTime='2019-07-18T03:34:04.692750200Z'/><EventRecordID>137</EventRecordID><Correlation/><Execution ProcessID='2828' ThreadID='1684'/><Channel>Microsoft-Windows-Sysmon/Operational</Channel><Computer>vagrant-2016</Computer><Security UserID='S-1-5-18'/></System><EventData><Data Name='RuleName'></Data><Data Name='UtcTime'>2019-07-18 03:34:04.137</Data><Data Name='ProcessGuid'>{fa4a0de6-e8a9-5d2f-0000-001053699900}</Data><Data Name='ProcessId'>2736</Data><Data Name='QueryName'>pre-usermatch.targeting.unrulymedia.com</Data><Data Name='QueryStatus'>0</Data><Data Name='QueryResults'>type:  5 usermatch.targeting.unrulymedia.com;::ffff:89.160.20.156;::ffff:89.160.20.156;::ffff:89.160.20.156;::ffff:89.160.20.156;192.168.6.30;2a02:cf40:a83e::2:30;192.168.14.30;2a02:cf40:231d::2:30;192.168.92.30;2a02:cf40:83eb::30;</Data><Data Name='Image'>C:\\Program Files (x86)\\Internet Explorer\\iexplore.exe</Data></EventData></Event>"
        }
      }
    },
    {
      "data_stream": "sysmon_operational",
      "package": "windows",
      "source": "test/test-events.json",
      "sample_event": {
        "@timestamp": "2021-05-05T15:30:51.704Z",
        "log": {
          "level": "information"
        },
        "event": {
          "original": "<Event xmlns='http://schemas.microsoft.com/win/2004/08/events/event'><System><Provider Name='Microsoft-Windows-Sysmon' Guid='{5770385f-c22a-43e0-bf4c-06f5698ffbd9}'/><EventID>22</EventID><Version>5</Version><Level>4</Level><Task>22</Task><Opcode>0</Opcode><Keywords>0x8000000000000000</Keywords><TimeCreated SystemTime='2019-07-18T03:34:04.692762900Z'/><EventRecordID>138</EventRecordID><Correlation/><Execution ProcessID='2828' ThreadID='1684'/><Channel>Microsoft-Windows-Sysmon/Operational</Channel><Computer>vagrant-2016</Computer><Security UserID='S-1-5-18'/></System><EventData><Data Name='RuleName'></Data><Data Name='UtcTime'>2019-07-18 03:34:04.141</Data><Data Name='ProcessGuid'>{fa4a0de6-e8a9-5d2f-0000-001053699900}</Data><Data Name='ProcessId'>2736</Data><Data Name='QueryName'>farm.plista.com</Data><Data Name='QueryStatus'>0</Data><Data Name='QueryResults'>type:  5 farm-hetzner.plista.com;::ffff:89.160.20.156;::ffff:89.160.20.156;::ffff:89.160.20.156;::ffff:89.160.20.156;::ffff:89.160.20.156;192.168.6.30;2a02:cf40:a83e::2:30;192.168.14.30;2a02:cf40:231d::2:30;192.168.92.30;2a02:cf40:83eb::30;192.168.80.30;</Data><Data Name='Image'>C:\\Program Files (x86)\\Internet Explorer\\iexplore.exe</Data></EventData></Event>",
          "code": "22",
          "kind": "event",
          "provider": "Microsoft-Windows-Sysmon"
        },
        "winlog": {
          "record_id": 138,
          "provider_guid": "{5770385f-c22a-43e0-bf4c-06f5698ffbd9}",
          "time_created": "2019-07-18T03:34:04.692Z",
          "level": "information",
          "user": {
            "identifier": "S-1-5-18"
          },
          "channel": "Microsoft-Windows-Sysmon/Operational",
          "provider_name": "Microsoft-Windows-Sysmon",
          "opcode": "Info",
          "version": 5,
          "event_data": {
            "QueryName": "farm.plista.com",
            "QueryStatus": "0",
            "QueryResults": "type:  5 farm-hetzner.plista.com;::ffff:89.160.20.156;::ffff:89.160.20.156;::ffff:89.160.20.156;::ffff:89.160.20.156;::ffff:89.160.20.156;192.168.6.30;2a02:cf40:a83e::2:30;192.168.14.30;2a02:cf40:231d::2:30;192.168.92.30;2a02:cf40:83eb::30;192.168.80.30;",
            "Image": "C:\\Program Files (x86)\\Internet Explorer\\iexplore.exe",
            "UtcTime": "2019-07-18 03:34:04.141",
            "ProcessGuid": "{fa4a0de6-e8a9-5d2f-0000-001053699900}",
            "ProcessId": "2736"
          },
          "process": {
            "pid": 2828,
            "thread": {
              "id": 1684
            }
          },
          "event_id": "22",
          "computer_name": "vagrant-2016"
        }
      }
    },
    {
      "data_stream": "sysmon_operational",
      "package": "windows",
      "source": "test/test-events.json",
      "sample_event": {
        "@timestamp": "2021-05-05T15:30:51.704Z",
        "log": {
          "level": "information"
        },
        "event": {
          "original": "<Event xmlns='http://schemas.microsoft.com/win/2004/08/events/event'><System><Provider Name='Microsoft-Windows-Sysmon' Guid='{5770385f-c22a-43e0-bf4c-06f5698ffbd9}'/><EventID>22</EventID><Version>5</Version><Level>4</Level><Task>22</Task><Opcode>0</Opcode><Keywords>0x8000000000000000</Keywords><TimeCreated SystemTime='2019-07-18T03:34:04.692780500Z'/><EventRecordID>139</EventRecordID><Correlation/><Execution ProcessID='2828' ThreadID='1684'/><Channel>Microsoft-Windows-Sysmon/Operational</Channel><Computer>vagrant-2016</Computer><Security UserID='S-1-5-18'/></System><EventData><Data Name='RuleName'></Data><Data Name='UtcTime'>2019-07-18 03:34:04.168</Data><Data Name='ProcessGuid'>{fa4a0de6-e8a9-5d2f-0000-001053699900}</Data><Data Name='ProcessId'>2736</Data><Data Name='QueryName'>beacon.krxd.net</Data><Data Name='QueryStatus'>0</Data><Data Name='QueryResults'>type:  5 beacon-n-ash.lb.krxd.net;type:  5 beacon-17-537698933.us-east-1.elb.amazonaws.com;::ffff:89.160.20.156;::ffff:89.160.20.156;::ffff:89.160.20.156;::ffff:89.160.20.156;::ffff:89.160.20.156;::ffff:89.160.20.156;::ffff:89.160.20.156;::ffff:89.160.20.156;192.168.6.30;</Data><Data Name='Image'>C:\\Program Files (x86)\\Internet Explorer\\iexplore.exe</Data></EventData></Event>",
          "kind": "event",
          "provider": "Microsoft-Windows-Sysmon",
          "code": "22"
        },
        "winlog": {
          "event_id": "22",
          "computer_name": "vagrant-2016",
          "opcode": "Info",
          "version": 5,
          "process": {
            "pid": 2828,
            "thread": {
              "id": 1684
            }
          },
          "channel": "Microsoft-Windows-Sysmon/Operational",
          "provider_name": "Microsoft-Windows-Sysmon",
          "record_id": 139,
          "provider_guid": "{5770385f-c22a-43e0-bf4c-06f5698ffbd9}",
          "time_created": "2019-07-18T03:34:04.692Z",
          "level": "information",
          "user": {
            "identifier": "S-1-5-18"
          },
          "event_data": {
            "QueryStatus": "0",
            "QueryResults": "type:  5 beacon-n-ash.lb.krxd.net;type:  5 beacon-17-537698933.us-east-1.elb.amazonaws.com;::ffff:89.160.20.156;::ffff:89.160.20.156;::ffff:89.160.20.156;::ffff:89.160.20.156;::ffff:89.160.20.156;::ffff:89.160.20.156;::ffff:89.160.20.156;::ffff:89.160.20.156;192.168.6.30;",
            "Image": "C:\\Program Files (x86)\\Internet Explorer\\iexplore.exe",
            "UtcTime": "2019-07-18 03:34:04.168",
            "ProcessGuid": "{fa4a0de6-e8a9-5d2f-0000-001053699900}",
            "ProcessId": "2736",
            "QueryName": "beacon.krxd.net"
          }
        }
      }
    },
    {
      "data_stream": "sysmon_operational",
      "package": "windows",
      "source": "test/test-events.json",
      "sample_event": {
        "@timestamp": "2021-05-05T15:30:51.703Z",
        "winlog": {
          "user": {
            "identifier": "S-1-5-18"
          },
          "event_data": {
            "SourceIsIpv6": "false",
            "DestinationPort": "137",
            "UtcTime": "2019-03-18 16:57:49.218",
            "ProcessGuid": "{42f11c3b-6e19-5c8c-0000-0010eb030000}",
            "Initiated": "true",
            "SourcePort": "137",
            "DestinationPortName": "netbios-ns",
            "ProcessId": "4",
            "Protocol": "udp",
            "SourceHostname": "vagrant-2012-r2.local.crowbird.com",
            "DestinationIp": "89.160.20.156",
            "DestinationIsIpv6": "false",
            "Image": "System",
            "User": "NT AUTHORITY\\SYSTEM",
            "SourceIp": "10.0.2.15",
            "SourcePortName": "netbios-ns"
          },
          "event_id": "3",
          "provider_name": "Microsoft-Windows-Sysmon",
          "record_id": 23,
          "computer_name": "vagrant-2012-r2",
          "provider_guid": "{5770385f-c22a-43e0-bf4c-06f5698ffbd9}",
          "level": "information",
          "channel": "Microsoft-Windows-Sysmon/Operational",
          "opcode": "Info",
          "version": 5,
          "time_created": "2019-03-18T16:57:50.357Z",
          "process": {
            "thread": {
              "id": 4492
            },
            "pid": 4860
          }
        },
        "log": {
          "level": "information"
        },
        "event": {
          "kind": "event",
          "provider": "Microsoft-Windows-Sysmon",
          "original": "<Event xmlns='http://schemas.microsoft.com/win/2004/08/events/event'><System><Provider Name='Microsoft-Windows-Sysmon' Guid='{5770385f-c22a-43e0-bf4c-06f5698ffbd9}'/><EventID>3</EventID><Version>5</Version><Level>4</Level><Task>3</Task><Opcode>0</Opcode><Keywords>0x8000000000000000</Keywords><TimeCreated SystemTime='2019-03-18T16:57:50.357238700Z'/><EventRecordID>23</EventRecordID><Correlation/><Execution ProcessID='4860' ThreadID='4492'/><Channel>Microsoft-Windows-Sysmon/Operational</Channel><Computer>vagrant-2012-r2</Computer><Security UserID='S-1-5-18'/></System><EventData><Data Name='RuleName'></Data><Data Name='UtcTime'>2019-03-18 16:57:49.218</Data><Data Name='ProcessGuid'>{42f11c3b-6e19-5c8c-0000-0010eb030000}</Data><Data Name='ProcessId'>4</Data><Data Name='Image'>System</Data><Data Name='User'>NT AUTHORITY\\SYSTEM</Data><Data Name='Protocol'>udp</Data><Data Name='Initiated'>true</Data><Data Name='SourceIsIpv6'>false</Data><Data Name='SourceIp'>10.0.2.15</Data><Data Name='SourceHostname'>vagrant-2012-r2.local.crowbird.com</Data><Data Name='SourcePort'>137</Data><Data Name='SourcePortName'>netbios-ns</Data><Data Name='DestinationIsIpv6'>false</Data><Data Name='DestinationIp'>89.160.20.156</Data><Data Name='DestinationHostname'></Data><Data Name='DestinationPort'>137</Data><Data Name='DestinationPortName'>netbios-ns</Data></EventData></Event>",
          "code": "3"
        }
      }
    },
    {
      "data_stream": "sysmon_operational",
      "package": "windows",
      "source": "test/test-events.json",
      "sample_event": {
        "@timestamp": "2021-05-05T15:30:51.703Z",
        "winlog": {
          "channel": "Microsoft-Windows-Sysmon/Operational",
          "event_id": "5",
          "provider_guid": "{5770385f-c22a-43e0-bf4c-06f5698ffbd9}",
          "level": "information",
          "process": {
            "pid": 4860,
            "thread": {
              "id": 4516
            }
          },
          "user": {
            "identifier": "S-1-5-18"
          },
          "event_data": {
            "UtcTime": "2019-03-18 16:57:52.350",
            "ProcessGuid": "{42f11c3b-ccc6-5c8f-0000-001005082900}",
            "ProcessId": "4832",
            "Image": "C:\\Program Files (x86)\\Google\\Chrome\\Application\\chrome.exe"
          },
          "provider_name": "Microsoft-Windows-Sysmon",
          "record_id": 24,
          "computer_name": "vagrant-2012-r2",
          "opcode": "Info",
          "version": 3,
          "time_created": "2019-03-18T16:57:52.354Z"
        },
        "log": {
          "level": "information"
        },
        "event": {
          "original": "<Event xmlns='http://schemas.microsoft.com/win/2004/08/events/event'><System><Provider Name='Microsoft-Windows-Sysmon' Guid='{5770385f-c22a-43e0-bf4c-06f5698ffbd9}'/><EventID>5</EventID><Version>3</Version><Level>4</Level><Task>5</Task><Opcode>0</Opcode><Keywords>0x8000000000000000</Keywords><TimeCreated SystemTime='2019-03-18T16:57:52.354274600Z'/><EventRecordID>24</EventRecordID><Correlation/><Execution ProcessID='4860' ThreadID='4516'/><Channel>Microsoft-Windows-Sysmon/Operational</Channel><Computer>vagrant-2012-r2</Computer><Security UserID='S-1-5-18'/></System><EventData><Data Name='RuleName'></Data><Data Name='UtcTime'>2019-03-18 16:57:52.350</Data><Data Name='ProcessGuid'>{42f11c3b-ccc6-5c8f-0000-001005082900}</Data><Data Name='ProcessId'>4832</Data><Data Name='Image'>C:\\Program Files (x86)\\Google\\Chrome\\Application\\chrome.exe</Data></EventData></Event>",
          "code": "5",
          "kind": "event",
          "provider": "Microsoft-Windows-Sysmon"
        }
      }
    },
    {
      "data_stream": "sysmon_operational",
      "package": "windows",
      "source": "test/test-events.json",
      "sample_event": {
        "@timestamp": "2021-05-05T15:30:51.703Z",
        "log": {
          "level": "information"
        },
        "event": {
          "provider": "Microsoft-Windows-Sysmon",
          "original": "<Event xmlns='http://schemas.microsoft.com/win/2004/08/events/event'><System><Provider Name='Microsoft-Windows-Sysmon' Guid='{5770385f-c22a-43e0-bf4c-06f5698ffbd9}'/><EventID>5</EventID><Version>3</Version><Level>4</Level><Task>5</Task><Opcode>0</Opcode><Keywords>0x8000000000000000</Keywords><TimeCreated SystemTime='2019-03-18T16:57:52.364042800Z'/><EventRecordID>25</EventRecordID><Correlation/><Execution ProcessID='4860' ThreadID='4516'/><Channel>Microsoft-Windows-Sysmon/Operational</Channel><Computer>vagrant-2012-r2</Computer><Security UserID='S-1-5-18'/></System><EventData><Data Name='RuleName'></Data><Data Name='UtcTime'>2019-03-18 16:57:52.364</Data><Data Name='ProcessGuid'>{42f11c3b-cccc-5c8f-0000-0010e8272900}</Data><Data Name='ProcessId'>3208</Data><Data Name='Image'>C:\\Program Files (x86)\\Google\\Chrome\\Application\\chrome.exe</Data></EventData></Event>",
          "code": "5",
          "kind": "event"
        },
        "winlog": {
          "event_id": "5",
          "provider_name": "Microsoft-Windows-Sysmon",
          "level": "information",
          "event_data": {
            "UtcTime": "2019-03-18 16:57:52.364",
            "ProcessGuid": "{42f11c3b-cccc-5c8f-0000-0010e8272900}",
            "ProcessId": "3208",
            "Image": "C:\\Program Files (x86)\\Google\\Chrome\\Application\\chrome.exe"
          },
          "channel": "Microsoft-Windows-Sysmon/Operational",
          "computer_name": "vagrant-2012-r2",
          "opcode": "Info",
          "provider_guid": "{5770385f-c22a-43e0-bf4c-06f5698ffbd9}",
          "version": 3,
          "time_created": "2019-03-18T16:57:52.364Z",
          "user": {
            "identifier": "S-1-5-18"
          },
          "process": {
            "pid": 4860,
            "thread": {
              "id": 4516
            }
          },
          "record_id": 25
        }
      }
    },
    {
      "data_stream": "sysmon_operational",
      "package": "windows",
      "source": "test/test-events.json",
      "sample_event": {
        "@timestamp": "2021-05-05T15:30:51.704Z",
        "winlog": {
          "event_data": {
            "ProcessGuid": "{42f11c3b-ccaa-5c8f-0000-0010b4e22700}",
            "ProcessId": "1600",
            "Image": "C:\\Program Files (x86)\\Google\\Chrome\\Application\\chrome.exe",
            "TargetFilename": "C:\\Users\\vagrant\\AppData\\Local\\Google\\Chrome\\User Data\\fe823684-c940-49f2-a940-14b02cbafba9.tmp",
            "CreationUtcTime": "2019-03-18 16:52:04.980",
            "PreviousCreationUtcTime": "2019-03-18 16:57:52.387",
            "UtcTime": "2019-03-18 16:57:52.387"
          },
          "channel": "Microsoft-Windows-Sysmon/Operational",
          "provider_name": "Microsoft-Windows-Sysmon",
          "computer_name": "vagrant-2012-r2",
          "version": 4,
          "time_created": "2019-03-18T16:57:52.402Z",
          "level": "information",
          "user": {
            "identifier": "S-1-5-18"
          },
          "process": {
            "thread": {
              "id": 4516
            },
            "pid": 4860
          },
          "event_id": "2",
          "record_id": 26,
          "opcode": "Info",
          "provider_guid": "{5770385f-c22a-43e0-bf4c-06f5698ffbd9}"
        },
        "log": {
          "level": "information"
        },
        "event": {
          "original": "<Event xmlns='http://schemas.microsoft.com/win/2004/08/events/event'><System><Provider Name='Microsoft-Windows-Sysmon' Guid='{5770385f-c22a-43e0-bf4c-06f5698ffbd9}'/><EventID>2</EventID><Version>4</Version><Level>4</Level><Task>2</Task><Opcode>0</Opcode><Keywords>0x8000000000000000</Keywords><TimeCreated SystemTime='2019-03-18T16:57:52.402119100Z'/><EventRecordID>26</EventRecordID><Correlation/><Execution ProcessID='4860' ThreadID='4516'/><Channel>Microsoft-Windows-Sysmon/Operational</Channel><Computer>vagrant-2012-r2</Computer><Security UserID='S-1-5-18'/></System><EventData><Data Name='RuleName'></Data><Data Name='UtcTime'>2019-03-18 16:57:52.387</Data><Data Name='ProcessGuid'>{42f11c3b-ccaa-5c8f-0000-0010b4e22700}</Data><Data Name='ProcessId'>1600</Data><Data Name='Image'>C:\\Program Files (x86)\\Google\\Chrome\\Application\\chrome.exe</Data><Data Name='TargetFilename'>C:\\Users\\vagrant\\AppData\\Local\\Google\\Chrome\\User Data\\fe823684-c940-49f2-a940-14b02cbafba9.tmp</Data><Data Name='CreationUtcTime'>2019-03-18 16:52:04.980</Data><Data Name='PreviousCreationUtcTime'>2019-03-18 16:57:52.387</Data></EventData></Event>",
          "provider": "Microsoft-Windows-Sysmon",
          "code": "2",
          "kind": "event"
        }
      }
    },
    {
      "data_stream": "sysmon_operational",
      "package": "windows",
      "source": "test/test-events.json",
      "sample_event": {
        "@timestamp": "2021-05-05T15:30:51.705Z",
        "log": {
          "level": "information"
        },
        "event": {
          "original": "<Event xmlns='http://schemas.microsoft.com/win/2004/08/events/event'><System><Provider Name='Microsoft-Windows-Sysmon' Guid='{5770385f-c22a-43e0-bf4c-06f5698ffbd9}'/><EventID>2</EventID><Version>4</Version><Level>4</Level><Task>2</Task><Opcode>0</Opcode><Keywords>0x8000000000000000</Keywords><TimeCreated SystemTime='2019-03-18T16:57:52.417733000Z'/><EventRecordID>27</EventRecordID><Correlation/><Execution ProcessID='4860' ThreadID='4516'/><Channel>Microsoft-Windows-Sysmon/Operational</Channel><Computer>vagrant-2012-r2</Computer><Security UserID='S-1-5-18'/></System><EventData><Data Name='RuleName'></Data><Data Name='UtcTime'>2019-03-18 16:57:52.417</Data><Data Name='ProcessGuid'>{42f11c3b-ccaa-5c8f-0000-0010b4e22700}</Data><Data Name='ProcessId'>1600</Data><Data Name='Image'>C:\\Program Files (x86)\\Google\\Chrome\\Application\\chrome.exe</Data><Data Name='TargetFilename'>C:\\Users\\vagrant\\AppData\\Local\\Google\\Chrome\\User Data\\162d4140-cfab-4d05-9c92-bca60515a622.tmp</Data><Data Name='CreationUtcTime'>2019-03-18 16:52:04.980</Data><Data Name='PreviousCreationUtcTime'>2019-03-18 16:57:52.402</Data></EventData></Event>",
          "code": "2",
          "kind": "event",
          "provider": "Microsoft-Windows-Sysmon"
        },
        "winlog": {
          "version": 4,
          "level": "information",
          "user": {
            "identifier": "S-1-5-18"
          },
          "record_id": 27,
          "opcode": "Info",
          "provider_guid": "{5770385f-c22a-43e0-bf4c-06f5698ffbd9}",
          "computer_name": "vagrant-2012-r2",
          "time_created": "2019-03-18T16:57:52.417Z",
          "event_data": {
            "ProcessId": "1600",
            "Image": "C:\\Program Files (x86)\\Google\\Chrome\\Application\\chrome.exe",
            "TargetFilename": "C:\\Users\\vagrant\\AppData\\Local\\Google\\Chrome\\User Data\\162d4140-cfab-4d05-9c92-bca60515a622.tmp",
            "CreationUtcTime": "2019-03-18 16:52:04.980",
            "PreviousCreationUtcTime": "2019-03-18 16:57:52.402",
            "UtcTime": "2019-03-18 16:57:52.417",
            "ProcessGuid": "{42f11c3b-ccaa-5c8f-0000-0010b4e22700}"
          },
          "process": {
            "pid": 4860,
            "thread": {
              "id": 4516
            }
          },
          "channel": "Microsoft-Windows-Sysmon/Operational",
          "event_id": "2",
          "provider_name": "Microsoft-Windows-Sysmon"
        }
      }
    },
    {
      "data_stream": "sysmon_operational",
      "package": "windows",
      "source": "test/test-events.json",
      "sample_event": {
        "@timestamp": "2021-05-05T15:30:51.705Z",
        "log": {
          "level": "information"
        },
        "event": {
          "original": "<Event xmlns='http://schemas.microsoft.com/win/2004/08/events/event'><System><Provider Name='Microsoft-Windows-Sysmon' Guid='{5770385f-c22a-43e0-bf4c-06f5698ffbd9}'/><EventID>2</EventID><Version>4</Version><Level>4</Level><Task>2</Task><Opcode>0</Opcode><Keywords>0x8000000000000000</Keywords><TimeCreated SystemTime='2019-03-18T16:57:52.417733000Z'/><EventRecordID>28</EventRecordID><Correlation/><Execution ProcessID='4860' ThreadID='4516'/><Channel>Microsoft-Windows-Sysmon/Operational</Channel><Computer>vagrant-2012-r2</Computer><Security UserID='S-1-5-18'/></System><EventData><Data Name='RuleName'></Data><Data Name='UtcTime'>2019-03-18 16:57:52.417</Data><Data Name='ProcessGuid'>{42f11c3b-ccaa-5c8f-0000-0010b4e22700}</Data><Data Name='ProcessId'>1600</Data><Data Name='Image'>C:\\Program Files (x86)\\Google\\Chrome\\Application\\chrome.exe</Data><Data Name='TargetFilename'>C:\\Users\\vagrant\\AppData\\Local\\Google\\Chrome\\User Data\\Default\\1450fedf-ac4c-4e35-b371-ed5d3bbe4776.tmp</Data><Data Name='CreationUtcTime'>2019-03-18 16:52:05.028</Data><Data Name='PreviousCreationUtcTime'>2019-03-18 16:57:52.402</Data></EventData></Event>",
          "code": "2",
          "kind": "event",
          "provider": "Microsoft-Windows-Sysmon"
        },
        "winlog": {
          "opcode": "Info",
          "provider_guid": "{5770385f-c22a-43e0-bf4c-06f5698ffbd9}",
          "version": 4,
          "time_created": "2019-03-18T16:57:52.417Z",
          "level": "information",
          "user": {
            "identifier": "S-1-5-18"
          },
          "process": {
            "pid": 4860,
            "thread": {
              "id": 4516
            }
          },
          "channel": "Microsoft-Windows-Sysmon/Operational",
          "event_id": "2",
          "provider_name": "Microsoft-Windows-Sysmon",
          "record_id": 28,
          "computer_name": "vagrant-2012-r2",
          "event_data": {
            "UtcTime": "2019-03-18 16:57:52.417",
            "ProcessGuid": "{42f11c3b-ccaa-5c8f-0000-0010b4e22700}",
            "ProcessId": "1600",
            "Image": "C:\\Program Files (x86)\\Google\\Chrome\\Application\\chrome.exe",
            "TargetFilename": "C:\\Users\\vagrant\\AppData\\Local\\Google\\Chrome\\User Data\\Default\\1450fedf-ac4c-4e35-b371-ed5d3bbe4776.tmp",
            "CreationUtcTime": "2019-03-18 16:52:05.028",
            "PreviousCreationUtcTime": "2019-03-18 16:57:52.402"
          }
        }
      }
    },
    {
      "data_stream": "sysmon_operational",
      "package": "windows",
      "source": "test/test-events.json",
      "sample_event": {
        "@timestamp": "2021-05-05T15:30:51.705Z",
        "log": {
          "level": "information"
        },
        "event": {
          "original": "<Event xmlns='http://schemas.microsoft.com/win/2004/08/events/event'><System><Provider Name='Microsoft-Windows-Sysmon' Guid='{5770385f-c22a-43e0-bf4c-06f5698ffbd9}'/><EventID>2</EventID><Version>4</Version><Level>4</Level><Task>2</Task><Opcode>0</Opcode><Keywords>0x8000000000000000</Keywords><TimeCreated SystemTime='2019-03-18T16:57:52.417733000Z'/><EventRecordID>29</EventRecordID><Correlation/><Execution ProcessID='4860' ThreadID='4516'/><Channel>Microsoft-Windows-Sysmon/Operational</Channel><Computer>vagrant-2012-r2</Computer><Security UserID='S-1-5-18'/></System><EventData><Data Name='RuleName'></Data><Data Name='UtcTime'>2019-03-18 16:57:52.417</Data><Data Name='ProcessGuid'>{42f11c3b-ccaa-5c8f-0000-0010b4e22700}</Data><Data Name='ProcessId'>1600</Data><Data Name='Image'>C:\\Program Files (x86)\\Google\\Chrome\\Application\\chrome.exe</Data><Data Name='TargetFilename'>C:\\Users\\vagrant\\AppData\\Local\\Google\\Chrome\\User Data\\Default\\37ed32e9-3c5f-4663-8457-c70743e9456d.tmp</Data><Data Name='CreationUtcTime'>2019-03-18 16:51:54.980</Data><Data Name='PreviousCreationUtcTime'>2019-03-18 16:57:52.417</Data></EventData></Event>",
          "code": "2",
          "kind": "event",
          "provider": "Microsoft-Windows-Sysmon"
        },
        "winlog": {
          "event_id": "2",
          "provider_name": "Microsoft-Windows-Sysmon",
          "computer_name": "vagrant-2012-r2",
          "version": 4,
          "time_created": "2019-03-18T16:57:52.417Z",
          "level": "information",
          "process": {
            "pid": 4860,
            "thread": {
              "id": 4516
            }
          },
          "channel": "Microsoft-Windows-Sysmon/Operational",
          "record_id": 29,
          "opcode": "Info",
          "provider_guid": "{5770385f-c22a-43e0-bf4c-06f5698ffbd9}",
          "user": {
            "identifier": "S-1-5-18"
          },
          "event_data": {
            "CreationUtcTime": "2019-03-18 16:51:54.980",
            "PreviousCreationUtcTime": "2019-03-18 16:57:52.417",
            "UtcTime": "2019-03-18 16:57:52.417",
            "ProcessGuid": "{42f11c3b-ccaa-5c8f-0000-0010b4e22700}",
            "ProcessId": "1600",
            "Image": "C:\\Program Files (x86)\\Google\\Chrome\\Application\\chrome.exe",
            "TargetFilename": "C:\\Users\\vagrant\\AppData\\Local\\Google\\Chrome\\User Data\\Default\\37ed32e9-3c5f-4663-8457-c70743e9456d.tmp"
          }
        }
      }
    },
    {
      "data_stream": "sysmon_operational",
      "package": "windows",
      "source": "test/test-events.json",
      "sample_event": {
        "@timestamp": "2021-05-05T15:30:51.705Z",
        "log": {
          "level": "information"
        },
        "event": {
          "original": "<Event xmlns='http://schemas.microsoft.com/win/2004/08/events/event'><System><Provider Name='Microsoft-Windows-Sysmon' Guid='{5770385f-c22a-43e0-bf4c-06f5698ffbd9}'/><EventID>5</EventID><Version>3</Version><Level>4</Level><Task>5</Task><Opcode>0</Opcode><Keywords>0x8000000000000000</Keywords><TimeCreated SystemTime='2019-03-18T16:57:52.433367300Z'/><EventRecordID>30</EventRecordID><Correlation/><Execution ProcessID='4860' ThreadID='4516'/><Channel>Microsoft-Windows-Sysmon/Operational</Channel><Computer>vagrant-2012-r2</Computer><Security UserID='S-1-5-18'/></System><EventData><Data Name='RuleName'></Data><Data Name='UtcTime'>2019-03-18 16:57:52.433</Data><Data Name='ProcessGuid'>{42f11c3b-ccab-5c8f-0000-001064eb2700}</Data><Data Name='ProcessId'>2680</Data><Data Name='Image'>C:\\Program Files (x86)\\Google\\Chrome\\Application\\chrome.exe</Data></EventData></Event>",
          "code": "5",
          "kind": "event",
          "provider": "Microsoft-Windows-Sysmon"
        },
        "winlog": {
          "version": 3,
          "level": "information",
          "event_data": {
            "UtcTime": "2019-03-18 16:57:52.433",
            "ProcessGuid": "{42f11c3b-ccab-5c8f-0000-001064eb2700}",
            "ProcessId": "2680",
            "Image": "C:\\Program Files (x86)\\Google\\Chrome\\Application\\chrome.exe"
          },
          "channel": "Microsoft-Windows-Sysmon/Operational",
          "event_id": "5",
          "provider_name": "Microsoft-Windows-Sysmon",
          "opcode": "Info",
          "user": {
            "identifier": "S-1-5-18"
          },
          "process": {
            "pid": 4860,
            "thread": {
              "id": 4516
            }
          },
          "record_id": 30,
          "computer_name": "vagrant-2012-r2",
          "provider_guid": "{5770385f-c22a-43e0-bf4c-06f5698ffbd9}",
          "time_created": "2019-03-18T16:57:52.433Z"
        },
        "agent": {
          "name": "mbp.local",
          "type": "filebeat",
          "version": "8.0.0",
          "ephemeral_id": "bdc6a4f9-ab87-41e0-a64e-bbcecdf73c6c",
          "id": "f0224db8-40a9-4f00-b117-333ddd1bc45b"
        }
      }
    },
    {
      "data_stream": "sysmon_operational",
      "package": "windows",
      "source": "test/test-events.json",
      "sample_event": {
        "@timestamp": "2021-05-05T15:30:51.705Z",
        "log": {
          "level": "information"
        },
        "event": {
          "code": "2",
          "kind": "event",
          "provider": "Microsoft-Windows-Sysmon",
          "original": "<Event xmlns='http://schemas.microsoft.com/win/2004/08/events/event'><System><Provider Name='Microsoft-Windows-Sysmon' Guid='{5770385f-c22a-43e0-bf4c-06f5698ffbd9}'/><EventID>2</EventID><Version>4</Version><Level>4</Level><Task>2</Task><Opcode>0</Opcode><Keywords>0x8000000000000000</Keywords><TimeCreated SystemTime='2019-03-18T16:57:52.433367300Z'/><EventRecordID>31</EventRecordID><Correlation/><Execution ProcessID='4860' ThreadID='4516'/><Channel>Microsoft-Windows-Sysmon/Operational</Channel><Computer>vagrant-2012-r2</Computer><Security UserID='S-1-5-18'/></System><EventData><Data Name='RuleName'></Data><Data Name='UtcTime'>2019-03-18 16:57:52.433</Data><Data Name='ProcessGuid'>{42f11c3b-ccaa-5c8f-0000-0010b4e22700}</Data><Data Name='ProcessId'>1600</Data><Data Name='Image'>C:\\Program Files (x86)\\Google\\Chrome\\Application\\chrome.exe</Data><Data Name='TargetFilename'>C:\\Users\\vagrant\\AppData\\Local\\Google\\Chrome\\User Data\\Default\\Storage\\ext\\nmmhkkegccagdldgiimedpiccmgmieda\\def\\ecb9c915-c4c2-4600-a920-f2bc302990a8.tmp</Data><Data Name='CreationUtcTime'>2019-03-18 16:52:08.496</Data><Data Name='PreviousCreationUtcTime'>2019-03-18 16:57:52.417</Data></EventData></Event>"
        },
        "winlog": {
          "opcode": "Info",
          "process": {
            "pid": 4860,
            "thread": {
              "id": 4516
            }
          },
          "channel": "Microsoft-Windows-Sysmon/Operational",
          "computer_name": "vagrant-2012-r2",
          "record_id": 31,
          "provider_guid": "{5770385f-c22a-43e0-bf4c-06f5698ffbd9}",
          "version": 4,
          "time_created": "2019-03-18T16:57:52.433Z",
          "level": "information",
          "user": {
            "identifier": "S-1-5-18"
          },
          "event_id": "2",
          "provider_name": "Microsoft-Windows-Sysmon",
          "event_data": {
            "Image": "C:\\Program Files (x86)\\Google\\Chrome\\Application\\chrome.exe",
            "TargetFilename": "C:\\Users\\vagrant\\AppData\\Local\\Google\\Chrome\\User Data\\Default\\Storage\\ext\\nmmhkkegccagdldgiimedpiccmgmieda\\def\\ecb9c915-c4c2-4600-a920-f2bc302990a8.tmp",
            "CreationUtcTime": "2019-03-18 16:52:08.496",
            "PreviousCreationUtcTime": "2019-03-18 16:57:52.417",
            "UtcTime": "2019-03-18 16:57:52.433",
            "ProcessGuid": "{42f11c3b-ccaa-5c8f-0000-0010b4e22700}",
            "ProcessId": "1600"
          }
        }
      }
    },
    {
      "data_stream": "sysmon_operational",
      "package": "windows",
      "source": "test/test-events.json",
      "sample_event": {
        "@timestamp": "2021-05-05T15:30:51.704Z",
        "event": {
          "original": "<Event xmlns='http://schemas.microsoft.com/win/2004/08/events/event'><System><Provider Name='Microsoft-Windows-Sysmon' Guid='{5770385f-c22a-43e0-bf4c-06f5698ffbd9}'/><EventID>22</EventID><Version>5</Version><Level>4</Level><Task>22</Task><Opcode>0</Opcode><Keywords>0x8000000000000000</Keywords><TimeCreated SystemTime='2019-07-18T03:34:04.692791400Z'/><EventRecordID>140</EventRecordID><Correlation/><Execution ProcessID='2828' ThreadID='1684'/><Channel>Microsoft-Windows-Sysmon/Operational</Channel><Computer>vagrant-2016</Computer><Security UserID='S-1-5-18'/></System><EventData><Data Name='RuleName'></Data><Data Name='UtcTime'>2019-07-18 03:34:04.169</Data><Data Name='ProcessGuid'>{fa4a0de6-e8a9-5d2f-0000-001053699900}</Data><Data Name='ProcessId'>2736</Data><Data Name='QueryName'>dsum.casalemedia.com</Data><Data Name='QueryStatus'>0</Data><Data Name='QueryResults'>type:  5 dsum.casalemedia.com.edgekey.net;type:  5 e8037.g.akamaiedge.net;::ffff:89.160.20.156;</Data><Data Name='Image'>C:\\Program Files (x86)\\Internet Explorer\\iexplore.exe</Data></EventData></Event>",
          "code": "22",
          "kind": "event",
          "provider": "Microsoft-Windows-Sysmon"
        },
        "log": {
          "level": "information"
        },
        "winlog": {
          "channel": "Microsoft-Windows-Sysmon/Operational",
          "event_id": "22",
          "computer_name": "vagrant-2016",
          "opcode": "Info",
          "version": 5,
          "time_created": "2019-07-18T03:34:04.692Z",
          "level": "information",
          "event_data": {
            "QueryResults": "type:  5 dsum.casalemedia.com.edgekey.net;type:  5 e8037.g.akamaiedge.net;::ffff:89.160.20.156;",
            "Image": "C:\\Program Files (x86)\\Internet Explorer\\iexplore.exe",
            "UtcTime": "2019-07-18 03:34:04.169",
            "ProcessGuid": "{fa4a0de6-e8a9-5d2f-0000-001053699900}",
            "ProcessId": "2736",
            "QueryName": "dsum.casalemedia.com",
            "QueryStatus": "0"
          },
          "process": {
            "pid": 2828,
            "thread": {
              "id": 1684
            }
          },
          "provider_name": "Microsoft-Windows-Sysmon",
          "record_id": 140,
          "provider_guid": "{5770385f-c22a-43e0-bf4c-06f5698ffbd9}",
          "user": {
            "identifier": "S-1-5-18"
          }
        }
      }
    },
    {
      "data_stream": "sysmon_operational",
      "package": "windows",
      "source": "test/test-events.json",
      "sample_event": {
        "@timestamp": "2021-05-05T15:30:51.704Z",
        "winlog": {
          "computer_name": "vagrant-2016",
          "opcode": "Info",
          "provider_guid": "{5770385f-c22a-43e0-bf4c-06f5698ffbd9}",
          "user": {
            "identifier": "S-1-5-18"
          },
          "event_data": {
            "Image": "C:\\Program Files (x86)\\Internet Explorer\\iexplore.exe",
            "UtcTime": "2019-07-18 03:34:04.169",
            "ProcessGuid": "{fa4a0de6-e8a9-5d2f-0000-001053699900}",
            "ProcessId": "2736",
            "QueryName": "sync.mathtag.com",
            "QueryStatus": "0",
            "QueryResults": "type:  5 pixel-origin.mathtag.com;::ffff:89.160.20.156;::ffff:89.160.20.156;::ffff:89.160.20.156;::ffff:89.160.20.156;192.168.6.30;2a02:cf40:a83e::2:30;192.168.14.30;2a02:cf40:231d::2:30;192.168.92.30;2a02:cf40:83eb::30;192.168.80.30;"
          },
          "record_id": 141,
          "event_id": "22",
          "provider_name": "Microsoft-Windows-Sysmon",
          "version": 5,
          "time_created": "2019-07-18T03:34:04.692Z",
          "level": "information",
          "process": {
            "pid": 2828,
            "thread": {
              "id": 1684
            }
          },
          "channel": "Microsoft-Windows-Sysmon/Operational"
        },
        "log": {
          "level": "information"
        },
        "event": {
          "original": "<Event xmlns='http://schemas.microsoft.com/win/2004/08/events/event'><System><Provider Name='Microsoft-Windows-Sysmon' Guid='{5770385f-c22a-43e0-bf4c-06f5698ffbd9}'/><EventID>22</EventID><Version>5</Version><Level>4</Level><Task>22</Task><Opcode>0</Opcode><Keywords>0x8000000000000000</Keywords><TimeCreated SystemTime='2019-07-18T03:34:04.692803100Z'/><EventRecordID>141</EventRecordID><Correlation/><Execution ProcessID='2828' ThreadID='1684'/><Channel>Microsoft-Windows-Sysmon/Operational</Channel><Computer>vagrant-2016</Computer><Security UserID='S-1-5-18'/></System><EventData><Data Name='RuleName'></Data><Data Name='UtcTime'>2019-07-18 03:34:04.169</Data><Data Name='ProcessGuid'>{fa4a0de6-e8a9-5d2f-0000-001053699900}</Data><Data Name='ProcessId'>2736</Data><Data Name='QueryName'>sync.mathtag.com</Data><Data Name='QueryStatus'>0</Data><Data Name='QueryResults'>type:  5 pixel-origin.mathtag.com;::ffff:89.160.20.156;::ffff:89.160.20.156;::ffff:89.160.20.156;::ffff:89.160.20.156;192.168.6.30;2a02:cf40:a83e::2:30;192.168.14.30;2a02:cf40:231d::2:30;192.168.92.30;2a02:cf40:83eb::30;192.168.80.30;</Data><Data Name='Image'>C:\\Program Files (x86)\\Internet Explorer\\iexplore.exe</Data></EventData></Event>",
          "code": "22",
          "kind": "event",
          "provider": "Microsoft-Windows-Sysmon"
        }
      }
    },
    {
      "data_stream": "sysmon_operational",
      "package": "windows",
      "source": "test/test-events.json",
      "sample_event": {
        "@timestamp": "2021-05-05T15:30:51.705Z",
        "winlog": {
          "opcode": "Info",
          "provider_guid": "{5770385f-c22a-43e0-bf4c-06f5698ffbd9}",
          "version": 5,
          "time_created": "2019-07-18T03:34:04.692Z",
          "level": "information",
          "user": {
            "identifier": "S-1-5-18"
          },
          "event_data": {
            "ProcessId": "2736",
            "QueryName": "status.rapidssl.com",
            "QueryStatus": "0",
            "QueryResults": "type:  5 ocsp.digicert.com;type:  5 cs9.wac.phicdn.net;::ffff:89.160.20.156;",
            "Image": "C:\\Program Files (x86)\\Internet Explorer\\iexplore.exe",
            "UtcTime": "2019-07-18 03:34:04.184",
            "ProcessGuid": "{fa4a0de6-e8a9-5d2f-0000-001053699900}"
          },
          "event_id": "22",
          "provider_name": "Microsoft-Windows-Sysmon",
          "record_id": 142,
          "computer_name": "vagrant-2016",
          "process": {
            "pid": 2828,
            "thread": {
              "id": 1684
            }
          },
          "channel": "Microsoft-Windows-Sysmon/Operational"
        },
        "log": {
          "level": "information"
        },
        "event": {
          "code": "22",
          "kind": "event",
          "provider": "Microsoft-Windows-Sysmon",
          "original": "<Event xmlns='http://schemas.microsoft.com/win/2004/08/events/event'><System><Provider Name='Microsoft-Windows-Sysmon' Guid='{5770385f-c22a-43e0-bf4c-06f5698ffbd9}'/><EventID>22</EventID><Version>5</Version><Level>4</Level><Task>22</Task><Opcode>0</Opcode><Keywords>0x8000000000000000</Keywords><TimeCreated SystemTime='2019-07-18T03:34:04.692814000Z'/><EventRecordID>142</EventRecordID><Correlation/><Execution ProcessID='2828' ThreadID='1684'/><Channel>Microsoft-Windows-Sysmon/Operational</Channel><Computer>vagrant-2016</Computer><Security UserID='S-1-5-18'/></System><EventData><Data Name='RuleName'></Data><Data Name='UtcTime'>2019-07-18 03:34:04.184</Data><Data Name='ProcessGuid'>{fa4a0de6-e8a9-5d2f-0000-001053699900}</Data><Data Name='ProcessId'>2736</Data><Data Name='QueryName'>status.rapidssl.com</Data><Data Name='QueryStatus'>0</Data><Data Name='QueryResults'>type:  5 ocsp.digicert.com;type:  5 cs9.wac.phicdn.net;::ffff:89.160.20.156;</Data><Data Name='Image'>C:\\Program Files (x86)\\Internet Explorer\\iexplore.exe</Data></EventData></Event>"
        }
      }
    },
