    {
      "data_stream": "sysmon_operational",
      "package": "windows",
      "source": "test/test-events.json",
      "sample_event": {
        "@timestamp": "2021-05-05T15:30:51.695Z",
        "event": {
          "code": "22",
          "kind": "event",
          "original": "<Event xmlns='http://schemas.microsoft.com/win/2004/08/events/event'><System><Provider Name='Microsoft-Windows-Sysmon' Guid='{5770385f-c22a-43e0-bf4c-06f5698ffbd9}'/><EventID>22</EventID><Version>5</Version><Level>4</Level><Task>22</Task><Opcode>0</Opcode><Keywords>0x8000000000000000</Keywords><TimeCreated SystemTime='2019-07-18T03:34:03.029251400Z'/><EventRecordID>88</EventRecordID><Correlation/><Execution ProcessID='2828' ThreadID='1684'/><Channel>Microsoft-Windows-Sysmon/Operational</Channel><Computer>vagrant-2016</Computer><Security UserID='S-1-5-18'/></System><EventData><Data Name='RuleName'></Data><Data Name='UtcTime'>2019-07-18 03:34:02.727</Data><Data Name='ProcessGuid'>{fa4a0de6-e8a9-5d2f-0000-001053699900}</Data><Data Name='ProcessId'>2736</Data><Data Name='QueryName'>px.ads.linkedin.com</Data><Data Name='QueryStatus'>0</Data><Data Name='QueryResults'>type:  5 mix.linkedin.com;type:  5 any-na.mix.linkedin.com;::ffff:89.160.20.156;192.168.6.30;2a02:cf40:a83e::2:30;192.168.14.30;2a02:cf40:231d::2:30;192.168.92.30;2a02:cf40:83eb::30;192.168.80.30;2a02:cf40:856e::30;192.168.94.30;</Data><Data Name='Image'>C:\\Program Files (x86)\\Internet Explorer\\iexplore.exe</Data></EventData></Event>",
          "provider": "Microsoft-Windows-Sysmon"
        },
        "winlog": {
          "event_id": "22",
          "computer_name": "vagrant-2016",
          "version": 5,
          "time_created": "2019-07-18T03:34:03.029Z",
          "level": "information",
          "user": {
            "identifier": "S-1-5-18"
          },
          "channel": "Microsoft-Windows-Sysmon/Operational",
          "provider_name": "Microsoft-Windows-Sysmon",
          "record_id": 88,
          "opcode": "Info",
          "provider_guid": "{5770385f-c22a-43e0-bf4c-06f5698ffbd9}",
          "event_data": {
            "QueryName": "px.ads.linkedin.com",
            "QueryStatus": "0",
            "QueryResults": "type:  5 mix.linkedin.com;type:  5 any-na.mix.linkedin.com;::ffff:89.160.20.156;192.168.6.30;2a02:cf40:a83e::2:30;192.168.14.30;2a02:cf40:231d::2:30;192.168.92.30;2a02:cf40:83eb::30;192.168.80.30;2a02:cf40:856e::30;192.168.94.30;",
            "Image": "C:\\Program Files (x86)\\Internet Explorer\\iexplore.exe",
            "UtcTime": "2019-07-18 03:34:02.727",
            "ProcessGuid": "{fa4a0de6-e8a9-5d2f-0000-001053699900}",
            "ProcessId": "2736"
          },
          "process": {
            "pid": 2828,
            "thread": {
              "id": 1684
            }
          }
        },
        "agent": {
          "name": "mbp.local",
          "type": "filebeat",
          "version": "8.0.0",
          "ephemeral_id": "bdc6a4f9-ab87-41e0-a64e-bbcecdf73c6c",
          "id": "f0224db8-40a9-4f00-b117-333ddd1bc45b"
        }
      }
    },
    {
      "data_stream": "sysmon_operational",
      "package": "windows",
      "source": "test/test-events.json",
      "sample_event": {
        "@timestamp": "2021-05-05T15:30:51.696Z",
        "winlog": {
          "time_created": "2019-07-18T03:34:03.029Z",
          "event_data": {
            "QueryResults": "type:  5 login.msa.msidentity.com;type:  5 lgin.msa.trafficmanager.net;::ffff:89.160.20.156;::ffff:89.160.20.156;::ffff:89.160.20.156;",
            "Image": "C:\\Program Files (x86)\\Internet Explorer\\iexplore.exe",
            "UtcTime": "2019-07-18 03:34:02.733",
            "ProcessGuid": "{fa4a0de6-e8a9-5d2f-0000-001053699900}",
            "ProcessId": "2736",
            "QueryName": "login.live.com",
            "QueryStatus": "0"
          },
          "provider_guid": "{5770385f-c22a-43e0-bf4c-06f5698ffbd9}",
          "event_id": "22",
          "provider_name": "Microsoft-Windows-Sysmon",
          "record_id": 89,
          "computer_name": "vagrant-2016",
          "opcode": "Info",
          "version": 5,
          "level": "information",
          "channel": "Microsoft-Windows-Sysmon/Operational",
          "process": {
            "pid": 2828,
            "thread": {
              "id": 1684
            }
          },
          "user": {
            "identifier": "S-1-5-18"
          }
        },
        "event": {
          "code": "22",
          "kind": "event",
          "provider": "Microsoft-Windows-Sysmon",
          "original": "<Event xmlns='http://schemas.microsoft.com/win/2004/08/events/event'><System><Provider Name='Microsoft-Windows-Sysmon' Guid='{5770385f-c22a-43e0-bf4c-06f5698ffbd9}'/><EventID>22</EventID><Version>5</Version><Level>4</Level><Task>22</Task><Opcode>0</Opcode><Keywords>0x8000000000000000</Keywords><TimeCreated SystemTime='2019-07-18T03:34:03.029260200Z'/><EventRecordID>89</EventRecordID><Correlation/><Execution ProcessID='2828' ThreadID='1684'/><Channel>Microsoft-Windows-Sysmon/Operational</Channel><Computer>vagrant-2016</Computer><Security UserID='S-1-5-18'/></System><EventData><Data Name='RuleName'></Data><Data Name='UtcTime'>2019-07-18 03:34:02.733</Data><Data Name='ProcessGuid'>{fa4a0de6-e8a9-5d2f-0000-001053699900}</Data><Data Name='ProcessId'>2736</Data><Data Name='QueryName'>login.live.com</Data><Data Name='QueryStatus'>0</Data><Data Name='QueryResults'>type:  5 login.msa.msidentity.com;type:  5 lgin.msa.trafficmanager.net;::ffff:89.160.20.156;::ffff:89.160.20.156;::ffff:89.160.20.156;</Data><Data Name='Image'>C:\\Program Files (x86)\\Internet Explorer\\iexplore.exe</Data></EventData></Event>"
        }
      }
    },
    {
      "data_stream": "sysmon_operational",
      "package": "windows",
      "source": "test/test-events.json",
      "sample_event": {
        "@timestamp": "2021-05-05T15:30:51.696Z",
        "event": {
          "provider": "Microsoft-Windows-Sysmon",
          "code": "22",
          "kind": "event",
          "original": "<Event xmlns='http://schemas.microsoft.com/win/2004/08/events/event'><System><Provider Name='Microsoft-Windows-Sysmon' Guid='{5770385f-c22a-43e0-bf4c-06f5698ffbd9}'/><EventID>22</EventID><Version>5</Version><Level>4</Level><Task>22</Task><Opcode>0</Opcode><Keywords>0x8000000000000000</Keywords><TimeCreated SystemTime='2019-07-18T03:34:03.029315200Z'/><EventRecordID>90</EventRecordID><Correlation/><Execution ProcessID='2828' ThreadID='1684'/><Channel>Microsoft-Windows-Sysmon/Operational</Channel><Computer>vagrant-2016</Computer><Security UserID='S-1-5-18'/></System><EventData><Data Name='RuleName'></Data><Data Name='UtcTime'>2019-07-18 03:34:02.792</Data><Data Name='ProcessGuid'>{fa4a0de6-e8a9-5d2f-0000-001053699900}</Data><Data Name='ProcessId'>2736</Data><Data Name='QueryName'>dis.criteo.com</Data><Data Name='QueryStatus'>0</Data><Data Name='QueryResults'>::ffff:89.160.20.156;192.168.6.30;2a02:cf40:a83e::2:30;192.168.14.30;2a02:cf40:231d::2:30;192.168.92.30;2a02:cf40:83eb::30;192.168.80.30;2a02:cf40:856e::30;192.168.94.30;2a02:cf40:1ca1::30;192.168.51.30;</Data><Data Name='Image'>C:\\Program Files (x86)\\Internet Explorer\\iexplore.exe</Data></EventData></Event>"
        },
        "winlog": {
          "version": 5,
          "time_created": "2019-07-18T03:34:03.029Z",
          "level": "information",
          "event_id": "22",
          "provider_name": "Microsoft-Windows-Sysmon",
          "record_id": 90,
          "computer_name": "vagrant-2016",
          "opcode": "Info",
          "user": {
            "identifier": "S-1-5-18"
          },
          "event_data": {
            "ProcessGuid": "{fa4a0de6-e8a9-5d2f-0000-001053699900}",
            "ProcessId": "2736",
            "QueryName": "dis.criteo.com",
            "QueryStatus": "0",
            "QueryResults": "::ffff:89.160.20.156;192.168.6.30;2a02:cf40:a83e::2:30;192.168.14.30;2a02:cf40:231d::2:30;192.168.92.30;2a02:cf40:83eb::30;192.168.80.30;2a02:cf40:856e::30;192.168.94.30;2a02:cf40:1ca1::30;192.168.51.30;",
            "Image": "C:\\Program Files (x86)\\Internet Explorer\\iexplore.exe",
            "UtcTime": "2019-07-18 03:34:02.792"
          },
          "process": {
            "pid": 2828,
            "thread": {
              "id": 1684
            }
          },
          "channel": "Microsoft-Windows-Sysmon/Operational",
          "provider_guid": "{5770385f-c22a-43e0-bf4c-06f5698ffbd9}"
        },
        "agent": {
          "id": "f0224db8-40a9-4f00-b117-333ddd1bc45b",
          "name": "mbp.local",
          "type": "filebeat",
          "version": "8.0.0",
          "ephemeral_id": "bdc6a4f9-ab87-41e0-a64e-bbcecdf73c6c"
        }
      }
    },
    {
      "data_stream": "sysmon_operational",
      "package": "windows",
      "source": "test/test-events.json",
      "sample_event": {
        "@timestamp": "2021-05-05T15:30:51.696Z",
        "event": {
          "original": "<Event xmlns='http://schemas.microsoft.com/win/2004/08/events/event'><System><Provider Name='Microsoft-Windows-Sysmon' Guid='{5770385f-c22a-43e0-bf4c-06f5698ffbd9}'/><EventID>22</EventID><Version>5</Version><Level>4</Level><Task>22</Task><Opcode>0</Opcode><Keywords>0x8000000000000000</Keywords><TimeCreated SystemTime='2019-07-18T03:34:03.029331100Z'/><EventRecordID>91</EventRecordID><Correlation/><Execution ProcessID='2828' ThreadID='1684'/><Channel>Microsoft-Windows-Sysmon/Operational</Channel><Computer>vagrant-2016</Computer><Security UserID='S-1-5-18'/></System><EventData><Data Name='RuleName'></Data><Data Name='UtcTime'>2019-07-18 03:34:02.792</Data><Data Name='ProcessGuid'>{fa4a0de6-e8a9-5d2f-0000-001053699900}</Data><Data Name='ProcessId'>2736</Data><Data Name='QueryName'>ib.adnxs.com</Data><Data Name='QueryStatus'>0</Data><Data Name='QueryResults'>type:  5 g.geogslb.com;type:  5 ib.anycast.adnxs.com;::ffff:89.160.20.156;::ffff:89.160.20.156;::ffff:89.160.20.156;::ffff:89.160.20.156;::ffff:89.160.20.156;::ffff:89.160.20.156;::ffff:89.160.20.156;::ffff:89.160.20.156;192.168.6.30;2a02:cf40:a83e::2:30;192.168.14.30;</Data><Data Name='Image'>C:\\Program Files (x86)\\Internet Explorer\\iexplore.exe</Data></EventData></Event>",
          "provider": "Microsoft-Windows-Sysmon",
          "code": "22",
          "kind": "event"
        },
        "winlog": {
          "computer_name": "vagrant-2016",
          "opcode": "Info",
          "version": 5,
          "time_created": "2019-07-18T03:34:03.029Z",
          "user": {
            "identifier": "S-1-5-18"
          },
          "provider_name": "Microsoft-Windows-Sysmon",
          "event_id": "22",
          "record_id": 91,
          "provider_guid": "{5770385f-c22a-43e0-bf4c-06f5698ffbd9}",
          "level": "information",
          "event_data": {
            "QueryResults": "type:  5 g.geogslb.com;type:  5 ib.anycast.adnxs.com;::ffff:89.160.20.156;::ffff:89.160.20.156;::ffff:89.160.20.156;::ffff:89.160.20.156;::ffff:89.160.20.156;::ffff:89.160.20.156;::ffff:89.160.20.156;::ffff:89.160.20.156;192.168.6.30;2a02:cf40:a83e::2:30;192.168.14.30;",
            "Image": "C:\\Program Files (x86)\\Internet Explorer\\iexplore.exe",
            "UtcTime": "2019-07-18 03:34:02.792",
            "ProcessGuid": "{fa4a0de6-e8a9-5d2f-0000-001053699900}",
            "ProcessId": "2736",
            "QueryName": "ib.adnxs.com",
            "QueryStatus": "0"
          },
          "process": {
            "pid": 2828,
            "thread": {
              "id": 1684
            }
          },
          "channel": "Microsoft-Windows-Sysmon/Operational"
        }
      }
    },
    {
      "data_stream": "sysmon_operational",
      "package": "windows",
      "source": "test/test-events.json",
      "sample_event": {
        "@timestamp": "2021-05-05T15:30:51.696Z",
        "event": {
          "kind": "event",
          "provider": "Microsoft-Windows-Sysmon",
          "original": "<Event xmlns='http://schemas.microsoft.com/win/2004/08/events/event'><System><Provider Name='Microsoft-Windows-Sysmon' Guid='{5770385f-c22a-43e0-bf4c-06f5698ffbd9}'/><EventID>22</EventID><Version>5</Version><Level>4</Level><Task>22</Task><Opcode>0</Opcode><Keywords>0x8000000000000000</Keywords><TimeCreated SystemTime='2019-07-18T03:34:03.029339900Z'/><EventRecordID>92</EventRecordID><Correlation/><Execution ProcessID='2828' ThreadID='1684'/><Channel>Microsoft-Windows-Sysmon/Operational</Channel><Computer>vagrant-2016</Computer><Security UserID='S-1-5-18'/></System><EventData><Data Name='RuleName'></Data><Data Name='UtcTime'>2019-07-18 03:34:02.809</Data><Data Name='ProcessGuid'>{fa4a0de6-e8a9-5d2f-0000-001053699900}</Data><Data Name='ProcessId'>2736</Data><Data Name='QueryName'>cm.g.doubleclick.net</Data><Data Name='QueryStatus'>0</Data><Data Name='QueryResults'>type:  5 pagead.l.doubleclick.net;::ffff:89.160.20.156;</Data><Data Name='Image'>C:\\Program Files (x86)\\Internet Explorer\\iexplore.exe</Data></EventData></Event>",
          "code": "22"
        },
        "winlog": {
          "computer_name": "vagrant-2016",
          "provider_guid": "{5770385f-c22a-43e0-bf4c-06f5698ffbd9}",
          "time_created": "2019-07-18T03:34:03.029Z",
          "channel": "Microsoft-Windows-Sysmon/Operational",
          "provider_name": "Microsoft-Windows-Sysmon",
          "record_id": 92,
          "opcode": "Info",
          "version": 5,
          "level": "information",
          "user": {
            "identifier": "S-1-5-18"
          },
          "event_data": {
            "QueryStatus": "0",
            "QueryResults": "type:  5 pagead.l.doubleclick.net;::ffff:89.160.20.156;",
            "Image": "C:\\Program Files (x86)\\Internet Explorer\\iexplore.exe",
            "UtcTime": "2019-07-18 03:34:02.809",
            "ProcessGuid": "{fa4a0de6-e8a9-5d2f-0000-001053699900}",
            "ProcessId": "2736",
            "QueryName": "cm.g.doubleclick.net"
          },
          "event_id": "22",
          "process": {
            "pid": 2828,
            "thread": {
              "id": 1684
            }
          }
        }
      }
    },
    {
      "data_stream": "sysmon_operational",
      "package": "windows",
      "source": "test/test-events.json",
      "sample_event": {
        "@timestamp": "2021-05-05T15:30:51.696Z",
        "event": {
          "original": "<Event xmlns='http://schemas.microsoft.com/win/2004/08/events/event'><System><Provider Name='Microsoft-Windows-Sysmon' Guid='{5770385f-c22a-43e0-bf4c-06f5698ffbd9}'/><EventID>22</EventID><Version>5</Version><Level>4</Level><Task>22</Task><Opcode>0</Opcode><Keywords>0x8000000000000000</Keywords><TimeCreated SystemTime='2019-07-18T03:34:03.029350100Z'/><EventRecordID>93</EventRecordID><Correlation/><Execution ProcessID='2828' ThreadID='1684'/><Channel>Microsoft-Windows-Sysmon/Operational</Channel><Computer>vagrant-2016</Computer><Security UserID='S-1-5-18'/></System><EventData><Data Name='RuleName'></Data><Data Name='UtcTime'>2019-07-18 03:34:02.821</Data><Data Name='ProcessGuid'>{fa4a0de6-e8a9-5d2f-0000-001053699900}</Data><Data Name='ProcessId'>2736</Data><Data Name='QueryName'>match.adsrvr.org</Data><Data Name='QueryStatus'>0</Data><Data Name='QueryResults'>type:  5 match-975362022.us-east-1.elb.amazonaws.com;::ffff:89.160.20.156;::ffff:89.160.20.156;::ffff:89.160.20.156;::ffff:89.160.20.156;::ffff:89.160.20.156;::ffff:89.160.20.156;::ffff:89.160.20.156;192.168.6.30;2a02:cf40:a83e::2:30;192.168.14.30;</Data><Data Name='Image'>C:\\Program Files (x86)\\Internet Explorer\\iexplore.exe</Data></EventData></Event>",
          "code": "22",
          "kind": "event",
          "provider": "Microsoft-Windows-Sysmon"
        },
        "winlog": {
          "version": 5,
          "user": {
            "identifier": "S-1-5-18"
          },
          "event_data": {
            "QueryStatus": "0",
            "QueryResults": "type:  5 match-975362022.us-east-1.elb.amazonaws.com;::ffff:89.160.20.156;::ffff:89.160.20.156;::ffff:89.160.20.156;::ffff:89.160.20.156;::ffff:89.160.20.156;::ffff:89.160.20.156;::ffff:89.160.20.156;192.168.6.30;2a02:cf40:a83e::2:30;192.168.14.30;",
            "Image": "C:\\Program Files (x86)\\Internet Explorer\\iexplore.exe",
            "UtcTime": "2019-07-18 03:34:02.821",
            "ProcessGuid": "{fa4a0de6-e8a9-5d2f-0000-001053699900}",
            "ProcessId": "2736",
            "QueryName": "match.adsrvr.org"
          },
          "opcode": "Info",
          "event_id": "22",
          "provider_name": "Microsoft-Windows-Sysmon",
          "record_id": 93,
          "computer_name": "vagrant-2016",
          "provider_guid": "{5770385f-c22a-43e0-bf4c-06f5698ffbd9}",
          "time_created": "2019-07-18T03:34:03.029Z",
          "level": "information",
          "channel": "Microsoft-Windows-Sysmon/Operational",
          "process": {
            "pid": 2828,
            "thread": {
              "id": 1684
            }
          }
        }
      }
    },
    {
      "data_stream": "sysmon_operational",
      "package": "windows",
      "source": "test/test-events.json",
      "sample_event": {
        "@timestamp": "2021-05-05T15:30:51.696Z",
        "event": {
          "original": "<Event xmlns='http://schemas.microsoft.com/win/2004/08/events/event'><System><Provider Name='Microsoft-Windows-Sysmon' Guid='{5770385f-c22a-43e0-bf4c-06f5698ffbd9}'/><EventID>22</EventID><Version>5</Version><Level>4</Level><Task>22</Task><Opcode>0</Opcode><Keywords>0x8000000000000000</Keywords><TimeCreated SystemTime='2019-07-18T03:34:03.029358900Z'/><EventRecordID>94</EventRecordID><Correlation/><Execution ProcessID='2828' ThreadID='1684'/><Channel>Microsoft-Windows-Sysmon/Operational</Channel><Computer>vagrant-2016</Computer><Security UserID='S-1-5-18'/></System><EventData><Data Name='RuleName'></Data><Data Name='UtcTime'>2019-07-18 03:34:02.821</Data><Data Name='ProcessGuid'>{fa4a0de6-e8a9-5d2f-0000-001053699900}</Data><Data Name='ProcessId'>2736</Data><Data Name='QueryName'>ssum-sec.casalemedia.com</Data><Data Name='QueryStatus'>0</Data><Data Name='QueryResults'>type:  5 ssum-sec.casalemedia.com.edgekey.net;type:  5 e8037.g.akamaiedge.net;::ffff:89.160.20.156;</Data><Data Name='Image'>C:\\Program Files (x86)\\Internet Explorer\\iexplore.exe</Data></EventData></Event>",
          "code": "22",
          "kind": "event",
          "provider": "Microsoft-Windows-Sysmon"
        },
        "winlog": {
          "event_id": "22",
          "opcode": "Info",
          "time_created": "2019-07-18T03:34:03.029Z",
          "user": {
            "identifier": "S-1-5-18"
          },
          "event_data": {
            "Image": "C:\\Program Files (x86)\\Internet Explorer\\iexplore.exe",
            "UtcTime": "2019-07-18 03:34:02.821",
            "ProcessGuid": "{fa4a0de6-e8a9-5d2f-0000-001053699900}",
            "ProcessId": "2736",
            "QueryName": "ssum-sec.casalemedia.com",
            "QueryStatus": "0",
            "QueryResults": "type:  5 ssum-sec.casalemedia.com.edgekey.net;type:  5 e8037.g.akamaiedge.net;::ffff:89.160.20.156;"
          },
          "level": "information",
          "process": {
            "pid": 2828,
            "thread": {
              "id": 1684
            }
          },
          "channel": "Microsoft-Windows-Sysmon/Operational",
          "provider_name": "Microsoft-Windows-Sysmon",
          "record_id": 94,
          "computer_name": "vagrant-2016",
          "provider_guid": "{5770385f-c22a-43e0-bf4c-06f5698ffbd9}",
          "version": 5
        }
      }
    },
    {
      "data_stream": "sysmon_operational",
      "package": "windows",
      "source": "test/test-events.json",
      "sample_event": {
        "@timestamp": "2021-05-05T15:30:51.696Z",
        "event": {
          "original": "<Event xmlns='http://schemas.microsoft.com/win/2004/08/events/event'><System><Provider Name='Microsoft-Windows-Sysmon' Guid='{5770385f-c22a-43e0-bf4c-06f5698ffbd9}'/><EventID>22</EventID><Version>5</Version><Level>4</Level><Task>22</Task><Opcode>0</Opcode><Keywords>0x8000000000000000</Keywords><TimeCreated SystemTime='2019-07-18T03:34:03.029369500Z'/><EventRecordID>95</EventRecordID><Correlation/><Execution ProcessID='2828' ThreadID='1684'/><Channel>Microsoft-Windows-Sysmon/Operational</Channel><Computer>vagrant-2016</Computer><Security UserID='S-1-5-18'/></System><EventData><Data Name='RuleName'></Data><Data Name='UtcTime'>2019-07-18 03:34:02.828</Data><Data Name='ProcessGuid'>{fa4a0de6-e8a9-5d2f-0000-001053699900}</Data><Data Name='ProcessId'>2736</Data><Data Name='QueryName'>protected-by.clarium.io</Data><Data Name='QueryStatus'>0</Data><Data Name='QueryResults'>type:  5 adserver-clarium-446793891.us-east-1.elb.amazonaws.com;::ffff:89.160.20.156;::ffff:89.160.20.156;::ffff:89.160.20.156;::ffff:89.160.20.156;::ffff:89.160.20.156;::ffff:89.160.20.156;::ffff:89.160.20.156;::ffff:89.160.20.156;192.168.6.30;2a02:cf40:a83e::2:30;</Data><Data Name='Image'>C:\\Program Files (x86)\\Internet Explorer\\iexplore.exe</Data></EventData></Event>",
          "kind": "event",
          "provider": "Microsoft-Windows-Sysmon",
          "code": "22"
        },
        "winlog": {
          "event_id": "22",
          "record_id": 95,
          "opcode": "Info",
          "provider_guid": "{5770385f-c22a-43e0-bf4c-06f5698ffbd9}",
          "level": "information",
          "channel": "Microsoft-Windows-Sysmon/Operational",
          "computer_name": "vagrant-2016",
          "version": 5,
          "time_created": "2019-07-18T03:34:03.029Z",
          "user": {
            "identifier": "S-1-5-18"
          },
          "event_data": {
            "UtcTime": "2019-07-18 03:34:02.828",
            "ProcessGuid": "{fa4a0de6-e8a9-5d2f-0000-001053699900}",
            "ProcessId": "2736",
            "QueryName": "protected-by.clarium.io",
            "QueryStatus": "0",
            "QueryResults": "type:  5 adserver-clarium-446793891.us-east-1.elb.amazonaws.com;::ffff:89.160.20.156;::ffff:89.160.20.156;::ffff:89.160.20.156;::ffff:89.160.20.156;::ffff:89.160.20.156;::ffff:89.160.20.156;::ffff:89.160.20.156;::ffff:89.160.20.156;192.168.6.30;2a02:cf40:a83e::2:30;",
            "Image": "C:\\Program Files (x86)\\Internet Explorer\\iexplore.exe"
          },
          "process": {
            "pid": 2828,
            "thread": {
              "id": 1684
            }
          },
          "provider_name": "Microsoft-Windows-Sysmon"
        }
      }
    },
    {
      "data_stream": "sysmon_operational",
      "package": "windows",
      "source": "test/test-events.json",
      "sample_event": {
        "@timestamp": "2021-05-05T15:30:51.696Z",
        "log": {
          "level": "information"
        },
        "event": {
          "original": "<Event xmlns='http://schemas.microsoft.com/win/2004/08/events/event'><System><Provider Name='Microsoft-Windows-Sysmon' Guid='{5770385f-c22a-43e0-bf4c-06f5698ffbd9}'/><EventID>22</EventID><Version>5</Version><Level>4</Level><Task>22</Task><Opcode>0</Opcode><Keywords>0x8000000000000000</Keywords><TimeCreated SystemTime='2019-07-18T03:34:03.029379000Z'/><EventRecordID>96</EventRecordID><Correlation/><Execution ProcessID='2828' ThreadID='1684'/><Channel>Microsoft-Windows-Sysmon/Operational</Channel><Computer>vagrant-2016</Computer><Security UserID='S-1-5-18'/></System><EventData><Data Name='RuleName'></Data><Data Name='UtcTime'>2019-07-18 03:34:02.838</Data><Data Name='ProcessGuid'>{fa4a0de6-e8a9-5d2f-0000-001053699900}</Data><Data Name='ProcessId'>2736</Data><Data Name='QueryName'>pagead2.googlesyndication.com</Data><Data Name='QueryStatus'>0</Data><Data Name='QueryResults'>type:  5 pagead46.l.doubleclick.net;::ffff:89.160.20.156;</Data><Data Name='Image'>C:\\Program Files (x86)\\Internet Explorer\\iexplore.exe</Data></EventData></Event>",
          "code": "22",
          "kind": "event",
          "provider": "Microsoft-Windows-Sysmon"
        },
        "winlog": {
          "event_id": "22",
          "record_id": 96,
          "opcode": "Info",
          "provider_guid": "{5770385f-c22a-43e0-bf4c-06f5698ffbd9}",
          "version": 5,
          "time_created": "2019-07-18T03:34:03.029Z",
          "level": "information",
          "channel": "Microsoft-Windows-Sysmon/Operational",
          "provider_name": "Microsoft-Windows-Sysmon",
          "computer_name": "vagrant-2016",
          "user": {
            "identifier": "S-1-5-18"
          },
          "event_data": {
            "UtcTime": "2019-07-18 03:34:02.838",
            "ProcessGuid": "{fa4a0de6-e8a9-5d2f-0000-001053699900}",
            "ProcessId": "2736",
            "QueryName": "pagead2.googlesyndication.com",
            "QueryStatus": "0",
            "QueryResults": "type:  5 pagead46.l.doubleclick.net;::ffff:89.160.20.156;",
            "Image": "C:\\Program Files (x86)\\Internet Explorer\\iexplore.exe"
          },
          "process": {
            "pid": 2828,
            "thread": {
              "id": 1684
            }
          }
        }
      }
    },
    {
      "data_stream": "sysmon_operational",
      "package": "windows",
      "source": "test/test-events.json",
      "sample_event": {
        "@timestamp": "2021-05-05T15:30:51.696Z",
        "log": {
          "level": "information"
        },
        "event": {
          "code": "22",
          "kind": "event",
          "provider": "Microsoft-Windows-Sysmon",
          "original": "<Event xmlns='http://schemas.microsoft.com/win/2004/08/events/event'><System><Provider Name='Microsoft-Windows-Sysmon' Guid='{5770385f-c22a-43e0-bf4c-06f5698ffbd9}'/><EventID>22</EventID><Version>5</Version><Level>4</Level><Task>22</Task><Opcode>0</Opcode><Keywords>0x8000000000000000</Keywords><TimeCreated SystemTime='2019-07-18T03:34:03.029388500Z'/><EventRecordID>97</EventRecordID><Correlation/><Execution ProcessID='2828' ThreadID='1684'/><Channel>Microsoft-Windows-Sysmon/Operational</Channel><Computer>vagrant-2016</Computer><Security UserID='S-1-5-18'/></System><EventData><Data Name='RuleName'></Data><Data Name='UtcTime'>2019-07-18 03:34:02.839</Data><Data Name='ProcessGuid'>{fa4a0de6-e8a9-5d2f-0000-001053699900}</Data><Data Name='ProcessId'>2736</Data><Data Name='QueryName'>googleads.g.doubleclick.net</Data><Data Name='QueryStatus'>0</Data><Data Name='QueryResults'>type:  5 pagead46.l.doubleclick.net;::ffff:89.160.20.156;</Data><Data Name='Image'>C:\\Program Files (x86)\\Internet Explorer\\iexplore.exe</Data></EventData></Event>"
        },
        "winlog": {
          "process": {
            "pid": 2828,
            "thread": {
              "id": 1684
            }
          },
          "channel": "Microsoft-Windows-Sysmon/Operational",
          "event_id": "22",
          "provider_name": "Microsoft-Windows-Sysmon",
          "record_id": 97,
          "computer_name": "vagrant-2016",
          "version": 5,
          "level": "information",
          "opcode": "Info",
          "provider_guid": "{5770385f-c22a-43e0-bf4c-06f5698ffbd9}",
          "time_created": "2019-07-18T03:34:03.029Z",
          "user": {
            "identifier": "S-1-5-18"
          },
          "event_data": {
            "Image": "C:\\Program Files (x86)\\Internet Explorer\\iexplore.exe",
            "UtcTime": "2019-07-18 03:34:02.839",
            "ProcessGuid": "{fa4a0de6-e8a9-5d2f-0000-001053699900}",
            "ProcessId": "2736",
            "QueryName": "googleads.g.doubleclick.net",
            "QueryStatus": "0",
            "QueryResults": "type:  5 pagead46.l.doubleclick.net;::ffff:89.160.20.156;"
          }
        }
      }
    },
    {
      "data_stream": "sysmon_operational",
      "package": "windows",
      "source": "test/test-events.json",
      "sample_event": {
        "@timestamp": "2021-05-05T15:30:51.696Z",
        "log": {
          "level": "information"
        },
        "event": {
          "original": "<Event xmlns='http://schemas.microsoft.com/win/2004/08/events/event'><System><Provider Name='Microsoft-Windows-Sysmon' Guid='{5770385f-c22a-43e0-bf4c-06f5698ffbd9}'/><EventID>22</EventID><Version>5</Version><Level>4</Level><Task>22</Task><Opcode>0</Opcode><Keywords>0x8000000000000000</Keywords><TimeCreated SystemTime='2019-07-18T03:34:03.029398800Z'/><EventRecordID>98</EventRecordID><Correlation/><Execution ProcessID='2828' ThreadID='1684'/><Channel>Microsoft-Windows-Sysmon/Operational</Channel><Computer>vagrant-2016</Computer><Security UserID='S-1-5-18'/></System><EventData><Data Name='RuleName'></Data><Data Name='UtcTime'>2019-07-18 03:34:02.841</Data><Data Name='ProcessGuid'>{fa4a0de6-e8a9-5d2f-0000-001053699900}</Data><Data Name='ProcessId'>2736</Data><Data Name='QueryName'>pixel.advertising.com</Data><Data Name='QueryStatus'>0</Data><Data Name='QueryResults'>type:  5 prod.ups-adcom.aolp-ds-prd.aws.oath.cloud;type:  5 prod.ups-us-east-1.aolp-ds-prd.aws.oath.cloud;::ffff:89.160.20.156;::ffff:89.160.20.156;::ffff:89.160.20.156;::ffff:89.160.20.156;::ffff:89.160.20.156;::ffff:89.160.20.156;::ffff:89.160.20.156;::ffff:89.160.20.156;</Data><Data Name='Image'>C:\\Program Files (x86)\\Internet Explorer\\iexplore.exe</Data></EventData></Event>",
          "code": "22",
          "kind": "event",
          "provider": "Microsoft-Windows-Sysmon"
        },
        "winlog": {
          "provider_guid": "{5770385f-c22a-43e0-bf4c-06f5698ffbd9}",
          "time_created": "2019-07-18T03:34:03.029Z",
          "user": {
            "identifier": "S-1-5-18"
          },
          "event_data": {
            "ProcessGuid": "{fa4a0de6-e8a9-5d2f-0000-001053699900}",
            "ProcessId": "2736",
            "QueryName": "pixel.advertising.com",
            "QueryStatus": "0",
            "QueryResults": "type:  5 prod.ups-adcom.aolp-ds-prd.aws.oath.cloud;type:  5 prod.ups-us-east-1.aolp-ds-prd.aws.oath.cloud;::ffff:89.160.20.156;::ffff:89.160.20.156;::ffff:89.160.20.156;::ffff:89.160.20.156;::ffff:89.160.20.156;::ffff:89.160.20.156;::ffff:89.160.20.156;::ffff:89.160.20.156;",
            "Image": "C:\\Program Files (x86)\\Internet Explorer\\iexplore.exe",
            "UtcTime": "2019-07-18 03:34:02.841"
          },
          "process": {
            "pid": 2828,
            "thread": {
              "id": 1684
            }
          },
          "channel": "Microsoft-Windows-Sysmon/Operational",
          "provider_name": "Microsoft-Windows-Sysmon",
          "computer_name": "vagrant-2016",
          "version": 5,
          "level": "information",
          "event_id": "22",
          "record_id": 98,
          "opcode": "Info"
        }
      }
    },
    {
      "data_stream": "sysmon_operational",
      "package": "windows",
      "source": "test/test-events.json",
      "sample_event": {
        "@timestamp": "2021-05-05T15:30:51.696Z",
        "winlog": {
          "event_data": {
            "QueryName": "onevideosync.uplynk.com",
            "QueryStatus": "0",
            "QueryResults": "type:  5 uplynk.adaptv.advertising.com;type:  5 uplynk-geo.adap.tv;type:  5 uplynk-beacon-newvpc-1603485991.us-east-1.elb.amazonaws.com;::ffff:89.160.20.156;::ffff:89.160.20.156;192.168.6.30;2a02:cf40:a83e::2:30;192.168.14.30;",
            "Image": "C:\\Program Files (x86)\\Internet Explorer\\iexplore.exe",
            "UtcTime": "2019-07-18 03:34:02.844",
            "ProcessGuid": "{fa4a0de6-e8a9-5d2f-0000-001053699900}",
            "ProcessId": "2736"
          },
          "channel": "Microsoft-Windows-Sysmon/Operational",
          "event_id": "22",
          "opcode": "Info",
          "time_created": "2019-07-18T03:34:03.029Z",
          "user": {
            "identifier": "S-1-5-18"
          },
          "level": "information",
          "process": {
            "pid": 2828,
            "thread": {
              "id": 1684
            }
          },
          "provider_name": "Microsoft-Windows-Sysmon",
          "record_id": 99,
          "computer_name": "vagrant-2016",
          "provider_guid": "{5770385f-c22a-43e0-bf4c-06f5698ffbd9}",
          "version": 5
        },
        "event": {
          "kind": "event",
          "provider": "Microsoft-Windows-Sysmon",
          "original": "<Event xmlns='http://schemas.microsoft.com/win/2004/08/events/event'><System><Provider Name='Microsoft-Windows-Sysmon' Guid='{5770385f-c22a-43e0-bf4c-06f5698ffbd9}'/><EventID>22</EventID><Version>5</Version><Level>4</Level><Task>22</Task><Opcode>0</Opcode><Keywords>0x8000000000000000</Keywords><TimeCreated SystemTime='2019-07-18T03:34:03.029408600Z'/><EventRecordID>99</EventRecordID><Correlation/><Execution ProcessID='2828' ThreadID='1684'/><Channel>Microsoft-Windows-Sysmon/Operational</Channel><Computer>vagrant-2016</Computer><Security UserID='S-1-5-18'/></System><EventData><Data Name='RuleName'></Data><Data Name='UtcTime'>2019-07-18 03:34:02.844</Data><Data Name='ProcessGuid'>{fa4a0de6-e8a9-5d2f-0000-001053699900}</Data><Data Name='ProcessId'>2736</Data><Data Name='QueryName'>onevideosync.uplynk.com</Data><Data Name='QueryStatus'>0</Data><Data Name='QueryResults'>type:  5 uplynk.adaptv.advertising.com;type:  5 uplynk-geo.adap.tv;type:  5 uplynk-beacon-newvpc-1603485991.us-east-1.elb.amazonaws.com;::ffff:89.160.20.156;::ffff:89.160.20.156;192.168.6.30;2a02:cf40:a83e::2:30;192.168.14.30;</Data><Data Name='Image'>C:\\Program Files (x86)\\Internet Explorer\\iexplore.exe</Data></EventData></Event>",
          "code": "22"
        },
        "log": {
          "level": "information"
        }
      }
    },
    {
      "data_stream": "sysmon_operational",
      "package": "windows",
      "source": "test/test-events.json",
      "sample_event": {
        "@timestamp": "2021-05-05T15:30:51.696Z",
        "winlog": {
          "record_id": 1,
          "computer_name": "vagrant-2012-r2",
          "provider_guid": "{5770385f-c22a-43e0-bf4c-06f5698ffbd9}",
          "version": 3,
          "time_created": "2019-03-18T16:57:37.933Z",
          "user": {
            "identifier": "S-1-5-21-3541430928-2051711210-1391384369-1001"
          },
          "event_id": "16",
          "provider_name": "Microsoft-Windows-Sysmon",
          "event_data": {
            "UtcTime": "2019-03-18 16:57:37.933",
            "Configuration": "C:\\Users\\vagrant\\Downloads\\\"C:\\Users\\vagrant\\Downloads\\Sysmon.exe\"  -i -n"
          },
          "level": "information",
          "process": {
            "pid": 4616,
            "thread": {
              "id": 4724
            }
          },
          "channel": "Microsoft-Windows-Sysmon/Operational",
          "opcode": "Info"
        },
        "log": {
          "level": "information"
        },
        "event": {
          "original": "<Event xmlns='http://schemas.microsoft.com/win/2004/08/events/event'><System><Provider Name='Microsoft-Windows-Sysmon' Guid='{5770385f-c22a-43e0-bf4c-06f5698ffbd9}'/><EventID>16</EventID><Version>3</Version><Level>4</Level><Task>16</Task><Opcode>0</Opcode><Keywords>0x8000000000000000</Keywords><TimeCreated SystemTime='2019-03-18T16:57:37.933324000Z'/><EventRecordID>1</EventRecordID><Correlation/><Execution ProcessID='4616' ThreadID='4724'/><Channel>Microsoft-Windows-Sysmon/Operational</Channel><Computer>vagrant-2012-r2</Computer><Security UserID='S-1-5-21-3541430928-2051711210-1391384369-1001'/></System><EventData><Data Name='UtcTime'>2019-03-18 16:57:37.933</Data><Data Name='Configuration'>C:\\Users\\vagrant\\Downloads\\\"C:\\Users\\vagrant\\Downloads\\Sysmon.exe\"  -i -n</Data><Data Name='ConfigurationFileHash'></Data></EventData></Event>",
          "provider": "Microsoft-Windows-Sysmon",
          "code": "16",
          "kind": "event"
        }
      }
    },
    {
      "data_stream": "sysmon_operational",
      "package": "windows",
      "source": "test/test-events.json",
      "sample_event": {
        "@timestamp": "2021-05-05T15:30:51.697Z",
        "log": {
          "level": "information"
        },
        "event": {
          "code": "22",
          "kind": "event",
          "provider": "Microsoft-Windows-Sysmon",
          "original": "<Event xmlns='http://schemas.microsoft.com/win/2004/08/events/event'><System><Provider Name='Microsoft-Windows-Sysmon' Guid='{5770385f-c22a-43e0-bf4c-06f5698ffbd9}'/><EventID>22</EventID><Version>5</Version><Level>4</Level><Task>22</Task><Opcode>0</Opcode><Keywords>0x8000000000000000</Keywords><TimeCreated SystemTime='2019-07-18T03:34:03.029416700Z'/><EventRecordID>100</EventRecordID><Correlation/><Execution ProcessID='2828' ThreadID='1684'/><Channel>Microsoft-Windows-Sysmon/Operational</Channel><Computer>vagrant-2016</Computer><Security UserID='S-1-5-18'/></System><EventData><Data Name='RuleName'></Data><Data Name='UtcTime'>2019-07-18 03:34:02.956</Data><Data Name='ProcessGuid'>{fa4a0de6-e8a9-5d2f-0000-001053699900}</Data><Data Name='ProcessId'>2736</Data><Data Name='QueryName'>ad.turn.com</Data><Data Name='QueryStatus'>0</Data><Data Name='QueryResults'>type:  5 ad.turn.com.akadns.net;::ffff:89.160.20.156;</Data><Data Name='Image'>C:\\Program Files (x86)\\Internet Explorer\\iexplore.exe</Data></EventData></Event>"
        },
        "winlog": {
          "provider_guid": "{5770385f-c22a-43e0-bf4c-06f5698ffbd9}",
          "user": {
            "identifier": "S-1-5-18"
          },
          "record_id": 100,
          "computer_name": "vagrant-2016",
          "provider_name": "Microsoft-Windows-Sysmon",
          "opcode": "Info",
          "version": 5,
          "time_created": "2019-07-18T03:34:03.029Z",
          "level": "information",
          "event_data": {
            "ProcessId": "2736",
            "QueryName": "ad.turn.com",
            "QueryStatus": "0",
            "QueryResults": "type:  5 ad.turn.com.akadns.net;::ffff:89.160.20.156;",
            "Image": "C:\\Program Files (x86)\\Internet Explorer\\iexplore.exe",
            "UtcTime": "2019-07-18 03:34:02.956",
            "ProcessGuid": "{fa4a0de6-e8a9-5d2f-0000-001053699900}"
          },
          "channel": "Microsoft-Windows-Sysmon/Operational",
          "event_id": "22",
          "process": {
            "pid": 2828,
            "thread": {
              "id": 1684
            }
          }
        }
      }
    },
    {
      "data_stream": "sysmon_operational",
      "package": "windows",
      "source": "test/test-events.json",
      "sample_event": {
        "@timestamp": "2021-05-05T15:30:51.697Z",
        "log": {
          "level": "information"
        },
        "event": {
          "kind": "event",
          "provider": "Microsoft-Windows-Sysmon",
          "original": "<Event xmlns='http://schemas.microsoft.com/win/2004/08/events/event'><System><Provider Name='Microsoft-Windows-Sysmon' Guid='{5770385f-c22a-43e0-bf4c-06f5698ffbd9}'/><EventID>22</EventID><Version>5</Version><Level>4</Level><Task>22</Task><Opcode>0</Opcode><Keywords>0x8000000000000000</Keywords><TimeCreated SystemTime='2019-07-18T03:34:03.611619700Z'/><EventRecordID>101</EventRecordID><Correlation/><Execution ProcessID='2828' ThreadID='1684'/><Channel>Microsoft-Windows-Sysmon/Operational</Channel><Computer>vagrant-2016</Computer><Security UserID='S-1-5-18'/></System><EventData><Data Name='RuleName'></Data><Data Name='UtcTime'>2019-07-18 03:34:03.005</Data><Data Name='ProcessGuid'>{fa4a0de6-e8a9-5d2f-0000-001053699900}</Data><Data Name='ProcessId'>2736</Data><Data Name='QueryName'>ups.analytics.yahoo.com</Data><Data Name='QueryStatus'>0</Data><Data Name='QueryResults'>type:  5 prod.ups-yahoo.aolp-ds-prd.aws.oath.cloud;::ffff:89.160.20.156;::ffff:89.160.20.156;::ffff:89.160.20.156;::ffff:89.160.20.156;::ffff:89.160.20.156;::ffff:89.160.20.156;::ffff:89.160.20.156;::ffff:89.160.20.156;</Data><Data Name='Image'>C:\\Program Files (x86)\\Internet Explorer\\iexplore.exe</Data></EventData></Event>",
          "code": "22"
        },
        "winlog": {
          "event_id": "22",
          "provider_name": "Microsoft-Windows-Sysmon",
          "version": 5,
          "time_created": "2019-07-18T03:34:03.611Z",
          "user": {
            "identifier": "S-1-5-18"
          },
          "channel": "Microsoft-Windows-Sysmon/Operational",
          "computer_name": "vagrant-2016",
          "opcode": "Info",
          "provider_guid": "{5770385f-c22a-43e0-bf4c-06f5698ffbd9}",
          "level": "information",
          "event_data": {
            "QueryResults": "type:  5 prod.ups-yahoo.aolp-ds-prd.aws.oath.cloud;::ffff:89.160.20.156;::ffff:89.160.20.156;::ffff:89.160.20.156;::ffff:89.160.20.156;::ffff:89.160.20.156;::ffff:89.160.20.156;::ffff:89.160.20.156;::ffff:89.160.20.156;",
            "Image": "C:\\Program Files (x86)\\Internet Explorer\\iexplore.exe",
            "UtcTime": "2019-07-18 03:34:03.005",
            "ProcessGuid": "{fa4a0de6-e8a9-5d2f-0000-001053699900}",
            "ProcessId": "2736",
            "QueryName": "ups.analytics.yahoo.com",
            "QueryStatus": "0"
          },
          "process": {
            "pid": 2828,
            "thread": {
              "id": 1684
            }
          },
          "record_id": 101
        }
      }
    },
    {
      "data_stream": "sysmon_operational",
      "package": "windows",
      "source": "test/test-events.json",
      "sample_event": {
        "@timestamp": "2021-05-05T15:30:51.697Z",
        "log": {
          "level": "information"
        },
        "event": {
          "original": "<Event xmlns='http://schemas.microsoft.com/win/2004/08/events/event'><System><Provider Name='Microsoft-Windows-Sysmon' Guid='{5770385f-c22a-43e0-bf4c-06f5698ffbd9}'/><EventID>22</EventID><Version>5</Version><Level>4</Level><Task>22</Task><Opcode>0</Opcode><Keywords>0x8000000000000000</Keywords><TimeCreated SystemTime='2019-07-18T03:34:03.802369600Z'/><EventRecordID>102</EventRecordID><Correlation/><Execution ProcessID='2828' ThreadID='1684'/><Channel>Microsoft-Windows-Sysmon/Operational</Channel><Computer>vagrant-2016</Computer><Security UserID='S-1-5-18'/></System><EventData><Data Name='RuleName'></Data><Data Name='UtcTime'>2019-07-18 03:34:03.070</Data><Data Name='ProcessGuid'>{fa4a0de6-e8a9-5d2f-0000-001053699900}</Data><Data Name='ProcessId'>2736</Data><Data Name='QueryName'>pm.w55c.net</Data><Data Name='QueryStatus'>0</Data><Data Name='QueryResults'>type:  5 dxedge-prod-lb-946522505.us-east-1.elb.amazonaws.com;::ffff:89.160.20.156;::ffff:89.160.20.156;::ffff:89.160.20.156;::ffff:89.160.20.156;::ffff:89.160.20.156;::ffff:89.160.20.156;::ffff:89.160.20.156;::ffff:89.160.20.156;192.168.6.30;2a02:cf40:a83e::2:30;192.168.14.30;</Data><Data Name='Image'>C:\\Program Files (x86)\\Internet Explorer\\iexplore.exe</Data></EventData></Event>",
          "code": "22",
          "kind": "event",
          "provider": "Microsoft-Windows-Sysmon"
        },
        "winlog": {
          "channel": "Microsoft-Windows-Sysmon/Operational",
          "event_id": "22",
          "record_id": 102,
          "computer_name": "vagrant-2016",
          "provider_guid": "{5770385f-c22a-43e0-bf4c-06f5698ffbd9}",
          "version": 5,
          "time_created": "2019-07-18T03:34:03.802Z",
          "level": "information",
          "user": {
            "identifier": "S-1-5-18"
          },
          "event_data": {
            "UtcTime": "2019-07-18 03:34:03.070",
            "ProcessGuid": "{fa4a0de6-e8a9-5d2f-0000-001053699900}",
            "ProcessId": "2736",
            "QueryName": "pm.w55c.net",
            "QueryStatus": "0",
            "QueryResults": "type:  5 dxedge-prod-lb-946522505.us-east-1.elb.amazonaws.com;::ffff:89.160.20.156;::ffff:89.160.20.156;::ffff:89.160.20.156;::ffff:89.160.20.156;::ffff:89.160.20.156;::ffff:89.160.20.156;::ffff:89.160.20.156;::ffff:89.160.20.156;192.168.6.30;2a02:cf40:a83e::2:30;192.168.14.30;",
            "Image": "C:\\Program Files (x86)\\Internet Explorer\\iexplore.exe"
          },
          "process": {
            "pid": 2828,
            "thread": {
              "id": 1684
            }
          },
          "provider_name": "Microsoft-Windows-Sysmon",
          "opcode": "Info"
        }
      }
    },
    {
      "data_stream": "sysmon_operational",
      "package": "windows",
      "source": "test/test-events.json",
      "sample_event": {
        "@timestamp": "2021-05-05T15:30:51.697Z",
        "event": {
          "original": "<Event xmlns='http://schemas.microsoft.com/win/2004/08/events/event'><System><Provider Name='Microsoft-Windows-Sysmon' Guid='{5770385f-c22a-43e0-bf4c-06f5698ffbd9}'/><EventID>22</EventID><Version>5</Version><Level>4</Level><Task>22</Task><Opcode>0</Opcode><Keywords>0x8000000000000000</Keywords><TimeCreated SystemTime='2019-07-18T03:34:03.802391800Z'/><EventRecordID>103</EventRecordID><Correlation/><Execution ProcessID='2828' ThreadID='1684'/><Channel>Microsoft-Windows-Sysmon/Operational</Channel><Computer>vagrant-2016</Computer><Security UserID='S-1-5-18'/></System><EventData><Data Name='RuleName'></Data><Data Name='UtcTime'>2019-07-18 03:34:03.093</Data><Data Name='ProcessGuid'>{fa4a0de6-e8a9-5d2f-0000-001053699900}</Data><Data Name='ProcessId'>2736</Data><Data Name='QueryName'>cm.eyereturn.com</Data><Data Name='QueryStatus'>0</Data><Data Name='QueryResults'>::ffff:89.160.20.156;192.168.6.30;2a02:cf40:a83e::2:30;192.168.14.30;2a02:cf40:231d::2:30;192.168.92.30;2a02:cf40:83eb::30;192.168.80.30;2a02:cf40:856e::30;192.168.94.30;2a02:cf40:1ca1::30;192.168.51.30;</Data><Data Name='Image'>C:\\Program Files (x86)\\Internet Explorer\\iexplore.exe</Data></EventData></Event>",
          "code": "22",
          "kind": "event",
          "provider": "Microsoft-Windows-Sysmon"
        },
        "winlog": {
          "provider_guid": "{5770385f-c22a-43e0-bf4c-06f5698ffbd9}",
          "time_created": "2019-07-18T03:34:03.802Z",
          "process": {
            "pid": 2828,
            "thread": {
              "id": 1684
            }
          },
          "event_id": "22",
          "provider_name": "Microsoft-Windows-Sysmon",
          "record_id": 103,
          "computer_name": "vagrant-2016",
          "opcode": "Info",
          "version": 5,
          "level": "information",
          "user": {
            "identifier": "S-1-5-18"
          },
          "channel": "Microsoft-Windows-Sysmon/Operational",
          "event_data": {
            "QueryStatus": "0",
            "QueryResults": "::ffff:89.160.20.156;192.168.6.30;2a02:cf40:a83e::2:30;192.168.14.30;2a02:cf40:231d::2:30;192.168.92.30;2a02:cf40:83eb::30;192.168.80.30;2a02:cf40:856e::30;192.168.94.30;2a02:cf40:1ca1::30;192.168.51.30;",
            "Image": "C:\\Program Files (x86)\\Internet Explorer\\iexplore.exe",
            "UtcTime": "2019-07-18 03:34:03.093",
            "ProcessGuid": "{fa4a0de6-e8a9-5d2f-0000-001053699900}",
            "ProcessId": "2736",
            "QueryName": "cm.eyereturn.com"
          }
        },
        "log": {
          "level": "information"
        }
      }
    },
    {
      "data_stream": "sysmon_operational",
      "package": "windows",
      "source": "test/test-events.json",
      "sample_event": {
        "@timestamp": "2021-05-05T15:30:51.697Z",
        "winlog": {
          "process": {
            "pid": 2828,
            "thread": {
              "id": 1684
            }
          },
          "opcode": "Info",
          "version": 5,
          "user": {
            "identifier": "S-1-5-18"
          },
          "record_id": 104,
          "computer_name": "vagrant-2016",
          "provider_guid": "{5770385f-c22a-43e0-bf4c-06f5698ffbd9}",
          "time_created": "2019-07-18T03:34:03.802Z",
          "level": "information",
          "channel": "Microsoft-Windows-Sysmon/Operational",
          "event_id": "22",
          "provider_name": "Microsoft-Windows-Sysmon",
          "event_data": {
            "QueryResults": "type:  5 pagead46.l.doubleclick.net;::ffff:89.160.20.156;",
            "Image": "C:\\Program Files (x86)\\Internet Explorer\\iexplore.exe",
            "UtcTime": "2019-07-18 03:34:03.099",
            "ProcessGuid": "{fa4a0de6-e8a9-5d2f-0000-001053699900}",
            "ProcessId": "2736",
            "QueryName": "www.googletagservices.com",
            "QueryStatus": "0"
          }
        },
        "log": {
          "level": "information"
        },
        "event": {
          "code": "22",
          "kind": "event",
          "provider": "Microsoft-Windows-Sysmon",
          "original": "<Event xmlns='http://schemas.microsoft.com/win/2004/08/events/event'><System><Provider Name='Microsoft-Windows-Sysmon' Guid='{5770385f-c22a-43e0-bf4c-06f5698ffbd9}'/><EventID>22</EventID><Version>5</Version><Level>4</Level><Task>22</Task><Opcode>0</Opcode><Keywords>0x8000000000000000</Keywords><TimeCreated SystemTime='2019-07-18T03:34:03.802402000Z'/><EventRecordID>104</EventRecordID><Correlation/><Execution ProcessID='2828' ThreadID='1684'/><Channel>Microsoft-Windows-Sysmon/Operational</Channel><Computer>vagrant-2016</Computer><Security UserID='S-1-5-18'/></System><EventData><Data Name='RuleName'></Data><Data Name='UtcTime'>2019-07-18 03:34:03.099</Data><Data Name='ProcessGuid'>{fa4a0de6-e8a9-5d2f-0000-001053699900}</Data><Data Name='ProcessId'>2736</Data><Data Name='QueryName'>www.googletagservices.com</Data><Data Name='QueryStatus'>0</Data><Data Name='QueryResults'>type:  5 pagead46.l.doubleclick.net;::ffff:89.160.20.156;</Data><Data Name='Image'>C:\\Program Files (x86)\\Internet Explorer\\iexplore.exe</Data></EventData></Event>"
        }
      }
    },
