    {
      "data_stream": "sysmon_operational",
      "package": "windows",
      "source": "test/test-events.json-expected.json",
      "sample_event": {
        "@timestamp": "2019-07-18T03:34:02.274Z",
        "dns": {
          "answers": [
            {
              "data": "microsoft.geo.appnexusgslb.net",
              "type": "CNAME"
            },
            {
              "data": "m.anycast.adnxs.com",
              "type": "CNAME"
            },
            {
              "data": "89.160.20.156",
              "type": "A"
            },
            {
              "data": "89.160.20.156",
              "type": "A"
            },
            {
              "data": "192.168.6.30",
              "type": "A"
            },
            {
              "data": "2a02:cf40:a83e::2:30",
              "type": "AAAA"
            },
            {
              "data": "192.168.14.30",
              "type": "A"
            },
            {
              "data": "2a02:cf40:231d::2:30",
              "type": "AAAA"
            },
            {
              "data": "192.168.92.30",
              "type": "A"
            },
            {
              "data": "2a02:cf40:83eb::30",
              "type": "AAAA"
            },
            {
              "data": "192.168.80.30",
              "type": "A"
            }
          ],
          "question": {
            "name": "m.adnxs.com",
            "registered_domain": "adnxs.com",
            "subdomain": "m",
            "top_level_domain": "com"
          },
          "resolved_ip": [
            "89.160.20.156",
            "89.160.20.156",
            "192.168.6.30",
            "2a02:cf40:a83e::2:30",
            "192.168.14.30",
            "2a02:cf40:231d::2:30",
            "192.168.92.30",
            "2a02:cf40:83eb::30",
            "192.168.80.30"
          ]
        },
        "ecs": {
          "version": "8.17.0"
        },
        "event": {
          "action": "DNSEvent (DNS query)",
          "category": [
            "network"
          ],
          "code": "22",
          "created": "2019-07-18T03:34:03.028Z",
          "kind": "event",
          "original": "<Event xmlns='http://schemas.microsoft.com/win/2004/08/events/event'><System><Provider Name='Microsoft-Windows-Sysmon' Guid='{5770385f-c22a-43e0-bf4c-06f5698ffbd9}'/><EventID>22</EventID><Version>5</Version><Level>4</Level><Task>22</Task><Opcode>0</Opcode><Keywords>0x8000000000000000</Keywords><TimeCreated SystemTime='2019-07-18T03:34:03.028358900Z'/><EventRecordID>76</EventRecordID><Correlation/><Execution ProcessID='2828' ThreadID='1684'/><Channel>Microsoft-Windows-Sysmon/Operational</Channel><Computer>vagrant-2016</Computer><Security UserID='S-1-5-18'/></System><EventData><Data Name='RuleName'></Data><Data Name='UtcTime'>2019-07-18 03:34:02.274</Data><Data Name='ProcessGuid'>{fa4a0de6-e8a9-5d2f-0000-001053699900}</Data><Data Name='ProcessId'>2736</Data><Data Name='QueryName'>m.adnxs.com</Data><Data Name='QueryStatus'>0</Data><Data Name='QueryResults'>type:  5 microsoft.geo.appnexusgslb.net;type:  5 m.anycast.adnxs.com;::ffff:89.160.20.156;::ffff:89.160.20.156;192.168.6.30;2a02:cf40:a83e::2:30;192.168.14.30;2a02:cf40:231d::2:30;192.168.92.30;2a02:cf40:83eb::30;192.168.80.30;</Data><Data Name='Image'>C:\\Program Files (x86)\\Internet Explorer\\iexplore.exe</Data></EventData></Event>",
          "provider": "Microsoft-Windows-Sysmon",
          "type": [
            "connection",
            "protocol",
            "info"
          ]
        },
        "log": {
          "level": "information"
        },
        "network": {
          "protocol": "dns"
        },
        "process": {
          "entity_id": "{fa4a0de6-e8a9-5d2f-0000-001053699900}",
          "executable": "C:\\Program Files (x86)\\Internet Explorer\\iexplore.exe",
          "name": "iexplore.exe",
          "pid": 2736
        },
        "related": {
          "hosts": [
            "microsoft.geo.appnexusgslb.net",
            "m.anycast.adnxs.com",
            "m.adnxs.com"
          ],
          "ip": [
            "89.160.20.156",
            "192.168.6.30",
            "2a02:cf40:a83e::2:30",
            "192.168.14.30",
            "2a02:cf40:231d::2:30",
            "192.168.92.30",
            "2a02:cf40:83eb::30",
            "192.168.80.30"
          ]
        },
        "sysmon": {
          "dns": {
            "status": "SUCCESS"
          }
        },
        "user": {
          "id": "S-1-5-18"
        },
        "winlog": {
          "channel": "Microsoft-Windows-Sysmon/Operational",
          "computer_name": "vagrant-2016",
          "event_id": "22",
          "opcode": "Info",
          "process": {
            "pid": 2828,
            "thread": {
              "id": 1684
            }
          },
          "provider_guid": "{5770385f-c22a-43e0-bf4c-06f5698ffbd9}",
          "provider_name": "Microsoft-Windows-Sysmon",
          "record_id": "76",
          "user": {
            "identifier": "S-1-5-18"
          },
          "version": 5
        }
      }
    },
    {
      "data_stream": "sysmon_operational",
      "package": "windows",
      "source": "test/test-events.json-expected.json",
      "sample_event": {
        "@timestamp": "2019-07-18T03:34:02.291Z",
        "dns": {
          "answers": [
            {
              "data": "spcms-global.pbp.gysm.yahoodns.net",
              "type": "CNAME"
            },
            {
              "data": "89.160.20.156",
              "type": "A"
            }
          ],
          "question": {
            "name": "cms.analytics.yahoo.com",
            "registered_domain": "yahoo.com",
            "subdomain": "cms.analytics",
            "top_level_domain": "com"
          },
          "resolved_ip": [
            "89.160.20.156"
          ]
        },
        "ecs": {
          "version": "8.17.0"
        },
        "event": {
          "action": "DNSEvent (DNS query)",
          "category": [
            "network"
          ],
          "code": "22",
          "created": "2019-07-18T03:34:03.028Z",
          "kind": "event",
          "original": "<Event xmlns='http://schemas.microsoft.com/win/2004/08/events/event'><System><Provider Name='Microsoft-Windows-Sysmon' Guid='{5770385f-c22a-43e0-bf4c-06f5698ffbd9}'/><EventID>22</EventID><Version>5</Version><Level>4</Level><Task>22</Task><Opcode>0</Opcode><Keywords>0x8000000000000000</Keywords><TimeCreated SystemTime='2019-07-18T03:34:03.028412800Z'/><EventRecordID>77</EventRecordID><Correlation/><Execution ProcessID='2828' ThreadID='1684'/><Channel>Microsoft-Windows-Sysmon/Operational</Channel><Computer>vagrant-2016</Computer><Security UserID='S-1-5-18'/></System><EventData><Data Name='RuleName'></Data><Data Name='UtcTime'>2019-07-18 03:34:02.291</Data><Data Name='ProcessGuid'>{fa4a0de6-e8a9-5d2f-0000-001053699900}</Data><Data Name='ProcessId'>2736</Data><Data Name='QueryName'>cms.analytics.yahoo.com</Data><Data Name='QueryStatus'>0</Data><Data Name='QueryResults'>type:  5 spcms-global.pbp.gysm.yahoodns.net;::ffff:89.160.20.156;</Data><Data Name='Image'>C:\\Program Files (x86)\\Internet Explorer\\iexplore.exe</Data></EventData></Event>",
          "provider": "Microsoft-Windows-Sysmon",
          "type": [
            "connection",
            "protocol",
            "info"
          ]
        },
        "log": {
          "level": "information"
        },
        "network": {
          "protocol": "dns"
        },
        "process": {
          "entity_id": "{fa4a0de6-e8a9-5d2f-0000-001053699900}",
          "executable": "C:\\Program Files (x86)\\Internet Explorer\\iexplore.exe",
          "name": "iexplore.exe",
          "pid": 2736
        },
        "related": {
          "hosts": [
            "spcms-global.pbp.gysm.yahoodns.net",
            "cms.analytics.yahoo.com"
          ],
          "ip": [
            "89.160.20.156"
          ]
        },
        "sysmon": {
          "dns": {
            "status": "SUCCESS"
          }
        },
        "user": {
          "id": "S-1-5-18"
        },
        "winlog": {
          "channel": "Microsoft-Windows-Sysmon/Operational",
          "computer_name": "vagrant-2016",
          "event_id": "22",
          "opcode": "Info",
          "process": {
            "pid": 2828,
            "thread": {
              "id": 1684
            }
          },
          "provider_guid": "{5770385f-c22a-43e0-bf4c-06f5698ffbd9}",
          "provider_name": "Microsoft-Windows-Sysmon",
          "record_id": "77",
          "user": {
            "identifier": "S-1-5-18"
          },
          "version": 5
        }
      }
    },
    {
      "data_stream": "sysmon_operational",
      "package": "windows",
      "source": "test/test-events.json-expected.json",
      "sample_event": {
        "@timestamp": "2019-07-18T03:34:02.413Z",
        "dns": {
          "answers": [
            {
              "data": "cvision.media.net.edgekey.net",
              "type": "CNAME"
            },
            {
              "data": "e607.d.akamaiedge.net",
              "type": "CNAME"
            },
            {
              "data": "89.160.20.156",
              "type": "A"
            }
          ],
          "question": {
            "name": "cvision.media.net",
            "registered_domain": "media.net",
            "subdomain": "cvision",
            "top_level_domain": "net"
          },
          "resolved_ip": [
            "89.160.20.156"
          ]
        },
        "ecs": {
          "version": "8.17.0"
        },
        "event": {
          "action": "DNSEvent (DNS query)",
          "category": [
            "network"
          ],
          "code": "22",
          "created": "2019-07-18T03:34:03.028Z",
          "kind": "event",
          "original": "<Event xmlns='http://schemas.microsoft.com/win/2004/08/events/event'><System><Provider Name='Microsoft-Windows-Sysmon' Guid='{5770385f-c22a-43e0-bf4c-06f5698ffbd9}'/><EventID>22</EventID><Version>5</Version><Level>4</Level><Task>22</Task><Opcode>0</Opcode><Keywords>0x8000000000000000</Keywords><TimeCreated SystemTime='2019-07-18T03:34:03.028501000Z'/><EventRecordID>78</EventRecordID><Correlation/><Execution ProcessID='2828' ThreadID='1684'/><Channel>Microsoft-Windows-Sysmon/Operational</Channel><Computer>vagrant-2016</Computer><Security UserID='S-1-5-18'/></System><EventData><Data Name='RuleName'></Data><Data Name='UtcTime'>2019-07-18 03:34:02.413</Data><Data Name='ProcessGuid'>{fa4a0de6-e8a9-5d2f-0000-001053699900}</Data><Data Name='ProcessId'>2736</Data><Data Name='QueryName'>cvision.media.net</Data><Data Name='QueryStatus'>0</Data><Data Name='QueryResults'>type:  5 cvision.media.net.edgekey.net;type:  5 e607.d.akamaiedge.net;::ffff:89.160.20.156;</Data><Data Name='Image'>C:\\Program Files (x86)\\Internet Explorer\\iexplore.exe</Data></EventData></Event>",
          "provider": "Microsoft-Windows-Sysmon",
          "type": [
            "connection",
            "protocol",
            "info"
          ]
        },
        "log": {
          "level": "information"
        },
        "network": {
          "protocol": "dns"
        },
        "process": {
          "entity_id": "{fa4a0de6-e8a9-5d2f-0000-001053699900}",
          "executable": "C:\\Program Files (x86)\\Internet Explorer\\iexplore.exe",
          "name": "iexplore.exe",
          "pid": 2736
        },
        "related": {
          "hosts": [
            "cvision.media.net.edgekey.net",
            "e607.d.akamaiedge.net",
            "cvision.media.net"
          ],
          "ip": [
            "89.160.20.156"
          ]
        },
        "sysmon": {
          "dns": {
            "status": "SUCCESS"
          }
        },
        "user": {
          "id": "S-1-5-18"
        },
        "winlog": {
          "channel": "Microsoft-Windows-Sysmon/Operational",
          "computer_name": "vagrant-2016",
          "event_id": "22",
          "opcode": "Info",
          "process": {
            "pid": 2828,
            "thread": {
              "id": 1684
            }
          },
          "provider_guid": "{5770385f-c22a-43e0-bf4c-06f5698ffbd9}",
          "provider_name": "Microsoft-Windows-Sysmon",
          "record_id": "78",
          "user": {
            "identifier": "S-1-5-18"
          },
          "version": 5
        }
      }
    },
    {
      "data_stream": "sysmon_operational",
      "package": "windows",
      "source": "test/test-events.json-expected.json",
      "sample_event": {
        "@timestamp": "2019-07-18T03:34:02.424Z",
        "dns": {
          "answers": [
            {
              "data": "g-bing-com.a-0001.a-msedge.net",
              "type": "CNAME"
            },
            {
              "data": "dual-a-0001.a-msedge.net",
              "type": "CNAME"
            },
            {
              "data": "89.160.20.156",
              "type": "A"
            },
            {
              "data": "89.160.20.156",
              "type": "A"
            }
          ],
          "question": {
            "name": "g.bing.com",
            "registered_domain": "bing.com",
            "subdomain": "g",
            "top_level_domain": "com"
          },
          "resolved_ip": [
            "89.160.20.156",
            "89.160.20.156"
          ]
        },
        "ecs": {
          "version": "8.17.0"
        },
        "event": {
          "action": "DNSEvent (DNS query)",
          "category": [
            "network"
          ],
          "code": "22",
          "created": "2019-07-18T03:34:03.028Z",
          "kind": "event",
          "original": "<Event xmlns='http://schemas.microsoft.com/win/2004/08/events/event'><System><Provider Name='Microsoft-Windows-Sysmon' Guid='{5770385f-c22a-43e0-bf4c-06f5698ffbd9}'/><EventID>22</EventID><Version>5</Version><Level>4</Level><Task>22</Task><Opcode>0</Opcode><Keywords>0x8000000000000000</Keywords><TimeCreated SystemTime='2019-07-18T03:34:03.028585600Z'/><EventRecordID>79</EventRecordID><Correlation/><Execution ProcessID='2828' ThreadID='1684'/><Channel>Microsoft-Windows-Sysmon/Operational</Channel><Computer>vagrant-2016</Computer><Security UserID='S-1-5-18'/></System><EventData><Data Name='RuleName'></Data><Data Name='UtcTime'>2019-07-18 03:34:02.424</Data><Data Name='ProcessGuid'>{fa4a0de6-e8a9-5d2f-0000-001053699900}</Data><Data Name='ProcessId'>2736</Data><Data Name='QueryName'>g.bing.com</Data><Data Name='QueryStatus'>0</Data><Data Name='QueryResults'>type:  5 g-bing-com.a-0001.a-msedge.net;type:  5 dual-a-0001.a-msedge.net;::ffff:89.160.20.156;::ffff:89.160.20.156;</Data><Data Name='Image'>C:\\Program Files (x86)\\Internet Explorer\\iexplore.exe</Data></EventData></Event>",
          "provider": "Microsoft-Windows-Sysmon",
          "type": [
            "connection",
            "protocol",
            "info"
          ]
        },
        "log": {
          "level": "information"
        },
        "network": {
          "protocol": "dns"
        },
        "process": {
          "entity_id": "{fa4a0de6-e8a9-5d2f-0000-001053699900}",
          "executable": "C:\\Program Files (x86)\\Internet Explorer\\iexplore.exe",
          "name": "iexplore.exe",
          "pid": 2736
        },
        "related": {
          "hosts": [
            "g-bing-com.a-0001.a-msedge.net",
            "dual-a-0001.a-msedge.net",
            "g.bing.com"
          ],
          "ip": [
            "89.160.20.156"
          ]
        },
        "sysmon": {
          "dns": {
            "status": "SUCCESS"
          }
        },
        "user": {
          "id": "S-1-5-18"
        },
        "winlog": {
          "channel": "Microsoft-Windows-Sysmon/Operational",
          "computer_name": "vagrant-2016",
          "event_id": "22",
          "opcode": "Info",
          "process": {
            "pid": 2828,
            "thread": {
              "id": 1684
            }
          },
          "provider_guid": "{5770385f-c22a-43e0-bf4c-06f5698ffbd9}",
          "provider_name": "Microsoft-Windows-Sysmon",
          "record_id": "79",
          "user": {
            "identifier": "S-1-5-18"
          },
          "version": 5
        }
      }
    },
    {
      "data_stream": "sysmon_operational",
      "package": "windows",
      "source": "test/test-events.json-expected.json",
      "sample_event": {
        "@timestamp": "2019-07-18T03:34:02.427Z",
        "dns": {
          "answers": [
            {
              "data": "89.160.20.156",
              "type": "A"
            }
          ],
          "question": {
            "name": "lg3.media.net",
            "registered_domain": "media.net",
            "subdomain": "lg3",
            "top_level_domain": "net"
          },
          "resolved_ip": [
            "89.160.20.156"
          ]
        },
        "ecs": {
          "version": "8.17.0"
        },
        "event": {
          "action": "DNSEvent (DNS query)",
          "category": [
            "network"
          ],
          "code": "22",
          "created": "2019-07-18T03:34:03.028Z",
          "kind": "event",
          "original": "<Event xmlns='http://schemas.microsoft.com/win/2004/08/events/event'><System><Provider Name='Microsoft-Windows-Sysmon' Guid='{5770385f-c22a-43e0-bf4c-06f5698ffbd9}'/><EventID>22</EventID><Version>5</Version><Level>4</Level><Task>22</Task><Opcode>0</Opcode><Keywords>0x8000000000000000</Keywords><TimeCreated SystemTime='2019-07-18T03:34:03.028900300Z'/><EventRecordID>80</EventRecordID><Correlation/><Execution ProcessID='2828' ThreadID='1684'/><Channel>Microsoft-Windows-Sysmon/Operational</Channel><Computer>vagrant-2016</Computer><Security UserID='S-1-5-18'/></System><EventData><Data Name='RuleName'></Data><Data Name='UtcTime'>2019-07-18 03:34:02.427</Data><Data Name='ProcessGuid'>{fa4a0de6-e8a9-5d2f-0000-001053699900}</Data><Data Name='ProcessId'>2736</Data><Data Name='QueryName'>lg3.media.net</Data><Data Name='QueryStatus'>0</Data><Data Name='QueryResults'>::ffff:89.160.20.156;</Data><Data Name='Image'>C:\\Program Files (x86)\\Internet Explorer\\iexplore.exe</Data></EventData></Event>",
          "provider": "Microsoft-Windows-Sysmon",
          "type": [
            "connection",
            "protocol",
            "info"
          ]
        },
        "log": {
          "level": "information"
        },
        "network": {
          "protocol": "dns"
        },
        "process": {
          "entity_id": "{fa4a0de6-e8a9-5d2f-0000-001053699900}",
          "executable": "C:\\Program Files (x86)\\Internet Explorer\\iexplore.exe",
          "name": "iexplore.exe",
          "pid": 2736
        },
        "related": {
          "hosts": [
            "lg3.media.net"
          ],
          "ip": [
            "89.160.20.156"
          ]
        },
        "sysmon": {
          "dns": {
            "status": "SUCCESS"
          }
        },
        "user": {
          "id": "S-1-5-18"
        },
        "winlog": {
          "channel": "Microsoft-Windows-Sysmon/Operational",
          "computer_name": "vagrant-2016",
          "event_id": "22",
          "opcode": "Info",
          "process": {
            "pid": 2828,
            "thread": {
              "id": 1684
            }
          },
          "provider_guid": "{5770385f-c22a-43e0-bf4c-06f5698ffbd9}",
          "provider_name": "Microsoft-Windows-Sysmon",
          "record_id": "80",
          "user": {
            "identifier": "S-1-5-18"
          },
          "version": 5
        }
      }
    },
    {
      "data_stream": "sysmon_operational",
      "package": "windows",
      "source": "test/test-events.json-expected.json",
      "sample_event": {
        "@timestamp": "2019-07-18T03:34:02.469Z",
        "dns": {
          "answers": [
            {
              "data": "service.sp.aolp-ds-prd.aws.oath.cloud",
              "type": "CNAME"
            },
            {
              "data": "89.160.20.156",
              "type": "A"
            },
            {
              "data": "89.160.20.156",
              "type": "A"
            },
            {
              "data": "89.160.20.156",
              "type": "A"
            }
          ],
          "question": {
            "name": "service.sp.advertising.com",
            "registered_domain": "advertising.com",
            "subdomain": "service.sp",
            "top_level_domain": "com"
          },
          "resolved_ip": [
            "89.160.20.156",
            "89.160.20.156",
            "89.160.20.156"
          ]
        },
        "ecs": {
          "version": "8.17.0"
        },
        "event": {
          "action": "DNSEvent (DNS query)",
          "category": [
            "network"
          ],
          "code": "22",
          "created": "2019-07-18T03:34:03.029Z",
          "kind": "event",
          "original": "<Event xmlns='http://schemas.microsoft.com/win/2004/08/events/event'><System><Provider Name='Microsoft-Windows-Sysmon' Guid='{5770385f-c22a-43e0-bf4c-06f5698ffbd9}'/><EventID>22</EventID><Version>5</Version><Level>4</Level><Task>22</Task><Opcode>0</Opcode><Keywords>0x8000000000000000</Keywords><TimeCreated SystemTime='2019-07-18T03:34:03.029031100Z'/><EventRecordID>81</EventRecordID><Correlation/><Execution ProcessID='2828' ThreadID='1684'/><Channel>Microsoft-Windows-Sysmon/Operational</Channel><Computer>vagrant-2016</Computer><Security UserID='S-1-5-18'/></System><EventData><Data Name='RuleName'></Data><Data Name='UtcTime'>2019-07-18 03:34:02.469</Data><Data Name='ProcessGuid'>{fa4a0de6-e8a9-5d2f-0000-001053699900}</Data><Data Name='ProcessId'>2736</Data><Data Name='QueryName'>service.sp.advertising.com</Data><Data Name='QueryStatus'>0</Data><Data Name='QueryResults'>type:  5 service.sp.aolp-ds-prd.aws.oath.cloud;::ffff:89.160.20.156;::ffff:89.160.20.156;::ffff:89.160.20.156;</Data><Data Name='Image'>C:\\Program Files (x86)\\Internet Explorer\\iexplore.exe</Data></EventData></Event>",
          "provider": "Microsoft-Windows-Sysmon",
          "type": [
            "connection",
            "protocol",
            "info"
          ]
        },
        "log": {
          "level": "information"
        },
        "network": {
          "protocol": "dns"
        },
        "process": {
          "entity_id": "{fa4a0de6-e8a9-5d2f-0000-001053699900}",
          "executable": "C:\\Program Files (x86)\\Internet Explorer\\iexplore.exe",
          "name": "iexplore.exe",
          "pid": 2736
        },
        "related": {
          "hosts": [
            "service.sp.aolp-ds-prd.aws.oath.cloud",
            "service.sp.advertising.com"
          ],
          "ip": [
            "89.160.20.156"
          ]
        },
        "sysmon": {
          "dns": {
            "status": "SUCCESS"
          }
        },
        "user": {
          "id": "S-1-5-18"
        },
        "winlog": {
          "channel": "Microsoft-Windows-Sysmon/Operational",
          "computer_name": "vagrant-2016",
          "event_id": "22",
          "opcode": "Info",
          "process": {
            "pid": 2828,
            "thread": {
              "id": 1684
            }
          },
          "provider_guid": "{5770385f-c22a-43e0-bf4c-06f5698ffbd9}",
          "provider_name": "Microsoft-Windows-Sysmon",
          "record_id": "81",
          "user": {
            "identifier": "S-1-5-18"
          },
          "version": 5
        }
      }
    },
    {
      "data_stream": "sysmon_operational",
      "package": "windows",
      "source": "test/test-events.json-expected.json",
      "sample_event": {
        "@timestamp": "2020-05-05T14:57:44.714Z",
        "ecs": {
          "version": "8.17.0"
        },
        "event": {
          "action": "RegistryEvent (Value Set)",
          "category": [
            "configuration",
            "registry"
          ],
          "code": "13",
          "created": "2020-05-05T14:57:44.723Z",
          "kind": "event",
          "original": "<Event xmlns='http://schemas.microsoft.com/win/2004/08/events/event'><System><Provider Name='Microsoft-Windows-Sysmon' Guid='{5770385f-c22a-43e0-bf4c-06f5698ffbd9}'/><EventID>13</EventID><Version>2</Version><Level>4</Level><Task>13</Task><Opcode>0</Opcode><Keywords>0x8000000000000000</Keywords><TimeCreated SystemTime='2020-05-05T14:57:44.723248500Z'/><EventRecordID>2686</EventRecordID><Correlation/><Execution ProcessID='5496' ThreadID='876'/><Channel>Microsoft-Windows-Sysmon/Operational</Channel><Computer>vagrant</Computer><Security UserID='S-1-5-18'/></System><EventData><Data Name='RuleName'>-</Data><Data Name='EventType'>SetValue</Data><Data Name='UtcTime'>2020-05-05 14:57:44.714</Data><Data Name='ProcessGuid'>{5b522f6e-7554-5eb1-6d00-000000000800}</Data><Data Name='ProcessId'>4320</Data><Data Name='Image'>C:\\Windows\\Explorer.EXE</Data><Data Name='TargetObject'>HKU\\S-1-5-21-1067164964-2079179834-2367582738-1000\\Software\\Microsoft\\Windows\\CurrentVersion\\Explorer\\UserAssist\\{CEBFF5CD-ACE2-4F4F-9178-9926F41749EA}\\Count\\HRZR_PGYFRFFVBA</Data><Data Name='Details'>Binary Data</Data></EventData></Event>",
          "provider": "Microsoft-Windows-Sysmon",
          "type": [
            "change"
          ]
        },
        "log": {
          "level": "information"
        },
        "process": {
          "entity_id": "{5b522f6e-7554-5eb1-6d00-000000000800}",
          "executable": "C:\\Windows\\Explorer.EXE",
          "name": "Explorer.EXE",
          "pid": 4320
        },
        "registry": {
          "data": {
            "strings": [
              "Binary Data"
            ],
            "type": "REG_BINARY"
          },
          "hive": "HKU",
          "key": "S-1-5-21-1067164964-2079179834-2367582738-1000\\Software\\Microsoft\\Windows\\CurrentVersion\\Explorer\\UserAssist\\{CEBFF5CD-ACE2-4F4F-9178-9926F41749EA}\\Count\\HRZR_PGYFRFFVBA",
          "path": "HKU\\S-1-5-21-1067164964-2079179834-2367582738-1000\\Software\\Microsoft\\Windows\\CurrentVersion\\Explorer\\UserAssist\\{CEBFF5CD-ACE2-4F4F-9178-9926F41749EA}\\Count\\HRZR_PGYFRFFVBA",
          "value": "HRZR_PGYFRFFVBA"
        },
        "user": {
          "id": "S-1-5-18"
        },
        "winlog": {
          "channel": "Microsoft-Windows-Sysmon/Operational",
          "computer_name": "vagrant",
          "event_data": {
            "EventType": "SetValue"
          },
          "event_id": "13",
          "opcode": "Info",
          "process": {
            "pid": 5496,
            "thread": {
              "id": 876
            }
          },
          "provider_guid": "{5770385f-c22a-43e0-bf4c-06f5698ffbd9}",
          "provider_name": "Microsoft-Windows-Sysmon",
          "record_id": "2686",
          "user": {
            "identifier": "S-1-5-18"
          },
          "version": 2
        }
      }
    },
    {
      "data_stream": "sysmon_operational",
      "package": "windows",
      "source": "test/test-events.json-expected.json",
      "sample_event": {
        "@timestamp": "2019-07-18T03:34:02.485Z",
        "dns": {
          "answers": [
            {
              "data": "sb.scorecardresearch.com.edgekey.net",
              "type": "CNAME"
            },
            {
              "data": "e1879.e7.akamaiedge.net",
              "type": "CNAME"
            },
            {
              "data": "89.160.20.156",
              "type": "A"
            }
          ],
          "question": {
            "name": "sb.scorecardresearch.com",
            "registered_domain": "scorecardresearch.com",
            "subdomain": "sb",
            "top_level_domain": "com"
          },
          "resolved_ip": [
            "89.160.20.156"
          ]
        },
        "ecs": {
          "version": "8.17.0"
        },
        "event": {
          "action": "DNSEvent (DNS query)",
          "category": [
            "network"
          ],
          "code": "22",
          "created": "2019-07-18T03:34:03.029Z",
          "kind": "event",
          "original": "<Event xmlns='http://schemas.microsoft.com/win/2004/08/events/event'><System><Provider Name='Microsoft-Windows-Sysmon' Guid='{5770385f-c22a-43e0-bf4c-06f5698ffbd9}'/><EventID>22</EventID><Version>5</Version><Level>4</Level><Task>22</Task><Opcode>0</Opcode><Keywords>0x8000000000000000</Keywords><TimeCreated SystemTime='2019-07-18T03:34:03.029098400Z'/><EventRecordID>82</EventRecordID><Correlation/><Execution ProcessID='2828' ThreadID='1684'/><Channel>Microsoft-Windows-Sysmon/Operational</Channel><Computer>vagrant-2016</Computer><Security UserID='S-1-5-18'/></System><EventData><Data Name='RuleName'></Data><Data Name='UtcTime'>2019-07-18 03:34:02.485</Data><Data Name='ProcessGuid'>{fa4a0de6-e8a9-5d2f-0000-001053699900}</Data><Data Name='ProcessId'>2736</Data><Data Name='QueryName'>sb.scorecardresearch.com</Data><Data Name='QueryStatus'>0</Data><Data Name='QueryResults'>type:  5 sb.scorecardresearch.com.edgekey.net;type:  5 e1879.e7.akamaiedge.net;::ffff:89.160.20.156;</Data><Data Name='Image'>C:\\Program Files (x86)\\Internet Explorer\\iexplore.exe</Data></EventData></Event>",
          "provider": "Microsoft-Windows-Sysmon",
          "type": [
            "connection",
            "protocol",
            "info"
          ]
        },
        "log": {
          "level": "information"
        },
        "network": {
          "protocol": "dns"
        },
        "process": {
          "entity_id": "{fa4a0de6-e8a9-5d2f-0000-001053699900}",
          "executable": "C:\\Program Files (x86)\\Internet Explorer\\iexplore.exe",
          "name": "iexplore.exe",
          "pid": 2736
        },
        "related": {
          "hosts": [
            "sb.scorecardresearch.com.edgekey.net",
            "e1879.e7.akamaiedge.net",
            "sb.scorecardresearch.com"
          ],
          "ip": [
            "89.160.20.156"
          ]
        },
        "sysmon": {
          "dns": {
            "status": "SUCCESS"
          }
        },
        "user": {
          "id": "S-1-5-18"
        },
        "winlog": {
          "channel": "Microsoft-Windows-Sysmon/Operational",
          "computer_name": "vagrant-2016",
          "event_id": "22",
          "opcode": "Info",
          "process": {
            "pid": 2828,
            "thread": {
              "id": 1684
            }
          },
          "provider_guid": "{5770385f-c22a-43e0-bf4c-06f5698ffbd9}",
          "provider_name": "Microsoft-Windows-Sysmon",
          "record_id": "82",
          "user": {
            "identifier": "S-1-5-18"
          },
          "version": 5
        }
      }
    },
    {
      "data_stream": "sysmon_operational",
      "package": "windows",
      "source": "test/test-events.json-expected.json",
      "sample_event": {
        "@timestamp": "2019-07-18T03:34:02.500Z",
        "dns": {
          "answers": [
            {
              "data": "iceotf-prod-fe-tm.trafficmanager.net",
              "type": "CNAME"
            },
            {
              "data": "iceotf-prod-fe-eastus.cloudapp.net",
              "type": "CNAME"
            },
            {
              "data": "89.160.20.156",
              "type": "A"
            }
          ],
          "question": {
            "name": "otf.msn.com",
            "registered_domain": "msn.com",
            "subdomain": "otf",
            "top_level_domain": "com"
          },
          "resolved_ip": [
            "89.160.20.156"
          ]
        },
        "ecs": {
          "version": "8.17.0"
        },
        "event": {
          "action": "DNSEvent (DNS query)",
          "category": [
            "network"
          ],
          "code": "22",
          "created": "2019-07-18T03:34:03.029Z",
          "kind": "event",
          "original": "<Event xmlns='http://schemas.microsoft.com/win/2004/08/events/event'><System><Provider Name='Microsoft-Windows-Sysmon' Guid='{5770385f-c22a-43e0-bf4c-06f5698ffbd9}'/><EventID>22</EventID><Version>5</Version><Level>4</Level><Task>22</Task><Opcode>0</Opcode><Keywords>0x8000000000000000</Keywords><TimeCreated SystemTime='2019-07-18T03:34:03.029112900Z'/><EventRecordID>83</EventRecordID><Correlation/><Execution ProcessID='2828' ThreadID='1684'/><Channel>Microsoft-Windows-Sysmon/Operational</Channel><Computer>vagrant-2016</Computer><Security UserID='S-1-5-18'/></System><EventData><Data Name='RuleName'></Data><Data Name='UtcTime'>2019-07-18 03:34:02.500</Data><Data Name='ProcessGuid'>{fa4a0de6-e8a9-5d2f-0000-001053699900}</Data><Data Name='ProcessId'>2736</Data><Data Name='QueryName'>otf.msn.com</Data><Data Name='QueryStatus'>0</Data><Data Name='QueryResults'>type:  5 iceotf-prod-fe-tm.trafficmanager.net;type:  5 iceotf-prod-fe-eastus.cloudapp.net;::ffff:89.160.20.156;</Data><Data Name='Image'>C:\\Program Files (x86)\\Internet Explorer\\iexplore.exe</Data></EventData></Event>",
          "provider": "Microsoft-Windows-Sysmon",
          "type": [
            "connection",
            "protocol",
            "info"
          ]
        },
        "log": {
          "level": "information"
        },
        "network": {
          "protocol": "dns"
        },
        "process": {
          "entity_id": "{fa4a0de6-e8a9-5d2f-0000-001053699900}",
          "executable": "C:\\Program Files (x86)\\Internet Explorer\\iexplore.exe",
          "name": "iexplore.exe",
          "pid": 2736
        },
        "related": {
          "hosts": [
            "iceotf-prod-fe-tm.trafficmanager.net",
            "iceotf-prod-fe-eastus.cloudapp.net",
            "otf.msn.com"
          ],
          "ip": [
            "89.160.20.156"
          ]
        },
        "sysmon": {
          "dns": {
            "status": "SUCCESS"
          }
        },
        "user": {
          "id": "S-1-5-18"
        },
        "winlog": {
          "channel": "Microsoft-Windows-Sysmon/Operational",
          "computer_name": "vagrant-2016",
          "event_id": "22",
          "opcode": "Info",
          "process": {
            "pid": 2828,
            "thread": {
              "id": 1684
            }
          },
          "provider_guid": "{5770385f-c22a-43e0-bf4c-06f5698ffbd9}",
          "provider_name": "Microsoft-Windows-Sysmon",
          "record_id": "83",
          "user": {
            "identifier": "S-1-5-18"
          },
          "version": 5
        }
      }
    },
    {
      "data_stream": "sysmon_operational",
      "package": "windows",
      "source": "test/test-events.json-expected.json",
      "sample_event": {
        "@timestamp": "2020-05-05T14:57:44.714Z",
        "ecs": {
          "version": "8.17.0"
        },
        "event": {
          "action": "RegistryEvent (Value Set)",
          "category": [
            "configuration",
            "registry"
          ],
          "code": "13",
          "created": "2020-05-05T14:57:44.726Z",
          "kind": "event",
          "original": "<Event xmlns='http://schemas.microsoft.com/win/2004/08/events/event'><System><Provider Name='Microsoft-Windows-Sysmon' Guid='{5770385f-c22a-43e0-bf4c-06f5698ffbd9}'/><EventID>13</EventID><Version>2</Version><Level>4</Level><Task>13</Task><Opcode>0</Opcode><Keywords>0x8000000000000000</Keywords><TimeCreated SystemTime='2020-05-05T14:57:44.726009900Z'/><EventRecordID>2687</EventRecordID><Correlation/><Execution ProcessID='5496' ThreadID='876'/><Channel>Microsoft-Windows-Sysmon/Operational</Channel><Computer>vagrant</Computer><Security UserID='S-1-5-18'/></System><EventData><Data Name='RuleName'>-</Data><Data Name='EventType'>SetValue</Data><Data Name='UtcTime'>2020-05-05 14:57:44.714</Data><Data Name='ProcessGuid'>{5b522f6e-77ae-5eb1-2c03-000000000800}</Data><Data Name='ProcessId'>6072</Data><Data Name='Image'>C:\\Windows\\regedit.exe</Data><Data Name='TargetObject'>HKU\\S-1-5-21-1067164964-2079179834-2367582738-1000\\Software\\Key 2</Data><Data Name='Details'>QWORD (0x00000000-0x00000005)</Data></EventData></Event>",
          "provider": "Microsoft-Windows-Sysmon",
          "type": [
            "change"
          ]
        },
        "log": {
          "level": "information"
        },
        "process": {
          "entity_id": "{5b522f6e-77ae-5eb1-2c03-000000000800}",
          "executable": "C:\\Windows\\regedit.exe",
          "name": "regedit.exe",
          "pid": 6072
        },
        "registry": {
          "data": {
            "strings": [
              "5"
            ],
            "type": "SZ_QWORD"
          },
          "hive": "HKU",
          "key": "S-1-5-21-1067164964-2079179834-2367582738-1000\\Software\\Key 2",
          "path": "HKU\\S-1-5-21-1067164964-2079179834-2367582738-1000\\Software\\Key 2",
          "value": "Key 2"
        },
        "user": {
          "id": "S-1-5-18"
        },
        "winlog": {
          "channel": "Microsoft-Windows-Sysmon/Operational",
          "computer_name": "vagrant",
          "event_data": {
            "EventType": "SetValue"
          },
          "event_id": "13",
          "opcode": "Info",
          "process": {
            "pid": 5496,
            "thread": {
              "id": 876
            }
          },
          "provider_guid": "{5770385f-c22a-43e0-bf4c-06f5698ffbd9}",
          "provider_name": "Microsoft-Windows-Sysmon",
          "record_id": "2687",
          "user": {
            "identifier": "S-1-5-18"
          },
          "version": 2
        }
      }
    },
    {
      "data_stream": "sysmon_operational",
      "package": "windows",
      "source": "test/test-events.json-expected.json",
      "sample_event": {
        "@timestamp": "2020-05-05T14:57:46.808Z",
        "ecs": {
          "version": "8.17.0"
        },
        "event": {
          "action": "RegistryEvent (Value Set)",
          "category": [
            "configuration",
            "registry"
          ],
          "code": "13",
          "created": "2020-05-05T14:57:46.818Z",
          "kind": "event",
          "original": "<Event xmlns='http://schemas.microsoft.com/win/2004/08/events/event'><System><Provider Name='Microsoft-Windows-Sysmon' Guid='{5770385f-c22a-43e0-bf4c-06f5698ffbd9}'/><EventID>13</EventID><Version>2</Version><Level>4</Level><Task>13</Task><Opcode>0</Opcode><Keywords>0x8000000000000000</Keywords><TimeCreated SystemTime='2020-05-05T14:57:46.818821400Z'/><EventRecordID>2690</EventRecordID><Correlation/><Execution ProcessID='5496' ThreadID='876'/><Channel>Microsoft-Windows-Sysmon/Operational</Channel><Computer>vagrant</Computer><Security UserID='S-1-5-18'/></System><EventData><Data Name='RuleName'>-</Data><Data Name='EventType'>SetValue</Data><Data Name='UtcTime'>2020-05-05 14:57:46.808</Data><Data Name='ProcessGuid'>{5b522f6e-7554-5eb1-6d00-000000000800}</Data><Data Name='ProcessId'>4320</Data><Data Name='Image'>C:\\Windows\\Explorer.EXE</Data><Data Name='TargetObject'>HKU\\S-1-5-21-1067164964-2079179834-2367582738-1000\\Software\\Microsoft\\Windows\\CurrentVersion\\Explorer\\UserAssist\\{CEBFF5CD-ACE2-4F4F-9178-9926F41749EA}\\Count\\{S38OS404-1Q43-42S2-9305-67QR0O28SP23}\\ertrqvg.rkr</Data><Data Name='Details'>Binary Data</Data></EventData></Event>",
          "provider": "Microsoft-Windows-Sysmon",
          "type": [
            "change"
          ]
        },
        "log": {
          "level": "information"
        },
        "process": {
          "entity_id": "{5b522f6e-7554-5eb1-6d00-000000000800}",
          "executable": "C:\\Windows\\Explorer.EXE",
          "name": "Explorer.EXE",
          "pid": 4320
        },
        "registry": {
          "data": {
            "strings": [
              "Binary Data"
            ],
            "type": "REG_BINARY"
          },
          "hive": "HKU",
          "key": "S-1-5-21-1067164964-2079179834-2367582738-1000\\Software\\Microsoft\\Windows\\CurrentVersion\\Explorer\\UserAssist\\{CEBFF5CD-ACE2-4F4F-9178-9926F41749EA}\\Count\\{S38OS404-1Q43-42S2-9305-67QR0O28SP23}\\ertrqvg.rkr",
          "path": "HKU\\S-1-5-21-1067164964-2079179834-2367582738-1000\\Software\\Microsoft\\Windows\\CurrentVersion\\Explorer\\UserAssist\\{CEBFF5CD-ACE2-4F4F-9178-9926F41749EA}\\Count\\{S38OS404-1Q43-42S2-9305-67QR0O28SP23}\\ertrqvg.rkr",
          "value": "ertrqvg.rkr"
        },
        "user": {
          "id": "S-1-5-18"
        },
        "winlog": {
          "channel": "Microsoft-Windows-Sysmon/Operational",
          "computer_name": "vagrant",
          "event_data": {
            "EventType": "SetValue"
          },
          "event_id": "13",
          "opcode": "Info",
          "process": {
            "pid": 5496,
            "thread": {
              "id": 876
            }
          },
          "provider_guid": "{5770385f-c22a-43e0-bf4c-06f5698ffbd9}",
          "provider_name": "Microsoft-Windows-Sysmon",
          "record_id": "2690",
          "user": {
            "identifier": "S-1-5-18"
          },
          "version": 2
        }
      }
    },
    {
      "data_stream": "sysmon_operational",
      "package": "windows",
      "source": "test/test-events.json-expected.json",
      "sample_event": {
        "@timestamp": "2019-07-18T03:34:02.580Z",
        "dns": {
          "answers": [
            {
              "data": "89.160.20.156",
              "type": "A"
            },
            {
              "data": "89.160.20.156",
              "type": "A"
            },
            {
              "data": "89.160.20.156",
              "type": "A"
            },
            {
              "data": "89.160.20.156",
              "type": "A"
            },
            {
              "data": "89.160.20.156",
              "type": "A"
            },
            {
              "data": "89.160.20.156",
              "type": "A"
            },
            {
              "data": "89.160.20.156",
              "type": "A"
            },
            {
              "data": "89.160.20.156",
              "type": "A"
            }
          ],
          "question": {
            "name": "ping.chartbeat.net",
            "registered_domain": "chartbeat.net",
            "subdomain": "ping",
            "top_level_domain": "net"
          },
          "resolved_ip": [
            "89.160.20.156",
            "89.160.20.156",
            "89.160.20.156",
            "89.160.20.156",
            "89.160.20.156",
            "89.160.20.156",
            "89.160.20.156",
            "89.160.20.156"
          ]
        },
        "ecs": {
          "version": "8.17.0"
        },
        "event": {
          "action": "DNSEvent (DNS query)",
          "category": [
            "network"
          ],
          "code": "22",
          "created": "2019-07-18T03:34:03.029Z",
          "kind": "event",
          "original": "<Event xmlns='http://schemas.microsoft.com/win/2004/08/events/event'><System><Provider Name='Microsoft-Windows-Sysmon' Guid='{5770385f-c22a-43e0-bf4c-06f5698ffbd9}'/><EventID>22</EventID><Version>5</Version><Level>4</Level><Task>22</Task><Opcode>0</Opcode><Keywords>0x8000000000000000</Keywords><TimeCreated SystemTime='2019-07-18T03:34:03.029126300Z'/><EventRecordID>84</EventRecordID><Correlation/><Execution ProcessID='2828' ThreadID='1684'/><Channel>Microsoft-Windows-Sysmon/Operational</Channel><Computer>vagrant-2016</Computer><Security UserID='S-1-5-18'/></System><EventData><Data Name='RuleName'></Data><Data Name='UtcTime'>2019-07-18 03:34:02.580</Data><Data Name='ProcessGuid'>{fa4a0de6-e8a9-5d2f-0000-001053699900}</Data><Data Name='ProcessId'>2736</Data><Data Name='QueryName'>ping.chartbeat.net</Data><Data Name='QueryStatus'>0</Data><Data Name='QueryResults'>::ffff:89.160.20.156;::ffff:89.160.20.156;::ffff:89.160.20.156;::ffff:89.160.20.156;::ffff:89.160.20.156;::ffff:89.160.20.156;::ffff:89.160.20.156;::ffff:89.160.20.156;</Data><Data Name='Image'>C:\\Program Files (x86)\\Internet Explorer\\iexplore.exe</Data></EventData></Event>",
          "provider": "Microsoft-Windows-Sysmon",
          "type": [
            "connection",
            "protocol",
            "info"
          ]
        },
        "log": {
          "level": "information"
        },
        "network": {
          "protocol": "dns"
        },
        "process": {
          "entity_id": "{fa4a0de6-e8a9-5d2f-0000-001053699900}",
          "executable": "C:\\Program Files (x86)\\Internet Explorer\\iexplore.exe",
          "name": "iexplore.exe",
          "pid": 2736
        },
        "related": {
          "hosts": [
            "ping.chartbeat.net"
          ],
          "ip": [
            "89.160.20.156"
          ]
        },
        "sysmon": {
          "dns": {
            "status": "SUCCESS"
          }
        },
        "user": {
          "id": "S-1-5-18"
        },
        "winlog": {
          "channel": "Microsoft-Windows-Sysmon/Operational",
          "computer_name": "vagrant-2016",
          "event_id": "22",
          "opcode": "Info",
          "process": {
            "pid": 2828,
            "thread": {
              "id": 1684
            }
          },
          "provider_guid": "{5770385f-c22a-43e0-bf4c-06f5698ffbd9}",
          "provider_name": "Microsoft-Windows-Sysmon",
          "record_id": "84",
          "user": {
            "identifier": "S-1-5-18"
          },
          "version": 5
        }
      }
    },
    {
      "data_stream": "sysmon_operational",
      "package": "windows",
      "source": "test/test-events.json-expected.json",
      "sample_event": {
        "@timestamp": "2019-07-18T03:34:02.628Z",
        "dns": {
          "answers": [
            {
              "data": "89.160.20.156",
              "type": "A"
            },
            {
              "data": "89.160.20.156",
              "type": "A"
            },
            {
              "data": "89.160.20.156",
              "type": "A"
            },
            {
              "data": "89.160.20.156",
              "type": "A"
            }
          ],
          "question": {
            "name": "clarium.freetls.fastly.net",
            "registered_domain": "freetls.fastly.net",
            "subdomain": "clarium",
            "top_level_domain": "fastly.net"
          },
          "resolved_ip": [
            "89.160.20.156",
            "89.160.20.156",
            "89.160.20.156",
            "89.160.20.156"
          ]
        },
        "ecs": {
          "version": "8.17.0"
        },
        "event": {
          "action": "DNSEvent (DNS query)",
          "category": [
            "network"
          ],
          "code": "22",
          "created": "2019-07-18T03:34:03.029Z",
          "kind": "event",
          "original": "<Event xmlns='http://schemas.microsoft.com/win/2004/08/events/event'><System><Provider Name='Microsoft-Windows-Sysmon' Guid='{5770385f-c22a-43e0-bf4c-06f5698ffbd9}'/><EventID>22</EventID><Version>5</Version><Level>4</Level><Task>22</Task><Opcode>0</Opcode><Keywords>0x8000000000000000</Keywords><TimeCreated SystemTime='2019-07-18T03:34:03.029148500Z'/><EventRecordID>85</EventRecordID><Correlation/><Execution ProcessID='2828' ThreadID='1684'/><Channel>Microsoft-Windows-Sysmon/Operational</Channel><Computer>vagrant-2016</Computer><Security UserID='S-1-5-18'/></System><EventData><Data Name='RuleName'></Data><Data Name='UtcTime'>2019-07-18 03:34:02.628</Data><Data Name='ProcessGuid'>{fa4a0de6-e8a9-5d2f-0000-001053699900}</Data><Data Name='ProcessId'>2736</Data><Data Name='QueryName'>clarium.freetls.fastly.net</Data><Data Name='QueryStatus'>0</Data><Data Name='QueryResults'>::ffff:89.160.20.156;::ffff:89.160.20.156;::ffff:89.160.20.156;::ffff:89.160.20.156;</Data><Data Name='Image'>C:\\Program Files (x86)\\Internet Explorer\\iexplore.exe</Data></EventData></Event>",
          "provider": "Microsoft-Windows-Sysmon",
          "type": [
            "connection",
            "protocol",
            "info"
          ]
        },
        "log": {
          "level": "information"
        },
        "network": {
          "protocol": "dns"
        },
        "process": {
          "entity_id": "{fa4a0de6-e8a9-5d2f-0000-001053699900}",
          "executable": "C:\\Program Files (x86)\\Internet Explorer\\iexplore.exe",
          "name": "iexplore.exe",
          "pid": 2736
        },
        "related": {
          "hosts": [
            "clarium.freetls.fastly.net"
          ],
          "ip": [
            "89.160.20.156"
          ]
        },
        "sysmon": {
          "dns": {
            "status": "SUCCESS"
          }
        },
        "user": {
          "id": "S-1-5-18"
        },
        "winlog": {
          "channel": "Microsoft-Windows-Sysmon/Operational",
          "computer_name": "vagrant-2016",
          "event_id": "22",
          "opcode": "Info",
          "process": {
            "pid": 2828,
            "thread": {
              "id": 1684
            }
          },
          "provider_guid": "{5770385f-c22a-43e0-bf4c-06f5698ffbd9}",
          "provider_name": "Microsoft-Windows-Sysmon",
          "record_id": "85",
          "user": {
            "identifier": "S-1-5-18"
          },
          "version": 5
        }
      }
    },
