    {
      "data_stream": "sysmon_operational",
      "package": "windows",
      "source": "test/test-events.json",
      "sample_event": {
        "@timestamp": "2021-05-05T15:30:51.709Z",
        "event": {
          "original": "<Event xmlns='http://schemas.microsoft.com/win/2004/08/events/event'><System><Provider Name='Microsoft-Windows-Sysmon' Guid='{5770385f-c22a-43e0-bf4c-06f5698ffbd9}'/><EventID>22</EventID><Version>5</Version><Level>4</Level><Task>22</Task><Opcode>0</Opcode><Keywords>0x8000000000000000</Keywords><TimeCreated SystemTime='2019-07-18T03:34:08.054411600Z'/><EventRecordID>178</EventRecordID><Correlation/><Execution ProcessID='2828' ThreadID='1684'/><Channel>Microsoft-Windows-Sysmon/Operational</Channel><Computer>vagrant-2016</Computer><Security UserID='S-1-5-18'/></System><EventData><Data Name='RuleName'></Data><Data Name='UtcTime'>2019-07-18 03:34:07.943</Data><Data Name='ProcessGuid'>{fa4a0de6-e8a9-5d2f-0000-001053699900}</Data><Data Name='ProcessId'>2736</Data><Data Name='QueryName'>rp.gwallet.com</Data><Data Name='QueryStatus'>0</Data><Data Name='QueryResults'>::ffff:89.160.20.156;192.168.6.30;2a02:cf40:a83e::2:30;192.168.14.30;2a02:cf40:231d::2:30;192.168.92.30;2a02:cf40:83eb::30;192.168.80.30;2a02:cf40:856e::30;192.168.94.30;2a02:cf40:1ca1::30;192.168.51.30;</Data><Data Name='Image'>C:\\Program Files (x86)\\Internet Explorer\\iexplore.exe</Data></EventData></Event>",
          "code": "22",
          "kind": "event",
          "provider": "Microsoft-Windows-Sysmon"
        },
        "log": {
          "level": "information"
        },
        "winlog": {
          "provider_name": "Microsoft-Windows-Sysmon",
          "opcode": "Info",
          "version": 5,
          "level": "information",
          "event_data": {
            "QueryName": "rp.gwallet.com",
            "QueryStatus": "0",
            "QueryResults": "::ffff:89.160.20.156;192.168.6.30;2a02:cf40:a83e::2:30;192.168.14.30;2a02:cf40:231d::2:30;192.168.92.30;2a02:cf40:83eb::30;192.168.80.30;2a02:cf40:856e::30;192.168.94.30;2a02:cf40:1ca1::30;192.168.51.30;",
            "Image": "C:\\Program Files (x86)\\Internet Explorer\\iexplore.exe",
            "UtcTime": "2019-07-18 03:34:07.943",
            "ProcessGuid": "{fa4a0de6-e8a9-5d2f-0000-001053699900}",
            "ProcessId": "2736"
          },
          "time_created": "2019-07-18T03:34:08.054Z",
          "user": {
            "identifier": "S-1-5-18"
          },
          "process": {
            "thread": {
              "id": 1684
            },
            "pid": 2828
          },
          "channel": "Microsoft-Windows-Sysmon/Operational",
          "event_id": "22",
          "record_id": 178,
          "computer_name": "vagrant-2016",
          "provider_guid": "{5770385f-c22a-43e0-bf4c-06f5698ffbd9}"
        }
      }
    },
    {
      "data_stream": "sysmon_operational",
      "package": "windows",
      "source": "test/test-events.json",
      "sample_event": {
        "@timestamp": "2021-05-05T15:30:51.709Z",
        "event": {
          "provider": "Microsoft-Windows-Sysmon",
          "original": "<Event xmlns='http://schemas.microsoft.com/win/2004/08/events/event'><System><Provider Name='Microsoft-Windows-Sysmon' Guid='{5770385f-c22a-43e0-bf4c-06f5698ffbd9}'/><EventID>22</EventID><Version>5</Version><Level>4</Level><Task>22</Task><Opcode>0</Opcode><Keywords>0x8000000000000000</Keywords><TimeCreated SystemTime='2019-07-18T03:34:08.054422900Z'/><EventRecordID>179</EventRecordID><Correlation/><Execution ProcessID='2828' ThreadID='1684'/><Channel>Microsoft-Windows-Sysmon/Operational</Channel><Computer>vagrant-2016</Computer><Security UserID='S-1-5-18'/></System><EventData><Data Name='RuleName'></Data><Data Name='UtcTime'>2019-07-18 03:34:07.945</Data><Data Name='ProcessGuid'>{fa4a0de6-e8a9-5d2f-0000-001053699900}</Data><Data Name='ProcessId'>2736</Data><Data Name='QueryName'>ads.yahoo.com</Data><Data Name='QueryStatus'>0</Data><Data Name='QueryResults'>type:  5 fo-fd-world-new.yax.gysm.yahoodns.net;::ffff:89.160.20.156;::ffff:81.2.69.143;::ffff:89.160.20.156;::ffff:89.160.20.156;</Data><Data Name='Image'>C:\\Program Files (x86)\\Internet Explorer\\iexplore.exe</Data></EventData></Event>",
          "code": "22",
          "kind": "event"
        },
        "winlog": {
          "event_data": {
            "QueryName": "ads.yahoo.com",
            "QueryStatus": "0",
            "QueryResults": "type:  5 fo-fd-world-new.yax.gysm.yahoodns.net;::ffff:89.160.20.156;::ffff:81.2.69.143;::ffff:89.160.20.156;::ffff:89.160.20.156;",
            "Image": "C:\\Program Files (x86)\\Internet Explorer\\iexplore.exe",
            "UtcTime": "2019-07-18 03:34:07.945",
            "ProcessGuid": "{fa4a0de6-e8a9-5d2f-0000-001053699900}",
            "ProcessId": "2736"
          },
          "provider_name": "Microsoft-Windows-Sysmon",
          "record_id": 179,
          "opcode": "Info",
          "provider_guid": "{5770385f-c22a-43e0-bf4c-06f5698ffbd9}",
          "level": "information",
          "user": {
            "identifier": "S-1-5-18"
          },
          "channel": "Microsoft-Windows-Sysmon/Operational",
          "event_id": "22",
          "computer_name": "vagrant-2016",
          "version": 5,
          "time_created": "2019-07-18T03:34:08.054Z",
          "process": {
            "thread": {
              "id": 1684
            },
            "pid": 2828
          }
        },
        "log": {
          "level": "information"
        }
      }
    },
    {
      "data_stream": "sysmon_operational",
      "package": "windows",
      "source": "test/test-events.json",
      "sample_event": {
        "@timestamp": "2021-05-05T15:30:51.709Z",
        "event": {
          "provider": "Microsoft-Windows-Sysmon",
          "original": "<Event xmlns='http://schemas.microsoft.com/win/2004/08/events/event'><System><Provider Name='Microsoft-Windows-Sysmon' Guid='{5770385f-c22a-43e0-bf4c-06f5698ffbd9}'/><EventID>22</EventID><Version>5</Version><Level>4</Level><Task>22</Task><Opcode>0</Opcode><Keywords>0x8000000000000000</Keywords><TimeCreated SystemTime='2019-07-18T03:34:08.054432800Z'/><EventRecordID>180</EventRecordID><Correlation/><Execution ProcessID='2828' ThreadID='1684'/><Channel>Microsoft-Windows-Sysmon/Operational</Channel><Computer>vagrant-2016</Computer><Security UserID='S-1-5-18'/></System><EventData><Data Name='RuleName'></Data><Data Name='UtcTime'>2019-07-18 03:34:07.954</Data><Data Name='ProcessGuid'>{fa4a0de6-e8a9-5d2f-0000-001053699900}</Data><Data Name='ProcessId'>2736</Data><Data Name='QueryName'>um.simpli.fi</Data><Data Name='QueryStatus'>0</Data><Data Name='QueryResults'>::ffff:89.160.20.156;::ffff:89.160.20.156;::ffff:89.160.20.156;</Data><Data Name='Image'>C:\\Program Files (x86)\\Internet Explorer\\iexplore.exe</Data></EventData></Event>",
          "code": "22",
          "kind": "event"
        },
        "log": {
          "level": "information"
        },
        "winlog": {
          "time_created": "2019-07-18T03:34:08.054Z",
          "level": "information",
          "event_data": {
            "UtcTime": "2019-07-18 03:34:07.954",
            "ProcessGuid": "{fa4a0de6-e8a9-5d2f-0000-001053699900}",
            "ProcessId": "2736",
            "QueryName": "um.simpli.fi",
            "QueryStatus": "0",
            "QueryResults": "::ffff:89.160.20.156;::ffff:89.160.20.156;::ffff:89.160.20.156;",
            "Image": "C:\\Program Files (x86)\\Internet Explorer\\iexplore.exe"
          },
          "channel": "Microsoft-Windows-Sysmon/Operational",
          "event_id": "22",
          "opcode": "Info",
          "provider_guid": "{5770385f-c22a-43e0-bf4c-06f5698ffbd9}",
          "version": 5,
          "provider_name": "Microsoft-Windows-Sysmon",
          "record_id": 180,
          "computer_name": "vagrant-2016",
          "user": {
            "identifier": "S-1-5-18"
          },
          "process": {
            "pid": 2828,
            "thread": {
              "id": 1684
            }
          }
        },
        "agent": {
          "type": "filebeat",
          "version": "8.0.0",
          "ephemeral_id": "bdc6a4f9-ab87-41e0-a64e-bbcecdf73c6c",
          "id": "f0224db8-40a9-4f00-b117-333ddd1bc45b",
          "name": "mbp.local"
        }
      }
    },
    {
      "data_stream": "sysmon_operational",
      "package": "windows",
      "source": "test/test-events.json",
      "sample_event": {
        "@timestamp": "2021-05-05T15:30:51.709Z",
        "winlog": {
          "event_id": "22",
          "provider_name": "Microsoft-Windows-Sysmon",
          "computer_name": "vagrant-2016",
          "version": 5,
          "time_created": "2019-07-18T03:34:08.054Z",
          "channel": "Microsoft-Windows-Sysmon/Operational",
          "record_id": 181,
          "opcode": "Info",
          "provider_guid": "{5770385f-c22a-43e0-bf4c-06f5698ffbd9}",
          "level": "information",
          "user": {
            "identifier": "S-1-5-18"
          },
          "event_data": {
            "QueryStatus": "0",
            "QueryResults": "::ffff:89.160.20.156;192.168.6.30;2a02:cf40:a83e::2:30;192.168.14.30;2a02:cf40:231d::2:30;192.168.92.30;2a02:cf40:83eb::30;192.168.80.30;2a02:cf40:856e::30;192.168.94.30;2a02:cf40:1ca1::30;",
            "Image": "C:\\Program Files (x86)\\Internet Explorer\\iexplore.exe",
            "UtcTime": "2019-07-18 03:34:07.955",
            "ProcessGuid": "{fa4a0de6-e8a9-5d2f-0000-001053699900}",
            "ProcessId": "2736",
            "QueryName": "mpp.vindicosuite.com"
          },
          "process": {
            "pid": 2828,
            "thread": {
              "id": 1684
            }
          }
        },
        "log": {
          "level": "information"
        },
        "event": {
          "code": "22",
          "kind": "event",
          "provider": "Microsoft-Windows-Sysmon",
          "original": "<Event xmlns='http://schemas.microsoft.com/win/2004/08/events/event'><System><Provider Name='Microsoft-Windows-Sysmon' Guid='{5770385f-c22a-43e0-bf4c-06f5698ffbd9}'/><EventID>22</EventID><Version>5</Version><Level>4</Level><Task>22</Task><Opcode>0</Opcode><Keywords>0x8000000000000000</Keywords><TimeCreated SystemTime='2019-07-18T03:34:08.054444800Z'/><EventRecordID>181</EventRecordID><Correlation/><Execution ProcessID='2828' ThreadID='1684'/><Channel>Microsoft-Windows-Sysmon/Operational</Channel><Computer>vagrant-2016</Computer><Security UserID='S-1-5-18'/></System><EventData><Data Name='RuleName'></Data><Data Name='UtcTime'>2019-07-18 03:34:07.955</Data><Data Name='ProcessGuid'>{fa4a0de6-e8a9-5d2f-0000-001053699900}</Data><Data Name='ProcessId'>2736</Data><Data Name='QueryName'>mpp.vindicosuite.com</Data><Data Name='QueryStatus'>0</Data><Data Name='QueryResults'>::ffff:89.160.20.156;192.168.6.30;2a02:cf40:a83e::2:30;192.168.14.30;2a02:cf40:231d::2:30;192.168.92.30;2a02:cf40:83eb::30;192.168.80.30;2a02:cf40:856e::30;192.168.94.30;2a02:cf40:1ca1::30;</Data><Data Name='Image'>C:\\Program Files (x86)\\Internet Explorer\\iexplore.exe</Data></EventData></Event>"
        }
      }
    },
    {
      "data_stream": "sysmon_operational",
      "package": "windows",
      "source": "test/test-events.json",
      "sample_event": {
        "@timestamp": "2021-05-05T15:30:51.709Z",
        "log": {
          "level": "information"
        },
        "event": {
          "original": "<Event xmlns='http://schemas.microsoft.com/win/2004/08/events/event'><System><Provider Name='Microsoft-Windows-Sysmon' Guid='{5770385f-c22a-43e0-bf4c-06f5698ffbd9}'/><EventID>22</EventID><Version>5</Version><Level>4</Level><Task>22</Task><Opcode>0</Opcode><Keywords>0x8000000000000000</Keywords><TimeCreated SystemTime='2019-07-18T03:34:08.054454600Z'/><EventRecordID>182</EventRecordID><Correlation/><Execution ProcessID='2828' ThreadID='1684'/><Channel>Microsoft-Windows-Sysmon/Operational</Channel><Computer>vagrant-2016</Computer><Security UserID='S-1-5-18'/></System><EventData><Data Name='RuleName'></Data><Data Name='UtcTime'>2019-07-18 03:34:07.955</Data><Data Name='ProcessGuid'>{fa4a0de6-e8a9-5d2f-0000-001053699900}</Data><Data Name='ProcessId'>2736</Data><Data Name='QueryName'>sync.1rx.io</Data><Data Name='QueryStatus'>0</Data><Data Name='QueryResults'>::ffff:89.160.20.156;</Data><Data Name='Image'>C:\\Program Files (x86)\\Internet Explorer\\iexplore.exe</Data></EventData></Event>",
          "code": "22",
          "kind": "event",
          "provider": "Microsoft-Windows-Sysmon"
        },
        "winlog": {
          "channel": "Microsoft-Windows-Sysmon/Operational",
          "event_id": "22",
          "user": {
            "identifier": "S-1-5-18"
          },
          "event_data": {
            "Image": "C:\\Program Files (x86)\\Internet Explorer\\iexplore.exe",
            "UtcTime": "2019-07-18 03:34:07.955",
            "ProcessGuid": "{fa4a0de6-e8a9-5d2f-0000-001053699900}",
            "ProcessId": "2736",
            "QueryName": "sync.1rx.io",
            "QueryStatus": "0",
            "QueryResults": "::ffff:89.160.20.156;"
          },
          "process": {
            "pid": 2828,
            "thread": {
              "id": 1684
            }
          },
          "time_created": "2019-07-18T03:34:08.054Z",
          "level": "information",
          "provider_name": "Microsoft-Windows-Sysmon",
          "record_id": 182,
          "computer_name": "vagrant-2016",
          "opcode": "Info",
          "provider_guid": "{5770385f-c22a-43e0-bf4c-06f5698ffbd9}",
          "version": 5
        }
      }
    },
    {
      "data_stream": "sysmon_operational",
      "package": "windows",
      "source": "test/test-events.json",
      "sample_event": {
        "@timestamp": "2021-05-05T15:30:51.709Z",
        "log": {
          "level": "information"
        },
        "event": {
          "original": "<Event xmlns='http://schemas.microsoft.com/win/2004/08/events/event'><System><Provider Name='Microsoft-Windows-Sysmon' Guid='{5770385f-c22a-43e0-bf4c-06f5698ffbd9}'/><EventID>22</EventID><Version>5</Version><Level>4</Level><Task>22</Task><Opcode>0</Opcode><Keywords>0x8000000000000000</Keywords><TimeCreated SystemTime='2019-07-18T03:34:08.054464900Z'/><EventRecordID>183</EventRecordID><Correlation/><Execution ProcessID='2828' ThreadID='1684'/><Channel>Microsoft-Windows-Sysmon/Operational</Channel><Computer>vagrant-2016</Computer><Security UserID='S-1-5-18'/></System><EventData><Data Name='RuleName'></Data><Data Name='UtcTime'>2019-07-18 03:34:07.956</Data><Data Name='ProcessGuid'>{fa4a0de6-e8a9-5d2f-0000-001053699900}</Data><Data Name='ProcessId'>2736</Data><Data Name='QueryName'>sync.teads.tv</Data><Data Name='QueryStatus'>0</Data><Data Name='QueryResults'>type:  5 sync.teads.tv.edgekey.net;type:  5 e9957.g.akamaiedge.net;::ffff:89.160.20.156;</Data><Data Name='Image'>C:\\Program Files (x86)\\Internet Explorer\\iexplore.exe</Data></EventData></Event>",
          "kind": "event",
          "provider": "Microsoft-Windows-Sysmon",
          "code": "22"
        },
        "winlog": {
          "provider_name": "Microsoft-Windows-Sysmon",
          "opcode": "Info",
          "version": 5,
          "channel": "Microsoft-Windows-Sysmon/Operational",
          "event_id": "22",
          "provider_guid": "{5770385f-c22a-43e0-bf4c-06f5698ffbd9}",
          "time_created": "2019-07-18T03:34:08.054Z",
          "level": "information",
          "user": {
            "identifier": "S-1-5-18"
          },
          "event_data": {
            "ProcessId": "2736",
            "QueryName": "sync.teads.tv",
            "QueryStatus": "0",
            "QueryResults": "type:  5 sync.teads.tv.edgekey.net;type:  5 e9957.g.akamaiedge.net;::ffff:89.160.20.156;",
            "Image": "C:\\Program Files (x86)\\Internet Explorer\\iexplore.exe",
            "UtcTime": "2019-07-18 03:34:07.956",
            "ProcessGuid": "{fa4a0de6-e8a9-5d2f-0000-001053699900}"
          },
          "process": {
            "pid": 2828,
            "thread": {
              "id": 1684
            }
          },
          "record_id": 183,
          "computer_name": "vagrant-2016"
        }
      }
    },
    {
      "data_stream": "sysmon_operational",
      "package": "windows",
      "source": "test/test-events.json",
      "sample_event": {
        "@timestamp": "2021-05-05T15:30:51.709Z",
        "winlog": {
          "event_id": "22",
          "computer_name": "vagrant-2016",
          "provider_guid": "{5770385f-c22a-43e0-bf4c-06f5698ffbd9}",
          "level": "information",
          "process": {
            "pid": 2828,
            "thread": {
              "id": 1684
            }
          },
          "time_created": "2019-07-18T03:34:08.054Z",
          "user": {
            "identifier": "S-1-5-18"
          },
          "event_data": {
            "UtcTime": "2019-07-18 03:34:08.019",
            "ProcessGuid": "{fa4a0de6-e8a9-5d2f-0000-001053699900}",
            "ProcessId": "2736",
            "QueryName": "s.thebrighttag.com",
            "QueryStatus": "0",
            "QueryResults": "type:  5 td.thebrighttag.com;::ffff:89.160.20.156;::ffff:89.160.20.156;::ffff:89.160.20.156;::ffff:89.160.20.156;192.168.6.30;2a02:cf40:a83e::2:30;192.168.14.30;2a02:cf40:231d::2:30;192.168.92.30;2a02:cf40:83eb::30;192.168.80.30;",
            "Image": "C:\\Program Files (x86)\\Internet Explorer\\iexplore.exe"
          },
          "channel": "Microsoft-Windows-Sysmon/Operational",
          "provider_name": "Microsoft-Windows-Sysmon",
          "record_id": 184,
          "opcode": "Info",
          "version": 5
        },
        "event": {
          "original": "<Event xmlns='http://schemas.microsoft.com/win/2004/08/events/event'><System><Provider Name='Microsoft-Windows-Sysmon' Guid='{5770385f-c22a-43e0-bf4c-06f5698ffbd9}'/><EventID>22</EventID><Version>5</Version><Level>4</Level><Task>22</Task><Opcode>0</Opcode><Keywords>0x8000000000000000</Keywords><TimeCreated SystemTime='2019-07-18T03:34:08.054482800Z'/><EventRecordID>184</EventRecordID><Correlation/><Execution ProcessID='2828' ThreadID='1684'/><Channel>Microsoft-Windows-Sysmon/Operational</Channel><Computer>vagrant-2016</Computer><Security UserID='S-1-5-18'/></System><EventData><Data Name='RuleName'></Data><Data Name='UtcTime'>2019-07-18 03:34:08.019</Data><Data Name='ProcessGuid'>{fa4a0de6-e8a9-5d2f-0000-001053699900}</Data><Data Name='ProcessId'>2736</Data><Data Name='QueryName'>s.thebrighttag.com</Data><Data Name='QueryStatus'>0</Data><Data Name='QueryResults'>type:  5 td.thebrighttag.com;::ffff:89.160.20.156;::ffff:89.160.20.156;::ffff:89.160.20.156;::ffff:89.160.20.156;192.168.6.30;2a02:cf40:a83e::2:30;192.168.14.30;2a02:cf40:231d::2:30;192.168.92.30;2a02:cf40:83eb::30;192.168.80.30;</Data><Data Name='Image'>C:\\Program Files (x86)\\Internet Explorer\\iexplore.exe</Data></EventData></Event>",
          "kind": "event",
          "provider": "Microsoft-Windows-Sysmon",
          "code": "22"
        },
        "log": {
          "level": "information"
        }
      }
    },
    {
      "data_stream": "sysmon_operational",
      "package": "windows",
      "source": "test/test-events.json",
      "sample_event": {
        "@timestamp": "2021-05-05T15:30:51.709Z",
        "winlog": {
          "level": "information",
          "user": {
            "identifier": "S-1-5-18"
          },
          "event_id": "22",
          "record_id": 186,
          "computer_name": "vagrant-2016",
          "opcode": "Info",
          "version": 5,
          "time_created": "2019-07-18T03:34:09.053Z",
          "process": {
            "pid": 2828,
            "thread": {
              "id": 1684
            }
          },
          "channel": "Microsoft-Windows-Sysmon/Operational",
          "provider_name": "Microsoft-Windows-Sysmon",
          "provider_guid": "{5770385f-c22a-43e0-bf4c-06f5698ffbd9}",
          "event_data": {
            "QueryName": "t.a3cloud.net",
            "QueryStatus": "0",
            "QueryResults": "type:  5 d386jaag4hn9zl.cloudfront.net;::ffff:89.160.20.156;",
            "Image": "C:\\Program Files (x86)\\Internet Explorer\\iexplore.exe",
            "UtcTime": "2019-07-18 03:34:08.050",
            "ProcessGuid": "{fa4a0de6-e8a9-5d2f-0000-001053699900}",
            "ProcessId": "2736"
          }
        },
        "log": {
          "level": "information"
        },
        "event": {
          "original": "<Event xmlns='http://schemas.microsoft.com/win/2004/08/events/event'><System><Provider Name='Microsoft-Windows-Sysmon' Guid='{5770385f-c22a-43e0-bf4c-06f5698ffbd9}'/><EventID>22</EventID><Version>5</Version><Level>4</Level><Task>22</Task><Opcode>0</Opcode><Keywords>0x8000000000000000</Keywords><TimeCreated SystemTime='2019-07-18T03:34:09.053883400Z'/><EventRecordID>186</EventRecordID><Correlation/><Execution ProcessID='2828' ThreadID='1684'/><Channel>Microsoft-Windows-Sysmon/Operational</Channel><Computer>vagrant-2016</Computer><Security UserID='S-1-5-18'/></System><EventData><Data Name='RuleName'></Data><Data Name='UtcTime'>2019-07-18 03:34:08.050</Data><Data Name='ProcessGuid'>{fa4a0de6-e8a9-5d2f-0000-001053699900}</Data><Data Name='ProcessId'>2736</Data><Data Name='QueryName'>t.a3cloud.net</Data><Data Name='QueryStatus'>0</Data><Data Name='QueryResults'>type:  5 d386jaag4hn9zl.cloudfront.net;::ffff:89.160.20.156;</Data><Data Name='Image'>C:\\Program Files (x86)\\Internet Explorer\\iexplore.exe</Data></EventData></Event>",
          "code": "22",
          "kind": "event",
          "provider": "Microsoft-Windows-Sysmon"
        }
      }
    },
    {
      "data_stream": "sysmon_operational",
      "package": "windows",
      "source": "test/test-events.json",
      "sample_event": {
        "@timestamp": "2021-05-05T15:30:51.709Z",
        "log": {
          "level": "information"
        },
        "event": {
          "code": "22",
          "kind": "event",
          "provider": "Microsoft-Windows-Sysmon",
          "original": "<Event xmlns='http://schemas.microsoft.com/win/2004/08/events/event'><System><Provider Name='Microsoft-Windows-Sysmon' Guid='{5770385f-c22a-43e0-bf4c-06f5698ffbd9}'/><EventID>22</EventID><Version>5</Version><Level>4</Level><Task>22</Task><Opcode>0</Opcode><Keywords>0x8000000000000000</Keywords><TimeCreated SystemTime='2019-07-18T03:34:09.053900700Z'/><EventRecordID>187</EventRecordID><Correlation/><Execution ProcessID='2828' ThreadID='1684'/><Channel>Microsoft-Windows-Sysmon/Operational</Channel><Computer>vagrant-2016</Computer><Security UserID='S-1-5-18'/></System><EventData><Data Name='RuleName'></Data><Data Name='UtcTime'>2019-07-18 03:34:08.070</Data><Data Name='ProcessGuid'>{fa4a0de6-e8a9-5d2f-0000-001053699900}</Data><Data Name='ProcessId'>2736</Data><Data Name='QueryName'>tps618.doubleverify.com</Data><Data Name='QueryStatus'>0</Data><Data Name='QueryResults'>type:  5 nycp-hlb.doubleverify.com;type:  5 nycp-hlb.dvgtm.akadns.net;::ffff:89.160.20.156;</Data><Data Name='Image'>C:\\Program Files (x86)\\Internet Explorer\\iexplore.exe</Data></EventData></Event>"
        },
        "winlog": {
          "level": "information",
          "user": {
            "identifier": "S-1-5-18"
          },
          "event_data": {
            "UtcTime": "2019-07-18 03:34:08.070",
            "ProcessGuid": "{fa4a0de6-e8a9-5d2f-0000-001053699900}",
            "ProcessId": "2736",
            "QueryName": "tps618.doubleverify.com",
            "QueryStatus": "0",
            "QueryResults": "type:  5 nycp-hlb.doubleverify.com;type:  5 nycp-hlb.dvgtm.akadns.net;::ffff:89.160.20.156;",
            "Image": "C:\\Program Files (x86)\\Internet Explorer\\iexplore.exe"
          },
          "channel": "Microsoft-Windows-Sysmon/Operational",
          "record_id": 187,
          "computer_name": "vagrant-2016",
          "opcode": "Info",
          "version": 5,
          "process": {
            "pid": 2828,
            "thread": {
              "id": 1684
            }
          },
          "event_id": "22",
          "provider_name": "Microsoft-Windows-Sysmon",
          "provider_guid": "{5770385f-c22a-43e0-bf4c-06f5698ffbd9}",
          "time_created": "2019-07-18T03:34:09.053Z"
        }
      }
    },
    {
      "data_stream": "sysmon_operational",
      "package": "windows",
      "source": "test/test-events.json",
      "sample_event": {
        "@timestamp": "2021-05-05T15:30:51.710Z",
        "winlog": {
          "event_id": "22",
          "provider_name": "Microsoft-Windows-Sysmon",
          "computer_name": "vagrant-2016",
          "time_created": "2019-07-18T03:34:09.053Z",
          "user": {
            "identifier": "S-1-5-18"
          },
          "event_data": {
            "ProcessGuid": "{fa4a0de6-e8a9-5d2f-0000-001053699900}",
            "ProcessId": "2736",
            "QueryName": "dpm.demdex.net",
            "QueryStatus": "0",
            "QueryResults": "type:  5 gslb-2.demdex.net;type:  5 edge-va6.demdex.net;type:  5 dcs-edge-va6-802167536.us-east-1.elb.amazonaws.com;::ffff:89.160.20.156;::ffff:89.160.20.156;::ffff:89.160.20.156;::ffff:89.160.20.156;::ffff:89.160.20.156;::ffff:89.160.20.156;::ffff:89.160.20.156;::ffff:89.160.20.156;192.168.6.30;",
            "Image": "C:\\Program Files (x86)\\Internet Explorer\\iexplore.exe",
            "UtcTime": "2019-07-18 03:34:08.090"
          },
          "channel": "Microsoft-Windows-Sysmon/Operational",
          "record_id": 188,
          "opcode": "Info",
          "provider_guid": "{5770385f-c22a-43e0-bf4c-06f5698ffbd9}",
          "version": 5,
          "level": "information",
          "process": {
            "pid": 2828,
            "thread": {
              "id": 1684
            }
          }
        },
        "event": {
          "original": "<Event xmlns='http://schemas.microsoft.com/win/2004/08/events/event'><System><Provider Name='Microsoft-Windows-Sysmon' Guid='{5770385f-c22a-43e0-bf4c-06f5698ffbd9}'/><EventID>22</EventID><Version>5</Version><Level>4</Level><Task>22</Task><Opcode>0</Opcode><Keywords>0x8000000000000000</Keywords><TimeCreated SystemTime='2019-07-18T03:34:09.053914100Z'/><EventRecordID>188</EventRecordID><Correlation/><Execution ProcessID='2828' ThreadID='1684'/><Channel>Microsoft-Windows-Sysmon/Operational</Channel><Computer>vagrant-2016</Computer><Security UserID='S-1-5-18'/></System><EventData><Data Name='RuleName'></Data><Data Name='UtcTime'>2019-07-18 03:34:08.090</Data><Data Name='ProcessGuid'>{fa4a0de6-e8a9-5d2f-0000-001053699900}</Data><Data Name='ProcessId'>2736</Data><Data Name='QueryName'>dpm.demdex.net</Data><Data Name='QueryStatus'>0</Data><Data Name='QueryResults'>type:  5 gslb-2.demdex.net;type:  5 edge-va6.demdex.net;type:  5 dcs-edge-va6-802167536.us-east-1.elb.amazonaws.com;::ffff:89.160.20.156;::ffff:89.160.20.156;::ffff:89.160.20.156;::ffff:89.160.20.156;::ffff:89.160.20.156;::ffff:89.160.20.156;::ffff:89.160.20.156;::ffff:89.160.20.156;192.168.6.30;</Data><Data Name='Image'>C:\\Program Files (x86)\\Internet Explorer\\iexplore.exe</Data></EventData></Event>",
          "code": "22",
          "kind": "event",
          "provider": "Microsoft-Windows-Sysmon"
        },
        "log": {
          "level": "information"
        }
      }
    },
    {
      "data_stream": "sysmon_operational",
      "package": "windows",
      "source": "test/test-events.json",
      "sample_event": {
        "@timestamp": "2021-05-05T15:30:51.710Z",
        "event": {
          "original": "<Event xmlns='http://schemas.microsoft.com/win/2004/08/events/event'><System><Provider Name='Microsoft-Windows-Sysmon' Guid='{5770385f-c22a-43e0-bf4c-06f5698ffbd9}'/><EventID>22</EventID><Version>5</Version><Level>4</Level><Task>22</Task><Opcode>0</Opcode><Keywords>0x8000000000000000</Keywords><TimeCreated SystemTime='2019-07-18T03:34:09.053938800Z'/><EventRecordID>189</EventRecordID><Correlation/><Execution ProcessID='2828' ThreadID='1684'/><Channel>Microsoft-Windows-Sysmon/Operational</Channel><Computer>vagrant-2016</Computer><Security UserID='S-1-5-18'/></System><EventData><Data Name='RuleName'></Data><Data Name='UtcTime'>2019-07-18 03:34:08.308</Data><Data Name='ProcessGuid'>{fa4a0de6-e8a9-5d2f-0000-001053699900}</Data><Data Name='ProcessId'>2736</Data><Data Name='QueryName'>secure.adnxs.com</Data><Data Name='QueryStatus'>0</Data><Data Name='QueryResults'>type:  5 g.geogslb.com;type:  5 ib.anycast.adnxs.com;::ffff:89.160.20.156;::ffff:89.160.20.156;::ffff:89.160.20.156;::ffff:89.160.20.156;::ffff:89.160.20.156;::ffff:89.160.20.156;::ffff:89.160.20.156;::ffff:89.160.20.156;192.168.6.30;2a02:cf40:a83e::2:30;192.168.14.30;</Data><Data Name='Image'>C:\\Program Files (x86)\\Internet Explorer\\iexplore.exe</Data></EventData></Event>",
          "code": "22",
          "kind": "event",
          "provider": "Microsoft-Windows-Sysmon"
        },
        "winlog": {
          "version": 5,
          "time_created": "2019-07-18T03:34:09.053Z",
          "process": {
            "pid": 2828,
            "thread": {
              "id": 1684
            }
          },
          "channel": "Microsoft-Windows-Sysmon/Operational",
          "computer_name": "vagrant-2016",
          "opcode": "Info",
          "provider_guid": "{5770385f-c22a-43e0-bf4c-06f5698ffbd9}",
          "level": "information",
          "user": {
            "identifier": "S-1-5-18"
          },
          "event_data": {
            "Image": "C:\\Program Files (x86)\\Internet Explorer\\iexplore.exe",
            "UtcTime": "2019-07-18 03:34:08.308",
            "ProcessGuid": "{fa4a0de6-e8a9-5d2f-0000-001053699900}",
            "ProcessId": "2736",
            "QueryName": "secure.adnxs.com",
            "QueryStatus": "0",
            "QueryResults": "type:  5 g.geogslb.com;type:  5 ib.anycast.adnxs.com;::ffff:89.160.20.156;::ffff:89.160.20.156;::ffff:89.160.20.156;::ffff:89.160.20.156;::ffff:89.160.20.156;::ffff:89.160.20.156;::ffff:89.160.20.156;::ffff:89.160.20.156;192.168.6.30;2a02:cf40:a83e::2:30;192.168.14.30;"
          },
          "event_id": "22",
          "provider_name": "Microsoft-Windows-Sysmon",
          "record_id": 189
        },
        "log": {
          "level": "information"
        }
      }
    },
    {
      "data_stream": "sysmon_operational",
      "package": "windows",
      "source": "test/test-events.json",
      "sample_event": {
        "@timestamp": "2021-05-05T15:30:51.710Z",
        "log": {
          "level": "information"
        },
        "event": {
          "provider": "Microsoft-Windows-Sysmon",
          "original": "<Event xmlns='http://schemas.microsoft.com/win/2004/08/events/event'><System><Provider Name='Microsoft-Windows-Sysmon' Guid='{5770385f-c22a-43e0-bf4c-06f5698ffbd9}'/><EventID>22</EventID><Version>5</Version><Level>4</Level><Task>22</Task><Opcode>0</Opcode><Keywords>0x8000000000000000</Keywords><TimeCreated SystemTime='2019-07-18T03:34:09.053949300Z'/><EventRecordID>190</EventRecordID><Correlation/><Execution ProcessID='2828' ThreadID='1684'/><Channel>Microsoft-Windows-Sysmon/Operational</Channel><Computer>vagrant-2016</Computer><Security UserID='S-1-5-18'/></System><EventData><Data Name='RuleName'></Data><Data Name='UtcTime'>2019-07-18 03:34:08.478</Data><Data Name='ProcessGuid'>{fa4a0de6-e8a9-5d2f-0000-001053699900}</Data><Data Name='ProcessId'>2736</Data><Data Name='QueryName'>tps.doubleverify.com</Data><Data Name='QueryStatus'>0</Data><Data Name='QueryResults'>type:  5 tps-geo.dvgtm.akadns.net;type:  5 nycp-hlb.dvgtm.akadns.net;::ffff:89.160.20.156;</Data><Data Name='Image'>C:\\Program Files (x86)\\Internet Explorer\\iexplore.exe</Data></EventData></Event>",
          "code": "22",
          "kind": "event"
        },
        "winlog": {
          "record_id": 190,
          "computer_name": "vagrant-2016",
          "version": 5,
          "time_created": "2019-07-18T03:34:09.053Z",
          "user": {
            "identifier": "S-1-5-18"
          },
          "process": {
            "thread": {
              "id": 1684
            },
            "pid": 2828
          },
          "provider_name": "Microsoft-Windows-Sysmon",
          "event_id": "22",
          "opcode": "Info",
          "provider_guid": "{5770385f-c22a-43e0-bf4c-06f5698ffbd9}",
          "level": "information",
          "event_data": {
            "QueryName": "tps.doubleverify.com",
            "QueryStatus": "0",
            "QueryResults": "type:  5 tps-geo.dvgtm.akadns.net;type:  5 nycp-hlb.dvgtm.akadns.net;::ffff:89.160.20.156;",
            "Image": "C:\\Program Files (x86)\\Internet Explorer\\iexplore.exe",
            "UtcTime": "2019-07-18 03:34:08.478",
            "ProcessGuid": "{fa4a0de6-e8a9-5d2f-0000-001053699900}",
            "ProcessId": "2736"
          },
          "channel": "Microsoft-Windows-Sysmon/Operational"
        }
      }
    },
    {
      "data_stream": "sysmon_operational",
      "package": "windows",
      "source": "test/test-events.json",
      "sample_event": {
        "@timestamp": "2021-05-05T15:30:51.710Z",
        "log": {
          "level": "information"
        },
        "event": {
          "provider": "Microsoft-Windows-Sysmon",
          "original": "<Event xmlns='http://schemas.microsoft.com/win/2004/08/events/event'><System><Provider Name='Microsoft-Windows-Sysmon' Guid='{5770385f-c22a-43e0-bf4c-06f5698ffbd9}'/><EventID>22</EventID><Version>5</Version><Level>4</Level><Task>22</Task><Opcode>0</Opcode><Keywords>0x8000000000000000</Keywords><TimeCreated SystemTime='2019-07-18T03:34:09.067752300Z'/><EventRecordID>191</EventRecordID><Correlation/><Execution ProcessID='2828' ThreadID='1684'/><Channel>Microsoft-Windows-Sysmon/Operational</Channel><Computer>vagrant-2016</Computer><Security UserID='S-1-5-18'/></System><EventData><Data Name='RuleName'></Data><Data Name='UtcTime'>2019-07-18 03:34:08.536</Data><Data Name='ProcessGuid'>{fa4a0de6-e8a9-5d2f-0000-001053699900}</Data><Data Name='ProcessId'>2736</Data><Data Name='QueryName'>i.liadm.com</Data><Data Name='QueryStatus'>0</Data><Data Name='QueryResults'>type:  5 idaas-production.us-east-1.elasticbeanstalk.com;::ffff:89.160.20.156;::ffff:89.160.20.156;::ffff:89.160.20.156;::ffff:89.160.20.156;::ffff:89.160.20.156;::ffff:89.160.20.156;::ffff:89.160.20.156;::ffff:89.160.20.156;192.168.6.30;2a02:cf40:a83e::2:30;192.168.14.30;</Data><Data Name='Image'>C:\\Program Files (x86)\\Internet Explorer\\iexplore.exe</Data></EventData></Event>",
          "code": "22",
          "kind": "event"
        },
        "winlog": {
          "provider_guid": "{5770385f-c22a-43e0-bf4c-06f5698ffbd9}",
          "level": "information",
          "event_data": {
            "QueryName": "i.liadm.com",
            "QueryStatus": "0",
            "QueryResults": "type:  5 idaas-production.us-east-1.elasticbeanstalk.com;::ffff:89.160.20.156;::ffff:89.160.20.156;::ffff:89.160.20.156;::ffff:89.160.20.156;::ffff:89.160.20.156;::ffff:89.160.20.156;::ffff:89.160.20.156;::ffff:89.160.20.156;192.168.6.30;2a02:cf40:a83e::2:30;192.168.14.30;",
            "Image": "C:\\Program Files (x86)\\Internet Explorer\\iexplore.exe",
            "UtcTime": "2019-07-18 03:34:08.536",
            "ProcessGuid": "{fa4a0de6-e8a9-5d2f-0000-001053699900}",
            "ProcessId": "2736"
          },
          "process": {
            "pid": 2828,
            "thread": {
              "id": 1684
            }
          },
          "channel": "Microsoft-Windows-Sysmon/Operational",
          "event_id": "22",
          "provider_name": "Microsoft-Windows-Sysmon",
          "opcode": "Info",
          "user": {
            "identifier": "S-1-5-18"
          },
          "record_id": 191,
          "computer_name": "vagrant-2016",
          "version": 5,
          "time_created": "2019-07-18T03:34:09.067Z"
        }
      }
    },
    {
      "data_stream": "sysmon_operational",
      "package": "windows",
      "source": "test/test-events.json",
      "sample_event": {
        "@timestamp": "2021-05-05T15:30:51.710Z",
        "log": {
          "level": "information"
        },
        "event": {
          "kind": "event",
          "provider": "Microsoft-Windows-Sysmon",
          "original": "<Event xmlns='http://schemas.microsoft.com/win/2004/08/events/event'><System><Provider Name='Microsoft-Windows-Sysmon' Guid='{5770385f-c22a-43e0-bf4c-06f5698ffbd9}'/><EventID>22</EventID><Version>5</Version><Level>4</Level><Task>22</Task><Opcode>0</Opcode><Keywords>0x8000000000000000</Keywords><TimeCreated SystemTime='2019-07-18T03:34:09.067766000Z'/><EventRecordID>192</EventRecordID><Correlation/><Execution ProcessID='2828' ThreadID='1684'/><Channel>Microsoft-Windows-Sysmon/Operational</Channel><Computer>vagrant-2016</Computer><Security UserID='S-1-5-18'/></System><EventData><Data Name='RuleName'></Data><Data Name='UtcTime'>2019-07-18 03:34:08.544</Data><Data Name='ProcessGuid'>{fa4a0de6-e8a9-5d2f-0000-001053699900}</Data><Data Name='ProcessId'>2736</Data><Data Name='QueryName'>pixel.s3xified.com</Data><Data Name='QueryStatus'>0</Data><Data Name='QueryResults'>::ffff:89.160.20.156;192.168.6.30;2a02:cf40:a83e::2:30;192.168.14.30;2a02:cf40:231d::2:30;192.168.92.30;2a02:cf40:83eb::30;192.168.80.30;2a02:cf40:856e::30;192.168.94.30;2a02:cf40:1ca1::30;192.168.51.30;</Data><Data Name='Image'>C:\\Program Files (x86)\\Internet Explorer\\iexplore.exe</Data></EventData></Event>",
          "code": "22"
        },
        "winlog": {
          "provider_name": "Microsoft-Windows-Sysmon",
          "record_id": 192,
          "computer_name": "vagrant-2016",
          "opcode": "Info",
          "provider_guid": "{5770385f-c22a-43e0-bf4c-06f5698ffbd9}",
          "user": {
            "identifier": "S-1-5-18"
          },
          "channel": "Microsoft-Windows-Sysmon/Operational",
          "version": 5,
          "time_created": "2019-07-18T03:34:09.067Z",
          "level": "information",
          "event_data": {
            "QueryResults": "::ffff:89.160.20.156;192.168.6.30;2a02:cf40:a83e::2:30;192.168.14.30;2a02:cf40:231d::2:30;192.168.92.30;2a02:cf40:83eb::30;192.168.80.30;2a02:cf40:856e::30;192.168.94.30;2a02:cf40:1ca1::30;192.168.51.30;",
            "Image": "C:\\Program Files (x86)\\Internet Explorer\\iexplore.exe",
            "UtcTime": "2019-07-18 03:34:08.544",
            "ProcessGuid": "{fa4a0de6-e8a9-5d2f-0000-001053699900}",
            "ProcessId": "2736",
            "QueryName": "pixel.s3xified.com",
            "QueryStatus": "0"
          },
          "process": {
            "pid": 2828,
            "thread": {
              "id": 1684
            }
          },
          "event_id": "22"
        }
      }
    },
    {
      "data_stream": "sysmon_operational",
      "package": "windows",
      "source": "test/test-events.json",
      "sample_event": {
        "@timestamp": "2021-05-05T15:30:51.710Z",
        "log": {
          "level": "information"
        },
        "event": {
          "original": "<Event xmlns='http://schemas.microsoft.com/win/2004/08/events/event'><System><Provider Name='Microsoft-Windows-Sysmon' Guid='{5770385f-c22a-43e0-bf4c-06f5698ffbd9}'/><EventID>22</EventID><Version>5</Version><Level>4</Level><Task>22</Task><Opcode>0</Opcode><Keywords>0x8000000000000000</Keywords><TimeCreated SystemTime='2019-07-18T03:34:09.067776600Z'/><EventRecordID>193</EventRecordID><Correlation/><Execution ProcessID='2828' ThreadID='1684'/><Channel>Microsoft-Windows-Sysmon/Operational</Channel><Computer>vagrant-2016</Computer><Security UserID='S-1-5-18'/></System><EventData><Data Name='RuleName'></Data><Data Name='UtcTime'>2019-07-18 03:34:08.550</Data><Data Name='ProcessGuid'>{fa4a0de6-e8a9-5d2f-0000-001053699900}</Data><Data Name='ProcessId'>2736</Data><Data Name='QueryName'>router.infolinks.com</Data><Data Name='QueryStatus'>0</Data><Data Name='QueryResults'>::ffff:89.160.20.156;::ffff:89.160.20.156;192.168.6.30;2a02:cf40:a83e::2:30;192.168.14.30;2a02:cf40:231d::2:30;192.168.92.30;2a02:cf40:83eb::30;192.168.80.30;2a02:cf40:856e::30;192.168.94.30;</Data><Data Name='Image'>C:\\Program Files (x86)\\Internet Explorer\\iexplore.exe</Data></EventData></Event>",
          "code": "22",
          "kind": "event",
          "provider": "Microsoft-Windows-Sysmon"
        },
        "winlog": {
          "event_data": {
            "UtcTime": "2019-07-18 03:34:08.550",
            "ProcessGuid": "{fa4a0de6-e8a9-5d2f-0000-001053699900}",
            "ProcessId": "2736",
            "QueryName": "router.infolinks.com",
            "QueryStatus": "0",
            "QueryResults": "::ffff:89.160.20.156;::ffff:89.160.20.156;192.168.6.30;2a02:cf40:a83e::2:30;192.168.14.30;2a02:cf40:231d::2:30;192.168.92.30;2a02:cf40:83eb::30;192.168.80.30;2a02:cf40:856e::30;192.168.94.30;",
            "Image": "C:\\Program Files (x86)\\Internet Explorer\\iexplore.exe"
          },
          "opcode": "Info",
          "user": {
            "identifier": "S-1-5-18"
          },
          "provider_name": "Microsoft-Windows-Sysmon",
          "record_id": 193,
          "computer_name": "vagrant-2016",
          "provider_guid": "{5770385f-c22a-43e0-bf4c-06f5698ffbd9}",
          "version": 5,
          "time_created": "2019-07-18T03:34:09.067Z",
          "channel": "Microsoft-Windows-Sysmon/Operational",
          "event_id": "22",
          "level": "information",
          "process": {
            "pid": 2828,
            "thread": {
              "id": 1684
            }
          }
        }
      }
    },
    {
      "data_stream": "sysmon_operational",
      "package": "windows",
      "source": "test/test-events.json",
      "sample_event": {
        "@timestamp": "2021-05-05T15:30:51.710Z",
        "winlog": {
          "channel": "Microsoft-Windows-Sysmon/Operational",
          "provider_name": "Microsoft-Windows-Sysmon",
          "record_id": 194,
          "computer_name": "vagrant-2016",
          "opcode": "Info",
          "provider_guid": "{5770385f-c22a-43e0-bf4c-06f5698ffbd9}",
          "time_created": "2019-07-18T03:34:09.067Z",
          "level": "information",
          "event_id": "22",
          "version": 5,
          "user": {
            "identifier": "S-1-5-18"
          },
          "event_data": {
            "ProcessId": "2736",
            "QueryName": "grey.erne.co",
            "QueryStatus": "0",
            "QueryResults": "::ffff:89.160.20.156;::ffff:89.160.20.156;::ffff:89.160.20.156;::ffff:89.160.20.156;::ffff:89.160.20.156;::ffff:89.160.20.156;::ffff:89.160.20.156;::ffff:89.160.20.156;::ffff:89.160.20.156;::ffff:89.160.20.156;",
            "Image": "C:\\Program Files (x86)\\Internet Explorer\\iexplore.exe",
            "UtcTime": "2019-07-18 03:34:08.552",
            "ProcessGuid": "{fa4a0de6-e8a9-5d2f-0000-001053699900}"
          },
          "process": {
            "pid": 2828,
            "thread": {
              "id": 1684
            }
          }
        },
        "log": {
          "level": "information"
        },
        "event": {
          "original": "<Event xmlns='http://schemas.microsoft.com/win/2004/08/events/event'><System><Provider Name='Microsoft-Windows-Sysmon' Guid='{5770385f-c22a-43e0-bf4c-06f5698ffbd9}'/><EventID>22</EventID><Version>5</Version><Level>4</Level><Task>22</Task><Opcode>0</Opcode><Keywords>0x8000000000000000</Keywords><TimeCreated SystemTime='2019-07-18T03:34:09.067787900Z'/><EventRecordID>194</EventRecordID><Correlation/><Execution ProcessID='2828' ThreadID='1684'/><Channel>Microsoft-Windows-Sysmon/Operational</Channel><Computer>vagrant-2016</Computer><Security UserID='S-1-5-18'/></System><EventData><Data Name='RuleName'></Data><Data Name='UtcTime'>2019-07-18 03:34:08.552</Data><Data Name='ProcessGuid'>{fa4a0de6-e8a9-5d2f-0000-001053699900}</Data><Data Name='ProcessId'>2736</Data><Data Name='QueryName'>grey.erne.co</Data><Data Name='QueryStatus'>0</Data><Data Name='QueryResults'>::ffff:89.160.20.156;::ffff:89.160.20.156;::ffff:89.160.20.156;::ffff:89.160.20.156;::ffff:89.160.20.156;::ffff:89.160.20.156;::ffff:89.160.20.156;::ffff:89.160.20.156;::ffff:89.160.20.156;::ffff:89.160.20.156;</Data><Data Name='Image'>C:\\Program Files (x86)\\Internet Explorer\\iexplore.exe</Data></EventData></Event>",
          "code": "22",
          "kind": "event",
          "provider": "Microsoft-Windows-Sysmon"
        }
      }
    },
    {
      "data_stream": "sysmon_operational",
      "package": "windows",
      "source": "test/test-events.json",
      "sample_event": {
        "@timestamp": "2021-05-05T15:30:51.710Z",
        "winlog": {
          "computer_name": "vagrant-2016",
          "provider_guid": "{5770385f-c22a-43e0-bf4c-06f5698ffbd9}",
          "event_data": {
            "UtcTime": "2019-07-18 03:34:08.552",
            "ProcessGuid": "{fa4a0de6-e8a9-5d2f-0000-001053699900}",
            "ProcessId": "2736",
            "QueryName": "sync.jivox.com",
            "QueryStatus": "0",
            "QueryResults": "::ffff:89.160.20.156;::ffff:89.160.20.156;192.168.6.30;2a02:cf40:a83e::2:30;192.168.14.30;2a02:cf40:231d::2:30;192.168.92.30;2a02:cf40:83eb::30;192.168.80.30;2a02:cf40:856e::30;192.168.94.30;2a02:cf40:1ca1::30;",
            "Image": "C:\\Program Files (x86)\\Internet Explorer\\iexplore.exe"
          },
          "version": 5,
          "time_created": "2019-07-18T03:34:09.067Z",
          "level": "information",
          "channel": "Microsoft-Windows-Sysmon/Operational",
          "event_id": "22",
          "provider_name": "Microsoft-Windows-Sysmon",
          "record_id": 195,
          "opcode": "Info",
          "user": {
            "identifier": "S-1-5-18"
          },
          "process": {
            "pid": 2828,
            "thread": {
              "id": 1684
            }
          }
        },
        "log": {
          "level": "information"
        },
        "event": {
          "code": "22",
          "kind": "event",
          "provider": "Microsoft-Windows-Sysmon",
          "original": "<Event xmlns='http://schemas.microsoft.com/win/2004/08/events/event'><System><Provider Name='Microsoft-Windows-Sysmon' Guid='{5770385f-c22a-43e0-bf4c-06f5698ffbd9}'/><EventID>22</EventID><Version>5</Version><Level>4</Level><Task>22</Task><Opcode>0</Opcode><Keywords>0x8000000000000000</Keywords><TimeCreated SystemTime='2019-07-18T03:34:09.067797800Z'/><EventRecordID>195</EventRecordID><Correlation/><Execution ProcessID='2828' ThreadID='1684'/><Channel>Microsoft-Windows-Sysmon/Operational</Channel><Computer>vagrant-2016</Computer><Security UserID='S-1-5-18'/></System><EventData><Data Name='RuleName'></Data><Data Name='UtcTime'>2019-07-18 03:34:08.552</Data><Data Name='ProcessGuid'>{fa4a0de6-e8a9-5d2f-0000-001053699900}</Data><Data Name='ProcessId'>2736</Data><Data Name='QueryName'>sync.jivox.com</Data><Data Name='QueryStatus'>0</Data><Data Name='QueryResults'>::ffff:89.160.20.156;::ffff:89.160.20.156;192.168.6.30;2a02:cf40:a83e::2:30;192.168.14.30;2a02:cf40:231d::2:30;192.168.92.30;2a02:cf40:83eb::30;192.168.80.30;2a02:cf40:856e::30;192.168.94.30;2a02:cf40:1ca1::30;</Data><Data Name='Image'>C:\\Program Files (x86)\\Internet Explorer\\iexplore.exe</Data></EventData></Event>"
        }
      }
    },
