    {
      "data_stream": "sysmon_operational",
      "package": "windows",
      "source": "test/test-events.json-expected.json",
      "sample_event": {
        "@timestamp": "2019-03-18T16:57:47.847Z",
        "destination": {
          "ip": "2a02:cf40:add:4002:91f2:a9b2:e09a:6fc6",
          "port": 53
        },
        "ecs": {
          "version": "8.17.0"
        },
        "event": {
          "action": "Network connection",
          "category": [
            "network"
          ],
          "code": "3",
          "created": "2019-03-18T16:57:49.089Z",
          "kind": "event",
          "original": "<Event xmlns='http://schemas.microsoft.com/win/2004/08/events/event'><System><Provider Name='Microsoft-Windows-Sysmon' Guid='{5770385f-c22a-43e0-bf4c-06f5698ffbd9}'/><EventID>3</EventID><Version>5</Version><Level>4</Level><Task>3</Task><Opcode>0</Opcode><Keywords>0x8000000000000000</Keywords><TimeCreated SystemTime='2019-03-18T16:57:49.089723100Z'/><EventRecordID>8</EventRecordID><Correlation/><Execution ProcessID='4860' ThreadID='4492'/><Channel>Microsoft-Windows-Sysmon/Operational</Channel><Computer>vagrant-2012-r2</Computer><Security UserID='S-1-5-18'/></System><EventData><Data Name='RuleName'></Data><Data Name='UtcTime'>2019-03-18 16:57:47.847</Data><Data Name='ProcessGuid'>{42f11c3b-0bad-5c8c-0000-0010dfbc0000}</Data><Data Name='ProcessId'>924</Data><Data Name='Image'>C:\\Windows\\System32\\svchost.exe</Data><Data Name='User'>NT AUTHORITY\\NETWORK SERVICE</Data><Data Name='Protocol'>udp</Data><Data Name='Initiated'>true</Data><Data Name='SourceIsIpv6'>true</Data><Data Name='SourceIp'>2a02:cf40:add:4002:91f2:a9b2:e09a:6fc6</Data><Data Name='SourceHostname'></Data><Data Name='SourcePort'>62141</Data><Data Name='SourcePortName'></Data><Data Name='DestinationIsIpv6'>true</Data><Data Name='DestinationIp'>2a02:cf40:add:4002:91f2:a9b2:e09a:6fc6</Data><Data Name='DestinationHostname'></Data><Data Name='DestinationPort'>53</Data><Data Name='DestinationPortName'>domain</Data></EventData></Event>",
          "provider": "Microsoft-Windows-Sysmon",
          "type": [
            "start",
            "connection",
            "protocol"
          ]
        },
        "log": {
          "level": "information"
        },
        "network": {
          "community_id": "1:o5sHG56d/GR7mu8ASz0uSsv7uF0=",
          "direction": "egress",
          "protocol": "domain",
          "transport": "udp",
          "type": "ipv6"
        },
        "process": {
          "entity_id": "{42f11c3b-0bad-5c8c-0000-0010dfbc0000}",
          "executable": "C:\\Windows\\System32\\svchost.exe",
          "name": "svchost.exe",
          "pid": 924
        },
        "related": {
          "ip": [
            "2a02:cf40:add:4002:91f2:a9b2:e09a:6fc6"
          ],
          "user": [
            "NETWORK SERVICE"
          ]
        },
        "source": {
          "ip": "2a02:cf40:add:4002:91f2:a9b2:e09a:6fc6",
          "port": 62141
        },
        "user": {
          "domain": "NT AUTHORITY",
          "id": "S-1-5-18",
          "name": "NETWORK SERVICE"
        },
        "winlog": {
          "channel": "Microsoft-Windows-Sysmon/Operational",
          "computer_name": "vagrant-2012-r2",
          "event_id": "3",
          "opcode": "Info",
          "process": {
            "pid": 4860,
            "thread": {
              "id": 4492
            }
          },
          "provider_guid": "{5770385f-c22a-43e0-bf4c-06f5698ffbd9}",
          "provider_name": "Microsoft-Windows-Sysmon",
          "record_id": "8",
          "user": {
            "identifier": "S-1-5-18"
          },
          "version": 5
        }
      }
    },
    {
      "data_stream": "sysmon_operational",
      "package": "windows",
      "source": "test/test-events.json-expected.json",
      "sample_event": {
        "@timestamp": "2019-03-18T16:57:48.070Z",
        "destination": {
          "ip": "10.0.2.3",
          "port": 53
        },
        "ecs": {
          "version": "8.17.0"
        },
        "event": {
          "action": "Network connection",
          "category": [
            "network"
          ],
          "code": "3",
          "created": "2019-03-18T16:57:49.089Z",
          "kind": "event",
          "original": "<Event xmlns='http://schemas.microsoft.com/win/2004/08/events/event'><System><Provider Name='Microsoft-Windows-Sysmon' Guid='{5770385f-c22a-43e0-bf4c-06f5698ffbd9}'/><EventID>3</EventID><Version>5</Version><Level>4</Level><Task>3</Task><Opcode>0</Opcode><Keywords>0x8000000000000000</Keywords><TimeCreated SystemTime='2019-03-18T16:57:49.089723100Z'/><EventRecordID>9</EventRecordID><Correlation/><Execution ProcessID='4860' ThreadID='4492'/><Channel>Microsoft-Windows-Sysmon/Operational</Channel><Computer>vagrant-2012-r2</Computer><Security UserID='S-1-5-18'/></System><EventData><Data Name='RuleName'></Data><Data Name='UtcTime'>2019-03-18 16:57:48.070</Data><Data Name='ProcessGuid'>{42f11c3b-0bad-5c8c-0000-0010dfbc0000}</Data><Data Name='ProcessId'>924</Data><Data Name='Image'>C:\\Windows\\System32\\svchost.exe</Data><Data Name='User'>NT AUTHORITY\\NETWORK SERVICE</Data><Data Name='Protocol'>udp</Data><Data Name='Initiated'>false</Data><Data Name='SourceIsIpv6'>false</Data><Data Name='SourceIp'>10.0.2.15</Data><Data Name='SourceHostname'>vagrant-2012-r2.local.crowbird.com</Data><Data Name='SourcePort'>62141</Data><Data Name='SourcePortName'></Data><Data Name='DestinationIsIpv6'>false</Data><Data Name='DestinationIp'>10.0.2.3</Data><Data Name='DestinationHostname'></Data><Data Name='DestinationPort'>53</Data><Data Name='DestinationPortName'>domain</Data></EventData></Event>",
          "provider": "Microsoft-Windows-Sysmon",
          "type": [
            "start",
            "connection",
            "protocol"
          ]
        },
        "log": {
          "level": "information"
        },
        "network": {
          "community_id": "1:TXczQujzvcGYSvZ/CKEBu1p2riE=",
          "direction": "ingress",
          "protocol": "domain",
          "transport": "udp",
          "type": "ipv4"
        },
        "process": {
          "entity_id": "{42f11c3b-0bad-5c8c-0000-0010dfbc0000}",
          "executable": "C:\\Windows\\System32\\svchost.exe",
          "name": "svchost.exe",
          "pid": 924
        },
        "related": {
          "ip": [
            "10.0.2.15",
            "10.0.2.3"
          ],
          "user": [
            "NETWORK SERVICE"
          ]
        },
        "source": {
          "domain": "vagrant-2012-r2.local.crowbird.com",
          "ip": "10.0.2.15",
          "port": 62141
        },
        "user": {
          "domain": "NT AUTHORITY",
          "id": "S-1-5-18",
          "name": "NETWORK SERVICE"
        },
        "winlog": {
          "channel": "Microsoft-Windows-Sysmon/Operational",
          "computer_name": "vagrant-2012-r2",
          "event_id": "3",
          "opcode": "Info",
          "process": {
            "pid": 4860,
            "thread": {
              "id": 4492
            }
          },
          "provider_guid": "{5770385f-c22a-43e0-bf4c-06f5698ffbd9}",
          "provider_name": "Microsoft-Windows-Sysmon",
          "record_id": "9",
          "user": {
            "identifier": "S-1-5-18"
          },
          "version": 5
        }
      }
    },
    {
      "data_stream": "sysmon_operational",
      "package": "windows",
      "source": "test/test-events.json-expected.json",
      "sample_event": {
        "@timestamp": "2019-03-18T16:57:48.148Z",
        "destination": {
          "ip": "89.160.20.156",
          "port": 443
        },
        "ecs": {
          "version": "8.17.0"
        },
        "event": {
          "action": "Network connection",
          "category": [
            "network"
          ],
          "code": "3",
          "created": "2019-03-18T16:57:49.340Z",
          "kind": "event",
          "original": "<Event xmlns='http://schemas.microsoft.com/win/2004/08/events/event'><System><Provider Name='Microsoft-Windows-Sysmon' Guid='{5770385f-c22a-43e0-bf4c-06f5698ffbd9}'/><EventID>3</EventID><Version>5</Version><Level>4</Level><Task>3</Task><Opcode>0</Opcode><Keywords>0x8000000000000000</Keywords><TimeCreated SystemTime='2019-03-18T16:57:49.340580700Z'/><EventRecordID>10</EventRecordID><Correlation/><Execution ProcessID='4860' ThreadID='4492'/><Channel>Microsoft-Windows-Sysmon/Operational</Channel><Computer>vagrant-2012-r2</Computer><Security UserID='S-1-5-18'/></System><EventData><Data Name='RuleName'></Data><Data Name='UtcTime'>2019-03-18 16:57:48.148</Data><Data Name='ProcessGuid'>{42f11c3b-ccaa-5c8f-0000-0010b4e22700}</Data><Data Name='ProcessId'>1600</Data><Data Name='Image'>C:\\Program Files (x86)\\Google\\Chrome\\Application\\chrome.exe</Data><Data Name='User'>VAGRANT-2012-R2\\vagrant</Data><Data Name='Protocol'>tcp</Data><Data Name='Initiated'>true</Data><Data Name='SourceIsIpv6'>false</Data><Data Name='SourceIp'>10.0.2.15</Data><Data Name='SourceHostname'>vagrant-2012-r2.local.crowbird.com</Data><Data Name='SourcePort'>1138</Data><Data Name='SourcePortName'></Data><Data Name='DestinationIsIpv6'>false</Data><Data Name='DestinationIp'>89.160.20.156</Data><Data Name='DestinationHostname'></Data><Data Name='DestinationPort'>443</Data><Data Name='DestinationPortName'>https</Data></EventData></Event>",
          "provider": "Microsoft-Windows-Sysmon",
          "type": [
            "start",
            "connection",
            "protocol"
          ]
        },
        "log": {
          "level": "information"
        },
        "network": {
          "community_id": "1:BPIgbA//CuXUCUo7V4pQn4uLQOk=",
          "direction": "egress",
          "protocol": "https",
          "transport": "tcp",
          "type": "ipv4"
        },
        "process": {
          "entity_id": "{42f11c3b-ccaa-5c8f-0000-0010b4e22700}",
          "executable": "C:\\Program Files (x86)\\Google\\Chrome\\Application\\chrome.exe",
          "name": "chrome.exe",
          "pid": 1600
        },
        "related": {
          "ip": [
            "10.0.2.15",
            "89.160.20.156"
          ],
          "user": [
            "vagrant"
          ]
        },
        "source": {
          "domain": "vagrant-2012-r2.local.crowbird.com",
          "ip": "10.0.2.15",
          "port": 1138
        },
        "user": {
          "domain": "VAGRANT-2012-R2",
          "id": "S-1-5-18",
          "name": "vagrant"
        },
        "winlog": {
          "channel": "Microsoft-Windows-Sysmon/Operational",
          "computer_name": "vagrant-2012-r2",
          "event_id": "3",
          "opcode": "Info",
          "process": {
            "pid": 4860,
            "thread": {
              "id": 4492
            }
          },
          "provider_guid": "{5770385f-c22a-43e0-bf4c-06f5698ffbd9}",
          "provider_name": "Microsoft-Windows-Sysmon",
          "record_id": "10",
          "user": {
            "identifier": "S-1-5-18"
          },
          "version": 5
        }
      }
    },
    {
      "data_stream": "sysmon_operational",
      "package": "windows",
      "source": "test/test-events.json-expected.json",
      "sample_event": {
        "@timestamp": "2019-03-18T16:57:48.214Z",
        "destination": {
          "ip": "89.160.20.156",
          "port": 443
        },
        "ecs": {
          "version": "8.17.0"
        },
        "event": {
          "action": "Network connection",
          "category": [
            "network"
          ],
          "code": "3",
          "created": "2019-03-18T16:57:49.340Z",
          "kind": "event",
          "original": "<Event xmlns='http://schemas.microsoft.com/win/2004/08/events/event'><System><Provider Name='Microsoft-Windows-Sysmon' Guid='{5770385f-c22a-43e0-bf4c-06f5698ffbd9}'/><EventID>3</EventID><Version>5</Version><Level>4</Level><Task>3</Task><Opcode>0</Opcode><Keywords>0x8000000000000000</Keywords><TimeCreated SystemTime='2019-03-18T16:57:49.340580700Z'/><EventRecordID>11</EventRecordID><Correlation/><Execution ProcessID='4860' ThreadID='4492'/><Channel>Microsoft-Windows-Sysmon/Operational</Channel><Computer>vagrant-2012-r2</Computer><Security UserID='S-1-5-18'/></System><EventData><Data Name='RuleName'></Data><Data Name='UtcTime'>2019-03-18 16:57:48.214</Data><Data Name='ProcessGuid'>{42f11c3b-ccaa-5c8f-0000-0010b4e22700}</Data><Data Name='ProcessId'>1600</Data><Data Name='Image'>C:\\Program Files (x86)\\Google\\Chrome\\Application\\chrome.exe</Data><Data Name='User'>VAGRANT-2012-R2\\vagrant</Data><Data Name='Protocol'>tcp</Data><Data Name='Initiated'>true</Data><Data Name='SourceIsIpv6'>false</Data><Data Name='SourceIp'>10.0.2.15</Data><Data Name='SourceHostname'>vagrant-2012-r2.local.crowbird.com</Data><Data Name='SourcePort'>1139</Data><Data Name='SourcePortName'></Data><Data Name='DestinationIsIpv6'>false</Data><Data Name='DestinationIp'>89.160.20.156</Data><Data Name='DestinationHostname'></Data><Data Name='DestinationPort'>443</Data><Data Name='DestinationPortName'>https</Data></EventData></Event>",
          "provider": "Microsoft-Windows-Sysmon",
          "type": [
            "start",
            "connection",
            "protocol"
          ]
        },
        "log": {
          "level": "information"
        },
        "network": {
          "community_id": "1:FaLCJ8g6qTBdQh1Rvg2/ru25R6M=",
          "direction": "egress",
          "protocol": "https",
          "transport": "tcp",
          "type": "ipv4"
        },
        "process": {
          "entity_id": "{42f11c3b-ccaa-5c8f-0000-0010b4e22700}",
          "executable": "C:\\Program Files (x86)\\Google\\Chrome\\Application\\chrome.exe",
          "name": "chrome.exe",
          "pid": 1600
        },
        "related": {
          "ip": [
            "10.0.2.15",
            "89.160.20.156"
          ],
          "user": [
            "vagrant"
          ]
        },
        "source": {
          "domain": "vagrant-2012-r2.local.crowbird.com",
          "ip": "10.0.2.15",
          "port": 1139
        },
        "user": {
          "domain": "VAGRANT-2012-R2",
          "id": "S-1-5-18",
          "name": "vagrant"
        },
        "winlog": {
          "channel": "Microsoft-Windows-Sysmon/Operational",
          "computer_name": "vagrant-2012-r2",
          "event_id": "3",
          "opcode": "Info",
          "process": {
            "pid": 4860,
            "thread": {
              "id": 4492
            }
          },
          "provider_guid": "{5770385f-c22a-43e0-bf4c-06f5698ffbd9}",
          "provider_name": "Microsoft-Windows-Sysmon",
          "record_id": "11",
          "user": {
            "identifier": "S-1-5-18"
          },
          "version": 5
        }
      }
    },
    {
      "data_stream": "sysmon_operational",
      "package": "windows",
      "source": "test/test-events.json-expected.json",
      "sample_event": {
        "@timestamp": "2019-07-18T03:34:03.468Z",
        "dns": {
          "answers": [
            {
              "data": "ocsp.int-x3.letsencrypt.org.edgesuite.net",
              "type": "CNAME"
            },
            {
              "data": "a771.dscq.akamai.net",
              "type": "CNAME"
            },
            {
              "data": "89.160.20.156",
              "type": "A"
            },
            {
              "data": "89.160.20.156",
              "type": "A"
            }
          ],
          "question": {
            "name": "ocsp.int-x3.letsencrypt.org",
            "registered_domain": "letsencrypt.org",
            "subdomain": "ocsp.int-x3",
            "top_level_domain": "org"
          },
          "resolved_ip": [
            "89.160.20.156",
            "89.160.20.156"
          ]
        },
        "ecs": {
          "version": "8.17.0"
        },
        "event": {
          "action": "DNSEvent (DNS query)",
          "category": [
            "network"
          ],
          "code": "22",
          "created": "2019-07-18T03:34:03.802Z",
          "kind": "event",
          "original": "<Event xmlns='http://schemas.microsoft.com/win/2004/08/events/event'><System><Provider Name='Microsoft-Windows-Sysmon' Guid='{5770385f-c22a-43e0-bf4c-06f5698ffbd9}'/><EventID>22</EventID><Version>5</Version><Level>4</Level><Task>22</Task><Opcode>0</Opcode><Keywords>0x8000000000000000</Keywords><TimeCreated SystemTime='2019-07-18T03:34:03.802753800Z'/><EventRecordID>124</EventRecordID><Correlation/><Execution ProcessID='2828' ThreadID='1684'/><Channel>Microsoft-Windows-Sysmon/Operational</Channel><Computer>vagrant-2016</Computer><Security UserID='S-1-5-18'/></System><EventData><Data Name='RuleName'></Data><Data Name='UtcTime'>2019-07-18 03:34:03.468</Data><Data Name='ProcessGuid'>{fa4a0de6-e8a9-5d2f-0000-001053699900}</Data><Data Name='ProcessId'>2736</Data><Data Name='QueryName'>ocsp.int-x3.letsencrypt.org</Data><Data Name='QueryStatus'>0</Data><Data Name='QueryResults'>type:  5 ocsp.int-x3.letsencrypt.org.edgesuite.net;type:  5 a771.dscq.akamai.net;::ffff:89.160.20.156;::ffff:89.160.20.156;</Data><Data Name='Image'>C:\\Program Files (x86)\\Internet Explorer\\iexplore.exe</Data></EventData></Event>",
          "provider": "Microsoft-Windows-Sysmon",
          "type": [
            "connection",
            "protocol",
            "info"
          ]
        },
        "log": {
          "level": "information"
        },
        "network": {
          "protocol": "dns"
        },
        "process": {
          "entity_id": "{fa4a0de6-e8a9-5d2f-0000-001053699900}",
          "executable": "C:\\Program Files (x86)\\Internet Explorer\\iexplore.exe",
          "name": "iexplore.exe",
          "pid": 2736
        },
        "related": {
          "hosts": [
            "ocsp.int-x3.letsencrypt.org.edgesuite.net",
            "a771.dscq.akamai.net",
            "ocsp.int-x3.letsencrypt.org"
          ],
          "ip": [
            "89.160.20.156"
          ]
        },
        "sysmon": {
          "dns": {
            "status": "SUCCESS"
          }
        },
        "user": {
          "id": "S-1-5-18"
        },
        "winlog": {
          "channel": "Microsoft-Windows-Sysmon/Operational",
          "computer_name": "vagrant-2016",
          "event_id": "22",
          "opcode": "Info",
          "process": {
            "pid": 2828,
            "thread": {
              "id": 1684
            }
          },
          "provider_guid": "{5770385f-c22a-43e0-bf4c-06f5698ffbd9}",
          "provider_name": "Microsoft-Windows-Sysmon",
          "record_id": "124",
          "user": {
            "identifier": "S-1-5-18"
          },
          "version": 5
        }
      }
    },
    {
      "data_stream": "sysmon_operational",
      "package": "windows",
      "source": "test/test-events.json-expected.json",
      "sample_event": {
        "@timestamp": "2019-07-18T03:34:03.581Z",
        "dns": {
          "answers": [
            {
              "data": "pki-goog.l.google.com",
              "type": "CNAME"
            },
            {
              "data": "89.160.20.156",
              "type": "A"
            },
            {
              "data": "192.168.6.30",
              "type": "A"
            },
            {
              "data": "2a02:cf40:a83e::2:30",
              "type": "AAAA"
            },
            {
              "data": "192.168.14.30",
              "type": "A"
            },
            {
              "data": "2a02:cf40:231d::2:30",
              "type": "AAAA"
            },
            {
              "data": "192.168.92.30",
              "type": "A"
            },
            {
              "data": "2a02:cf40:83eb::30",
              "type": "AAAA"
            },
            {
              "data": "192.168.80.30",
              "type": "A"
            },
            {
              "data": "2a02:cf40:856e::30",
              "type": "AAAA"
            },
            {
              "data": "192.168.94.30",
              "type": "A"
            }
          ],
          "question": {
            "name": "ocsp.pki.goog",
            "registered_domain": "pki.goog",
            "subdomain": "ocsp",
            "top_level_domain": "goog"
          },
          "resolved_ip": [
            "89.160.20.156",
            "192.168.6.30",
            "2a02:cf40:a83e::2:30",
            "192.168.14.30",
            "2a02:cf40:231d::2:30",
            "192.168.92.30",
            "2a02:cf40:83eb::30",
            "192.168.80.30",
            "2a02:cf40:856e::30",
            "192.168.94.30"
          ]
        },
        "ecs": {
          "version": "8.17.0"
        },
        "event": {
          "action": "DNSEvent (DNS query)",
          "category": [
            "network"
          ],
          "code": "22",
          "created": "2019-07-18T03:34:03.802Z",
          "kind": "event",
          "original": "<Event xmlns='http://schemas.microsoft.com/win/2004/08/events/event'><System><Provider Name='Microsoft-Windows-Sysmon' Guid='{5770385f-c22a-43e0-bf4c-06f5698ffbd9}'/><EventID>22</EventID><Version>5</Version><Level>4</Level><Task>22</Task><Opcode>0</Opcode><Keywords>0x8000000000000000</Keywords><TimeCreated SystemTime='2019-07-18T03:34:03.802768300Z'/><EventRecordID>125</EventRecordID><Correlation/><Execution ProcessID='2828' ThreadID='1684'/><Channel>Microsoft-Windows-Sysmon/Operational</Channel><Computer>vagrant-2016</Computer><Security UserID='S-1-5-18'/></System><EventData><Data Name='RuleName'></Data><Data Name='UtcTime'>2019-07-18 03:34:03.581</Data><Data Name='ProcessGuid'>{fa4a0de6-e8a9-5d2f-0000-001053699900}</Data><Data Name='ProcessId'>2736</Data><Data Name='QueryName'>ocsp.pki.goog</Data><Data Name='QueryStatus'>0</Data><Data Name='QueryResults'>type:  5 pki-goog.l.google.com;::ffff:89.160.20.156;192.168.6.30;2a02:cf40:a83e::2:30;192.168.14.30;2a02:cf40:231d::2:30;192.168.92.30;2a02:cf40:83eb::30;192.168.80.30;2a02:cf40:856e::30;192.168.94.30;</Data><Data Name='Image'>C:\\Program Files (x86)\\Internet Explorer\\iexplore.exe</Data></EventData></Event>",
          "provider": "Microsoft-Windows-Sysmon",
          "type": [
            "connection",
            "protocol",
            "info"
          ]
        },
        "log": {
          "level": "information"
        },
        "network": {
          "protocol": "dns"
        },
        "process": {
          "entity_id": "{fa4a0de6-e8a9-5d2f-0000-001053699900}",
          "executable": "C:\\Program Files (x86)\\Internet Explorer\\iexplore.exe",
          "name": "iexplore.exe",
          "pid": 2736
        },
        "related": {
          "hosts": [
            "pki-goog.l.google.com",
            "ocsp.pki.goog"
          ],
          "ip": [
            "89.160.20.156",
            "192.168.6.30",
            "2a02:cf40:a83e::2:30",
            "192.168.14.30",
            "2a02:cf40:231d::2:30",
            "192.168.92.30",
            "2a02:cf40:83eb::30",
            "192.168.80.30",
            "2a02:cf40:856e::30",
            "192.168.94.30"
          ]
        },
        "sysmon": {
          "dns": {
            "status": "SUCCESS"
          }
        },
        "user": {
          "id": "S-1-5-18"
        },
        "winlog": {
          "channel": "Microsoft-Windows-Sysmon/Operational",
          "computer_name": "vagrant-2016",
          "event_id": "22",
          "opcode": "Info",
          "process": {
            "pid": 2828,
            "thread": {
              "id": 1684
            }
          },
          "provider_guid": "{5770385f-c22a-43e0-bf4c-06f5698ffbd9}",
          "provider_name": "Microsoft-Windows-Sysmon",
          "record_id": "125",
          "user": {
            "identifier": "S-1-5-18"
          },
          "version": 5
        }
      }
    },
    {
      "data_stream": "sysmon_operational",
      "package": "windows",
      "source": "test/test-events.json-expected.json",
      "sample_event": {
        "@timestamp": "2019-03-18T16:57:48.250Z",
        "destination": {
          "ip": "10.0.2.255",
          "port": 137
        },
        "ecs": {
          "version": "8.17.0"
        },
        "event": {
          "action": "Network connection",
          "category": [
            "network"
          ],
          "code": "3",
          "created": "2019-03-18T16:57:49.340Z",
          "kind": "event",
          "original": "<Event xmlns='http://schemas.microsoft.com/win/2004/08/events/event'><System><Provider Name='Microsoft-Windows-Sysmon' Guid='{5770385f-c22a-43e0-bf4c-06f5698ffbd9}'/><EventID>3</EventID><Version>5</Version><Level>4</Level><Task>3</Task><Opcode>0</Opcode><Keywords>0x8000000000000000</Keywords><TimeCreated SystemTime='2019-03-18T16:57:49.340580700Z'/><EventRecordID>12</EventRecordID><Correlation/><Execution ProcessID='4860' ThreadID='4492'/><Channel>Microsoft-Windows-Sysmon/Operational</Channel><Computer>vagrant-2012-r2</Computer><Security UserID='S-1-5-18'/></System><EventData><Data Name='RuleName'></Data><Data Name='UtcTime'>2019-03-18 16:57:48.250</Data><Data Name='ProcessGuid'>{42f11c3b-6e19-5c8c-0000-0010eb030000}</Data><Data Name='ProcessId'>4</Data><Data Name='Image'>System</Data><Data Name='User'>NT AUTHORITY\\SYSTEM</Data><Data Name='Protocol'>udp</Data><Data Name='Initiated'>true</Data><Data Name='SourceIsIpv6'>false</Data><Data Name='SourceIp'>10.0.2.15</Data><Data Name='SourceHostname'>vagrant-2012-r2.local.crowbird.com</Data><Data Name='SourcePort'>137</Data><Data Name='SourcePortName'>netbios-ns</Data><Data Name='DestinationIsIpv6'>false</Data><Data Name='DestinationIp'>10.0.2.255</Data><Data Name='DestinationHostname'></Data><Data Name='DestinationPort'>137</Data><Data Name='DestinationPortName'>netbios-ns</Data></EventData></Event>",
          "provider": "Microsoft-Windows-Sysmon",
          "type": [
            "start",
            "connection",
            "protocol"
          ]
        },
        "log": {
          "level": "information"
        },
        "network": {
          "community_id": "1:0p51df9oGzNph3fcneX2H8jXsag=",
          "direction": "egress",
          "protocol": "netbios-ns",
          "transport": "udp",
          "type": "ipv4"
        },
        "process": {
          "entity_id": "{42f11c3b-6e19-5c8c-0000-0010eb030000}",
          "executable": "System",
          "pid": 4
        },
        "related": {
          "ip": [
            "10.0.2.15",
            "10.0.2.255"
          ],
          "user": [
            "SYSTEM"
          ]
        },
        "source": {
          "domain": "vagrant-2012-r2.local.crowbird.com",
          "ip": "10.0.2.15",
          "port": 137
        },
        "user": {
          "domain": "NT AUTHORITY",
          "id": "S-1-5-18",
          "name": "SYSTEM"
        },
        "winlog": {
          "channel": "Microsoft-Windows-Sysmon/Operational",
          "computer_name": "vagrant-2012-r2",
          "event_id": "3",
          "opcode": "Info",
          "process": {
            "pid": 4860,
            "thread": {
              "id": 4492
            }
          },
          "provider_guid": "{5770385f-c22a-43e0-bf4c-06f5698ffbd9}",
          "provider_name": "Microsoft-Windows-Sysmon",
          "record_id": "12",
          "user": {
            "identifier": "S-1-5-18"
          },
          "version": 5
        }
      }
    },
    {
      "data_stream": "sysmon_operational",
      "package": "windows",
      "source": "test/test-events.json-expected.json",
      "sample_event": {
        "@timestamp": "2019-07-18T03:34:03.872Z",
        "dns": {
          "answers": [
            {
              "data": "pagead.l.doubleclick.net",
              "type": "CNAME"
            },
            {
              "data": "89.160.20.156",
              "type": "A"
            }
          ],
          "question": {
            "name": "googleads4.g.doubleclick.net",
            "registered_domain": "doubleclick.net",
            "subdomain": "googleads4.g",
            "top_level_domain": "net"
          },
          "resolved_ip": [
            "89.160.20.156"
          ]
        },
        "ecs": {
          "version": "8.17.0"
        },
        "event": {
          "action": "DNSEvent (DNS query)",
          "category": [
            "network"
          ],
          "code": "22",
          "created": "2019-07-18T03:34:04.029Z",
          "kind": "event",
          "original": "<Event xmlns='http://schemas.microsoft.com/win/2004/08/events/event'><System><Provider Name='Microsoft-Windows-Sysmon' Guid='{5770385f-c22a-43e0-bf4c-06f5698ffbd9}'/><EventID>22</EventID><Version>5</Version><Level>4</Level><Task>22</Task><Opcode>0</Opcode><Keywords>0x8000000000000000</Keywords><TimeCreated SystemTime='2019-07-18T03:34:04.029828800Z'/><EventRecordID>126</EventRecordID><Correlation/><Execution ProcessID='2828' ThreadID='1684'/><Channel>Microsoft-Windows-Sysmon/Operational</Channel><Computer>vagrant-2016</Computer><Security UserID='S-1-5-18'/></System><EventData><Data Name='RuleName'></Data><Data Name='UtcTime'>2019-07-18 03:34:03.872</Data><Data Name='ProcessGuid'>{fa4a0de6-e8a9-5d2f-0000-001053699900}</Data><Data Name='ProcessId'>2736</Data><Data Name='QueryName'>googleads4.g.doubleclick.net</Data><Data Name='QueryStatus'>0</Data><Data Name='QueryResults'>type:  5 pagead.l.doubleclick.net;::ffff:89.160.20.156;</Data><Data Name='Image'>C:\\Program Files (x86)\\Internet Explorer\\iexplore.exe</Data></EventData></Event>",
          "provider": "Microsoft-Windows-Sysmon",
          "type": [
            "connection",
            "protocol",
            "info"
          ]
        },
        "log": {
          "level": "information"
        },
        "network": {
          "protocol": "dns"
        },
        "process": {
          "entity_id": "{fa4a0de6-e8a9-5d2f-0000-001053699900}",
          "executable": "C:\\Program Files (x86)\\Internet Explorer\\iexplore.exe",
          "name": "iexplore.exe",
          "pid": 2736
        },
        "related": {
          "hosts": [
            "pagead.l.doubleclick.net",
            "googleads4.g.doubleclick.net"
          ],
          "ip": [
            "89.160.20.156"
          ]
        },
        "sysmon": {
          "dns": {
            "status": "SUCCESS"
          }
        },
        "user": {
          "id": "S-1-5-18"
        },
        "winlog": {
          "channel": "Microsoft-Windows-Sysmon/Operational",
          "computer_name": "vagrant-2016",
          "event_id": "22",
          "opcode": "Info",
          "process": {
            "pid": 2828,
            "thread": {
              "id": 1684
            }
          },
          "provider_guid": "{5770385f-c22a-43e0-bf4c-06f5698ffbd9}",
          "provider_name": "Microsoft-Windows-Sysmon",
          "record_id": "126",
          "user": {
            "identifier": "S-1-5-18"
          },
          "version": 5
        }
      }
    },
    {
      "data_stream": "sysmon_operational",
      "package": "windows",
      "source": "test/test-events.json-expected.json",
      "sample_event": {
        "@timestamp": "2019-03-18T16:57:48.250Z",
        "agent": {
          "ephemeral_id": "bdc6a4f9-ab87-41e0-a64e-bbcecdf73c6c",
          "id": "f0224db8-40a9-4f00-b117-333ddd1bc45b",
          "name": "mbp.local",
          "type": "filebeat",
          "version": "8.0.0"
        },
        "destination": {
          "domain": "vagrant-2012-r2.local.crowbird.com",
          "ip": "10.0.2.15",
          "port": 137
        },
        "ecs": {
          "version": "8.17.0"
        },
        "event": {
          "action": "Network connection",
          "category": [
            "network"
          ],
          "code": "3",
          "created": "2019-03-18T16:57:49.340Z",
          "kind": "event",
          "original": "<Event xmlns='http://schemas.microsoft.com/win/2004/08/events/event'><System><Provider Name='Microsoft-Windows-Sysmon' Guid='{5770385f-c22a-43e0-bf4c-06f5698ffbd9}'/><EventID>3</EventID><Version>5</Version><Level>4</Level><Task>3</Task><Opcode>0</Opcode><Keywords>0x8000000000000000</Keywords><TimeCreated SystemTime='2019-03-18T16:57:49.340580700Z'/><EventRecordID>13</EventRecordID><Correlation/><Execution ProcessID='4860' ThreadID='4492'/><Channel>Microsoft-Windows-Sysmon/Operational</Channel><Computer>vagrant-2012-r2</Computer><Security UserID='S-1-5-18'/></System><EventData><Data Name='RuleName'></Data><Data Name='UtcTime'>2019-03-18 16:57:48.250</Data><Data Name='ProcessGuid'>{42f11c3b-6e19-5c8c-0000-0010eb030000}</Data><Data Name='ProcessId'>4</Data><Data Name='Image'>System</Data><Data Name='User'>NT AUTHORITY\\SYSTEM</Data><Data Name='Protocol'>udp</Data><Data Name='Initiated'>false</Data><Data Name='SourceIsIpv6'>false</Data><Data Name='SourceIp'>10.0.2.255</Data><Data Name='SourceHostname'></Data><Data Name='SourcePort'>137</Data><Data Name='SourcePortName'>netbios-ns</Data><Data Name='DestinationIsIpv6'>false</Data><Data Name='DestinationIp'>10.0.2.15</Data><Data Name='DestinationHostname'>vagrant-2012-r2.local.crowbird.com</Data><Data Name='DestinationPort'>137</Data><Data Name='DestinationPortName'>netbios-ns</Data></EventData></Event>",
          "provider": "Microsoft-Windows-Sysmon",
          "type": [
            "start",
            "connection",
            "protocol"
          ]
        },
        "log": {
          "level": "information"
        },
        "network": {
          "community_id": "1:0p51df9oGzNph3fcneX2H8jXsag=",
          "direction": "ingress",
          "protocol": "netbios-ns",
          "transport": "udp",
          "type": "ipv4"
        },
        "process": {
          "entity_id": "{42f11c3b-6e19-5c8c-0000-0010eb030000}",
          "executable": "System",
          "pid": 4
        },
        "related": {
          "ip": [
            "10.0.2.255",
            "10.0.2.15"
          ],
          "user": [
            "SYSTEM"
          ]
        },
        "source": {
          "ip": "10.0.2.255",
          "port": 137
        },
        "user": {
          "domain": "NT AUTHORITY",
          "id": "S-1-5-18",
          "name": "SYSTEM"
        },
        "winlog": {
          "channel": "Microsoft-Windows-Sysmon/Operational",
          "computer_name": "vagrant-2012-r2",
          "event_id": "3",
          "opcode": "Info",
          "process": {
            "pid": 4860,
            "thread": {
              "id": 4492
            }
          },
          "provider_guid": "{5770385f-c22a-43e0-bf4c-06f5698ffbd9}",
          "provider_name": "Microsoft-Windows-Sysmon",
          "record_id": "13",
          "user": {
            "identifier": "S-1-5-18"
          },
          "version": 5
        }
      }
    },
    {
      "data_stream": "sysmon_operational",
      "package": "windows",
      "source": "test/test-events.json-expected.json",
      "sample_event": {
        "@timestamp": "2019-07-18T03:34:03.889Z",
        "dns": {
          "answers": [
            {
              "data": "f2.taboola.map.fastly.net",
              "type": "CNAME"
            },
            {
              "data": "89.160.20.156",
              "type": "A"
            },
            {
              "data": "89.160.20.156",
              "type": "A"
            },
            {
              "data": "89.160.20.156",
              "type": "A"
            },
            {
              "data": "89.160.20.156",
              "type": "A"
            }
          ],
          "question": {
            "name": "images.taboola.com",
            "registered_domain": "taboola.com",
            "subdomain": "images",
            "top_level_domain": "com"
          },
          "resolved_ip": [
            "89.160.20.156",
            "89.160.20.156",
            "89.160.20.156",
            "89.160.20.156"
          ]
        },
        "ecs": {
          "version": "8.17.0"
        },
        "event": {
          "action": "DNSEvent (DNS query)",
          "category": [
            "network"
          ],
          "code": "22",
          "created": "2019-07-18T03:34:04.029Z",
          "kind": "event",
          "original": "<Event xmlns='http://schemas.microsoft.com/win/2004/08/events/event'><System><Provider Name='Microsoft-Windows-Sysmon' Guid='{5770385f-c22a-43e0-bf4c-06f5698ffbd9}'/><EventID>22</EventID><Version>5</Version><Level>4</Level><Task>22</Task><Opcode>0</Opcode><Keywords>0x8000000000000000</Keywords><TimeCreated SystemTime='2019-07-18T03:34:04.029851300Z'/><EventRecordID>127</EventRecordID><Correlation/><Execution ProcessID='2828' ThreadID='1684'/><Channel>Microsoft-Windows-Sysmon/Operational</Channel><Computer>vagrant-2016</Computer><Security UserID='S-1-5-18'/></System><EventData><Data Name='RuleName'></Data><Data Name='UtcTime'>2019-07-18 03:34:03.889</Data><Data Name='ProcessGuid'>{fa4a0de6-e8a9-5d2f-0000-001053699900}</Data><Data Name='ProcessId'>2736</Data><Data Name='QueryName'>images.taboola.com</Data><Data Name='QueryStatus'>0</Data><Data Name='QueryResults'>type:  5 f2.taboola.map.fastly.net;::ffff:89.160.20.156;::ffff:89.160.20.156;::ffff:89.160.20.156;::ffff:89.160.20.156;</Data><Data Name='Image'>C:\\Program Files (x86)\\Internet Explorer\\iexplore.exe</Data></EventData></Event>",
          "provider": "Microsoft-Windows-Sysmon",
          "type": [
            "connection",
            "protocol",
            "info"
          ]
        },
        "log": {
          "level": "information"
        },
        "network": {
          "protocol": "dns"
        },
        "process": {
          "entity_id": "{fa4a0de6-e8a9-5d2f-0000-001053699900}",
          "executable": "C:\\Program Files (x86)\\Internet Explorer\\iexplore.exe",
          "name": "iexplore.exe",
          "pid": 2736
        },
        "related": {
          "hosts": [
            "f2.taboola.map.fastly.net",
            "images.taboola.com"
          ],
          "ip": [
            "89.160.20.156"
          ]
        },
        "sysmon": {
          "dns": {
            "status": "SUCCESS"
          }
        },
        "user": {
          "id": "S-1-5-18"
        },
        "winlog": {
          "channel": "Microsoft-Windows-Sysmon/Operational",
          "computer_name": "vagrant-2016",
          "event_id": "22",
          "opcode": "Info",
          "process": {
            "pid": 2828,
            "thread": {
              "id": 1684
            }
          },
          "provider_guid": "{5770385f-c22a-43e0-bf4c-06f5698ffbd9}",
          "provider_name": "Microsoft-Windows-Sysmon",
          "record_id": "127",
          "user": {
            "identifier": "S-1-5-18"
          },
          "version": 5
        }
      }
    },
    {
      "data_stream": "sysmon_operational",
      "package": "windows",
      "source": "test/test-events.json-expected.json",
      "sample_event": {
        "@timestamp": "2019-03-18T16:57:48.250Z",
        "destination": {
          "ip": "ff02:0:0:0:0:0:1:3",
          "port": 5355
        },
        "ecs": {
          "version": "8.17.0"
        },
        "event": {
          "action": "Network connection",
          "category": [
            "network"
          ],
          "code": "3",
          "created": "2019-03-18T16:57:49.340Z",
          "kind": "event",
          "original": "<Event xmlns='http://schemas.microsoft.com/win/2004/08/events/event'><System><Provider Name='Microsoft-Windows-Sysmon' Guid='{5770385f-c22a-43e0-bf4c-06f5698ffbd9}'/><EventID>3</EventID><Version>5</Version><Level>4</Level><Task>3</Task><Opcode>0</Opcode><Keywords>0x8000000000000000</Keywords><TimeCreated SystemTime='2019-03-18T16:57:49.340580700Z'/><EventRecordID>14</EventRecordID><Correlation/><Execution ProcessID='4860' ThreadID='4492'/><Channel>Microsoft-Windows-Sysmon/Operational</Channel><Computer>vagrant-2012-r2</Computer><Security UserID='S-1-5-18'/></System><EventData><Data Name='RuleName'></Data><Data Name='UtcTime'>2019-03-18 16:57:48.250</Data><Data Name='ProcessGuid'>{42f11c3b-0bad-5c8c-0000-0010dfbc0000}</Data><Data Name='ProcessId'>924</Data><Data Name='Image'>C:\\Windows\\System32\\svchost.exe</Data><Data Name='User'>NT AUTHORITY\\NETWORK SERVICE</Data><Data Name='Protocol'>udp</Data><Data Name='Initiated'>true</Data><Data Name='SourceIsIpv6'>true</Data><Data Name='SourceIp'>fe80:0:0:0:e488:b85c:5262:ff86</Data><Data Name='SourceHostname'>vagrant-2012-r2.local.crowbird.com</Data><Data Name='SourcePort'>55542</Data><Data Name='SourcePortName'></Data><Data Name='DestinationIsIpv6'>true</Data><Data Name='DestinationIp'>ff02:0:0:0:0:0:1:3</Data><Data Name='DestinationHostname'></Data><Data Name='DestinationPort'>5355</Data><Data Name='DestinationPortName'>llmnr</Data></EventData></Event>",
          "provider": "Microsoft-Windows-Sysmon",
          "type": [
            "start",
            "connection",
            "protocol"
          ]
        },
        "log": {
          "level": "information"
        },
        "network": {
          "community_id": "1:4DSgubObvMEI9IKNWPDqltrux+k=",
          "direction": "egress",
          "protocol": "llmnr",
          "transport": "udp",
          "type": "ipv6"
        },
        "process": {
          "entity_id": "{42f11c3b-0bad-5c8c-0000-0010dfbc0000}",
          "executable": "C:\\Windows\\System32\\svchost.exe",
          "name": "svchost.exe",
          "pid": 924
        },
        "related": {
          "ip": [
            "fe80:0:0:0:e488:b85c:5262:ff86",
            "ff02:0:0:0:0:0:1:3"
          ],
          "user": [
            "NETWORK SERVICE"
          ]
        },
        "source": {
          "domain": "vagrant-2012-r2.local.crowbird.com",
          "ip": "fe80:0:0:0:e488:b85c:5262:ff86",
          "port": 55542
        },
        "user": {
          "domain": "NT AUTHORITY",
          "id": "S-1-5-18",
          "name": "NETWORK SERVICE"
        },
        "winlog": {
          "channel": "Microsoft-Windows-Sysmon/Operational",
          "computer_name": "vagrant-2012-r2",
          "event_id": "3",
          "opcode": "Info",
          "process": {
            "pid": 4860,
            "thread": {
              "id": 4492
            }
          },
          "provider_guid": "{5770385f-c22a-43e0-bf4c-06f5698ffbd9}",
          "provider_name": "Microsoft-Windows-Sysmon",
          "record_id": "14",
          "user": {
            "identifier": "S-1-5-18"
          },
          "version": 5
        }
      }
    },
    {
      "data_stream": "sysmon_operational",
      "package": "windows",
      "source": "test/test-events.json-expected.json",
      "sample_event": {
        "@timestamp": "2019-03-18T16:57:48.250Z",
        "destination": {
          "ip": "2a02:cf40:add:4002:91f2:a9b2:e09a:6fc6",
          "port": 5355
        },
        "ecs": {
          "version": "8.17.0"
        },
        "event": {
          "action": "Network connection",
          "category": [
            "network"
          ],
          "code": "3",
          "created": "2019-03-18T16:57:49.340Z",
          "kind": "event",
          "original": "<Event xmlns='http://schemas.microsoft.com/win/2004/08/events/event'><System><Provider Name='Microsoft-Windows-Sysmon' Guid='{5770385f-c22a-43e0-bf4c-06f5698ffbd9}'/><EventID>3</EventID><Version>5</Version><Level>4</Level><Task>3</Task><Opcode>0</Opcode><Keywords>0x8000000000000000</Keywords><TimeCreated SystemTime='2019-03-18T16:57:49.340580700Z'/><EventRecordID>15</EventRecordID><Correlation/><Execution ProcessID='4860' ThreadID='4492'/><Channel>Microsoft-Windows-Sysmon/Operational</Channel><Computer>vagrant-2012-r2</Computer><Security UserID='S-1-5-18'/></System><EventData><Data Name='RuleName'></Data><Data Name='UtcTime'>2019-03-18 16:57:48.250</Data><Data Name='ProcessGuid'>{42f11c3b-0bad-5c8c-0000-0010dfbc0000}</Data><Data Name='ProcessId'>924</Data><Data Name='Image'>C:\\Windows\\System32\\svchost.exe</Data><Data Name='User'>NT AUTHORITY\\NETWORK SERVICE</Data><Data Name='Protocol'>udp</Data><Data Name='Initiated'>true</Data><Data Name='SourceIsIpv6'>true</Data><Data Name='SourceIp'>2a02:cf40:add:4002:91f2:a9b2:e09a:6fc6</Data><Data Name='SourceHostname'></Data><Data Name='SourcePort'>55542</Data><Data Name='SourcePortName'></Data><Data Name='DestinationIsIpv6'>true</Data><Data Name='DestinationIp'>2a02:cf40:add:4002:91f2:a9b2:e09a:6fc6</Data><Data Name='DestinationHostname'></Data><Data Name='DestinationPort'>5355</Data><Data Name='DestinationPortName'>llmnr</Data></EventData></Event>",
          "provider": "Microsoft-Windows-Sysmon",
          "type": [
            "start",
            "connection",
            "protocol"
          ]
        },
        "log": {
          "level": "information"
        },
        "network": {
          "community_id": "1:zjVE29ipqvMTvzEUbTYQ6tGBM08=",
          "direction": "egress",
          "protocol": "llmnr",
          "transport": "udp",
          "type": "ipv6"
        },
        "process": {
          "entity_id": "{42f11c3b-0bad-5c8c-0000-0010dfbc0000}",
          "executable": "C:\\Windows\\System32\\svchost.exe",
          "name": "svchost.exe",
          "pid": 924
        },
        "related": {
          "ip": [
            "2a02:cf40:add:4002:91f2:a9b2:e09a:6fc6"
          ],
          "user": [
            "NETWORK SERVICE"
          ]
        },
        "source": {
          "ip": "2a02:cf40:add:4002:91f2:a9b2:e09a:6fc6",
          "port": 55542
        },
        "user": {
          "domain": "NT AUTHORITY",
          "id": "S-1-5-18",
          "name": "NETWORK SERVICE"
        },
        "winlog": {
          "channel": "Microsoft-Windows-Sysmon/Operational",
          "computer_name": "vagrant-2012-r2",
          "event_id": "3",
          "opcode": "Info",
          "process": {
            "pid": 4860,
            "thread": {
              "id": 4492
            }
          },
          "provider_guid": "{5770385f-c22a-43e0-bf4c-06f5698ffbd9}",
          "provider_name": "Microsoft-Windows-Sysmon",
          "record_id": "15",
          "user": {
            "identifier": "S-1-5-18"
          },
          "version": 5
        }
      }
    },
    {
      "data_stream": "sysmon_operational",
      "package": "windows",
      "source": "test/test-events.json-expected.json",
      "sample_event": {
        "@timestamp": "2019-03-18T16:57:48.250Z",
        "destination": {
          "ip": "89.160.20.156",
          "port": 137
        },
        "ecs": {
          "version": "8.17.0"
        },
        "event": {
          "action": "Network connection",
          "category": [
            "network"
          ],
          "code": "3",
          "created": "2019-03-18T16:57:49.340Z",
          "kind": "event",
          "original": "<Event xmlns='http://schemas.microsoft.com/win/2004/08/events/event'><System><Provider Name='Microsoft-Windows-Sysmon' Guid='{5770385f-c22a-43e0-bf4c-06f5698ffbd9}'/><EventID>3</EventID><Version>5</Version><Level>4</Level><Task>3</Task><Opcode>0</Opcode><Keywords>0x8000000000000000</Keywords><TimeCreated SystemTime='2019-03-18T16:57:49.340580700Z'/><EventRecordID>16</EventRecordID><Correlation/><Execution ProcessID='4860' ThreadID='4492'/><Channel>Microsoft-Windows-Sysmon/Operational</Channel><Computer>vagrant-2012-r2</Computer><Security UserID='S-1-5-18'/></System><EventData><Data Name='RuleName'></Data><Data Name='UtcTime'>2019-03-18 16:57:48.250</Data><Data Name='ProcessGuid'>{42f11c3b-6e19-5c8c-0000-0010eb030000}</Data><Data Name='ProcessId'>4</Data><Data Name='Image'>System</Data><Data Name='User'>NT AUTHORITY\\SYSTEM</Data><Data Name='Protocol'>udp</Data><Data Name='Initiated'>true</Data><Data Name='SourceIsIpv6'>false</Data><Data Name='SourceIp'>89.160.20.156</Data><Data Name='SourceHostname'></Data><Data Name='SourcePort'>137</Data><Data Name='SourcePortName'>netbios-ns</Data><Data Name='DestinationIsIpv6'>false</Data><Data Name='DestinationIp'>89.160.20.156</Data><Data Name='DestinationHostname'></Data><Data Name='DestinationPort'>137</Data><Data Name='DestinationPortName'>netbios-ns</Data></EventData></Event>",
          "provider": "Microsoft-Windows-Sysmon",
          "type": [
            "start",
            "connection",
            "protocol"
          ]
        },
        "log": {
          "level": "information"
        },
        "network": {
          "community_id": "1:fbQ9BbXiy01VWluiIQp2GM9FUAU=",
          "direction": "egress",
          "protocol": "netbios-ns",
          "transport": "udp",
          "type": "ipv4"
        },
        "process": {
          "entity_id": "{42f11c3b-6e19-5c8c-0000-0010eb030000}",
          "executable": "System",
          "pid": 4
        },
        "related": {
          "ip": [
            "89.160.20.156"
          ],
          "user": [
            "SYSTEM"
          ]
        },
        "source": {
          "ip": "89.160.20.156",
          "port": 137
        },
        "user": {
          "domain": "NT AUTHORITY",
          "id": "S-1-5-18",
          "name": "SYSTEM"
        },
        "winlog": {
          "channel": "Microsoft-Windows-Sysmon/Operational",
          "computer_name": "vagrant-2012-r2",
          "event_id": "3",
          "opcode": "Info",
          "process": {
            "pid": 4860,
            "thread": {
              "id": 4492
            }
          },
          "provider_guid": "{5770385f-c22a-43e0-bf4c-06f5698ffbd9}",
          "provider_name": "Microsoft-Windows-Sysmon",
          "record_id": "16",
          "user": {
            "identifier": "S-1-5-18"
          },
          "version": 5
        }
      }
    },
