    {
      "data_stream": "sysmon_operational",
      "package": "windows",
      "source": "test/test-events.json-expected.json",
      "sample_event": {
        "@timestamp": "2020-05-05T14:57:46.808Z",
        "ecs": {
          "version": "8.17.0"
        },
        "event": {
          "action": "RegistryEvent (Value Set)",
          "category": [
            "configuration",
            "registry"
          ],
          "code": "13",
          "created": "2020-05-05T14:57:46.818Z",
          "kind": "event",
          "original": "<Event xmlns='http://schemas.microsoft.com/win/2004/08/events/event'><System><Provider Name='Microsoft-Windows-Sysmon' Guid='{5770385f-c22a-43e0-bf4c-06f5698ffbd9}'/><EventID>13</EventID><Version>2</Version><Level>4</Level><Task>13</Task><Opcode>0</Opcode><Keywords>0x8000000000000000</Keywords><TimeCreated SystemTime='2020-05-05T14:57:46.818869100Z'/><EventRecordID>2691</EventRecordID><Correlation/><Execution ProcessID='5496' ThreadID='876'/><Channel>Microsoft-Windows-Sysmon/Operational</Channel><Computer>vagrant</Computer><Security UserID='S-1-5-18'/></System><EventData><Data Name='RuleName'>-</Data><Data Name='EventType'>SetValue</Data><Data Name='UtcTime'>2020-05-05 14:57:46.808</Data><Data Name='ProcessGuid'>{5b522f6e-7554-5eb1-6d00-000000000800}</Data><Data Name='ProcessId'>4320</Data><Data Name='Image'>C:\\Windows\\Explorer.EXE</Data><Data Name='TargetObject'>HKU\\S-1-5-21-1067164964-2079179834-2367582738-1000\\Software\\Microsoft\\Windows\\CurrentVersion\\Explorer\\UserAssist\\{CEBFF5CD-ACE2-4F4F-9178-9926F41749EA}\\Count\\HRZR_PGYFRFFVBA</Data><Data Name='Details'>Binary Data</Data></EventData></Event>",
          "provider": "Microsoft-Windows-Sysmon",
          "type": [
            "change"
          ]
        },
        "log": {
          "level": "information"
        },
        "process": {
          "entity_id": "{5b522f6e-7554-5eb1-6d00-000000000800}",
          "executable": "C:\\Windows\\Explorer.EXE",
          "name": "Explorer.EXE",
          "pid": 4320
        },
        "registry": {
          "data": {
            "strings": [
              "Binary Data"
            ],
            "type": "REG_BINARY"
          },
          "hive": "HKU",
          "key": "S-1-5-21-1067164964-2079179834-2367582738-1000\\Software\\Microsoft\\Windows\\CurrentVersion\\Explorer\\UserAssist\\{CEBFF5CD-ACE2-4F4F-9178-9926F41749EA}\\Count\\HRZR_PGYFRFFVBA",
          "path": "HKU\\S-1-5-21-1067164964-2079179834-2367582738-1000\\Software\\Microsoft\\Windows\\CurrentVersion\\Explorer\\UserAssist\\{CEBFF5CD-ACE2-4F4F-9178-9926F41749EA}\\Count\\HRZR_PGYFRFFVBA",
          "value": "HRZR_PGYFRFFVBA"
        },
        "user": {
          "id": "S-1-5-18"
        },
        "winlog": {
          "channel": "Microsoft-Windows-Sysmon/Operational",
          "computer_name": "vagrant",
          "event_data": {
            "EventType": "SetValue"
          },
          "event_id": "13",
          "opcode": "Info",
          "process": {
            "pid": 5496,
            "thread": {
              "id": 876
            }
          },
          "provider_guid": "{5770385f-c22a-43e0-bf4c-06f5698ffbd9}",
          "provider_name": "Microsoft-Windows-Sysmon",
          "record_id": "2691",
          "user": {
            "identifier": "S-1-5-18"
          },
          "version": 2
        }
      }
    },
    {
      "data_stream": "sysmon_operational",
      "package": "windows",
      "source": "test/test-events.json-expected.json",
      "sample_event": {
        "@timestamp": "2021-02-25T15:04:48.592Z",
        "ecs": {
          "version": "8.17.0"
        },
        "event": {
          "action": "ClipboardChange (New content in the clipboard)",
          "code": "24",
          "created": "2021-02-25T15:04:48.607Z",
          "kind": "event",
          "original": "<Event xmlns='http://schemas.microsoft.com/win/2004/08/events/event'><System><Provider Name='Microsoft-Windows-Sysmon' Guid='{5770385f-c22a-43e0-bf4c-06f5698ffbd9}'/><EventID>24</EventID><Version>5</Version><Level>4</Level><Task>24</Task><Opcode>0</Opcode><Keywords>0x8000000000000000</Keywords><TimeCreated SystemTime='2021-02-25T15:04:48.607343500Z'/><EventRecordID>10757412</EventRecordID><Correlation/><Execution ProcessID='3800' ThreadID='6444'/><Channel>Microsoft-Windows-Sysmon/Operational</Channel><Computer>DESKTOP-I9CQVAQ</Computer><Security UserID='S-1-5-18'/></System><EventData><Data Name='RuleName'>-</Data><Data Name='UtcTime'>2021-02-25 15:04:48.592</Data><Data Name='ProcessGuid'>{9497d8d9-aa1b-602f-a600-000000001000}</Data><Data Name='ProcessId'>2144</Data><Data Name='Image'>C:\\Program Files\\VMware\\VMware Tools\\vmtoolsd.exe</Data><Data Name='Session'>1</Data><Data Name='ClientInfo'>user: DESKTOP-I9CQVAQ\\luks</Data><Data Name='Hashes'>SHA256=7ADB1CF1A75973079C055F929573AE92557A8C0E5B0E38A6A5427E412FB73D59,IMPHASH=00000000000000000000000000000000</Data><Data Name='Archived'>true</Data></EventData></Event>",
          "provider": "Microsoft-Windows-Sysmon",
          "type": [
            "change"
          ]
        },
        "host": {
          "name": "DESKTOP-I9CQVAQ"
        },
        "log": {
          "level": "information"
        },
        "process": {
          "entity_id": "{9497d8d9-aa1b-602f-a600-000000001000}",
          "executable": "C:\\Program Files\\VMware\\VMware Tools\\vmtoolsd.exe",
          "hash": {
            "sha256": "7adb1cf1a75973079c055f929573ae92557a8c0e5b0e38a6a5427e412fb73d59"
          },
          "name": "vmtoolsd.exe",
          "pid": 2144
        },
        "related": {
          "hash": [
            "7adb1cf1a75973079c055f929573ae92557a8c0e5b0e38a6a5427e412fb73d59"
          ]
        },
        "sysmon": {
          "file": {
            "archived": true
          }
        },
        "user": {
          "id": "S-1-5-18"
        },
        "winlog": {
          "channel": "Microsoft-Windows-Sysmon/Operational",
          "computer_name": "DESKTOP-I9CQVAQ",
          "event_data": {
            "ClientInfo": "user: DESKTOP-I9CQVAQ\\luks",
            "Session": "1"
          },
          "event_id": "24",
          "opcode": "Info",
          "process": {
            "pid": 3800,
            "thread": {
              "id": 6444
            }
          },
          "provider_guid": "{5770385f-c22a-43e0-bf4c-06f5698ffbd9}",
          "provider_name": "Microsoft-Windows-Sysmon",
          "record_id": "10757412",
          "user": {
            "identifier": "S-1-5-18"
          },
          "version": 5
        }
      }
    },
    {
      "data_stream": "sysmon_operational",
      "package": "windows",
      "source": "test/test-events.json-expected.json",
      "sample_event": {
        "@timestamp": "2019-03-18T16:57:52.433Z",
        "ecs": {
          "version": "8.17.0"
        },
        "event": {
          "action": "A process changed a file creation time",
          "category": [
            "file"
          ],
          "code": "2",
          "created": "2019-03-18T16:57:52.433Z",
          "kind": "event",
          "original": "<Event xmlns='http://schemas.microsoft.com/win/2004/08/events/event'><System><Provider Name='Microsoft-Windows-Sysmon' Guid='{5770385f-c22a-43e0-bf4c-06f5698ffbd9}'/><EventID>2</EventID><Version>4</Version><Level>4</Level><Task>2</Task><Opcode>0</Opcode><Keywords>0x8000000000000000</Keywords><TimeCreated SystemTime='2019-03-18T16:57:52.433367300Z'/><EventRecordID>32</EventRecordID><Correlation/><Execution ProcessID='4860' ThreadID='4516'/><Channel>Microsoft-Windows-Sysmon/Operational</Channel><Computer>vagrant-2012-r2</Computer><Security UserID='S-1-5-18'/></System><EventData><Data Name='RuleName'></Data><Data Name='UtcTime'>2019-03-18 16:57:52.433</Data><Data Name='ProcessGuid'>{42f11c3b-ccaa-5c8f-0000-0010b4e22700}</Data><Data Name='ProcessId'>1600</Data><Data Name='Image'>C:\\Program Files (x86)\\Google\\Chrome\\Application\\chrome.exe</Data><Data Name='TargetFilename'>C:\\Users\\vagrant\\AppData\\Local\\Google\\Chrome\\User Data\\Default\\Storage\\ext\\gfdkimpbcpahaombhbimeihdjnejgicl\\def\\ee4a6e45-bffd-49f4-98ae-32aebcc890b5.tmp</Data><Data Name='CreationUtcTime'>2019-03-18 16:52:05.339</Data><Data Name='PreviousCreationUtcTime'>2019-03-18 16:57:52.417</Data></EventData></Event>",
          "provider": "Microsoft-Windows-Sysmon",
          "type": [
            "change"
          ]
        },
        "file": {
          "directory": "C:\\Users\\vagrant\\AppData\\Local\\Google\\Chrome\\User Data\\Default\\Storage\\ext\\gfdkimpbcpahaombhbimeihdjnejgicl\\def",
          "extension": "tmp",
          "name": "ee4a6e45-bffd-49f4-98ae-32aebcc890b5.tmp",
          "path": "C:\\Users\\vagrant\\AppData\\Local\\Google\\Chrome\\User Data\\Default\\Storage\\ext\\gfdkimpbcpahaombhbimeihdjnejgicl\\def\\ee4a6e45-bffd-49f4-98ae-32aebcc890b5.tmp"
        },
        "log": {
          "level": "information"
        },
        "process": {
          "entity_id": "{42f11c3b-ccaa-5c8f-0000-0010b4e22700}",
          "executable": "C:\\Program Files (x86)\\Google\\Chrome\\Application\\chrome.exe",
          "name": "chrome.exe",
          "pid": 1600
        },
        "user": {
          "id": "S-1-5-18"
        },
        "winlog": {
          "channel": "Microsoft-Windows-Sysmon/Operational",
          "computer_name": "vagrant-2012-r2",
          "event_data": {
            "CreationUtcTime": "2019-03-18 16:52:05.339",
            "PreviousCreationUtcTime": "2019-03-18 16:57:52.417"
          },
          "event_id": "2",
          "opcode": "Info",
          "process": {
            "pid": 4860,
            "thread": {
              "id": 4516
            }
          },
          "provider_guid": "{5770385f-c22a-43e0-bf4c-06f5698ffbd9}",
          "provider_name": "Microsoft-Windows-Sysmon",
          "record_id": "32",
          "user": {
            "identifier": "S-1-5-18"
          },
          "version": 4
        }
      }
    },
    {
      "data_stream": "sysmon_operational",
      "package": "windows",
      "source": "test/test-events.json-expected.json",
      "sample_event": {
        "@timestamp": "2019-07-18T03:49:51.154Z",
        "dns": {
          "answers": [
            {
              "data": "wd-prod-ss.trafficmanager.net",
              "type": "CNAME"
            },
            {
              "data": "wd-prod-ss-us-east-1-fe.eastus.cloudapp.azure.com",
              "type": "CNAME"
            },
            {
              "data": "89.160.20.156",
              "type": "A"
            },
            {
              "data": "192.168.6.30",
              "type": "A"
            },
            {
              "data": "2a02:cf40:a83e::2:30",
              "type": "AAAA"
            },
            {
              "data": "192.168.14.30",
              "type": "A"
            },
            {
              "data": "2a02:cf40:231d::2:30",
              "type": "AAAA"
            },
            {
              "data": "192.168.92.30",
              "type": "A"
            },
            {
              "data": "2a02:cf40:83eb::30",
              "type": "AAAA"
            }
          ],
          "question": {
            "name": "c.urs.microsoft.com",
            "registered_domain": "microsoft.com",
            "subdomain": "c.urs",
            "top_level_domain": "com"
          },
          "resolved_ip": [
            "89.160.20.156",
            "192.168.6.30",
            "2a02:cf40:a83e::2:30",
            "192.168.14.30",
            "2a02:cf40:231d::2:30",
            "192.168.92.30",
            "2a02:cf40:83eb::30"
          ]
        },
        "ecs": {
          "version": "8.17.0"
        },
        "event": {
          "action": "DNSEvent (DNS query)",
          "category": [
            "network"
          ],
          "code": "22",
          "created": "2019-07-18T03:49:52.105Z",
          "kind": "event",
          "original": "<Event xmlns='http://schemas.microsoft.com/win/2004/08/events/event'><System><Provider Name='Microsoft-Windows-Sysmon' Guid='{5770385f-c22a-43e0-bf4c-06f5698ffbd9}'/><EventID>22</EventID><Version>5</Version><Level>4</Level><Task>22</Task><Opcode>0</Opcode><Keywords>0x8000000000000000</Keywords><TimeCreated SystemTime='2019-07-18T03:49:52.105632700Z'/><EventRecordID>234</EventRecordID><Correlation/><Execution ProcessID='2828' ThreadID='1684'/><Channel>Microsoft-Windows-Sysmon/Operational</Channel><Computer>vagrant-2016</Computer><Security UserID='S-1-5-18'/></System><EventData><Data Name='RuleName'></Data><Data Name='UtcTime'>2019-07-18 03:49:51.154</Data><Data Name='ProcessGuid'>{fa4a0de6-e8a8-5d2f-0000-001094619900}</Data><Data Name='ProcessId'>356</Data><Data Name='QueryName'>c.urs.microsoft.com</Data><Data Name='QueryStatus'>0</Data><Data Name='QueryResults'>type:  5 wd-prod-ss.trafficmanager.net;type:  5 wd-prod-ss-us-east-1-fe.eastus.cloudapp.azure.com;::ffff:89.160.20.156;192.168.6.30;2a02:cf40:a83e::2:30;192.168.14.30;2a02:cf40:231d::2:30;192.168.92.30;2a02:cf40:83eb::30;</Data><Data Name='Image'>C:\\Program Files\\Internet Explorer\\iexplore.exe</Data></EventData></Event>",
          "provider": "Microsoft-Windows-Sysmon",
          "type": [
            "connection",
            "protocol",
            "info"
          ]
        },
        "log": {
          "level": "information"
        },
        "network": {
          "protocol": "dns"
        },
        "process": {
          "entity_id": "{fa4a0de6-e8a8-5d2f-0000-001094619900}",
          "executable": "C:\\Program Files\\Internet Explorer\\iexplore.exe",
          "name": "iexplore.exe",
          "pid": 356
        },
        "related": {
          "hosts": [
            "wd-prod-ss.trafficmanager.net",
            "wd-prod-ss-us-east-1-fe.eastus.cloudapp.azure.com",
            "c.urs.microsoft.com"
          ],
          "ip": [
            "89.160.20.156",
            "192.168.6.30",
            "2a02:cf40:a83e::2:30",
            "192.168.14.30",
            "2a02:cf40:231d::2:30",
            "192.168.92.30",
            "2a02:cf40:83eb::30"
          ]
        },
        "sysmon": {
          "dns": {
            "status": "SUCCESS"
          }
        },
        "user": {
          "id": "S-1-5-18"
        },
        "winlog": {
          "channel": "Microsoft-Windows-Sysmon/Operational",
          "computer_name": "vagrant-2016",
          "event_id": "22",
          "opcode": "Info",
          "process": {
            "pid": 2828,
            "thread": {
              "id": 1684
            }
          },
          "provider_guid": "{5770385f-c22a-43e0-bf4c-06f5698ffbd9}",
          "provider_name": "Microsoft-Windows-Sysmon",
          "record_id": "234",
          "user": {
            "identifier": "S-1-5-18"
          },
          "version": 5
        }
      }
    },
    {
      "data_stream": "windows_defender",
      "package": "windows",
      "source": "test/test-events-windows-defender-events.json",
      "sample_event": {
        "@timestamp": "2024-06-21T01:21:15.1310609Z",
        "event": {
          "code": "1116",
          "kind": "event",
          "provider": "Microsoft-Windows-Windows Defender"
        },
        "host": {
          "name": "el33t-b00k-1"
        },
        "log": {
          "level": "Warning"
        },
        "message": "Microsoft Defender Antivirus has detected malware or other potentially unwanted software.\r\n For more information please see the following:\r\nhttps://go.microsoft.com/fwlink/?linkid=37020&name=Virus:DOS/EICAR_Test_File&threatid=2147519003&enterprise=0\r\n \tName: Virus:DOS/EICAR_Test_File\r\n \tID: 2147519003\r\n \tSeverity: Severe\r\n \tCategory: Virus\r\n \tPath: file:_C:\\Users\\topsy\\OneDrive\\Desktop\\eat_more_yams.exe\r\n \tDetection Origin: Local machine\r\n \tDetection Type: Concrete\r\n \tDetection Source: Real-Time Protection\r\n \tUser: el33t-b00k-1\\topsy\r\n \tProcess Name: C:\\Users\\topsy\\AppData\\Local\\Microsoft\\OneDrive\\OneDrive.exe\r\n \tSecurity intelligence Version: AV: 1.413.419.0, AS: 1.413.419.0, NIS: 1.413.419.0\r\n \tEngine Version: AM: 1.1.24050.5, NIS: 1.1.24050.5",
        "winlog": {
          "activity_id": "5f4a9fb7-8bb9-4d46-a5af-b880cefca3c1",
          "channel": "Microsoft-Windows-Windows Defender/Operational",
          "computer_name": "el33t-b00k-1",
          "event_data": {
            "Detection_User": "NT AUTHORITY\\SYSTEM",
            "Execution_Name": "Suspended",
            "Detection_Time": "2024-09-26T16:04:49.772Z",
            "Error_Description": "The operation completed successfully. ",
            "Error_Code": "0x00000000",
            "Action_Name": "Not Applicable",
            "FWLink": "https://go.microsoft.com/fwlink/?linkid=37020&name=Virus:DOS/EICAR_Test_File&threatid=2147519003&enterprise=1",
            "Post_Clean_Status": "0",
            "Category_ID": "42",
            "Additional_Actions_String": "No additional actions required",
            "Additional_Actions_ID": "0",
            "Pre_Execution_Status": "0",
            "Security_intelligence_Version": "AV: 1.419.183.0, AS: 1.419.183.0, NIS: 1.419.183.0",
            "Threat_ID": "2147519003",
            "Detection_ID": "{21A294A2-FE84-4DE0-B1D0-47D6DCD4DA9A}",
            "Path": "file:_D:\\autorun.inf\\autorun.inf.exe; file:_D:\\autorun.inf\\Protection for Autorun\\Protection for Autorun.exe; file:_D:\\test\\.exe",
            "Source_Name": "System",
            "Origin_ID": "1",
            "Type_Name": "Concrete",
            "Action_ID": "9",
            "Source_ID": "2",
            "Product_Name": "Microsoft Defender Antivirus",
            "Category_Name": "Virus",
            "Status_Code": "1",
            "Threat_Name": "Virus:DOS/EICAR_Test_File",
            "Origin_Name": "Local machine",
            "Severity_ID": "5",
            "State": "1",
            "Severity_Name": "Severe",
            "Execution_ID": "1",
            "Product_Version": "4.18.24080.9",
            "Engine_Version": "AM: 1.1.24080.9, NIS: 1.1.24080.9",
            "Type_ID": "0"
          },
          "event_id": "1116",
          "level": "Warning",
          "opcode": "Info",
          "process": {
            "pid": 7676,
            "thread": {
              "id": 29468
            }
          },
          "provider_guid": "11cd958a-c507-4ef3-b3f2-5fd9dfbd2c78",
          "provider_name": "Microsoft-Windows-Windows Defender",
          "record_id": "5646",
          "time_created": "2024-06-21T01:21:15.1310609Z",
          "user": {
            "identifier": "S-1-5-18",
            "name": "Topsy"
          },
          "version": 0
        }
      }
    },
    {
      "data_stream": "windows_defender",
      "package": "windows",
      "source": "test/test-events-windows-defender-events.json",
      "sample_event": {
        "@timestamp": "2024-06-21T01:21:15.1310609Z",
        "event": {
          "code": "1116",
          "kind": "event",
          "provider": "Microsoft-Windows-Windows Defender"
        },
        "host": {
          "name": "el33t-b00k-1"
        },
        "log": {
          "level": "Warning"
        },
        "message": "Microsoft Defender Antivirus has detected malware or other potentially unwanted software.\r\n For more information please see the following:\r\nhttps://go.microsoft.com/fwlink/?linkid=37020&name=Virus:DOS/EICAR_Test_File&threatid=2147519003&enterprise=0\r\n \tName: Virus:DOS/EICAR_Test_File\r\n \tID: 2147519003\r\n \tSeverity: Severe\r\n \tCategory: Virus\r\n \tPath: file:_C:\\Users\\topsy\\OneDrive\\Desktop\\eat_more_yams.exe\r\n \tDetection Origin: Local machine\r\n \tDetection Type: Concrete\r\n \tDetection Source: Real-Time Protection\r\n \tUser: el33t-b00k-1\\topsy\r\n \tProcess Name: C:\\Users\\topsy\\AppData\\Local\\Microsoft\\OneDrive\\OneDrive.exe\r\n \tSecurity intelligence Version: AV: 1.413.419.0, AS: 1.413.419.0, NIS: 1.413.419.0\r\n \tEngine Version: AM: 1.1.24050.5, NIS: 1.1.24050.5",
        "winlog": {
          "activity_id": "5f4a9fb7-8bb9-4d46-a5af-b880cefca3c1",
          "channel": "Microsoft-Windows-Windows Defender/Operational",
          "computer_name": "el33t-b00k-1",
          "event_data": {
            "Detection_User": "NT AUTHORITY\\SYSTEM",
            "Execution_Name": "Suspended",
            "Detection_Time": "2024-09-26T16:04:49.772Z",
            "Error_Description": "The operation completed successfully. ",
            "Error_Code": "0x00000000",
            "Action_Name": "Not Applicable",
            "FWLink": "https://go.microsoft.com/fwlink/?linkid=37020&name=Virus:DOS/EICAR_Test_File&threatid=2147519003&enterprise=1",
            "Post_Clean_Status": "0",
            "Category_ID": "42",
            "Additional_Actions_String": "No additional actions required",
            "Additional_Actions_ID": "0",
            "Pre_Execution_Status": "0",
            "Security_intelligence_Version": "AV: 1.419.183.0, AS: 1.419.183.0, NIS: 1.419.183.0",
            "Threat_ID": "2147519003",
            "Detection_ID": "{21A294A2-FE84-4DE0-B1D0-47D6DCD4DA9A}",
            "Path": "file:_C:\\Users\\Topsy\\Desktop\\eat_more_yams.exe",
            "Source_Name": "System",
            "Origin_ID": "1",
            "Type_Name": "Concrete",
            "Action_ID": "9",
            "Source_ID": "2",
            "Product_Name": "Microsoft Defender Antivirus",
            "Category_Name": "Virus",
            "Status_Code": "1",
            "Threat_Name": "Virus:DOS/EICAR_Test_File",
            "Origin_Name": "Local machine",
            "Severity_ID": "5",
            "State": "1",
            "Severity_Name": "Severe",
            "Execution_ID": "1",
            "Product_Version": "4.18.24080.9",
            "Engine_Version": "AM: 1.1.24080.9, NIS: 1.1.24080.9",
            "Type_ID": "0"
          },
          "event_id": "1116",
          "level": "Warning",
          "opcode": "Info",
          "process": {
            "pid": 7676,
            "thread": {
              "id": 29468
            }
          },
          "provider_guid": "11cd958a-c507-4ef3-b3f2-5fd9dfbd2c78",
          "provider_name": "Microsoft-Windows-Windows Defender",
          "record_id": "5646",
          "time_created": "2024-06-21T01:21:15.1310609Z",
          "user": {
            "identifier": "S-1-5-18",
            "name": "Topsy"
          },
          "version": 0
        }
      }
    },
    {
      "data_stream": "windows_defender",
      "package": "windows",
      "source": "test/test-events-windows-defender-events.json",
      "sample_event": {
        "@timestamp": "2024-06-21T01:21:15.1310609Z",
        "event": {
          "code": "1116",
          "kind": "event",
          "provider": "Microsoft-Windows-Windows Defender"
        },
        "host": {
          "name": "el33t-b00k-1"
        },
        "log": {
          "level": "Warning"
        },
        "message": "Microsoft Defender Antivirus has detected malware or other potentially unwanted software.\r\n For more information please see the following:\r\nhttps://go.microsoft.com/fwlink/?linkid=37020&name=Virus:DOS/EICAR_Test_File&threatid=2147519003&enterprise=0\r\n \tName: Virus:DOS/EICAR_Test_File\r\n \tID: 2147519003\r\n \tSeverity: Severe\r\n \tCategory: Virus\r\n \tPath: file:_C:\\Users\\topsy\\OneDrive\\Desktop\\eat_more_yams.com; process:_pid: 1337\r\n \tDetection Origin: Local machine\r\n \tDetection Type: Concrete\r\n \tDetection Source: Real-Time Protection\r\n \tUser: el33t-b00k-1\\topsy\r\n \tProcess Name: C:\\Users\\topsy\\AppData\\Local\\Microsoft\\OneDrive\\OneDrive.exe\r\n \tSecurity intelligence Version: AV: 1.413.419.0, AS: 1.413.419.0, NIS: 1.413.419.0\r\n \tEngine Version: AM: 1.1.24050.5, NIS: 1.1.24050.5",
        "winlog": {
          "activity_id": "5f4a9fb7-8bb9-4d46-a5af-b880cefca3c1",
          "channel": "Microsoft-Windows-Windows Defender/Operational",
          "computer_name": "el33t-b00k-1",
          "event_data": {
            "Detection_User": "NT AUTHORITY\\SYSTEM",
            "Execution_Name": "Suspended",
            "Detection_Time": "2024-09-26T16:04:49.772Z",
            "Error_Description": "The operation completed successfully. ",
            "Error_Code": "0x00000000",
            "Action_Name": "Not Applicable",
            "FWLink": "https://go.microsoft.com/fwlink/?linkid=37020&name=Virus:DOS/EICAR_Test_File&threatid=2147519003&enterprise=1",
            "Post_Clean_Status": "0",
            "Category_ID": "42",
            "Additional_Actions_String": "No additional actions required",
            "Additional_Actions_ID": "0",
            "Pre_Execution_Status": "0",
            "Security_intelligence_Version": "AV: 1.419.183.0, AS: 1.419.183.0, NIS: 1.419.183.0",
            "Threat_ID": "2147519003",
            "Detection_ID": "{21A294A2-FE84-4DE0-B1D0-47D6DCD4DA9A}",
            "Path": "file:_C:\\Users\\Topsy\\Desktop\\eat_more_yams.exe; process:_pid: 31337",
            "Source_Name": "System",
            "Origin_ID": "1",
            "Type_Name": "Concrete",
            "Action_ID": "9",
            "Source_ID": "2",
            "Product_Name": "Microsoft Defender Antivirus",
            "Category_Name": "Virus",
            "Status_Code": "1",
            "Threat_Name": "Virus:DOS/EICAR_Test_File",
            "Origin_Name": "Local machine",
            "Severity_ID": "5",
            "State": "1",
            "Severity_Name": "Severe",
            "Execution_ID": "1",
            "Product_Version": "4.18.24080.9",
            "Engine_Version": "AM: 1.1.24080.9, NIS: 1.1.24080.9",
            "Type_ID": "0"
          },
          "event_id": "1116",
          "level": "Warning",
          "opcode": "Info",
          "process": {
            "pid": 7676,
            "thread": {
              "id": 29468
            }
          },
          "provider_guid": "11cd958a-c507-4ef3-b3f2-5fd9dfbd2c78",
          "provider_name": "Microsoft-Windows-Windows Defender",
          "record_id": "5646",
          "time_created": "2024-06-21T01:21:15.1310609Z",
          "user": {
            "identifier": "S-1-5-18",
            "name": "Topsy"
          },
          "version": 0
        }
      }
    },
    {
      "data_stream": "windows_defender",
      "package": "windows",
      "source": "test/test-events-windows-defender-events.json",
      "sample_event": {
        "@timestamp": "2024-06-21T06:56:39.3139541Z",
        "event": {
          "code": "1151",
          "kind": "event",
          "provider": "Microsoft-Windows-Windows Defender"
        },
        "host": {
          "name": "el33t-b00k-1"
        },
        "log": {
          "level": "Information"
        },
        "message": "Endpoint Protection client health report (time in UTC):\r\n \tPlatform version: 4.18.24050.7\r\n \tEngine version: 1.1.24050.5\r\n \tNetwork Realtime Inspection engine version: 1.1.24050.5\r\n \tAntivirus security intelligence version: 1.413.419.0\r\n \tAntispyware security intelligence version: 1.413.419.0\r\n \tNetwork Realtime Inspection security intelligence version: 1.413.419.0\r\n \tRTP state: Enabled\r\n \tOA state: Enabled\r\n \tIOAV state: Enabled\r\n \tBM state: Enabled\r\n \tAntivirus security intelligence age: 0\r\n \tAntispyware security intelligence age: 0\r\n \tLast quick scan age: 1\r\n \tLast full scan age: 4294967295\r\n \tAntivirus security intelligence creation time: 2024-06-20T17:59:45Z\r\n \tAntispyware security intelligence creation time: 2024-06-20T17:59:47Z\r\n \tLast quick scan start time: 2024-06-19T15:49:55Z\r\n \tLast quick scan end time: 2024-06-19T15:51:57Z\r\n \tLast quick scan source: 2\r\n \tLast full scan start time: 1601-01-01T00:00:00Z\r\n \tLast full scan end time: 1601-01-01T00:00:00Z\r\n \tLast full scan source: 0\r\n \tProduct status: 0x00080000\r\n",
        "winlog": {
          "activity_id": "",
          "channel": "Microsoft-Windows-Windows Defender/Operational",
          "computer_name": "el33t-b00k-1",
          "event_data": {
            "AV_security_intelligence_version": "1.419.335.0",
            "Last_quick_scan_start_time": "2024-10-03T07:03:26Z",
            "RTP_state": "Enabled",
            "Latest_engine_version": "1.1.24080.9",
            "AV_security_intelligence_creation_time": "2024-10-03T14:47:40Z",
            "Last_AS_security_intelligence_age": "1",
            "Engine_version": "1.1.24080.9",
            "Platform_up-to-date": "1",
            "IOAV_state": "Enabled",
            "AS_security_intelligence_version": "1.419.335.0",
            "Last_quick_scan_source": "2",
            "NRI_engine_version": "1.1.24080.9",
            "Last_AV_security_intelligence_age": "1",
            "Last_full_scan_start_time": "2023-01-20T01:58:42Z",
            "AS_security_intelligence_creation_time": "2024-10-03T14:47:41Z",
            "Product_Name": "Microsoft Defender Antivirus",
            "BM_state": "Enabled",
            "Product_status": "0x00080000",
            "Platform_version": "4.18.24080.9",
            "Last_full_scan_source": "2",
            "Last_full_scan_end_time": "2023-01-20T02:28:24Z",
            "Last_quick_scan_age": "1",
            "Last_quick_scan_end_time": "2024-10-03T07:15:39Z",
            "NRI_security_intelligence_version": "1.419.335.0",
            "Latest_platform_version": "4.18.24080.9",
            "Engine_up-to-date": "0",
            "Last_full_scan_age": "623",
            "OA_state": "Enabled"
          },
          "event_id": "1151",
          "level": "Information",
          "opcode": "Info",
          "process": {
            "pid": 7676,
            "thread": {
              "id": 48648
            }
          },
          "provider_guid": "11cd958a-c507-4ef3-b3f2-5fd9dfbd2c78",
          "provider_name": "Microsoft-Windows-Windows Defender",
          "record_id": "5653",
          "time_created": "2024-06-21T06:56:39.3139541Z",
          "user": {
            "identifier": "S-1-5-18",
            "name": "Topsy"
          },
          "version": 0
        }
      }
    },
    {
      "data_stream": "windows_defender",
      "package": "windows",
      "source": "test/test-events-windows-defender-events.json",
      "sample_event": {
        "@timestamp": "2024-06-21T06:56:39.3116433Z",
        "event": {
          "code": "1150",
          "kind": "event",
          "provider": "Microsoft-Windows-Windows Defender"
        },
        "host": {
          "name": "el33t-b00k-1"
        },
        "log": {
          "level": "Information"
        },
        "message": "Endpoint Protection client is up and running in a healthy state.\r\n \tPlatform version: 4.18.24050.7\r\n \tEngine version: 1.1.24050.5\r\n \tSecurity intelligence version: 1.413.419.0\r\n",
        "winlog": {
          "activity_id": "",
          "channel": "Microsoft-Windows-Windows Defender/Operational",
          "computer_name": "el33t-b00k-1",
          "event_data": {
            "Platform_version": "4.18.24080.9",
            "Engine_version": "1.1.24080.9",
            "Product_Name": "Microsoft Defender Antivirus",
            "Security_intelligence_version": "1.419.335.0"
          },
          "event_id": "1150",
          "level": "Information",
          "opcode": "Info",
          "process": {
            "pid": 7676,
            "thread": {
              "id": 48648
            }
          },
          "provider_guid": "11cd958a-c507-4ef3-b3f2-5fd9dfbd2c78",
          "provider_name": "Microsoft-Windows-Windows Defender",
          "record_id": "5652",
          "time_created": "2024-06-21T06:56:39.3116433Z",
          "user": {
            "identifier": "S-1-5-18",
            "name": "Topsy"
          },
          "version": 0
        }
      }
    },
    {
      "data_stream": "windows_defender",
      "package": "windows",
      "source": "test/test-events-windows-defender-events.json",
      "sample_event": {
        "@timestamp": "2024-06-21T06:13:50.5047662Z",
        "event": {
          "code": "1002",
          "kind": "event",
          "provider": "Microsoft-Windows-Windows Defender"
        },
        "host": {
          "name": "el33t-b00k-1"
        },
        "log": {
          "level": "Warning"
        },
        "message": "Microsoft Defender Antivirus scan has been stopped before completion.\r\n \tScan ID: {BAEB74BF-331C-48D8-A165-12B9D2574798}\r\n \tScan Type: Antimalware\r\n \tScan Parameters: Quick Scan\r\n  \tUser: NT AUTHORITY\\SYSTEM",
        "winlog": {
          "activity_id": "f5e8a3a1-33cf-4861-9e3f-a0186d993932",
          "channel": "Microsoft-Windows-Windows Defender/Operational",
          "computer_name": "el33t-b00k-1",
          "event_id": "1002",
          "level": "Warning",
          "opcode": "Info",
          "process": {
            "pid": 7676,
            "thread": {
              "id": 31860
            }
          },
          "provider_guid": "11cd958a-c507-4ef3-b3f2-5fd9dfbd2c78",
          "provider_name": "Microsoft-Windows-Windows Defender",
          "record_id": "5651",
          "time_created": "2024-06-21T06:13:50.5047662Z",
          "user": {
            "identifier": "S-1-5-18",
            "name": "Topsy"
          },
          "version": 0
        }
      }
    },
    {
      "data_stream": "windows_defender",
      "package": "windows",
      "source": "test/test-events-windows-defender-events.json",
      "sample_event": {
        "@timestamp": "2024-06-21T06:13:31.0646079Z",
        "event": {
          "code": "1000",
          "kind": "event",
          "provider": "Microsoft-Windows-Windows Defender"
        },
        "host": {
          "name": "el33t-b00k-1"
        },
        "log": {
          "level": "Information"
        },
        "message": "Microsoft Defender Antivirus scan has started.\r\n \tScan ID: {BAEB74BF-331C-48D8-A165-12B9D2574798}\r\n \tScan Type: Antimalware\r\n \tScan Parameters: Quick Scan\r\n \tScan Resources: \r\n \tUser: NT AUTHORITY\\SYSTEM",
        "winlog": {
          "activity_id": "",
          "channel": "Microsoft-Windows-Windows Defender/Operational",
          "computer_name": "el33t-b00k-1",
          "event_data": {
            "Scan_ID": "{E650047C-5BF9-4FDC-AA85-B0E159E779CF}",
            "User": "SYSTEM",
            "Scan_Type": "Antimalware",
            "Scan_Parameters": "Quick Scan",
            "Product_Name": "Microsoft Defender Antivirus",
            "Scan_Parameters_Index": "1",
            "Domain": "NT AUTHORITY",
            "Product_Version": "4.18.24080.9",
            "Scan_Type_Index": "1",
            "SID": "S-1-5-18"
          },
          "event_id": "1000",
          "level": "Information",
          "opcode": "Info",
          "process": {
            "pid": 7676,
            "thread": {
              "id": 31860
            }
          },
          "provider_guid": "11cd958a-c507-4ef3-b3f2-5fd9dfbd2c78",
          "provider_name": "Microsoft-Windows-Windows Defender",
          "record_id": "5650",
          "time_created": "2024-06-21T06:13:31.0646079Z",
          "user": {
            "identifier": "S-1-5-18",
            "name": "Topsy"
          },
          "version": 0
        }
      }
    },
    {
      "data_stream": "windows_defender",
      "package": "windows",
      "source": "test/test-events-windows-defender-events.json",
      "sample_event": {
        "@timestamp": "2024-06-21T01:21:15.2279837Z",
        "event": {
          "code": "1117",
          "kind": "event",
          "provider": "Microsoft-Windows-Windows Defender"
        },
        "host": {
          "name": "el33t-b00k-1"
        },
        "log": {
          "level": "Information"
        },
        "message": "Microsoft Defender Antivirus has taken action to protect this machine from malware or other potentially unwanted software.\r\n For more information please see the following:\r\nhttps://go.microsoft.com/fwlink/?linkid=37020&name=Virus:DOS/EICAR_Test_File&threatid=2147519003&enterprise=0\r\n \tName: Virus:DOS/EICAR_Test_File\r\n \tID: 2147519003\r\n \tSeverity: Severe\r\n \tCategory: Virus\r\n \tPath: file:_C:\\Users\\topsy\\OneDrive\\Desktop\\eat_more_yams.exe\r\n \tDetection Origin: Local machine\r\n \tDetection Type: Concrete\r\n \tDetection Source: Real-Time Protection\r\n \tUser: NT AUTHORITY\\SYSTEM\r\n \tProcess Name: C:\\Users\\topsy\\AppData\\Local\\Microsoft\\OneDrive\\OneDrive.exe\r\n \tAction: Quarantine\r\n \tAction Status:  No additional actions required\r\n \tError Code: 0x00000000\r\n \tError description: The operation completed successfully. \r\n \tSecurity intelligence Version: AV: 1.413.419.0, AS: 1.413.419.0, NIS: 1.413.419.0\r\n \tEngine Version: AM: 1.1.24050.5, NIS: 1.1.24050.5",
        "winlog": {
          "activity_id": "",
          "channel": "Microsoft-Windows-Windows Defender/Operational",
          "computer_name": "el33t-b00k-1",
          "event_data": {
            "Detection_User": "NT AUTHORITY\\SYSTEM",
            "Execution_Name": "Suspended",
            "Detection_Time": "2024-09-26T16:04:49.772Z",
            "Error_Description": "The operation completed successfully. ",
            "Error_Code": "0x00000000",
            "Action_Name": "Quarantine",
            "FWLink": "https://go.microsoft.com/fwlink/?linkid=37020&name=Virus:DOS/EICAR_Test_File&threatid=2147519003&enterprise=1",
            "Post_Clean_Status": "0",
            "Category_ID": "42",
            "Additional_Actions_String": "No additional actions required",
            "Additional_Actions_ID": "0",
            "Pre_Execution_Status": "0",
            "Security_intelligence_Version": "AV: 1.419.183.0, AS: 1.419.183.0, NIS: 1.419.183.0",
            "Threat_ID": "2147519003",
            "Remediation_User": "NT AUTHORITY\\SYSTEM",
            "Detection_ID": "{21A294A2-FE84-4DE0-B1D0-47D6DCD4DA9A}",
            "Path": "file:_C:\\Users\\Topsy\\Desktop\\eat_more_yams.exe",
            "Source_Name": "System",
            "Origin_ID": "1",
            "Type_Name": "Concrete",
            "Action_ID": "2",
            "Product_Name": "Microsoft Defender Antivirus",
            "Source_ID": "2",
            "Category_Name": "Virus",
            "Status_Code": "3",
            "Threat_Name": "Virus:DOS/EICAR_Test_File",
            "Origin_Name": "Local machine",
            "Severity_ID": "5",
            "State": "2",
            "Severity_Name": "Severe",
            "Execution_ID": "1",
            "Product_Version": "4.18.24080.9",
            "Engine_Version": "AM: 1.1.24080.9, NIS: 1.1.24080.9",
            "Type_ID": "0"
          },
          "event_id": "1117",
          "level": "Information",
          "opcode": "Info",
          "process": {
            "pid": 7676,
            "thread": {
              "id": 29468
            }
          },
          "provider_guid": "11cd958a-c507-4ef3-b3f2-5fd9dfbd2c78",
          "provider_name": "Microsoft-Windows-Windows Defender",
          "record_id": "5647",
          "time_created": "2024-06-21T01:21:15.2279837Z",
          "user": {
            "identifier": "S-1-5-18",
            "name": "Topsy"
          },
          "version": 0
        }
      }
    },
    {
      "data_stream": "windows_defender",
      "package": "windows",
      "source": "test/test-events-windows-defender-events.json",
      "sample_event": {
        "@timestamp": "2024-06-21T01:21:15.2279837Z",
        "event": {
          "code": "1117",
          "kind": "event",
          "provider": "Microsoft-Windows-Windows Defender"
        },
        "host": {
          "name": "el33t-b00k-1"
        },
        "log": {
          "level": "Information"
        },
        "message": "Microsoft Defender Antivirus has taken action to protect this machine from malware or other potentially unwanted software.\r\n For more information please see the following:\r\nhttps://go.microsoft.com/fwlink/?linkid=37020&name=Virus:DOS/EICAR_Test_File&threatid=2147519003&enterprise=0\r\n \tName: Virus:DOS/EICAR_Test_File\r\n \tID: 2147519003\r\n \tSeverity: Severe\r\n \tCategory: Virus\r\n \tPath: file:_C:\\Users\\topsy\\OneDrive\\Desktop\\eat_more_yams.exe; process:_pid: 1337\r\n \tDetection Origin: Local machine\r\n \tDetection Type: Concrete\r\n \tDetection Source: Real-Time Protection\r\n \tUser: NT AUTHORITY\\SYSTEM\r\n \tProcess Name: C:\\Users\\topsy\\AppData\\Local\\Microsoft\\OneDrive\\OneDrive.exe\r\n \tAction: Quarantine\r\n \tAction Status:  No additional actions required\r\n \tError Code: 0x00000000\r\n \tError description: The operation completed successfully. \r\n \tSecurity intelligence Version: AV: 1.413.419.0, AS: 1.413.419.0, NIS: 1.413.419.0\r\n \tEngine Version: AM: 1.1.24050.5, NIS: 1.1.24050.5",
        "winlog": {
          "activity_id": "",
          "channel": "Microsoft-Windows-Windows Defender/Operational",
          "computer_name": "el33t-b00k-1",
          "event_data": {
            "Detection_User": "NT AUTHORITY\\SYSTEM",
            "Execution_Name": "Suspended",
            "Detection_Time": "2024-09-26T16:04:49.772Z",
            "Error_Description": "The operation completed successfully. ",
            "Error_Code": "0x00000000",
            "Action_Name": "Quarantine",
            "FWLink": "https://go.microsoft.com/fwlink/?linkid=37020&name=Virus:DOS/EICAR_Test_File&threatid=2147519003&enterprise=1",
            "Post_Clean_Status": "0",
            "Category_ID": "42",
            "Additional_Actions_String": "No additional actions required",
            "Additional_Actions_ID": "0",
            "Pre_Execution_Status": "0",
            "Security_intelligence_Version": "AV: 1.419.183.0, AS: 1.419.183.0, NIS: 1.419.183.0",
            "Threat_ID": "2147519003",
            "Remediation_User": "NT AUTHORITY\\SYSTEM",
            "Detection_ID": "{21A294A2-FE84-4DE0-B1D0-47D6DCD4DA9A}",
            "Path": "file:_C:\\Users\\Topsy\\Desktop\\eat_more_yams.exe; process:_pid: 1337",
            "Source_Name": "System",
            "Origin_ID": "1",
            "Type_Name": "Concrete",
            "Action_ID": "2",
            "Product_Name": "Microsoft Defender Antivirus",
            "Source_ID": "2",
            "Category_Name": "Virus",
            "Status_Code": "3",
            "Threat_Name": "Virus:DOS/EICAR_Test_File",
            "Origin_Name": "Local machine",
            "Severity_ID": "5",
            "State": "2",
            "Severity_Name": "Severe",
            "Execution_ID": "1",
            "Product_Version": "4.18.24080.9",
            "Engine_Version": "AM: 1.1.24080.9, NIS: 1.1.24080.9",
            "Type_ID": "0"
          },
          "event_id": "1117",
          "level": "Information",
          "opcode": "Info",
          "process": {
            "pid": 7676,
            "thread": {
              "id": 29468
            }
          },
          "provider_guid": "11cd958a-c507-4ef3-b3f2-5fd9dfbd2c78",
          "provider_name": "Microsoft-Windows-Windows Defender",
          "record_id": "5647",
          "time_created": "2024-06-21T01:21:15.2279837Z",
          "user": {
            "identifier": "S-1-5-18",
            "name": "Topsy"
          },
          "version": 0
        }
      }
    },
    {
      "data_stream": "windows_defender",
      "package": "windows",
      "source": "test/test-events-windows-defender-events.json",
      "sample_event": {
        "@timestamp": "2024-06-21T01:08:30.3502187Z",
        "event": {
          "code": "2000",
          "kind": "event",
          "provider": "Microsoft-Windows-Windows Defender"
        },
        "host": {
          "name": "el33t-b00k-1"
        },
        "log": {
          "level": "Information"
        },
        "message": "Microsoft Defender Antivirus security intelligence version updated.\r\n \tCurrent security intelligence Version: 1.413.419.0\r\n \tPrevious security intelligence Version: 1.413.393.0\r\n \tSecurity intelligence Type: AntiSpyware\r\n \tUpdate Type: Delta\r\n \tUser: NT AUTHORITY\\SYSTEM\r\n \tCurrent Engine Version: 1.1.24050.5\r\n \tPrevious Engine Version: 1.1.24050.5",
        "winlog": {
          "activity_id": "",
          "channel": "Microsoft-Windows-Windows Defender/Operational",
          "computer_name": "el33t-b00k-1",
          "event_data": {
            "User": "SYSTEM",
            "Previous_security_intelligence_Version": "1.419.325.0",
            "Security_intelligence_Type": "AntiSpyware",
            "Product_Name": "Microsoft Defender Antivirus",
            "Update_Type_Index": "2",
            "SID": "S-1-5-18",
            "Current_security_intelligence_Version": "1.419.335.0",
            "Current_Engine_Version": "1.1.24080.9",
            "Security_intelligence_Type_Index": "2",
            "Domain": "NT AUTHORITY",
            "Product_Version": "4.18.24080.9",
            "Update_Type": "Delta",
            "Previous_Engine_Version": "1.1.24080.9"
          },
          "event_id": "2000",
          "level": "Information",
          "opcode": "Info",
          "process": {
            "pid": 7676,
            "thread": {
              "id": 15764
            }
          },
          "provider_guid": "11cd958a-c507-4ef3-b3f2-5fd9dfbd2c78",
          "provider_name": "Microsoft-Windows-Windows Defender",
          "record_id": "5612",
          "time_created": "2024-06-21T01:08:30.3502187Z",
          "user": {
            "identifier": "S-1-5-18",
            "name": "Topsy"
          },
          "version": 0
        }
      }
    },
    {
      "data_stream": "windows_defender",
      "package": "windows",
      "source": "test/test-events-windows-defender-events.json",
      "sample_event": {
        "@timestamp": "2024-06-21T02:00:00.0000000Z",
        "event": {
          "code": "1121",
          "kind": "event",
          "provider": "Microsoft-Windows-Windows Defender"
        },
        "host": {
          "name": "test-host"
        },
        "log": {
          "level": "Information"
        },
        "message": "Windows Defender Exploit Guard has blocked an operation that is not allowed by Attack Surface Reduction policy.\r\n\tUser: test-domain\\test-user\r\n\tProcess Name: C:\\Windows\\System32\\svchost.exe\r\n\tPath: C:\\Windows\\System32\\svchost.exe\r\n\tSecurity intelligence Version: AV: 1.413.419.0, AS: 1.413.419.0, NIS: 1.413.419.0",
        "winlog": {
          "activity_id": "6f5a0fb7-9cc9-5d47-b6bf-c991defdb4d2",
          "channel": "Microsoft-Windows-Windows Defender/Operational",
          "computer_name": "test-host",
          "event_data": {
            "Detection_User": "test-domain\\test-user",
            "Path": "C:\\Windows\\System32\\svchost.exe",
            "Security_intelligence_Version": "AV: 1.413.419.0, AS: 1.413.419.0, NIS: 1.413.419.0"
          },
          "provider_guid": "11cd958a-c507-4ef3-b3f2-5fd9dfbd2c78",
          "provider_name": "Microsoft-Windows-Windows Defender",
          "record_id": "5613",
          "time_created": "2024-06-21T02:00:00.0000000Z",
          "user": {
            "identifier": "S-1-5-21-1234567890-1234567890-1234567890-1001",
            "name": "test-user"
          },
          "version": 0
        }
      }
    },
