    {
      "data_stream": "sysmon_operational",
      "package": "windows",
      "source": "test/test-events.json-expected.json",
      "sample_event": {
        "@timestamp": "2019-07-18T03:34:02.838Z",
        "dns": {
          "answers": [
            {
              "data": "pagead46.l.doubleclick.net",
              "type": "CNAME"
            },
            {
              "data": "89.160.20.156",
              "type": "A"
            }
          ],
          "question": {
            "name": "pagead2.googlesyndication.com",
            "registered_domain": "googlesyndication.com",
            "subdomain": "pagead2",
            "top_level_domain": "com"
          },
          "resolved_ip": [
            "89.160.20.156"
          ]
        },
        "ecs": {
          "version": "8.17.0"
        },
        "event": {
          "action": "DNSEvent (DNS query)",
          "category": [
            "network"
          ],
          "code": "22",
          "created": "2019-07-18T03:34:03.029Z",
          "kind": "event",
          "original": "<Event xmlns='http://schemas.microsoft.com/win/2004/08/events/event'><System><Provider Name='Microsoft-Windows-Sysmon' Guid='{5770385f-c22a-43e0-bf4c-06f5698ffbd9}'/><EventID>22</EventID><Version>5</Version><Level>4</Level><Task>22</Task><Opcode>0</Opcode><Keywords>0x8000000000000000</Keywords><TimeCreated SystemTime='2019-07-18T03:34:03.029379000Z'/><EventRecordID>96</EventRecordID><Correlation/><Execution ProcessID='2828' ThreadID='1684'/><Channel>Microsoft-Windows-Sysmon/Operational</Channel><Computer>vagrant-2016</Computer><Security UserID='S-1-5-18'/></System><EventData><Data Name='RuleName'></Data><Data Name='UtcTime'>2019-07-18 03:34:02.838</Data><Data Name='ProcessGuid'>{fa4a0de6-e8a9-5d2f-0000-001053699900}</Data><Data Name='ProcessId'>2736</Data><Data Name='QueryName'>pagead2.googlesyndication.com</Data><Data Name='QueryStatus'>0</Data><Data Name='QueryResults'>type:  5 pagead46.l.doubleclick.net;::ffff:89.160.20.156;</Data><Data Name='Image'>C:\\Program Files (x86)\\Internet Explorer\\iexplore.exe</Data></EventData></Event>",
          "provider": "Microsoft-Windows-Sysmon",
          "type": [
            "connection",
            "protocol",
            "info"
          ]
        },
        "log": {
          "level": "information"
        },
        "network": {
          "protocol": "dns"
        },
        "process": {
          "entity_id": "{fa4a0de6-e8a9-5d2f-0000-001053699900}",
          "executable": "C:\\Program Files (x86)\\Internet Explorer\\iexplore.exe",
          "name": "iexplore.exe",
          "pid": 2736
        },
        "related": {
          "hosts": [
            "pagead46.l.doubleclick.net",
            "pagead2.googlesyndication.com"
          ],
          "ip": [
            "89.160.20.156"
          ]
        },
        "sysmon": {
          "dns": {
            "status": "SUCCESS"
          }
        },
        "user": {
          "id": "S-1-5-18"
        },
        "winlog": {
          "channel": "Microsoft-Windows-Sysmon/Operational",
          "computer_name": "vagrant-2016",
          "event_id": "22",
          "opcode": "Info",
          "process": {
            "pid": 2828,
            "thread": {
              "id": 1684
            }
          },
          "provider_guid": "{5770385f-c22a-43e0-bf4c-06f5698ffbd9}",
          "provider_name": "Microsoft-Windows-Sysmon",
          "record_id": "96",
          "user": {
            "identifier": "S-1-5-18"
          },
          "version": 5
        }
      }
    },
    {
      "data_stream": "sysmon_operational",
      "package": "windows",
      "source": "test/test-events.json-expected.json",
      "sample_event": {
        "@timestamp": "2019-07-18T03:34:02.839Z",
        "dns": {
          "answers": [
            {
              "data": "pagead46.l.doubleclick.net",
              "type": "CNAME"
            },
            {
              "data": "89.160.20.156",
              "type": "A"
            }
          ],
          "question": {
            "name": "googleads.g.doubleclick.net",
            "registered_domain": "doubleclick.net",
            "subdomain": "googleads.g",
            "top_level_domain": "net"
          },
          "resolved_ip": [
            "89.160.20.156"
          ]
        },
        "ecs": {
          "version": "8.17.0"
        },
        "event": {
          "action": "DNSEvent (DNS query)",
          "category": [
            "network"
          ],
          "code": "22",
          "created": "2019-07-18T03:34:03.029Z",
          "kind": "event",
          "original": "<Event xmlns='http://schemas.microsoft.com/win/2004/08/events/event'><System><Provider Name='Microsoft-Windows-Sysmon' Guid='{5770385f-c22a-43e0-bf4c-06f5698ffbd9}'/><EventID>22</EventID><Version>5</Version><Level>4</Level><Task>22</Task><Opcode>0</Opcode><Keywords>0x8000000000000000</Keywords><TimeCreated SystemTime='2019-07-18T03:34:03.029388500Z'/><EventRecordID>97</EventRecordID><Correlation/><Execution ProcessID='2828' ThreadID='1684'/><Channel>Microsoft-Windows-Sysmon/Operational</Channel><Computer>vagrant-2016</Computer><Security UserID='S-1-5-18'/></System><EventData><Data Name='RuleName'></Data><Data Name='UtcTime'>2019-07-18 03:34:02.839</Data><Data Name='ProcessGuid'>{fa4a0de6-e8a9-5d2f-0000-001053699900}</Data><Data Name='ProcessId'>2736</Data><Data Name='QueryName'>googleads.g.doubleclick.net</Data><Data Name='QueryStatus'>0</Data><Data Name='QueryResults'>type:  5 pagead46.l.doubleclick.net;::ffff:89.160.20.156;</Data><Data Name='Image'>C:\\Program Files (x86)\\Internet Explorer\\iexplore.exe</Data></EventData></Event>",
          "provider": "Microsoft-Windows-Sysmon",
          "type": [
            "connection",
            "protocol",
            "info"
          ]
        },
        "log": {
          "level": "information"
        },
        "network": {
          "protocol": "dns"
        },
        "process": {
          "entity_id": "{fa4a0de6-e8a9-5d2f-0000-001053699900}",
          "executable": "C:\\Program Files (x86)\\Internet Explorer\\iexplore.exe",
          "name": "iexplore.exe",
          "pid": 2736
        },
        "related": {
          "hosts": [
            "pagead46.l.doubleclick.net",
            "googleads.g.doubleclick.net"
          ],
          "ip": [
            "89.160.20.156"
          ]
        },
        "sysmon": {
          "dns": {
            "status": "SUCCESS"
          }
        },
        "user": {
          "id": "S-1-5-18"
        },
        "winlog": {
          "channel": "Microsoft-Windows-Sysmon/Operational",
          "computer_name": "vagrant-2016",
          "event_id": "22",
          "opcode": "Info",
          "process": {
            "pid": 2828,
            "thread": {
              "id": 1684
            }
          },
          "provider_guid": "{5770385f-c22a-43e0-bf4c-06f5698ffbd9}",
          "provider_name": "Microsoft-Windows-Sysmon",
          "record_id": "97",
          "user": {
            "identifier": "S-1-5-18"
          },
          "version": 5
        }
      }
    },
    {
      "data_stream": "sysmon_operational",
      "package": "windows",
      "source": "test/test-events.json-expected.json",
      "sample_event": {
        "@timestamp": "2019-07-18T03:34:02.841Z",
        "dns": {
          "answers": [
            {
              "data": "prod.ups-adcom.aolp-ds-prd.aws.oath.cloud",
              "type": "CNAME"
            },
            {
              "data": "prod.ups-us-east-1.aolp-ds-prd.aws.oath.cloud",
              "type": "CNAME"
            },
            {
              "data": "89.160.20.156",
              "type": "A"
            },
            {
              "data": "89.160.20.156",
              "type": "A"
            },
            {
              "data": "89.160.20.156",
              "type": "A"
            },
            {
              "data": "89.160.20.156",
              "type": "A"
            },
            {
              "data": "89.160.20.156",
              "type": "A"
            },
            {
              "data": "89.160.20.156",
              "type": "A"
            },
            {
              "data": "89.160.20.156",
              "type": "A"
            },
            {
              "data": "89.160.20.156",
              "type": "A"
            }
          ],
          "question": {
            "name": "pixel.advertising.com",
            "registered_domain": "advertising.com",
            "subdomain": "pixel",
            "top_level_domain": "com"
          },
          "resolved_ip": [
            "89.160.20.156",
            "89.160.20.156",
            "89.160.20.156",
            "89.160.20.156",
            "89.160.20.156",
            "89.160.20.156",
            "89.160.20.156",
            "89.160.20.156"
          ]
        },
        "ecs": {
          "version": "8.17.0"
        },
        "event": {
          "action": "DNSEvent (DNS query)",
          "category": [
            "network"
          ],
          "code": "22",
          "created": "2019-07-18T03:34:03.029Z",
          "kind": "event",
          "original": "<Event xmlns='http://schemas.microsoft.com/win/2004/08/events/event'><System><Provider Name='Microsoft-Windows-Sysmon' Guid='{5770385f-c22a-43e0-bf4c-06f5698ffbd9}'/><EventID>22</EventID><Version>5</Version><Level>4</Level><Task>22</Task><Opcode>0</Opcode><Keywords>0x8000000000000000</Keywords><TimeCreated SystemTime='2019-07-18T03:34:03.029398800Z'/><EventRecordID>98</EventRecordID><Correlation/><Execution ProcessID='2828' ThreadID='1684'/><Channel>Microsoft-Windows-Sysmon/Operational</Channel><Computer>vagrant-2016</Computer><Security UserID='S-1-5-18'/></System><EventData><Data Name='RuleName'></Data><Data Name='UtcTime'>2019-07-18 03:34:02.841</Data><Data Name='ProcessGuid'>{fa4a0de6-e8a9-5d2f-0000-001053699900}</Data><Data Name='ProcessId'>2736</Data><Data Name='QueryName'>pixel.advertising.com</Data><Data Name='QueryStatus'>0</Data><Data Name='QueryResults'>type:  5 prod.ups-adcom.aolp-ds-prd.aws.oath.cloud;type:  5 prod.ups-us-east-1.aolp-ds-prd.aws.oath.cloud;::ffff:89.160.20.156;::ffff:89.160.20.156;::ffff:89.160.20.156;::ffff:89.160.20.156;::ffff:89.160.20.156;::ffff:89.160.20.156;::ffff:89.160.20.156;::ffff:89.160.20.156;</Data><Data Name='Image'>C:\\Program Files (x86)\\Internet Explorer\\iexplore.exe</Data></EventData></Event>",
          "provider": "Microsoft-Windows-Sysmon",
          "type": [
            "connection",
            "protocol",
            "info"
          ]
        },
        "log": {
          "level": "information"
        },
        "network": {
          "protocol": "dns"
        },
        "process": {
          "entity_id": "{fa4a0de6-e8a9-5d2f-0000-001053699900}",
          "executable": "C:\\Program Files (x86)\\Internet Explorer\\iexplore.exe",
          "name": "iexplore.exe",
          "pid": 2736
        },
        "related": {
          "hosts": [
            "prod.ups-adcom.aolp-ds-prd.aws.oath.cloud",
            "prod.ups-us-east-1.aolp-ds-prd.aws.oath.cloud",
            "pixel.advertising.com"
          ],
          "ip": [
            "89.160.20.156"
          ]
        },
        "sysmon": {
          "dns": {
            "status": "SUCCESS"
          }
        },
        "user": {
          "id": "S-1-5-18"
        },
        "winlog": {
          "channel": "Microsoft-Windows-Sysmon/Operational",
          "computer_name": "vagrant-2016",
          "event_id": "22",
          "opcode": "Info",
          "process": {
            "pid": 2828,
            "thread": {
              "id": 1684
            }
          },
          "provider_guid": "{5770385f-c22a-43e0-bf4c-06f5698ffbd9}",
          "provider_name": "Microsoft-Windows-Sysmon",
          "record_id": "98",
          "user": {
            "identifier": "S-1-5-18"
          },
          "version": 5
        }
      }
    },
    {
      "data_stream": "sysmon_operational",
      "package": "windows",
      "source": "test/test-events.json-expected.json",
      "sample_event": {
        "@timestamp": "2019-07-18T03:34:02.844Z",
        "dns": {
          "answers": [
            {
              "data": "uplynk.adaptv.advertising.com",
              "type": "CNAME"
            },
            {
              "data": "uplynk-geo.adap.tv",
              "type": "CNAME"
            },
            {
              "data": "uplynk-beacon-newvpc-1603485991.us-east-1.elb.amazonaws.com",
              "type": "CNAME"
            },
            {
              "data": "89.160.20.156",
              "type": "A"
            },
            {
              "data": "89.160.20.156",
              "type": "A"
            },
            {
              "data": "192.168.6.30",
              "type": "A"
            },
            {
              "data": "2a02:cf40:a83e::2:30",
              "type": "AAAA"
            },
            {
              "data": "192.168.14.30",
              "type": "A"
            }
          ],
          "question": {
            "name": "onevideosync.uplynk.com",
            "registered_domain": "uplynk.com",
            "subdomain": "onevideosync",
            "top_level_domain": "com"
          },
          "resolved_ip": [
            "89.160.20.156",
            "89.160.20.156",
            "192.168.6.30",
            "2a02:cf40:a83e::2:30",
            "192.168.14.30"
          ]
        },
        "ecs": {
          "version": "8.17.0"
        },
        "event": {
          "action": "DNSEvent (DNS query)",
          "category": [
            "network"
          ],
          "code": "22",
          "created": "2019-07-18T03:34:03.029Z",
          "kind": "event",
          "original": "<Event xmlns='http://schemas.microsoft.com/win/2004/08/events/event'><System><Provider Name='Microsoft-Windows-Sysmon' Guid='{5770385f-c22a-43e0-bf4c-06f5698ffbd9}'/><EventID>22</EventID><Version>5</Version><Level>4</Level><Task>22</Task><Opcode>0</Opcode><Keywords>0x8000000000000000</Keywords><TimeCreated SystemTime='2019-07-18T03:34:03.029408600Z'/><EventRecordID>99</EventRecordID><Correlation/><Execution ProcessID='2828' ThreadID='1684'/><Channel>Microsoft-Windows-Sysmon/Operational</Channel><Computer>vagrant-2016</Computer><Security UserID='S-1-5-18'/></System><EventData><Data Name='RuleName'></Data><Data Name='UtcTime'>2019-07-18 03:34:02.844</Data><Data Name='ProcessGuid'>{fa4a0de6-e8a9-5d2f-0000-001053699900}</Data><Data Name='ProcessId'>2736</Data><Data Name='QueryName'>onevideosync.uplynk.com</Data><Data Name='QueryStatus'>0</Data><Data Name='QueryResults'>type:  5 uplynk.adaptv.advertising.com;type:  5 uplynk-geo.adap.tv;type:  5 uplynk-beacon-newvpc-1603485991.us-east-1.elb.amazonaws.com;::ffff:89.160.20.156;::ffff:89.160.20.156;192.168.6.30;2a02:cf40:a83e::2:30;192.168.14.30;</Data><Data Name='Image'>C:\\Program Files (x86)\\Internet Explorer\\iexplore.exe</Data></EventData></Event>",
          "provider": "Microsoft-Windows-Sysmon",
          "type": [
            "connection",
            "protocol",
            "info"
          ]
        },
        "log": {
          "level": "information"
        },
        "network": {
          "protocol": "dns"
        },
        "process": {
          "entity_id": "{fa4a0de6-e8a9-5d2f-0000-001053699900}",
          "executable": "C:\\Program Files (x86)\\Internet Explorer\\iexplore.exe",
          "name": "iexplore.exe",
          "pid": 2736
        },
        "related": {
          "hosts": [
            "uplynk.adaptv.advertising.com",
            "uplynk-geo.adap.tv",
            "uplynk-beacon-newvpc-1603485991.us-east-1.elb.amazonaws.com",
            "onevideosync.uplynk.com"
          ],
          "ip": [
            "89.160.20.156",
            "192.168.6.30",
            "2a02:cf40:a83e::2:30",
            "192.168.14.30"
          ]
        },
        "sysmon": {
          "dns": {
            "status": "SUCCESS"
          }
        },
        "user": {
          "id": "S-1-5-18"
        },
        "winlog": {
          "channel": "Microsoft-Windows-Sysmon/Operational",
          "computer_name": "vagrant-2016",
          "event_id": "22",
          "opcode": "Info",
          "process": {
            "pid": 2828,
            "thread": {
              "id": 1684
            }
          },
          "provider_guid": "{5770385f-c22a-43e0-bf4c-06f5698ffbd9}",
          "provider_name": "Microsoft-Windows-Sysmon",
          "record_id": "99",
          "user": {
            "identifier": "S-1-5-18"
          },
          "version": 5
        }
      }
    },
    {
      "data_stream": "sysmon_operational",
      "package": "windows",
      "source": "test/test-events.json-expected.json",
      "sample_event": {
        "@timestamp": "2019-03-18T16:57:37.933Z",
        "ecs": {
          "version": "8.17.0"
        },
        "event": {
          "action": "ServiceConfigurationChange",
          "category": [
            "configuration"
          ],
          "code": "16",
          "created": "2019-03-18T16:57:37.933Z",
          "kind": "event",
          "original": "<Event xmlns='http://schemas.microsoft.com/win/2004/08/events/event'><System><Provider Name='Microsoft-Windows-Sysmon' Guid='{5770385f-c22a-43e0-bf4c-06f5698ffbd9}'/><EventID>16</EventID><Version>3</Version><Level>4</Level><Task>16</Task><Opcode>0</Opcode><Keywords>0x8000000000000000</Keywords><TimeCreated SystemTime='2019-03-18T16:57:37.933324000Z'/><EventRecordID>1</EventRecordID><Correlation/><Execution ProcessID='4616' ThreadID='4724'/><Channel>Microsoft-Windows-Sysmon/Operational</Channel><Computer>vagrant-2012-r2</Computer><Security UserID='S-1-5-21-3541430928-2051711210-1391384369-1001'/></System><EventData><Data Name='UtcTime'>2019-03-18 16:57:37.933</Data><Data Name='Configuration'>C:\\Users\\vagrant\\Downloads\\\"C:\\Users\\vagrant\\Downloads\\Sysmon.exe\"  -i -n</Data><Data Name='ConfigurationFileHash'></Data></EventData></Event>",
          "provider": "Microsoft-Windows-Sysmon",
          "type": [
            "change"
          ]
        },
        "log": {
          "level": "information"
        },
        "user": {
          "id": "S-1-5-21-3541430928-2051711210-1391384369-1001"
        },
        "winlog": {
          "channel": "Microsoft-Windows-Sysmon/Operational",
          "computer_name": "vagrant-2012-r2",
          "event_data": {
            "Configuration": "C:\\Users\\vagrant\\Downloads\\\"C:\\Users\\vagrant\\Downloads\\Sysmon.exe\"  -i -n"
          },
          "event_id": "16",
          "opcode": "Info",
          "process": {
            "pid": 4616,
            "thread": {
              "id": 4724
            }
          },
          "provider_guid": "{5770385f-c22a-43e0-bf4c-06f5698ffbd9}",
          "provider_name": "Microsoft-Windows-Sysmon",
          "record_id": "1",
          "user": {
            "identifier": "S-1-5-21-3541430928-2051711210-1391384369-1001"
          },
          "version": 3
        }
      }
    },
    {
      "data_stream": "sysmon_operational",
      "package": "windows",
      "source": "test/test-events.json-expected.json",
      "sample_event": {
        "@timestamp": "2019-07-18T03:34:02.956Z",
        "dns": {
          "answers": [
            {
              "data": "ad.turn.com.akadns.net",
              "type": "CNAME"
            },
            {
              "data": "89.160.20.156",
              "type": "A"
            }
          ],
          "question": {
            "name": "ad.turn.com",
            "registered_domain": "turn.com",
            "subdomain": "ad",
            "top_level_domain": "com"
          },
          "resolved_ip": [
            "89.160.20.156"
          ]
        },
        "ecs": {
          "version": "8.17.0"
        },
        "event": {
          "action": "DNSEvent (DNS query)",
          "category": [
            "network"
          ],
          "code": "22",
          "created": "2019-07-18T03:34:03.029Z",
          "kind": "event",
          "original": "<Event xmlns='http://schemas.microsoft.com/win/2004/08/events/event'><System><Provider Name='Microsoft-Windows-Sysmon' Guid='{5770385f-c22a-43e0-bf4c-06f5698ffbd9}'/><EventID>22</EventID><Version>5</Version><Level>4</Level><Task>22</Task><Opcode>0</Opcode><Keywords>0x8000000000000000</Keywords><TimeCreated SystemTime='2019-07-18T03:34:03.029416700Z'/><EventRecordID>100</EventRecordID><Correlation/><Execution ProcessID='2828' ThreadID='1684'/><Channel>Microsoft-Windows-Sysmon/Operational</Channel><Computer>vagrant-2016</Computer><Security UserID='S-1-5-18'/></System><EventData><Data Name='RuleName'></Data><Data Name='UtcTime'>2019-07-18 03:34:02.956</Data><Data Name='ProcessGuid'>{fa4a0de6-e8a9-5d2f-0000-001053699900}</Data><Data Name='ProcessId'>2736</Data><Data Name='QueryName'>ad.turn.com</Data><Data Name='QueryStatus'>0</Data><Data Name='QueryResults'>type:  5 ad.turn.com.akadns.net;::ffff:89.160.20.156;</Data><Data Name='Image'>C:\\Program Files (x86)\\Internet Explorer\\iexplore.exe</Data></EventData></Event>",
          "provider": "Microsoft-Windows-Sysmon",
          "type": [
            "connection",
            "protocol",
            "info"
          ]
        },
        "log": {
          "level": "information"
        },
        "network": {
          "protocol": "dns"
        },
        "process": {
          "entity_id": "{fa4a0de6-e8a9-5d2f-0000-001053699900}",
          "executable": "C:\\Program Files (x86)\\Internet Explorer\\iexplore.exe",
          "name": "iexplore.exe",
          "pid": 2736
        },
        "related": {
          "hosts": [
            "ad.turn.com.akadns.net",
            "ad.turn.com"
          ],
          "ip": [
            "89.160.20.156"
          ]
        },
        "sysmon": {
          "dns": {
            "status": "SUCCESS"
          }
        },
        "user": {
          "id": "S-1-5-18"
        },
        "winlog": {
          "channel": "Microsoft-Windows-Sysmon/Operational",
          "computer_name": "vagrant-2016",
          "event_id": "22",
          "opcode": "Info",
          "process": {
            "pid": 2828,
            "thread": {
              "id": 1684
            }
          },
          "provider_guid": "{5770385f-c22a-43e0-bf4c-06f5698ffbd9}",
          "provider_name": "Microsoft-Windows-Sysmon",
          "record_id": "100",
          "user": {
            "identifier": "S-1-5-18"
          },
          "version": 5
        }
      }
    },
    {
      "data_stream": "sysmon_operational",
      "package": "windows",
      "source": "test/test-events.json-expected.json",
      "sample_event": {
        "@timestamp": "2019-07-18T03:34:03.005Z",
        "dns": {
          "answers": [
            {
              "data": "prod.ups-yahoo.aolp-ds-prd.aws.oath.cloud",
              "type": "CNAME"
            },
            {
              "data": "89.160.20.156",
              "type": "A"
            },
            {
              "data": "89.160.20.156",
              "type": "A"
            },
            {
              "data": "89.160.20.156",
              "type": "A"
            },
            {
              "data": "89.160.20.156",
              "type": "A"
            },
            {
              "data": "89.160.20.156",
              "type": "A"
            },
            {
              "data": "89.160.20.156",
              "type": "A"
            },
            {
              "data": "89.160.20.156",
              "type": "A"
            },
            {
              "data": "89.160.20.156",
              "type": "A"
            }
          ],
          "question": {
            "name": "ups.analytics.yahoo.com",
            "registered_domain": "yahoo.com",
            "subdomain": "ups.analytics",
            "top_level_domain": "com"
          },
          "resolved_ip": [
            "89.160.20.156",
            "89.160.20.156",
            "89.160.20.156",
            "89.160.20.156",
            "89.160.20.156",
            "89.160.20.156",
            "89.160.20.156",
            "89.160.20.156"
          ]
        },
        "ecs": {
          "version": "8.17.0"
        },
        "event": {
          "action": "DNSEvent (DNS query)",
          "category": [
            "network"
          ],
          "code": "22",
          "created": "2019-07-18T03:34:03.611Z",
          "kind": "event",
          "original": "<Event xmlns='http://schemas.microsoft.com/win/2004/08/events/event'><System><Provider Name='Microsoft-Windows-Sysmon' Guid='{5770385f-c22a-43e0-bf4c-06f5698ffbd9}'/><EventID>22</EventID><Version>5</Version><Level>4</Level><Task>22</Task><Opcode>0</Opcode><Keywords>0x8000000000000000</Keywords><TimeCreated SystemTime='2019-07-18T03:34:03.611619700Z'/><EventRecordID>101</EventRecordID><Correlation/><Execution ProcessID='2828' ThreadID='1684'/><Channel>Microsoft-Windows-Sysmon/Operational</Channel><Computer>vagrant-2016</Computer><Security UserID='S-1-5-18'/></System><EventData><Data Name='RuleName'></Data><Data Name='UtcTime'>2019-07-18 03:34:03.005</Data><Data Name='ProcessGuid'>{fa4a0de6-e8a9-5d2f-0000-001053699900}</Data><Data Name='ProcessId'>2736</Data><Data Name='QueryName'>ups.analytics.yahoo.com</Data><Data Name='QueryStatus'>0</Data><Data Name='QueryResults'>type:  5 prod.ups-yahoo.aolp-ds-prd.aws.oath.cloud;::ffff:89.160.20.156;::ffff:89.160.20.156;::ffff:89.160.20.156;::ffff:89.160.20.156;::ffff:89.160.20.156;::ffff:89.160.20.156;::ffff:89.160.20.156;::ffff:89.160.20.156;</Data><Data Name='Image'>C:\\Program Files (x86)\\Internet Explorer\\iexplore.exe</Data></EventData></Event>",
          "provider": "Microsoft-Windows-Sysmon",
          "type": [
            "connection",
            "protocol",
            "info"
          ]
        },
        "log": {
          "level": "information"
        },
        "network": {
          "protocol": "dns"
        },
        "process": {
          "entity_id": "{fa4a0de6-e8a9-5d2f-0000-001053699900}",
          "executable": "C:\\Program Files (x86)\\Internet Explorer\\iexplore.exe",
          "name": "iexplore.exe",
          "pid": 2736
        },
        "related": {
          "hosts": [
            "prod.ups-yahoo.aolp-ds-prd.aws.oath.cloud",
            "ups.analytics.yahoo.com"
          ],
          "ip": [
            "89.160.20.156"
          ]
        },
        "sysmon": {
          "dns": {
            "status": "SUCCESS"
          }
        },
        "user": {
          "id": "S-1-5-18"
        },
        "winlog": {
          "channel": "Microsoft-Windows-Sysmon/Operational",
          "computer_name": "vagrant-2016",
          "event_id": "22",
          "opcode": "Info",
          "process": {
            "pid": 2828,
            "thread": {
              "id": 1684
            }
          },
          "provider_guid": "{5770385f-c22a-43e0-bf4c-06f5698ffbd9}",
          "provider_name": "Microsoft-Windows-Sysmon",
          "record_id": "101",
          "user": {
            "identifier": "S-1-5-18"
          },
          "version": 5
        }
      }
    },
    {
      "data_stream": "sysmon_operational",
      "package": "windows",
      "source": "test/test-events.json-expected.json",
      "sample_event": {
        "@timestamp": "2019-07-18T03:34:03.070Z",
        "dns": {
          "answers": [
            {
              "data": "dxedge-prod-lb-946522505.us-east-1.elb.amazonaws.com",
              "type": "CNAME"
            },
            {
              "data": "89.160.20.156",
              "type": "A"
            },
            {
              "data": "89.160.20.156",
              "type": "A"
            },
            {
              "data": "89.160.20.156",
              "type": "A"
            },
            {
              "data": "89.160.20.156",
              "type": "A"
            },
            {
              "data": "89.160.20.156",
              "type": "A"
            },
            {
              "data": "89.160.20.156",
              "type": "A"
            },
            {
              "data": "89.160.20.156",
              "type": "A"
            },
            {
              "data": "89.160.20.156",
              "type": "A"
            },
            {
              "data": "192.168.6.30",
              "type": "A"
            },
            {
              "data": "2a02:cf40:a83e::2:30",
              "type": "AAAA"
            },
            {
              "data": "192.168.14.30",
              "type": "A"
            }
          ],
          "question": {
            "name": "pm.w55c.net",
            "registered_domain": "w55c.net",
            "subdomain": "pm",
            "top_level_domain": "net"
          },
          "resolved_ip": [
            "89.160.20.156",
            "89.160.20.156",
            "89.160.20.156",
            "89.160.20.156",
            "89.160.20.156",
            "89.160.20.156",
            "89.160.20.156",
            "89.160.20.156",
            "192.168.6.30",
            "2a02:cf40:a83e::2:30",
            "192.168.14.30"
          ]
        },
        "ecs": {
          "version": "8.17.0"
        },
        "event": {
          "action": "DNSEvent (DNS query)",
          "category": [
            "network"
          ],
          "code": "22",
          "created": "2019-07-18T03:34:03.802Z",
          "kind": "event",
          "original": "<Event xmlns='http://schemas.microsoft.com/win/2004/08/events/event'><System><Provider Name='Microsoft-Windows-Sysmon' Guid='{5770385f-c22a-43e0-bf4c-06f5698ffbd9}'/><EventID>22</EventID><Version>5</Version><Level>4</Level><Task>22</Task><Opcode>0</Opcode><Keywords>0x8000000000000000</Keywords><TimeCreated SystemTime='2019-07-18T03:34:03.802369600Z'/><EventRecordID>102</EventRecordID><Correlation/><Execution ProcessID='2828' ThreadID='1684'/><Channel>Microsoft-Windows-Sysmon/Operational</Channel><Computer>vagrant-2016</Computer><Security UserID='S-1-5-18'/></System><EventData><Data Name='RuleName'></Data><Data Name='UtcTime'>2019-07-18 03:34:03.070</Data><Data Name='ProcessGuid'>{fa4a0de6-e8a9-5d2f-0000-001053699900}</Data><Data Name='ProcessId'>2736</Data><Data Name='QueryName'>pm.w55c.net</Data><Data Name='QueryStatus'>0</Data><Data Name='QueryResults'>type:  5 dxedge-prod-lb-946522505.us-east-1.elb.amazonaws.com;::ffff:89.160.20.156;::ffff:89.160.20.156;::ffff:89.160.20.156;::ffff:89.160.20.156;::ffff:89.160.20.156;::ffff:89.160.20.156;::ffff:89.160.20.156;::ffff:89.160.20.156;192.168.6.30;2a02:cf40:a83e::2:30;192.168.14.30;</Data><Data Name='Image'>C:\\Program Files (x86)\\Internet Explorer\\iexplore.exe</Data></EventData></Event>",
          "provider": "Microsoft-Windows-Sysmon",
          "type": [
            "connection",
            "protocol",
            "info"
          ]
        },
        "log": {
          "level": "information"
        },
        "network": {
          "protocol": "dns"
        },
        "process": {
          "entity_id": "{fa4a0de6-e8a9-5d2f-0000-001053699900}",
          "executable": "C:\\Program Files (x86)\\Internet Explorer\\iexplore.exe",
          "name": "iexplore.exe",
          "pid": 2736
        },
        "related": {
          "hosts": [
            "dxedge-prod-lb-946522505.us-east-1.elb.amazonaws.com",
            "pm.w55c.net"
          ],
          "ip": [
            "89.160.20.156",
            "192.168.6.30",
            "2a02:cf40:a83e::2:30",
            "192.168.14.30"
          ]
        },
        "sysmon": {
          "dns": {
            "status": "SUCCESS"
          }
        },
        "user": {
          "id": "S-1-5-18"
        },
        "winlog": {
          "channel": "Microsoft-Windows-Sysmon/Operational",
          "computer_name": "vagrant-2016",
          "event_id": "22",
          "opcode": "Info",
          "process": {
            "pid": 2828,
            "thread": {
              "id": 1684
            }
          },
          "provider_guid": "{5770385f-c22a-43e0-bf4c-06f5698ffbd9}",
          "provider_name": "Microsoft-Windows-Sysmon",
          "record_id": "102",
          "user": {
            "identifier": "S-1-5-18"
          },
          "version": 5
        }
      }
    },
    {
      "data_stream": "sysmon_operational",
      "package": "windows",
      "source": "test/test-events.json-expected.json",
      "sample_event": {
        "@timestamp": "2019-07-18T03:34:03.093Z",
        "dns": {
          "answers": [
            {
              "data": "89.160.20.156",
              "type": "A"
            },
            {
              "data": "192.168.6.30",
              "type": "A"
            },
            {
              "data": "2a02:cf40:a83e::2:30",
              "type": "AAAA"
            },
            {
              "data": "192.168.14.30",
              "type": "A"
            },
            {
              "data": "2a02:cf40:231d::2:30",
              "type": "AAAA"
            },
            {
              "data": "192.168.92.30",
              "type": "A"
            },
            {
              "data": "2a02:cf40:83eb::30",
              "type": "AAAA"
            },
            {
              "data": "192.168.80.30",
              "type": "A"
            },
            {
              "data": "2a02:cf40:856e::30",
              "type": "AAAA"
            },
            {
              "data": "192.168.94.30",
              "type": "A"
            },
            {
              "data": "2a02:cf40:1ca1::30",
              "type": "AAAA"
            },
            {
              "data": "192.168.51.30",
              "type": "A"
            }
          ],
          "question": {
            "name": "cm.eyereturn.com",
            "registered_domain": "eyereturn.com",
            "subdomain": "cm",
            "top_level_domain": "com"
          },
          "resolved_ip": [
            "89.160.20.156",
            "192.168.6.30",
            "2a02:cf40:a83e::2:30",
            "192.168.14.30",
            "2a02:cf40:231d::2:30",
            "192.168.92.30",
            "2a02:cf40:83eb::30",
            "192.168.80.30",
            "2a02:cf40:856e::30",
            "192.168.94.30",
            "2a02:cf40:1ca1::30",
            "192.168.51.30"
          ]
        },
        "ecs": {
          "version": "8.17.0"
        },
        "event": {
          "action": "DNSEvent (DNS query)",
          "category": [
            "network"
          ],
          "code": "22",
          "created": "2019-07-18T03:34:03.802Z",
          "kind": "event",
          "original": "<Event xmlns='http://schemas.microsoft.com/win/2004/08/events/event'><System><Provider Name='Microsoft-Windows-Sysmon' Guid='{5770385f-c22a-43e0-bf4c-06f5698ffbd9}'/><EventID>22</EventID><Version>5</Version><Level>4</Level><Task>22</Task><Opcode>0</Opcode><Keywords>0x8000000000000000</Keywords><TimeCreated SystemTime='2019-07-18T03:34:03.802391800Z'/><EventRecordID>103</EventRecordID><Correlation/><Execution ProcessID='2828' ThreadID='1684'/><Channel>Microsoft-Windows-Sysmon/Operational</Channel><Computer>vagrant-2016</Computer><Security UserID='S-1-5-18'/></System><EventData><Data Name='RuleName'></Data><Data Name='UtcTime'>2019-07-18 03:34:03.093</Data><Data Name='ProcessGuid'>{fa4a0de6-e8a9-5d2f-0000-001053699900}</Data><Data Name='ProcessId'>2736</Data><Data Name='QueryName'>cm.eyereturn.com</Data><Data Name='QueryStatus'>0</Data><Data Name='QueryResults'>::ffff:89.160.20.156;192.168.6.30;2a02:cf40:a83e::2:30;192.168.14.30;2a02:cf40:231d::2:30;192.168.92.30;2a02:cf40:83eb::30;192.168.80.30;2a02:cf40:856e::30;192.168.94.30;2a02:cf40:1ca1::30;192.168.51.30;</Data><Data Name='Image'>C:\\Program Files (x86)\\Internet Explorer\\iexplore.exe</Data></EventData></Event>",
          "provider": "Microsoft-Windows-Sysmon",
          "type": [
            "connection",
            "protocol",
            "info"
          ]
        },
        "log": {
          "level": "information"
        },
        "network": {
          "protocol": "dns"
        },
        "process": {
          "entity_id": "{fa4a0de6-e8a9-5d2f-0000-001053699900}",
          "executable": "C:\\Program Files (x86)\\Internet Explorer\\iexplore.exe",
          "name": "iexplore.exe",
          "pid": 2736
        },
        "related": {
          "hosts": [
            "cm.eyereturn.com"
          ],
          "ip": [
            "89.160.20.156",
            "192.168.6.30",
            "2a02:cf40:a83e::2:30",
            "192.168.14.30",
            "2a02:cf40:231d::2:30",
            "192.168.92.30",
            "2a02:cf40:83eb::30",
            "192.168.80.30",
            "2a02:cf40:856e::30",
            "192.168.94.30",
            "2a02:cf40:1ca1::30",
            "192.168.51.30"
          ]
        },
        "sysmon": {
          "dns": {
            "status": "SUCCESS"
          }
        },
        "user": {
          "id": "S-1-5-18"
        },
        "winlog": {
          "channel": "Microsoft-Windows-Sysmon/Operational",
          "computer_name": "vagrant-2016",
          "event_id": "22",
          "opcode": "Info",
          "process": {
            "pid": 2828,
            "thread": {
              "id": 1684
            }
          },
          "provider_guid": "{5770385f-c22a-43e0-bf4c-06f5698ffbd9}",
          "provider_name": "Microsoft-Windows-Sysmon",
          "record_id": "103",
          "user": {
            "identifier": "S-1-5-18"
          },
          "version": 5
        }
      }
    },
    {
      "data_stream": "sysmon_operational",
      "package": "windows",
      "source": "test/test-events.json-expected.json",
      "sample_event": {
        "@timestamp": "2019-07-18T03:34:03.099Z",
        "dns": {
          "answers": [
            {
              "data": "pagead46.l.doubleclick.net",
              "type": "CNAME"
            },
            {
              "data": "89.160.20.156",
              "type": "A"
            }
          ],
          "question": {
            "name": "www.googletagservices.com",
            "registered_domain": "googletagservices.com",
            "subdomain": "www",
            "top_level_domain": "com"
          },
          "resolved_ip": [
            "89.160.20.156"
          ]
        },
        "ecs": {
          "version": "8.17.0"
        },
        "event": {
          "action": "DNSEvent (DNS query)",
          "category": [
            "network"
          ],
          "code": "22",
          "created": "2019-07-18T03:34:03.802Z",
          "kind": "event",
          "original": "<Event xmlns='http://schemas.microsoft.com/win/2004/08/events/event'><System><Provider Name='Microsoft-Windows-Sysmon' Guid='{5770385f-c22a-43e0-bf4c-06f5698ffbd9}'/><EventID>22</EventID><Version>5</Version><Level>4</Level><Task>22</Task><Opcode>0</Opcode><Keywords>0x8000000000000000</Keywords><TimeCreated SystemTime='2019-07-18T03:34:03.802402000Z'/><EventRecordID>104</EventRecordID><Correlation/><Execution ProcessID='2828' ThreadID='1684'/><Channel>Microsoft-Windows-Sysmon/Operational</Channel><Computer>vagrant-2016</Computer><Security UserID='S-1-5-18'/></System><EventData><Data Name='RuleName'></Data><Data Name='UtcTime'>2019-07-18 03:34:03.099</Data><Data Name='ProcessGuid'>{fa4a0de6-e8a9-5d2f-0000-001053699900}</Data><Data Name='ProcessId'>2736</Data><Data Name='QueryName'>www.googletagservices.com</Data><Data Name='QueryStatus'>0</Data><Data Name='QueryResults'>type:  5 pagead46.l.doubleclick.net;::ffff:89.160.20.156;</Data><Data Name='Image'>C:\\Program Files (x86)\\Internet Explorer\\iexplore.exe</Data></EventData></Event>",
          "provider": "Microsoft-Windows-Sysmon",
          "type": [
            "connection",
            "protocol",
            "info"
          ]
        },
        "log": {
          "level": "information"
        },
        "network": {
          "protocol": "dns"
        },
        "process": {
          "entity_id": "{fa4a0de6-e8a9-5d2f-0000-001053699900}",
          "executable": "C:\\Program Files (x86)\\Internet Explorer\\iexplore.exe",
          "name": "iexplore.exe",
          "pid": 2736
        },
        "related": {
          "hosts": [
            "pagead46.l.doubleclick.net",
            "www.googletagservices.com"
          ],
          "ip": [
            "89.160.20.156"
          ]
        },
        "sysmon": {
          "dns": {
            "status": "SUCCESS"
          }
        },
        "user": {
          "id": "S-1-5-18"
        },
        "winlog": {
          "channel": "Microsoft-Windows-Sysmon/Operational",
          "computer_name": "vagrant-2016",
          "event_id": "22",
          "opcode": "Info",
          "process": {
            "pid": 2828,
            "thread": {
              "id": 1684
            }
          },
          "provider_guid": "{5770385f-c22a-43e0-bf4c-06f5698ffbd9}",
          "provider_name": "Microsoft-Windows-Sysmon",
          "record_id": "104",
          "user": {
            "identifier": "S-1-5-18"
          },
          "version": 5
        }
      }
    },
    {
      "data_stream": "sysmon_operational",
      "package": "windows",
      "source": "test/test-events.json-expected.json",
      "sample_event": {
        "@timestamp": "2019-07-18T03:34:03.107Z",
        "dns": {
          "answers": [
            {
              "data": "rtb.adgrx.com",
              "type": "CNAME"
            },
            {
              "data": "89.160.20.156",
              "type": "A"
            },
            {
              "data": "192.168.6.30",
              "type": "A"
            },
            {
              "data": "2a02:cf40:a83e::2:30",
              "type": "AAAA"
            },
            {
              "data": "192.168.14.30",
              "type": "A"
            },
            {
              "data": "2a02:cf40:231d::2:30",
              "type": "AAAA"
            },
            {
              "data": "192.168.92.30",
              "type": "A"
            },
            {
              "data": "2a02:cf40:83eb::30",
              "type": "AAAA"
            },
            {
              "data": "192.168.80.30",
              "type": "A"
            },
            {
              "data": "2a02:cf40:856e::30",
              "type": "AAAA"
            },
            {
              "data": "192.168.94.30",
              "type": "A"
            },
            {
              "data": "2a02:cf40:1ca1::30",
              "type": "AAAA"
            }
          ],
          "question": {
            "name": "cm.adgrx.com",
            "registered_domain": "adgrx.com",
            "subdomain": "cm",
            "top_level_domain": "com"
          },
          "resolved_ip": [
            "89.160.20.156",
            "192.168.6.30",
            "2a02:cf40:a83e::2:30",
            "192.168.14.30",
            "2a02:cf40:231d::2:30",
            "192.168.92.30",
            "2a02:cf40:83eb::30",
            "192.168.80.30",
            "2a02:cf40:856e::30",
            "192.168.94.30",
            "2a02:cf40:1ca1::30"
          ]
        },
        "ecs": {
          "version": "8.17.0"
        },
        "event": {
          "action": "DNSEvent (DNS query)",
          "category": [
            "network"
          ],
          "code": "22",
          "created": "2019-07-18T03:34:03.802Z",
          "kind": "event",
          "original": "<Event xmlns='http://schemas.microsoft.com/win/2004/08/events/event'><System><Provider Name='Microsoft-Windows-Sysmon' Guid='{5770385f-c22a-43e0-bf4c-06f5698ffbd9}'/><EventID>22</EventID><Version>5</Version><Level>4</Level><Task>22</Task><Opcode>0</Opcode><Keywords>0x8000000000000000</Keywords><TimeCreated SystemTime='2019-07-18T03:34:03.802413000Z'/><EventRecordID>105</EventRecordID><Correlation/><Execution ProcessID='2828' ThreadID='1684'/><Channel>Microsoft-Windows-Sysmon/Operational</Channel><Computer>vagrant-2016</Computer><Security UserID='S-1-5-18'/></System><EventData><Data Name='RuleName'></Data><Data Name='UtcTime'>2019-07-18 03:34:03.107</Data><Data Name='ProcessGuid'>{fa4a0de6-e8a9-5d2f-0000-001053699900}</Data><Data Name='ProcessId'>2736</Data><Data Name='QueryName'>cm.adgrx.com</Data><Data Name='QueryStatus'>0</Data><Data Name='QueryResults'>type:  5 rtb.adgrx.com;::ffff:89.160.20.156;192.168.6.30;2a02:cf40:a83e::2:30;192.168.14.30;2a02:cf40:231d::2:30;192.168.92.30;2a02:cf40:83eb::30;192.168.80.30;2a02:cf40:856e::30;192.168.94.30;2a02:cf40:1ca1::30;</Data><Data Name='Image'>C:\\Program Files (x86)\\Internet Explorer\\iexplore.exe</Data></EventData></Event>",
          "provider": "Microsoft-Windows-Sysmon",
          "type": [
            "connection",
            "protocol",
            "info"
          ]
        },
        "log": {
          "level": "information"
        },
        "network": {
          "protocol": "dns"
        },
        "process": {
          "entity_id": "{fa4a0de6-e8a9-5d2f-0000-001053699900}",
          "executable": "C:\\Program Files (x86)\\Internet Explorer\\iexplore.exe",
          "name": "iexplore.exe",
          "pid": 2736
        },
        "related": {
          "hosts": [
            "rtb.adgrx.com",
            "cm.adgrx.com"
          ],
          "ip": [
            "89.160.20.156",
            "192.168.6.30",
            "2a02:cf40:a83e::2:30",
            "192.168.14.30",
            "2a02:cf40:231d::2:30",
            "192.168.92.30",
            "2a02:cf40:83eb::30",
            "192.168.80.30",
            "2a02:cf40:856e::30",
            "192.168.94.30",
            "2a02:cf40:1ca1::30"
          ]
        },
        "sysmon": {
          "dns": {
            "status": "SUCCESS"
          }
        },
        "user": {
          "id": "S-1-5-18"
        },
        "winlog": {
          "channel": "Microsoft-Windows-Sysmon/Operational",
          "computer_name": "vagrant-2016",
          "event_id": "22",
          "opcode": "Info",
          "process": {
            "pid": 2828,
            "thread": {
              "id": 1684
            }
          },
          "provider_guid": "{5770385f-c22a-43e0-bf4c-06f5698ffbd9}",
          "provider_name": "Microsoft-Windows-Sysmon",
          "record_id": "105",
          "user": {
            "identifier": "S-1-5-18"
          },
          "version": 5
        }
      }
    },
