    {
      "data_stream": "sysmon_operational",
      "package": "windows",
      "source": "test/test-events.json-expected.json",
      "sample_event": {
        "@timestamp": "2019-07-18T03:34:04.601Z",
        "dns": {
          "answers": [
            {
              "data": "89.160.20.156",
              "type": "A"
            },
            {
              "data": "192.168.6.30",
              "type": "A"
            },
            {
              "data": "2a02:cf40:a83e::2:30",
              "type": "AAAA"
            },
            {
              "data": "192.168.14.30",
              "type": "A"
            },
            {
              "data": "2a02:cf40:231d::2:30",
              "type": "AAAA"
            },
            {
              "data": "192.168.92.30",
              "type": "A"
            },
            {
              "data": "2a02:cf40:83eb::30",
              "type": "AAAA"
            },
            {
              "data": "192.168.80.30",
              "type": "A"
            },
            {
              "data": "2a02:cf40:856e::30",
              "type": "AAAA"
            },
            {
              "data": "192.168.94.30",
              "type": "A"
            },
            {
              "data": "2a02:cf40:1ca1::30",
              "type": "AAAA"
            }
          ],
          "question": {
            "name": "tags.rd.linksynergy.com",
            "registered_domain": "linksynergy.com",
            "subdomain": "tags.rd",
            "top_level_domain": "com"
          },
          "resolved_ip": [
            "89.160.20.156",
            "192.168.6.30",
            "2a02:cf40:a83e::2:30",
            "192.168.14.30",
            "2a02:cf40:231d::2:30",
            "192.168.92.30",
            "2a02:cf40:83eb::30",
            "192.168.80.30",
            "2a02:cf40:856e::30",
            "192.168.94.30",
            "2a02:cf40:1ca1::30"
          ]
        },
        "ecs": {
          "version": "8.17.0"
        },
        "event": {
          "action": "DNSEvent (DNS query)",
          "category": [
            "network"
          ],
          "code": "22",
          "created": "2019-07-18T03:34:04.836Z",
          "kind": "event",
          "original": "<Event xmlns='http://schemas.microsoft.com/win/2004/08/events/event'><System><Provider Name='Microsoft-Windows-Sysmon' Guid='{5770385f-c22a-43e0-bf4c-06f5698ffbd9}'/><EventID>22</EventID><Version>5</Version><Level>4</Level><Task>22</Task><Opcode>0</Opcode><Keywords>0x8000000000000000</Keywords><TimeCreated SystemTime='2019-07-18T03:34:04.836591400Z'/><EventRecordID>159</EventRecordID><Correlation/><Execution ProcessID='2828' ThreadID='1684'/><Channel>Microsoft-Windows-Sysmon/Operational</Channel><Computer>vagrant-2016</Computer><Security UserID='S-1-5-18'/></System><EventData><Data Name='RuleName'></Data><Data Name='UtcTime'>2019-07-18 03:34:04.601</Data><Data Name='ProcessGuid'>{fa4a0de6-e8a9-5d2f-0000-001053699900}</Data><Data Name='ProcessId'>2736</Data><Data Name='QueryName'>tags.rd.linksynergy.com</Data><Data Name='QueryStatus'>0</Data><Data Name='QueryResults'>::ffff:89.160.20.156;192.168.6.30;2a02:cf40:a83e::2:30;192.168.14.30;2a02:cf40:231d::2:30;192.168.92.30;2a02:cf40:83eb::30;192.168.80.30;2a02:cf40:856e::30;192.168.94.30;2a02:cf40:1ca1::30;</Data><Data Name='Image'>C:\\Program Files (x86)\\Internet Explorer\\iexplore.exe</Data></EventData></Event>",
          "provider": "Microsoft-Windows-Sysmon",
          "type": [
            "connection",
            "protocol",
            "info"
          ]
        },
        "log": {
          "level": "information"
        },
        "network": {
          "protocol": "dns"
        },
        "process": {
          "entity_id": "{fa4a0de6-e8a9-5d2f-0000-001053699900}",
          "executable": "C:\\Program Files (x86)\\Internet Explorer\\iexplore.exe",
          "name": "iexplore.exe",
          "pid": 2736
        },
        "related": {
          "hosts": [
            "tags.rd.linksynergy.com"
          ],
          "ip": [
            "89.160.20.156",
            "192.168.6.30",
            "2a02:cf40:a83e::2:30",
            "192.168.14.30",
            "2a02:cf40:231d::2:30",
            "192.168.92.30",
            "2a02:cf40:83eb::30",
            "192.168.80.30",
            "2a02:cf40:856e::30",
            "192.168.94.30",
            "2a02:cf40:1ca1::30"
          ]
        },
        "sysmon": {
          "dns": {
            "status": "SUCCESS"
          }
        },
        "user": {
          "id": "S-1-5-18"
        },
        "winlog": {
          "channel": "Microsoft-Windows-Sysmon/Operational",
          "computer_name": "vagrant-2016",
          "event_id": "22",
          "opcode": "Info",
          "process": {
            "pid": 2828,
            "thread": {
              "id": 1684
            }
          },
          "provider_guid": "{5770385f-c22a-43e0-bf4c-06f5698ffbd9}",
          "provider_name": "Microsoft-Windows-Sysmon",
          "record_id": "159",
          "user": {
            "identifier": "S-1-5-18"
          },
          "version": 5
        }
      }
    },
    {
      "data_stream": "sysmon_operational",
      "package": "windows",
      "source": "test/test-events.json-expected.json",
      "sample_event": {
        "@timestamp": "2019-07-18T03:34:04.604Z",
        "dns": {
          "answers": [
            {
              "data": "2-01-275d-002d.cdx.cedexis.net",
              "type": "CNAME"
            },
            {
              "data": "rtb-csync-tmk.smartadserver.com",
              "type": "CNAME"
            },
            {
              "data": "89.160.20.156",
              "type": "A"
            },
            {
              "data": "192.168.6.30",
              "type": "A"
            },
            {
              "data": "2a02:cf40:a83e::2:30",
              "type": "AAAA"
            },
            {
              "data": "192.168.14.30",
              "type": "A"
            },
            {
              "data": "2a02:cf40:231d::2:30",
              "type": "AAAA"
            },
            {
              "data": "192.168.92.30",
              "type": "A"
            },
            {
              "data": "2a02:cf40:83eb::30",
              "type": "AAAA"
            },
            {
              "data": "192.168.80.30",
              "type": "A"
            }
          ],
          "question": {
            "name": "rtb-csync.smartadserver.com",
            "registered_domain": "smartadserver.com",
            "subdomain": "rtb-csync",
            "top_level_domain": "com"
          },
          "resolved_ip": [
            "89.160.20.156",
            "192.168.6.30",
            "2a02:cf40:a83e::2:30",
            "192.168.14.30",
            "2a02:cf40:231d::2:30",
            "192.168.92.30",
            "2a02:cf40:83eb::30",
            "192.168.80.30"
          ]
        },
        "ecs": {
          "version": "8.17.0"
        },
        "event": {
          "action": "DNSEvent (DNS query)",
          "category": [
            "network"
          ],
          "code": "22",
          "created": "2019-07-18T03:34:04.836Z",
          "kind": "event",
          "original": "<Event xmlns='http://schemas.microsoft.com/win/2004/08/events/event'><System><Provider Name='Microsoft-Windows-Sysmon' Guid='{5770385f-c22a-43e0-bf4c-06f5698ffbd9}'/><EventID>22</EventID><Version>5</Version><Level>4</Level><Task>22</Task><Opcode>0</Opcode><Keywords>0x8000000000000000</Keywords><TimeCreated SystemTime='2019-07-18T03:34:04.836608300Z'/><EventRecordID>160</EventRecordID><Correlation/><Execution ProcessID='2828' ThreadID='1684'/><Channel>Microsoft-Windows-Sysmon/Operational</Channel><Computer>vagrant-2016</Computer><Security UserID='S-1-5-18'/></System><EventData><Data Name='RuleName'></Data><Data Name='UtcTime'>2019-07-18 03:34:04.604</Data><Data Name='ProcessGuid'>{fa4a0de6-e8a9-5d2f-0000-001053699900}</Data><Data Name='ProcessId'>2736</Data><Data Name='QueryName'>rtb-csync.smartadserver.com</Data><Data Name='QueryStatus'>0</Data><Data Name='QueryResults'>type:  5 2-01-275d-002d.cdx.cedexis.net;type:  5 rtb-csync-tmk.smartadserver.com;::ffff:89.160.20.156;192.168.6.30;2a02:cf40:a83e::2:30;192.168.14.30;2a02:cf40:231d::2:30;192.168.92.30;2a02:cf40:83eb::30;192.168.80.30;</Data><Data Name='Image'>C:\\Program Files (x86)\\Internet Explorer\\iexplore.exe</Data></EventData></Event>",
          "provider": "Microsoft-Windows-Sysmon",
          "type": [
            "connection",
            "protocol",
            "info"
          ]
        },
        "log": {
          "level": "information"
        },
        "network": {
          "protocol": "dns"
        },
        "process": {
          "entity_id": "{fa4a0de6-e8a9-5d2f-0000-001053699900}",
          "executable": "C:\\Program Files (x86)\\Internet Explorer\\iexplore.exe",
          "name": "iexplore.exe",
          "pid": 2736
        },
        "related": {
          "hosts": [
            "2-01-275d-002d.cdx.cedexis.net",
            "rtb-csync-tmk.smartadserver.com",
            "rtb-csync.smartadserver.com"
          ],
          "ip": [
            "89.160.20.156",
            "192.168.6.30",
            "2a02:cf40:a83e::2:30",
            "192.168.14.30",
            "2a02:cf40:231d::2:30",
            "192.168.92.30",
            "2a02:cf40:83eb::30",
            "192.168.80.30"
          ]
        },
        "sysmon": {
          "dns": {
            "status": "SUCCESS"
          }
        },
        "user": {
          "id": "S-1-5-18"
        },
        "winlog": {
          "channel": "Microsoft-Windows-Sysmon/Operational",
          "computer_name": "vagrant-2016",
          "event_id": "22",
          "opcode": "Info",
          "process": {
            "pid": 2828,
            "thread": {
              "id": 1684
            }
          },
          "provider_guid": "{5770385f-c22a-43e0-bf4c-06f5698ffbd9}",
          "provider_name": "Microsoft-Windows-Sysmon",
          "record_id": "160",
          "user": {
            "identifier": "S-1-5-18"
          },
          "version": 5
        }
      }
    },
    {
      "data_stream": "sysmon_operational",
      "package": "windows",
      "source": "test/test-events.json-expected.json",
      "sample_event": {
        "@timestamp": "2019-07-18T03:34:04.621Z",
        "dns": {
          "answers": [
            {
              "data": "anycast.sc.iasds01.com",
              "type": "CNAME"
            },
            {
              "data": "89.160.20.156",
              "type": "A"
            },
            {
              "data": "192.168.6.30",
              "type": "A"
            },
            {
              "data": "2a02:cf40:a83e::2:30",
              "type": "AAAA"
            },
            {
              "data": "192.168.14.30",
              "type": "A"
            },
            {
              "data": "2a02:cf40:231d::2:30",
              "type": "AAAA"
            },
            {
              "data": "192.168.92.30",
              "type": "A"
            },
            {
              "data": "2a02:cf40:83eb::30",
              "type": "AAAA"
            },
            {
              "data": "192.168.80.30",
              "type": "A"
            },
            {
              "data": "2a02:cf40:856e::30",
              "type": "AAAA"
            },
            {
              "data": "192.168.94.30",
              "type": "A"
            }
          ],
          "question": {
            "name": "sc.iasds01.com",
            "registered_domain": "iasds01.com",
            "subdomain": "sc",
            "top_level_domain": "com"
          },
          "resolved_ip": [
            "89.160.20.156",
            "192.168.6.30",
            "2a02:cf40:a83e::2:30",
            "192.168.14.30",
            "2a02:cf40:231d::2:30",
            "192.168.92.30",
            "2a02:cf40:83eb::30",
            "192.168.80.30",
            "2a02:cf40:856e::30",
            "192.168.94.30"
          ]
        },
        "ecs": {
          "version": "8.17.0"
        },
        "event": {
          "action": "DNSEvent (DNS query)",
          "category": [
            "network"
          ],
          "code": "22",
          "created": "2019-07-18T03:34:04.836Z",
          "kind": "event",
          "original": "<Event xmlns='http://schemas.microsoft.com/win/2004/08/events/event'><System><Provider Name='Microsoft-Windows-Sysmon' Guid='{5770385f-c22a-43e0-bf4c-06f5698ffbd9}'/><EventID>22</EventID><Version>5</Version><Level>4</Level><Task>22</Task><Opcode>0</Opcode><Keywords>0x8000000000000000</Keywords><TimeCreated SystemTime='2019-07-18T03:34:04.836626600Z'/><EventRecordID>161</EventRecordID><Correlation/><Execution ProcessID='2828' ThreadID='1684'/><Channel>Microsoft-Windows-Sysmon/Operational</Channel><Computer>vagrant-2016</Computer><Security UserID='S-1-5-18'/></System><EventData><Data Name='RuleName'></Data><Data Name='UtcTime'>2019-07-18 03:34:04.621</Data><Data Name='ProcessGuid'>{fa4a0de6-e8a9-5d2f-0000-001053699900}</Data><Data Name='ProcessId'>2736</Data><Data Name='QueryName'>sc.iasds01.com</Data><Data Name='QueryStatus'>0</Data><Data Name='QueryResults'>type:  5 anycast.sc.iasds01.com;::ffff:89.160.20.156;192.168.6.30;2a02:cf40:a83e::2:30;192.168.14.30;2a02:cf40:231d::2:30;192.168.92.30;2a02:cf40:83eb::30;192.168.80.30;2a02:cf40:856e::30;192.168.94.30;</Data><Data Name='Image'>C:\\Program Files (x86)\\Internet Explorer\\iexplore.exe</Data></EventData></Event>",
          "provider": "Microsoft-Windows-Sysmon",
          "type": [
            "connection",
            "protocol",
            "info"
          ]
        },
        "log": {
          "level": "information"
        },
        "network": {
          "protocol": "dns"
        },
        "process": {
          "entity_id": "{fa4a0de6-e8a9-5d2f-0000-001053699900}",
          "executable": "C:\\Program Files (x86)\\Internet Explorer\\iexplore.exe",
          "name": "iexplore.exe",
          "pid": 2736
        },
        "related": {
          "hosts": [
            "anycast.sc.iasds01.com",
            "sc.iasds01.com"
          ],
          "ip": [
            "89.160.20.156",
            "192.168.6.30",
            "2a02:cf40:a83e::2:30",
            "192.168.14.30",
            "2a02:cf40:231d::2:30",
            "192.168.92.30",
            "2a02:cf40:83eb::30",
            "192.168.80.30",
            "2a02:cf40:856e::30",
            "192.168.94.30"
          ]
        },
        "sysmon": {
          "dns": {
            "status": "SUCCESS"
          }
        },
        "user": {
          "id": "S-1-5-18"
        },
        "winlog": {
          "channel": "Microsoft-Windows-Sysmon/Operational",
          "computer_name": "vagrant-2016",
          "event_id": "22",
          "opcode": "Info",
          "process": {
            "pid": 2828,
            "thread": {
              "id": 1684
            }
          },
          "provider_guid": "{5770385f-c22a-43e0-bf4c-06f5698ffbd9}",
          "provider_name": "Microsoft-Windows-Sysmon",
          "record_id": "161",
          "user": {
            "identifier": "S-1-5-18"
          },
          "version": 5
        }
      }
    },
    {
      "data_stream": "sysmon_operational",
      "package": "windows",
      "source": "test/test-events.json-expected.json",
      "sample_event": {
        "@timestamp": "2019-07-18T03:34:04.822Z",
        "dns": {
          "answers": [
            {
              "data": "sjedt.adsafeprotected.com",
              "type": "CNAME"
            },
            {
              "data": "89.160.20.156",
              "type": "A"
            },
            {
              "data": "192.168.6.30",
              "type": "A"
            },
            {
              "data": "2a02:cf40:a83e::2:30",
              "type": "AAAA"
            },
            {
              "data": "192.168.14.30",
              "type": "A"
            },
            {
              "data": "2a02:cf40:231d::2:30",
              "type": "AAAA"
            },
            {
              "data": "192.168.92.30",
              "type": "A"
            },
            {
              "data": "2a02:cf40:83eb::30",
              "type": "AAAA"
            },
            {
              "data": "192.168.80.30",
              "type": "A"
            },
            {
              "data": "2a02:cf40:856e::30",
              "type": "AAAA"
            },
            {
              "data": "192.168.94.30",
              "type": "A"
            }
          ],
          "question": {
            "name": "dt.adsafeprotected.com",
            "registered_domain": "adsafeprotected.com",
            "subdomain": "dt",
            "top_level_domain": "com"
          },
          "resolved_ip": [
            "89.160.20.156",
            "192.168.6.30",
            "2a02:cf40:a83e::2:30",
            "192.168.14.30",
            "2a02:cf40:231d::2:30",
            "192.168.92.30",
            "2a02:cf40:83eb::30",
            "192.168.80.30",
            "2a02:cf40:856e::30",
            "192.168.94.30"
          ]
        },
        "ecs": {
          "version": "8.17.0"
        },
        "event": {
          "action": "DNSEvent (DNS query)",
          "category": [
            "network"
          ],
          "code": "22",
          "created": "2019-07-18T03:34:05.034Z",
          "kind": "event",
          "original": "<Event xmlns='http://schemas.microsoft.com/win/2004/08/events/event'><System><Provider Name='Microsoft-Windows-Sysmon' Guid='{5770385f-c22a-43e0-bf4c-06f5698ffbd9}'/><EventID>22</EventID><Version>5</Version><Level>4</Level><Task>22</Task><Opcode>0</Opcode><Keywords>0x8000000000000000</Keywords><TimeCreated SystemTime='2019-07-18T03:34:05.034646400Z'/><EventRecordID>162</EventRecordID><Correlation/><Execution ProcessID='2828' ThreadID='1684'/><Channel>Microsoft-Windows-Sysmon/Operational</Channel><Computer>vagrant-2016</Computer><Security UserID='S-1-5-18'/></System><EventData><Data Name='RuleName'></Data><Data Name='UtcTime'>2019-07-18 03:34:04.822</Data><Data Name='ProcessGuid'>{fa4a0de6-e8a9-5d2f-0000-001053699900}</Data><Data Name='ProcessId'>2736</Data><Data Name='QueryName'>dt.adsafeprotected.com</Data><Data Name='QueryStatus'>0</Data><Data Name='QueryResults'>type:  5 sjedt.adsafeprotected.com;::ffff:89.160.20.156;192.168.6.30;2a02:cf40:a83e::2:30;192.168.14.30;2a02:cf40:231d::2:30;192.168.92.30;2a02:cf40:83eb::30;192.168.80.30;2a02:cf40:856e::30;192.168.94.30;</Data><Data Name='Image'>C:\\Program Files (x86)\\Internet Explorer\\iexplore.exe</Data></EventData></Event>",
          "provider": "Microsoft-Windows-Sysmon",
          "type": [
            "connection",
            "protocol",
            "info"
          ]
        },
        "log": {
          "level": "information"
        },
        "network": {
          "protocol": "dns"
        },
        "process": {
          "entity_id": "{fa4a0de6-e8a9-5d2f-0000-001053699900}",
          "executable": "C:\\Program Files (x86)\\Internet Explorer\\iexplore.exe",
          "name": "iexplore.exe",
          "pid": 2736
        },
        "related": {
          "hosts": [
            "sjedt.adsafeprotected.com",
            "dt.adsafeprotected.com"
          ],
          "ip": [
            "89.160.20.156",
            "192.168.6.30",
            "2a02:cf40:a83e::2:30",
            "192.168.14.30",
            "2a02:cf40:231d::2:30",
            "192.168.92.30",
            "2a02:cf40:83eb::30",
            "192.168.80.30",
            "2a02:cf40:856e::30",
            "192.168.94.30"
          ]
        },
        "sysmon": {
          "dns": {
            "status": "SUCCESS"
          }
        },
        "user": {
          "id": "S-1-5-18"
        },
        "winlog": {
          "channel": "Microsoft-Windows-Sysmon/Operational",
          "computer_name": "vagrant-2016",
          "event_id": "22",
          "opcode": "Info",
          "process": {
            "pid": 2828,
            "thread": {
              "id": 1684
            }
          },
          "provider_guid": "{5770385f-c22a-43e0-bf4c-06f5698ffbd9}",
          "provider_name": "Microsoft-Windows-Sysmon",
          "record_id": "162",
          "user": {
            "identifier": "S-1-5-18"
          },
          "version": 5
        }
      }
    },
    {
      "data_stream": "sysmon_operational",
      "package": "windows",
      "source": "test/test-events.json-expected.json",
      "sample_event": {
        "@timestamp": "2019-07-18T03:34:04.822Z",
        "dns": {
          "answers": [
            {
              "data": "ocsp.digicert.com",
              "type": "CNAME"
            },
            {
              "data": "cs9.wac.phicdn.net",
              "type": "CNAME"
            },
            {
              "data": "89.160.20.156",
              "type": "A"
            }
          ],
          "question": {
            "name": "status.thawte.com",
            "registered_domain": "thawte.com",
            "subdomain": "status",
            "top_level_domain": "com"
          },
          "resolved_ip": [
            "89.160.20.156"
          ]
        },
        "ecs": {
          "version": "8.17.0"
        },
        "event": {
          "action": "DNSEvent (DNS query)",
          "category": [
            "network"
          ],
          "code": "22",
          "created": "2019-07-18T03:34:05.034Z",
          "kind": "event",
          "original": "<Event xmlns='http://schemas.microsoft.com/win/2004/08/events/event'><System><Provider Name='Microsoft-Windows-Sysmon' Guid='{5770385f-c22a-43e0-bf4c-06f5698ffbd9}'/><EventID>22</EventID><Version>5</Version><Level>4</Level><Task>22</Task><Opcode>0</Opcode><Keywords>0x8000000000000000</Keywords><TimeCreated SystemTime='2019-07-18T03:34:05.034657300Z'/><EventRecordID>163</EventRecordID><Correlation/><Execution ProcessID='2828' ThreadID='1684'/><Channel>Microsoft-Windows-Sysmon/Operational</Channel><Computer>vagrant-2016</Computer><Security UserID='S-1-5-18'/></System><EventData><Data Name='RuleName'></Data><Data Name='UtcTime'>2019-07-18 03:34:04.822</Data><Data Name='ProcessGuid'>{fa4a0de6-e8a9-5d2f-0000-001053699900}</Data><Data Name='ProcessId'>2736</Data><Data Name='QueryName'>status.thawte.com</Data><Data Name='QueryStatus'>0</Data><Data Name='QueryResults'>type:  5 ocsp.digicert.com;type:  5 cs9.wac.phicdn.net;::ffff:89.160.20.156;</Data><Data Name='Image'>C:\\Program Files (x86)\\Internet Explorer\\iexplore.exe</Data></EventData></Event>",
          "provider": "Microsoft-Windows-Sysmon",
          "type": [
            "connection",
            "protocol",
            "info"
          ]
        },
        "log": {
          "level": "information"
        },
        "network": {
          "protocol": "dns"
        },
        "process": {
          "entity_id": "{fa4a0de6-e8a9-5d2f-0000-001053699900}",
          "executable": "C:\\Program Files (x86)\\Internet Explorer\\iexplore.exe",
          "name": "iexplore.exe",
          "pid": 2736
        },
        "related": {
          "hosts": [
            "ocsp.digicert.com",
            "cs9.wac.phicdn.net",
            "status.thawte.com"
          ],
          "ip": [
            "89.160.20.156"
          ]
        },
        "sysmon": {
          "dns": {
            "status": "SUCCESS"
          }
        },
        "user": {
          "id": "S-1-5-18"
        },
        "winlog": {
          "channel": "Microsoft-Windows-Sysmon/Operational",
          "computer_name": "vagrant-2016",
          "event_id": "22",
          "opcode": "Info",
          "process": {
            "pid": 2828,
            "thread": {
              "id": 1684
            }
          },
          "provider_guid": "{5770385f-c22a-43e0-bf4c-06f5698ffbd9}",
          "provider_name": "Microsoft-Windows-Sysmon",
          "record_id": "163",
          "user": {
            "identifier": "S-1-5-18"
          },
          "version": 5
        }
      }
    },
    {
      "data_stream": "sysmon_operational",
      "package": "windows",
      "source": "test/test-events.json-expected.json",
      "sample_event": {
        "@timestamp": "2019-07-18T03:34:04.860Z",
        "agent": {
          "ephemeral_id": "bdc6a4f9-ab87-41e0-a64e-bbcecdf73c6c",
          "id": "f0224db8-40a9-4f00-b117-333ddd1bc45b",
          "name": "mbp.local",
          "type": "filebeat",
          "version": "8.0.0"
        },
        "dns": {
          "answers": [
            {
              "data": "ip1.ads.stickyadstv.com.akadns.net",
              "type": "CNAME"
            },
            {
              "data": "wlb1.ads.stickyadstv.com.akadns.net",
              "type": "CNAME"
            },
            {
              "data": "fp4.ads.stickyadstv.com.akadns.net",
              "type": "CNAME"
            },
            {
              "data": "89.160.20.156",
              "type": "A"
            },
            {
              "data": "89.160.20.156",
              "type": "A"
            },
            {
              "data": "89.160.20.156",
              "type": "A"
            },
            {
              "data": "89.160.20.156",
              "type": "A"
            },
            {
              "data": "89.160.20.156",
              "type": "A"
            },
            {
              "data": "89.160.20.156",
              "type": "A"
            },
            {
              "data": "89.160.20.156",
              "type": "A"
            },
            {
              "data": "89.160.20.156",
              "type": "A"
            }
          ],
          "question": {
            "name": "ads.stickyadstv.com",
            "registered_domain": "stickyadstv.com",
            "subdomain": "ads",
            "top_level_domain": "com"
          },
          "resolved_ip": [
            "89.160.20.156",
            "89.160.20.156",
            "89.160.20.156",
            "89.160.20.156",
            "89.160.20.156",
            "89.160.20.156",
            "89.160.20.156",
            "89.160.20.156"
          ]
        },
        "ecs": {
          "version": "8.17.0"
        },
        "event": {
          "action": "DNSEvent (DNS query)",
          "category": [
            "network"
          ],
          "code": "22",
          "created": "2019-07-18T03:34:05.034Z",
          "kind": "event",
          "original": "<Event xmlns='http://schemas.microsoft.com/win/2004/08/events/event'><System><Provider Name='Microsoft-Windows-Sysmon' Guid='{5770385f-c22a-43e0-bf4c-06f5698ffbd9}'/><EventID>22</EventID><Version>5</Version><Level>4</Level><Task>22</Task><Opcode>0</Opcode><Keywords>0x8000000000000000</Keywords><TimeCreated SystemTime='2019-07-18T03:34:05.034798300Z'/><EventRecordID>164</EventRecordID><Correlation/><Execution ProcessID='2828' ThreadID='1684'/><Channel>Microsoft-Windows-Sysmon/Operational</Channel><Computer>vagrant-2016</Computer><Security UserID='S-1-5-18'/></System><EventData><Data Name='RuleName'></Data><Data Name='UtcTime'>2019-07-18 03:34:04.860</Data><Data Name='ProcessGuid'>{fa4a0de6-e8a9-5d2f-0000-001053699900}</Data><Data Name='ProcessId'>2736</Data><Data Name='QueryName'>ads.stickyadstv.com</Data><Data Name='QueryStatus'>0</Data><Data Name='QueryResults'>type:  5 ip1.ads.stickyadstv.com.akadns.net;type:  5 wlb1.ads.stickyadstv.com.akadns.net;type:  5 fp4.ads.stickyadstv.com.akadns.net;::ffff:89.160.20.156;::ffff:89.160.20.156;::ffff:89.160.20.156;::ffff:89.160.20.156;::ffff:89.160.20.156;::ffff:89.160.20.156;::ffff:89.160.20.156;::ffff:89.160.20.156;</Data><Data Name='Image'>C:\\Program Files (x86)\\Internet Explorer\\iexplore.exe</Data></EventData></Event>",
          "provider": "Microsoft-Windows-Sysmon",
          "type": [
            "connection",
            "protocol",
            "info"
          ]
        },
        "log": {
          "level": "information"
        },
        "network": {
          "protocol": "dns"
        },
        "process": {
          "entity_id": "{fa4a0de6-e8a9-5d2f-0000-001053699900}",
          "executable": "C:\\Program Files (x86)\\Internet Explorer\\iexplore.exe",
          "name": "iexplore.exe",
          "pid": 2736
        },
        "related": {
          "hosts": [
            "ip1.ads.stickyadstv.com.akadns.net",
            "wlb1.ads.stickyadstv.com.akadns.net",
            "fp4.ads.stickyadstv.com.akadns.net",
            "ads.stickyadstv.com"
          ],
          "ip": [
            "89.160.20.156"
          ]
        },
        "sysmon": {
          "dns": {
            "status": "SUCCESS"
          }
        },
        "user": {
          "id": "S-1-5-18"
        },
        "winlog": {
          "channel": "Microsoft-Windows-Sysmon/Operational",
          "computer_name": "vagrant-2016",
          "event_id": "22",
          "opcode": "Info",
          "process": {
            "pid": 2828,
            "thread": {
              "id": 1684
            }
          },
          "provider_guid": "{5770385f-c22a-43e0-bf4c-06f5698ffbd9}",
          "provider_name": "Microsoft-Windows-Sysmon",
          "record_id": "164",
          "user": {
            "identifier": "S-1-5-18"
          },
          "version": 5
        }
      }
    },
    {
      "data_stream": "sysmon_operational",
      "package": "windows",
      "source": "test/test-events.json-expected.json",
      "sample_event": {
        "@timestamp": "2019-07-18T03:34:04.904Z",
        "dns": {
          "answers": [
            {
              "data": "hbx.media.net.edgekey.net",
              "type": "CNAME"
            },
            {
              "data": "e607.d.akamaiedge.net",
              "type": "CNAME"
            },
            {
              "data": "89.160.20.156",
              "type": "A"
            }
          ],
          "question": {
            "name": "hbx.media.net",
            "registered_domain": "media.net",
            "subdomain": "hbx",
            "top_level_domain": "net"
          },
          "resolved_ip": [
            "89.160.20.156"
          ]
        },
        "ecs": {
          "version": "8.17.0"
        },
        "event": {
          "action": "DNSEvent (DNS query)",
          "category": [
            "network"
          ],
          "code": "22",
          "created": "2019-07-18T03:34:06.051Z",
          "kind": "event",
          "original": "<Event xmlns='http://schemas.microsoft.com/win/2004/08/events/event'><System><Provider Name='Microsoft-Windows-Sysmon' Guid='{5770385f-c22a-43e0-bf4c-06f5698ffbd9}'/><EventID>22</EventID><Version>5</Version><Level>4</Level><Task>22</Task><Opcode>0</Opcode><Keywords>0x8000000000000000</Keywords><TimeCreated SystemTime='2019-07-18T03:34:06.051692700Z'/><EventRecordID>165</EventRecordID><Correlation/><Execution ProcessID='2828' ThreadID='1684'/><Channel>Microsoft-Windows-Sysmon/Operational</Channel><Computer>vagrant-2016</Computer><Security UserID='S-1-5-18'/></System><EventData><Data Name='RuleName'></Data><Data Name='UtcTime'>2019-07-18 03:34:04.904</Data><Data Name='ProcessGuid'>{fa4a0de6-e8a9-5d2f-0000-001053699900}</Data><Data Name='ProcessId'>2736</Data><Data Name='QueryName'>hbx.media.net</Data><Data Name='QueryStatus'>0</Data><Data Name='QueryResults'>type:  5 hbx.media.net.edgekey.net;type:  5 e607.d.akamaiedge.net;::ffff:89.160.20.156;</Data><Data Name='Image'>C:\\Program Files (x86)\\Internet Explorer\\iexplore.exe</Data></EventData></Event>",
          "provider": "Microsoft-Windows-Sysmon",
          "type": [
            "connection",
            "protocol",
            "info"
          ]
        },
        "log": {
          "level": "information"
        },
        "network": {
          "protocol": "dns"
        },
        "process": {
          "entity_id": "{fa4a0de6-e8a9-5d2f-0000-001053699900}",
          "executable": "C:\\Program Files (x86)\\Internet Explorer\\iexplore.exe",
          "name": "iexplore.exe",
          "pid": 2736
        },
        "related": {
          "hosts": [
            "hbx.media.net.edgekey.net",
            "e607.d.akamaiedge.net",
            "hbx.media.net"
          ],
          "ip": [
            "89.160.20.156"
          ]
        },
        "sysmon": {
          "dns": {
            "status": "SUCCESS"
          }
        },
        "user": {
          "id": "S-1-5-18"
        },
        "winlog": {
          "channel": "Microsoft-Windows-Sysmon/Operational",
          "computer_name": "vagrant-2016",
          "event_id": "22",
          "opcode": "Info",
          "process": {
            "pid": 2828,
            "thread": {
              "id": 1684
            }
          },
          "provider_guid": "{5770385f-c22a-43e0-bf4c-06f5698ffbd9}",
          "provider_name": "Microsoft-Windows-Sysmon",
          "record_id": "165",
          "user": {
            "identifier": "S-1-5-18"
          },
          "version": 5
        }
      }
    },
    {
      "data_stream": "sysmon_operational",
      "package": "windows",
      "source": "test/test-events.json-expected.json",
      "sample_event": {
        "@timestamp": "2019-07-18T03:34:04.911Z",
        "dns": {
          "answers": [
            {
              "data": "trc.taboola.map.fastly.net",
              "type": "CNAME"
            },
            {
              "data": "89.160.20.156",
              "type": "A"
            },
            {
              "data": "89.160.20.156",
              "type": "A"
            },
            {
              "data": "89.160.20.156",
              "type": "A"
            },
            {
              "data": "89.160.20.156",
              "type": "A"
            }
          ],
          "question": {
            "name": "match.taboola.com",
            "registered_domain": "taboola.com",
            "subdomain": "match",
            "top_level_domain": "com"
          },
          "resolved_ip": [
            "89.160.20.156",
            "89.160.20.156",
            "89.160.20.156",
            "89.160.20.156"
          ]
        },
        "ecs": {
          "version": "8.17.0"
        },
        "event": {
          "action": "DNSEvent (DNS query)",
          "category": [
            "network"
          ],
          "code": "22",
          "created": "2019-07-18T03:34:06.051Z",
          "kind": "event",
          "original": "<Event xmlns='http://schemas.microsoft.com/win/2004/08/events/event'><System><Provider Name='Microsoft-Windows-Sysmon' Guid='{5770385f-c22a-43e0-bf4c-06f5698ffbd9}'/><EventID>22</EventID><Version>5</Version><Level>4</Level><Task>22</Task><Opcode>0</Opcode><Keywords>0x8000000000000000</Keywords><TimeCreated SystemTime='2019-07-18T03:34:06.051710000Z'/><EventRecordID>166</EventRecordID><Correlation/><Execution ProcessID='2828' ThreadID='1684'/><Channel>Microsoft-Windows-Sysmon/Operational</Channel><Computer>vagrant-2016</Computer><Security UserID='S-1-5-18'/></System><EventData><Data Name='RuleName'></Data><Data Name='UtcTime'>2019-07-18 03:34:04.911</Data><Data Name='ProcessGuid'>{fa4a0de6-e8a9-5d2f-0000-001053699900}</Data><Data Name='ProcessId'>2736</Data><Data Name='QueryName'>match.taboola.com</Data><Data Name='QueryStatus'>0</Data><Data Name='QueryResults'>type:  5 trc.taboola.map.fastly.net;::ffff:89.160.20.156;::ffff:89.160.20.156;::ffff:89.160.20.156;::ffff:89.160.20.156;</Data><Data Name='Image'>C:\\Program Files (x86)\\Internet Explorer\\iexplore.exe</Data></EventData></Event>",
          "provider": "Microsoft-Windows-Sysmon",
          "type": [
            "connection",
            "protocol",
            "info"
          ]
        },
        "log": {
          "level": "information"
        },
        "network": {
          "protocol": "dns"
        },
        "process": {
          "entity_id": "{fa4a0de6-e8a9-5d2f-0000-001053699900}",
          "executable": "C:\\Program Files (x86)\\Internet Explorer\\iexplore.exe",
          "name": "iexplore.exe",
          "pid": 2736
        },
        "related": {
          "hosts": [
            "trc.taboola.map.fastly.net",
            "match.taboola.com"
          ],
          "ip": [
            "89.160.20.156"
          ]
        },
        "sysmon": {
          "dns": {
            "status": "SUCCESS"
          }
        },
        "user": {
          "id": "S-1-5-18"
        },
        "winlog": {
          "channel": "Microsoft-Windows-Sysmon/Operational",
          "computer_name": "vagrant-2016",
          "event_id": "22",
          "opcode": "Info",
          "process": {
            "pid": 2828,
            "thread": {
              "id": 1684
            }
          },
          "provider_guid": "{5770385f-c22a-43e0-bf4c-06f5698ffbd9}",
          "provider_name": "Microsoft-Windows-Sysmon",
          "record_id": "166",
          "user": {
            "identifier": "S-1-5-18"
          },
          "version": 5
        }
      }
    },
    {
      "data_stream": "sysmon_operational",
      "package": "windows",
      "source": "test/test-events.json-expected.json",
      "sample_event": {
        "@timestamp": "2019-07-18T03:34:06.056Z",
        "dns": {
          "answers": [
            {
              "data": "a1834.dspg2.akamai.net",
              "type": "CNAME"
            },
            {
              "data": "89.160.20.156",
              "type": "A"
            },
            {
              "data": "89.160.20.156",
              "type": "A"
            }
          ],
          "question": {
            "name": "img-s-msn-com.akamaized.net",
            "registered_domain": "akamaized.net",
            "subdomain": "img-s-msn-com",
            "top_level_domain": "net"
          },
          "resolved_ip": [
            "89.160.20.156",
            "89.160.20.156"
          ]
        },
        "ecs": {
          "version": "8.17.0"
        },
        "event": {
          "action": "DNSEvent (DNS query)",
          "category": [
            "network"
          ],
          "code": "22",
          "created": "2019-07-18T03:34:06.051Z",
          "kind": "event",
          "original": "<Event xmlns='http://schemas.microsoft.com/win/2004/08/events/event'><System><Provider Name='Microsoft-Windows-Sysmon' Guid='{5770385f-c22a-43e0-bf4c-06f5698ffbd9}'/><EventID>22</EventID><Version>5</Version><Level>4</Level><Task>22</Task><Opcode>0</Opcode><Keywords>0x8000000000000000</Keywords><TimeCreated SystemTime='2019-07-18T03:34:06.051902900Z'/><EventRecordID>167</EventRecordID><Correlation/><Execution ProcessID='2828' ThreadID='1684'/><Channel>Microsoft-Windows-Sysmon/Operational</Channel><Computer>vagrant-2016</Computer><Security UserID='S-1-5-18'/></System><EventData><Data Name='RuleName'></Data><Data Name='UtcTime'>2019-07-18 03:34:06.056</Data><Data Name='ProcessGuid'>{fa4a0de6-e8a9-5d2f-0000-001053699900}</Data><Data Name='ProcessId'>2736</Data><Data Name='QueryName'>img-s-msn-com.akamaized.net</Data><Data Name='QueryStatus'>0</Data><Data Name='QueryResults'>type:  5 a1834.dspg2.akamai.net;::ffff:89.160.20.156;::ffff:89.160.20.156;</Data><Data Name='Image'>C:\\Program Files (x86)\\Internet Explorer\\iexplore.exe</Data></EventData></Event>",
          "provider": "Microsoft-Windows-Sysmon",
          "type": [
            "connection",
            "protocol",
            "info"
          ]
        },
        "log": {
          "level": "information"
        },
        "network": {
          "protocol": "dns"
        },
        "process": {
          "entity_id": "{fa4a0de6-e8a9-5d2f-0000-001053699900}",
          "executable": "C:\\Program Files (x86)\\Internet Explorer\\iexplore.exe",
          "name": "iexplore.exe",
          "pid": 2736
        },
        "related": {
          "hosts": [
            "a1834.dspg2.akamai.net",
            "img-s-msn-com.akamaized.net"
          ],
          "ip": [
            "89.160.20.156"
          ]
        },
        "sysmon": {
          "dns": {
            "status": "SUCCESS"
          }
        },
        "user": {
          "id": "S-1-5-18"
        },
        "winlog": {
          "channel": "Microsoft-Windows-Sysmon/Operational",
          "computer_name": "vagrant-2016",
          "event_id": "22",
          "opcode": "Info",
          "process": {
            "pid": 2828,
            "thread": {
              "id": 1684
            }
          },
          "provider_guid": "{5770385f-c22a-43e0-bf4c-06f5698ffbd9}",
          "provider_name": "Microsoft-Windows-Sysmon",
          "record_id": "167",
          "user": {
            "identifier": "S-1-5-18"
          },
          "version": 5
        }
      }
    },
    {
      "data_stream": "sysmon_operational",
      "package": "windows",
      "source": "test/test-events.json-expected.json",
      "sample_event": {
        "@timestamp": "2019-07-18T03:34:06.064Z",
        "dns": {
          "answers": [
            {
              "data": "a1505.g2.akamai.net",
              "type": "CNAME"
            },
            {
              "data": "89.160.20.156",
              "type": "A"
            },
            {
              "data": "89.160.20.156",
              "type": "A"
            }
          ],
          "question": {
            "name": "static-entertainment-eus-s-msn-com.akamaized.net",
            "registered_domain": "akamaized.net",
            "subdomain": "static-entertainment-eus-s-msn-com",
            "top_level_domain": "net"
          },
          "resolved_ip": [
            "89.160.20.156",
            "89.160.20.156"
          ]
        },
        "ecs": {
          "version": "8.17.0"
        },
        "event": {
          "action": "DNSEvent (DNS query)",
          "category": [
            "network"
          ],
          "code": "22",
          "created": "2019-07-18T03:34:07.049Z",
          "kind": "event",
          "original": "<Event xmlns='http://schemas.microsoft.com/win/2004/08/events/event'><System><Provider Name='Microsoft-Windows-Sysmon' Guid='{5770385f-c22a-43e0-bf4c-06f5698ffbd9}'/><EventID>22</EventID><Version>5</Version><Level>4</Level><Task>22</Task><Opcode>0</Opcode><Keywords>0x8000000000000000</Keywords><TimeCreated SystemTime='2019-07-18T03:34:07.049319700Z'/><EventRecordID>168</EventRecordID><Correlation/><Execution ProcessID='2828' ThreadID='1684'/><Channel>Microsoft-Windows-Sysmon/Operational</Channel><Computer>vagrant-2016</Computer><Security UserID='S-1-5-18'/></System><EventData><Data Name='RuleName'></Data><Data Name='UtcTime'>2019-07-18 03:34:06.064</Data><Data Name='ProcessGuid'>{fa4a0de6-e8a9-5d2f-0000-001053699900}</Data><Data Name='ProcessId'>2736</Data><Data Name='QueryName'>static-entertainment-eus-s-msn-com.akamaized.net</Data><Data Name='QueryStatus'>0</Data><Data Name='QueryResults'>type:  5 a1505.g2.akamai.net;::ffff:89.160.20.156;::ffff:89.160.20.156;</Data><Data Name='Image'>C:\\Program Files (x86)\\Internet Explorer\\iexplore.exe</Data></EventData></Event>",
          "provider": "Microsoft-Windows-Sysmon",
          "type": [
            "connection",
            "protocol",
            "info"
          ]
        },
        "log": {
          "level": "information"
        },
        "network": {
          "protocol": "dns"
        },
        "process": {
          "entity_id": "{fa4a0de6-e8a9-5d2f-0000-001053699900}",
          "executable": "C:\\Program Files (x86)\\Internet Explorer\\iexplore.exe",
          "name": "iexplore.exe",
          "pid": 2736
        },
        "related": {
          "hosts": [
            "a1505.g2.akamai.net",
            "static-entertainment-eus-s-msn-com.akamaized.net"
          ],
          "ip": [
            "89.160.20.156"
          ]
        },
        "sysmon": {
          "dns": {
            "status": "SUCCESS"
          }
        },
        "user": {
          "id": "S-1-5-18"
        },
        "winlog": {
          "channel": "Microsoft-Windows-Sysmon/Operational",
          "computer_name": "vagrant-2016",
          "event_id": "22",
          "opcode": "Info",
          "process": {
            "pid": 2828,
            "thread": {
              "id": 1684
            }
          },
          "provider_guid": "{5770385f-c22a-43e0-bf4c-06f5698ffbd9}",
          "provider_name": "Microsoft-Windows-Sysmon",
          "record_id": "168",
          "user": {
            "identifier": "S-1-5-18"
          },
          "version": 5
        }
      }
    },
    {
      "data_stream": "sysmon_operational",
      "package": "windows",
      "source": "test/test-events.json-expected.json",
      "sample_event": {
        "@timestamp": "2019-07-18T03:34:06.178Z",
        "dns": {
          "answers": [
            {
              "data": "radarmaps.weather.microsoft.com.edgekey.net",
              "type": "CNAME"
            },
            {
              "data": "e15275.g.akamaiedge.net",
              "type": "CNAME"
            },
            {
              "data": "89.160.20.156",
              "type": "A"
            }
          ],
          "question": {
            "name": "radarmaps.weather.microsoft.com",
            "registered_domain": "microsoft.com",
            "subdomain": "radarmaps.weather",
            "top_level_domain": "com"
          },
          "resolved_ip": [
            "89.160.20.156"
          ]
        },
        "ecs": {
          "version": "8.17.0"
        },
        "event": {
          "action": "DNSEvent (DNS query)",
          "category": [
            "network"
          ],
          "code": "22",
          "created": "2019-07-18T03:34:07.049Z",
          "kind": "event",
          "original": "<Event xmlns='http://schemas.microsoft.com/win/2004/08/events/event'><System><Provider Name='Microsoft-Windows-Sysmon' Guid='{5770385f-c22a-43e0-bf4c-06f5698ffbd9}'/><EventID>22</EventID><Version>5</Version><Level>4</Level><Task>22</Task><Opcode>0</Opcode><Keywords>0x8000000000000000</Keywords><TimeCreated SystemTime='2019-07-18T03:34:07.049334900Z'/><EventRecordID>169</EventRecordID><Correlation/><Execution ProcessID='2828' ThreadID='1684'/><Channel>Microsoft-Windows-Sysmon/Operational</Channel><Computer>vagrant-2016</Computer><Security UserID='S-1-5-18'/></System><EventData><Data Name='RuleName'></Data><Data Name='UtcTime'>2019-07-18 03:34:06.178</Data><Data Name='ProcessGuid'>{fa4a0de6-e8a9-5d2f-0000-001053699900}</Data><Data Name='ProcessId'>2736</Data><Data Name='QueryName'>radarmaps.weather.microsoft.com</Data><Data Name='QueryStatus'>0</Data><Data Name='QueryResults'>type:  5 radarmaps.weather.microsoft.com.edgekey.net;type:  5 e15275.g.akamaiedge.net;::ffff:89.160.20.156;</Data><Data Name='Image'>C:\\Program Files (x86)\\Internet Explorer\\iexplore.exe</Data></EventData></Event>",
          "provider": "Microsoft-Windows-Sysmon",
          "type": [
            "connection",
            "protocol",
            "info"
          ]
        },
        "log": {
          "level": "information"
        },
        "network": {
          "protocol": "dns"
        },
        "process": {
          "entity_id": "{fa4a0de6-e8a9-5d2f-0000-001053699900}",
          "executable": "C:\\Program Files (x86)\\Internet Explorer\\iexplore.exe",
          "name": "iexplore.exe",
          "pid": 2736
        },
        "related": {
          "hosts": [
            "radarmaps.weather.microsoft.com.edgekey.net",
            "e15275.g.akamaiedge.net",
            "radarmaps.weather.microsoft.com"
          ],
          "ip": [
            "89.160.20.156"
          ]
        },
        "sysmon": {
          "dns": {
            "status": "SUCCESS"
          }
        },
        "user": {
          "id": "S-1-5-18"
        },
        "winlog": {
          "channel": "Microsoft-Windows-Sysmon/Operational",
          "computer_name": "vagrant-2016",
          "event_id": "22",
          "opcode": "Info",
          "process": {
            "pid": 2828,
            "thread": {
              "id": 1684
            }
          },
          "provider_guid": "{5770385f-c22a-43e0-bf4c-06f5698ffbd9}",
          "provider_name": "Microsoft-Windows-Sysmon",
          "record_id": "169",
          "user": {
            "identifier": "S-1-5-18"
          },
          "version": 5
        }
      }
    },
