    {
      "data_stream": "sysmon_operational",
      "package": "windows",
      "source": "test/test-events.json-expected.json",
      "sample_event": {
        "@timestamp": "2019-07-18T03:34:04.304Z",
        "dns": {
          "answers": [
            {
              "data": "anycast.static.adsafeprotected.com",
              "type": "CNAME"
            },
            {
              "data": "89.160.20.156",
              "type": "A"
            },
            {
              "data": "192.168.6.30",
              "type": "A"
            },
            {
              "data": "2a02:cf40:a83e::2:30",
              "type": "AAAA"
            },
            {
              "data": "192.168.14.30",
              "type": "A"
            },
            {
              "data": "2a02:cf40:231d::2:30",
              "type": "AAAA"
            },
            {
              "data": "192.168.92.30",
              "type": "A"
            },
            {
              "data": "2a02:cf40:83eb::30",
              "type": "AAAA"
            },
            {
              "data": "192.168.80.30",
              "type": "A"
            },
            {
              "data": "2a02:cf40:856e::30",
              "type": "AAAA"
            },
            {
              "data": "192.168.94.30",
              "type": "A"
            }
          ],
          "question": {
            "name": "static.adsafeprotected.com",
            "registered_domain": "adsafeprotected.com",
            "subdomain": "static",
            "top_level_domain": "com"
          },
          "resolved_ip": [
            "89.160.20.156",
            "192.168.6.30",
            "2a02:cf40:a83e::2:30",
            "192.168.14.30",
            "2a02:cf40:231d::2:30",
            "192.168.92.30",
            "2a02:cf40:83eb::30",
            "192.168.80.30",
            "2a02:cf40:856e::30",
            "192.168.94.30"
          ]
        },
        "ecs": {
          "version": "8.17.0"
        },
        "event": {
          "action": "DNSEvent (DNS query)",
          "category": [
            "network"
          ],
          "code": "22",
          "created": "2019-07-18T03:34:04.692Z",
          "kind": "event",
          "original": "<Event xmlns='http://schemas.microsoft.com/win/2004/08/events/event'><System><Provider Name='Microsoft-Windows-Sysmon' Guid='{5770385f-c22a-43e0-bf4c-06f5698ffbd9}'/><EventID>22</EventID><Version>5</Version><Level>4</Level><Task>22</Task><Opcode>0</Opcode><Keywords>0x8000000000000000</Keywords><TimeCreated SystemTime='2019-07-18T03:34:04.692904200Z'/><EventRecordID>149</EventRecordID><Correlation/><Execution ProcessID='2828' ThreadID='1684'/><Channel>Microsoft-Windows-Sysmon/Operational</Channel><Computer>vagrant-2016</Computer><Security UserID='S-1-5-18'/></System><EventData><Data Name='RuleName'></Data><Data Name='UtcTime'>2019-07-18 03:34:04.304</Data><Data Name='ProcessGuid'>{fa4a0de6-e8a9-5d2f-0000-001053699900}</Data><Data Name='ProcessId'>2736</Data><Data Name='QueryName'>static.adsafeprotected.com</Data><Data Name='QueryStatus'>0</Data><Data Name='QueryResults'>type:  5 anycast.static.adsafeprotected.com;::ffff:89.160.20.156;192.168.6.30;2a02:cf40:a83e::2:30;192.168.14.30;2a02:cf40:231d::2:30;192.168.92.30;2a02:cf40:83eb::30;192.168.80.30;2a02:cf40:856e::30;192.168.94.30;</Data><Data Name='Image'>C:\\Program Files (x86)\\Internet Explorer\\iexplore.exe</Data></EventData></Event>",
          "provider": "Microsoft-Windows-Sysmon",
          "type": [
            "connection",
            "protocol",
            "info"
          ]
        },
        "log": {
          "level": "information"
        },
        "network": {
          "protocol": "dns"
        },
        "process": {
          "entity_id": "{fa4a0de6-e8a9-5d2f-0000-001053699900}",
          "executable": "C:\\Program Files (x86)\\Internet Explorer\\iexplore.exe",
          "name": "iexplore.exe",
          "pid": 2736
        },
        "related": {
          "hosts": [
            "anycast.static.adsafeprotected.com",
            "static.adsafeprotected.com"
          ],
          "ip": [
            "89.160.20.156",
            "192.168.6.30",
            "2a02:cf40:a83e::2:30",
            "192.168.14.30",
            "2a02:cf40:231d::2:30",
            "192.168.92.30",
            "2a02:cf40:83eb::30",
            "192.168.80.30",
            "2a02:cf40:856e::30",
            "192.168.94.30"
          ]
        },
        "sysmon": {
          "dns": {
            "status": "SUCCESS"
          }
        },
        "user": {
          "id": "S-1-5-18"
        },
        "winlog": {
          "channel": "Microsoft-Windows-Sysmon/Operational",
          "computer_name": "vagrant-2016",
          "event_id": "22",
          "opcode": "Info",
          "process": {
            "pid": 2828,
            "thread": {
              "id": 1684
            }
          },
          "provider_guid": "{5770385f-c22a-43e0-bf4c-06f5698ffbd9}",
          "provider_name": "Microsoft-Windows-Sysmon",
          "record_id": "149",
          "user": {
            "identifier": "S-1-5-18"
          },
          "version": 5
        }
      }
    },
    {
      "data_stream": "sysmon_operational",
      "package": "windows",
      "source": "test/test-events.json-expected.json",
      "sample_event": {
        "@timestamp": "2019-07-18T03:34:04.322Z",
        "dns": {
          "answers": [
            {
              "data": "f2.taboola.map.fastly.net",
              "type": "CNAME"
            },
            {
              "data": "89.160.20.156",
              "type": "A"
            },
            {
              "data": "89.160.20.156",
              "type": "A"
            },
            {
              "data": "89.160.20.156",
              "type": "A"
            },
            {
              "data": "89.160.20.156",
              "type": "A"
            }
          ],
          "question": {
            "name": "trc.taboola.com",
            "registered_domain": "taboola.com",
            "subdomain": "trc",
            "top_level_domain": "com"
          },
          "resolved_ip": [
            "89.160.20.156",
            "89.160.20.156",
            "89.160.20.156",
            "89.160.20.156"
          ]
        },
        "ecs": {
          "version": "8.17.0"
        },
        "event": {
          "action": "DNSEvent (DNS query)",
          "category": [
            "network"
          ],
          "code": "22",
          "created": "2019-07-18T03:34:04.692Z",
          "kind": "event",
          "original": "<Event xmlns='http://schemas.microsoft.com/win/2004/08/events/event'><System><Provider Name='Microsoft-Windows-Sysmon' Guid='{5770385f-c22a-43e0-bf4c-06f5698ffbd9}'/><EventID>22</EventID><Version>5</Version><Level>4</Level><Task>22</Task><Opcode>0</Opcode><Keywords>0x8000000000000000</Keywords><TimeCreated SystemTime='2019-07-18T03:34:04.692920100Z'/><EventRecordID>150</EventRecordID><Correlation/><Execution ProcessID='2828' ThreadID='1684'/><Channel>Microsoft-Windows-Sysmon/Operational</Channel><Computer>vagrant-2016</Computer><Security UserID='S-1-5-18'/></System><EventData><Data Name='RuleName'></Data><Data Name='UtcTime'>2019-07-18 03:34:04.322</Data><Data Name='ProcessGuid'>{fa4a0de6-e8a9-5d2f-0000-001053699900}</Data><Data Name='ProcessId'>2736</Data><Data Name='QueryName'>trc.taboola.com</Data><Data Name='QueryStatus'>0</Data><Data Name='QueryResults'>type:  5 f2.taboola.map.fastly.net;::ffff:89.160.20.156;::ffff:89.160.20.156;::ffff:89.160.20.156;::ffff:89.160.20.156;</Data><Data Name='Image'>C:\\Program Files (x86)\\Internet Explorer\\iexplore.exe</Data></EventData></Event>",
          "provider": "Microsoft-Windows-Sysmon",
          "type": [
            "connection",
            "protocol",
            "info"
          ]
        },
        "log": {
          "level": "information"
        },
        "network": {
          "protocol": "dns"
        },
        "process": {
          "entity_id": "{fa4a0de6-e8a9-5d2f-0000-001053699900}",
          "executable": "C:\\Program Files (x86)\\Internet Explorer\\iexplore.exe",
          "name": "iexplore.exe",
          "pid": 2736
        },
        "related": {
          "hosts": [
            "f2.taboola.map.fastly.net",
            "trc.taboola.com"
          ],
          "ip": [
            "89.160.20.156"
          ]
        },
        "sysmon": {
          "dns": {
            "status": "SUCCESS"
          }
        },
        "user": {
          "id": "S-1-5-18"
        },
        "winlog": {
          "channel": "Microsoft-Windows-Sysmon/Operational",
          "computer_name": "vagrant-2016",
          "event_id": "22",
          "opcode": "Info",
          "process": {
            "pid": 2828,
            "thread": {
              "id": 1684
            }
          },
          "provider_guid": "{5770385f-c22a-43e0-bf4c-06f5698ffbd9}",
          "provider_name": "Microsoft-Windows-Sysmon",
          "record_id": "150",
          "user": {
            "identifier": "S-1-5-18"
          },
          "version": 5
        }
      }
    },
    {
      "data_stream": "sysmon_operational",
      "package": "windows",
      "source": "test/test-events.json-expected.json",
      "sample_event": {
        "@timestamp": "2019-07-18T03:34:04.379Z",
        "dns": {
          "answers": [
            {
              "data": "89.160.20.156",
              "type": "A"
            }
          ],
          "question": {
            "name": "pippio.com",
            "registered_domain": "pippio.com",
            "top_level_domain": "com"
          },
          "resolved_ip": [
            "89.160.20.156"
          ]
        },
        "ecs": {
          "version": "8.17.0"
        },
        "event": {
          "action": "DNSEvent (DNS query)",
          "category": [
            "network"
          ],
          "code": "22",
          "created": "2019-07-18T03:34:04.692Z",
          "kind": "event",
          "original": "<Event xmlns='http://schemas.microsoft.com/win/2004/08/events/event'><System><Provider Name='Microsoft-Windows-Sysmon' Guid='{5770385f-c22a-43e0-bf4c-06f5698ffbd9}'/><EventID>22</EventID><Version>5</Version><Level>4</Level><Task>22</Task><Opcode>0</Opcode><Keywords>0x8000000000000000</Keywords><TimeCreated SystemTime='2019-07-18T03:34:04.692935200Z'/><EventRecordID>151</EventRecordID><Correlation/><Execution ProcessID='2828' ThreadID='1684'/><Channel>Microsoft-Windows-Sysmon/Operational</Channel><Computer>vagrant-2016</Computer><Security UserID='S-1-5-18'/></System><EventData><Data Name='RuleName'></Data><Data Name='UtcTime'>2019-07-18 03:34:04.379</Data><Data Name='ProcessGuid'>{fa4a0de6-e8a9-5d2f-0000-001053699900}</Data><Data Name='ProcessId'>2736</Data><Data Name='QueryName'>pippio.com</Data><Data Name='QueryStatus'>0</Data><Data Name='QueryResults'>::ffff:89.160.20.156;</Data><Data Name='Image'>C:\\Program Files (x86)\\Internet Explorer\\iexplore.exe</Data></EventData></Event>",
          "provider": "Microsoft-Windows-Sysmon",
          "type": [
            "connection",
            "protocol",
            "info"
          ]
        },
        "log": {
          "level": "information"
        },
        "network": {
          "protocol": "dns"
        },
        "process": {
          "entity_id": "{fa4a0de6-e8a9-5d2f-0000-001053699900}",
          "executable": "C:\\Program Files (x86)\\Internet Explorer\\iexplore.exe",
          "name": "iexplore.exe",
          "pid": 2736
        },
        "related": {
          "hosts": [
            "pippio.com"
          ],
          "ip": [
            "89.160.20.156"
          ]
        },
        "sysmon": {
          "dns": {
            "status": "SUCCESS"
          }
        },
        "user": {
          "id": "S-1-5-18"
        },
        "winlog": {
          "channel": "Microsoft-Windows-Sysmon/Operational",
          "computer_name": "vagrant-2016",
          "event_id": "22",
          "opcode": "Info",
          "process": {
            "pid": 2828,
            "thread": {
              "id": 1684
            }
          },
          "provider_guid": "{5770385f-c22a-43e0-bf4c-06f5698ffbd9}",
          "provider_name": "Microsoft-Windows-Sysmon",
          "record_id": "151",
          "user": {
            "identifier": "S-1-5-18"
          },
          "version": 5
        }
      }
    },
    {
      "data_stream": "sysmon_operational",
      "package": "windows",
      "source": "test/test-events.json-expected.json",
      "sample_event": {
        "@timestamp": "2019-07-18T03:34:04.482Z",
        "dns": {
          "answers": [
            {
              "data": "pixel-a.sitescout.com",
              "type": "CNAME"
            },
            {
              "data": "89.160.20.156",
              "type": "A"
            },
            {
              "data": "192.168.6.30",
              "type": "A"
            },
            {
              "data": "2a02:cf40:a83e::2:30",
              "type": "AAAA"
            },
            {
              "data": "192.168.14.30",
              "type": "A"
            },
            {
              "data": "2a02:cf40:231d::2:30",
              "type": "AAAA"
            },
            {
              "data": "192.168.92.30",
              "type": "A"
            },
            {
              "data": "2a02:cf40:83eb::30",
              "type": "AAAA"
            },
            {
              "data": "192.168.80.30",
              "type": "A"
            },
            {
              "data": "2a02:cf40:856e::30",
              "type": "AAAA"
            },
            {
              "data": "192.168.94.30",
              "type": "A"
            }
          ],
          "question": {
            "name": "pixel-sync.sitescout.com",
            "registered_domain": "sitescout.com",
            "subdomain": "pixel-sync",
            "top_level_domain": "com"
          },
          "resolved_ip": [
            "89.160.20.156",
            "192.168.6.30",
            "2a02:cf40:a83e::2:30",
            "192.168.14.30",
            "2a02:cf40:231d::2:30",
            "192.168.92.30",
            "2a02:cf40:83eb::30",
            "192.168.80.30",
            "2a02:cf40:856e::30",
            "192.168.94.30"
          ]
        },
        "ecs": {
          "version": "8.17.0"
        },
        "event": {
          "action": "DNSEvent (DNS query)",
          "category": [
            "network"
          ],
          "code": "22",
          "created": "2019-07-18T03:34:04.692Z",
          "kind": "event",
          "original": "<Event xmlns='http://schemas.microsoft.com/win/2004/08/events/event'><System><Provider Name='Microsoft-Windows-Sysmon' Guid='{5770385f-c22a-43e0-bf4c-06f5698ffbd9}'/><EventID>22</EventID><Version>5</Version><Level>4</Level><Task>22</Task><Opcode>0</Opcode><Keywords>0x8000000000000000</Keywords><TimeCreated SystemTime='2019-07-18T03:34:04.692997300Z'/><EventRecordID>152</EventRecordID><Correlation/><Execution ProcessID='2828' ThreadID='1684'/><Channel>Microsoft-Windows-Sysmon/Operational</Channel><Computer>vagrant-2016</Computer><Security UserID='S-1-5-18'/></System><EventData><Data Name='RuleName'></Data><Data Name='UtcTime'>2019-07-18 03:34:04.482</Data><Data Name='ProcessGuid'>{fa4a0de6-e8a9-5d2f-0000-001053699900}</Data><Data Name='ProcessId'>2736</Data><Data Name='QueryName'>pixel-sync.sitescout.com</Data><Data Name='QueryStatus'>0</Data><Data Name='QueryResults'>type:  5 pixel-a.sitescout.com;::ffff:89.160.20.156;192.168.6.30;2a02:cf40:a83e::2:30;192.168.14.30;2a02:cf40:231d::2:30;192.168.92.30;2a02:cf40:83eb::30;192.168.80.30;2a02:cf40:856e::30;192.168.94.30;</Data><Data Name='Image'>C:\\Program Files (x86)\\Internet Explorer\\iexplore.exe</Data></EventData></Event>",
          "provider": "Microsoft-Windows-Sysmon",
          "type": [
            "connection",
            "protocol",
            "info"
          ]
        },
        "log": {
          "level": "information"
        },
        "network": {
          "protocol": "dns"
        },
        "process": {
          "entity_id": "{fa4a0de6-e8a9-5d2f-0000-001053699900}",
          "executable": "C:\\Program Files (x86)\\Internet Explorer\\iexplore.exe",
          "name": "iexplore.exe",
          "pid": 2736
        },
        "related": {
          "hosts": [
            "pixel-a.sitescout.com",
            "pixel-sync.sitescout.com"
          ],
          "ip": [
            "89.160.20.156",
            "192.168.6.30",
            "2a02:cf40:a83e::2:30",
            "192.168.14.30",
            "2a02:cf40:231d::2:30",
            "192.168.92.30",
            "2a02:cf40:83eb::30",
            "192.168.80.30",
            "2a02:cf40:856e::30",
            "192.168.94.30"
          ]
        },
        "sysmon": {
          "dns": {
            "status": "SUCCESS"
          }
        },
        "user": {
          "id": "S-1-5-18"
        },
        "winlog": {
          "channel": "Microsoft-Windows-Sysmon/Operational",
          "computer_name": "vagrant-2016",
          "event_id": "22",
          "opcode": "Info",
          "process": {
            "pid": 2828,
            "thread": {
              "id": 1684
            }
          },
          "provider_guid": "{5770385f-c22a-43e0-bf4c-06f5698ffbd9}",
          "provider_name": "Microsoft-Windows-Sysmon",
          "record_id": "152",
          "user": {
            "identifier": "S-1-5-18"
          },
          "version": 5
        }
      }
    },
    {
      "data_stream": "sysmon_operational",
      "package": "windows",
      "source": "test/test-events.json-expected.json",
      "sample_event": {
        "@timestamp": "2019-07-18T03:34:04.502Z",
        "dns": {
          "answers": [
            {
              "data": "89.160.20.156",
              "type": "A"
            },
            {
              "data": "192.168.6.30",
              "type": "A"
            },
            {
              "data": "2a02:cf40:a83e::2:30",
              "type": "AAAA"
            },
            {
              "data": "192.168.14.30",
              "type": "A"
            },
            {
              "data": "2a02:cf40:231d::2:30",
              "type": "AAAA"
            },
            {
              "data": "192.168.92.30",
              "type": "A"
            },
            {
              "data": "2a02:cf40:83eb::30",
              "type": "AAAA"
            },
            {
              "data": "192.168.80.30",
              "type": "A"
            },
            {
              "data": "2a02:cf40:856e::30",
              "type": "AAAA"
            },
            {
              "data": "192.168.94.30",
              "type": "A"
            },
            {
              "data": "2a02:cf40:1ca1::30",
              "type": "AAAA"
            }
          ],
          "question": {
            "name": "prod.y-medialink.com",
            "registered_domain": "y-medialink.com",
            "subdomain": "prod",
            "top_level_domain": "com"
          },
          "resolved_ip": [
            "89.160.20.156",
            "192.168.6.30",
            "2a02:cf40:a83e::2:30",
            "192.168.14.30",
            "2a02:cf40:231d::2:30",
            "192.168.92.30",
            "2a02:cf40:83eb::30",
            "192.168.80.30",
            "2a02:cf40:856e::30",
            "192.168.94.30",
            "2a02:cf40:1ca1::30"
          ]
        },
        "ecs": {
          "version": "8.17.0"
        },
        "event": {
          "action": "DNSEvent (DNS query)",
          "category": [
            "network"
          ],
          "code": "22",
          "created": "2019-07-18T03:34:04.693Z",
          "kind": "event",
          "original": "<Event xmlns='http://schemas.microsoft.com/win/2004/08/events/event'><System><Provider Name='Microsoft-Windows-Sysmon' Guid='{5770385f-c22a-43e0-bf4c-06f5698ffbd9}'/><EventID>22</EventID><Version>5</Version><Level>4</Level><Task>22</Task><Opcode>0</Opcode><Keywords>0x8000000000000000</Keywords><TimeCreated SystemTime='2019-07-18T03:34:04.693010700Z'/><EventRecordID>153</EventRecordID><Correlation/><Execution ProcessID='2828' ThreadID='1684'/><Channel>Microsoft-Windows-Sysmon/Operational</Channel><Computer>vagrant-2016</Computer><Security UserID='S-1-5-18'/></System><EventData><Data Name='RuleName'></Data><Data Name='UtcTime'>2019-07-18 03:34:04.502</Data><Data Name='ProcessGuid'>{fa4a0de6-e8a9-5d2f-0000-001053699900}</Data><Data Name='ProcessId'>2736</Data><Data Name='QueryName'>prod.y-medialink.com</Data><Data Name='QueryStatus'>0</Data><Data Name='QueryResults'>::ffff:89.160.20.156;192.168.6.30;2a02:cf40:a83e::2:30;192.168.14.30;2a02:cf40:231d::2:30;192.168.92.30;2a02:cf40:83eb::30;192.168.80.30;2a02:cf40:856e::30;192.168.94.30;2a02:cf40:1ca1::30;</Data><Data Name='Image'>C:\\Program Files (x86)\\Internet Explorer\\iexplore.exe</Data></EventData></Event>",
          "provider": "Microsoft-Windows-Sysmon",
          "type": [
            "connection",
            "protocol",
            "info"
          ]
        },
        "log": {
          "level": "information"
        },
        "network": {
          "protocol": "dns"
        },
        "process": {
          "entity_id": "{fa4a0de6-e8a9-5d2f-0000-001053699900}",
          "executable": "C:\\Program Files (x86)\\Internet Explorer\\iexplore.exe",
          "name": "iexplore.exe",
          "pid": 2736
        },
        "related": {
          "hosts": [
            "prod.y-medialink.com"
          ],
          "ip": [
            "89.160.20.156",
            "192.168.6.30",
            "2a02:cf40:a83e::2:30",
            "192.168.14.30",
            "2a02:cf40:231d::2:30",
            "192.168.92.30",
            "2a02:cf40:83eb::30",
            "192.168.80.30",
            "2a02:cf40:856e::30",
            "192.168.94.30",
            "2a02:cf40:1ca1::30"
          ]
        },
        "sysmon": {
          "dns": {
            "status": "SUCCESS"
          }
        },
        "user": {
          "id": "S-1-5-18"
        },
        "winlog": {
          "channel": "Microsoft-Windows-Sysmon/Operational",
          "computer_name": "vagrant-2016",
          "event_id": "22",
          "opcode": "Info",
          "process": {
            "pid": 2828,
            "thread": {
              "id": 1684
            }
          },
          "provider_guid": "{5770385f-c22a-43e0-bf4c-06f5698ffbd9}",
          "provider_name": "Microsoft-Windows-Sysmon",
          "record_id": "153",
          "user": {
            "identifier": "S-1-5-18"
          },
          "version": 5
        }
      }
    },
    {
      "data_stream": "sysmon_operational",
      "package": "windows",
      "source": "test/test-events.json-expected.json",
      "sample_event": {
        "@timestamp": "2019-07-18T03:34:04.507Z",
        "dns": {
          "answers": [
            {
              "data": "jadserve.postrelease.com.akadns.net",
              "type": "CNAME"
            },
            {
              "data": "89.160.20.156",
              "type": "A"
            },
            {
              "data": "89.160.20.156",
              "type": "A"
            },
            {
              "data": "89.160.20.156",
              "type": "A"
            },
            {
              "data": "89.160.20.156",
              "type": "A"
            },
            {
              "data": "89.160.20.156",
              "type": "A"
            },
            {
              "data": "89.160.20.156",
              "type": "A"
            }
          ],
          "question": {
            "name": "jadserve.postrelease.com",
            "registered_domain": "postrelease.com",
            "subdomain": "jadserve",
            "top_level_domain": "com"
          },
          "resolved_ip": [
            "89.160.20.156",
            "89.160.20.156",
            "89.160.20.156",
            "89.160.20.156",
            "89.160.20.156",
            "89.160.20.156"
          ]
        },
        "ecs": {
          "version": "8.17.0"
        },
        "event": {
          "action": "DNSEvent (DNS query)",
          "category": [
            "network"
          ],
          "code": "22",
          "created": "2019-07-18T03:34:04.693Z",
          "kind": "event",
          "original": "<Event xmlns='http://schemas.microsoft.com/win/2004/08/events/event'><System><Provider Name='Microsoft-Windows-Sysmon' Guid='{5770385f-c22a-43e0-bf4c-06f5698ffbd9}'/><EventID>22</EventID><Version>5</Version><Level>4</Level><Task>22</Task><Opcode>0</Opcode><Keywords>0x8000000000000000</Keywords><TimeCreated SystemTime='2019-07-18T03:34:04.693021600Z'/><EventRecordID>154</EventRecordID><Correlation/><Execution ProcessID='2828' ThreadID='1684'/><Channel>Microsoft-Windows-Sysmon/Operational</Channel><Computer>vagrant-2016</Computer><Security UserID='S-1-5-18'/></System><EventData><Data Name='RuleName'></Data><Data Name='UtcTime'>2019-07-18 03:34:04.507</Data><Data Name='ProcessGuid'>{fa4a0de6-e8a9-5d2f-0000-001053699900}</Data><Data Name='ProcessId'>2736</Data><Data Name='QueryName'>jadserve.postrelease.com</Data><Data Name='QueryStatus'>0</Data><Data Name='QueryResults'>type:  5 jadserve.postrelease.com.akadns.net;::ffff:89.160.20.156;::ffff:89.160.20.156;::ffff:89.160.20.156;::ffff:89.160.20.156;::ffff:89.160.20.156;::ffff:89.160.20.156;</Data><Data Name='Image'>C:\\Program Files (x86)\\Internet Explorer\\iexplore.exe</Data></EventData></Event>",
          "provider": "Microsoft-Windows-Sysmon",
          "type": [
            "connection",
            "protocol",
            "info"
          ]
        },
        "log": {
          "level": "information"
        },
        "network": {
          "protocol": "dns"
        },
        "process": {
          "entity_id": "{fa4a0de6-e8a9-5d2f-0000-001053699900}",
          "executable": "C:\\Program Files (x86)\\Internet Explorer\\iexplore.exe",
          "name": "iexplore.exe",
          "pid": 2736
        },
        "related": {
          "hosts": [
            "jadserve.postrelease.com.akadns.net",
            "jadserve.postrelease.com"
          ],
          "ip": [
            "89.160.20.156"
          ]
        },
        "sysmon": {
          "dns": {
            "status": "SUCCESS"
          }
        },
        "user": {
          "id": "S-1-5-18"
        },
        "winlog": {
          "channel": "Microsoft-Windows-Sysmon/Operational",
          "computer_name": "vagrant-2016",
          "event_id": "22",
          "opcode": "Info",
          "process": {
            "pid": 2828,
            "thread": {
              "id": 1684
            }
          },
          "provider_guid": "{5770385f-c22a-43e0-bf4c-06f5698ffbd9}",
          "provider_name": "Microsoft-Windows-Sysmon",
          "record_id": "154",
          "user": {
            "identifier": "S-1-5-18"
          },
          "version": 5
        }
      }
    },
    {
      "data_stream": "sysmon_operational",
      "package": "windows",
      "source": "test/test-events.json-expected.json",
      "sample_event": {
        "@timestamp": "2019-07-18T03:34:04.508Z",
        "dns": {
          "answers": [
            {
              "data": "partners-1732315393.us-east-1.elb.amazonaws.com",
              "type": "CNAME"
            },
            {
              "data": "89.160.20.156",
              "type": "A"
            },
            {
              "data": "89.160.20.156",
              "type": "A"
            },
            {
              "data": "89.160.20.156",
              "type": "A"
            },
            {
              "data": "89.160.20.156",
              "type": "A"
            },
            {
              "data": "89.160.20.156",
              "type": "A"
            },
            {
              "data": "89.160.20.156",
              "type": "A"
            },
            {
              "data": "89.160.20.156",
              "type": "A"
            },
            {
              "data": "89.160.20.156",
              "type": "A"
            },
            {
              "data": "192.168.6.30",
              "type": "A"
            },
            {
              "data": "2a02:cf40:a83e::2:30",
              "type": "AAAA"
            }
          ],
          "question": {
            "name": "appnexus-partners.tremorhub.com",
            "registered_domain": "tremorhub.com",
            "subdomain": "appnexus-partners",
            "top_level_domain": "com"
          },
          "resolved_ip": [
            "89.160.20.156",
            "89.160.20.156",
            "89.160.20.156",
            "89.160.20.156",
            "89.160.20.156",
            "89.160.20.156",
            "89.160.20.156",
            "89.160.20.156",
            "192.168.6.30",
            "2a02:cf40:a83e::2:30"
          ]
        },
        "ecs": {
          "version": "8.17.0"
        },
        "event": {
          "action": "DNSEvent (DNS query)",
          "category": [
            "network"
          ],
          "code": "22",
          "created": "2019-07-18T03:34:04.693Z",
          "kind": "event",
          "original": "<Event xmlns='http://schemas.microsoft.com/win/2004/08/events/event'><System><Provider Name='Microsoft-Windows-Sysmon' Guid='{5770385f-c22a-43e0-bf4c-06f5698ffbd9}'/><EventID>22</EventID><Version>5</Version><Level>4</Level><Task>22</Task><Opcode>0</Opcode><Keywords>0x8000000000000000</Keywords><TimeCreated SystemTime='2019-07-18T03:34:04.693033600Z'/><EventRecordID>155</EventRecordID><Correlation/><Execution ProcessID='2828' ThreadID='1684'/><Channel>Microsoft-Windows-Sysmon/Operational</Channel><Computer>vagrant-2016</Computer><Security UserID='S-1-5-18'/></System><EventData><Data Name='RuleName'></Data><Data Name='UtcTime'>2019-07-18 03:34:04.508</Data><Data Name='ProcessGuid'>{fa4a0de6-e8a9-5d2f-0000-001053699900}</Data><Data Name='ProcessId'>2736</Data><Data Name='QueryName'>appnexus-partners.tremorhub.com</Data><Data Name='QueryStatus'>0</Data><Data Name='QueryResults'>type:  5 partners-1732315393.us-east-1.elb.amazonaws.com;::ffff:89.160.20.156;::ffff:89.160.20.156;::ffff:89.160.20.156;::ffff:89.160.20.156;::ffff:89.160.20.156;::ffff:89.160.20.156;::ffff:89.160.20.156;::ffff:89.160.20.156;192.168.6.30;2a02:cf40:a83e::2:30;</Data><Data Name='Image'>C:\\Program Files (x86)\\Internet Explorer\\iexplore.exe</Data></EventData></Event>",
          "provider": "Microsoft-Windows-Sysmon",
          "type": [
            "connection",
            "protocol",
            "info"
          ]
        },
        "log": {
          "level": "information"
        },
        "network": {
          "protocol": "dns"
        },
        "process": {
          "entity_id": "{fa4a0de6-e8a9-5d2f-0000-001053699900}",
          "executable": "C:\\Program Files (x86)\\Internet Explorer\\iexplore.exe",
          "name": "iexplore.exe",
          "pid": 2736
        },
        "related": {
          "hosts": [
            "partners-1732315393.us-east-1.elb.amazonaws.com",
            "appnexus-partners.tremorhub.com"
          ],
          "ip": [
            "89.160.20.156",
            "192.168.6.30",
            "2a02:cf40:a83e::2:30"
          ]
        },
        "sysmon": {
          "dns": {
            "status": "SUCCESS"
          }
        },
        "user": {
          "id": "S-1-5-18"
        },
        "winlog": {
          "channel": "Microsoft-Windows-Sysmon/Operational",
          "computer_name": "vagrant-2016",
          "event_id": "22",
          "opcode": "Info",
          "process": {
            "pid": 2828,
            "thread": {
              "id": 1684
            }
          },
          "provider_guid": "{5770385f-c22a-43e0-bf4c-06f5698ffbd9}",
          "provider_name": "Microsoft-Windows-Sysmon",
          "record_id": "155",
          "user": {
            "identifier": "S-1-5-18"
          },
          "version": 5
        }
      }
    },
    {
      "data_stream": "sysmon_operational",
      "package": "windows",
      "source": "test/test-events.json-expected.json",
      "sample_event": {
        "@timestamp": "2019-07-18T03:34:04.531Z",
        "dns": {
          "answers": [
            {
              "data": "gtm13.nexac.com",
              "type": "CNAME"
            },
            {
              "data": "ad2deadfb5fbf11e9872302ad9419486-194325762.us-east-1.elb.amazonaws.com",
              "type": "CNAME"
            },
            {
              "data": "89.160.20.156",
              "type": "A"
            },
            {
              "data": "89.160.20.156",
              "type": "A"
            },
            {
              "data": "89.160.20.156",
              "type": "A"
            },
            {
              "data": "89.160.20.156",
              "type": "A"
            },
            {
              "data": "192.168.6.30",
              "type": "A"
            },
            {
              "data": "2a02:cf40:a83e::2:30",
              "type": "AAAA"
            },
            {
              "data": "192.168.14.30",
              "type": "A"
            }
          ],
          "question": {
            "name": "x.dlx.addthis.com",
            "registered_domain": "addthis.com",
            "subdomain": "x.dlx",
            "top_level_domain": "com"
          },
          "resolved_ip": [
            "89.160.20.156",
            "89.160.20.156",
            "89.160.20.156",
            "89.160.20.156",
            "192.168.6.30",
            "2a02:cf40:a83e::2:30",
            "192.168.14.30"
          ]
        },
        "ecs": {
          "version": "8.17.0"
        },
        "event": {
          "action": "DNSEvent (DNS query)",
          "category": [
            "network"
          ],
          "code": "22",
          "created": "2019-07-18T03:34:04.693Z",
          "kind": "event",
          "original": "<Event xmlns='http://schemas.microsoft.com/win/2004/08/events/event'><System><Provider Name='Microsoft-Windows-Sysmon' Guid='{5770385f-c22a-43e0-bf4c-06f5698ffbd9}'/><EventID>22</EventID><Version>5</Version><Level>4</Level><Task>22</Task><Opcode>0</Opcode><Keywords>0x8000000000000000</Keywords><TimeCreated SystemTime='2019-07-18T03:34:04.693044900Z'/><EventRecordID>156</EventRecordID><Correlation/><Execution ProcessID='2828' ThreadID='1684'/><Channel>Microsoft-Windows-Sysmon/Operational</Channel><Computer>vagrant-2016</Computer><Security UserID='S-1-5-18'/></System><EventData><Data Name='RuleName'></Data><Data Name='UtcTime'>2019-07-18 03:34:04.531</Data><Data Name='ProcessGuid'>{fa4a0de6-e8a9-5d2f-0000-001053699900}</Data><Data Name='ProcessId'>2736</Data><Data Name='QueryName'>x.dlx.addthis.com</Data><Data Name='QueryStatus'>0</Data><Data Name='QueryResults'>type:  5 gtm13.nexac.com;type:  5 ad2deadfb5fbf11e9872302ad9419486-194325762.us-east-1.elb.amazonaws.com;::ffff:89.160.20.156;::ffff:89.160.20.156;::ffff:89.160.20.156;::ffff:89.160.20.156;192.168.6.30;2a02:cf40:a83e::2:30;192.168.14.30;</Data><Data Name='Image'>C:\\Program Files (x86)\\Internet Explorer\\iexplore.exe</Data></EventData></Event>",
          "provider": "Microsoft-Windows-Sysmon",
          "type": [
            "connection",
            "protocol",
            "info"
          ]
        },
        "log": {
          "level": "information"
        },
        "network": {
          "protocol": "dns"
        },
        "process": {
          "entity_id": "{fa4a0de6-e8a9-5d2f-0000-001053699900}",
          "executable": "C:\\Program Files (x86)\\Internet Explorer\\iexplore.exe",
          "name": "iexplore.exe",
          "pid": 2736
        },
        "related": {
          "hosts": [
            "gtm13.nexac.com",
            "ad2deadfb5fbf11e9872302ad9419486-194325762.us-east-1.elb.amazonaws.com",
            "x.dlx.addthis.com"
          ],
          "ip": [
            "89.160.20.156",
            "192.168.6.30",
            "2a02:cf40:a83e::2:30",
            "192.168.14.30"
          ]
        },
        "sysmon": {
          "dns": {
            "status": "SUCCESS"
          }
        },
        "user": {
          "id": "S-1-5-18"
        },
        "winlog": {
          "channel": "Microsoft-Windows-Sysmon/Operational",
          "computer_name": "vagrant-2016",
          "event_id": "22",
          "opcode": "Info",
          "process": {
            "pid": 2828,
            "thread": {
              "id": 1684
            }
          },
          "provider_guid": "{5770385f-c22a-43e0-bf4c-06f5698ffbd9}",
          "provider_name": "Microsoft-Windows-Sysmon",
          "record_id": "156",
          "user": {
            "identifier": "S-1-5-18"
          },
          "version": 5
        }
      }
    },
    {
      "data_stream": "sysmon_operational",
      "package": "windows",
      "source": "test/test-events.json-expected.json",
      "sample_event": {
        "@timestamp": "2019-07-18T03:34:04.532Z",
        "dns": {
          "answers": [
            {
              "data": "haproxy-dmp.sizmdx.com",
              "type": "CNAME"
            },
            {
              "data": "dmp-prod-haproxyd-14y2amas34vrd-330219680.us-east-1.elb.amazonaws.com",
              "type": "CNAME"
            },
            {
              "data": "89.160.20.156",
              "type": "A"
            },
            {
              "data": "89.160.20.156",
              "type": "A"
            },
            {
              "data": "192.168.6.30",
              "type": "A"
            },
            {
              "data": "2a02:cf40:a83e::2:30",
              "type": "AAAA"
            },
            {
              "data": "192.168.14.30",
              "type": "A"
            },
            {
              "data": "2a02:cf40:231d::2:30",
              "type": "AAAA"
            },
            {
              "data": "192.168.92.30",
              "type": "A"
            }
          ],
          "question": {
            "name": "dh.serving-sys.com",
            "registered_domain": "serving-sys.com",
            "subdomain": "dh",
            "top_level_domain": "com"
          },
          "resolved_ip": [
            "89.160.20.156",
            "89.160.20.156",
            "192.168.6.30",
            "2a02:cf40:a83e::2:30",
            "192.168.14.30",
            "2a02:cf40:231d::2:30",
            "192.168.92.30"
          ]
        },
        "ecs": {
          "version": "8.17.0"
        },
        "event": {
          "action": "DNSEvent (DNS query)",
          "category": [
            "network"
          ],
          "code": "22",
          "created": "2019-07-18T03:34:04.693Z",
          "kind": "event",
          "original": "<Event xmlns='http://schemas.microsoft.com/win/2004/08/events/event'><System><Provider Name='Microsoft-Windows-Sysmon' Guid='{5770385f-c22a-43e0-bf4c-06f5698ffbd9}'/><EventID>22</EventID><Version>5</Version><Level>4</Level><Task>22</Task><Opcode>0</Opcode><Keywords>0x8000000000000000</Keywords><TimeCreated SystemTime='2019-07-18T03:34:04.693057200Z'/><EventRecordID>157</EventRecordID><Correlation/><Execution ProcessID='2828' ThreadID='1684'/><Channel>Microsoft-Windows-Sysmon/Operational</Channel><Computer>vagrant-2016</Computer><Security UserID='S-1-5-18'/></System><EventData><Data Name='RuleName'></Data><Data Name='UtcTime'>2019-07-18 03:34:04.532</Data><Data Name='ProcessGuid'>{fa4a0de6-e8a9-5d2f-0000-001053699900}</Data><Data Name='ProcessId'>2736</Data><Data Name='QueryName'>dh.serving-sys.com</Data><Data Name='QueryStatus'>0</Data><Data Name='QueryResults'>type:  5 haproxy-dmp.sizmdx.com;type:  5 dmp-prod-haproxyd-14y2amas34vrd-330219680.us-east-1.elb.amazonaws.com;::ffff:89.160.20.156;::ffff:89.160.20.156;192.168.6.30;2a02:cf40:a83e::2:30;192.168.14.30;2a02:cf40:231d::2:30;192.168.92.30;</Data><Data Name='Image'>C:\\Program Files (x86)\\Internet Explorer\\iexplore.exe</Data></EventData></Event>",
          "provider": "Microsoft-Windows-Sysmon",
          "type": [
            "connection",
            "protocol",
            "info"
          ]
        },
        "log": {
          "level": "information"
        },
        "network": {
          "protocol": "dns"
        },
        "process": {
          "entity_id": "{fa4a0de6-e8a9-5d2f-0000-001053699900}",
          "executable": "C:\\Program Files (x86)\\Internet Explorer\\iexplore.exe",
          "name": "iexplore.exe",
          "pid": 2736
        },
        "related": {
          "hosts": [
            "haproxy-dmp.sizmdx.com",
            "dmp-prod-haproxyd-14y2amas34vrd-330219680.us-east-1.elb.amazonaws.com",
            "dh.serving-sys.com"
          ],
          "ip": [
            "89.160.20.156",
            "192.168.6.30",
            "2a02:cf40:a83e::2:30",
            "192.168.14.30",
            "2a02:cf40:231d::2:30",
            "192.168.92.30"
          ]
        },
        "sysmon": {
          "dns": {
            "status": "SUCCESS"
          }
        },
        "user": {
          "id": "S-1-5-18"
        },
        "winlog": {
          "channel": "Microsoft-Windows-Sysmon/Operational",
          "computer_name": "vagrant-2016",
          "event_id": "22",
          "opcode": "Info",
          "process": {
            "pid": 2828,
            "thread": {
              "id": 1684
            }
          },
          "provider_guid": "{5770385f-c22a-43e0-bf4c-06f5698ffbd9}",
          "provider_name": "Microsoft-Windows-Sysmon",
          "record_id": "157",
          "user": {
            "identifier": "S-1-5-18"
          },
          "version": 5
        }
      }
    },
    {
      "data_stream": "sysmon_operational",
      "package": "windows",
      "source": "test/test-events.json-expected.json",
      "sample_event": {
        "@timestamp": "2019-07-18T03:34:04.534Z",
        "dns": {
          "answers": [
            {
              "data": "match-us-east-1.sharethrough.com",
              "type": "CNAME"
            },
            {
              "data": "89.160.20.156",
              "type": "A"
            },
            {
              "data": "89.160.20.156",
              "type": "A"
            },
            {
              "data": "89.160.20.156",
              "type": "A"
            },
            {
              "data": "89.160.20.156",
              "type": "A"
            },
            {
              "data": "89.160.20.156",
              "type": "A"
            },
            {
              "data": "89.160.20.156",
              "type": "A"
            },
            {
              "data": "89.160.20.156",
              "type": "A"
            },
            {
              "data": "89.160.20.156",
              "type": "A"
            },
            {
              "data": "192.168.6.30",
              "type": "A"
            },
            {
              "data": "2a02:cf40:a83e::2:30",
              "type": "AAAA"
            },
            {
              "data": "192.168.14.30",
              "type": "A"
            },
            {
              "data": "2a02:cf40:231d::2:30",
              "type": "AAAA"
            }
          ],
          "question": {
            "name": "match.sharethrough.com",
            "registered_domain": "sharethrough.com",
            "subdomain": "match",
            "top_level_domain": "com"
          },
          "resolved_ip": [
            "89.160.20.156",
            "89.160.20.156",
            "89.160.20.156",
            "89.160.20.156",
            "89.160.20.156",
            "89.160.20.156",
            "89.160.20.156",
            "89.160.20.156",
            "192.168.6.30",
            "2a02:cf40:a83e::2:30",
            "192.168.14.30",
            "2a02:cf40:231d::2:30"
          ]
        },
        "ecs": {
          "version": "8.17.0"
        },
        "event": {
          "action": "DNSEvent (DNS query)",
          "category": [
            "network"
          ],
          "code": "22",
          "created": "2019-07-18T03:34:04.693Z",
          "kind": "event",
          "original": "<Event xmlns='http://schemas.microsoft.com/win/2004/08/events/event'><System><Provider Name='Microsoft-Windows-Sysmon' Guid='{5770385f-c22a-43e0-bf4c-06f5698ffbd9}'/><EventID>22</EventID><Version>5</Version><Level>4</Level><Task>22</Task><Opcode>0</Opcode><Keywords>0x8000000000000000</Keywords><TimeCreated SystemTime='2019-07-18T03:34:04.693070300Z'/><EventRecordID>158</EventRecordID><Correlation/><Execution ProcessID='2828' ThreadID='1684'/><Channel>Microsoft-Windows-Sysmon/Operational</Channel><Computer>vagrant-2016</Computer><Security UserID='S-1-5-18'/></System><EventData><Data Name='RuleName'></Data><Data Name='UtcTime'>2019-07-18 03:34:04.534</Data><Data Name='ProcessGuid'>{fa4a0de6-e8a9-5d2f-0000-001053699900}</Data><Data Name='ProcessId'>2736</Data><Data Name='QueryName'>match.sharethrough.com</Data><Data Name='QueryStatus'>0</Data><Data Name='QueryResults'>type:  5 match-us-east-1.sharethrough.com;::ffff:89.160.20.156;::ffff:89.160.20.156;::ffff:89.160.20.156;::ffff:89.160.20.156;::ffff:89.160.20.156;::ffff:89.160.20.156;::ffff:89.160.20.156;::ffff:89.160.20.156;192.168.6.30;2a02:cf40:a83e::2:30;192.168.14.30;2a02:cf40:231d::2:30;</Data><Data Name='Image'>C:\\Program Files (x86)\\Internet Explorer\\iexplore.exe</Data></EventData></Event>",
          "provider": "Microsoft-Windows-Sysmon",
          "type": [
            "connection",
            "protocol",
            "info"
          ]
        },
        "log": {
          "level": "information"
        },
        "network": {
          "protocol": "dns"
        },
        "process": {
          "entity_id": "{fa4a0de6-e8a9-5d2f-0000-001053699900}",
          "executable": "C:\\Program Files (x86)\\Internet Explorer\\iexplore.exe",
          "name": "iexplore.exe",
          "pid": 2736
        },
        "related": {
          "hosts": [
            "match-us-east-1.sharethrough.com",
            "match.sharethrough.com"
          ],
          "ip": [
            "89.160.20.156",
            "192.168.6.30",
            "2a02:cf40:a83e::2:30",
            "192.168.14.30",
            "2a02:cf40:231d::2:30"
          ]
        },
        "sysmon": {
          "dns": {
            "status": "SUCCESS"
          }
        },
        "user": {
          "id": "S-1-5-18"
        },
        "winlog": {
          "channel": "Microsoft-Windows-Sysmon/Operational",
          "computer_name": "vagrant-2016",
          "event_id": "22",
          "opcode": "Info",
          "process": {
            "pid": 2828,
            "thread": {
              "id": 1684
            }
          },
          "provider_guid": "{5770385f-c22a-43e0-bf4c-06f5698ffbd9}",
          "provider_name": "Microsoft-Windows-Sysmon",
          "record_id": "158",
          "user": {
            "identifier": "S-1-5-18"
          },
          "version": 5
        }
      }
    },
