    {
      "data_stream": "sysmon_operational",
      "package": "windows",
      "source": "test/test-events.json-expected.json",
      "sample_event": {
        "@timestamp": "2019-07-18T03:34:07.955Z",
        "dns": {
          "answers": [
            {
              "data": "89.160.20.156",
              "type": "A"
            }
          ],
          "question": {
            "name": "sync.1rx.io",
            "registered_domain": "1rx.io",
            "subdomain": "sync",
            "top_level_domain": "io"
          },
          "resolved_ip": [
            "89.160.20.156"
          ]
        },
        "ecs": {
          "version": "8.17.0"
        },
        "event": {
          "action": "DNSEvent (DNS query)",
          "category": [
            "network"
          ],
          "code": "22",
          "created": "2019-07-18T03:34:08.054Z",
          "kind": "event",
          "original": "<Event xmlns='http://schemas.microsoft.com/win/2004/08/events/event'><System><Provider Name='Microsoft-Windows-Sysmon' Guid='{5770385f-c22a-43e0-bf4c-06f5698ffbd9}'/><EventID>22</EventID><Version>5</Version><Level>4</Level><Task>22</Task><Opcode>0</Opcode><Keywords>0x8000000000000000</Keywords><TimeCreated SystemTime='2019-07-18T03:34:08.054454600Z'/><EventRecordID>182</EventRecordID><Correlation/><Execution ProcessID='2828' ThreadID='1684'/><Channel>Microsoft-Windows-Sysmon/Operational</Channel><Computer>vagrant-2016</Computer><Security UserID='S-1-5-18'/></System><EventData><Data Name='RuleName'></Data><Data Name='UtcTime'>2019-07-18 03:34:07.955</Data><Data Name='ProcessGuid'>{fa4a0de6-e8a9-5d2f-0000-001053699900}</Data><Data Name='ProcessId'>2736</Data><Data Name='QueryName'>sync.1rx.io</Data><Data Name='QueryStatus'>0</Data><Data Name='QueryResults'>::ffff:89.160.20.156;</Data><Data Name='Image'>C:\\Program Files (x86)\\Internet Explorer\\iexplore.exe</Data></EventData></Event>",
          "provider": "Microsoft-Windows-Sysmon",
          "type": [
            "connection",
            "protocol",
            "info"
          ]
        },
        "log": {
          "level": "information"
        },
        "network": {
          "protocol": "dns"
        },
        "process": {
          "entity_id": "{fa4a0de6-e8a9-5d2f-0000-001053699900}",
          "executable": "C:\\Program Files (x86)\\Internet Explorer\\iexplore.exe",
          "name": "iexplore.exe",
          "pid": 2736
        },
        "related": {
          "hosts": [
            "sync.1rx.io"
          ],
          "ip": [
            "89.160.20.156"
          ]
        },
        "sysmon": {
          "dns": {
            "status": "SUCCESS"
          }
        },
        "user": {
          "id": "S-1-5-18"
        },
        "winlog": {
          "channel": "Microsoft-Windows-Sysmon/Operational",
          "computer_name": "vagrant-2016",
          "event_id": "22",
          "opcode": "Info",
          "process": {
            "pid": 2828,
            "thread": {
              "id": 1684
            }
          },
          "provider_guid": "{5770385f-c22a-43e0-bf4c-06f5698ffbd9}",
          "provider_name": "Microsoft-Windows-Sysmon",
          "record_id": "182",
          "user": {
            "identifier": "S-1-5-18"
          },
          "version": 5
        }
      }
    },
    {
      "data_stream": "sysmon_operational",
      "package": "windows",
      "source": "test/test-events.json-expected.json",
      "sample_event": {
        "@timestamp": "2019-07-18T03:34:07.956Z",
        "dns": {
          "answers": [
            {
              "data": "sync.teads.tv.edgekey.net",
              "type": "CNAME"
            },
            {
              "data": "e9957.g.akamaiedge.net",
              "type": "CNAME"
            },
            {
              "data": "89.160.20.156",
              "type": "A"
            }
          ],
          "question": {
            "name": "sync.teads.tv",
            "registered_domain": "teads.tv",
            "subdomain": "sync",
            "top_level_domain": "tv"
          },
          "resolved_ip": [
            "89.160.20.156"
          ]
        },
        "ecs": {
          "version": "8.17.0"
        },
        "event": {
          "action": "DNSEvent (DNS query)",
          "category": [
            "network"
          ],
          "code": "22",
          "created": "2019-07-18T03:34:08.054Z",
          "kind": "event",
          "original": "<Event xmlns='http://schemas.microsoft.com/win/2004/08/events/event'><System><Provider Name='Microsoft-Windows-Sysmon' Guid='{5770385f-c22a-43e0-bf4c-06f5698ffbd9}'/><EventID>22</EventID><Version>5</Version><Level>4</Level><Task>22</Task><Opcode>0</Opcode><Keywords>0x8000000000000000</Keywords><TimeCreated SystemTime='2019-07-18T03:34:08.054464900Z'/><EventRecordID>183</EventRecordID><Correlation/><Execution ProcessID='2828' ThreadID='1684'/><Channel>Microsoft-Windows-Sysmon/Operational</Channel><Computer>vagrant-2016</Computer><Security UserID='S-1-5-18'/></System><EventData><Data Name='RuleName'></Data><Data Name='UtcTime'>2019-07-18 03:34:07.956</Data><Data Name='ProcessGuid'>{fa4a0de6-e8a9-5d2f-0000-001053699900}</Data><Data Name='ProcessId'>2736</Data><Data Name='QueryName'>sync.teads.tv</Data><Data Name='QueryStatus'>0</Data><Data Name='QueryResults'>type:  5 sync.teads.tv.edgekey.net;type:  5 e9957.g.akamaiedge.net;::ffff:89.160.20.156;</Data><Data Name='Image'>C:\\Program Files (x86)\\Internet Explorer\\iexplore.exe</Data></EventData></Event>",
          "provider": "Microsoft-Windows-Sysmon",
          "type": [
            "connection",
            "protocol",
            "info"
          ]
        },
        "log": {
          "level": "information"
        },
        "network": {
          "protocol": "dns"
        },
        "process": {
          "entity_id": "{fa4a0de6-e8a9-5d2f-0000-001053699900}",
          "executable": "C:\\Program Files (x86)\\Internet Explorer\\iexplore.exe",
          "name": "iexplore.exe",
          "pid": 2736
        },
        "related": {
          "hosts": [
            "sync.teads.tv.edgekey.net",
            "e9957.g.akamaiedge.net",
            "sync.teads.tv"
          ],
          "ip": [
            "89.160.20.156"
          ]
        },
        "sysmon": {
          "dns": {
            "status": "SUCCESS"
          }
        },
        "user": {
          "id": "S-1-5-18"
        },
        "winlog": {
          "channel": "Microsoft-Windows-Sysmon/Operational",
          "computer_name": "vagrant-2016",
          "event_id": "22",
          "opcode": "Info",
          "process": {
            "pid": 2828,
            "thread": {
              "id": 1684
            }
          },
          "provider_guid": "{5770385f-c22a-43e0-bf4c-06f5698ffbd9}",
          "provider_name": "Microsoft-Windows-Sysmon",
          "record_id": "183",
          "user": {
            "identifier": "S-1-5-18"
          },
          "version": 5
        }
      }
    },
    {
      "data_stream": "sysmon_operational",
      "package": "windows",
      "source": "test/test-events.json-expected.json",
      "sample_event": {
        "@timestamp": "2019-07-18T03:34:08.019Z",
        "dns": {
          "answers": [
            {
              "data": "td.thebrighttag.com",
              "type": "CNAME"
            },
            {
              "data": "89.160.20.156",
              "type": "A"
            },
            {
              "data": "89.160.20.156",
              "type": "A"
            },
            {
              "data": "89.160.20.156",
              "type": "A"
            },
            {
              "data": "89.160.20.156",
              "type": "A"
            },
            {
              "data": "192.168.6.30",
              "type": "A"
            },
            {
              "data": "2a02:cf40:a83e::2:30",
              "type": "AAAA"
            },
            {
              "data": "192.168.14.30",
              "type": "A"
            },
            {
              "data": "2a02:cf40:231d::2:30",
              "type": "AAAA"
            },
            {
              "data": "192.168.92.30",
              "type": "A"
            },
            {
              "data": "2a02:cf40:83eb::30",
              "type": "AAAA"
            },
            {
              "data": "192.168.80.30",
              "type": "A"
            }
          ],
          "question": {
            "name": "s.thebrighttag.com",
            "registered_domain": "thebrighttag.com",
            "subdomain": "s",
            "top_level_domain": "com"
          },
          "resolved_ip": [
            "89.160.20.156",
            "89.160.20.156",
            "89.160.20.156",
            "89.160.20.156",
            "192.168.6.30",
            "2a02:cf40:a83e::2:30",
            "192.168.14.30",
            "2a02:cf40:231d::2:30",
            "192.168.92.30",
            "2a02:cf40:83eb::30",
            "192.168.80.30"
          ]
        },
        "ecs": {
          "version": "8.17.0"
        },
        "event": {
          "action": "DNSEvent (DNS query)",
          "category": [
            "network"
          ],
          "code": "22",
          "created": "2019-07-18T03:34:08.054Z",
          "kind": "event",
          "original": "<Event xmlns='http://schemas.microsoft.com/win/2004/08/events/event'><System><Provider Name='Microsoft-Windows-Sysmon' Guid='{5770385f-c22a-43e0-bf4c-06f5698ffbd9}'/><EventID>22</EventID><Version>5</Version><Level>4</Level><Task>22</Task><Opcode>0</Opcode><Keywords>0x8000000000000000</Keywords><TimeCreated SystemTime='2019-07-18T03:34:08.054482800Z'/><EventRecordID>184</EventRecordID><Correlation/><Execution ProcessID='2828' ThreadID='1684'/><Channel>Microsoft-Windows-Sysmon/Operational</Channel><Computer>vagrant-2016</Computer><Security UserID='S-1-5-18'/></System><EventData><Data Name='RuleName'></Data><Data Name='UtcTime'>2019-07-18 03:34:08.019</Data><Data Name='ProcessGuid'>{fa4a0de6-e8a9-5d2f-0000-001053699900}</Data><Data Name='ProcessId'>2736</Data><Data Name='QueryName'>s.thebrighttag.com</Data><Data Name='QueryStatus'>0</Data><Data Name='QueryResults'>type:  5 td.thebrighttag.com;::ffff:89.160.20.156;::ffff:89.160.20.156;::ffff:89.160.20.156;::ffff:89.160.20.156;192.168.6.30;2a02:cf40:a83e::2:30;192.168.14.30;2a02:cf40:231d::2:30;192.168.92.30;2a02:cf40:83eb::30;192.168.80.30;</Data><Data Name='Image'>C:\\Program Files (x86)\\Internet Explorer\\iexplore.exe</Data></EventData></Event>",
          "provider": "Microsoft-Windows-Sysmon",
          "type": [
            "connection",
            "protocol",
            "info"
          ]
        },
        "log": {
          "level": "information"
        },
        "network": {
          "protocol": "dns"
        },
        "process": {
          "entity_id": "{fa4a0de6-e8a9-5d2f-0000-001053699900}",
          "executable": "C:\\Program Files (x86)\\Internet Explorer\\iexplore.exe",
          "name": "iexplore.exe",
          "pid": 2736
        },
        "related": {
          "hosts": [
            "td.thebrighttag.com",
            "s.thebrighttag.com"
          ],
          "ip": [
            "89.160.20.156",
            "192.168.6.30",
            "2a02:cf40:a83e::2:30",
            "192.168.14.30",
            "2a02:cf40:231d::2:30",
            "192.168.92.30",
            "2a02:cf40:83eb::30",
            "192.168.80.30"
          ]
        },
        "sysmon": {
          "dns": {
            "status": "SUCCESS"
          }
        },
        "user": {
          "id": "S-1-5-18"
        },
        "winlog": {
          "channel": "Microsoft-Windows-Sysmon/Operational",
          "computer_name": "vagrant-2016",
          "event_id": "22",
          "opcode": "Info",
          "process": {
            "pid": 2828,
            "thread": {
              "id": 1684
            }
          },
          "provider_guid": "{5770385f-c22a-43e0-bf4c-06f5698ffbd9}",
          "provider_name": "Microsoft-Windows-Sysmon",
          "record_id": "184",
          "user": {
            "identifier": "S-1-5-18"
          },
          "version": 5
        }
      }
    },
    {
      "data_stream": "sysmon_operational",
      "package": "windows",
      "source": "test/test-events.json-expected.json",
      "sample_event": {
        "@timestamp": "2019-07-18T03:34:08.050Z",
        "dns": {
          "answers": [
            {
              "data": "d386jaag4hn9zl.cloudfront.net",
              "type": "CNAME"
            },
            {
              "data": "89.160.20.156",
              "type": "A"
            }
          ],
          "question": {
            "name": "t.a3cloud.net",
            "registered_domain": "a3cloud.net",
            "subdomain": "t",
            "top_level_domain": "net"
          },
          "resolved_ip": [
            "89.160.20.156"
          ]
        },
        "ecs": {
          "version": "8.17.0"
        },
        "event": {
          "action": "DNSEvent (DNS query)",
          "category": [
            "network"
          ],
          "code": "22",
          "created": "2019-07-18T03:34:09.053Z",
          "kind": "event",
          "original": "<Event xmlns='http://schemas.microsoft.com/win/2004/08/events/event'><System><Provider Name='Microsoft-Windows-Sysmon' Guid='{5770385f-c22a-43e0-bf4c-06f5698ffbd9}'/><EventID>22</EventID><Version>5</Version><Level>4</Level><Task>22</Task><Opcode>0</Opcode><Keywords>0x8000000000000000</Keywords><TimeCreated SystemTime='2019-07-18T03:34:09.053883400Z'/><EventRecordID>186</EventRecordID><Correlation/><Execution ProcessID='2828' ThreadID='1684'/><Channel>Microsoft-Windows-Sysmon/Operational</Channel><Computer>vagrant-2016</Computer><Security UserID='S-1-5-18'/></System><EventData><Data Name='RuleName'></Data><Data Name='UtcTime'>2019-07-18 03:34:08.050</Data><Data Name='ProcessGuid'>{fa4a0de6-e8a9-5d2f-0000-001053699900}</Data><Data Name='ProcessId'>2736</Data><Data Name='QueryName'>t.a3cloud.net</Data><Data Name='QueryStatus'>0</Data><Data Name='QueryResults'>type:  5 d386jaag4hn9zl.cloudfront.net;::ffff:89.160.20.156;</Data><Data Name='Image'>C:\\Program Files (x86)\\Internet Explorer\\iexplore.exe</Data></EventData></Event>",
          "provider": "Microsoft-Windows-Sysmon",
          "type": [
            "connection",
            "protocol",
            "info"
          ]
        },
        "log": {
          "level": "information"
        },
        "network": {
          "protocol": "dns"
        },
        "process": {
          "entity_id": "{fa4a0de6-e8a9-5d2f-0000-001053699900}",
          "executable": "C:\\Program Files (x86)\\Internet Explorer\\iexplore.exe",
          "name": "iexplore.exe",
          "pid": 2736
        },
        "related": {
          "hosts": [
            "d386jaag4hn9zl.cloudfront.net",
            "t.a3cloud.net"
          ],
          "ip": [
            "89.160.20.156"
          ]
        },
        "sysmon": {
          "dns": {
            "status": "SUCCESS"
          }
        },
        "user": {
          "id": "S-1-5-18"
        },
        "winlog": {
          "channel": "Microsoft-Windows-Sysmon/Operational",
          "computer_name": "vagrant-2016",
          "event_id": "22",
          "opcode": "Info",
          "process": {
            "pid": 2828,
            "thread": {
              "id": 1684
            }
          },
          "provider_guid": "{5770385f-c22a-43e0-bf4c-06f5698ffbd9}",
          "provider_name": "Microsoft-Windows-Sysmon",
          "record_id": "186",
          "user": {
            "identifier": "S-1-5-18"
          },
          "version": 5
        }
      }
    },
    {
      "data_stream": "sysmon_operational",
      "package": "windows",
      "source": "test/test-events.json-expected.json",
      "sample_event": {
        "@timestamp": "2019-07-18T03:34:08.070Z",
        "dns": {
          "answers": [
            {
              "data": "nycp-hlb.doubleverify.com",
              "type": "CNAME"
            },
            {
              "data": "nycp-hlb.dvgtm.akadns.net",
              "type": "CNAME"
            },
            {
              "data": "89.160.20.156",
              "type": "A"
            }
          ],
          "question": {
            "name": "tps618.doubleverify.com",
            "registered_domain": "doubleverify.com",
            "subdomain": "tps618",
            "top_level_domain": "com"
          },
          "resolved_ip": [
            "89.160.20.156"
          ]
        },
        "ecs": {
          "version": "8.17.0"
        },
        "event": {
          "action": "DNSEvent (DNS query)",
          "category": [
            "network"
          ],
          "code": "22",
          "created": "2019-07-18T03:34:09.053Z",
          "kind": "event",
          "original": "<Event xmlns='http://schemas.microsoft.com/win/2004/08/events/event'><System><Provider Name='Microsoft-Windows-Sysmon' Guid='{5770385f-c22a-43e0-bf4c-06f5698ffbd9}'/><EventID>22</EventID><Version>5</Version><Level>4</Level><Task>22</Task><Opcode>0</Opcode><Keywords>0x8000000000000000</Keywords><TimeCreated SystemTime='2019-07-18T03:34:09.053900700Z'/><EventRecordID>187</EventRecordID><Correlation/><Execution ProcessID='2828' ThreadID='1684'/><Channel>Microsoft-Windows-Sysmon/Operational</Channel><Computer>vagrant-2016</Computer><Security UserID='S-1-5-18'/></System><EventData><Data Name='RuleName'></Data><Data Name='UtcTime'>2019-07-18 03:34:08.070</Data><Data Name='ProcessGuid'>{fa4a0de6-e8a9-5d2f-0000-001053699900}</Data><Data Name='ProcessId'>2736</Data><Data Name='QueryName'>tps618.doubleverify.com</Data><Data Name='QueryStatus'>0</Data><Data Name='QueryResults'>type:  5 nycp-hlb.doubleverify.com;type:  5 nycp-hlb.dvgtm.akadns.net;::ffff:89.160.20.156;</Data><Data Name='Image'>C:\\Program Files (x86)\\Internet Explorer\\iexplore.exe</Data></EventData></Event>",
          "provider": "Microsoft-Windows-Sysmon",
          "type": [
            "connection",
            "protocol",
            "info"
          ]
        },
        "log": {
          "level": "information"
        },
        "network": {
          "protocol": "dns"
        },
        "process": {
          "entity_id": "{fa4a0de6-e8a9-5d2f-0000-001053699900}",
          "executable": "C:\\Program Files (x86)\\Internet Explorer\\iexplore.exe",
          "name": "iexplore.exe",
          "pid": 2736
        },
        "related": {
          "hosts": [
            "nycp-hlb.doubleverify.com",
            "nycp-hlb.dvgtm.akadns.net",
            "tps618.doubleverify.com"
          ],
          "ip": [
            "89.160.20.156"
          ]
        },
        "sysmon": {
          "dns": {
            "status": "SUCCESS"
          }
        },
        "user": {
          "id": "S-1-5-18"
        },
        "winlog": {
          "channel": "Microsoft-Windows-Sysmon/Operational",
          "computer_name": "vagrant-2016",
          "event_id": "22",
          "opcode": "Info",
          "process": {
            "pid": 2828,
            "thread": {
              "id": 1684
            }
          },
          "provider_guid": "{5770385f-c22a-43e0-bf4c-06f5698ffbd9}",
          "provider_name": "Microsoft-Windows-Sysmon",
          "record_id": "187",
          "user": {
            "identifier": "S-1-5-18"
          },
          "version": 5
        }
      }
    },
    {
      "data_stream": "sysmon_operational",
      "package": "windows",
      "source": "test/test-events.json-expected.json",
      "sample_event": {
        "@timestamp": "2019-07-18T03:34:08.090Z",
        "dns": {
          "answers": [
            {
              "data": "gslb-2.demdex.net",
              "type": "CNAME"
            },
            {
              "data": "edge-va6.demdex.net",
              "type": "CNAME"
            },
            {
              "data": "dcs-edge-va6-802167536.us-east-1.elb.amazonaws.com",
              "type": "CNAME"
            },
            {
              "data": "89.160.20.156",
              "type": "A"
            },
            {
              "data": "89.160.20.156",
              "type": "A"
            },
            {
              "data": "89.160.20.156",
              "type": "A"
            },
            {
              "data": "89.160.20.156",
              "type": "A"
            },
            {
              "data": "89.160.20.156",
              "type": "A"
            },
            {
              "data": "89.160.20.156",
              "type": "A"
            },
            {
              "data": "89.160.20.156",
              "type": "A"
            },
            {
              "data": "89.160.20.156",
              "type": "A"
            },
            {
              "data": "192.168.6.30",
              "type": "A"
            }
          ],
          "question": {
            "name": "dpm.demdex.net",
            "registered_domain": "demdex.net",
            "subdomain": "dpm",
            "top_level_domain": "net"
          },
          "resolved_ip": [
            "89.160.20.156",
            "89.160.20.156",
            "89.160.20.156",
            "89.160.20.156",
            "89.160.20.156",
            "89.160.20.156",
            "89.160.20.156",
            "89.160.20.156",
            "192.168.6.30"
          ]
        },
        "ecs": {
          "version": "8.17.0"
        },
        "event": {
          "action": "DNSEvent (DNS query)",
          "category": [
            "network"
          ],
          "code": "22",
          "created": "2019-07-18T03:34:09.053Z",
          "kind": "event",
          "original": "<Event xmlns='http://schemas.microsoft.com/win/2004/08/events/event'><System><Provider Name='Microsoft-Windows-Sysmon' Guid='{5770385f-c22a-43e0-bf4c-06f5698ffbd9}'/><EventID>22</EventID><Version>5</Version><Level>4</Level><Task>22</Task><Opcode>0</Opcode><Keywords>0x8000000000000000</Keywords><TimeCreated SystemTime='2019-07-18T03:34:09.053914100Z'/><EventRecordID>188</EventRecordID><Correlation/><Execution ProcessID='2828' ThreadID='1684'/><Channel>Microsoft-Windows-Sysmon/Operational</Channel><Computer>vagrant-2016</Computer><Security UserID='S-1-5-18'/></System><EventData><Data Name='RuleName'></Data><Data Name='UtcTime'>2019-07-18 03:34:08.090</Data><Data Name='ProcessGuid'>{fa4a0de6-e8a9-5d2f-0000-001053699900}</Data><Data Name='ProcessId'>2736</Data><Data Name='QueryName'>dpm.demdex.net</Data><Data Name='QueryStatus'>0</Data><Data Name='QueryResults'>type:  5 gslb-2.demdex.net;type:  5 edge-va6.demdex.net;type:  5 dcs-edge-va6-802167536.us-east-1.elb.amazonaws.com;::ffff:89.160.20.156;::ffff:89.160.20.156;::ffff:89.160.20.156;::ffff:89.160.20.156;::ffff:89.160.20.156;::ffff:89.160.20.156;::ffff:89.160.20.156;::ffff:89.160.20.156;192.168.6.30;</Data><Data Name='Image'>C:\\Program Files (x86)\\Internet Explorer\\iexplore.exe</Data></EventData></Event>",
          "provider": "Microsoft-Windows-Sysmon",
          "type": [
            "connection",
            "protocol",
            "info"
          ]
        },
        "log": {
          "level": "information"
        },
        "network": {
          "protocol": "dns"
        },
        "process": {
          "entity_id": "{fa4a0de6-e8a9-5d2f-0000-001053699900}",
          "executable": "C:\\Program Files (x86)\\Internet Explorer\\iexplore.exe",
          "name": "iexplore.exe",
          "pid": 2736
        },
        "related": {
          "hosts": [
            "gslb-2.demdex.net",
            "edge-va6.demdex.net",
            "dcs-edge-va6-802167536.us-east-1.elb.amazonaws.com",
            "dpm.demdex.net"
          ],
          "ip": [
            "89.160.20.156",
            "192.168.6.30"
          ]
        },
        "sysmon": {
          "dns": {
            "status": "SUCCESS"
          }
        },
        "user": {
          "id": "S-1-5-18"
        },
        "winlog": {
          "channel": "Microsoft-Windows-Sysmon/Operational",
          "computer_name": "vagrant-2016",
          "event_id": "22",
          "opcode": "Info",
          "process": {
            "pid": 2828,
            "thread": {
              "id": 1684
            }
          },
          "provider_guid": "{5770385f-c22a-43e0-bf4c-06f5698ffbd9}",
          "provider_name": "Microsoft-Windows-Sysmon",
          "record_id": "188",
          "user": {
            "identifier": "S-1-5-18"
          },
          "version": 5
        }
      }
    },
    {
      "data_stream": "sysmon_operational",
      "package": "windows",
      "source": "test/test-events.json-expected.json",
      "sample_event": {
        "@timestamp": "2019-07-18T03:34:08.308Z",
        "dns": {
          "answers": [
            {
              "data": "g.geogslb.com",
              "type": "CNAME"
            },
            {
              "data": "ib.anycast.adnxs.com",
              "type": "CNAME"
            },
            {
              "data": "89.160.20.156",
              "type": "A"
            },
            {
              "data": "89.160.20.156",
              "type": "A"
            },
            {
              "data": "89.160.20.156",
              "type": "A"
            },
            {
              "data": "89.160.20.156",
              "type": "A"
            },
            {
              "data": "89.160.20.156",
              "type": "A"
            },
            {
              "data": "89.160.20.156",
              "type": "A"
            },
            {
              "data": "89.160.20.156",
              "type": "A"
            },
            {
              "data": "89.160.20.156",
              "type": "A"
            },
            {
              "data": "192.168.6.30",
              "type": "A"
            },
            {
              "data": "2a02:cf40:a83e::2:30",
              "type": "AAAA"
            },
            {
              "data": "192.168.14.30",
              "type": "A"
            }
          ],
          "question": {
            "name": "secure.adnxs.com",
            "registered_domain": "adnxs.com",
            "subdomain": "secure",
            "top_level_domain": "com"
          },
          "resolved_ip": [
            "89.160.20.156",
            "89.160.20.156",
            "89.160.20.156",
            "89.160.20.156",
            "89.160.20.156",
            "89.160.20.156",
            "89.160.20.156",
            "89.160.20.156",
            "192.168.6.30",
            "2a02:cf40:a83e::2:30",
            "192.168.14.30"
          ]
        },
        "ecs": {
          "version": "8.17.0"
        },
        "event": {
          "action": "DNSEvent (DNS query)",
          "category": [
            "network"
          ],
          "code": "22",
          "created": "2019-07-18T03:34:09.053Z",
          "kind": "event",
          "original": "<Event xmlns='http://schemas.microsoft.com/win/2004/08/events/event'><System><Provider Name='Microsoft-Windows-Sysmon' Guid='{5770385f-c22a-43e0-bf4c-06f5698ffbd9}'/><EventID>22</EventID><Version>5</Version><Level>4</Level><Task>22</Task><Opcode>0</Opcode><Keywords>0x8000000000000000</Keywords><TimeCreated SystemTime='2019-07-18T03:34:09.053938800Z'/><EventRecordID>189</EventRecordID><Correlation/><Execution ProcessID='2828' ThreadID='1684'/><Channel>Microsoft-Windows-Sysmon/Operational</Channel><Computer>vagrant-2016</Computer><Security UserID='S-1-5-18'/></System><EventData><Data Name='RuleName'></Data><Data Name='UtcTime'>2019-07-18 03:34:08.308</Data><Data Name='ProcessGuid'>{fa4a0de6-e8a9-5d2f-0000-001053699900}</Data><Data Name='ProcessId'>2736</Data><Data Name='QueryName'>secure.adnxs.com</Data><Data Name='QueryStatus'>0</Data><Data Name='QueryResults'>type:  5 g.geogslb.com;type:  5 ib.anycast.adnxs.com;::ffff:89.160.20.156;::ffff:89.160.20.156;::ffff:89.160.20.156;::ffff:89.160.20.156;::ffff:89.160.20.156;::ffff:89.160.20.156;::ffff:89.160.20.156;::ffff:89.160.20.156;192.168.6.30;2a02:cf40:a83e::2:30;192.168.14.30;</Data><Data Name='Image'>C:\\Program Files (x86)\\Internet Explorer\\iexplore.exe</Data></EventData></Event>",
          "provider": "Microsoft-Windows-Sysmon",
          "type": [
            "connection",
            "protocol",
            "info"
          ]
        },
        "log": {
          "level": "information"
        },
        "network": {
          "protocol": "dns"
        },
        "process": {
          "entity_id": "{fa4a0de6-e8a9-5d2f-0000-001053699900}",
          "executable": "C:\\Program Files (x86)\\Internet Explorer\\iexplore.exe",
          "name": "iexplore.exe",
          "pid": 2736
        },
        "related": {
          "hosts": [
            "g.geogslb.com",
            "ib.anycast.adnxs.com",
            "secure.adnxs.com"
          ],
          "ip": [
            "89.160.20.156",
            "192.168.6.30",
            "2a02:cf40:a83e::2:30",
            "192.168.14.30"
          ]
        },
        "sysmon": {
          "dns": {
            "status": "SUCCESS"
          }
        },
        "user": {
          "id": "S-1-5-18"
        },
        "winlog": {
          "channel": "Microsoft-Windows-Sysmon/Operational",
          "computer_name": "vagrant-2016",
          "event_id": "22",
          "opcode": "Info",
          "process": {
            "pid": 2828,
            "thread": {
              "id": 1684
            }
          },
          "provider_guid": "{5770385f-c22a-43e0-bf4c-06f5698ffbd9}",
          "provider_name": "Microsoft-Windows-Sysmon",
          "record_id": "189",
          "user": {
            "identifier": "S-1-5-18"
          },
          "version": 5
        }
      }
    },
    {
      "data_stream": "sysmon_operational",
      "package": "windows",
      "source": "test/test-events.json-expected.json",
      "sample_event": {
        "@timestamp": "2019-07-18T03:34:08.478Z",
        "dns": {
          "answers": [
            {
              "data": "tps-geo.dvgtm.akadns.net",
              "type": "CNAME"
            },
            {
              "data": "nycp-hlb.dvgtm.akadns.net",
              "type": "CNAME"
            },
            {
              "data": "89.160.20.156",
              "type": "A"
            }
          ],
          "question": {
            "name": "tps.doubleverify.com",
            "registered_domain": "doubleverify.com",
            "subdomain": "tps",
            "top_level_domain": "com"
          },
          "resolved_ip": [
            "89.160.20.156"
          ]
        },
        "ecs": {
          "version": "8.17.0"
        },
        "event": {
          "action": "DNSEvent (DNS query)",
          "category": [
            "network"
          ],
          "code": "22",
          "created": "2019-07-18T03:34:09.053Z",
          "kind": "event",
          "original": "<Event xmlns='http://schemas.microsoft.com/win/2004/08/events/event'><System><Provider Name='Microsoft-Windows-Sysmon' Guid='{5770385f-c22a-43e0-bf4c-06f5698ffbd9}'/><EventID>22</EventID><Version>5</Version><Level>4</Level><Task>22</Task><Opcode>0</Opcode><Keywords>0x8000000000000000</Keywords><TimeCreated SystemTime='2019-07-18T03:34:09.053949300Z'/><EventRecordID>190</EventRecordID><Correlation/><Execution ProcessID='2828' ThreadID='1684'/><Channel>Microsoft-Windows-Sysmon/Operational</Channel><Computer>vagrant-2016</Computer><Security UserID='S-1-5-18'/></System><EventData><Data Name='RuleName'></Data><Data Name='UtcTime'>2019-07-18 03:34:08.478</Data><Data Name='ProcessGuid'>{fa4a0de6-e8a9-5d2f-0000-001053699900}</Data><Data Name='ProcessId'>2736</Data><Data Name='QueryName'>tps.doubleverify.com</Data><Data Name='QueryStatus'>0</Data><Data Name='QueryResults'>type:  5 tps-geo.dvgtm.akadns.net;type:  5 nycp-hlb.dvgtm.akadns.net;::ffff:89.160.20.156;</Data><Data Name='Image'>C:\\Program Files (x86)\\Internet Explorer\\iexplore.exe</Data></EventData></Event>",
          "provider": "Microsoft-Windows-Sysmon",
          "type": [
            "connection",
            "protocol",
            "info"
          ]
        },
        "log": {
          "level": "information"
        },
        "network": {
          "protocol": "dns"
        },
        "process": {
          "entity_id": "{fa4a0de6-e8a9-5d2f-0000-001053699900}",
          "executable": "C:\\Program Files (x86)\\Internet Explorer\\iexplore.exe",
          "name": "iexplore.exe",
          "pid": 2736
        },
        "related": {
          "hosts": [
            "tps-geo.dvgtm.akadns.net",
            "nycp-hlb.dvgtm.akadns.net",
            "tps.doubleverify.com"
          ],
          "ip": [
            "89.160.20.156"
          ]
        },
        "sysmon": {
          "dns": {
            "status": "SUCCESS"
          }
        },
        "user": {
          "id": "S-1-5-18"
        },
        "winlog": {
          "channel": "Microsoft-Windows-Sysmon/Operational",
          "computer_name": "vagrant-2016",
          "event_id": "22",
          "opcode": "Info",
          "process": {
            "pid": 2828,
            "thread": {
              "id": 1684
            }
          },
          "provider_guid": "{5770385f-c22a-43e0-bf4c-06f5698ffbd9}",
          "provider_name": "Microsoft-Windows-Sysmon",
          "record_id": "190",
          "user": {
            "identifier": "S-1-5-18"
          },
          "version": 5
        }
      }
    },
    {
      "data_stream": "sysmon_operational",
      "package": "windows",
      "source": "test/test-events.json-expected.json",
      "sample_event": {
        "@timestamp": "2019-07-18T03:34:08.536Z",
        "dns": {
          "answers": [
            {
              "data": "idaas-production.us-east-1.elasticbeanstalk.com",
              "type": "CNAME"
            },
            {
              "data": "89.160.20.156",
              "type": "A"
            },
            {
              "data": "89.160.20.156",
              "type": "A"
            },
            {
              "data": "89.160.20.156",
              "type": "A"
            },
            {
              "data": "89.160.20.156",
              "type": "A"
            },
            {
              "data": "89.160.20.156",
              "type": "A"
            },
            {
              "data": "89.160.20.156",
              "type": "A"
            },
            {
              "data": "89.160.20.156",
              "type": "A"
            },
            {
              "data": "89.160.20.156",
              "type": "A"
            },
            {
              "data": "192.168.6.30",
              "type": "A"
            },
            {
              "data": "2a02:cf40:a83e::2:30",
              "type": "AAAA"
            },
            {
              "data": "192.168.14.30",
              "type": "A"
            }
          ],
          "question": {
            "name": "i.liadm.com",
            "registered_domain": "liadm.com",
            "subdomain": "i",
            "top_level_domain": "com"
          },
          "resolved_ip": [
            "89.160.20.156",
            "89.160.20.156",
            "89.160.20.156",
            "89.160.20.156",
            "89.160.20.156",
            "89.160.20.156",
            "89.160.20.156",
            "89.160.20.156",
            "192.168.6.30",
            "2a02:cf40:a83e::2:30",
            "192.168.14.30"
          ]
        },
        "ecs": {
          "version": "8.17.0"
        },
        "event": {
          "action": "DNSEvent (DNS query)",
          "category": [
            "network"
          ],
          "code": "22",
          "created": "2019-07-18T03:34:09.067Z",
          "kind": "event",
          "original": "<Event xmlns='http://schemas.microsoft.com/win/2004/08/events/event'><System><Provider Name='Microsoft-Windows-Sysmon' Guid='{5770385f-c22a-43e0-bf4c-06f5698ffbd9}'/><EventID>22</EventID><Version>5</Version><Level>4</Level><Task>22</Task><Opcode>0</Opcode><Keywords>0x8000000000000000</Keywords><TimeCreated SystemTime='2019-07-18T03:34:09.067752300Z'/><EventRecordID>191</EventRecordID><Correlation/><Execution ProcessID='2828' ThreadID='1684'/><Channel>Microsoft-Windows-Sysmon/Operational</Channel><Computer>vagrant-2016</Computer><Security UserID='S-1-5-18'/></System><EventData><Data Name='RuleName'></Data><Data Name='UtcTime'>2019-07-18 03:34:08.536</Data><Data Name='ProcessGuid'>{fa4a0de6-e8a9-5d2f-0000-001053699900}</Data><Data Name='ProcessId'>2736</Data><Data Name='QueryName'>i.liadm.com</Data><Data Name='QueryStatus'>0</Data><Data Name='QueryResults'>type:  5 idaas-production.us-east-1.elasticbeanstalk.com;::ffff:89.160.20.156;::ffff:89.160.20.156;::ffff:89.160.20.156;::ffff:89.160.20.156;::ffff:89.160.20.156;::ffff:89.160.20.156;::ffff:89.160.20.156;::ffff:89.160.20.156;192.168.6.30;2a02:cf40:a83e::2:30;192.168.14.30;</Data><Data Name='Image'>C:\\Program Files (x86)\\Internet Explorer\\iexplore.exe</Data></EventData></Event>",
          "provider": "Microsoft-Windows-Sysmon",
          "type": [
            "connection",
            "protocol",
            "info"
          ]
        },
        "log": {
          "level": "information"
        },
        "network": {
          "protocol": "dns"
        },
        "process": {
          "entity_id": "{fa4a0de6-e8a9-5d2f-0000-001053699900}",
          "executable": "C:\\Program Files (x86)\\Internet Explorer\\iexplore.exe",
          "name": "iexplore.exe",
          "pid": 2736
        },
        "related": {
          "hosts": [
            "idaas-production.us-east-1.elasticbeanstalk.com",
            "i.liadm.com"
          ],
          "ip": [
            "89.160.20.156",
            "192.168.6.30",
            "2a02:cf40:a83e::2:30",
            "192.168.14.30"
          ]
        },
        "sysmon": {
          "dns": {
            "status": "SUCCESS"
          }
        },
        "user": {
          "id": "S-1-5-18"
        },
        "winlog": {
          "channel": "Microsoft-Windows-Sysmon/Operational",
          "computer_name": "vagrant-2016",
          "event_id": "22",
          "opcode": "Info",
          "process": {
            "pid": 2828,
            "thread": {
              "id": 1684
            }
          },
          "provider_guid": "{5770385f-c22a-43e0-bf4c-06f5698ffbd9}",
          "provider_name": "Microsoft-Windows-Sysmon",
          "record_id": "191",
          "user": {
            "identifier": "S-1-5-18"
          },
          "version": 5
        }
      }
    },
    {
      "data_stream": "sysmon_operational",
      "package": "windows",
      "source": "test/test-events.json-expected.json",
      "sample_event": {
        "@timestamp": "2019-07-18T03:34:08.544Z",
        "dns": {
          "answers": [
            {
              "data": "89.160.20.156",
              "type": "A"
            },
            {
              "data": "192.168.6.30",
              "type": "A"
            },
            {
              "data": "2a02:cf40:a83e::2:30",
              "type": "AAAA"
            },
            {
              "data": "192.168.14.30",
              "type": "A"
            },
            {
              "data": "2a02:cf40:231d::2:30",
              "type": "AAAA"
            },
            {
              "data": "192.168.92.30",
              "type": "A"
            },
            {
              "data": "2a02:cf40:83eb::30",
              "type": "AAAA"
            },
            {
              "data": "192.168.80.30",
              "type": "A"
            },
            {
              "data": "2a02:cf40:856e::30",
              "type": "AAAA"
            },
            {
              "data": "192.168.94.30",
              "type": "A"
            },
            {
              "data": "2a02:cf40:1ca1::30",
              "type": "AAAA"
            },
            {
              "data": "192.168.51.30",
              "type": "A"
            }
          ],
          "question": {
            "name": "pixel.s3xified.com",
            "registered_domain": "s3xified.com",
            "subdomain": "pixel",
            "top_level_domain": "com"
          },
          "resolved_ip": [
            "89.160.20.156",
            "192.168.6.30",
            "2a02:cf40:a83e::2:30",
            "192.168.14.30",
            "2a02:cf40:231d::2:30",
            "192.168.92.30",
            "2a02:cf40:83eb::30",
            "192.168.80.30",
            "2a02:cf40:856e::30",
            "192.168.94.30",
            "2a02:cf40:1ca1::30",
            "192.168.51.30"
          ]
        },
        "ecs": {
          "version": "8.17.0"
        },
        "event": {
          "action": "DNSEvent (DNS query)",
          "category": [
            "network"
          ],
          "code": "22",
          "created": "2019-07-18T03:34:09.067Z",
          "kind": "event",
          "original": "<Event xmlns='http://schemas.microsoft.com/win/2004/08/events/event'><System><Provider Name='Microsoft-Windows-Sysmon' Guid='{5770385f-c22a-43e0-bf4c-06f5698ffbd9}'/><EventID>22</EventID><Version>5</Version><Level>4</Level><Task>22</Task><Opcode>0</Opcode><Keywords>0x8000000000000000</Keywords><TimeCreated SystemTime='2019-07-18T03:34:09.067766000Z'/><EventRecordID>192</EventRecordID><Correlation/><Execution ProcessID='2828' ThreadID='1684'/><Channel>Microsoft-Windows-Sysmon/Operational</Channel><Computer>vagrant-2016</Computer><Security UserID='S-1-5-18'/></System><EventData><Data Name='RuleName'></Data><Data Name='UtcTime'>2019-07-18 03:34:08.544</Data><Data Name='ProcessGuid'>{fa4a0de6-e8a9-5d2f-0000-001053699900}</Data><Data Name='ProcessId'>2736</Data><Data Name='QueryName'>pixel.s3xified.com</Data><Data Name='QueryStatus'>0</Data><Data Name='QueryResults'>::ffff:89.160.20.156;192.168.6.30;2a02:cf40:a83e::2:30;192.168.14.30;2a02:cf40:231d::2:30;192.168.92.30;2a02:cf40:83eb::30;192.168.80.30;2a02:cf40:856e::30;192.168.94.30;2a02:cf40:1ca1::30;192.168.51.30;</Data><Data Name='Image'>C:\\Program Files (x86)\\Internet Explorer\\iexplore.exe</Data></EventData></Event>",
          "provider": "Microsoft-Windows-Sysmon",
          "type": [
            "connection",
            "protocol",
            "info"
          ]
        },
        "log": {
          "level": "information"
        },
        "network": {
          "protocol": "dns"
        },
        "process": {
          "entity_id": "{fa4a0de6-e8a9-5d2f-0000-001053699900}",
          "executable": "C:\\Program Files (x86)\\Internet Explorer\\iexplore.exe",
          "name": "iexplore.exe",
          "pid": 2736
        },
        "related": {
          "hosts": [
            "pixel.s3xified.com"
          ],
          "ip": [
            "89.160.20.156",
            "192.168.6.30",
            "2a02:cf40:a83e::2:30",
            "192.168.14.30",
            "2a02:cf40:231d::2:30",
            "192.168.92.30",
            "2a02:cf40:83eb::30",
            "192.168.80.30",
            "2a02:cf40:856e::30",
            "192.168.94.30",
            "2a02:cf40:1ca1::30",
            "192.168.51.30"
          ]
        },
        "sysmon": {
          "dns": {
            "status": "SUCCESS"
          }
        },
        "user": {
          "id": "S-1-5-18"
        },
        "winlog": {
          "channel": "Microsoft-Windows-Sysmon/Operational",
          "computer_name": "vagrant-2016",
          "event_id": "22",
          "opcode": "Info",
          "process": {
            "pid": 2828,
            "thread": {
              "id": 1684
            }
          },
          "provider_guid": "{5770385f-c22a-43e0-bf4c-06f5698ffbd9}",
          "provider_name": "Microsoft-Windows-Sysmon",
          "record_id": "192",
          "user": {
            "identifier": "S-1-5-18"
          },
          "version": 5
        }
      }
    },
    {
      "data_stream": "sysmon_operational",
      "package": "windows",
      "source": "test/test-events.json-expected.json",
      "sample_event": {
        "@timestamp": "2019-07-18T03:34:08.550Z",
        "dns": {
          "answers": [
            {
              "data": "89.160.20.156",
              "type": "A"
            },
            {
              "data": "89.160.20.156",
              "type": "A"
            },
            {
              "data": "192.168.6.30",
              "type": "A"
            },
            {
              "data": "2a02:cf40:a83e::2:30",
              "type": "AAAA"
            },
            {
              "data": "192.168.14.30",
              "type": "A"
            },
            {
              "data": "2a02:cf40:231d::2:30",
              "type": "AAAA"
            },
            {
              "data": "192.168.92.30",
              "type": "A"
            },
            {
              "data": "2a02:cf40:83eb::30",
              "type": "AAAA"
            },
            {
              "data": "192.168.80.30",
              "type": "A"
            },
            {
              "data": "2a02:cf40:856e::30",
              "type": "AAAA"
            },
            {
              "data": "192.168.94.30",
              "type": "A"
            }
          ],
          "question": {
            "name": "router.infolinks.com",
            "registered_domain": "infolinks.com",
            "subdomain": "router",
            "top_level_domain": "com"
          },
          "resolved_ip": [
            "89.160.20.156",
            "89.160.20.156",
            "192.168.6.30",
            "2a02:cf40:a83e::2:30",
            "192.168.14.30",
            "2a02:cf40:231d::2:30",
            "192.168.92.30",
            "2a02:cf40:83eb::30",
            "192.168.80.30",
            "2a02:cf40:856e::30",
            "192.168.94.30"
          ]
        },
        "ecs": {
          "version": "8.17.0"
        },
        "event": {
          "action": "DNSEvent (DNS query)",
          "category": [
            "network"
          ],
          "code": "22",
          "created": "2019-07-18T03:34:09.067Z",
          "kind": "event",
          "original": "<Event xmlns='http://schemas.microsoft.com/win/2004/08/events/event'><System><Provider Name='Microsoft-Windows-Sysmon' Guid='{5770385f-c22a-43e0-bf4c-06f5698ffbd9}'/><EventID>22</EventID><Version>5</Version><Level>4</Level><Task>22</Task><Opcode>0</Opcode><Keywords>0x8000000000000000</Keywords><TimeCreated SystemTime='2019-07-18T03:34:09.067776600Z'/><EventRecordID>193</EventRecordID><Correlation/><Execution ProcessID='2828' ThreadID='1684'/><Channel>Microsoft-Windows-Sysmon/Operational</Channel><Computer>vagrant-2016</Computer><Security UserID='S-1-5-18'/></System><EventData><Data Name='RuleName'></Data><Data Name='UtcTime'>2019-07-18 03:34:08.550</Data><Data Name='ProcessGuid'>{fa4a0de6-e8a9-5d2f-0000-001053699900}</Data><Data Name='ProcessId'>2736</Data><Data Name='QueryName'>router.infolinks.com</Data><Data Name='QueryStatus'>0</Data><Data Name='QueryResults'>::ffff:89.160.20.156;::ffff:89.160.20.156;192.168.6.30;2a02:cf40:a83e::2:30;192.168.14.30;2a02:cf40:231d::2:30;192.168.92.30;2a02:cf40:83eb::30;192.168.80.30;2a02:cf40:856e::30;192.168.94.30;</Data><Data Name='Image'>C:\\Program Files (x86)\\Internet Explorer\\iexplore.exe</Data></EventData></Event>",
          "provider": "Microsoft-Windows-Sysmon",
          "type": [
            "connection",
            "protocol",
            "info"
          ]
        },
        "log": {
          "level": "information"
        },
        "network": {
          "protocol": "dns"
        },
        "process": {
          "entity_id": "{fa4a0de6-e8a9-5d2f-0000-001053699900}",
          "executable": "C:\\Program Files (x86)\\Internet Explorer\\iexplore.exe",
          "name": "iexplore.exe",
          "pid": 2736
        },
        "related": {
          "hosts": [
            "router.infolinks.com"
          ],
          "ip": [
            "89.160.20.156",
            "192.168.6.30",
            "2a02:cf40:a83e::2:30",
            "192.168.14.30",
            "2a02:cf40:231d::2:30",
            "192.168.92.30",
            "2a02:cf40:83eb::30",
            "192.168.80.30",
            "2a02:cf40:856e::30",
            "192.168.94.30"
          ]
        },
        "sysmon": {
          "dns": {
            "status": "SUCCESS"
          }
        },
        "user": {
          "id": "S-1-5-18"
        },
        "winlog": {
          "channel": "Microsoft-Windows-Sysmon/Operational",
          "computer_name": "vagrant-2016",
          "event_id": "22",
          "opcode": "Info",
          "process": {
            "pid": 2828,
            "thread": {
              "id": 1684
            }
          },
          "provider_guid": "{5770385f-c22a-43e0-bf4c-06f5698ffbd9}",
          "provider_name": "Microsoft-Windows-Sysmon",
          "record_id": "193",
          "user": {
            "identifier": "S-1-5-18"
          },
          "version": 5
        }
      }
    },
