    {
      "data_stream": "sysmon_operational",
      "package": "windows",
      "source": "test/test-events.json",
      "sample_event": {
        "@timestamp": "2021-05-05T15:30:51.712Z",
        "event": {
          "kind": "event",
          "provider": "Microsoft-Windows-Sysmon",
          "original": "<Event xmlns='http://schemas.microsoft.com/win/2004/08/events/event'><System><Provider Name='Microsoft-Windows-Sysmon' Guid='{5770385f-c22a-43e0-bf4c-06f5698ffbd9}'/><EventID>22</EventID><Version>5</Version><Level>4</Level><Task>22</Task><Opcode>0</Opcode><Keywords>0x8000000000000000</Keywords><TimeCreated SystemTime='2019-07-18T03:34:17.272134300Z'/><EventRecordID>214</EventRecordID><Correlation/><Execution ProcessID='2828' ThreadID='1684'/><Channel>Microsoft-Windows-Sysmon/Operational</Channel><Computer>vagrant-2016</Computer><Security UserID='S-1-5-18'/></System><EventData><Data Name='RuleName'></Data><Data Name='UtcTime'>2019-07-18 03:34:16.482</Data><Data Name='ProcessGuid'>{fa4a0de6-e8a9-5d2f-0000-001053699900}</Data><Data Name='ProcessId'>2736</Data><Data Name='QueryName'>syndication.twitter.com</Data><Data Name='QueryStatus'>0</Data><Data Name='QueryResults'>::ffff:89.160.20.156;::ffff:89.160.20.156;::ffff:89.160.20.156;::ffff:89.160.20.156;192.168.6.30;2a02:cf40:a83e::2:30;192.168.14.30;2a02:cf40:231d::2:30;192.168.92.30;2a02:cf40:83eb::30;192.168.80.30;2a02:cf40:856e::30;</Data><Data Name='Image'>C:\\Program Files (x86)\\Internet Explorer\\iexplore.exe</Data></EventData></Event>",
          "code": "22"
        },
        "winlog": {
          "version": 5,
          "time_created": "2019-07-18T03:34:17.272Z",
          "level": "information",
          "user": {
            "identifier": "S-1-5-18"
          },
          "channel": "Microsoft-Windows-Sysmon/Operational",
          "provider_name": "Microsoft-Windows-Sysmon",
          "opcode": "Info",
          "provider_guid": "{5770385f-c22a-43e0-bf4c-06f5698ffbd9}",
          "process": {
            "pid": 2828,
            "thread": {
              "id": 1684
            }
          },
          "event_id": "22",
          "record_id": 214,
          "computer_name": "vagrant-2016",
          "event_data": {
            "Image": "C:\\Program Files (x86)\\Internet Explorer\\iexplore.exe",
            "UtcTime": "2019-07-18 03:34:16.482",
            "ProcessGuid": "{fa4a0de6-e8a9-5d2f-0000-001053699900}",
            "ProcessId": "2736",
            "QueryName": "syndication.twitter.com",
            "QueryStatus": "0",
            "QueryResults": "::ffff:89.160.20.156;::ffff:89.160.20.156;::ffff:89.160.20.156;::ffff:89.160.20.156;192.168.6.30;2a02:cf40:a83e::2:30;192.168.14.30;2a02:cf40:231d::2:30;192.168.92.30;2a02:cf40:83eb::30;192.168.80.30;2a02:cf40:856e::30;"
          }
        },
        "log": {
          "level": "information"
        }
      }
    },
    {
      "data_stream": "sysmon_operational",
      "package": "windows",
      "source": "test/test-events.json",
      "sample_event": {
        "@timestamp": "2021-05-05T15:30:51.712Z",
        "winlog": {
          "opcode": "Info",
          "provider_guid": "{5770385f-c22a-43e0-bf4c-06f5698ffbd9}",
          "level": "information",
          "user": {
            "identifier": "S-1-5-18"
          },
          "event_data": {
            "ProcessGuid": "{fa4a0de6-e8a9-5d2f-0000-001053699900}",
            "ProcessId": "2736",
            "QueryName": "ade.googlesyndication.com",
            "QueryStatus": "0",
            "QueryResults": "type:  5 pagead.l.doubleclick.net;::ffff:89.160.20.156;",
            "Image": "C:\\Program Files (x86)\\Internet Explorer\\iexplore.exe",
            "UtcTime": "2019-07-18 03:34:19.578"
          },
          "channel": "Microsoft-Windows-Sysmon/Operational",
          "event_id": "22",
          "provider_name": "Microsoft-Windows-Sysmon",
          "record_id": 215,
          "computer_name": "vagrant-2016",
          "version": 5,
          "time_created": "2019-07-18T03:34:21.552Z",
          "process": {
            "pid": 2828,
            "thread": {
              "id": 1684
            }
          }
        },
        "event": {
          "original": "<Event xmlns='http://schemas.microsoft.com/win/2004/08/events/event'><System><Provider Name='Microsoft-Windows-Sysmon' Guid='{5770385f-c22a-43e0-bf4c-06f5698ffbd9}'/><EventID>22</EventID><Version>5</Version><Level>4</Level><Task>22</Task><Opcode>0</Opcode><Keywords>0x8000000000000000</Keywords><TimeCreated SystemTime='2019-07-18T03:34:21.552490900Z'/><EventRecordID>215</EventRecordID><Correlation/><Execution ProcessID='2828' ThreadID='1684'/><Channel>Microsoft-Windows-Sysmon/Operational</Channel><Computer>vagrant-2016</Computer><Security UserID='S-1-5-18'/></System><EventData><Data Name='RuleName'></Data><Data Name='UtcTime'>2019-07-18 03:34:19.578</Data><Data Name='ProcessGuid'>{fa4a0de6-e8a9-5d2f-0000-001053699900}</Data><Data Name='ProcessId'>2736</Data><Data Name='QueryName'>ade.googlesyndication.com</Data><Data Name='QueryStatus'>0</Data><Data Name='QueryResults'>type:  5 pagead.l.doubleclick.net;::ffff:89.160.20.156;</Data><Data Name='Image'>C:\\Program Files (x86)\\Internet Explorer\\iexplore.exe</Data></EventData></Event>",
          "code": "22",
          "kind": "event",
          "provider": "Microsoft-Windows-Sysmon"
        },
        "log": {
          "level": "information"
        }
      }
    },
    {
      "data_stream": "sysmon_operational",
      "package": "windows",
      "source": "test/test-events.json",
      "sample_event": {
        "@timestamp": "2021-05-05T15:30:51.712Z",
        "event": {
          "provider": "Microsoft-Windows-Sysmon",
          "original": "<Event xmlns='http://schemas.microsoft.com/win/2004/08/events/event'><System><Provider Name='Microsoft-Windows-Sysmon' Guid='{5770385f-c22a-43e0-bf4c-06f5698ffbd9}'/><EventID>22</EventID><Version>5</Version><Level>4</Level><Task>22</Task><Opcode>0</Opcode><Keywords>0x8000000000000000</Keywords><TimeCreated SystemTime='2019-07-18T03:34:33.148104300Z'/><EventRecordID>216</EventRecordID><Correlation/><Execution ProcessID='2828' ThreadID='1684'/><Channel>Microsoft-Windows-Sysmon/Operational</Channel><Computer>vagrant-2016</Computer><Security UserID='S-1-5-18'/></System><EventData><Data Name='RuleName'></Data><Data Name='UtcTime'>2019-07-18 03:34:31.219</Data><Data Name='ProcessGuid'>{fa4a0de6-e8a8-5d2f-0000-001094619900}</Data><Data Name='ProcessId'>356</Data><Data Name='QueryName'>iecvlist.microsoft.com</Data><Data Name='QueryStatus'>0</Data><Data Name='QueryResults'>type:  5 ie9comview.vo.msecnd.net;type:  5 cs9.wpc.v0cdn.net;::ffff:89.160.20.156;</Data><Data Name='Image'>C:\\Program Files\\Internet Explorer\\iexplore.exe</Data></EventData></Event>",
          "code": "22",
          "kind": "event"
        },
        "log": {
          "level": "information"
        },
        "winlog": {
          "channel": "Microsoft-Windows-Sysmon/Operational",
          "event_id": "22",
          "record_id": 216,
          "provider_guid": "{5770385f-c22a-43e0-bf4c-06f5698ffbd9}",
          "time_created": "2019-07-18T03:34:33.148Z",
          "user": {
            "identifier": "S-1-5-18"
          },
          "event_data": {
            "UtcTime": "2019-07-18 03:34:31.219",
            "ProcessGuid": "{fa4a0de6-e8a8-5d2f-0000-001094619900}",
            "ProcessId": "356",
            "QueryName": "iecvlist.microsoft.com",
            "QueryStatus": "0",
            "QueryResults": "type:  5 ie9comview.vo.msecnd.net;type:  5 cs9.wpc.v0cdn.net;::ffff:89.160.20.156;",
            "Image": "C:\\Program Files\\Internet Explorer\\iexplore.exe"
          },
          "provider_name": "Microsoft-Windows-Sysmon",
          "computer_name": "vagrant-2016",
          "opcode": "Info",
          "version": 5,
          "level": "information",
          "process": {
            "thread": {
              "id": 1684
            },
            "pid": 2828
          }
        }
      }
    },
    {
      "data_stream": "sysmon_operational",
      "package": "windows",
      "source": "test/test-events.json",
      "sample_event": {
        "@timestamp": "2021-05-05T15:30:51.712Z",
        "winlog": {
          "provider_guid": "{5770385f-c22a-43e0-bf4c-06f5698ffbd9}",
          "version": 5,
          "level": "information",
          "event_data": {
            "UtcTime": "2019-07-18 03:39:02.752",
            "ProcessGuid": "{fa4a0de6-b1a2-5d2f-0000-00106aca0000}",
            "ProcessId": "844",
            "QueryName": "tsfe.trafficshaping.dsp.mp.microsoft.com",
            "QueryStatus": "0",
            "QueryResults": "type:  5 tsfe.trafficmanager.net;::ffff:89.160.20.156;",
            "Image": "C:\\Windows\\System32\\svchost.exe"
          },
          "process": {
            "pid": 2828,
            "thread": {
              "id": 1684
            }
          },
          "record_id": 220,
          "computer_name": "vagrant-2016",
          "provider_name": "Microsoft-Windows-Sysmon",
          "opcode": "Info",
          "time_created": "2019-07-18T03:39:03.685Z",
          "user": {
            "identifier": "S-1-5-18"
          },
          "channel": "Microsoft-Windows-Sysmon/Operational",
          "event_id": "22"
        },
        "log": {
          "level": "information"
        },
        "event": {
          "original": "<Event xmlns='http://schemas.microsoft.com/win/2004/08/events/event'><System><Provider Name='Microsoft-Windows-Sysmon' Guid='{5770385f-c22a-43e0-bf4c-06f5698ffbd9}'/><EventID>22</EventID><Version>5</Version><Level>4</Level><Task>22</Task><Opcode>0</Opcode><Keywords>0x8000000000000000</Keywords><TimeCreated SystemTime='2019-07-18T03:39:03.685690200Z'/><EventRecordID>220</EventRecordID><Correlation/><Execution ProcessID='2828' ThreadID='1684'/><Channel>Microsoft-Windows-Sysmon/Operational</Channel><Computer>vagrant-2016</Computer><Security UserID='S-1-5-18'/></System><EventData><Data Name='RuleName'></Data><Data Name='UtcTime'>2019-07-18 03:39:02.752</Data><Data Name='ProcessGuid'>{fa4a0de6-b1a2-5d2f-0000-00106aca0000}</Data><Data Name='ProcessId'>844</Data><Data Name='QueryName'>tsfe.trafficshaping.dsp.mp.microsoft.com</Data><Data Name='QueryStatus'>0</Data><Data Name='QueryResults'>type:  5 tsfe.trafficmanager.net;::ffff:89.160.20.156;</Data><Data Name='Image'>C:\\Windows\\System32\\svchost.exe</Data></EventData></Event>",
          "code": "22",
          "kind": "event",
          "provider": "Microsoft-Windows-Sysmon"
        }
      }
    },
    {
      "data_stream": "sysmon_operational",
      "package": "windows",
      "source": "test/test-events.json",
      "sample_event": {
        "@timestamp": "2021-05-05T15:30:51.712Z",
        "log": {
          "level": "information"
        },
        "event": {
          "original": "<Event xmlns='http://schemas.microsoft.com/win/2004/08/events/event'><System><Provider Name='Microsoft-Windows-Sysmon' Guid='{5770385f-c22a-43e0-bf4c-06f5698ffbd9}'/><EventID>22</EventID><Version>5</Version><Level>4</Level><Task>22</Task><Opcode>0</Opcode><Keywords>0x8000000000000000</Keywords><TimeCreated SystemTime='2019-07-18T03:39:22.432153100Z'/><EventRecordID>221</EventRecordID><Correlation/><Execution ProcessID='2828' ThreadID='1684'/><Channel>Microsoft-Windows-Sysmon/Operational</Channel><Computer>vagrant-2016</Computer><Security UserID='S-1-5-18'/></System><EventData><Data Name='RuleName'></Data><Data Name='UtcTime'>2019-07-18 03:39:20.413</Data><Data Name='ProcessGuid'>{fa4a0de6-b1a2-5d2f-0000-00106aca0000}</Data><Data Name='ProcessId'>844</Data><Data Name='QueryName'>isatap.local.crowbird.com</Data><Data Name='QueryStatus'>9003</Data><Data Name='QueryResults'></Data><Data Name='Image'>C:\\Windows\\System32\\svchost.exe</Data></EventData></Event>",
          "code": "22",
          "kind": "event",
          "provider": "Microsoft-Windows-Sysmon"
        },
        "winlog": {
          "event_id": "22",
          "provider_name": "Microsoft-Windows-Sysmon",
          "computer_name": "vagrant-2016",
          "provider_guid": "{5770385f-c22a-43e0-bf4c-06f5698ffbd9}",
          "time_created": "2019-07-18T03:39:22.432Z",
          "user": {
            "identifier": "S-1-5-18"
          },
          "channel": "Microsoft-Windows-Sysmon/Operational",
          "record_id": 221,
          "opcode": "Info",
          "version": 5,
          "level": "information",
          "event_data": {
            "QueryStatus": "9003",
            "Image": "C:\\Windows\\System32\\svchost.exe",
            "UtcTime": "2019-07-18 03:39:20.413",
            "ProcessGuid": "{fa4a0de6-b1a2-5d2f-0000-00106aca0000}",
            "ProcessId": "844",
            "QueryName": "isatap.local.crowbird.com"
          },
          "process": {
            "pid": 2828,
            "thread": {
              "id": 1684
            }
          }
        }
      }
    },
    {
      "data_stream": "sysmon_operational",
      "package": "windows",
      "source": "test/test-events.json",
      "sample_event": {
        "@timestamp": "2021-05-05T15:30:51.713Z",
        "log": {
          "level": "information"
        },
        "event": {
          "original": "<Event xmlns='http://schemas.microsoft.com/win/2004/08/events/event'><System><Provider Name='Microsoft-Windows-Sysmon' Guid='{5770385f-c22a-43e0-bf4c-06f5698ffbd9}'/><EventID>22</EventID><Version>5</Version><Level>4</Level><Task>22</Task><Opcode>0</Opcode><Keywords>0x8000000000000000</Keywords><TimeCreated SystemTime='2019-07-18T03:39:42.554539300Z'/><EventRecordID>230</EventRecordID><Correlation/><Execution ProcessID='2828' ThreadID='1684'/><Channel>Microsoft-Windows-Sysmon/Operational</Channel><Computer>vagrant-2016</Computer><Security UserID='S-1-5-18'/></System><EventData><Data Name='RuleName'></Data><Data Name='UtcTime'>2019-07-18 03:39:40.504</Data><Data Name='ProcessGuid'>{fa4a0de6-e9f7-5d2f-0000-001031039c00}</Data><Data Name='ProcessId'>676</Data><Data Name='QueryName'>puppet</Data><Data Name='QueryStatus'>9003</Data><Data Name='QueryResults'></Data><Data Name='Image'>C:\\Program Files\\Puppet Labs\\Puppet\\sys\\ruby\\bin\\ruby.exe</Data></EventData></Event>",
          "code": "22",
          "kind": "event",
          "provider": "Microsoft-Windows-Sysmon"
        },
        "winlog": {
          "event_id": "22",
          "computer_name": "vagrant-2016",
          "provider_guid": "{5770385f-c22a-43e0-bf4c-06f5698ffbd9}",
          "time_created": "2019-07-18T03:39:42.554Z",
          "event_data": {
            "UtcTime": "2019-07-18 03:39:40.504",
            "ProcessGuid": "{fa4a0de6-e9f7-5d2f-0000-001031039c00}",
            "ProcessId": "676",
            "QueryName": "puppet",
            "QueryStatus": "9003",
            "Image": "C:\\Program Files\\Puppet Labs\\Puppet\\sys\\ruby\\bin\\ruby.exe"
          },
          "channel": "Microsoft-Windows-Sysmon/Operational",
          "provider_name": "Microsoft-Windows-Sysmon",
          "record_id": 230,
          "opcode": "Info",
          "version": 5,
          "level": "information",
          "user": {
            "identifier": "S-1-5-18"
          },
          "process": {
            "pid": 2828,
            "thread": {
              "id": 1684
            }
          }
        }
      }
    },
    {
      "data_stream": "sysmon_operational",
      "package": "windows",
      "source": "test/test-events.json",
      "sample_event": {
        "@timestamp": "2021-05-05T15:30:51.713Z",
        "log": {
          "level": "information"
        },
        "event": {
          "provider": "Microsoft-Windows-Sysmon",
          "code": "22",
          "kind": "event",
          "original": "<Event xmlns='http://schemas.microsoft.com/win/2004/08/events/event'><System><Provider Name='Microsoft-Windows-Sysmon' Guid='{5770385f-c22a-43e0-bf4c-06f5698ffbd9}'/><EventID>22</EventID><Version>5</Version><Level>4</Level><Task>22</Task><Opcode>0</Opcode><Keywords>0x8000000000000000</Keywords><TimeCreated SystemTime='2019-07-18T03:40:42.447293700Z'/><EventRecordID>231</EventRecordID><Correlation/><Execution ProcessID='2828' ThreadID='1684'/><Channel>Microsoft-Windows-Sysmon/Operational</Channel><Computer>vagrant-2016</Computer><Security UserID='S-1-5-18'/></System><EventData><Data Name='RuleName'></Data><Data Name='UtcTime'>2019-07-18 03:40:40.433</Data><Data Name='ProcessGuid'>{fa4a0de6-b1a2-5d2f-0000-001016f70000}</Data><Data Name='ProcessId'>636</Data><Data Name='QueryName'>wpad</Data><Data Name='QueryStatus'>9003</Data><Data Name='QueryResults'></Data><Data Name='Image'>C:\\Windows\\System32\\svchost.exe</Data></EventData></Event>"
        },
        "winlog": {
          "version": 5,
          "event_data": {
            "QueryName": "wpad",
            "QueryStatus": "9003",
            "Image": "C:\\Windows\\System32\\svchost.exe",
            "UtcTime": "2019-07-18 03:40:40.433",
            "ProcessGuid": "{fa4a0de6-b1a2-5d2f-0000-001016f70000}",
            "ProcessId": "636"
          },
          "channel": "Microsoft-Windows-Sysmon/Operational",
          "event_id": "22",
          "record_id": 231,
          "computer_name": "vagrant-2016",
          "opcode": "Info",
          "provider_guid": "{5770385f-c22a-43e0-bf4c-06f5698ffbd9}",
          "provider_name": "Microsoft-Windows-Sysmon",
          "time_created": "2019-07-18T03:40:42.447Z",
          "level": "information",
          "user": {
            "identifier": "S-1-5-18"
          },
          "process": {
            "pid": 2828,
            "thread": {
              "id": 1684
            }
          }
        }
      }
    },
    {
      "data_stream": "sysmon_operational",
      "package": "windows",
      "source": "test/test-events.json",
      "sample_event": {
        "@timestamp": "2021-05-05T15:30:51.713Z",
        "log": {
          "level": "information"
        },
        "event": {
          "original": "<Event xmlns='http://schemas.microsoft.com/win/2004/08/events/event'><System><Provider Name='Microsoft-Windows-Sysmon' Guid='{5770385f-c22a-43e0-bf4c-06f5698ffbd9}'/><EventID>22</EventID><Version>5</Version><Level>4</Level><Task>22</Task><Opcode>0</Opcode><Keywords>0x8000000000000000</Keywords><TimeCreated SystemTime='2019-07-18T03:42:55.556826000Z'/><EventRecordID>232</EventRecordID><Correlation/><Execution ProcessID='2828' ThreadID='1684'/><Channel>Microsoft-Windows-Sysmon/Operational</Channel><Computer>vagrant-2016</Computer><Security UserID='S-1-5-18'/></System><EventData><Data Name='RuleName'></Data><Data Name='UtcTime'>2019-07-18 03:42:54.033</Data><Data Name='ProcessGuid'>{fa4a0de6-b1a3-5d2f-0000-00102f440100}</Data><Data Name='ProcessId'>1788</Data><Data Name='QueryName'>v10.vortex-win.data.microsoft.com</Data><Data Name='QueryStatus'>0</Data><Data Name='QueryResults'>type:  5 v10-win.vortex.data.microsoft.com.akadns.net;type:  5 geo.vortex.data.microsoft.com.akadns.net;type:  5 bn2.vortex.data.microsoft.com.akadns.net;::ffff:89.160.20.156;</Data><Data Name='Image'>C:\\Windows\\System32\\svchost.exe</Data></EventData></Event>",
          "code": "22",
          "kind": "event",
          "provider": "Microsoft-Windows-Sysmon"
        },
        "winlog": {
          "version": 5,
          "level": "information",
          "user": {
            "identifier": "S-1-5-18"
          },
          "process": {
            "pid": 2828,
            "thread": {
              "id": 1684
            }
          },
          "event_id": "22",
          "computer_name": "vagrant-2016",
          "opcode": "Info",
          "provider_guid": "{5770385f-c22a-43e0-bf4c-06f5698ffbd9}",
          "time_created": "2019-07-18T03:42:55.556Z",
          "event_data": {
            "UtcTime": "2019-07-18 03:42:54.033",
            "ProcessGuid": "{fa4a0de6-b1a3-5d2f-0000-00102f440100}",
            "ProcessId": "1788",
            "QueryName": "v10.vortex-win.data.microsoft.com",
            "QueryStatus": "0",
            "QueryResults": "type:  5 v10-win.vortex.data.microsoft.com.akadns.net;type:  5 geo.vortex.data.microsoft.com.akadns.net;type:  5 bn2.vortex.data.microsoft.com.akadns.net;::ffff:89.160.20.156;",
            "Image": "C:\\Windows\\System32\\svchost.exe"
          },
          "channel": "Microsoft-Windows-Sysmon/Operational",
          "provider_name": "Microsoft-Windows-Sysmon",
          "record_id": 232
        }
      }
    },
    {
      "data_stream": "sysmon_operational",
      "package": "windows",
      "source": "test/test-events.json",
      "sample_event": {
        "@timestamp": "2021-05-05T15:30:51.713Z",
        "winlog": {
          "provider_guid": "{5770385f-c22a-43e0-bf4c-06f5698ffbd9}",
          "version": 5,
          "level": "information",
          "process": {
            "thread": {
              "id": 1684
            },
            "pid": 2828
          },
          "channel": "Microsoft-Windows-Sysmon/Operational",
          "event_id": "22",
          "provider_name": "Microsoft-Windows-Sysmon",
          "opcode": "Info",
          "event_data": {
            "QueryResults": "type:  5 settingsfd-geo.trafficmanager.net;::ffff:89.160.20.156;",
            "Image": "C:\\Windows\\System32\\svchost.exe",
            "UtcTime": "2019-07-18 03:43:04.400",
            "ProcessGuid": "{fa4a0de6-b1a3-5d2f-0000-00102f440100}",
            "ProcessId": "1788",
            "QueryName": "settings-win.data.microsoft.com",
            "QueryStatus": "0"
          },
          "record_id": 233,
          "computer_name": "vagrant-2016",
          "time_created": "2019-07-18T03:43:06.459Z",
          "user": {
            "identifier": "S-1-5-18"
          }
        },
        "log": {
          "level": "information"
        },
        "event": {
          "original": "<Event xmlns='http://schemas.microsoft.com/win/2004/08/events/event'><System><Provider Name='Microsoft-Windows-Sysmon' Guid='{5770385f-c22a-43e0-bf4c-06f5698ffbd9}'/><EventID>22</EventID><Version>5</Version><Level>4</Level><Task>22</Task><Opcode>0</Opcode><Keywords>0x8000000000000000</Keywords><TimeCreated SystemTime='2019-07-18T03:43:06.459986800Z'/><EventRecordID>233</EventRecordID><Correlation/><Execution ProcessID='2828' ThreadID='1684'/><Channel>Microsoft-Windows-Sysmon/Operational</Channel><Computer>vagrant-2016</Computer><Security UserID='S-1-5-18'/></System><EventData><Data Name='RuleName'></Data><Data Name='UtcTime'>2019-07-18 03:43:04.400</Data><Data Name='ProcessGuid'>{fa4a0de6-b1a3-5d2f-0000-00102f440100}</Data><Data Name='ProcessId'>1788</Data><Data Name='QueryName'>settings-win.data.microsoft.com</Data><Data Name='QueryStatus'>0</Data><Data Name='QueryResults'>type:  5 settingsfd-geo.trafficmanager.net;::ffff:89.160.20.156;</Data><Data Name='Image'>C:\\Windows\\System32\\svchost.exe</Data></EventData></Event>",
          "code": "22",
          "kind": "event",
          "provider": "Microsoft-Windows-Sysmon"
        }
      }
    },
    {
      "data_stream": "sysmon_operational",
      "package": "windows",
      "source": "test/test-events.json",
      "sample_event": {
        "@timestamp": "2021-05-05T15:30:51.695Z",
        "winlog": {
          "time_created": "2020-10-27T20:00:14.324Z",
          "level": "information",
          "event_data": {
            "LogonId": "0x2c9e7",
            "ParentImage": "C:\\Windows\\explorer.exe",
            "Image": "C:\\Windows\\System32\\notepad.exe",
            "Description": "Notepad",
            "LogonGuid": "{9f32b55f-6fdd-5f98-e7c9-020000000000}",
            "TerminalSessionId": "1",
            "ProcessId": "3616",
            "Product": "Microsoft« Windows« Operating System",
            "ProcessGuid": "{9f32b55f-7c4e-5f98-5803-000000000500}",
            "FileVersion": "10.0.17763.475 (WinBuild.160101.0800)",
            "Company": "Microsoft Corporation",
            "CommandLine": "\"C:\\Windows\\system32\\notepad.exe\" ",
            "Hashes": "SHA1=B6D237154F2E528F0B503B58B025862D66B02B73",
            "ParentProcessId": "4212",
            "RuleName": "-",
            "UtcTime": "2020-10-27 20:00:14.320",
            "User": "VAGRANT\\vagrant",
            "IntegrityLevel": "Medium",
            "ParentProcessGuid": "{9f32b55f-6fdf-5f98-7000-000000000500}",
            "ParentCommandLine": "C:\\Windows\\Explorer.EXE",
            "OriginalFileName": "NOTEPAD.EXE",
            "CurrentDirectory": "C:\\Users\\vagrant\\"
          },
          "process": {
            "pid": 7144,
            "thread": {
              "id": 6876
            }
          },
          "channel": "Microsoft-Windows-Sysmon/Operational",
          "provider_name": "Microsoft-Windows-Sysmon",
          "version": 5,
          "opcode": "Info",
          "provider_guid": "{5770385f-c22a-43e0-bf4c-06f5698ffbd9}",
          "user": {
            "identifier": "S-1-5-18"
          },
          "event_id": "1",
          "record_id": 20,
          "computer_name": "vagrant"
        },
        "log": {
          "level": "information"
        },
        "event": {
          "original": "<Event xmlns='http://schemas.microsoft.com/win/2004/08/events/event'><System><Provider Name='Microsoft-Windows-Sysmon' Guid='{5770385f-c22a-43e0-bf4c-06f5698ffbd9}'/><EventID>1</EventID><Version>5</Version><Level>4</Level><Task>1</Task><Opcode>0</Opcode><Keywords>0x8000000000000000</Keywords><TimeCreated SystemTime='2020-10-27T20:00:14.324234100Z'/><EventRecordID>20</EventRecordID><Correlation/><Execution ProcessID='7144' ThreadID='6876'/><Channel>Microsoft-Windows-Sysmon/Operational</Channel><Computer>vagrant</Computer><Security UserID='S-1-5-18'/></System><EventData><Data Name='RuleName'>-</Data><Data Name='UtcTime'>2020-10-27 20:00:14.320</Data><Data Name='ProcessGuid'>{9f32b55f-7c4e-5f98-5803-000000000500}</Data><Data Name='ProcessId'>3616</Data><Data Name='Image'>C:\\Windows\\System32\\notepad.exe</Data><Data Name='FileVersion'>10.0.17763.475 (WinBuild.160101.0800)</Data><Data Name='Description'>Notepad</Data><Data Name='Product'>Microsoft« Windows« Operating System</Data><Data Name='Company'>Microsoft Corporation</Data><Data Name='OriginalFileName'>NOTEPAD.EXE</Data><Data Name='CommandLine'>\"C:\\Windows\\system32\\notepad.exe\" </Data><Data Name='CurrentDirectory'>C:\\Users\\vagrant\\</Data><Data Name='User'>VAGRANT\\vagrant</Data><Data Name='LogonGuid'>{9f32b55f-6fdd-5f98-e7c9-020000000000}</Data><Data Name='LogonId'>0x2c9e7</Data><Data Name='TerminalSessionId'>1</Data><Data Name='IntegrityLevel'>Medium</Data><Data Name='Hashes'>SHA1=B6D237154F2E528F0B503B58B025862D66B02B73</Data><Data Name='ParentProcessGuid'>{9f32b55f-6fdf-5f98-7000-000000000500}</Data><Data Name='ParentProcessId'>4212</Data><Data Name='ParentImage'>C:\\Windows\\explorer.exe</Data><Data Name='ParentCommandLine'>C:\\Windows\\Explorer.EXE</Data></EventData></Event>",
          "code": "1",
          "kind": "event",
          "provider": "Microsoft-Windows-Sysmon"
        }
      }
    },
    {
      "data_stream": "sysmon_operational",
      "package": "windows",
      "source": "test/test-events.json",
      "sample_event": {
        "@timestamp": "2021-05-05T15:30:51.696Z",
        "log": {
          "level": "information"
        },
        "event": {
          "original": "<Event xmlns='http://schemas.microsoft.com/win/2004/08/events/event'><System><Provider Name='Microsoft-Windows-Sysmon' Guid='{5770385f-c22a-43e0-bf4c-06f5698ffbd9}'/><EventID>25</EventID><Version>5</Version><Level>4</Level><Task>25</Task><Opcode>0</Opcode><Keywords>0x8000000000000000</Keywords><TimeCreated SystemTime='2021-02-25T14:43:23.551269400Z'/><EventRecordID>10737797</EventRecordID><Correlation/><Execution ProcessID='3800' ThreadID='5080'/><Channel>Microsoft-Windows-Sysmon/Operational</Channel><Computer>DESKTOP-I9CQVAQ</Computer><Security UserID='S-1-5-18'/></System><EventData><Data Name='RuleName'>-</Data><Data Name='UtcTime'>2021-02-25 14:43:23.550</Data><Data Name='ProcessGuid'>{9497d8d9-b78b-6037-6f13-000000001000}</Data><Data Name='ProcessId'>2628</Data><Data Name='Image'>C:\\Program Files\\Git\\mingw64\\libexec\\git-core\\git.exe</Data><Data Name='Type'>Image is replaced</Data></EventData></Event>",
          "code": "25",
          "kind": "event",
          "provider": "Microsoft-Windows-Sysmon"
        },
        "winlog": {
          "time_created": "2021-02-25T14:43:23.551Z",
          "level": "information",
          "event_data": {
            "ProcessId": "2628",
            "Image": "C:\\Program Files\\Git\\mingw64\\libexec\\git-core\\git.exe",
            "Type": "Image is replaced",
            "RuleName": "-",
            "UtcTime": "2021-02-25 14:43:23.550",
            "ProcessGuid": "{9497d8d9-b78b-6037-6f13-000000001000}"
          },
          "channel": "Microsoft-Windows-Sysmon/Operational",
          "event_id": "25",
          "provider_name": "Microsoft-Windows-Sysmon",
          "computer_name": "DESKTOP-I9CQVAQ",
          "version": 5,
          "process": {
            "pid": 3800,
            "thread": {
              "id": 5080
            }
          },
          "record_id": 10737797,
          "opcode": "Info",
          "provider_guid": "{5770385f-c22a-43e0-bf4c-06f5698ffbd9}",
          "user": {
            "identifier": "S-1-5-18"
          }
        },
        "host": {
          "name": "DESKTOP-I9CQVAQ"
        }
      }
    },
    {
      "data_stream": "sysmon_operational",
      "package": "windows",
      "source": "test/test-events.json",
      "sample_event": {
        "@timestamp": "2021-05-05T15:30:51.692Z",
        "winlog": {
          "time_created": "2020-05-12T06:48:27.084Z",
          "level": "information",
          "user": {
            "identifier": "S-1-5-18"
          },
          "provider_name": "Microsoft-Windows-Sysmon",
          "computer_name": "vagrant-2012-r2",
          "opcode": "Info",
          "provider_guid": "{5770385f-c22a-43e0-bf4c-06f5698ffbd9}",
          "version": 5,
          "channel": "Microsoft-Windows-Sysmon/Operational",
          "event_id": "23",
          "record_id": 2243,
          "event_data": {
            "UtcTime": "2020-05-12 06:48:27.084",
            "User": "NT AUTHORITY\\SYSTEM",
            "Image": "C:\\Windows\\system32\\svchost.exe",
            "TargetFilename": "C:\\Windows\\System32\\LogFiles\\Scm\\8b34f644-f627-47e7-98e0-957ba1c5eb6d",
            "Hashes": "MD5=5A9BDDF83BE530B481F0FD24DB28A6FF,IMPHASH=00000000000000000000000000000000",
            "RuleName": "-",
            "ProcessGuid": "{42f11c3b-4664-5eba-91ae-000000000000}",
            "ProcessId": "820",
            "IsExecutable": "false",
            "Archived": "true"
          },
          "process": {
            "thread": {
              "id": 1600
            },
            "pid": 1188
          }
        },
        "log": {
          "level": "information"
        },
        "event": {
          "original": "<Event xmlns='http://schemas.microsoft.com/win/2004/08/events/event'><System><Provider Name='Microsoft-Windows-Sysmon' Guid='{5770385f-c22a-43e0-bf4c-06f5698ffbd9}'/><EventID>23</EventID><Version>5</Version><Level>4</Level><Task>23</Task><Opcode>0</Opcode><Keywords>0x8000000000000000</Keywords><TimeCreated SystemTime='2020-05-12T06:48:27.084044200Z'/><EventRecordID>2243</EventRecordID><Correlation/><Execution ProcessID='1188' ThreadID='1600'/><Channel>Microsoft-Windows-Sysmon/Operational</Channel><Computer>vagrant-2012-r2</Computer><Security UserID='S-1-5-18'/></System><EventData><Data Name='RuleName'>-</Data><Data Name='UtcTime'>2020-05-12 06:48:27.084</Data><Data Name='ProcessGuid'>{42f11c3b-4664-5eba-91ae-000000000000}</Data><Data Name='ProcessId'>820</Data><Data Name='User'>NT AUTHORITY\\SYSTEM</Data><Data Name='Image'>C:\\Windows\\system32\\svchost.exe</Data><Data Name='TargetFilename'>C:\\Windows\\System32\\LogFiles\\Scm\\8b34f644-f627-47e7-98e0-957ba1c5eb6d</Data><Data Name='Hashes'>MD5=5A9BDDF83BE530B481F0FD24DB28A6FF,IMPHASH=00000000000000000000000000000000</Data><Data Name='IsExecutable'>false</Data><Data Name='Archived'>true</Data></EventData></Event>",
          "code": "23",
          "kind": "event",
          "provider": "Microsoft-Windows-Sysmon"
        }
      }
    },
    {
      "data_stream": "sysmon_operational",
      "package": "windows",
      "source": "test/test-events.json",
      "sample_event": {
        "@timestamp": "2021-05-05T15:30:51.694Z",
        "log": {
          "level": "information"
        },
        "event": {
          "original": "<Event xmlns='http://schemas.microsoft.com/win/2004/08/events/event'><System><Provider Name='Microsoft-Windows-Sysmon' Guid='{5770385f-c22a-43e0-bf4c-06f5698ffbd9}'/><EventID>7</EventID><Version>3</Version><Level>4</Level><Task>7</Task><Opcode>0</Opcode><Keywords>0x8000000000000000</Keywords><TimeCreated SystemTime='2020-10-28T02:39:26.388325200Z'/><EventRecordID>10685</EventRecordID><Correlation/><Execution ProcessID='1676' ThreadID='4796'/><Channel>Microsoft-Windows-Sysmon/Operational</Channel><Computer>vagrant</Computer><Security UserID='S-1-5-18'/></System><EventData><Data Name='RuleName'>-</Data><Data Name='UtcTime'>2020-10-28 02:39:26.374</Data><Data Name='ProcessGuid'>{9f32b55f-d9de-5f98-f006-000000000600}</Data><Data Name='ProcessId'>5184</Data><Data Name='Image'>C:\\Windows\\System32\\dllhost.exe</Data><Data Name='ImageLoaded'>C:\\Windows\\System32\\IDStore.dll</Data><Data Name='FileVersion'>10.0.17763.1 (WinBuild.160101.0800)</Data><Data Name='Description'>Identity Store</Data><Data Name='Product'>Microsoft« Windows« Operating System</Data><Data Name='Company'>Microsoft Corporation</Data><Data Name='OriginalFileName'>IdStore.dll</Data><Data Name='Hashes'>SHA1=9955A1C071C44A7CEECC0D928A9CFB7F64CC3F93,MD5=C7C45610F644906E6F7D664EF2E45B08,SHA256=4808F1101F4E42387D8DDB7A355668BAE3BF6F781C42D3BCD82E23446B1DEB3E,IMPHASH=194F3797B52231028C718B6D776C6853</Data><Data Name='Signed'>true</Data><Data Name='Signature'>Microsoft Windows</Data><Data Name='SignatureStatus'>Valid</Data></EventData></Event>",
          "code": "7",
          "kind": "event",
          "provider": "Microsoft-Windows-Sysmon"
        },
        "winlog": {
          "event_id": "7",
          "provider_name": "Microsoft-Windows-Sysmon",
          "version": 3,
          "level": "information",
          "process": {
            "pid": 1676,
            "thread": {
              "id": 4796
            }
          },
          "channel": "Microsoft-Windows-Sysmon/Operational",
          "computer_name": "vagrant",
          "opcode": "Info",
          "provider_guid": "{5770385f-c22a-43e0-bf4c-06f5698ffbd9}",
          "time_created": "2020-10-28T02:39:26.388Z",
          "user": {
            "identifier": "S-1-5-18"
          },
          "event_data": {
            "UtcTime": "2020-10-28 02:39:26.374",
            "ProcessGuid": "{9f32b55f-d9de-5f98-f006-000000000600}",
            "Hashes": "SHA1=9955A1C071C44A7CEECC0D928A9CFB7F64CC3F93,MD5=C7C45610F644906E6F7D664EF2E45B08,SHA256=4808F1101F4E42387D8DDB7A355668BAE3BF6F781C42D3BCD82E23446B1DEB3E,IMPHASH=194F3797B52231028C718B6D776C6853",
            "Signed": "true",
            "SignatureStatus": "Valid",
            "ProcessId": "5184",
            "Image": "C:\\Windows\\System32\\dllhost.exe",
            "Description": "Identity Store",
            "Product": "Microsoft« Windows« Operating System",
            "Company": "Microsoft Corporation",
            "RuleName": "-",
            "OriginalFileName": "IdStore.dll",
            "ImageLoaded": "C:\\Windows\\System32\\IDStore.dll",
            "FileVersion": "10.0.17763.1 (WinBuild.160101.0800)",
            "Signature": "Microsoft Windows"
          },
          "record_id": 10685
        }
      }
    },
    {
      "data_stream": "sysmon_operational",
      "package": "windows",
      "source": "test/test-events.json",
      "sample_event": {
        "@timestamp": "2021-05-05T15:30:51.693Z",
        "winlog": {
          "channel": "Microsoft-Windows-Sysmon/Operational",
          "provider_name": "Microsoft-Windows-Sysmon",
          "record_id": 2691,
          "provider_guid": "{5770385f-c22a-43e0-bf4c-06f5698ffbd9}",
          "version": 2,
          "level": "information",
          "user": {
            "identifier": "S-1-5-18"
          },
          "event_data": {
            "Image": "C:\\Windows\\Explorer.EXE",
            "TargetObject": "HKU\\S-1-5-21-1067164964-2079179834-2367582738-1000\\Software\\Microsoft\\Windows\\CurrentVersion\\Explorer\\UserAssist\\{CEBFF5CD-ACE2-4F4F-9178-9926F41749EA}\\Count\\HRZR_PGYFRFFVBA",
            "Details": "Binary Data",
            "RuleName": "-",
            "EventType": "SetValue",
            "UtcTime": "2020-05-05 14:57:46.808",
            "ProcessGuid": "{5b522f6e-7554-5eb1-6d00-000000000800}",
            "ProcessId": "4320"
          },
          "process": {
            "pid": 5496,
            "thread": {
              "id": 876
            }
          },
          "event_id": "13",
          "computer_name": "vagrant",
          "opcode": "Info",
          "time_created": "2020-05-05T14:57:46.818Z"
        },
        "log": {
          "level": "information"
        },
        "event": {
          "original": "<Event xmlns='http://schemas.microsoft.com/win/2004/08/events/event'><System><Provider Name='Microsoft-Windows-Sysmon' Guid='{5770385f-c22a-43e0-bf4c-06f5698ffbd9}'/><EventID>13</EventID><Version>2</Version><Level>4</Level><Task>13</Task><Opcode>0</Opcode><Keywords>0x8000000000000000</Keywords><TimeCreated SystemTime='2020-05-05T14:57:46.818869100Z'/><EventRecordID>2691</EventRecordID><Correlation/><Execution ProcessID='5496' ThreadID='876'/><Channel>Microsoft-Windows-Sysmon/Operational</Channel><Computer>vagrant</Computer><Security UserID='S-1-5-18'/></System><EventData><Data Name='RuleName'>-</Data><Data Name='EventType'>SetValue</Data><Data Name='UtcTime'>2020-05-05 14:57:46.808</Data><Data Name='ProcessGuid'>{5b522f6e-7554-5eb1-6d00-000000000800}</Data><Data Name='ProcessId'>4320</Data><Data Name='Image'>C:\\Windows\\Explorer.EXE</Data><Data Name='TargetObject'>HKU\\S-1-5-21-1067164964-2079179834-2367582738-1000\\Software\\Microsoft\\Windows\\CurrentVersion\\Explorer\\UserAssist\\{CEBFF5CD-ACE2-4F4F-9178-9926F41749EA}\\Count\\HRZR_PGYFRFFVBA</Data><Data Name='Details'>Binary Data</Data></EventData></Event>",
          "code": "13",
          "kind": "event",
          "provider": "Microsoft-Windows-Sysmon"
        }
      }
    },
    {
      "data_stream": "sysmon_operational",
      "package": "windows",
      "source": "test/test-events.json",
      "sample_event": {
        "@timestamp": "2021-05-05T15:30:51.695Z",
        "host": {
          "name": "DESKTOP-I9CQVAQ"
        },
        "event": {
          "kind": "event",
          "provider": "Microsoft-Windows-Sysmon",
          "original": "<Event xmlns='http://schemas.microsoft.com/win/2004/08/events/event'><System><Provider Name='Microsoft-Windows-Sysmon' Guid='{5770385f-c22a-43e0-bf4c-06f5698ffbd9}'/><EventID>24</EventID><Version>5</Version><Level>4</Level><Task>24</Task><Opcode>0</Opcode><Keywords>0x8000000000000000</Keywords><TimeCreated SystemTime='2021-02-25T15:04:48.607343500Z'/><EventRecordID>10757412</EventRecordID><Correlation/><Execution ProcessID='3800' ThreadID='6444'/><Channel>Microsoft-Windows-Sysmon/Operational</Channel><Computer>DESKTOP-I9CQVAQ</Computer><Security UserID='S-1-5-18'/></System><EventData><Data Name='RuleName'>-</Data><Data Name='UtcTime'>2021-02-25 15:04:48.592</Data><Data Name='ProcessGuid'>{9497d8d9-aa1b-602f-a600-000000001000}</Data><Data Name='ProcessId'>2144</Data><Data Name='Image'>C:\\Program Files\\VMware\\VMware Tools\\vmtoolsd.exe</Data><Data Name='Session'>1</Data><Data Name='ClientInfo'>user: DESKTOP-I9CQVAQ\\luks</Data><Data Name='Hashes'>SHA256=7ADB1CF1A75973079C055F929573AE92557A8C0E5B0E38A6A5427E412FB73D59,IMPHASH=00000000000000000000000000000000</Data><Data Name='Archived'>true</Data></EventData></Event>",
          "code": "24"
        },
        "log": {
          "level": "information"
        },
        "winlog": {
          "record_id": 10757412,
          "opcode": "Info",
          "time_created": "2021-02-25T15:04:48.607Z",
          "user": {
            "identifier": "S-1-5-18"
          },
          "process": {
            "pid": 3800,
            "thread": {
              "id": 6444
            }
          },
          "event_id": "24",
          "provider_name": "Microsoft-Windows-Sysmon",
          "computer_name": "DESKTOP-I9CQVAQ",
          "provider_guid": "{5770385f-c22a-43e0-bf4c-06f5698ffbd9}",
          "version": 5,
          "level": "information",
          "event_data": {
            "Image": "C:\\Program Files\\VMware\\VMware Tools\\vmtoolsd.exe",
            "Session": "1",
            "ClientInfo": "user: DESKTOP-I9CQVAQ\\luks",
            "Archived": "true",
            "RuleName": "-",
            "UtcTime": "2021-02-25 15:04:48.592",
            "Hashes": "SHA256=7ADB1CF1A75973079C055F929573AE92557A8C0E5B0E38A6A5427E412FB73D59,IMPHASH=00000000000000000000000000000000",
            "ProcessGuid": "{9497d8d9-aa1b-602f-a600-000000001000}",
            "ProcessId": "2144"
          },
          "channel": "Microsoft-Windows-Sysmon/Operational"
        }
      }
    },
    {
      "data_stream": "sysmon_operational",
      "package": "windows",
      "source": "test/test-events.json",
      "sample_event": {
        "@timestamp": "2021-05-05T15:30:51.705Z",
        "log": {
          "level": "information"
        },
        "event": {
          "original": "<Event xmlns='http://schemas.microsoft.com/win/2004/08/events/event'><System><Provider Name='Microsoft-Windows-Sysmon' Guid='{5770385f-c22a-43e0-bf4c-06f5698ffbd9}'/><EventID>2</EventID><Version>4</Version><Level>4</Level><Task>2</Task><Opcode>0</Opcode><Keywords>0x8000000000000000</Keywords><TimeCreated SystemTime='2019-03-18T16:57:52.433367300Z'/><EventRecordID>32</EventRecordID><Correlation/><Execution ProcessID='4860' ThreadID='4516'/><Channel>Microsoft-Windows-Sysmon/Operational</Channel><Computer>vagrant-2012-r2</Computer><Security UserID='S-1-5-18'/></System><EventData><Data Name='RuleName'></Data><Data Name='UtcTime'>2019-03-18 16:57:52.433</Data><Data Name='ProcessGuid'>{42f11c3b-ccaa-5c8f-0000-0010b4e22700}</Data><Data Name='ProcessId'>1600</Data><Data Name='Image'>C:\\Program Files (x86)\\Google\\Chrome\\Application\\chrome.exe</Data><Data Name='TargetFilename'>C:\\Users\\vagrant\\AppData\\Local\\Google\\Chrome\\User Data\\Default\\Storage\\ext\\gfdkimpbcpahaombhbimeihdjnejgicl\\def\\ee4a6e45-bffd-49f4-98ae-32aebcc890b5.tmp</Data><Data Name='CreationUtcTime'>2019-03-18 16:52:05.339</Data><Data Name='PreviousCreationUtcTime'>2019-03-18 16:57:52.417</Data></EventData></Event>",
          "code": "2",
          "kind": "event",
          "provider": "Microsoft-Windows-Sysmon"
        },
        "winlog": {
          "event_id": "2",
          "opcode": "Info",
          "provider_guid": "{5770385f-c22a-43e0-bf4c-06f5698ffbd9}",
          "level": "information",
          "user": {
            "identifier": "S-1-5-18"
          },
          "event_data": {
            "CreationUtcTime": "2019-03-18 16:52:05.339",
            "PreviousCreationUtcTime": "2019-03-18 16:57:52.417",
            "UtcTime": "2019-03-18 16:57:52.433",
            "ProcessGuid": "{42f11c3b-ccaa-5c8f-0000-0010b4e22700}",
            "ProcessId": "1600",
            "Image": "C:\\Program Files (x86)\\Google\\Chrome\\Application\\chrome.exe",
            "TargetFilename": "C:\\Users\\vagrant\\AppData\\Local\\Google\\Chrome\\User Data\\Default\\Storage\\ext\\gfdkimpbcpahaombhbimeihdjnejgicl\\def\\ee4a6e45-bffd-49f4-98ae-32aebcc890b5.tmp"
          },
          "process": {
            "pid": 4860,
            "thread": {
              "id": 4516
            }
          },
          "channel": "Microsoft-Windows-Sysmon/Operational",
          "record_id": 32,
          "computer_name": "vagrant-2012-r2",
          "version": 4,
          "time_created": "2019-03-18T16:57:52.433Z",
          "provider_name": "Microsoft-Windows-Sysmon"
        }
      }
    },
    {
      "data_stream": "sysmon_operational",
      "package": "windows",
      "source": "test/test-events.json",
      "sample_event": {
        "@timestamp": "2021-05-05T15:30:51.713Z",
        "log": {
          "level": "information"
        },
        "event": {
          "original": "<Event xmlns='http://schemas.microsoft.com/win/2004/08/events/event'><System><Provider Name='Microsoft-Windows-Sysmon' Guid='{5770385f-c22a-43e0-bf4c-06f5698ffbd9}'/><EventID>22</EventID><Version>5</Version><Level>4</Level><Task>22</Task><Opcode>0</Opcode><Keywords>0x8000000000000000</Keywords><TimeCreated SystemTime='2019-07-18T03:49:52.105632700Z'/><EventRecordID>234</EventRecordID><Correlation/><Execution ProcessID='2828' ThreadID='1684'/><Channel>Microsoft-Windows-Sysmon/Operational</Channel><Computer>vagrant-2016</Computer><Security UserID='S-1-5-18'/></System><EventData><Data Name='RuleName'></Data><Data Name='UtcTime'>2019-07-18 03:49:51.154</Data><Data Name='ProcessGuid'>{fa4a0de6-e8a8-5d2f-0000-001094619900}</Data><Data Name='ProcessId'>356</Data><Data Name='QueryName'>c.urs.microsoft.com</Data><Data Name='QueryStatus'>0</Data><Data Name='QueryResults'>type:  5 wd-prod-ss.trafficmanager.net;type:  5 wd-prod-ss-us-east-1-fe.eastus.cloudapp.azure.com;::ffff:89.160.20.156;192.168.6.30;2a02:cf40:a83e::2:30;192.168.14.30;2a02:cf40:231d::2:30;192.168.92.30;2a02:cf40:83eb::30;</Data><Data Name='Image'>C:\\Program Files\\Internet Explorer\\iexplore.exe</Data></EventData></Event>",
          "provider": "Microsoft-Windows-Sysmon",
          "code": "22",
          "kind": "event"
        },
        "winlog": {
          "time_created": "2019-07-18T03:49:52.105Z",
          "user": {
            "identifier": "S-1-5-18"
          },
          "event_data": {
            "Image": "C:\\Program Files\\Internet Explorer\\iexplore.exe",
            "UtcTime": "2019-07-18 03:49:51.154",
            "ProcessGuid": "{fa4a0de6-e8a8-5d2f-0000-001094619900}",
            "ProcessId": "356",
            "QueryName": "c.urs.microsoft.com",
            "QueryStatus": "0",
            "QueryResults": "type:  5 wd-prod-ss.trafficmanager.net;type:  5 wd-prod-ss-us-east-1-fe.eastus.cloudapp.azure.com;::ffff:89.160.20.156;192.168.6.30;2a02:cf40:a83e::2:30;192.168.14.30;2a02:cf40:231d::2:30;192.168.92.30;2a02:cf40:83eb::30;"
          },
          "channel": "Microsoft-Windows-Sysmon/Operational",
          "event_id": "22",
          "provider_name": "Microsoft-Windows-Sysmon",
          "computer_name": "vagrant-2016",
          "provider_guid": "{5770385f-c22a-43e0-bf4c-06f5698ffbd9}",
          "record_id": 234,
          "opcode": "Info",
          "version": 5,
          "level": "information",
          "process": {
            "pid": 2828,
            "thread": {
              "id": 1684
            }
          }
        }
      }
    },
