    {
      "data_stream": "sysmon_operational",
      "package": "windows",
      "source": "test/test-events.json",
      "sample_event": {
        "@timestamp": "2021-05-05T15:30:51.697Z",
        "winlog": {
          "event_data": {
            "UtcTime": "2019-07-18 03:34:03.107",
            "ProcessGuid": "{fa4a0de6-e8a9-5d2f-0000-001053699900}",
            "ProcessId": "2736",
            "QueryName": "cm.adgrx.com",
            "QueryStatus": "0",
            "QueryResults": "type:  5 rtb.adgrx.com;::ffff:89.160.20.156;192.168.6.30;2a02:cf40:a83e::2:30;192.168.14.30;2a02:cf40:231d::2:30;192.168.92.30;2a02:cf40:83eb::30;192.168.80.30;2a02:cf40:856e::30;192.168.94.30;2a02:cf40:1ca1::30;",
            "Image": "C:\\Program Files (x86)\\Internet Explorer\\iexplore.exe"
          },
          "channel": "Microsoft-Windows-Sysmon/Operational",
          "event_id": "22",
          "record_id": 105,
          "computer_name": "vagrant-2016",
          "opcode": "Info",
          "user": {
            "identifier": "S-1-5-18"
          },
          "process": {
            "thread": {
              "id": 1684
            },
            "pid": 2828
          },
          "provider_name": "Microsoft-Windows-Sysmon",
          "provider_guid": "{5770385f-c22a-43e0-bf4c-06f5698ffbd9}",
          "version": 5,
          "time_created": "2019-07-18T03:34:03.802Z",
          "level": "information"
        },
        "log": {
          "level": "information"
        },
        "event": {
          "provider": "Microsoft-Windows-Sysmon",
          "original": "<Event xmlns='http://schemas.microsoft.com/win/2004/08/events/event'><System><Provider Name='Microsoft-Windows-Sysmon' Guid='{5770385f-c22a-43e0-bf4c-06f5698ffbd9}'/><EventID>22</EventID><Version>5</Version><Level>4</Level><Task>22</Task><Opcode>0</Opcode><Keywords>0x8000000000000000</Keywords><TimeCreated SystemTime='2019-07-18T03:34:03.802413000Z'/><EventRecordID>105</EventRecordID><Correlation/><Execution ProcessID='2828' ThreadID='1684'/><Channel>Microsoft-Windows-Sysmon/Operational</Channel><Computer>vagrant-2016</Computer><Security UserID='S-1-5-18'/></System><EventData><Data Name='RuleName'></Data><Data Name='UtcTime'>2019-07-18 03:34:03.107</Data><Data Name='ProcessGuid'>{fa4a0de6-e8a9-5d2f-0000-001053699900}</Data><Data Name='ProcessId'>2736</Data><Data Name='QueryName'>cm.adgrx.com</Data><Data Name='QueryStatus'>0</Data><Data Name='QueryResults'>type:  5 rtb.adgrx.com;::ffff:89.160.20.156;192.168.6.30;2a02:cf40:a83e::2:30;192.168.14.30;2a02:cf40:231d::2:30;192.168.92.30;2a02:cf40:83eb::30;192.168.80.30;2a02:cf40:856e::30;192.168.94.30;2a02:cf40:1ca1::30;</Data><Data Name='Image'>C:\\Program Files (x86)\\Internet Explorer\\iexplore.exe</Data></EventData></Event>",
          "code": "22",
          "kind": "event"
        }
      }
    },
    {
      "data_stream": "sysmon_operational",
      "package": "windows",
      "source": "test/test-events.json",
      "sample_event": {
        "@timestamp": "2021-05-05T15:30:51.697Z",
        "winlog": {
          "channel": "Microsoft-Windows-Sysmon/Operational",
          "event_id": "22",
          "version": 5,
          "time_created": "2019-07-18T03:34:03.802Z",
          "process": {
            "pid": 2828,
            "thread": {
              "id": 1684
            }
          },
          "user": {
            "identifier": "S-1-5-18"
          },
          "event_data": {
            "QueryStatus": "0",
            "QueryResults": "type:  5 j2waycm.netmng.com;type:  5 j2waycm-us-wdc.netmng.com;::ffff:89.160.20.156;192.168.6.30;2a02:cf40:a83e::2:30;192.168.14.30;2a02:cf40:231d::2:30;192.168.92.30;2a02:cf40:83eb::30;192.168.80.30;2a02:cf40:856e::30;",
            "Image": "C:\\Program Files (x86)\\Internet Explorer\\iexplore.exe",
            "UtcTime": "2019-07-18 03:34:03.107",
            "ProcessGuid": "{fa4a0de6-e8a9-5d2f-0000-001053699900}",
            "ProcessId": "2736",
            "QueryName": "csm2waycm-atl.netmng.com"
          },
          "provider_name": "Microsoft-Windows-Sysmon",
          "record_id": 106,
          "computer_name": "vagrant-2016",
          "opcode": "Info",
          "provider_guid": "{5770385f-c22a-43e0-bf4c-06f5698ffbd9}",
          "level": "information"
        },
        "log": {
          "level": "information"
        },
        "event": {
          "original": "<Event xmlns='http://schemas.microsoft.com/win/2004/08/events/event'><System><Provider Name='Microsoft-Windows-Sysmon' Guid='{5770385f-c22a-43e0-bf4c-06f5698ffbd9}'/><EventID>22</EventID><Version>5</Version><Level>4</Level><Task>22</Task><Opcode>0</Opcode><Keywords>0x8000000000000000</Keywords><TimeCreated SystemTime='2019-07-18T03:34:03.802423900Z'/><EventRecordID>106</EventRecordID><Correlation/><Execution ProcessID='2828' ThreadID='1684'/><Channel>Microsoft-Windows-Sysmon/Operational</Channel><Computer>vagrant-2016</Computer><Security UserID='S-1-5-18'/></System><EventData><Data Name='RuleName'></Data><Data Name='UtcTime'>2019-07-18 03:34:03.107</Data><Data Name='ProcessGuid'>{fa4a0de6-e8a9-5d2f-0000-001053699900}</Data><Data Name='ProcessId'>2736</Data><Data Name='QueryName'>csm2waycm-atl.netmng.com</Data><Data Name='QueryStatus'>0</Data><Data Name='QueryResults'>type:  5 j2waycm.netmng.com;type:  5 j2waycm-us-wdc.netmng.com;::ffff:89.160.20.156;192.168.6.30;2a02:cf40:a83e::2:30;192.168.14.30;2a02:cf40:231d::2:30;192.168.92.30;2a02:cf40:83eb::30;192.168.80.30;2a02:cf40:856e::30;</Data><Data Name='Image'>C:\\Program Files (x86)\\Internet Explorer\\iexplore.exe</Data></EventData></Event>",
          "code": "22",
          "kind": "event",
          "provider": "Microsoft-Windows-Sysmon"
        }
      }
    },
    {
      "data_stream": "sysmon_operational",
      "package": "windows",
      "source": "test/test-events.json",
      "sample_event": {
        "@timestamp": "2021-05-05T15:30:51.696Z",
        "event": {
          "original": "<Event xmlns='http://schemas.microsoft.com/win/2004/08/events/event'><System><Provider Name='Microsoft-Windows-Sysmon' Guid='{5770385f-c22a-43e0-bf4c-06f5698ffbd9}'/><EventID>4</EventID><Version>3</Version><Level>4</Level><Task>4</Task><Opcode>0</Opcode><Keywords>0x8000000000000000</Keywords><TimeCreated SystemTime='2019-03-18T16:57:38.011477000Z'/><EventRecordID>2</EventRecordID><Correlation/><Execution ProcessID='4860' ThreadID='4516'/><Channel>Microsoft-Windows-Sysmon/Operational</Channel><Computer>vagrant-2012-r2</Computer><Security UserID='S-1-5-18'/></System><EventData><Data Name='UtcTime'>2019-03-18 16:57:38.011</Data><Data Name='State'>Started</Data><Data Name='Version'>9.01</Data><Data Name='SchemaVersion'>4.20</Data></EventData></Event>",
          "code": "4",
          "kind": "event",
          "provider": "Microsoft-Windows-Sysmon"
        },
        "log": {
          "level": "information"
        },
        "winlog": {
          "computer_name": "vagrant-2012-r2",
          "time_created": "2019-03-18T16:57:38.011Z",
          "level": "information",
          "user": {
            "identifier": "S-1-5-18"
          },
          "event_data": {
            "Version": "9.01",
            "SchemaVersion": "4.20",
            "UtcTime": "2019-03-18 16:57:38.011",
            "State": "Started"
          },
          "process": {
            "pid": 4860,
            "thread": {
              "id": 4516
            }
          },
          "provider_name": "Microsoft-Windows-Sysmon",
          "event_id": "4",
          "record_id": 2,
          "opcode": "Info",
          "provider_guid": "{5770385f-c22a-43e0-bf4c-06f5698ffbd9}",
          "version": 3,
          "channel": "Microsoft-Windows-Sysmon/Operational"
        }
      }
    },
    {
      "data_stream": "sysmon_operational",
      "package": "windows",
      "source": "test/test-events.json",
      "sample_event": {
        "@timestamp": "2021-05-05T15:30:51.697Z",
        "winlog": {
          "record_id": 107,
          "computer_name": "vagrant-2016",
          "opcode": "Info",
          "provider_guid": "{5770385f-c22a-43e0-bf4c-06f5698ffbd9}",
          "version": 5,
          "time_created": "2019-07-18T03:34:03.802Z",
          "channel": "Microsoft-Windows-Sysmon/Operational",
          "provider_name": "Microsoft-Windows-Sysmon",
          "level": "information",
          "user": {
            "identifier": "S-1-5-18"
          },
          "process": {
            "pid": 2828,
            "thread": {
              "id": 1684
            }
          },
          "event_id": "22",
          "event_data": {
            "QueryName": "pr-bh.ybp.yahoo.com",
            "QueryStatus": "0",
            "QueryResults": "type:  5 ds-pr-bh.ybp.gysm.yahoodns.net;::ffff:89.160.20.156;",
            "Image": "C:\\Program Files (x86)\\Internet Explorer\\iexplore.exe",
            "UtcTime": "2019-07-18 03:34:03.112",
            "ProcessGuid": "{fa4a0de6-e8a9-5d2f-0000-001053699900}",
            "ProcessId": "2736"
          }
        },
        "log": {
          "level": "information"
        },
        "event": {
          "original": "<Event xmlns='http://schemas.microsoft.com/win/2004/08/events/event'><System><Provider Name='Microsoft-Windows-Sysmon' Guid='{5770385f-c22a-43e0-bf4c-06f5698ffbd9}'/><EventID>22</EventID><Version>5</Version><Level>4</Level><Task>22</Task><Opcode>0</Opcode><Keywords>0x8000000000000000</Keywords><TimeCreated SystemTime='2019-07-18T03:34:03.802433000Z'/><EventRecordID>107</EventRecordID><Correlation/><Execution ProcessID='2828' ThreadID='1684'/><Channel>Microsoft-Windows-Sysmon/Operational</Channel><Computer>vagrant-2016</Computer><Security UserID='S-1-5-18'/></System><EventData><Data Name='RuleName'></Data><Data Name='UtcTime'>2019-07-18 03:34:03.112</Data><Data Name='ProcessGuid'>{fa4a0de6-e8a9-5d2f-0000-001053699900}</Data><Data Name='ProcessId'>2736</Data><Data Name='QueryName'>pr-bh.ybp.yahoo.com</Data><Data Name='QueryStatus'>0</Data><Data Name='QueryResults'>type:  5 ds-pr-bh.ybp.gysm.yahoodns.net;::ffff:89.160.20.156;</Data><Data Name='Image'>C:\\Program Files (x86)\\Internet Explorer\\iexplore.exe</Data></EventData></Event>",
          "code": "22",
          "kind": "event",
          "provider": "Microsoft-Windows-Sysmon"
        }
      }
    },
    {
      "data_stream": "sysmon_operational",
      "package": "windows",
      "source": "test/test-events.json",
      "sample_event": {
        "@timestamp": "2021-05-05T15:30:51.698Z",
        "log": {
          "level": "information"
        },
        "event": {
          "provider": "Microsoft-Windows-Sysmon",
          "original": "<Event xmlns='http://schemas.microsoft.com/win/2004/08/events/event'><System><Provider Name='Microsoft-Windows-Sysmon' Guid='{5770385f-c22a-43e0-bf4c-06f5698ffbd9}'/><EventID>22</EventID><Version>5</Version><Level>4</Level><Task>22</Task><Opcode>0</Opcode><Keywords>0x8000000000000000</Keywords><TimeCreated SystemTime='2019-07-18T03:34:03.802441200Z'/><EventRecordID>108</EventRecordID><Correlation/><Execution ProcessID='2828' ThreadID='1684'/><Channel>Microsoft-Windows-Sysmon/Operational</Channel><Computer>vagrant-2016</Computer><Security UserID='S-1-5-18'/></System><EventData><Data Name='RuleName'></Data><Data Name='UtcTime'>2019-07-18 03:34:03.113</Data><Data Name='ProcessGuid'>{fa4a0de6-e8a9-5d2f-0000-001053699900}</Data><Data Name='ProcessId'>2736</Data><Data Name='QueryName'>ps.eyeota.net</Data><Data Name='QueryStatus'>0</Data><Data Name='QueryResults'>::ffff:89.160.20.156;</Data><Data Name='Image'>C:\\Program Files (x86)\\Internet Explorer\\iexplore.exe</Data></EventData></Event>",
          "code": "22",
          "kind": "event"
        },
        "winlog": {
          "provider_name": "Microsoft-Windows-Sysmon",
          "record_id": 108,
          "opcode": "Info",
          "channel": "Microsoft-Windows-Sysmon/Operational",
          "event_id": "22",
          "version": 5,
          "time_created": "2019-07-18T03:34:03.802Z",
          "level": "information",
          "user": {
            "identifier": "S-1-5-18"
          },
          "event_data": {
            "QueryStatus": "0",
            "QueryResults": "::ffff:89.160.20.156;",
            "Image": "C:\\Program Files (x86)\\Internet Explorer\\iexplore.exe",
            "UtcTime": "2019-07-18 03:34:03.113",
            "ProcessGuid": "{fa4a0de6-e8a9-5d2f-0000-001053699900}",
            "ProcessId": "2736",
            "QueryName": "ps.eyeota.net"
          },
          "process": {
            "pid": 2828,
            "thread": {
              "id": 1684
            }
          },
          "computer_name": "vagrant-2016",
          "provider_guid": "{5770385f-c22a-43e0-bf4c-06f5698ffbd9}"
        }
      }
    },
    {
      "data_stream": "sysmon_operational",
      "package": "windows",
      "source": "test/test-events.json",
      "sample_event": {
        "@timestamp": "2021-05-05T15:30:51.696Z",
        "winlog": {
          "event_id": "1",
          "level": "information",
          "computer_name": "vagrant-2012-r2",
          "opcode": "Info",
          "provider_guid": "{5770385f-c22a-43e0-bf4c-06f5698ffbd9}",
          "version": 5,
          "time_created": "2019-03-18T16:57:38.011Z",
          "channel": "Microsoft-Windows-Sysmon/Operational",
          "provider_name": "Microsoft-Windows-Sysmon",
          "record_id": 3,
          "user": {
            "identifier": "S-1-5-18"
          },
          "event_data": {
            "Hashes": "SHA1=AC93C3B38E57A2715572933DBCB2A1C2892DBC5E",
            "UtcTime": "2019-03-18 16:57:37.949",
            "ProcessGuid": "{42f11c3b-ce01-5c8f-0000-0010c73e2a00}",
            "Product": "Sysinternals Sysmon",
            "Company": "Sysinternals - www.sysinternals.com",
            "LogonId": "0x3e7",
            "ParentCommandLine": "C:\\Windows\\system32\\services.exe",
            "CommandLine": "C:\\Windows\\Sysmon.exe",
            "CurrentDirectory": "C:\\Windows\\system32\\",
            "LogonGuid": "{42f11c3b-6e1a-5c8c-0000-0020e7030000}",
            "TerminalSessionId": "0",
            "ParentImage": "C:\\Windows\\System32\\services.exe",
            "ProcessId": "4860",
            "ParentProcessId": "488",
            "ParentProcessGuid": "{42f11c3b-6e1a-5c8c-0000-0010f14d0000}",
            "Image": "C:\\Windows\\Sysmon.exe",
            "FileVersion": "9.01",
            "Description": "System activity monitor",
            "User": "NT AUTHORITY\\SYSTEM",
            "IntegrityLevel": "System"
          },
          "process": {
            "pid": 4860,
            "thread": {
              "id": 4516
            }
          }
        },
        "log": {
          "level": "information"
        },
        "event": {
          "original": "<Event xmlns='http://schemas.microsoft.com/win/2004/08/events/event'><System><Provider Name='Microsoft-Windows-Sysmon' Guid='{5770385f-c22a-43e0-bf4c-06f5698ffbd9}'/><EventID>1</EventID><Version>5</Version><Level>4</Level><Task>1</Task><Opcode>0</Opcode><Keywords>0x8000000000000000</Keywords><TimeCreated SystemTime='2019-03-18T16:57:38.011477000Z'/><EventRecordID>3</EventRecordID><Correlation/><Execution ProcessID='4860' ThreadID='4516'/><Channel>Microsoft-Windows-Sysmon/Operational</Channel><Computer>vagrant-2012-r2</Computer><Security UserID='S-1-5-18'/></System><EventData><Data Name='RuleName'></Data><Data Name='UtcTime'>2019-03-18 16:57:37.949</Data><Data Name='ProcessGuid'>{42f11c3b-ce01-5c8f-0000-0010c73e2a00}</Data><Data Name='ProcessId'>4860</Data><Data Name='Image'>C:\\Windows\\Sysmon.exe</Data><Data Name='FileVersion'>9.01</Data><Data Name='Description'>System activity monitor</Data><Data Name='Product'>Sysinternals Sysmon</Data><Data Name='Company'>Sysinternals - www.sysinternals.com</Data><Data Name='CommandLine'>C:\\Windows\\Sysmon.exe</Data><Data Name='CurrentDirectory'>C:\\Windows\\system32\\</Data><Data Name='User'>NT AUTHORITY\\SYSTEM</Data><Data Name='LogonGuid'>{42f11c3b-6e1a-5c8c-0000-0020e7030000}</Data><Data Name='LogonId'>0x3e7</Data><Data Name='TerminalSessionId'>0</Data><Data Name='IntegrityLevel'>System</Data><Data Name='Hashes'>SHA1=AC93C3B38E57A2715572933DBCB2A1C2892DBC5E</Data><Data Name='ParentProcessGuid'>{42f11c3b-6e1a-5c8c-0000-0010f14d0000}</Data><Data Name='ParentProcessId'>488</Data><Data Name='ParentImage'>C:\\Windows\\System32\\services.exe</Data><Data Name='ParentCommandLine'>C:\\Windows\\system32\\services.exe</Data></EventData></Event>",
          "code": "1",
          "kind": "event",
          "provider": "Microsoft-Windows-Sysmon"
        }
      }
    },
    {
      "data_stream": "sysmon_operational",
      "package": "windows",
      "source": "test/test-events.json",
      "sample_event": {
        "@timestamp": "2021-05-05T15:30:51.698Z",
        "log": {
          "level": "information"
        },
        "event": {
          "kind": "event",
          "provider": "Microsoft-Windows-Sysmon",
          "original": "<Event xmlns='http://schemas.microsoft.com/win/2004/08/events/event'><System><Provider Name='Microsoft-Windows-Sysmon' Guid='{5770385f-c22a-43e0-bf4c-06f5698ffbd9}'/><EventID>22</EventID><Version>5</Version><Level>4</Level><Task>22</Task><Opcode>0</Opcode><Keywords>0x8000000000000000</Keywords><TimeCreated SystemTime='2019-07-18T03:34:03.802456000Z'/><EventRecordID>109</EventRecordID><Correlation/><Execution ProcessID='2828' ThreadID='1684'/><Channel>Microsoft-Windows-Sysmon/Operational</Channel><Computer>vagrant-2016</Computer><Security UserID='S-1-5-18'/></System><EventData><Data Name='RuleName'></Data><Data Name='UtcTime'>2019-07-18 03:34:03.146</Data><Data Name='ProcessGuid'>{fa4a0de6-e8a9-5d2f-0000-001053699900}</Data><Data Name='ProcessId'>2736</Data><Data Name='QueryName'>idpix.media6degrees.com</Data><Data Name='QueryStatus'>0</Data><Data Name='QueryResults'>type:  5 idpix.media6degrees.com.cdn.cloudflare.net;type:  5 map.media6degrees.com;type:  5 map.media6degrees.com.cdn.cloudflare.net;::ffff:89.160.20.156;::ffff:89.160.20.156;</Data><Data Name='Image'>C:\\Program Files (x86)\\Internet Explorer\\iexplore.exe</Data></EventData></Event>",
          "code": "22"
        },
        "winlog": {
          "time_created": "2019-07-18T03:34:03.802Z",
          "process": {
            "pid": 2828,
            "thread": {
              "id": 1684
            }
          },
          "channel": "Microsoft-Windows-Sysmon/Operational",
          "record_id": 109,
          "opcode": "Info",
          "version": 5,
          "level": "information",
          "user": {
            "identifier": "S-1-5-18"
          },
          "event_data": {
            "QueryName": "idpix.media6degrees.com",
            "QueryStatus": "0",
            "QueryResults": "type:  5 idpix.media6degrees.com.cdn.cloudflare.net;type:  5 map.media6degrees.com;type:  5 map.media6degrees.com.cdn.cloudflare.net;::ffff:89.160.20.156;::ffff:89.160.20.156;",
            "Image": "C:\\Program Files (x86)\\Internet Explorer\\iexplore.exe",
            "UtcTime": "2019-07-18 03:34:03.146",
            "ProcessGuid": "{fa4a0de6-e8a9-5d2f-0000-001053699900}",
            "ProcessId": "2736"
          },
          "event_id": "22",
          "provider_name": "Microsoft-Windows-Sysmon",
          "computer_name": "vagrant-2016",
          "provider_guid": "{5770385f-c22a-43e0-bf4c-06f5698ffbd9}"
        },
        "agent": {
          "name": "mbp.local",
          "type": "filebeat",
          "version": "8.0.0",
          "ephemeral_id": "bdc6a4f9-ab87-41e0-a64e-bbcecdf73c6c",
          "id": "f0224db8-40a9-4f00-b117-333ddd1bc45b"
        }
      }
    },
    {
      "data_stream": "sysmon_operational",
      "package": "windows",
      "source": "test/test-events.json",
      "sample_event": {
        "@timestamp": "2021-05-05T15:30:51.698Z",
        "event": {
          "provider": "Microsoft-Windows-Sysmon",
          "code": "22",
          "kind": "event",
          "original": "<Event xmlns='http://schemas.microsoft.com/win/2004/08/events/event'><System><Provider Name='Microsoft-Windows-Sysmon' Guid='{5770385f-c22a-43e0-bf4c-06f5698ffbd9}'/><EventID>22</EventID><Version>5</Version><Level>4</Level><Task>22</Task><Opcode>0</Opcode><Keywords>0x8000000000000000</Keywords><TimeCreated SystemTime='2019-07-18T03:34:03.802466200Z'/><EventRecordID>110</EventRecordID><Correlation/><Execution ProcessID='2828' ThreadID='1684'/><Channel>Microsoft-Windows-Sysmon/Operational</Channel><Computer>vagrant-2016</Computer><Security UserID='S-1-5-18'/></System><EventData><Data Name='RuleName'></Data><Data Name='UtcTime'>2019-07-18 03:34:03.146</Data><Data Name='ProcessGuid'>{fa4a0de6-e8a9-5d2f-0000-001053699900}</Data><Data Name='ProcessId'>2736</Data><Data Name='QueryName'>tpc.googlesyndication.com</Data><Data Name='QueryStatus'>0</Data><Data Name='QueryResults'>type:  5 pagead-googlehosted.l.google.com;::ffff:89.160.20.156;192.168.6.30;2a02:cf40:a83e::2:30;192.168.14.30;2a02:cf40:231d::2:30;192.168.92.30;2a02:cf40:83eb::30;192.168.80.30;2a02:cf40:856e::30;</Data><Data Name='Image'>C:\\Program Files (x86)\\Internet Explorer\\iexplore.exe</Data></EventData></Event>"
        },
        "log": {
          "level": "information"
        },
        "winlog": {
          "level": "information",
          "user": {
            "identifier": "S-1-5-18"
          },
          "process": {
            "pid": 2828,
            "thread": {
              "id": 1684
            }
          },
          "provider_name": "Microsoft-Windows-Sysmon",
          "opcode": "Info",
          "version": 5,
          "time_created": "2019-07-18T03:34:03.802Z",
          "provider_guid": "{5770385f-c22a-43e0-bf4c-06f5698ffbd9}",
          "event_data": {
            "ProcessGuid": "{fa4a0de6-e8a9-5d2f-0000-001053699900}",
            "ProcessId": "2736",
            "QueryName": "tpc.googlesyndication.com",
            "QueryStatus": "0",
            "QueryResults": "type:  5 pagead-googlehosted.l.google.com;::ffff:89.160.20.156;192.168.6.30;2a02:cf40:a83e::2:30;192.168.14.30;2a02:cf40:231d::2:30;192.168.92.30;2a02:cf40:83eb::30;192.168.80.30;2a02:cf40:856e::30;",
            "Image": "C:\\Program Files (x86)\\Internet Explorer\\iexplore.exe",
            "UtcTime": "2019-07-18 03:34:03.146"
          },
          "channel": "Microsoft-Windows-Sysmon/Operational",
          "event_id": "22",
          "record_id": 110,
          "computer_name": "vagrant-2016"
        }
      }
    },
    {
      "data_stream": "sysmon_operational",
      "package": "windows",
      "source": "test/test-events.json",
      "sample_event": {
        "@timestamp": "2021-05-05T15:30:51.696Z",
        "log": {
          "level": "information"
        },
        "event": {
          "original": "<Event xmlns='http://schemas.microsoft.com/win/2004/08/events/event'><System><Provider Name='Microsoft-Windows-Sysmon' Guid='{5770385f-c22a-43e0-bf4c-06f5698ffbd9}'/><EventID>1</EventID><Version>5</Version><Level>4</Level><Task>1</Task><Opcode>0</Opcode><Keywords>0x8000000000000000</Keywords><TimeCreated SystemTime='2019-03-18T16:57:38.011477000Z'/><EventRecordID>4</EventRecordID><Correlation/><Execution ProcessID='4860' ThreadID='4516'/><Channel>Microsoft-Windows-Sysmon/Operational</Channel><Computer>vagrant-2012-r2</Computer><Security UserID='S-1-5-18'/></System><EventData><Data Name='RuleName'></Data><Data Name='UtcTime'>2019-03-18 16:57:37.964</Data><Data Name='ProcessGuid'>{42f11c3b-ce01-5c8f-0000-00102c412a00}</Data><Data Name='ProcessId'>5028</Data><Data Name='Image'>C:\\Windows\\System32\\wbem\\unsecapp.exe</Data><Data Name='FileVersion'>6.3.9600.16384 (winblue_rtm.130821-1623)</Data><Data Name='Description'>Sink to receive asynchronous callbacks for WMI client application</Data><Data Name='Product'>Microsoft« Windows« Operating System</Data><Data Name='Company'>Microsoft Corporation</Data><Data Name='CommandLine'>C:\\Windows\\system32\\wbem\\unsecapp.exe -Embedding</Data><Data Name='CurrentDirectory'>C:\\Windows\\system32\\</Data><Data Name='User'>NT AUTHORITY\\SYSTEM</Data><Data Name='LogonGuid'>{42f11c3b-6e1a-5c8c-0000-0020e7030000}</Data><Data Name='LogonId'>0x3e7</Data><Data Name='TerminalSessionId'>0</Data><Data Name='IntegrityLevel'>System</Data><Data Name='Hashes'>SHA1=6DF8163A6320B80B60733F9D62E2F39B4B16B678</Data><Data Name='ParentProcessGuid'>{42f11c3b-6e1b-5c8c-0000-00102f610000}</Data><Data Name='ParentProcessId'>560</Data><Data Name='ParentImage'>C:\\Windows\\System32\\svchost.exe</Data><Data Name='ParentCommandLine'>C:\\Windows\\system32\\svchost.exe -k DcomLaunch</Data></EventData></Event>",
          "kind": "event",
          "provider": "Microsoft-Windows-Sysmon",
          "code": "1"
        },
        "winlog": {
          "record_id": 4,
          "opcode": "Info",
          "provider_guid": "{5770385f-c22a-43e0-bf4c-06f5698ffbd9}",
          "version": 5,
          "time_created": "2019-03-18T16:57:38.011Z",
          "level": "information",
          "channel": "Microsoft-Windows-Sysmon/Operational",
          "provider_name": "Microsoft-Windows-Sysmon",
          "event_data": {
            "ProcessGuid": "{42f11c3b-ce01-5c8f-0000-00102c412a00}",
            "Description": "Sink to receive asynchronous callbacks for WMI client application",
            "Company": "Microsoft Corporation",
            "LogonId": "0x3e7",
            "ParentProcessId": "560",
            "ParentImage": "C:\\Windows\\System32\\svchost.exe",
            "ParentCommandLine": "C:\\Windows\\system32\\svchost.exe -k DcomLaunch",
            "Product": "Microsoft« Windows« Operating System",
            "User": "NT AUTHORITY\\SYSTEM",
            "LogonGuid": "{42f11c3b-6e1a-5c8c-0000-0020e7030000}",
            "Image": "C:\\Windows\\System32\\wbem\\unsecapp.exe",
            "FileVersion": "6.3.9600.16384 (winblue_rtm.130821-1623)",
            "CommandLine": "C:\\Windows\\system32\\wbem\\unsecapp.exe -Embedding",
            "TerminalSessionId": "0",
            "IntegrityLevel": "System",
            "Hashes": "SHA1=6DF8163A6320B80B60733F9D62E2F39B4B16B678",
            "UtcTime": "2019-03-18 16:57:37.964",
            "ProcessId": "5028",
            "CurrentDirectory": "C:\\Windows\\system32\\",
            "ParentProcessGuid": "{42f11c3b-6e1b-5c8c-0000-00102f610000}"
          },
          "process": {
            "pid": 4860,
            "thread": {
              "id": 4516
            }
          },
          "user": {
            "identifier": "S-1-5-18"
          },
          "event_id": "1",
          "computer_name": "vagrant-2012-r2"
        },
        "host": {
          "name": "vagrant-2012-r2"
        }
      }
    },
    {
      "data_stream": "sysmon_operational",
      "package": "windows",
      "source": "test/test-events.json",
      "sample_event": {
        "@timestamp": "2021-05-05T15:30:51.698Z",
        "event": {
          "original": "<Event xmlns='http://schemas.microsoft.com/win/2004/08/events/event'><System><Provider Name='Microsoft-Windows-Sysmon' Guid='{5770385f-c22a-43e0-bf4c-06f5698ffbd9}'/><EventID>22</EventID><Version>5</Version><Level>4</Level><Task>22</Task><Opcode>0</Opcode><Keywords>0x8000000000000000</Keywords><TimeCreated SystemTime='2019-07-18T03:34:03.802480600Z'/><EventRecordID>111</EventRecordID><Correlation/><Execution ProcessID='2828' ThreadID='1684'/><Channel>Microsoft-Windows-Sysmon/Operational</Channel><Computer>vagrant-2016</Computer><Security UserID='S-1-5-18'/></System><EventData><Data Name='RuleName'></Data><Data Name='UtcTime'>2019-07-18 03:34:03.182</Data><Data Name='ProcessGuid'>{fa4a0de6-e8a9-5d2f-0000-001053699900}</Data><Data Name='ProcessId'>2736</Data><Data Name='QueryName'>image2.pubmatic.com</Data><Data Name='QueryStatus'>0</Data><Data Name='QueryResults'>type:  5 pug44000nfc.pubmatic.com;type:  5 pug44000nf.pubmatic.com;::ffff:89.160.20.156;192.168.6.30;2a02:cf40:a83e::2:30;192.168.14.30;2a02:cf40:231d::2:30;192.168.92.30;2a02:cf40:83eb::30;192.168.80.30;2a02:cf40:856e::30;</Data><Data Name='Image'>C:\\Program Files (x86)\\Internet Explorer\\iexplore.exe</Data></EventData></Event>",
          "provider": "Microsoft-Windows-Sysmon",
          "code": "22",
          "kind": "event"
        },
        "log": {
          "level": "information"
        },
        "winlog": {
          "channel": "Microsoft-Windows-Sysmon/Operational",
          "opcode": "Info",
          "provider_guid": "{5770385f-c22a-43e0-bf4c-06f5698ffbd9}",
          "version": 5,
          "time_created": "2019-07-18T03:34:03.802Z",
          "event_data": {
            "Image": "C:\\Program Files (x86)\\Internet Explorer\\iexplore.exe",
            "UtcTime": "2019-07-18 03:34:03.182",
            "ProcessGuid": "{fa4a0de6-e8a9-5d2f-0000-001053699900}",
            "ProcessId": "2736",
            "QueryName": "image2.pubmatic.com",
            "QueryStatus": "0",
            "QueryResults": "type:  5 pug44000nfc.pubmatic.com;type:  5 pug44000nf.pubmatic.com;::ffff:89.160.20.156;192.168.6.30;2a02:cf40:a83e::2:30;192.168.14.30;2a02:cf40:231d::2:30;192.168.92.30;2a02:cf40:83eb::30;192.168.80.30;2a02:cf40:856e::30;"
          },
          "process": {
            "thread": {
              "id": 1684
            },
            "pid": 2828
          },
          "event_id": "22",
          "provider_name": "Microsoft-Windows-Sysmon",
          "record_id": 111,
          "computer_name": "vagrant-2016",
          "level": "information",
          "user": {
            "identifier": "S-1-5-18"
          }
        }
      }
    },
    {
      "data_stream": "sysmon_operational",
      "package": "windows",
      "source": "test/test-events.json",
      "sample_event": {
        "@timestamp": "2021-05-05T15:30:51.698Z",
        "log": {
          "level": "information"
        },
        "event": {
          "code": "22",
          "kind": "event",
          "provider": "Microsoft-Windows-Sysmon",
          "original": "<Event xmlns='http://schemas.microsoft.com/win/2004/08/events/event'><System><Provider Name='Microsoft-Windows-Sysmon' Guid='{5770385f-c22a-43e0-bf4c-06f5698ffbd9}'/><EventID>22</EventID><Version>5</Version><Level>4</Level><Task>22</Task><Opcode>0</Opcode><Keywords>0x8000000000000000</Keywords><TimeCreated SystemTime='2019-07-18T03:34:03.802496100Z'/><EventRecordID>112</EventRecordID><Correlation/><Execution ProcessID='2828' ThreadID='1684'/><Channel>Microsoft-Windows-Sysmon/Operational</Channel><Computer>vagrant-2016</Computer><Security UserID='S-1-5-18'/></System><EventData><Data Name='RuleName'></Data><Data Name='UtcTime'>2019-07-18 03:34:03.183</Data><Data Name='ProcessGuid'>{fa4a0de6-e8a9-5d2f-0000-001053699900}</Data><Data Name='ProcessId'>2736</Data><Data Name='QueryName'>sam.msn.com</Data><Data Name='QueryStatus'>0</Data><Data Name='QueryResults'>type:  5 www.msn.com;type:  5 www-msn-com.a-0003.a-msedge.net;type:  5 a-0003.a-msedge.net;::ffff:89.160.20.156;</Data><Data Name='Image'>C:\\Program Files (x86)\\Internet Explorer\\iexplore.exe</Data></EventData></Event>"
        },
        "winlog": {
          "version": 5,
          "time_created": "2019-07-18T03:34:03.802Z",
          "level": "information",
          "channel": "Microsoft-Windows-Sysmon/Operational",
          "provider_name": "Microsoft-Windows-Sysmon",
          "record_id": 112,
          "opcode": "Info",
          "provider_guid": "{5770385f-c22a-43e0-bf4c-06f5698ffbd9}",
          "user": {
            "identifier": "S-1-5-18"
          },
          "event_id": "22",
          "computer_name": "vagrant-2016",
          "event_data": {
            "ProcessId": "2736",
            "QueryName": "sam.msn.com",
            "QueryStatus": "0",
            "QueryResults": "type:  5 www.msn.com;type:  5 www-msn-com.a-0003.a-msedge.net;type:  5 a-0003.a-msedge.net;::ffff:89.160.20.156;",
            "Image": "C:\\Program Files (x86)\\Internet Explorer\\iexplore.exe",
            "UtcTime": "2019-07-18 03:34:03.183",
            "ProcessGuid": "{fa4a0de6-e8a9-5d2f-0000-001053699900}"
          },
          "process": {
            "pid": 2828,
            "thread": {
              "id": 1684
            }
          }
        }
      }
    },
    {
      "data_stream": "sysmon_operational",
      "package": "windows",
      "source": "test/test-events.json",
      "sample_event": {
        "@timestamp": "2021-05-05T15:30:51.698Z",
        "log": {
          "level": "information"
        },
        "event": {
          "original": "<Event xmlns='http://schemas.microsoft.com/win/2004/08/events/event'><System><Provider Name='Microsoft-Windows-Sysmon' Guid='{5770385f-c22a-43e0-bf4c-06f5698ffbd9}'/><EventID>22</EventID><Version>5</Version><Level>4</Level><Task>22</Task><Opcode>0</Opcode><Keywords>0x8000000000000000</Keywords><TimeCreated SystemTime='2019-07-18T03:34:03.802516200Z'/><EventRecordID>113</EventRecordID><Correlation/><Execution ProcessID='2828' ThreadID='1684'/><Channel>Microsoft-Windows-Sysmon/Operational</Channel><Computer>vagrant-2016</Computer><Security UserID='S-1-5-18'/></System><EventData><Data Name='RuleName'></Data><Data Name='UtcTime'>2019-07-18 03:34:03.222</Data><Data Name='ProcessGuid'>{fa4a0de6-e8a9-5d2f-0000-001053699900}</Data><Data Name='ProcessId'>2736</Data><Data Name='QueryName'>ocsp.sca1b.amazontrust.com</Data><Data Name='QueryStatus'>0</Data><Data Name='QueryResults'>::ffff:89.160.20.156;::ffff:89.160.20.156;::ffff:89.160.20.156;::ffff:89.160.20.156;192.168.6.30;2a02:cf40:a83e::2:30;192.168.14.30;2a02:cf40:231d::2:30;192.168.92.30;2a02:cf40:83eb::30;192.168.80.30;2a02:cf40:856e::30;</Data><Data Name='Image'>C:\\Program Files (x86)\\Internet Explorer\\iexplore.exe</Data></EventData></Event>",
          "code": "22",
          "kind": "event",
          "provider": "Microsoft-Windows-Sysmon"
        },
        "winlog": {
          "time_created": "2019-07-18T03:34:03.802Z",
          "level": "information",
          "user": {
            "identifier": "S-1-5-18"
          },
          "event_id": "22",
          "provider_name": "Microsoft-Windows-Sysmon",
          "record_id": 113,
          "opcode": "Info",
          "version": 5,
          "process": {
            "pid": 2828,
            "thread": {
              "id": 1684
            }
          },
          "channel": "Microsoft-Windows-Sysmon/Operational",
          "computer_name": "vagrant-2016",
          "provider_guid": "{5770385f-c22a-43e0-bf4c-06f5698ffbd9}",
          "event_data": {
            "QueryResults": "::ffff:89.160.20.156;::ffff:89.160.20.156;::ffff:89.160.20.156;::ffff:89.160.20.156;192.168.6.30;2a02:cf40:a83e::2:30;192.168.14.30;2a02:cf40:231d::2:30;192.168.92.30;2a02:cf40:83eb::30;192.168.80.30;2a02:cf40:856e::30;",
            "Image": "C:\\Program Files (x86)\\Internet Explorer\\iexplore.exe",
            "UtcTime": "2019-07-18 03:34:03.222",
            "ProcessGuid": "{fa4a0de6-e8a9-5d2f-0000-001053699900}",
            "ProcessId": "2736",
            "QueryName": "ocsp.sca1b.amazontrust.com",
            "QueryStatus": "0"
          }
        }
      }
    },
    {
      "data_stream": "sysmon_operational",
      "package": "windows",
      "source": "test/test-events.json",
      "sample_event": {
        "@timestamp": "2021-05-05T15:30:51.698Z",
        "event": {
          "code": "22",
          "kind": "event",
          "provider": "Microsoft-Windows-Sysmon",
          "original": "<Event xmlns='http://schemas.microsoft.com/win/2004/08/events/event'><System><Provider Name='Microsoft-Windows-Sysmon' Guid='{5770385f-c22a-43e0-bf4c-06f5698ffbd9}'/><EventID>22</EventID><Version>5</Version><Level>4</Level><Task>22</Task><Opcode>0</Opcode><Keywords>0x8000000000000000</Keywords><TimeCreated SystemTime='2019-07-18T03:34:03.802540200Z'/><EventRecordID>114</EventRecordID><Correlation/><Execution ProcessID='2828' ThreadID='1684'/><Channel>Microsoft-Windows-Sysmon/Operational</Channel><Computer>vagrant-2016</Computer><Security UserID='S-1-5-18'/></System><EventData><Data Name='RuleName'></Data><Data Name='UtcTime'>2019-07-18 03:34:03.271</Data><Data Name='ProcessGuid'>{fa4a0de6-e8a9-5d2f-0000-001053699900}</Data><Data Name='ProcessId'>2736</Data><Data Name='QueryName'>c1.adform.net</Data><Data Name='QueryStatus'>0</Data><Data Name='QueryResults'>type:  5 track.adformnet.akadns.net;type:  5 track-us.adformnet.akadns.net;::ffff:89.160.20.156;::ffff:89.160.20.156;</Data><Data Name='Image'>C:\\Program Files (x86)\\Internet Explorer\\iexplore.exe</Data></EventData></Event>"
        },
        "log": {
          "level": "information"
        },
        "winlog": {
          "version": 5,
          "time_created": "2019-07-18T03:34:03.802Z",
          "channel": "Microsoft-Windows-Sysmon/Operational",
          "event_id": "22",
          "provider_name": "Microsoft-Windows-Sysmon",
          "record_id": 114,
          "opcode": "Info",
          "provider_guid": "{5770385f-c22a-43e0-bf4c-06f5698ffbd9}",
          "level": "information",
          "process": {
            "pid": 2828,
            "thread": {
              "id": 1684
            }
          },
          "computer_name": "vagrant-2016",
          "user": {
            "identifier": "S-1-5-18"
          },
          "event_data": {
            "ProcessId": "2736",
            "QueryName": "c1.adform.net",
            "QueryStatus": "0",
            "QueryResults": "type:  5 track.adformnet.akadns.net;type:  5 track-us.adformnet.akadns.net;::ffff:89.160.20.156;::ffff:89.160.20.156;",
            "Image": "C:\\Program Files (x86)\\Internet Explorer\\iexplore.exe",
            "UtcTime": "2019-07-18 03:34:03.271",
            "ProcessGuid": "{fa4a0de6-e8a9-5d2f-0000-001053699900}"
          }
        }
      }
    },
    {
      "data_stream": "sysmon_operational",
      "package": "windows",
      "source": "test/test-events.json",
      "sample_event": {
        "@timestamp": "2021-05-05T15:30:51.699Z",
        "winlog": {
          "version": 5,
          "event_data": {
            "QueryName": "urs.microsoft.com",
            "QueryStatus": "0",
            "QueryResults": "type:  5 wd-prod-ss.trafficmanager.net;type:  5 wd-prod-ss-us-southcentral-2-fe.southcentralus.cloudapp.azure.com;::ffff:89.160.20.156;192.168.6.30;2a02:cf40:a83e::2:30;192.168.14.30;2a02:cf40:231d::2:30;192.168.92.30;",
            "Image": "C:\\Program Files (x86)\\Internet Explorer\\iexplore.exe",
            "UtcTime": "2019-07-18 03:34:03.271",
            "ProcessGuid": "{fa4a0de6-e8a9-5d2f-0000-001053699900}",
            "ProcessId": "2736"
          },
          "event_id": "22",
          "provider_name": "Microsoft-Windows-Sysmon",
          "record_id": 115,
          "computer_name": "vagrant-2016",
          "opcode": "Info",
          "provider_guid": "{5770385f-c22a-43e0-bf4c-06f5698ffbd9}",
          "channel": "Microsoft-Windows-Sysmon/Operational",
          "time_created": "2019-07-18T03:34:03.802Z",
          "level": "information",
          "user": {
            "identifier": "S-1-5-18"
          },
          "process": {
            "pid": 2828,
            "thread": {
              "id": 1684
            }
          }
        },
        "event": {
          "provider": "Microsoft-Windows-Sysmon",
          "code": "22",
          "original": "<Event xmlns='http://schemas.microsoft.com/win/2004/08/events/event'><System><Provider Name='Microsoft-Windows-Sysmon' Guid='{5770385f-c22a-43e0-bf4c-06f5698ffbd9}'/><EventID>22</EventID><Version>5</Version><Level>4</Level><Task>22</Task><Opcode>0</Opcode><Keywords>0x8000000000000000</Keywords><TimeCreated SystemTime='2019-07-18T03:34:03.802550800Z'/><EventRecordID>115</EventRecordID><Correlation/><Execution ProcessID='2828' ThreadID='1684'/><Channel>Microsoft-Windows-Sysmon/Operational</Channel><Computer>vagrant-2016</Computer><Security UserID='S-1-5-18'/></System><EventData><Data Name='RuleName'></Data><Data Name='UtcTime'>2019-07-18 03:34:03.271</Data><Data Name='ProcessGuid'>{fa4a0de6-e8a9-5d2f-0000-001053699900}</Data><Data Name='ProcessId'>2736</Data><Data Name='QueryName'>urs.microsoft.com</Data><Data Name='QueryStatus'>0</Data><Data Name='QueryResults'>type:  5 wd-prod-ss.trafficmanager.net;type:  5 wd-prod-ss-us-southcentral-2-fe.southcentralus.cloudapp.azure.com;::ffff:89.160.20.156;192.168.6.30;2a02:cf40:a83e::2:30;192.168.14.30;2a02:cf40:231d::2:30;192.168.92.30;</Data><Data Name='Image'>C:\\Program Files (x86)\\Internet Explorer\\iexplore.exe</Data></EventData></Event>",
          "kind": "event"
        },
        "log": {
          "level": "information"
        }
      }
    },
    {
      "data_stream": "sysmon_operational",
      "package": "windows",
      "source": "test/test-events.json",
      "sample_event": {
        "@timestamp": "2021-05-05T15:30:51.699Z",
        "winlog": {
          "opcode": "Info",
          "version": 5,
          "level": "information",
          "process": {
            "pid": 2828,
            "thread": {
              "id": 1684
            }
          },
          "event_id": "22",
          "provider_name": "Microsoft-Windows-Sysmon",
          "computer_name": "vagrant-2016",
          "provider_guid": "{5770385f-c22a-43e0-bf4c-06f5698ffbd9}",
          "time_created": "2019-07-18T03:34:03.802Z",
          "user": {
            "identifier": "S-1-5-18"
          },
          "event_data": {
            "ProcessGuid": "{fa4a0de6-e8a9-5d2f-0000-001053699900}",
            "ProcessId": "2736",
            "QueryName": "dsum-sec.casalemedia.com",
            "QueryStatus": "0",
            "QueryResults": "type:  5 dsum-sec.casalemedia.com.edgekey.net;type:  5 e8037.g.akamaiedge.net;::ffff:89.160.20.156;",
            "Image": "C:\\Program Files (x86)\\Internet Explorer\\iexplore.exe",
            "UtcTime": "2019-07-18 03:34:03.290"
          },
          "channel": "Microsoft-Windows-Sysmon/Operational",
          "record_id": 116
        },
        "log": {
          "level": "information"
        },
        "event": {
          "original": "<Event xmlns='http://schemas.microsoft.com/win/2004/08/events/event'><System><Provider Name='Microsoft-Windows-Sysmon' Guid='{5770385f-c22a-43e0-bf4c-06f5698ffbd9}'/><EventID>22</EventID><Version>5</Version><Level>4</Level><Task>22</Task><Opcode>0</Opcode><Keywords>0x8000000000000000</Keywords><TimeCreated SystemTime='2019-07-18T03:34:03.802560700Z'/><EventRecordID>116</EventRecordID><Correlation/><Execution ProcessID='2828' ThreadID='1684'/><Channel>Microsoft-Windows-Sysmon/Operational</Channel><Computer>vagrant-2016</Computer><Security UserID='S-1-5-18'/></System><EventData><Data Name='RuleName'></Data><Data Name='UtcTime'>2019-07-18 03:34:03.290</Data><Data Name='ProcessGuid'>{fa4a0de6-e8a9-5d2f-0000-001053699900}</Data><Data Name='ProcessId'>2736</Data><Data Name='QueryName'>dsum-sec.casalemedia.com</Data><Data Name='QueryStatus'>0</Data><Data Name='QueryResults'>type:  5 dsum-sec.casalemedia.com.edgekey.net;type:  5 e8037.g.akamaiedge.net;::ffff:89.160.20.156;</Data><Data Name='Image'>C:\\Program Files (x86)\\Internet Explorer\\iexplore.exe</Data></EventData></Event>",
          "code": "22",
          "kind": "event",
          "provider": "Microsoft-Windows-Sysmon"
        }
      }
    },
    {
      "data_stream": "sysmon_operational",
      "package": "windows",
      "source": "test/test-events.json",
      "sample_event": {
        "@timestamp": "2021-05-05T15:30:51.699Z",
        "event": {
          "original": "<Event xmlns='http://schemas.microsoft.com/win/2004/08/events/event'><System><Provider Name='Microsoft-Windows-Sysmon' Guid='{5770385f-c22a-43e0-bf4c-06f5698ffbd9}'/><EventID>22</EventID><Version>5</Version><Level>4</Level><Task>22</Task><Opcode>0</Opcode><Keywords>0x8000000000000000</Keywords><TimeCreated SystemTime='2019-07-18T03:34:03.802569800Z'/><EventRecordID>117</EventRecordID><Correlation/><Execution ProcessID='2828' ThreadID='1684'/><Channel>Microsoft-Windows-Sysmon/Operational</Channel><Computer>vagrant-2016</Computer><Security UserID='S-1-5-18'/></System><EventData><Data Name='RuleName'></Data><Data Name='UtcTime'>2019-07-18 03:34:03.292</Data><Data Name='ProcessGuid'>{fa4a0de6-e8a9-5d2f-0000-001053699900}</Data><Data Name='ProcessId'>2736</Data><Data Name='QueryName'>ocsp.godaddy.com</Data><Data Name='QueryStatus'>0</Data><Data Name='QueryResults'>type:  5 ocsp.godaddy.com.akadns.net;::ffff:89.160.20.156;</Data><Data Name='Image'>C:\\Program Files (x86)\\Internet Explorer\\iexplore.exe</Data></EventData></Event>",
          "code": "22",
          "kind": "event",
          "provider": "Microsoft-Windows-Sysmon"
        },
        "winlog": {
          "user": {
            "identifier": "S-1-5-18"
          },
          "event_data": {
            "Image": "C:\\Program Files (x86)\\Internet Explorer\\iexplore.exe",
            "UtcTime": "2019-07-18 03:34:03.292",
            "ProcessGuid": "{fa4a0de6-e8a9-5d2f-0000-001053699900}",
            "ProcessId": "2736",
            "QueryName": "ocsp.godaddy.com",
            "QueryStatus": "0",
            "QueryResults": "type:  5 ocsp.godaddy.com.akadns.net;::ffff:89.160.20.156;"
          },
          "computer_name": "vagrant-2016",
          "version": 5,
          "provider_name": "Microsoft-Windows-Sysmon",
          "record_id": 117,
          "opcode": "Info",
          "provider_guid": "{5770385f-c22a-43e0-bf4c-06f5698ffbd9}",
          "time_created": "2019-07-18T03:34:03.802Z",
          "level": "information",
          "channel": "Microsoft-Windows-Sysmon/Operational",
          "event_id": "22",
          "process": {
            "pid": 2828,
            "thread": {
              "id": 1684
            }
          }
        },
        "log": {
          "level": "information"
        }
      }
    },
    {
      "data_stream": "sysmon_operational",
      "package": "windows",
      "source": "test/test-events.json",
      "sample_event": {
        "@timestamp": "2021-05-05T15:30:51.699Z",
        "winlog": {
          "provider_guid": "{5770385f-c22a-43e0-bf4c-06f5698ffbd9}",
          "version": 5,
          "user": {
            "identifier": "S-1-5-18"
          },
          "event_data": {
            "UtcTime": "2019-07-18 03:34:03.315",
            "ProcessGuid": "{fa4a0de6-e8a9-5d2f-0000-001053699900}",
            "ProcessId": "2736",
            "QueryName": "googleads.g.doubleclick.net",
            "QueryStatus": "9701",
            "Image": "C:\\Program Files (x86)\\Internet Explorer\\iexplore.exe"
          },
          "process": {
            "thread": {
              "id": 1684
            },
            "pid": 2828
          },
          "channel": "Microsoft-Windows-Sysmon/Operational",
          "provider_name": "Microsoft-Windows-Sysmon",
          "computer_name": "vagrant-2016",
          "time_created": "2019-07-18T03:34:03.802Z",
          "level": "information",
          "event_id": "22",
          "record_id": 118,
          "opcode": "Info"
        },
        "log": {
          "level": "information"
        },
        "event": {
          "original": "<Event xmlns='http://schemas.microsoft.com/win/2004/08/events/event'><System><Provider Name='Microsoft-Windows-Sysmon' Guid='{5770385f-c22a-43e0-bf4c-06f5698ffbd9}'/><EventID>22</EventID><Version>5</Version><Level>4</Level><Task>22</Task><Opcode>0</Opcode><Keywords>0x8000000000000000</Keywords><TimeCreated SystemTime='2019-07-18T03:34:03.802587100Z'/><EventRecordID>118</EventRecordID><Correlation/><Execution ProcessID='2828' ThreadID='1684'/><Channel>Microsoft-Windows-Sysmon/Operational</Channel><Computer>vagrant-2016</Computer><Security UserID='S-1-5-18'/></System><EventData><Data Name='RuleName'></Data><Data Name='UtcTime'>2019-07-18 03:34:03.315</Data><Data Name='ProcessGuid'>{fa4a0de6-e8a9-5d2f-0000-001053699900}</Data><Data Name='ProcessId'>2736</Data><Data Name='QueryName'>googleads.g.doubleclick.net</Data><Data Name='QueryStatus'>9701</Data><Data Name='QueryResults'></Data><Data Name='Image'>C:\\Program Files (x86)\\Internet Explorer\\iexplore.exe</Data></EventData></Event>",
          "provider": "Microsoft-Windows-Sysmon",
          "code": "22",
          "kind": "event"
        }
      }
    },
