    {
      "data_stream": "sysmon_operational",
      "package": "windows",
      "source": "test/test-events.json",
      "sample_event": {
        "@timestamp": "2021-05-05T15:30:51.700Z",
        "log": {
          "level": "information"
        },
        "winlog": {
          "time_created": "2019-07-18T03:34:04.029Z",
          "level": "information",
          "user": {
            "identifier": "S-1-5-18"
          },
          "event_data": {
            "UtcTime": "2019-07-18 03:34:03.889",
            "ProcessGuid": "{fa4a0de6-e8a9-5d2f-0000-001053699900}",
            "ProcessId": "2736",
            "QueryName": "images.taboola.com",
            "QueryStatus": "0",
            "QueryResults": "type:  5 f2.taboola.map.fastly.net;::ffff:89.160.20.156;::ffff:89.160.20.156;::ffff:89.160.20.156;::ffff:89.160.20.156;",
            "Image": "C:\\Program Files (x86)\\Internet Explorer\\iexplore.exe"
          },
          "channel": "Microsoft-Windows-Sysmon/Operational",
          "record_id": 127,
          "computer_name": "vagrant-2016",
          "opcode": "Info",
          "process": {
            "pid": 2828,
            "thread": {
              "id": 1684
            }
          },
          "event_id": "22",
          "provider_name": "Microsoft-Windows-Sysmon",
          "provider_guid": "{5770385f-c22a-43e0-bf4c-06f5698ffbd9}",
          "version": 5
        },
        "event": {
          "original": "<Event xmlns='http://schemas.microsoft.com/win/2004/08/events/event'><System><Provider Name='Microsoft-Windows-Sysmon' Guid='{5770385f-c22a-43e0-bf4c-06f5698ffbd9}'/><EventID>22</EventID><Version>5</Version><Level>4</Level><Task>22</Task><Opcode>0</Opcode><Keywords>0x8000000000000000</Keywords><TimeCreated SystemTime='2019-07-18T03:34:04.029851300Z'/><EventRecordID>127</EventRecordID><Correlation/><Execution ProcessID='2828' ThreadID='1684'/><Channel>Microsoft-Windows-Sysmon/Operational</Channel><Computer>vagrant-2016</Computer><Security UserID='S-1-5-18'/></System><EventData><Data Name='RuleName'></Data><Data Name='UtcTime'>2019-07-18 03:34:03.889</Data><Data Name='ProcessGuid'>{fa4a0de6-e8a9-5d2f-0000-001053699900}</Data><Data Name='ProcessId'>2736</Data><Data Name='QueryName'>images.taboola.com</Data><Data Name='QueryStatus'>0</Data><Data Name='QueryResults'>type:  5 f2.taboola.map.fastly.net;::ffff:89.160.20.156;::ffff:89.160.20.156;::ffff:89.160.20.156;::ffff:89.160.20.156;</Data><Data Name='Image'>C:\\Program Files (x86)\\Internet Explorer\\iexplore.exe</Data></EventData></Event>",
          "kind": "event",
          "provider": "Microsoft-Windows-Sysmon",
          "code": "22"
        }
      }
    },
    {
      "data_stream": "sysmon_operational",
      "package": "windows",
      "source": "test/test-events.json",
      "sample_event": {
        "@timestamp": "2021-05-05T15:30:51.701Z",
        "event": {
          "original": "<Event xmlns='http://schemas.microsoft.com/win/2004/08/events/event'><System><Provider Name='Microsoft-Windows-Sysmon' Guid='{5770385f-c22a-43e0-bf4c-06f5698ffbd9}'/><EventID>3</EventID><Version>5</Version><Level>4</Level><Task>3</Task><Opcode>0</Opcode><Keywords>0x8000000000000000</Keywords><TimeCreated SystemTime='2019-03-18T16:57:49.340580700Z'/><EventRecordID>14</EventRecordID><Correlation/><Execution ProcessID='4860' ThreadID='4492'/><Channel>Microsoft-Windows-Sysmon/Operational</Channel><Computer>vagrant-2012-r2</Computer><Security UserID='S-1-5-18'/></System><EventData><Data Name='RuleName'></Data><Data Name='UtcTime'>2019-03-18 16:57:48.250</Data><Data Name='ProcessGuid'>{42f11c3b-0bad-5c8c-0000-0010dfbc0000}</Data><Data Name='ProcessId'>924</Data><Data Name='Image'>C:\\Windows\\System32\\svchost.exe</Data><Data Name='User'>NT AUTHORITY\\NETWORK SERVICE</Data><Data Name='Protocol'>udp</Data><Data Name='Initiated'>true</Data><Data Name='SourceIsIpv6'>true</Data><Data Name='SourceIp'>fe80:0:0:0:e488:b85c:5262:ff86</Data><Data Name='SourceHostname'>vagrant-2012-r2.local.crowbird.com</Data><Data Name='SourcePort'>55542</Data><Data Name='SourcePortName'></Data><Data Name='DestinationIsIpv6'>true</Data><Data Name='DestinationIp'>ff02:0:0:0:0:0:1:3</Data><Data Name='DestinationHostname'></Data><Data Name='DestinationPort'>5355</Data><Data Name='DestinationPortName'>llmnr</Data></EventData></Event>",
          "kind": "event",
          "provider": "Microsoft-Windows-Sysmon",
          "code": "3"
        },
        "winlog": {
          "event_data": {
            "Initiated": "true",
            "SourceIsIpv6": "true",
            "SourceIp": "fe80:0:0:0:e488:b85c:5262:ff86",
            "SourceHostname": "vagrant-2012-r2.local.crowbird.com",
            "Image": "C:\\Windows\\System32\\svchost.exe",
            "Protocol": "udp",
            "SourcePort": "55542",
            "DestinationIsIpv6": "true",
            "DestinationPort": "5355",
            "DestinationPortName": "llmnr",
            "ProcessGuid": "{42f11c3b-0bad-5c8c-0000-0010dfbc0000}",
            "ProcessId": "924",
            "DestinationIp": "ff02:0:0:0:0:0:1:3",
            "UtcTime": "2019-03-18 16:57:48.250",
            "User": "NT AUTHORITY\\NETWORK SERVICE"
          },
          "process": {
            "pid": 4860,
            "thread": {
              "id": 4492
            }
          },
          "channel": "Microsoft-Windows-Sysmon/Operational",
          "event_id": "3",
          "version": 5,
          "time_created": "2019-03-18T16:57:49.340Z",
          "user": {
            "identifier": "S-1-5-18"
          },
          "level": "information",
          "provider_name": "Microsoft-Windows-Sysmon",
          "record_id": 14,
          "computer_name": "vagrant-2012-r2",
          "opcode": "Info",
          "provider_guid": "{5770385f-c22a-43e0-bf4c-06f5698ffbd9}"
        },
        "log": {
          "level": "information"
        }
      }
    },
    {
      "data_stream": "sysmon_operational",
      "package": "windows",
      "source": "test/test-events.json",
      "sample_event": {
        "@timestamp": "2021-05-05T15:30:51.701Z",
        "log": {
          "level": "information"
        },
        "event": {
          "original": "<Event xmlns='http://schemas.microsoft.com/win/2004/08/events/event'><System><Provider Name='Microsoft-Windows-Sysmon' Guid='{5770385f-c22a-43e0-bf4c-06f5698ffbd9}'/><EventID>3</EventID><Version>5</Version><Level>4</Level><Task>3</Task><Opcode>0</Opcode><Keywords>0x8000000000000000</Keywords><TimeCreated SystemTime='2019-03-18T16:57:49.340580700Z'/><EventRecordID>15</EventRecordID><Correlation/><Execution ProcessID='4860' ThreadID='4492'/><Channel>Microsoft-Windows-Sysmon/Operational</Channel><Computer>vagrant-2012-r2</Computer><Security UserID='S-1-5-18'/></System><EventData><Data Name='RuleName'></Data><Data Name='UtcTime'>2019-03-18 16:57:48.250</Data><Data Name='ProcessGuid'>{42f11c3b-0bad-5c8c-0000-0010dfbc0000}</Data><Data Name='ProcessId'>924</Data><Data Name='Image'>C:\\Windows\\System32\\svchost.exe</Data><Data Name='User'>NT AUTHORITY\\NETWORK SERVICE</Data><Data Name='Protocol'>udp</Data><Data Name='Initiated'>true</Data><Data Name='SourceIsIpv6'>true</Data><Data Name='SourceIp'>2a02:cf40:add:4002:91f2:a9b2:e09a:6fc6</Data><Data Name='SourceHostname'></Data><Data Name='SourcePort'>55542</Data><Data Name='SourcePortName'></Data><Data Name='DestinationIsIpv6'>true</Data><Data Name='DestinationIp'>2a02:cf40:add:4002:91f2:a9b2:e09a:6fc6</Data><Data Name='DestinationHostname'></Data><Data Name='DestinationPort'>5355</Data><Data Name='DestinationPortName'>llmnr</Data></EventData></Event>",
          "code": "3",
          "kind": "event",
          "provider": "Microsoft-Windows-Sysmon"
        },
        "winlog": {
          "channel": "Microsoft-Windows-Sysmon/Operational",
          "record_id": 15,
          "computer_name": "vagrant-2012-r2",
          "opcode": "Info",
          "time_created": "2019-03-18T16:57:49.340Z",
          "process": {
            "pid": 4860,
            "thread": {
              "id": 4492
            }
          },
          "event_data": {
            "Protocol": "udp",
            "UtcTime": "2019-03-18 16:57:48.250",
            "User": "NT AUTHORITY\\NETWORK SERVICE",
            "Image": "C:\\Windows\\System32\\svchost.exe",
            "SourceIp": "2a02:cf40:add:4002:91f2:a9b2:e09a:6fc6",
            "DestinationPort": "5355",
            "DestinationPortName": "llmnr",
            "ProcessGuid": "{42f11c3b-0bad-5c8c-0000-0010dfbc0000}",
            "ProcessId": "924",
            "DestinationIp": "2a02:cf40:add:4002:91f2:a9b2:e09a:6fc6",
            "SourceIsIpv6": "true",
            "SourcePort": "55542",
            "Initiated": "true",
            "DestinationIsIpv6": "true"
          },
          "event_id": "3",
          "provider_name": "Microsoft-Windows-Sysmon",
          "provider_guid": "{5770385f-c22a-43e0-bf4c-06f5698ffbd9}",
          "version": 5,
          "level": "information",
          "user": {
            "identifier": "S-1-5-18"
          }
        }
      }
    },
    {
      "data_stream": "sysmon_operational",
      "package": "windows",
      "source": "test/test-events.json",
      "sample_event": {
        "@timestamp": "2021-05-05T15:30:51.701Z",
        "log": {
          "level": "information"
        },
        "event": {
          "original": "<Event xmlns='http://schemas.microsoft.com/win/2004/08/events/event'><System><Provider Name='Microsoft-Windows-Sysmon' Guid='{5770385f-c22a-43e0-bf4c-06f5698ffbd9}'/><EventID>3</EventID><Version>5</Version><Level>4</Level><Task>3</Task><Opcode>0</Opcode><Keywords>0x8000000000000000</Keywords><TimeCreated SystemTime='2019-03-18T16:57:49.340580700Z'/><EventRecordID>16</EventRecordID><Correlation/><Execution ProcessID='4860' ThreadID='4492'/><Channel>Microsoft-Windows-Sysmon/Operational</Channel><Computer>vagrant-2012-r2</Computer><Security UserID='S-1-5-18'/></System><EventData><Data Name='RuleName'></Data><Data Name='UtcTime'>2019-03-18 16:57:48.250</Data><Data Name='ProcessGuid'>{42f11c3b-6e19-5c8c-0000-0010eb030000}</Data><Data Name='ProcessId'>4</Data><Data Name='Image'>System</Data><Data Name='User'>NT AUTHORITY\\SYSTEM</Data><Data Name='Protocol'>udp</Data><Data Name='Initiated'>true</Data><Data Name='SourceIsIpv6'>false</Data><Data Name='SourceIp'>89.160.20.156</Data><Data Name='SourceHostname'></Data><Data Name='SourcePort'>137</Data><Data Name='SourcePortName'>netbios-ns</Data><Data Name='DestinationIsIpv6'>false</Data><Data Name='DestinationIp'>89.160.20.156</Data><Data Name='DestinationHostname'></Data><Data Name='DestinationPort'>137</Data><Data Name='DestinationPortName'>netbios-ns</Data></EventData></Event>",
          "provider": "Microsoft-Windows-Sysmon",
          "code": "3",
          "kind": "event"
        },
        "winlog": {
          "user": {
            "identifier": "S-1-5-18"
          },
          "process": {
            "pid": 4860,
            "thread": {
              "id": 4492
            }
          },
          "channel": "Microsoft-Windows-Sysmon/Operational",
          "computer_name": "vagrant-2012-r2",
          "provider_guid": "{5770385f-c22a-43e0-bf4c-06f5698ffbd9}",
          "version": 5,
          "time_created": "2019-03-18T16:57:49.340Z",
          "event_data": {
            "Image": "System",
            "User": "NT AUTHORITY\\SYSTEM",
            "Protocol": "udp",
            "DestinationPortName": "netbios-ns",
            "UtcTime": "2019-03-18 16:57:48.250",
            "SourceIsIpv6": "false",
            "DestinationIsIpv6": "false",
            "ProcessId": "4",
            "DestinationIp": "89.160.20.156",
            "ProcessGuid": "{42f11c3b-6e19-5c8c-0000-0010eb030000}",
            "Initiated": "true",
            "SourceIp": "89.160.20.156",
            "SourcePort": "137",
            "SourcePortName": "netbios-ns",
            "DestinationPort": "137"
          },
          "event_id": "3",
          "provider_name": "Microsoft-Windows-Sysmon",
          "record_id": 16,
          "opcode": "Info",
          "level": "information"
        }
      }
    },
    {
      "data_stream": "sysmon_operational",
      "package": "windows",
      "source": "test/test-events.json",
      "sample_event": {
        "@timestamp": "2021-05-05T15:30:51.702Z",
        "log": {
          "level": "information"
        },
        "event": {
          "kind": "event",
          "provider": "Microsoft-Windows-Sysmon",
          "original": "<Event xmlns='http://schemas.microsoft.com/win/2004/08/events/event'><System><Provider Name='Microsoft-Windows-Sysmon' Guid='{5770385f-c22a-43e0-bf4c-06f5698ffbd9}'/><EventID>3</EventID><Version>5</Version><Level>4</Level><Task>3</Task><Opcode>0</Opcode><Keywords>0x8000000000000000</Keywords><TimeCreated SystemTime='2019-03-18T16:57:49.340580700Z'/><EventRecordID>17</EventRecordID><Correlation/><Execution ProcessID='4860' ThreadID='4492'/><Channel>Microsoft-Windows-Sysmon/Operational</Channel><Computer>vagrant-2012-r2</Computer><Security UserID='S-1-5-18'/></System><EventData><Data Name='RuleName'></Data><Data Name='UtcTime'>2019-03-18 16:57:48.251</Data><Data Name='ProcessGuid'>{42f11c3b-6e19-5c8c-0000-0010eb030000}</Data><Data Name='ProcessId'>4</Data><Data Name='Image'>System</Data><Data Name='User'>NT AUTHORITY\\SYSTEM</Data><Data Name='Protocol'>udp</Data><Data Name='Initiated'>false</Data><Data Name='SourceIsIpv6'>false</Data><Data Name='SourceIp'>89.160.20.156</Data><Data Name='SourceHostname'></Data><Data Name='SourcePort'>137</Data><Data Name='SourcePortName'>netbios-ns</Data><Data Name='DestinationIsIpv6'>false</Data><Data Name='DestinationIp'>89.160.20.156</Data><Data Name='DestinationHostname'></Data><Data Name='DestinationPort'>137</Data><Data Name='DestinationPortName'>netbios-ns</Data></EventData></Event>",
          "code": "3"
        },
        "winlog": {
          "record_id": 17,
          "opcode": "Info",
          "version": 5,
          "user": {
            "identifier": "S-1-5-18"
          },
          "channel": "Microsoft-Windows-Sysmon/Operational",
          "provider_name": "Microsoft-Windows-Sysmon",
          "provider_guid": "{5770385f-c22a-43e0-bf4c-06f5698ffbd9}",
          "time_created": "2019-03-18T16:57:49.340Z",
          "level": "information",
          "event_data": {
            "UtcTime": "2019-03-18 16:57:48.251",
            "ProcessGuid": "{42f11c3b-6e19-5c8c-0000-0010eb030000}",
            "SourceIsIpv6": "false",
            "ProcessId": "4",
            "Initiated": "false",
            "User": "NT AUTHORITY\\SYSTEM",
            "SourceIp": "89.160.20.156",
            "DestinationIp": "89.160.20.156",
            "DestinationPort": "137",
            "Image": "System",
            "Protocol": "udp",
            "SourcePort": "137",
            "SourcePortName": "netbios-ns",
            "DestinationIsIpv6": "false",
            "DestinationPortName": "netbios-ns"
          },
          "process": {
            "pid": 4860,
            "thread": {
              "id": 4492
            }
          },
          "event_id": "3",
          "computer_name": "vagrant-2012-r2"
        }
      }
    },
    {
      "data_stream": "sysmon_operational",
      "package": "windows",
      "source": "test/test-events.json",
      "sample_event": {
        "@timestamp": "2021-05-05T15:30:51.703Z",
        "log": {
          "level": "information"
        },
        "event": {
          "original": "<Event xmlns='http://schemas.microsoft.com/win/2004/08/events/event'><System><Provider Name='Microsoft-Windows-Sysmon' Guid='{5770385f-c22a-43e0-bf4c-06f5698ffbd9}'/><EventID>3</EventID><Version>5</Version><Level>4</Level><Task>3</Task><Opcode>0</Opcode><Keywords>0x8000000000000000</Keywords><TimeCreated SystemTime='2019-03-18T16:57:49.340580700Z'/><EventRecordID>18</EventRecordID><Correlation/><Execution ProcessID='4860' ThreadID='4492'/><Channel>Microsoft-Windows-Sysmon/Operational</Channel><Computer>vagrant-2012-r2</Computer><Security UserID='S-1-5-18'/></System><EventData><Data Name='RuleName'></Data><Data Name='UtcTime'>2019-03-18 16:57:48.251</Data><Data Name='ProcessGuid'>{42f11c3b-0bad-5c8c-0000-0010dfbc0000}</Data><Data Name='ProcessId'>924</Data><Data Name='Image'>C:\\Windows\\System32\\svchost.exe</Data><Data Name='User'>NT AUTHORITY\\NETWORK SERVICE</Data><Data Name='Protocol'>udp</Data><Data Name='Initiated'>true</Data><Data Name='SourceIsIpv6'>true</Data><Data Name='SourceIp'>fe80:0:0:0:616f:32fa:b04f:b419</Data><Data Name='SourceHostname'></Data><Data Name='SourcePort'>55717</Data><Data Name='SourcePortName'></Data><Data Name='DestinationIsIpv6'>true</Data><Data Name='DestinationIp'>ff02:0:0:0:0:0:1:3</Data><Data Name='DestinationHostname'></Data><Data Name='DestinationPort'>5355</Data><Data Name='DestinationPortName'>llmnr</Data></EventData></Event>",
          "code": "3",
          "kind": "event",
          "provider": "Microsoft-Windows-Sysmon"
        },
        "winlog": {
          "user": {
            "identifier": "S-1-5-18"
          },
          "event_data": {
            "Image": "C:\\Windows\\System32\\svchost.exe",
            "User": "NT AUTHORITY\\NETWORK SERVICE",
            "Protocol": "udp",
            "SourceIsIpv6": "true",
            "SourcePort": "55717",
            "DestinationPort": "5355",
            "UtcTime": "2019-03-18 16:57:48.251",
            "ProcessId": "924",
            "DestinationPortName": "llmnr",
            "ProcessGuid": "{42f11c3b-0bad-5c8c-0000-0010dfbc0000}",
            "DestinationIp": "ff02:0:0:0:0:0:1:3",
            "Initiated": "true",
            "SourceIp": "fe80:0:0:0:616f:32fa:b04f:b419",
            "DestinationIsIpv6": "true"
          },
          "process": {
            "pid": 4860,
            "thread": {
              "id": 4492
            }
          },
          "computer_name": "vagrant-2012-r2",
          "opcode": "Info",
          "provider_guid": "{5770385f-c22a-43e0-bf4c-06f5698ffbd9}",
          "version": 5,
          "level": "information",
          "channel": "Microsoft-Windows-Sysmon/Operational",
          "event_id": "3",
          "provider_name": "Microsoft-Windows-Sysmon",
          "record_id": 18,
          "time_created": "2019-03-18T16:57:49.340Z"
        }
      }
    },
    {
      "data_stream": "sysmon_operational",
      "package": "windows",
      "source": "test/test-events.json",
      "sample_event": {
        "@timestamp": "2021-05-05T15:30:51.703Z",
        "winlog": {
          "provider_name": "Microsoft-Windows-Sysmon",
          "opcode": "Info",
          "version": 5,
          "time_created": "2019-03-18T16:57:49.340Z",
          "level": "information",
          "process": {
            "pid": 4860,
            "thread": {
              "id": 4492
            }
          },
          "channel": "Microsoft-Windows-Sysmon/Operational",
          "record_id": 19,
          "computer_name": "vagrant-2012-r2",
          "provider_guid": "{5770385f-c22a-43e0-bf4c-06f5698ffbd9}",
          "user": {
            "identifier": "S-1-5-18"
          },
          "event_data": {
            "User": "NT AUTHORITY\\NETWORK SERVICE",
            "Initiated": "true",
            "DestinationIsIpv6": "true",
            "DestinationIp": "2a02:cf40:add:4002:91f2:a9b2:e09a:6fc6",
            "DestinationPortName": "llmnr",
            "ProcessGuid": "{42f11c3b-0bad-5c8c-0000-0010dfbc0000}",
            "SourceIp": "2a02:cf40:add:4002:91f2:a9b2:e09a:6fc6",
            "UtcTime": "2019-03-18 16:57:48.251",
            "ProcessId": "924",
            "Image": "C:\\Windows\\System32\\svchost.exe",
            "Protocol": "udp",
            "SourceIsIpv6": "true",
            "SourcePort": "55717",
            "DestinationPort": "5355"
          },
          "event_id": "3"
        },
        "log": {
          "level": "information"
        },
        "event": {
          "original": "<Event xmlns='http://schemas.microsoft.com/win/2004/08/events/event'><System><Provider Name='Microsoft-Windows-Sysmon' Guid='{5770385f-c22a-43e0-bf4c-06f5698ffbd9}'/><EventID>3</EventID><Version>5</Version><Level>4</Level><Task>3</Task><Opcode>0</Opcode><Keywords>0x8000000000000000</Keywords><TimeCreated SystemTime='2019-03-18T16:57:49.340580700Z'/><EventRecordID>19</EventRecordID><Correlation/><Execution ProcessID='4860' ThreadID='4492'/><Channel>Microsoft-Windows-Sysmon/Operational</Channel><Computer>vagrant-2012-r2</Computer><Security UserID='S-1-5-18'/></System><EventData><Data Name='RuleName'></Data><Data Name='UtcTime'>2019-03-18 16:57:48.251</Data><Data Name='ProcessGuid'>{42f11c3b-0bad-5c8c-0000-0010dfbc0000}</Data><Data Name='ProcessId'>924</Data><Data Name='Image'>C:\\Windows\\System32\\svchost.exe</Data><Data Name='User'>NT AUTHORITY\\NETWORK SERVICE</Data><Data Name='Protocol'>udp</Data><Data Name='Initiated'>true</Data><Data Name='SourceIsIpv6'>true</Data><Data Name='SourceIp'>2a02:cf40:add:4002:91f2:a9b2:e09a:6fc6</Data><Data Name='SourceHostname'></Data><Data Name='SourcePort'>55717</Data><Data Name='SourcePortName'></Data><Data Name='DestinationIsIpv6'>true</Data><Data Name='DestinationIp'>2a02:cf40:add:4002:91f2:a9b2:e09a:6fc6</Data><Data Name='DestinationHostname'></Data><Data Name='DestinationPort'>5355</Data><Data Name='DestinationPortName'>llmnr</Data></EventData></Event>",
          "code": "3",
          "kind": "event",
          "provider": "Microsoft-Windows-Sysmon"
        }
      }
    },
    {
      "data_stream": "sysmon_operational",
      "package": "windows",
      "source": "test/test-events.json",
      "sample_event": {
        "@timestamp": "2021-05-05T15:30:51.703Z",
        "log": {
          "level": "information"
        },
        "event": {
          "original": "<Event xmlns='http://schemas.microsoft.com/win/2004/08/events/event'><System><Provider Name='Microsoft-Windows-Sysmon' Guid='{5770385f-c22a-43e0-bf4c-06f5698ffbd9}'/><EventID>3</EventID><Version>5</Version><Level>4</Level><Task>3</Task><Opcode>0</Opcode><Keywords>0x8000000000000000</Keywords><TimeCreated SystemTime='2019-03-18T16:57:49.340580700Z'/><EventRecordID>20</EventRecordID><Correlation/><Execution ProcessID='4860' ThreadID='4492'/><Channel>Microsoft-Windows-Sysmon/Operational</Channel><Computer>vagrant-2012-r2</Computer><Security UserID='S-1-5-18'/></System><EventData><Data Name='RuleName'></Data><Data Name='UtcTime'>2019-03-18 16:57:48.264</Data><Data Name='ProcessGuid'>{42f11c3b-6e19-5c8c-0000-0010eb030000}</Data><Data Name='ProcessId'>4</Data><Data Name='Image'>System</Data><Data Name='User'>NT AUTHORITY\\SYSTEM</Data><Data Name='Protocol'>udp</Data><Data Name='Initiated'>true</Data><Data Name='SourceIsIpv6'>false</Data><Data Name='SourceIp'>10.0.2.15</Data><Data Name='SourceHostname'>vagrant-2012-r2.local.crowbird.com</Data><Data Name='SourcePort'>137</Data><Data Name='SourcePortName'>netbios-ns</Data><Data Name='DestinationIsIpv6'>false</Data><Data Name='DestinationIp'>89.160.20.156</Data><Data Name='DestinationHostname'></Data><Data Name='DestinationPort'>137</Data><Data Name='DestinationPortName'>netbios-ns</Data></EventData></Event>",
          "code": "3",
          "kind": "event",
          "provider": "Microsoft-Windows-Sysmon"
        },
        "winlog": {
          "channel": "Microsoft-Windows-Sysmon/Operational",
          "record_id": 20,
          "computer_name": "vagrant-2012-r2",
          "time_created": "2019-03-18T16:57:49.340Z",
          "user": {
            "identifier": "S-1-5-18"
          },
          "process": {
            "pid": 4860,
            "thread": {
              "id": 4492
            }
          },
          "event_id": "3",
          "provider_name": "Microsoft-Windows-Sysmon",
          "opcode": "Info",
          "provider_guid": "{5770385f-c22a-43e0-bf4c-06f5698ffbd9}",
          "version": 5,
          "level": "information",
          "event_data": {
            "SourcePortName": "netbios-ns",
            "DestinationPortName": "netbios-ns",
            "User": "NT AUTHORITY\\SYSTEM",
            "Initiated": "true",
            "SourceIp": "10.0.2.15",
            "UtcTime": "2019-03-18 16:57:48.264",
            "DestinationIp": "89.160.20.156",
            "DestinationIsIpv6": "false",
            "ProcessId": "4",
            "Protocol": "udp",
            "SourceHostname": "vagrant-2012-r2.local.crowbird.com",
            "SourcePort": "137",
            "DestinationPort": "137",
            "ProcessGuid": "{42f11c3b-6e19-5c8c-0000-0010eb030000}",
            "Image": "System",
            "SourceIsIpv6": "false"
          }
        },
        "host": {
          "name": "vagrant-2012-r2"
        }
      }
    },
    {
      "data_stream": "sysmon_operational",
      "package": "windows",
      "source": "test/test-events.json",
      "sample_event": {
        "@timestamp": "2021-05-05T15:30:51.703Z",
        "log": {
          "level": "information"
        },
        "event": {
          "original": "<Event xmlns='http://schemas.microsoft.com/win/2004/08/events/event'><System><Provider Name='Microsoft-Windows-Sysmon' Guid='{5770385f-c22a-43e0-bf4c-06f5698ffbd9}'/><EventID>3</EventID><Version>5</Version><Level>4</Level><Task>3</Task><Opcode>0</Opcode><Keywords>0x8000000000000000</Keywords><TimeCreated SystemTime='2019-03-18T16:57:49.340580700Z'/><EventRecordID>21</EventRecordID><Correlation/><Execution ProcessID='4860' ThreadID='4492'/><Channel>Microsoft-Windows-Sysmon/Operational</Channel><Computer>vagrant-2012-r2</Computer><Security UserID='S-1-5-18'/></System><EventData><Data Name='RuleName'></Data><Data Name='UtcTime'>2019-03-18 16:57:48.276</Data><Data Name='ProcessGuid'>{42f11c3b-6e19-5c8c-0000-0010eb030000}</Data><Data Name='ProcessId'>4</Data><Data Name='Image'>System</Data><Data Name='User'>NT AUTHORITY\\SYSTEM</Data><Data Name='Protocol'>udp</Data><Data Name='Initiated'>true</Data><Data Name='SourceIsIpv6'>false</Data><Data Name='SourceIp'>10.0.2.15</Data><Data Name='SourceHostname'>vagrant-2012-r2.local.crowbird.com</Data><Data Name='SourcePort'>137</Data><Data Name='SourcePortName'>netbios-ns</Data><Data Name='DestinationIsIpv6'>false</Data><Data Name='DestinationIp'>10.0.2.3</Data><Data Name='DestinationHostname'></Data><Data Name='DestinationPort'>137</Data><Data Name='DestinationPortName'>netbios-ns</Data></EventData></Event>",
          "code": "3",
          "kind": "event",
          "provider": "Microsoft-Windows-Sysmon"
        },
        "winlog": {
          "event_id": "3",
          "process": {
            "pid": 4860,
            "thread": {
              "id": 4492
            }
          },
          "time_created": "2019-03-18T16:57:49.340Z",
          "channel": "Microsoft-Windows-Sysmon/Operational",
          "provider_name": "Microsoft-Windows-Sysmon",
          "record_id": 21,
          "computer_name": "vagrant-2012-r2",
          "opcode": "Info",
          "provider_guid": "{5770385f-c22a-43e0-bf4c-06f5698ffbd9}",
          "version": 5,
          "level": "information",
          "user": {
            "identifier": "S-1-5-18"
          },
          "event_data": {
            "UtcTime": "2019-03-18 16:57:48.276",
            "User": "NT AUTHORITY\\SYSTEM",
            "DestinationIsIpv6": "false",
            "DestinationIp": "10.0.2.3",
            "ProcessId": "4",
            "Image": "System",
            "SourceIp": "10.0.2.15",
            "SourcePort": "137",
            "SourcePortName": "netbios-ns",
            "Protocol": "udp",
            "Initiated": "true",
            "SourceIsIpv6": "false",
            "SourceHostname": "vagrant-2012-r2.local.crowbird.com",
            "DestinationPort": "137",
            "ProcessGuid": "{42f11c3b-6e19-5c8c-0000-0010eb030000}",
            "DestinationPortName": "netbios-ns"
          }
        },
        "host": {
          "name": "vagrant-2012-r2"
        }
      }
    },
    {
      "data_stream": "sysmon_operational",
      "package": "windows",
      "source": "test/test-events.json",
      "sample_event": {
        "@timestamp": "2021-05-05T15:30:51.703Z",
        "log": {
          "level": "information"
        },
        "event": {
          "original": "<Event xmlns='http://schemas.microsoft.com/win/2004/08/events/event'><System><Provider Name='Microsoft-Windows-Sysmon' Guid='{5770385f-c22a-43e0-bf4c-06f5698ffbd9}'/><EventID>3</EventID><Version>5</Version><Level>4</Level><Task>3</Task><Opcode>0</Opcode><Keywords>0x8000000000000000</Keywords><TimeCreated SystemTime='2019-03-18T16:57:50.357238700Z'/><EventRecordID>22</EventRecordID><Correlation/><Execution ProcessID='4860' ThreadID='4492'/><Channel>Microsoft-Windows-Sysmon/Operational</Channel><Computer>vagrant-2012-r2</Computer><Security UserID='S-1-5-18'/></System><EventData><Data Name='RuleName'></Data><Data Name='UtcTime'>2019-03-18 16:57:49.213</Data><Data Name='ProcessGuid'>{42f11c3b-6e19-5c8c-0000-0010eb030000}</Data><Data Name='ProcessId'>4</Data><Data Name='Image'>System</Data><Data Name='User'>NT AUTHORITY\\SYSTEM</Data><Data Name='Protocol'>udp</Data><Data Name='Initiated'>true</Data><Data Name='SourceIsIpv6'>false</Data><Data Name='SourceIp'>10.0.2.15</Data><Data Name='SourceHostname'>vagrant-2012-r2.local.crowbird.com</Data><Data Name='SourcePort'>137</Data><Data Name='SourcePortName'>netbios-ns</Data><Data Name='DestinationIsIpv6'>false</Data><Data Name='DestinationIp'>89.160.20.156</Data><Data Name='DestinationHostname'></Data><Data Name='DestinationPort'>137</Data><Data Name='DestinationPortName'>netbios-ns</Data></EventData></Event>",
          "code": "3",
          "kind": "event",
          "provider": "Microsoft-Windows-Sysmon"
        },
        "winlog": {
          "record_id": 22,
          "computer_name": "vagrant-2012-r2",
          "provider_guid": "{5770385f-c22a-43e0-bf4c-06f5698ffbd9}",
          "version": 5,
          "time_created": "2019-03-18T16:57:50.357Z",
          "user": {
            "identifier": "S-1-5-18"
          },
          "event_data": {
            "DestinationIsIpv6": "false",
            "DestinationIp": "89.160.20.156",
            "ProcessGuid": "{42f11c3b-6e19-5c8c-0000-0010eb030000}",
            "User": "NT AUTHORITY\\SYSTEM",
            "Initiated": "true",
            "SourceIp": "10.0.2.15",
            "SourceHostname": "vagrant-2012-r2.local.crowbird.com",
            "ProcessId": "4",
            "Image": "System",
            "Protocol": "udp",
            "SourcePort": "137",
            "DestinationPortName": "netbios-ns",
            "UtcTime": "2019-03-18 16:57:49.213",
            "SourceIsIpv6": "false",
            "SourcePortName": "netbios-ns",
            "DestinationPort": "137"
          },
          "process": {
            "pid": 4860,
            "thread": {
              "id": 4492
            }
          },
          "channel": "Microsoft-Windows-Sysmon/Operational",
          "event_id": "3",
          "provider_name": "Microsoft-Windows-Sysmon",
          "opcode": "Info",
          "level": "information"
        }
      }
    },
    {
      "data_stream": "sysmon_operational",
      "package": "windows",
      "source": "test/test-events.json",
      "sample_event": {
        "@timestamp": "2021-05-05T15:30:51.701Z",
        "log": {
          "level": "information"
        },
        "event": {
          "original": "<Event xmlns='http://schemas.microsoft.com/win/2004/08/events/event'><System><Provider Name='Microsoft-Windows-Sysmon' Guid='{5770385f-c22a-43e0-bf4c-06f5698ffbd9}'/><EventID>22</EventID><Version>5</Version><Level>4</Level><Task>22</Task><Opcode>0</Opcode><Keywords>0x8000000000000000</Keywords><TimeCreated SystemTime='2019-07-18T03:34:04.029861900Z'/><EventRecordID>128</EventRecordID><Correlation/><Execution ProcessID='2828' ThreadID='1684'/><Channel>Microsoft-Windows-Sysmon/Operational</Channel><Computer>vagrant-2016</Computer><Security UserID='S-1-5-18'/></System><EventData><Data Name='RuleName'></Data><Data Name='UtcTime'>2019-07-18 03:34:03.890</Data><Data Name='ProcessGuid'>{fa4a0de6-e8a9-5d2f-0000-001053699900}</Data><Data Name='ProcessId'>2736</Data><Data Name='QueryName'>api-s2s.taboola.com</Data><Data Name='QueryStatus'>0</Data><Data Name='QueryResults'>type:  5 f2.taboola.map.fastly.net;::ffff:89.160.20.156;::ffff:89.160.20.156;::ffff:89.160.20.156;::ffff:89.160.20.156;</Data><Data Name='Image'>C:\\Program Files (x86)\\Internet Explorer\\iexplore.exe</Data></EventData></Event>",
          "code": "22",
          "kind": "event",
          "provider": "Microsoft-Windows-Sysmon"
        },
        "winlog": {
          "provider_guid": "{5770385f-c22a-43e0-bf4c-06f5698ffbd9}",
          "version": 5,
          "time_created": "2019-07-18T03:34:04.029Z",
          "level": "information",
          "user": {
            "identifier": "S-1-5-18"
          },
          "channel": "Microsoft-Windows-Sysmon/Operational",
          "provider_name": "Microsoft-Windows-Sysmon",
          "computer_name": "vagrant-2016",
          "event_data": {
            "Image": "C:\\Program Files (x86)\\Internet Explorer\\iexplore.exe",
            "UtcTime": "2019-07-18 03:34:03.890",
            "ProcessGuid": "{fa4a0de6-e8a9-5d2f-0000-001053699900}",
            "ProcessId": "2736",
            "QueryName": "api-s2s.taboola.com",
            "QueryStatus": "0",
            "QueryResults": "type:  5 f2.taboola.map.fastly.net;::ffff:89.160.20.156;::ffff:89.160.20.156;::ffff:89.160.20.156;::ffff:89.160.20.156;"
          },
          "process": {
            "pid": 2828,
            "thread": {
              "id": 1684
            }
          },
          "event_id": "22",
          "record_id": 128,
          "opcode": "Info"
        }
      }
    },
    {
      "data_stream": "sysmon_operational",
      "package": "windows",
      "source": "test/test-events.json",
      "sample_event": {
        "@timestamp": "2021-05-05T15:30:51.701Z",
        "winlog": {
          "time_created": "2019-07-18T03:34:04.029Z",
          "event_data": {
            "UtcTime": "2019-07-18 03:34:03.892",
            "ProcessGuid": "{fa4a0de6-e8a9-5d2f-0000-001053699900}",
            "ProcessId": "2736",
            "QueryName": "x.bidswitch.net",
            "QueryStatus": "0",
            "QueryResults": "::ffff:89.160.20.156;::ffff:89.160.20.156;",
            "Image": "C:\\Program Files (x86)\\Internet Explorer\\iexplore.exe"
          },
          "process": {
            "pid": 2828,
            "thread": {
              "id": 1684
            }
          },
          "channel": "Microsoft-Windows-Sysmon/Operational",
          "record_id": 129,
          "computer_name": "vagrant-2016",
          "provider_guid": "{5770385f-c22a-43e0-bf4c-06f5698ffbd9}",
          "version": 5,
          "level": "information",
          "user": {
            "identifier": "S-1-5-18"
          },
          "event_id": "22",
          "provider_name": "Microsoft-Windows-Sysmon",
          "opcode": "Info"
        },
        "log": {
          "level": "information"
        },
        "event": {
          "code": "22",
          "kind": "event",
          "provider": "Microsoft-Windows-Sysmon",
          "original": "<Event xmlns='http://schemas.microsoft.com/win/2004/08/events/event'><System><Provider Name='Microsoft-Windows-Sysmon' Guid='{5770385f-c22a-43e0-bf4c-06f5698ffbd9}'/><EventID>22</EventID><Version>5</Version><Level>4</Level><Task>22</Task><Opcode>0</Opcode><Keywords>0x8000000000000000</Keywords><TimeCreated SystemTime='2019-07-18T03:34:04.029870000Z'/><EventRecordID>129</EventRecordID><Correlation/><Execution ProcessID='2828' ThreadID='1684'/><Channel>Microsoft-Windows-Sysmon/Operational</Channel><Computer>vagrant-2016</Computer><Security UserID='S-1-5-18'/></System><EventData><Data Name='RuleName'></Data><Data Name='UtcTime'>2019-07-18 03:34:03.892</Data><Data Name='ProcessGuid'>{fa4a0de6-e8a9-5d2f-0000-001053699900}</Data><Data Name='ProcessId'>2736</Data><Data Name='QueryName'>x.bidswitch.net</Data><Data Name='QueryStatus'>0</Data><Data Name='QueryResults'>::ffff:89.160.20.156;::ffff:89.160.20.156;</Data><Data Name='Image'>C:\\Program Files (x86)\\Internet Explorer\\iexplore.exe</Data></EventData></Event>"
        }
      }
    },
    {
      "data_stream": "sysmon_operational",
      "package": "windows",
      "source": "test/test-events.json",
      "sample_event": {
        "@timestamp": "2021-05-05T15:30:51.701Z",
        "event": {
          "original": "<Event xmlns='http://schemas.microsoft.com/win/2004/08/events/event'><System><Provider Name='Microsoft-Windows-Sysmon' Guid='{5770385f-c22a-43e0-bf4c-06f5698ffbd9}'/><EventID>22</EventID><Version>5</Version><Level>4</Level><Task>22</Task><Opcode>0</Opcode><Keywords>0x8000000000000000</Keywords><TimeCreated SystemTime='2019-07-18T03:34:04.029880600Z'/><EventRecordID>130</EventRecordID><Correlation/><Execution ProcessID='2828' ThreadID='1684'/><Channel>Microsoft-Windows-Sysmon/Operational</Channel><Computer>vagrant-2016</Computer><Security UserID='S-1-5-18'/></System><EventData><Data Name='RuleName'></Data><Data Name='UtcTime'>2019-07-18 03:34:03.894</Data><Data Name='ProcessGuid'>{fa4a0de6-e8a9-5d2f-0000-001053699900}</Data><Data Name='ProcessId'>2736</Data><Data Name='QueryName'>pixel.adsafeprotected.com</Data><Data Name='QueryStatus'>0</Data><Data Name='QueryResults'>type:  5 anycast.pixel.adsafeprotected.com;::ffff:89.160.20.156;192.168.6.30;2a02:cf40:a83e::2:30;192.168.14.30;2a02:cf40:231d::2:30;192.168.92.30;2a02:cf40:83eb::30;192.168.80.30;2a02:cf40:856e::30;192.168.94.30;</Data><Data Name='Image'>C:\\Program Files (x86)\\Internet Explorer\\iexplore.exe</Data></EventData></Event>",
          "provider": "Microsoft-Windows-Sysmon",
          "code": "22",
          "kind": "event"
        },
        "log": {
          "level": "information"
        },
        "winlog": {
          "process": {
            "pid": 2828,
            "thread": {
              "id": 1684
            }
          },
          "event_id": "22",
          "provider_name": "Microsoft-Windows-Sysmon",
          "opcode": "Info",
          "version": 5,
          "time_created": "2019-07-18T03:34:04.029Z",
          "user": {
            "identifier": "S-1-5-18"
          },
          "event_data": {
            "QueryName": "pixel.adsafeprotected.com",
            "QueryStatus": "0",
            "QueryResults": "type:  5 anycast.pixel.adsafeprotected.com;::ffff:89.160.20.156;192.168.6.30;2a02:cf40:a83e::2:30;192.168.14.30;2a02:cf40:231d::2:30;192.168.92.30;2a02:cf40:83eb::30;192.168.80.30;2a02:cf40:856e::30;192.168.94.30;",
            "Image": "C:\\Program Files (x86)\\Internet Explorer\\iexplore.exe",
            "UtcTime": "2019-07-18 03:34:03.894",
            "ProcessGuid": "{fa4a0de6-e8a9-5d2f-0000-001053699900}",
            "ProcessId": "2736"
          },
          "channel": "Microsoft-Windows-Sysmon/Operational",
          "record_id": 130,
          "computer_name": "vagrant-2016",
          "provider_guid": "{5770385f-c22a-43e0-bf4c-06f5698ffbd9}",
          "level": "information"
        }
      }
    },
    {
      "data_stream": "sysmon_operational",
      "package": "windows",
      "source": "test/test-events.json",
      "sample_event": {
        "@timestamp": "2021-05-05T15:30:51.702Z",
        "log": {
          "level": "information"
        },
        "event": {
          "original": "<Event xmlns='http://schemas.microsoft.com/win/2004/08/events/event'><System><Provider Name='Microsoft-Windows-Sysmon' Guid='{5770385f-c22a-43e0-bf4c-06f5698ffbd9}'/><EventID>22</EventID><Version>5</Version><Level>4</Level><Task>22</Task><Opcode>0</Opcode><Keywords>0x8000000000000000</Keywords><TimeCreated SystemTime='2019-07-18T03:34:04.029890100Z'/><EventRecordID>131</EventRecordID><Correlation/><Execution ProcessID='2828' ThreadID='1684'/><Channel>Microsoft-Windows-Sysmon/Operational</Channel><Computer>vagrant-2016</Computer><Security UserID='S-1-5-18'/></System><EventData><Data Name='RuleName'></Data><Data Name='UtcTime'>2019-07-18 03:34:03.894</Data><Data Name='ProcessGuid'>{fa4a0de6-e8a9-5d2f-0000-001053699900}</Data><Data Name='ProcessId'>2736</Data><Data Name='QueryName'>ml314.com</Data><Data Name='QueryStatus'>0</Data><Data Name='QueryResults'>::ffff:89.160.20.156;::ffff:89.160.20.156;::ffff:89.160.20.156;192.168.6.30;2a02:cf40:a83e::2:30;192.168.14.30;2a02:cf40:231d::2:30;192.168.92.30;2a02:cf40:83eb::30;192.168.80.30;2a02:cf40:856e::30;192.168.94.30;</Data><Data Name='Image'>C:\\Program Files (x86)\\Internet Explorer\\iexplore.exe</Data></EventData></Event>",
          "provider": "Microsoft-Windows-Sysmon",
          "code": "22",
          "kind": "event"
        },
        "winlog": {
          "computer_name": "vagrant-2016",
          "version": 5,
          "time_created": "2019-07-18T03:34:04.029Z",
          "level": "information",
          "event_data": {
            "QueryStatus": "0",
            "QueryResults": "::ffff:89.160.20.156;::ffff:89.160.20.156;::ffff:89.160.20.156;192.168.6.30;2a02:cf40:a83e::2:30;192.168.14.30;2a02:cf40:231d::2:30;192.168.92.30;2a02:cf40:83eb::30;192.168.80.30;2a02:cf40:856e::30;192.168.94.30;",
            "Image": "C:\\Program Files (x86)\\Internet Explorer\\iexplore.exe",
            "UtcTime": "2019-07-18 03:34:03.894",
            "ProcessGuid": "{fa4a0de6-e8a9-5d2f-0000-001053699900}",
            "ProcessId": "2736",
            "QueryName": "ml314.com"
          },
          "channel": "Microsoft-Windows-Sysmon/Operational",
          "event_id": "22",
          "record_id": 131,
          "user": {
            "identifier": "S-1-5-18"
          },
          "process": {
            "pid": 2828,
            "thread": {
              "id": 1684
            }
          },
          "provider_name": "Microsoft-Windows-Sysmon",
          "opcode": "Info",
          "provider_guid": "{5770385f-c22a-43e0-bf4c-06f5698ffbd9}"
        }
      }
    },
    {
      "data_stream": "sysmon_operational",
      "package": "windows",
      "source": "test/test-events.json",
      "sample_event": {
        "@timestamp": "2021-05-05T15:30:51.704Z",
        "log": {
          "level": "information"
        },
        "event": {
          "original": "<Event xmlns='http://schemas.microsoft.com/win/2004/08/events/event'><System><Provider Name='Microsoft-Windows-Sysmon' Guid='{5770385f-c22a-43e0-bf4c-06f5698ffbd9}'/><EventID>22</EventID><Version>5</Version><Level>4</Level><Task>22</Task><Opcode>0</Opcode><Keywords>0x8000000000000000</Keywords><TimeCreated SystemTime='2019-07-18T03:34:04.029900000Z'/><EventRecordID>132</EventRecordID><Correlation/><Execution ProcessID='2828' ThreadID='1684'/><Channel>Microsoft-Windows-Sysmon/Operational</Channel><Computer>vagrant-2016</Computer><Security UserID='S-1-5-18'/></System><EventData><Data Name='RuleName'></Data><Data Name='UtcTime'>2019-07-18 03:34:03.902</Data><Data Name='ProcessGuid'>{fa4a0de6-e8a9-5d2f-0000-001053699900}</Data><Data Name='ProcessId'>2736</Data><Data Name='QueryName'>aa.agkn.com</Data><Data Name='QueryStatus'>0</Data><Data Name='QueryResults'>::ffff:89.160.20.156;::ffff:89.160.20.156;192.168.6.30;2a02:cf40:a83e::2:30;192.168.14.30;2a02:cf40:231d::2:30;192.168.92.30;2a02:cf40:83eb::30;192.168.80.30;2a02:cf40:856e::30;192.168.94.30;2a02:cf40:1ca1::30;</Data><Data Name='Image'>C:\\Program Files (x86)\\Internet Explorer\\iexplore.exe</Data></EventData></Event>",
          "provider": "Microsoft-Windows-Sysmon",
          "code": "22",
          "kind": "event"
        },
        "winlog": {
          "record_id": 132,
          "version": 5,
          "time_created": "2019-07-18T03:34:04.029Z",
          "level": "information",
          "event_data": {
            "ProcessId": "2736",
            "QueryName": "aa.agkn.com",
            "QueryStatus": "0",
            "QueryResults": "::ffff:89.160.20.156;::ffff:89.160.20.156;192.168.6.30;2a02:cf40:a83e::2:30;192.168.14.30;2a02:cf40:231d::2:30;192.168.92.30;2a02:cf40:83eb::30;192.168.80.30;2a02:cf40:856e::30;192.168.94.30;2a02:cf40:1ca1::30;",
            "Image": "C:\\Program Files (x86)\\Internet Explorer\\iexplore.exe",
            "UtcTime": "2019-07-18 03:34:03.902",
            "ProcessGuid": "{fa4a0de6-e8a9-5d2f-0000-001053699900}"
          },
          "process": {
            "pid": 2828,
            "thread": {
              "id": 1684
            }
          },
          "channel": "Microsoft-Windows-Sysmon/Operational",
          "event_id": "22",
          "provider_name": "Microsoft-Windows-Sysmon",
          "computer_name": "vagrant-2016",
          "opcode": "Info",
          "provider_guid": "{5770385f-c22a-43e0-bf4c-06f5698ffbd9}",
          "user": {
            "identifier": "S-1-5-18"
          }
        }
      }
    },
    {
      "data_stream": "sysmon_operational",
      "package": "windows",
      "source": "test/test-events.json",
      "sample_event": {
        "@timestamp": "2021-05-05T15:30:51.704Z",
        "winlog": {
          "event_data": {
            "ProcessId": "2736",
            "QueryName": "s0.2mdn.net",
            "QueryStatus": "0",
            "QueryResults": "type:  5 s0-2mdn-net.l.google.com;::ffff:89.160.20.156;192.168.6.30;2a02:cf40:a83e::2:30;192.168.14.30;2a02:cf40:231d::2:30;192.168.92.30;2a02:cf40:83eb::30;192.168.80.30;2a02:cf40:856e::30;192.168.94.30;",
            "Image": "C:\\Program Files (x86)\\Internet Explorer\\iexplore.exe",
            "UtcTime": "2019-07-18 03:34:03.911",
            "ProcessGuid": "{fa4a0de6-e8a9-5d2f-0000-001053699900}"
          },
          "event_id": "22",
          "provider_name": "Microsoft-Windows-Sysmon",
          "computer_name": "vagrant-2016",
          "provider_guid": "{5770385f-c22a-43e0-bf4c-06f5698ffbd9}",
          "time_created": "2019-07-18T03:34:04.029Z",
          "level": "information",
          "channel": "Microsoft-Windows-Sysmon/Operational",
          "record_id": 133,
          "opcode": "Info",
          "version": 5,
          "user": {
            "identifier": "S-1-5-18"
          },
          "process": {
            "pid": 2828,
            "thread": {
              "id": 1684
            }
          }
        },
        "log": {
          "level": "information"
        },
        "event": {
          "provider": "Microsoft-Windows-Sysmon",
          "original": "<Event xmlns='http://schemas.microsoft.com/win/2004/08/events/event'><System><Provider Name='Microsoft-Windows-Sysmon' Guid='{5770385f-c22a-43e0-bf4c-06f5698ffbd9}'/><EventID>22</EventID><Version>5</Version><Level>4</Level><Task>22</Task><Opcode>0</Opcode><Keywords>0x8000000000000000</Keywords><TimeCreated SystemTime='2019-07-18T03:34:04.029909900Z'/><EventRecordID>133</EventRecordID><Correlation/><Execution ProcessID='2828' ThreadID='1684'/><Channel>Microsoft-Windows-Sysmon/Operational</Channel><Computer>vagrant-2016</Computer><Security UserID='S-1-5-18'/></System><EventData><Data Name='RuleName'></Data><Data Name='UtcTime'>2019-07-18 03:34:03.911</Data><Data Name='ProcessGuid'>{fa4a0de6-e8a9-5d2f-0000-001053699900}</Data><Data Name='ProcessId'>2736</Data><Data Name='QueryName'>s0.2mdn.net</Data><Data Name='QueryStatus'>0</Data><Data Name='QueryResults'>type:  5 s0-2mdn-net.l.google.com;::ffff:89.160.20.156;192.168.6.30;2a02:cf40:a83e::2:30;192.168.14.30;2a02:cf40:231d::2:30;192.168.92.30;2a02:cf40:83eb::30;192.168.80.30;2a02:cf40:856e::30;192.168.94.30;</Data><Data Name='Image'>C:\\Program Files (x86)\\Internet Explorer\\iexplore.exe</Data></EventData></Event>",
          "code": "22",
          "kind": "event"
        }
      }
    },
