<Event xmlns='http://schemas.microsoft.com/win/2004/08/events/event'><System><Provider Name='Microsoft-Windows-PowerShell' Guid='{a0c1853b-5c40-4b15-8766-3cf1c58f985a}'/><EventID>4104</EventID><Version>1</Version><Level>5</Level><Task>2</Task><Opcode>15</Opcode><Keywords>0x0</Keywords><TimeCreated SystemTime='2025-02-04T16:35:03.9135781Z'/><EventRecordID>517643</EventRecordID><Correlation ActivityID='{12356087-7406-0002-ec48-37120674db01}'/><Execution ProcessID='5052' ThreadID='924'/><Channel>Microsoft-Windows-PowerShell/Operational</Channel><Computer>ar-win-dc.attackrange.local</Computer><Security UserID='S-1-5-21-26273642-2342717390-2342477205-500'/></System><EventData><Data Name='MessageNumber'>1</Data><Data Name='MessageTotal'>3</Data><Data Name='ScriptBlockText'># Copyright (c) Microsoft Corporation.
# Licensed under the MIT license.

Set-StrictMode -Version Latest

function Invoke-SqlNotebook {

    [CmdletBinding(DefaultParameterSetName="ByConnectionParameters")]

    [Diagnostics.CodeAnalysis.SuppressMessageAttribute("PSUsePSCredentialType", "Username", Justification="Intentionally allowing User/Password, in addition to a PSCredential parameter.")]
    [Diagnostics.CodeAnalysis.SuppressMessageAttribute("PSAvoidUsingPlainTextForPassword", "Password", Justification="Intentionally allowing User/Password, in addition to a PSCredential parameter.")]
    [Diagnostics.CodeAnalysis.SuppressMessageAttribute("PSAvoidUsingUsernameAndPasswordParams", "", Justification="Intentionally allowing User/Password, in addition to a PSCredential parameter.")]

    # Parameters
    param(
        [Parameter(Mandatory = $false, ParameterSetName = 'ByConnectionParameters')]$ServerInstance,
        [Parameter(Mandatory = $false, ParameterSetName = 'ByConnectionParameters')]$Database,
        [Parameter(Mandatory = $false, ParameterSetName = 'ByConnectionParameters')][ValidateNotNullorEmpty()]$Username,
        [Parameter(Mandatory = $false, ParameterSetName = 'ByConnectionParameters')][ValidateNotNullorEmpty()]$Password,

        [Parameter(Mandatory = $false, ParameterSetName = 'ByConnectionString')][ValidateNotNullorEmpty()]$ConnectionString,
        [Parameter(Mandatory = $false, ParameterSetName = 'ByConnectionParameters')][ValidateNotNullorEmpty()][PSCredential]$Credential,
        [Parameter(Mandatory = $true, ParameterSetName='ByInputFile')]
        [Parameter(ParameterSetName = 'ByConnectionParameters')]
        [Parameter(ParameterSetName = 'ByConnectionString')]$InputFile,
        [Parameter(Mandatory = $true, ParameterSetName='ByInputObject')]
        [Parameter(ParameterSetName = 'ByConnectionParameters')]
        [Parameter(ParameterSetName = 'ByConnectionString')]$InputObject,
        [Parameter(Mandatory = $false)][ValidateNotNullorEmpty()]$OutputFile,

        [Parameter(Mandatory = $false, ParameterSetName = 'ByConnectionParameters')][ValidateNotNullorEmpty()][PSObject]$AccessToken,
        [Parameter(Mandatory = $false, ParameterSetName = 'ByConnectionParameters')][Switch]$TrustServerCertificate,
        [Parameter(Mandatory = $false, ParameterSetName = 'ByConnectionParameters')][ValidateSet("Mandatory", "Optional", "Strict")][string]$Encrypt,
        [Parameter(Mandatory = $false, ParameterSetName = 'ByConnectionParameters')][ValidateNotNull()][string]$HostNameInCertificate,

        [Switch]$Force
    )

    #Checks to see if OutputFile is given
    #If it is, checks to see if extension is there
    function getOutputFile($inputFile,$outputFile) {
        if($outputFile) {
            $extn = [IO.Path]::GetExtension($outputFile)
            if ($extn.Length -eq 0) {
                $outputFile = ($outputFile + ".ipynb")
            }
            $outputFile
        }
        else {
            #If User does not define Output it will use the inputFile file location
            $fileinfo = Get-Item $inputFile

            # Create an output file based on the file path of input and name
            Join-Path $fileinfo.DirectoryName ($fileinfo.BaseName + "_out" + $fileinfo.Extension)
        }
    }

    #Validates InputFile and Converts InputFile to Json Object
    function getFileContents($inputfile) {

        if (-not (Test-Path -Path $inputfile)) {
            Throw New-Object System.IO.FileNotFoundException ($inputfile + " does not exist")
        }

        $fileItem = Get-Item $inputfile

        #Checking if file is a python notebook
        if ($fileItem.Extension -ne ".ipynb") {
            Throw New-Object System.FormatException "Only ipynb files are supported"
        }

        $fileContent = Get-Content $inputfile
        try {
            $fileContentJson = ($fileContent | ConvertFrom-Json)
        }
        catch {
            Throw New-Object System.FormatException "Malformed Json file"
        }
        $fileContentJson
    }

    #Validate SQL Kernel Notebook
    function validateKernelType($fileContentJson) {
        if ($fileContentJson.metadata.kernelspec.name -ne "SQL") {
            Throw New-Object System.NotSupportedException "Kernel type '$($fileContentJson.metadata.kernelspec.name)' not supported."
        }
    }

    #Validate non-existing output file
    #If file exists and $throwifexists, an exception is thrown.
    function validateExistingOutputFile($outputfile, $throwifexists) {
        if ($outputfile -and (Test-Path $outputfile) -and $throwifexists) {
            Throw New-Object System.IO.IOException "The file '$($outputfile)' already exists. Please, specify -Force to overwrite it."
        }
    }

    #Parsing Notebook Data to Notebook Output
    function ParseTableToNotebookOutput {
        param (
            [System.Data.DataTable]
            $DataTable,

            [int]
            $CellExecutionCount
        )
        $TableHTMLText = "&lt;table&gt;"
        $TableSchemaFeilds = @()
        $TableHTMLText += "&lt;tr&gt;"
        foreach ($ColumnName in $DataTable.Columns) {
            $TableSchemaFeilds += @(@{name = $ColumnName.toString() })
            $TableHTMLText += "&lt;th&gt;" + $ColumnName.toString() + "&lt;/th&gt;"
        }
        $TableHTMLText += "&lt;/tr&gt;"
        $TableSchema = @{ }
        $TableSchema["fields"] = $TableSchemaFeilds

        $TableDataRows = @()
        foreach ($Row in $DataTable) {
            $TableDataRow = [ordered]@{ }
            $TableHTMLText += "&lt;tr&gt;"
            $i = 0
            foreach ($Cell in $Row.ItemArray) {
                $TableDataRow[$i.ToString()] = $Cell.toString()
                $TableHTMLText += "&lt;td&gt;" + $Cell.toString() + "&lt;/td&gt;"
                $i++
            }
            $TableHTMLText += "&lt;/tr&gt;"
            $TableDataRows += $TableDataRow
        }

        $TableDataResource = @{ }
        $TableDataResource["schema"] = $TableSchema
        $TableDataResource["data"] = $TableDataRows
        $TableData = @{ }
        $TableData["application/vnd.dataresource+json"] = $TableDataResource
        $TableData["text/html"] = $TableHTMLText
        $TableOutput = @{ }
        $TableOutput["output_type"] = "execute_result"
        $TableOutput["data"] = $TableData
        $TableOutput["metadata"] = @{ }
        $TableOutput["execution_count"] = $CellExecutionCount
        return $TableOutput
    }

    #Parsing the Error Messages to Notebook Output
    function ParseQueryErrorToNotebookOutput {
        param (
            $QueryError
        )
        &lt;#
        Following the current syntax of errors in T-SQL notebooks from ADS
        #&gt;
        $ErrorString = "Msg " + $QueryError.Exception.InnerException.Number +
        ", Level " + $QueryError.Exception.InnerException.Class +
        ", State " + $QueryError.Exception.InnerException.State +
        ", Line " + $QueryError.Exception.InnerException.LineNumber +
        "`r`n" + $QueryError.Exception.Message

        $ErrorOutput = @{ }
        $ErrorOutput["output_type"] = "error"
        $ErrorOutput["traceback"] = @()
        $ErrorOutput["evalue"] = $ErrorString
        return $ErrorOutput
    }

    #Parsing Messages to Notebook Output
    function ParseStringToNotebookOutput {
        param (
            [System.String]
            $InputString
        )
        &lt;#
        Parsing the string to notebook cell output.
        It's the standard Jupyter Syntax
        #&gt;
        $StringOutputData = @{ }
        $StringOutputData["text/html"] = $InputString
        $StringOutput = @{ }
        $StringOutput["output_type"] = "display_data"
        $StringOutput["data"] = $StringOutputData
        $StringOutput["metadata"] = @{ }
        return $StringOutput
    }

    #Start of Script
    #Checks to see if InputFile or InputObject was entered

    #Checks to InputFile Type and initializes OutputFile
    if ($InputFile -is [System.String]) {
        $fileInformation = getFileContents($InputFile)
        $fileContent = $fileInformation[0]
        $OutputFile = getOutputFile $InputFile $OutputFile
    } elseif ($InputFile -is [System.IO.FileInfo]) {
        $fileInformation = getFileContents($InputFile.FullName)
        $fileContent = $fileInformation[0]
        $OutputFile = getOutputFile $InputFile $OutputFile
    } else {
        $fileContent = $InputObject
    }

    #Checks InputObject and converts that to appropriate Json object
    if ($InputObject -is [System.String]) {
        $fileContentJson = ($InputObject | ConvertFrom-Json)
        $fileContent = $fileContentJson[0]
    }

    #Validates only SQL Notebooks
    validateKernelType $fileContent

    #Validate that $OutputFile does not exist, or, if it exists a -Force was passed in.
    validateExistingOutputFile $OutputFile (-not $Force)

    #Setting params for Invoke-Sqlcmd
    $DatabaseQueryHashTable = @{ }

    #Checks to see if User entered ConnectionString or individual parameters
    if ($ConnectionString) {
        $DatabaseQueryHashTable["ConnectionString"] = $ConnectionString
    } else {
        if ($ServerInstance) {
            $DatabaseQueryHashTable["ServerInstance"] = $ServerInstance
        }
        if ($Database) {
            $DatabaseQueryHashTable["Database"] = $Database
        }
        #Checks to see if User entered AccessToken, Credential, or individual parameters
        if ($AccessToken) {
            # Currently, Invoke-Sqlcmd only supports an -AccessToken of type [string]
            if ($AccessToken -is [string]) {
                $DatabaseQueryHashTable["AccessToken"] = $AccessToken
            } else {
                # Assume $AccessToken has a 'Token' member that is a string
                $DatabaseQueryHashTable["AccessToken"] = $AccessToken.Token
            }
        } else {
            if ($Credential) {
                $DatabaseQueryHashTable["Credential"] = $Credential
            } else {
                if ($Username) {
                    $DatabaseQueryHashTable["Username"] = $Username
                }
                if ($Password) {
                    $DatabaseQueryHashTable["Password"] = $Password
                }
            }
        }
        if ($Encrypt) {
            $DatabaseQueryHashTable["Encrypt"] = $Encrypt
        }
        if ($TrustServerCertificate) {
            $DatabaseQueryHashTable["TrustServerCertificate"] = $TrustServerCertificate
        }
        if ($HostNameInCertificate) {
            $DatabaseQueryHashTable["HostNameInCertificate"] = $HostNameInCertificate
        }
    }

    #Setting additional parameters for Invoke-SQLCMD to get
    #all the information from Notebook execution to output
    $DatabaseQueryHashTable["Verbose"] = $true
    $DatabaseQueryHashTable["ErrorVariable"] = "SqlQueryError"
    $DatabaseQueryHashTable["OutputAs"] = "DataTables"

    #The first code cell number
    $cellExecutionCount = 1
    #Iterate through Notebook Cells
    $fileContent.cells | Where-Object {
        # Ignoring Markdown or raw cells
        $_.cell_type -ne "markdown" -and $_.cell_type -ne "raw" -and $_.source -ne ""
    } | ForEach-Object {
        $NotebookCellOutputs = @()

        # Getting the source T-SQL from the cell
        # Note that the cell's source field can be
        # an array (or strings) or a scalar (string).
        # If an array, elements are properly terminated with CR/LF.
        $DatabaseQueryHashTable["Query"] = $_.source -join ''

        # Executing the T-SQL Query and storing the result and the time taken to execute
        $SqlQueryExecutionTime = Measure-Command {
            [Diagnostics.CodeAnalysis.SuppressMessageAttribute("PSUseDeclaredVarsMoreThanAssignments", "SqlQueryResult", Justification="Suppressing false warning.")]
            $SqlQueryResult = @( Invoke-Sqlcmd @DatabaseQueryHashTable -ErrorAction SilentlyContinue 4&gt;&amp;1)
        }

        # Setting the Notebook Cell Execution Count to increase count of each code cell
        # Note: handle the case where the 'execution_count' property is missing.
        if (-not ($_ | Get-Member execution_count)) {
            $_ | Add-Member -Name execution_count -Value $null -MemberType NoteProperty
        }
        $_.execution_count = $cellExecutionCount++

        $NotebookCellTableOutputs = @()

        &lt;#
        Iterating over the results by Invoke-Sqlcmd
        There are 2 types of errors:
        1. Verbose Output: Print Statements:
            These needs to be added to the beginning of the cell outputs
        2. Datatables from the database
            These needs to be added to the end of cell</Data><Data Name='ScriptBlockId'>90115e4e-7fb7-48b7-b891-38abbc3eb258</Data><Data Name='Path'>C:\Program Files\WindowsPowerShell\Modules\SqlServer\22.3.0\SqlNotebook.psm1</Data></EventData></Event>
<Event xmlns='http://schemas.microsoft.com/win/2004/08/events/event'><System><Provider Name='Microsoft-Windows-PowerShell' Guid='{a0c1853b-5c40-4b15-8766-3cf1c58f985a}'/><EventID>4104</EventID><Version>1</Version><Level>5</Level><Task>2</Task><Opcode>15</Opcode><Keywords>0x0</Keywords><TimeCreated SystemTime='2025-02-04T16:35:03.8755041Z'/><EventRecordID>517637</EventRecordID><Correlation ActivityID='{12356087-7406-0000-2fc0-36120674db01}'/><Execution ProcessID='5052' ThreadID='924'/><Channel>Microsoft-Windows-PowerShell/Operational</Channel><Computer>ar-win-dc.attackrange.local</Computer><Security UserID='S-1-5-21-26273642-2342717390-2342477205-500'/></System><EventData><Data Name='MessageNumber'>1</Data><Data Name='MessageTotal'>1</Data><Data Name='ScriptBlockText'>$ErrorActionPreference = 'Continue'
Write-Host 'Running: System principals query'
Invoke-Sqlcmd -ServerInstance 'localhost' -Database 'master' -Username 'sa' -Password 'ComplexPass123!' -Query 'SELECT name, type_desc FROM sys.server_principals' -TrustServerCertificate</Data><Data Name='ScriptBlockId'>ef2a8387-13ac-4769-86f1-c3d51908efce</Data><Data Name='Path'></Data></EventData></Event>
<Event xmlns='http://schemas.microsoft.com/win/2004/08/events/event'><System><Provider Name='Microsoft-Windows-PowerShell' Guid='{a0c1853b-5c40-4b15-8766-3cf1c58f985a}'/><EventID>4104</EventID><Version>1</Version><Level>5</Level><Task>2</Task><Opcode>15</Opcode><Keywords>0x0</Keywords><TimeCreated SystemTime='2025-02-04T16:35:00.8871389Z'/><EventRecordID>517436</EventRecordID><Correlation ActivityID='{12356087-7406-0002-ca48-37120674db01}'/><Execution ProcessID='5300' ThreadID='6552'/><Channel>Microsoft-Windows-PowerShell/Operational</Channel><Computer>ar-win-dc.attackrange.local</Computer><Security UserID='S-1-5-21-26273642-2342717390-2342477205-500'/></System><EventData><Data Name='MessageNumber'>1</Data><Data Name='MessageTotal'>3</Data><Data Name='ScriptBlockText'># Copyright (c) Microsoft Corporation.
# Licensed under the MIT license.

Set-StrictMode -Version Latest

function Invoke-SqlNotebook {

    [CmdletBinding(DefaultParameterSetName="ByConnectionParameters")]

    [Diagnostics.CodeAnalysis.SuppressMessageAttribute("PSUsePSCredentialType", "Username", Justification="Intentionally allowing User/Password, in addition to a PSCredential parameter.")]
    [Diagnostics.CodeAnalysis.SuppressMessageAttribute("PSAvoidUsingPlainTextForPassword", "Password", Justification="Intentionally allowing User/Password, in addition to a PSCredential parameter.")]
    [Diagnostics.CodeAnalysis.SuppressMessageAttribute("PSAvoidUsingUsernameAndPasswordParams", "", Justification="Intentionally allowing User/Password, in addition to a PSCredential parameter.")]

    # Parameters
    param(
        [Parameter(Mandatory = $false, ParameterSetName = 'ByConnectionParameters')]$ServerInstance,
        [Parameter(Mandatory = $false, ParameterSetName = 'ByConnectionParameters')]$Database,
        [Parameter(Mandatory = $false, ParameterSetName = 'ByConnectionParameters')][ValidateNotNullorEmpty()]$Username,
        [Parameter(Mandatory = $false, ParameterSetName = 'ByConnectionParameters')][ValidateNotNullorEmpty()]$Password,

        [Parameter(Mandatory = $false, ParameterSetName = 'ByConnectionString')][ValidateNotNullorEmpty()]$ConnectionString,
        [Parameter(Mandatory = $false, ParameterSetName = 'ByConnectionParameters')][ValidateNotNullorEmpty()][PSCredential]$Credential,
        [Parameter(Mandatory = $true, ParameterSetName='ByInputFile')]
        [Parameter(ParameterSetName = 'ByConnectionParameters')]
        [Parameter(ParameterSetName = 'ByConnectionString')]$InputFile,
        [Parameter(Mandatory = $true, ParameterSetName='ByInputObject')]
        [Parameter(ParameterSetName = 'ByConnectionParameters')]
        [Parameter(ParameterSetName = 'ByConnectionString')]$InputObject,
        [Parameter(Mandatory = $false)][ValidateNotNullorEmpty()]$OutputFile,

        [Parameter(Mandatory = $false, ParameterSetName = 'ByConnectionParameters')][ValidateNotNullorEmpty()][PSObject]$AccessToken,
        [Parameter(Mandatory = $false, ParameterSetName = 'ByConnectionParameters')][Switch]$TrustServerCertificate,
        [Parameter(Mandatory = $false, ParameterSetName = 'ByConnectionParameters')][ValidateSet("Mandatory", "Optional", "Strict")][string]$Encrypt,
        [Parameter(Mandatory = $false, ParameterSetName = 'ByConnectionParameters')][ValidateNotNull()][string]$HostNameInCertificate,

        [Switch]$Force
    )

    #Checks to see if OutputFile is given
    #If it is, checks to see if extension is there
    function getOutputFile($inputFile,$outputFile) {
        if($outputFile) {
            $extn = [IO.Path]::GetExtension($outputFile)
            if ($extn.Length -eq 0) {
                $outputFile = ($outputFile + ".ipynb")
            }
            $outputFile
        }
        else {
            #If User does not define Output it will use the inputFile file location
            $fileinfo = Get-Item $inputFile

            # Create an output file based on the file path of input and name
            Join-Path $fileinfo.DirectoryName ($fileinfo.BaseName + "_out" + $fileinfo.Extension)
        }
    }

    #Validates InputFile and Converts InputFile to Json Object
    function getFileContents($inputfile) {

        if (-not (Test-Path -Path $inputfile)) {
            Throw New-Object System.IO.FileNotFoundException ($inputfile + " does not exist")
        }

        $fileItem = Get-Item $inputfile

        #Checking if file is a python notebook
        if ($fileItem.Extension -ne ".ipynb") {
            Throw New-Object System.FormatException "Only ipynb files are supported"
        }

        $fileContent = Get-Content $inputfile
        try {
            $fileContentJson = ($fileContent | ConvertFrom-Json)
        }
        catch {
            Throw New-Object System.FormatException "Malformed Json file"
        }
        $fileContentJson
    }

    #Validate SQL Kernel Notebook
    function validateKernelType($fileContentJson) {
        if ($fileContentJson.metadata.kernelspec.name -ne "SQL") {
            Throw New-Object System.NotSupportedException "Kernel type '$($fileContentJson.metadata.kernelspec.name)' not supported."
        }
    }

    #Validate non-existing output file
    #If file exists and $throwifexists, an exception is thrown.
    function validateExistingOutputFile($outputfile, $throwifexists) {
        if ($outputfile -and (Test-Path $outputfile) -and $throwifexists) {
            Throw New-Object System.IO.IOException "The file '$($outputfile)' already exists. Please, specify -Force to overwrite it."
        }
    }

    #Parsing Notebook Data to Notebook Output
    function ParseTableToNotebookOutput {
        param (
            [System.Data.DataTable]
            $DataTable,

            [int]
            $CellExecutionCount
        )
        $TableHTMLText = "&lt;table&gt;"
        $TableSchemaFeilds = @()
        $TableHTMLText += "&lt;tr&gt;"
        foreach ($ColumnName in $DataTable.Columns) {
            $TableSchemaFeilds += @(@{name = $ColumnName.toString() })
            $TableHTMLText += "&lt;th&gt;" + $ColumnName.toString() + "&lt;/th&gt;"
        }
        $TableHTMLText += "&lt;/tr&gt;"
        $TableSchema = @{ }
        $TableSchema["fields"] = $TableSchemaFeilds

        $TableDataRows = @()
        foreach ($Row in $DataTable) {
            $TableDataRow = [ordered]@{ }
            $TableHTMLText += "&lt;tr&gt;"
            $i = 0
            foreach ($Cell in $Row.ItemArray) {
                $TableDataRow[$i.ToString()] = $Cell.toString()
                $TableHTMLText += "&lt;td&gt;" + $Cell.toString() + "&lt;/td&gt;"
                $i++
            }
            $TableHTMLText += "&lt;/tr&gt;"
            $TableDataRows += $TableDataRow
        }

        $TableDataResource = @{ }
        $TableDataResource["schema"] = $TableSchema
        $TableDataResource["data"] = $TableDataRows
        $TableData = @{ }
        $TableData["application/vnd.dataresource+json"] = $TableDataResource
        $TableData["text/html"] = $TableHTMLText
        $TableOutput = @{ }
        $TableOutput["output_type"] = "execute_result"
        $TableOutput["data"] = $TableData
        $TableOutput["metadata"] = @{ }
        $TableOutput["execution_count"] = $CellExecutionCount
        return $TableOutput
    }

    #Parsing the Error Messages to Notebook Output
    function ParseQueryErrorToNotebookOutput {
        param (
            $QueryError
        )
        &lt;#
        Following the current syntax of errors in T-SQL notebooks from ADS
        #&gt;
        $ErrorString = "Msg " + $QueryError.Exception.InnerException.Number +
        ", Level " + $QueryError.Exception.InnerException.Class +
        ", State " + $QueryError.Exception.InnerException.State +
        ", Line " + $QueryError.Exception.InnerException.LineNumber +
        "`r`n" + $QueryError.Exception.Message

        $ErrorOutput = @{ }
        $ErrorOutput["output_type"] = "error"
        $ErrorOutput["traceback"] = @()
        $ErrorOutput["evalue"] = $ErrorString
        return $ErrorOutput
    }

    #Parsing Messages to Notebook Output
    function ParseStringToNotebookOutput {
        param (
            [System.String]
            $InputString
        )
        &lt;#
        Parsing the string to notebook cell output.
        It's the standard Jupyter Syntax
        #&gt;
        $StringOutputData = @{ }
        $StringOutputData["text/html"] = $InputString
        $StringOutput = @{ }
        $StringOutput["output_type"] = "display_data"
        $StringOutput["data"] = $StringOutputData
        $StringOutput["metadata"] = @{ }
        return $StringOutput
    }

    #Start of Script
    #Checks to see if InputFile or InputObject was entered

    #Checks to InputFile Type and initializes OutputFile
    if ($InputFile -is [System.String]) {
        $fileInformation = getFileContents($InputFile)
        $fileContent = $fileInformation[0]
        $OutputFile = getOutputFile $InputFile $OutputFile
    } elseif ($InputFile -is [System.IO.FileInfo]) {
        $fileInformation = getFileContents($InputFile.FullName)
        $fileContent = $fileInformation[0]
        $OutputFile = getOutputFile $InputFile $OutputFile
    } else {
        $fileContent = $InputObject
    }

    #Checks InputObject and converts that to appropriate Json object
    if ($InputObject -is [System.String]) {
        $fileContentJson = ($InputObject | ConvertFrom-Json)
        $fileContent = $fileContentJson[0]
    }

    #Validates only SQL Notebooks
    validateKernelType $fileContent

    #Validate that $OutputFile does not exist, or, if it exists a -Force was passed in.
    validateExistingOutputFile $OutputFile (-not $Force)

    #Setting params for Invoke-Sqlcmd
    $DatabaseQueryHashTable = @{ }

    #Checks to see if User entered ConnectionString or individual parameters
    if ($ConnectionString) {
        $DatabaseQueryHashTable["ConnectionString"] = $ConnectionString
    } else {
        if ($ServerInstance) {
            $DatabaseQueryHashTable["ServerInstance"] = $ServerInstance
        }
        if ($Database) {
            $DatabaseQueryHashTable["Database"] = $Database
        }
        #Checks to see if User entered AccessToken, Credential, or individual parameters
        if ($AccessToken) {
            # Currently, Invoke-Sqlcmd only supports an -AccessToken of type [string]
            if ($AccessToken -is [string]) {
                $DatabaseQueryHashTable["AccessToken"] = $AccessToken
            } else {
                # Assume $AccessToken has a 'Token' member that is a string
                $DatabaseQueryHashTable["AccessToken"] = $AccessToken.Token
            }
        } else {
            if ($Credential) {
                $DatabaseQueryHashTable["Credential"] = $Credential
            } else {
                if ($Username) {
                    $DatabaseQueryHashTable["Username"] = $Username
                }
                if ($Password) {
                    $DatabaseQueryHashTable["Password"] = $Password
                }
            }
        }
        if ($Encrypt) {
            $DatabaseQueryHashTable["Encrypt"] = $Encrypt
        }
        if ($TrustServerCertificate) {
            $DatabaseQueryHashTable["TrustServerCertificate"] = $TrustServerCertificate
        }
        if ($HostNameInCertificate) {
            $DatabaseQueryHashTable["HostNameInCertificate"] = $HostNameInCertificate
        }
    }

    #Setting additional parameters for Invoke-SQLCMD to get
    #all the information from Notebook execution to output
    $DatabaseQueryHashTable["Verbose"] = $true
    $DatabaseQueryHashTable["ErrorVariable"] = "SqlQueryError"
    $DatabaseQueryHashTable["OutputAs"] = "DataTables"

    #The first code cell number
    $cellExecutionCount = 1
    #Iterate through Notebook Cells
    $fileContent.cells | Where-Object {
        # Ignoring Markdown or raw cells
        $_.cell_type -ne "markdown" -and $_.cell_type -ne "raw" -and $_.source -ne ""
    } | ForEach-Object {
        $NotebookCellOutputs = @()

        # Getting the source T-SQL from the cell
        # Note that the cell's source field can be
        # an array (or strings) or a scalar (string).
        # If an array, elements are properly terminated with CR/LF.
        $DatabaseQueryHashTable["Query"] = $_.source -join ''

        # Executing the T-SQL Query and storing</Data><Data Name='ScriptBlockId'>e0b0777c-3b92-4ff8-9e10-520dcd89a5b9</Data><Data Name='Path'>C:\Program Files\WindowsPowerShell\Modules\SqlServer\22.3.0\SqlNotebook.psm1</Data></EventData></Event>
<Event xmlns='http://schemas.microsoft.com/win/2004/08/events/event'><System><Provider Name='Microsoft-Windows-PowerShell' Guid='{a0c1853b-5c40-4b15-8766-3cf1c58f985a}'/><EventID>4104</EventID><Version>1</Version><Level>5</Level><Task>2</Task><Opcode>15</Opcode><Keywords>0x0</Keywords><TimeCreated SystemTime='2025-02-04T16:35:00.8498801Z'/><EventRecordID>517430</EventRecordID><Correlation ActivityID='{12356087-7406-0000-90bf-36120674db01}'/><Execution ProcessID='5300' ThreadID='6552'/><Channel>Microsoft-Windows-PowerShell/Operational</Channel><Computer>ar-win-dc.attackrange.local</Computer><Security UserID='S-1-5-21-26273642-2342717390-2342477205-500'/></System><EventData><Data Name='MessageNumber'>1</Data><Data Name='MessageTotal'>1</Data><Data Name='ScriptBlockText'>$ErrorActionPreference = 'Continue'
Write-Host 'Running: DataSet output test'
Invoke-Sqlcmd -ServerInstance 'localhost' -Database 'master' -Username 'sa' -Password 'ComplexPass123!' -Query 'SELECT name, database_id FROM sys.databases' -OutputAs DataSet -TrustServerCertificate</Data><Data Name='ScriptBlockId'>2967fb2e-59b0-4cae-9a0a-fb861c0e42e4</Data><Data Name='Path'></Data></EventData></Event>
<Event xmlns='http://schemas.microsoft.com/win/2004/08/events/event'><System><Provider Name='Microsoft-Windows-PowerShell' Guid='{a0c1853b-5c40-4b15-8766-3cf1c58f985a}'/><EventID>4104</EventID><Version>1</Version><Level>5</Level><Task>2</Task><Opcode>15</Opcode><Keywords>0x0</Keywords><TimeCreated SystemTime='2025-02-04T16:34:57.8175539Z'/><EventRecordID>517223</EventRecordID><Correlation ActivityID='{12356087-7406-0000-fcbe-36120674db01}'/><Execution ProcessID='8020' ThreadID='2328'/><Channel>Microsoft-Windows-PowerShell/Operational</Channel><Computer>ar-win-dc.attackrange.local</Computer><Security UserID='S-1-5-21-26273642-2342717390-2342477205-500'/></System><EventData><Data Name='MessageNumber'>1</Data><Data Name='MessageTotal'>1</Data><Data Name='ScriptBlockText'>$ErrorActionPreference = 'Continue'
Write-Host 'Running: Authentication test'
Invoke-Sqlcmd -ServerInstance 'localhost' -Database 'master' -Username 'sa' -Password 'ComplexPass123!' -Query 'SELECT SYSTEM_USER AS CurrentUser' -TrustServerCertificate</Data><Data Name='ScriptBlockId'>373a6378-903e-483d-ad3c-ddc2cec313ca</Data><Data Name='Path'></Data></EventData></Event>
<Event xmlns='http://schemas.microsoft.com/win/2004/08/events/event'><System><Provider Name='Microsoft-Windows-PowerShell' Guid='{a0c1853b-5c40-4b15-8766-3cf1c58f985a}'/><EventID>4104</EventID><Version>1</Version><Level>5</Level><Task>2</Task><Opcode>15</Opcode><Keywords>0x0</Keywords><TimeCreated SystemTime='2025-02-04T16:34:54.7808168Z'/><EventRecordID>517017</EventRecordID><Correlation ActivityID='{12356087-7406-0000-a8be-36120674db01}'/><Execution ProcessID='3764' ThreadID='2652'/><Channel>Microsoft-Windows-PowerShell/Operational</Channel><Computer>ar-win-dc.attackrange.local</Computer><Security UserID='S-1-5-21-26273642-2342717390-2342477205-500'/></System><EventData><Data Name='MessageNumber'>1</Data><Data Name='MessageTotal'>1</Data><Data Name='ScriptBlockText'>$ErrorActionPreference = 'Continue'
Write-Host 'Running: Basic version query'
Invoke-Sqlcmd -ServerInstance 'localhost' -Database 'master' -Username 'sa' -Password 'ComplexPass123!' -Query 'SELECT @@version' -TrustServerCertificate</Data><Data Name='ScriptBlockId'>7a447e22-5859-4e77-a43e-e4c3549d0a7f</Data><Data Name='Path'></Data></EventData></Event>
<Event xmlns='http://schemas.microsoft.com/win/2004/08/events/event'><System><Provider Name='Microsoft-Windows-PowerShell' Guid='{a0c1853b-5c40-4b15-8766-3cf1c58f985a}'/><EventID>4104</EventID><Version>1</Version><Level>5</Level><Task>2</Task><Opcode>15</Opcode><Keywords>0x0</Keywords><TimeCreated SystemTime='2025-02-04T16:34:14.5854558Z'/><EventRecordID>516670</EventRecordID><Correlation ActivityID='{12356087-7406-0000-8cbd-36120674db01}'/><Execution ProcessID='5752' ThreadID='5616'/><Channel>Microsoft-Windows-PowerShell/Operational</Channel><Computer>ar-win-dc.attackrange.local</Computer><Security UserID='S-1-5-21-26273642-2342717390-2342477205-500'/></System><EventData><Data Name='MessageNumber'>1</Data><Data Name='MessageTotal'>1</Data><Data Name='ScriptBlockText'>$ErrorActionPreference = 'Continue'
Write-Host 'Running: System principals query'
Invoke-Sqlcmd -ServerInstance 'localhost' -Database 'master' -Username 'sa' -Password 'ComplexPass123!' -Query 'SELECT name, type_desc FROM sys.server_principals' -TrustServerCertificate</Data><Data Name='ScriptBlockId'>36c9264b-4a2c-42de-8590-dbb70f33c8cd</Data><Data Name='Path'></Data></EventData></Event>
<Event xmlns='http://schemas.microsoft.com/win/2004/08/events/event'><System><Provider Name='Microsoft-Windows-PowerShell' Guid='{a0c1853b-5c40-4b15-8766-3cf1c58f985a}'/><EventID>4104</EventID><Version>1</Version><Level>5</Level><Task>2</Task><Opcode>15</Opcode><Keywords>0x0</Keywords><TimeCreated SystemTime='2025-02-04T16:34:11.5672029Z'/><EventRecordID>516464</EventRecordID><Correlation ActivityID='{12356087-7406-0000-f5bc-36120674db01}'/><Execution ProcessID='8152' ThreadID='5456'/><Channel>Microsoft-Windows-PowerShell/Operational</Channel><Computer>ar-win-dc.attackrange.local</Computer><Security UserID='S-1-5-21-26273642-2342717390-2342477205-500'/></System><EventData><Data Name='MessageNumber'>1</Data><Data Name='MessageTotal'>1</Data><Data Name='ScriptBlockText'>$ErrorActionPreference = 'Continue'
Write-Host 'Running: DataSet output test'
Invoke-Sqlcmd -ServerInstance 'localhost' -Database 'master' -Username 'sa' -Password 'ComplexPass123!' -Query 'SELECT name, database_id FROM sys.databases' -OutputAs DataSet -TrustServerCertificate</Data><Data Name='ScriptBlockId'>a92dfbf1-e7aa-408d-a331-343308b2ba00</Data><Data Name='Path'></Data></EventData></Event>
<Event xmlns='http://schemas.microsoft.com/win/2004/08/events/event'><System><Provider Name='Microsoft-Windows-PowerShell' Guid='{a0c1853b-5c40-4b15-8766-3cf1c58f985a}'/><EventID>4104</EventID><Version>1</Version><Level>5</Level><Task>2</Task><Opcode>15</Opcode><Keywords>0x0</Keywords><TimeCreated SystemTime='2025-02-04T16:34:08.5394233Z'/><EventRecordID>516257</EventRecordID><Correlation ActivityID='{12356087-7406-0000-8ebc-36120674db01}'/><Execution ProcessID='3068' ThreadID='7552'/><Channel>Microsoft-Windows-PowerShell/Operational</Channel><Computer>ar-win-dc.attackrange.local</Computer><Security UserID='S-1-5-21-26273642-2342717390-2342477205-500'/></System><EventData><Data Name='MessageNumber'>1</Data><Data Name='MessageTotal'>1</Data><Data Name='ScriptBlockText'>$ErrorActionPreference = 'Continue'
Write-Host 'Running: Authentication test'
Invoke-Sqlcmd -ServerInstance 'localhost' -Database 'master' -Username 'sa' -Password 'ComplexPass123!' -Query 'SELECT SYSTEM_USER AS CurrentUser' -TrustServerCertificate</Data><Data Name='ScriptBlockId'>7b602f78-ec61-49c1-a820-7c30f9a7999b</Data><Data Name='Path'></Data></EventData></Event>
<Event xmlns='http://schemas.microsoft.com/win/2004/08/events/event'><System><Provider Name='Microsoft-Windows-PowerShell' Guid='{a0c1853b-5c40-4b15-8766-3cf1c58f985a}'/><EventID>4104</EventID><Version>1</Version><Level>5</Level><Task>2</Task><Opcode>15</Opcode><Keywords>0x0</Keywords><TimeCreated SystemTime='2025-02-04T16:34:05.5419865Z'/><EventRecordID>516056</EventRecordID><Correlation ActivityID='{12356087-7406-0002-1546-37120674db01}'/><Execution ProcessID='2812' ThreadID='3288'/><Channel>Microsoft-Windows-PowerShell/Operational</Channel><Computer>ar-win-dc.attackrange.local</Computer><Security UserID='S-1-5-21-26273642-2342717390-2342477205-500'/></System><EventData><Data Name='MessageNumber'>1</Data><Data Name='MessageTotal'>3</Data><Data Name='ScriptBlockText'># Copyright (c) Microsoft Corporation.
# Licensed under the MIT license.

Set-StrictMode -Version Latest

function Invoke-SqlNotebook {

    [CmdletBinding(DefaultParameterSetName="ByConnectionParameters")]

    [Diagnostics.CodeAnalysis.SuppressMessageAttribute("PSUsePSCredentialType", "Username", Justification="Intentionally allowing User/Password, in addition to a PSCredential parameter.")]
    [Diagnostics.CodeAnalysis.SuppressMessageAttribute("PSAvoidUsingPlainTextForPassword", "Password", Justification="Intentionally allowing User/Password, in addition to a PSCredential parameter.")]
    [Diagnostics.CodeAnalysis.SuppressMessageAttribute("PSAvoidUsingUsernameAndPasswordParams", "", Justification="Intentionally allowing User/Password, in addition to a PSCredential parameter.")]

    # Parameters
    param(
        [Parameter(Mandatory = $false, ParameterSetName = 'ByConnectionParameters')]$ServerInstance,
        [Parameter(Mandatory = $false, ParameterSetName = 'ByConnectionParameters')]$Database,
        [Parameter(Mandatory = $false, ParameterSetName = 'ByConnectionParameters')][ValidateNotNullorEmpty()]$Username,
        [Parameter(Mandatory = $false, ParameterSetName = 'ByConnectionParameters')][ValidateNotNullorEmpty()]$Password,

        [Parameter(Mandatory = $false, ParameterSetName = 'ByConnectionString')][ValidateNotNullorEmpty()]$ConnectionString,
        [Parameter(Mandatory = $false, ParameterSetName = 'ByConnectionParameters')][ValidateNotNullorEmpty()][PSCredential]$Credential,
        [Parameter(Mandatory = $true, ParameterSetName='ByInputFile')]
        [Parameter(ParameterSetName = 'ByConnectionParameters')]
        [Parameter(ParameterSetName = 'ByConnectionString')]$InputFile,
        [Parameter(Mandatory = $true, ParameterSetName='ByInputObject')]
        [Parameter(ParameterSetName = 'ByConnectionParameters')]
        [Parameter(ParameterSetName = 'ByConnectionString')]$InputObject,
        [Parameter(Mandatory = $false)][ValidateNotNullorEmpty()]$OutputFile,

        [Parameter(Mandatory = $false, ParameterSetName = 'ByConnectionParameters')][ValidateNotNullorEmpty()][PSObject]$AccessToken,
        [Parameter(Mandatory = $false, ParameterSetName = 'ByConnectionParameters')][Switch]$TrustServerCertificate,
        [Parameter(Mandatory = $false, ParameterSetName = 'ByConnectionParameters')][ValidateSet("Mandatory", "Optional", "Strict")][string]$Encrypt,
        [Parameter(Mandatory = $false, ParameterSetName = 'ByConnectionParameters')][ValidateNotNull()][string]$HostNameInCertificate,

        [Switch]$Force
    )

    #Checks to see if OutputFile is given
    #If it is, checks to see if extension is there
    function getOutputFile($inputFile,$outputFile) {
        if($outputFile) {
            $extn = [IO.Path]::GetExtension($outputFile)
            if ($extn.Length -eq 0) {
                $outputFile = ($outputFile + ".ipynb")
            }
            $outputFile
        }
        else {
            #If User does not define Output it will use the inputFile file location
            $fileinfo = Get-Item $inputFile

            # Create an output file based on the file path of input and name
            Join-Path $fileinfo.DirectoryName ($fileinfo.BaseName + "_out" + $fileinfo.Extension)
        }
    }

    #Validates InputFile and Converts InputFile to Json Object
    function getFileContents($inputfile) {

        if (-not (Test-Path -Path $inputfile)) {
            Throw New-Object System.IO.FileNotFoundException ($inputfile + " does not exist")
        }

        $fileItem = Get-Item $inputfile

        #Checking if file is a python notebook
        if ($fileItem.Extension -ne ".ipynb") {
            Throw New-Object System.FormatException "Only ipynb files are supported"
        }

        $fileContent = Get-Content $inputfile
        try {
            $fileContentJson = ($fileContent | ConvertFrom-Json)
        }
        catch {
            Throw New-Object System.FormatException "Malformed Json file"
        }
        $fileContentJson
    }

    #Validate SQL Kernel Notebook
    function validateKernelType($fileContentJson) {
        if ($fileContentJson.metadata.kernelspec.name -ne "SQL") {
            Throw New-Object System.NotSupportedException "Kernel type '$($fileContentJson.metadata.kernelspec.name)' not supported."
        }
    }

    #Validate non-existing output file
    #If file exists and $throwifexists, an exception is thrown.
    function validateExistingOutputFile($outputfile, $throwifexists) {
        if ($outputfile -and (Test-Path $outputfile) -and $throwifexists) {
            Throw New-Object System.IO.IOException "The file '$($outputfile)' already exists. Please, specify -Force to overwrite it."
        }
    }

    #Parsing Notebook Data to Notebook Output
    function ParseTableToNotebookOutput {
        param (
            [System.Data.DataTable]
            $DataTable,

            [int]
            $CellExecutionCount
        )
        $TableHTMLText = "&lt;table&gt;"
        $TableSchemaFeilds = @()
        $TableHTMLText += "&lt;tr&gt;"
        foreach ($ColumnName in $DataTable.Columns) {
            $TableSchemaFeilds += @(@{name = $ColumnName.toString() })
            $TableHTMLText += "&lt;th&gt;" + $ColumnName.toString() + "&lt;/th&gt;"
        }
        $TableHTMLText += "&lt;/tr&gt;"
        $TableSchema = @{ }
        $TableSchema["fields"] = $TableSchemaFeilds

        $TableDataRows = @()
        foreach ($Row in $DataTable) {
            $TableDataRow = [ordered]@{ }
            $TableHTMLText += "&lt;tr&gt;"
            $i = 0
            foreach ($Cell in $Row.ItemArray) {
                $TableDataRow[$i.ToString()] = $Cell.toString()
                $TableHTMLText += "&lt;td&gt;" + $Cell.toString() + "&lt;/td&gt;"
                $i++
            }
            $TableHTMLText += "&lt;/tr&gt;"
            $TableDataRows += $TableDataRow
        }

        $TableDataResource = @{ }
        $TableDataResource["schema"] = $TableSchema
        $TableDataResource["data"] = $TableDataRows
        $TableData = @{ }
        $TableData["application/vnd.dataresource+json"] = $TableDataResource
        $TableData["text/html"] = $TableHTMLText
        $TableOutput = @{ }
        $TableOutput["output_type"] = "execute_result"
        $TableOutput["data"] = $TableData
        $TableOutput["metadata"] = @{ }
        $TableOutput["execution_count"] = $CellExecutionCount
        return $TableOutput
    }

    #Parsing the Error Messages to Notebook Output
    function ParseQueryErrorToNotebookOutput {
        param (
            $QueryError
        )
        &lt;#
        Following the current syntax of errors in T-SQL notebooks from ADS
        #&gt;
        $ErrorString = "Msg " + $QueryError.Exception.InnerException.Number +
        ", Level " + $QueryError.Exception.InnerException.Class +
        ", State " + $QueryError.Exception.InnerException.State +
        ", Line " + $QueryError.Exception.InnerException.LineNumber +
        "`r`n" + $QueryError.Exception.Message

        $ErrorOutput = @{ }
        $ErrorOutput["output_type"] = "error"
        $ErrorOutput["traceback"] = @()
        $ErrorOutput["evalue"] = $ErrorString
        return $ErrorOutput
    }

    #Parsing Messages to Notebook Output
    function ParseStringToNotebookOutput {
        param (
            [System.String]
            $InputString
        )
        &lt;#
        Parsing the string to notebook cell output.
        It's the standard Jupyter Syntax
        #&gt;
        $StringOutputData = @{ }
        $StringOutputData["text/html"] = $InputString
        $StringOutput = @{ }
        $StringOutput["output_type"] = "display_data"
        $StringOutput["data"] = $StringOutputData
        $StringOutput["metadata"] = @{ }
        return $StringOutput
    }

    #Start of Script
    #Checks to see if InputFile or InputObject was entered

    #Checks to InputFile Type and initializes OutputFile
    if ($InputFile -is [System.String]) {
        $fileInformation = getFileContents($InputFile)
        $fileContent = $fileInformation[0]
        $OutputFile = getOutputFile $InputFile $OutputFile
    } elseif ($InputFile -is [System.IO.FileInfo]) {
        $fileInformation = getFileContents($InputFile.FullName)
        $fileContent = $fileInformation[0]
        $OutputFile = getOutputFile $InputFile $OutputFile
    } else {
        $fileContent = $InputObject
    }

    #Checks InputObject and converts that to appropriate Json object
    if ($InputObject -is [System.String]) {
        $fileContentJson = ($InputObject | ConvertFrom-Json)
        $fileContent = $fileContentJson[0]
    }

    #Validates only SQL Notebooks
    validateKernelType $fileContent

    #Validate that $OutputFile does not exist, or, if it exists a -Force was passed in.
    validateExistingOutputFile $OutputFile (-not $Force)

    #Setting params for Invoke-Sqlcmd
    $DatabaseQueryHashTable = @{ }

    #Checks to see if User entered ConnectionString or individual parameters
    if ($ConnectionString) {
        $DatabaseQueryHashTable["ConnectionString"] = $ConnectionString
    } else {
        if ($ServerInstance) {
            $DatabaseQueryHashTable["ServerInstance"] = $ServerInstance
        }
        if ($Database) {
            $DatabaseQueryHashTable["Database"] = $Database
        }
        #Checks to see if User entered AccessToken, Credential, or individual parameters
        if ($AccessToken) {
            # Currently, Invoke-Sqlcmd only supports an -AccessToken of type [string]
            if ($AccessToken -is [string]) {
                $DatabaseQueryHashTable["AccessToken"] = $AccessToken
            } else {
                # Assume $AccessToken has a 'Token' member that is a string
                $DatabaseQueryHashTable["AccessToken"] = $AccessToken.Token
            }
        } else {
            if ($Credential) {
                $DatabaseQueryHashTable["Credential"] = $Credential
            } else {
                if ($Username) {
                    $DatabaseQueryHashTable["Username"] = $Username
                }
                if ($Password) {
                    $DatabaseQueryHashTable["Password"] = $Password
                }
            }
        }
        if ($Encrypt) {
            $DatabaseQueryHashTable["Encrypt"] = $Encrypt
        }
        if ($TrustServerCertificate) {
            $DatabaseQueryHashTable["TrustServerCertificate"] = $TrustServerCertificate
        }
        if ($HostNameInCertificate) {
   </Data><Data Name='ScriptBlockId'>56c001de-e081-46a4-a45e-13868194e1ee</Data><Data Name='Path'>C:\Program Files\WindowsPowerShell\Modules\SqlServer\22.3.0\SqlNotebook.psm1</Data></EventData></Event>
<Event xmlns='http://schemas.microsoft.com/win/2004/08/events/event'><System><Provider Name='Microsoft-Windows-PowerShell' Guid='{a0c1853b-5c40-4b15-8766-3cf1c58f985a}'/><EventID>4104</EventID><Version>1</Version><Level>5</Level><Task>2</Task><Opcode>15</Opcode><Keywords>0x0</Keywords><TimeCreated SystemTime='2025-02-04T16:34:05.5021571Z'/><EventRecordID>516050</EventRecordID><Correlation ActivityID='{12356087-7406-0000-29bc-36120674db01}'/><Execution ProcessID='2812' ThreadID='3288'/><Channel>Microsoft-Windows-PowerShell/Operational</Channel><Computer>ar-win-dc.attackrange.local</Computer><Security UserID='S-1-5-21-26273642-2342717390-2342477205-500'/></System><EventData><Data Name='MessageNumber'>1</Data><Data Name='MessageTotal'>1</Data><Data Name='ScriptBlockText'>$ErrorActionPreference = 'Continue'
Write-Host 'Running: Basic version query'
Invoke-Sqlcmd -ServerInstance 'localhost' -Database 'master' -Username 'sa' -Password 'ComplexPass123!' -Query 'SELECT @@version' -TrustServerCertificate</Data><Data Name='ScriptBlockId'>1950bd84-3fa0-411f-8f46-7142fec20ccd</Data><Data Name='Path'></Data></EventData></Event>
<Event xmlns='http://schemas.microsoft.com/win/2004/08/events/event'><System><Provider Name='Microsoft-Windows-PowerShell' Guid='{a0c1853b-5c40-4b15-8766-3cf1c58f985a}'/><EventID>4104</EventID><Version>1</Version><Level>5</Level><Task>2</Task><Opcode>15</Opcode><Keywords>0x0</Keywords><TimeCreated SystemTime='2025-02-04T16:33:44.3735326Z'/><EventRecordID>515825</EventRecordID><Correlation ActivityID='{12356087-7406-0000-75bb-36120674db01}'/><Execution ProcessID='7240' ThreadID='7216'/><Channel>Microsoft-Windows-PowerShell/Operational</Channel><Computer>ar-win-dc.attackrange.local</Computer><Security UserID='S-1-5-21-26273642-2342717390-2342477205-500'/></System><EventData><Data Name='MessageNumber'>1</Data><Data Name='MessageTotal'>1</Data><Data Name='ScriptBlockText'>$ErrorActionPreference = 'Continue'
Write-Host 'Running: System principals query'
Invoke-Sqlcmd -ServerInstance 'localhost' -Database 'master' -Username 'sa' -Password 'ComplexPass123!' -Query 'SELECT name, type_desc FROM sys.server_principals' -TrustServerCertificate</Data><Data Name='ScriptBlockId'>e715199d-645f-4402-9411-af8b593f50a3</Data><Data Name='Path'></Data></EventData></Event>
