<Event xmlns='http://schemas.microsoft.com/win/2004/08/events/event'><System><Provider Name='Microsoft-Windows-Sysmon' Guid='{5770385F-C22A-43E0-BF4C-06F5698FFBD9}'/><EventID>3</EventID><Version>5</Version><Level>4</Level><Task>3</Task><Opcode>0</Opcode><Keywords>0x8000000000000000</Keywords><TimeCreated SystemTime='2022-03-15T18:17:27.080468100Z'/><EventRecordID>1723636</EventRecordID><Correlation/><Execution ProcessID='2132' ThreadID='3100'/><Channel>Microsoft-Windows-Sysmon/Operational</Channel><Computer>win-dc-mhaag-attack-range-464.attackrange.local</Computer><Security UserID='S-1-5-18'/></System><EventData><Data Name='RuleName'>-</Data><Data Name='UtcTime'>2022-03-15 18:17:23.867</Data><Data Name='ProcessGuid'>{F4C444F1-C2FE-6230-D402-000000004402}</Data><Data Name='ProcessId'>5160</Data><Data Name='Image'>C:\Windows\System32\rundll32.exe</Data><Data Name='User'>NT AUTHORITY\SYSTEM</Data><Data Name='Protocol'>tcp</Data><Data Name='Initiated'>true</Data><Data Name='SourceIsIpv6'>false</Data><Data Name='SourceIp'>10.0.1.14</Data><Data Name='SourceHostname'>win-dc-mhaag-attack-range-464.attackrange.local</Data><Data Name='SourcePort'>53860</Data><Data Name='SourcePortName'>-</Data><Data Name='DestinationIsIpv6'>false</Data><Data Name='DestinationIp'>54.188.59.68</Data><Data Name='DestinationHostname'>ec2-54-188-59-68.us-west-2.compute.amazonaws.com</Data><Data Name='DestinationPort'>80</Data><Data Name='DestinationPortName'>http</Data></EventData></Event>
<Event xmlns='http://schemas.microsoft.com/win/2004/08/events/event'><System><Provider Name='Microsoft-Windows-Sysmon' Guid='{5770385F-C22A-43E0-BF4C-06F5698FFBD9}'/><EventID>3</EventID><Version>5</Version><Level>4</Level><Task>3</Task><Opcode>0</Opcode><Keywords>0x8000000000000000</Keywords><TimeCreated SystemTime='2022-03-15T18:17:24.822495000Z'/><EventRecordID>1723577</EventRecordID><Correlation/><Execution ProcessID='2132' ThreadID='3100'/><Channel>Microsoft-Windows-Sysmon/Operational</Channel><Computer>win-dc-mhaag-attack-range-464.attackrange.local</Computer><Security UserID='S-1-5-18'/></System><EventData><Data Name='RuleName'>-</Data><Data Name='UtcTime'>2022-03-15 18:17:22.545</Data><Data Name='ProcessGuid'>{F4C444F1-C347-6230-DF02-000000004402}</Data><Data Name='ProcessId'>2572</Data><Data Name='Image'>C:\Windows\System32\dllhost.exe</Data><Data Name='User'>ATTACKRANGE\Administrator</Data><Data Name='Protocol'>tcp</Data><Data Name='Initiated'>true</Data><Data Name='SourceIsIpv6'>false</Data><Data Name='SourceIp'>10.0.1.14</Data><Data Name='SourceHostname'>win-dc-mhaag-attack-range-464.attackrange.local</Data><Data Name='SourcePort'>53813</Data><Data Name='SourcePortName'>-</Data><Data Name='DestinationIsIpv6'>false</Data><Data Name='DestinationIp'>54.188.59.68</Data><Data Name='DestinationHostname'>ec2-54-188-59-68.us-west-2.compute.amazonaws.com</Data><Data Name='DestinationPort'>80</Data><Data Name='DestinationPortName'>http</Data></EventData></Event>
<Event xmlns='http://schemas.microsoft.com/win/2004/08/events/event'><System><Provider Name='Microsoft-Windows-Sysmon' Guid='{5770385F-C22A-43E0-BF4C-06F5698FFBD9}'/><EventID>3</EventID><Version>5</Version><Level>4</Level><Task>3</Task><Opcode>0</Opcode><Keywords>0x8000000000000000</Keywords><TimeCreated SystemTime='2022-03-15T18:17:07.781449300Z'/><EventRecordID>1722827</EventRecordID><Correlation/><Execution ProcessID='2132' ThreadID='3100'/><Channel>Microsoft-Windows-Sysmon/Operational</Channel><Computer>win-dc-mhaag-attack-range-464.attackrange.local</Computer><Security UserID='S-1-5-18'/></System><EventData><Data Name='RuleName'>-</Data><Data Name='UtcTime'>2022-03-15 18:17:05.339</Data><Data Name='ProcessGuid'>{F4C444F1-C2BE-6230-CB02-000000004402}</Data><Data Name='ProcessId'>5224</Data><Data Name='Image'>C:\Windows\SysWOW64\rundll32.exe</Data><Data Name='User'>NT AUTHORITY\SYSTEM</Data><Data Name='Protocol'>tcp</Data><Data Name='Initiated'>true</Data><Data Name='SourceIsIpv6'>false</Data><Data Name='SourceIp'>10.0.1.14</Data><Data Name='SourceHostname'>win-dc-mhaag-attack-range-464.attackrange.local</Data><Data Name='SourcePort'>53220</Data><Data Name='SourcePortName'>-</Data><Data Name='DestinationIsIpv6'>false</Data><Data Name='DestinationIp'>54.188.59.68</Data><Data Name='DestinationHostname'>ec2-54-188-59-68.us-west-2.compute.amazonaws.com</Data><Data Name='DestinationPort'>80</Data><Data Name='DestinationPortName'>http</Data></EventData></Event>
<Event xmlns='http://schemas.microsoft.com/win/2004/08/events/event'><System><Provider Name='Microsoft-Windows-Sysmon' Guid='{5770385F-C22A-43E0-BF4C-06F5698FFBD9}'/><EventID>3</EventID><Version>5</Version><Level>4</Level><Task>3</Task><Opcode>0</Opcode><Keywords>0x8000000000000000</Keywords><TimeCreated SystemTime='2022-03-15T18:17:05.528476900Z'/><EventRecordID>1722743</EventRecordID><Correlation/><Execution ProcessID='2132' ThreadID='3100'/><Channel>Microsoft-Windows-Sysmon/Operational</Channel><Computer>win-dc-mhaag-attack-range-464.attackrange.local</Computer><Security UserID='S-1-5-18'/></System><EventData><Data Name='RuleName'>-</Data><Data Name='UtcTime'>2022-03-15 18:17:03.256</Data><Data Name='ProcessGuid'>{F4C444F1-C30C-6230-D602-000000004402}</Data><Data Name='ProcessId'>896</Data><Data Name='Image'>C:\Windows\SysWOW64\rundll32.exe</Data><Data Name='User'>NT AUTHORITY\SYSTEM</Data><Data Name='Protocol'>tcp</Data><Data Name='Initiated'>true</Data><Data Name='SourceIsIpv6'>false</Data><Data Name='SourceIp'>10.0.1.14</Data><Data Name='SourceHostname'>win-dc-mhaag-attack-range-464.attackrange.local</Data><Data Name='SourcePort'>53146</Data><Data Name='SourcePortName'>-</Data><Data Name='DestinationIsIpv6'>false</Data><Data Name='DestinationIp'>54.188.59.68</Data><Data Name='DestinationHostname'>ec2-54-188-59-68.us-west-2.compute.amazonaws.com</Data><Data Name='DestinationPort'>80</Data><Data Name='DestinationPortName'>http</Data></EventData></Event>
<Event xmlns='http://schemas.microsoft.com/win/2004/08/events/event'><System><Provider Name='Microsoft-Windows-Sysmon' Guid='{5770385F-C22A-43E0-BF4C-06F5698FFBD9}'/><EventID>3</EventID><Version>5</Version><Level>4</Level><Task>3</Task><Opcode>0</Opcode><Keywords>0x8000000000000000</Keywords><TimeCreated SystemTime='2022-03-15T18:17:00.515611200Z'/><EventRecordID>1722498</EventRecordID><Correlation/><Execution ProcessID='2132' ThreadID='3100'/><Channel>Microsoft-Windows-Sysmon/Operational</Channel><Computer>win-dc-mhaag-attack-range-464.attackrange.local</Computer><Security UserID='S-1-5-18'/></System><EventData><Data Name='RuleName'>-</Data><Data Name='UtcTime'>2022-03-15 18:16:58.146</Data><Data Name='ProcessGuid'>{F4C444F1-C199-6230-9702-000000004402}</Data><Data Name='ProcessId'>5428</Data><Data Name='Image'>C:\Windows\System32\rundll32.exe</Data><Data Name='User'>NT AUTHORITY\SYSTEM</Data><Data Name='Protocol'>tcp</Data><Data Name='Initiated'>true</Data><Data Name='SourceIsIpv6'>false</Data><Data Name='SourceIp'>10.0.1.14</Data><Data Name='SourceHostname'>win-dc-mhaag-attack-range-464.attackrange.local</Data><Data Name='SourcePort'>52970</Data><Data Name='SourcePortName'>-</Data><Data Name='DestinationIsIpv6'>false</Data><Data Name='DestinationIp'>54.188.59.68</Data><Data Name='DestinationHostname'>ec2-54-188-59-68.us-west-2.compute.amazonaws.com</Data><Data Name='DestinationPort'>80</Data><Data Name='DestinationPortName'>http</Data></EventData></Event>
<Event xmlns='http://schemas.microsoft.com/win/2004/08/events/event'><System><Provider Name='Microsoft-Windows-Sysmon' Guid='{5770385F-C22A-43E0-BF4C-06F5698FFBD9}'/><EventID>3</EventID><Version>5</Version><Level>4</Level><Task>3</Task><Opcode>0</Opcode><Keywords>0x8000000000000000</Keywords><TimeCreated SystemTime='2022-03-15T18:16:56.506651700Z'/><EventRecordID>1722314</EventRecordID><Correlation/><Execution ProcessID='2132' ThreadID='3100'/><Channel>Microsoft-Windows-Sysmon/Operational</Channel><Computer>win-dc-mhaag-attack-range-464.attackrange.local</Computer><Security UserID='S-1-5-18'/></System><EventData><Data Name='RuleName'>-</Data><Data Name='UtcTime'>2022-03-15 18:16:53.930</Data><Data Name='ProcessGuid'>{F4C444F1-C347-6230-DF02-000000004402}</Data><Data Name='ProcessId'>2572</Data><Data Name='Image'>C:\Windows\System32\dllhost.exe</Data><Data Name='User'>ATTACKRANGE\Administrator</Data><Data Name='Protocol'>tcp</Data><Data Name='Initiated'>true</Data><Data Name='SourceIsIpv6'>false</Data><Data Name='SourceIp'>10.0.1.14</Data><Data Name='SourceHostname'>win-dc-mhaag-attack-range-464.attackrange.local</Data><Data Name='SourcePort'>52832</Data><Data Name='SourcePortName'>-</Data><Data Name='DestinationIsIpv6'>false</Data><Data Name='DestinationIp'>54.188.59.68</Data><Data Name='DestinationHostname'>ec2-54-188-59-68.us-west-2.compute.amazonaws.com</Data><Data Name='DestinationPort'>80</Data><Data Name='DestinationPortName'>http</Data></EventData></Event>
<Event xmlns='http://schemas.microsoft.com/win/2004/08/events/event'><System><Provider Name='Microsoft-Windows-Sysmon' Guid='{5770385F-C22A-43E0-BF4C-06F5698FFBD9}'/><EventID>3</EventID><Version>5</Version><Level>4</Level><Task>3</Task><Opcode>0</Opcode><Keywords>0x8000000000000000</Keywords><TimeCreated SystemTime='2022-03-15T18:16:52.247498300Z'/><EventRecordID>1722142</EventRecordID><Correlation/><Execution ProcessID='2132' ThreadID='3100'/><Channel>Microsoft-Windows-Sysmon/Operational</Channel><Computer>win-dc-mhaag-attack-range-464.attackrange.local</Computer><Security UserID='S-1-5-18'/></System><EventData><Data Name='RuleName'>-</Data><Data Name='UtcTime'>2022-03-15 18:16:49.784</Data><Data Name='ProcessGuid'>{F4C444F1-C2FE-6230-D402-000000004402}</Data><Data Name='ProcessId'>5160</Data><Data Name='Image'>C:\Windows\System32\rundll32.exe</Data><Data Name='User'>NT AUTHORITY\SYSTEM</Data><Data Name='Protocol'>tcp</Data><Data Name='Initiated'>true</Data><Data Name='SourceIsIpv6'>false</Data><Data Name='SourceIp'>10.0.1.14</Data><Data Name='SourceHostname'>win-dc-mhaag-attack-range-464.attackrange.local</Data><Data Name='SourcePort'>52687</Data><Data Name='SourcePortName'>-</Data><Data Name='DestinationIsIpv6'>false</Data><Data Name='DestinationIp'>54.188.59.68</Data><Data Name='DestinationHostname'>ec2-54-188-59-68.us-west-2.compute.amazonaws.com</Data><Data Name='DestinationPort'>80</Data><Data Name='DestinationPortName'>http</Data></EventData></Event>
<Event xmlns='http://schemas.microsoft.com/win/2004/08/events/event'><System><Provider Name='Microsoft-Windows-Sysmon' Guid='{5770385F-C22A-43E0-BF4C-06F5698FFBD9}'/><EventID>3</EventID><Version>5</Version><Level>4</Level><Task>3</Task><Opcode>0</Opcode><Keywords>0x8000000000000000</Keywords><TimeCreated SystemTime='2022-03-15T18:16:48.235704100Z'/><EventRecordID>1721989</EventRecordID><Correlation/><Execution ProcessID='2132' ThreadID='3100'/><Channel>Microsoft-Windows-Sysmon/Operational</Channel><Computer>win-dc-mhaag-attack-range-464.attackrange.local</Computer><Security UserID='S-1-5-18'/></System><EventData><Data Name='RuleName'>-</Data><Data Name='UtcTime'>2022-03-15 18:16:45.695</Data><Data Name='ProcessGuid'>{F4C444F1-C335-6230-DE02-000000004402}</Data><Data Name='ProcessId'>2752</Data><Data Name='Image'>C:\Windows\SysWOW64\dllhost.exe</Data><Data Name='User'>NT AUTHORITY\SYSTEM</Data><Data Name='Protocol'>tcp</Data><Data Name='Initiated'>true</Data><Data Name='SourceIsIpv6'>false</Data><Data Name='SourceIp'>10.0.1.14</Data><Data Name='SourceHostname'>win-dc-mhaag-attack-range-464.attackrange.local</Data><Data Name='SourcePort'>52550</Data><Data Name='SourcePortName'>-</Data><Data Name='DestinationIsIpv6'>false</Data><Data Name='DestinationIp'>54.188.59.68</Data><Data Name='DestinationHostname'>ec2-54-188-59-68.us-west-2.compute.amazonaws.com</Data><Data Name='DestinationPort'>80</Data><Data Name='DestinationPortName'>http</Data></EventData></Event>
<Event xmlns='http://schemas.microsoft.com/win/2004/08/events/event'><System><Provider Name='Microsoft-Windows-Sysmon' Guid='{5770385F-C22A-43E0-BF4C-06F5698FFBD9}'/><EventID>3</EventID><Version>5</Version><Level>4</Level><Task>3</Task><Opcode>0</Opcode><Keywords>0x8000000000000000</Keywords><TimeCreated SystemTime='2022-03-15T18:16:34.207638300Z'/><EventRecordID>1721325</EventRecordID><Correlation/><Execution ProcessID='2132' ThreadID='3100'/><Channel>Microsoft-Windows-Sysmon/Operational</Channel><Computer>win-dc-mhaag-attack-range-464.attackrange.local</Computer><Security UserID='S-1-5-18'/></System><EventData><Data Name='RuleName'>-</Data><Data Name='UtcTime'>2022-03-15 18:16:31.084</Data><Data Name='ProcessGuid'>{F4C444F1-C2BE-6230-CB02-000000004402}</Data><Data Name='ProcessId'>5224</Data><Data Name='Image'>C:\Windows\SysWOW64\rundll32.exe</Data><Data Name='User'>NT AUTHORITY\SYSTEM</Data><Data Name='Protocol'>tcp</Data><Data Name='Initiated'>true</Data><Data Name='SourceIsIpv6'>false</Data><Data Name='SourceIp'>10.0.1.14</Data><Data Name='SourceHostname'>win-dc-mhaag-attack-range-464.attackrange.local</Data><Data Name='SourcePort'>52030</Data><Data Name='SourcePortName'>-</Data><Data Name='DestinationIsIpv6'>false</Data><Data Name='DestinationIp'>54.188.59.68</Data><Data Name='DestinationHostname'>ec2-54-188-59-68.us-west-2.compute.amazonaws.com</Data><Data Name='DestinationPort'>80</Data><Data Name='DestinationPortName'>http</Data></EventData></Event>
<Event xmlns='http://schemas.microsoft.com/win/2004/08/events/event'><System><Provider Name='Microsoft-Windows-Sysmon' Guid='{5770385F-C22A-43E0-BF4C-06F5698FFBD9}'/><EventID>3</EventID><Version>5</Version><Level>4</Level><Task>3</Task><Opcode>0</Opcode><Keywords>0x8000000000000000</Keywords><TimeCreated SystemTime='2022-03-15T18:16:33.205176200Z'/><EventRecordID>1721302</EventRecordID><Correlation/><Execution ProcessID='2132' ThreadID='3100'/><Channel>Microsoft-Windows-Sysmon/Operational</Channel><Computer>win-dc-mhaag-attack-range-464.attackrange.local</Computer><Security UserID='S-1-5-18'/></System><EventData><Data Name='RuleName'>-</Data><Data Name='UtcTime'>2022-03-15 18:16:30.582</Data><Data Name='ProcessGuid'>{F4C444F1-C30C-6230-D602-000000004402}</Data><Data Name='ProcessId'>896</Data><Data Name='Image'>C:\Windows\SysWOW64\rundll32.exe</Data><Data Name='User'>NT AUTHORITY\SYSTEM</Data><Data Name='Protocol'>tcp</Data><Data Name='Initiated'>true</Data><Data Name='SourceIsIpv6'>false</Data><Data Name='SourceIp'>10.0.1.14</Data><Data Name='SourceHostname'>win-dc-mhaag-attack-range-464.attackrange.local</Data><Data Name='SourcePort'>52013</Data><Data Name='SourcePortName'>-</Data><Data Name='DestinationIsIpv6'>false</Data><Data Name='DestinationIp'>54.188.59.68</Data><Data Name='DestinationHostname'>ec2-54-188-59-68.us-west-2.compute.amazonaws.com</Data><Data Name='DestinationPort'>80</Data><Data Name='DestinationPortName'>http</Data></EventData></Event>
<Event xmlns='http://schemas.microsoft.com/win/2004/08/events/event'><System><Provider Name='Microsoft-Windows-Sysmon' Guid='{5770385F-C22A-43E0-BF4C-06F5698FFBD9}'/><EventID>3</EventID><Version>5</Version><Level>4</Level><Task>3</Task><Opcode>0</Opcode><Keywords>0x8000000000000000</Keywords><TimeCreated SystemTime='2022-03-15T18:16:25.940945400Z'/><EventRecordID>1720635</EventRecordID><Correlation/><Execution ProcessID='2132' ThreadID='3100'/><Channel>Microsoft-Windows-Sysmon/Operational</Channel><Computer>win-dc-mhaag-attack-range-464.attackrange.local</Computer><Security UserID='S-1-5-18'/></System><EventData><Data Name='RuleName'>-</Data><Data Name='UtcTime'>2022-03-15 18:16:23.890</Data><Data Name='ProcessGuid'>{F4C444F1-C1B3-6230-9902-000000004402}</Data><Data Name='ProcessId'>1760</Data><Data Name='Image'>C:\Windows\System32\rundll32.exe</Data><Data Name='User'>ATTACKRANGE\Administrator</Data><Data Name='Protocol'>tcp</Data><Data Name='Initiated'>true</Data><Data Name='SourceIsIpv6'>false</Data><Data Name='SourceIp'>10.0.1.14</Data><Data Name='SourceHostname'>win-dc-mhaag-attack-range-464.attackrange.local</Data><Data Name='SourcePort'>51786</Data><Data Name='SourcePortName'>-</Data><Data Name='DestinationIsIpv6'>false</Data><Data Name='DestinationIp'>54.188.59.68</Data><Data Name='DestinationHostname'>ec2-54-188-59-68.us-west-2.compute.amazonaws.com</Data><Data Name='DestinationPort'>80</Data><Data Name='DestinationPortName'>http</Data></EventData></Event>
<Event xmlns='http://schemas.microsoft.com/win/2004/08/events/event'><System><Provider Name='Microsoft-Windows-Sysmon' Guid='{5770385F-C22A-43E0-BF4C-06F5698FFBD9}'/><EventID>3</EventID><Version>5</Version><Level>4</Level><Task>3</Task><Opcode>0</Opcode><Keywords>0x8000000000000000</Keywords><TimeCreated SystemTime='2022-03-15T18:16:19.927122400Z'/><EventRecordID>1720339</EventRecordID><Correlation/><Execution ProcessID='2132' ThreadID='3100'/><Channel>Microsoft-Windows-Sysmon/Operational</Channel><Computer>win-dc-mhaag-attack-range-464.attackrange.local</Computer><Security UserID='S-1-5-18'/></System><EventData><Data Name='RuleName'>-</Data><Data Name='UtcTime'>2022-03-15 18:16:17.208</Data><Data Name='ProcessGuid'>{F4C444F1-C347-6230-DF02-000000004402}</Data><Data Name='ProcessId'>2572</Data><Data Name='Image'>C:\Windows\System32\dllhost.exe</Data><Data Name='User'>ATTACKRANGE\Administrator</Data><Data Name='Protocol'>tcp</Data><Data Name='Initiated'>true</Data><Data Name='SourceIsIpv6'>false</Data><Data Name='SourceIp'>10.0.1.14</Data><Data Name='SourceHostname'>win-dc-mhaag-attack-range-464.attackrange.local</Data><Data Name='SourcePort'>51558</Data><Data Name='SourcePortName'>-</Data><Data Name='DestinationIsIpv6'>false</Data><Data Name='DestinationIp'>54.188.59.68</Data><Data Name='DestinationHostname'>ec2-54-188-59-68.us-west-2.compute.amazonaws.com</Data><Data Name='DestinationPort'>80</Data><Data Name='DestinationPortName'>http</Data></EventData></Event>
<Event xmlns='http://schemas.microsoft.com/win/2004/08/events/event'><System><Provider Name='Microsoft-Windows-Sysmon' Guid='{5770385F-C22A-43E0-BF4C-06F5698FFBD9}'/><EventID>3</EventID><Version>5</Version><Level>4</Level><Task>3</Task><Opcode>0</Opcode><Keywords>0x8000000000000000</Keywords><TimeCreated SystemTime='2022-03-15T18:16:11.660476200Z'/><EventRecordID>1719998</EventRecordID><Correlation/><Execution ProcessID='2132' ThreadID='3100'/><Channel>Microsoft-Windows-Sysmon/Operational</Channel><Computer>win-dc-mhaag-attack-range-464.attackrange.local</Computer><Security UserID='S-1-5-18'/></System><EventData><Data Name='RuleName'>-</Data><Data Name='UtcTime'>2022-03-15 18:16:09.433</Data><Data Name='ProcessGuid'>{F4C444F1-C335-6230-DE02-000000004402}</Data><Data Name='ProcessId'>2752</Data><Data Name='Image'>C:\Windows\SysWOW64\dllhost.exe</Data><Data Name='User'>NT AUTHORITY\SYSTEM</Data><Data Name='Protocol'>tcp</Data><Data Name='Initiated'>true</Data><Data Name='SourceIsIpv6'>false</Data><Data Name='SourceIp'>10.0.1.14</Data><Data Name='SourceHostname'>win-dc-mhaag-attack-range-464.attackrange.local</Data><Data Name='SourcePort'>51291</Data><Data Name='SourcePortName'>-</Data><Data Name='DestinationIsIpv6'>false</Data><Data Name='DestinationIp'>54.188.59.68</Data><Data Name='DestinationHostname'>ec2-54-188-59-68.us-west-2.compute.amazonaws.com</Data><Data Name='DestinationPort'>80</Data><Data Name='DestinationPortName'>http</Data></EventData></Event>
<Event xmlns='http://schemas.microsoft.com/win/2004/08/events/event'><System><Provider Name='Microsoft-Windows-Sysmon' Guid='{5770385F-C22A-43E0-BF4C-06F5698FFBD9}'/><EventID>3</EventID><Version>5</Version><Level>4</Level><Task>3</Task><Opcode>0</Opcode><Keywords>0x8000000000000000</Keywords><TimeCreated SystemTime='2022-03-15T18:16:10.657512800Z'/><EventRecordID>1719957</EventRecordID><Correlation/><Execution ProcessID='2132' ThreadID='3100'/><Channel>Microsoft-Windows-Sysmon/Operational</Channel><Computer>win-dc-mhaag-attack-range-464.attackrange.local</Computer><Security UserID='S-1-5-18'/></System><EventData><Data Name='RuleName'>-</Data><Data Name='UtcTime'>2022-03-15 18:16:08.406</Data><Data Name='ProcessGuid'>{F4C444F1-C2FE-6230-D402-000000004402}</Data><Data Name='ProcessId'>5160</Data><Data Name='Image'>C:\Windows\System32\rundll32.exe</Data><Data Name='User'>NT AUTHORITY\SYSTEM</Data><Data Name='Protocol'>tcp</Data><Data Name='Initiated'>true</Data><Data Name='SourceIsIpv6'>false</Data><Data Name='SourceIp'>10.0.1.14</Data><Data Name='SourceHostname'>win-dc-mhaag-attack-range-464.attackrange.local</Data><Data Name='SourcePort'>51254</Data><Data Name='SourcePortName'>-</Data><Data Name='DestinationIsIpv6'>false</Data><Data Name='DestinationIp'>54.188.59.68</Data><Data Name='DestinationHostname'>ec2-54-188-59-68.us-west-2.compute.amazonaws.com</Data><Data Name='DestinationPort'>80</Data><Data Name='DestinationPortName'>http</Data></EventData></Event>
<Event xmlns='http://schemas.microsoft.com/win/2004/08/events/event'><System><Provider Name='Microsoft-Windows-Sysmon' Guid='{5770385F-C22A-43E0-BF4C-06F5698FFBD9}'/><EventID>3</EventID><Version>5</Version><Level>4</Level><Task>3</Task><Opcode>0</Opcode><Keywords>0x8000000000000000</Keywords><TimeCreated SystemTime='2022-03-15T18:16:00.627640800Z'/><EventRecordID>1719537</EventRecordID><Correlation/><Execution ProcessID='2132' ThreadID='3100'/><Channel>Microsoft-Windows-Sysmon/Operational</Channel><Computer>win-dc-mhaag-attack-range-464.attackrange.local</Computer><Security UserID='S-1-5-18'/></System><EventData><Data Name='RuleName'>-</Data><Data Name='UtcTime'>2022-03-15 18:15:58.143</Data><Data Name='ProcessGuid'>{F4C444F1-C199-6230-9702-000000004402}</Data><Data Name='ProcessId'>5428</Data><Data Name='Image'>C:\Windows\System32\rundll32.exe</Data><Data Name='User'>NT AUTHORITY\SYSTEM</Data><Data Name='Protocol'>tcp</Data><Data Name='Initiated'>true</Data><Data Name='SourceIsIpv6'>false</Data><Data Name='SourceIp'>10.0.1.14</Data><Data Name='SourceHostname'>win-dc-mhaag-attack-range-464.attackrange.local</Data><Data Name='SourcePort'>50922</Data><Data Name='SourcePortName'>-</Data><Data Name='DestinationIsIpv6'>false</Data><Data Name='DestinationIp'>54.188.59.68</Data><Data Name='DestinationHostname'>ec2-54-188-59-68.us-west-2.compute.amazonaws.com</Data><Data Name='DestinationPort'>80</Data><Data Name='DestinationPortName'>http</Data></EventData></Event>
<Event xmlns='http://schemas.microsoft.com/win/2004/08/events/event'><System><Provider Name='Microsoft-Windows-Sysmon' Guid='{5770385F-C22A-43E0-BF4C-06F5698FFBD9}'/><EventID>3</EventID><Version>5</Version><Level>4</Level><Task>3</Task><Opcode>0</Opcode><Keywords>0x8000000000000000</Keywords><TimeCreated SystemTime='2022-03-15T18:15:59.625560900Z'/><EventRecordID>1719471</EventRecordID><Correlation/><Execution ProcessID='2132' ThreadID='3100'/><Channel>Microsoft-Windows-Sysmon/Operational</Channel><Computer>win-dc-mhaag-attack-range-464.attackrange.local</Computer><Security UserID='S-1-5-18'/></System><EventData><Data Name='RuleName'>-</Data><Data Name='UtcTime'>2022-03-15 18:15:56.483</Data><Data Name='ProcessGuid'>{F4C444F1-C2BE-6230-CB02-000000004402}</Data><Data Name='ProcessId'>5224</Data><Data Name='Image'>C:\Windows\SysWOW64\rundll32.exe</Data><Data Name='User'>NT AUTHORITY\SYSTEM</Data><Data Name='Protocol'>tcp</Data><Data Name='Initiated'>true</Data><Data Name='SourceIsIpv6'>false</Data><Data Name='SourceIp'>10.0.1.14</Data><Data Name='SourceHostname'>win-dc-mhaag-attack-range-464.attackrange.local</Data><Data Name='SourcePort'>50866</Data><Data Name='SourcePortName'>-</Data><Data Name='DestinationIsIpv6'>false</Data><Data Name='DestinationIp'>54.188.59.68</Data><Data Name='DestinationHostname'>ec2-54-188-59-68.us-west-2.compute.amazonaws.com</Data><Data Name='DestinationPort'>80</Data><Data Name='DestinationPortName'>http</Data></EventData></Event>
<Event xmlns='http://schemas.microsoft.com/win/2004/08/events/event'><System><Provider Name='Microsoft-Windows-Sysmon' Guid='{5770385F-C22A-43E0-BF4C-06F5698FFBD9}'/><EventID>3</EventID><Version>5</Version><Level>4</Level><Task>3</Task><Opcode>0</Opcode><Keywords>0x8000000000000000</Keywords><TimeCreated SystemTime='2022-03-15T18:15:55.367875300Z'/><EventRecordID>1719306</EventRecordID><Correlation/><Execution ProcessID='2132' ThreadID='3100'/><Channel>Microsoft-Windows-Sysmon/Operational</Channel><Computer>win-dc-mhaag-attack-range-464.attackrange.local</Computer><Security UserID='S-1-5-18'/></System><EventData><Data Name='RuleName'>-</Data><Data Name='UtcTime'>2022-03-15 18:15:53.028</Data><Data Name='ProcessGuid'>{F4C444F1-C30C-6230-D602-000000004402}</Data><Data Name='ProcessId'>896</Data><Data Name='Image'>C:\Windows\SysWOW64\rundll32.exe</Data><Data Name='User'>NT AUTHORITY\SYSTEM</Data><Data Name='Protocol'>tcp</Data><Data Name='Initiated'>true</Data><Data Name='SourceIsIpv6'>false</Data><Data Name='SourceIp'>10.0.1.14</Data><Data Name='SourceHostname'>win-dc-mhaag-attack-range-464.attackrange.local</Data><Data Name='SourcePort'>50747</Data><Data Name='SourcePortName'>-</Data><Data Name='DestinationIsIpv6'>false</Data><Data Name='DestinationIp'>54.188.59.68</Data><Data Name='DestinationHostname'>ec2-54-188-59-68.us-west-2.compute.amazonaws.com</Data><Data Name='DestinationPort'>80</Data><Data Name='DestinationPortName'>http</Data></EventData></Event>
<Event xmlns='http://schemas.microsoft.com/win/2004/08/events/event'><System><Provider Name='Microsoft-Windows-Sysmon' Guid='{5770385F-C22A-43E0-BF4C-06F5698FFBD9}'/><EventID>3</EventID><Version>5</Version><Level>4</Level><Task>3</Task><Opcode>0</Opcode><Keywords>0x8000000000000000</Keywords><TimeCreated SystemTime='2022-03-15T18:15:38.824584400Z'/><EventRecordID>1718548</EventRecordID><Correlation/><Execution ProcessID='2132' ThreadID='3100'/><Channel>Microsoft-Windows-Sysmon/Operational</Channel><Computer>win-dc-mhaag-attack-range-464.attackrange.local</Computer><Security UserID='S-1-5-18'/></System><EventData><Data Name='RuleName'>-</Data><Data Name='UtcTime'>2022-03-15 18:15:35.759</Data><Data Name='ProcessGuid'>{F4C444F1-C335-6230-DE02-000000004402}</Data><Data Name='ProcessId'>2752</Data><Data Name='Image'>C:\Windows\SysWOW64\dllhost.exe</Data><Data Name='User'>NT AUTHORITY\SYSTEM</Data><Data Name='Protocol'>tcp</Data><Data Name='Initiated'>true</Data><Data Name='SourceIsIpv6'>false</Data><Data Name='SourceIp'>10.0.1.14</Data><Data Name='SourceHostname'>win-dc-mhaag-attack-range-464.attackrange.local</Data><Data Name='SourcePort'>50135</Data><Data Name='SourcePortName'>-</Data><Data Name='DestinationIsIpv6'>false</Data><Data Name='DestinationIp'>54.188.59.68</Data><Data Name='DestinationHostname'>ec2-54-188-59-68.us-west-2.compute.amazonaws.com</Data><Data Name='DestinationPort'>80</Data><Data Name='DestinationPortName'>http</Data></EventData></Event>
<Event xmlns='http://schemas.microsoft.com/win/2004/08/events/event'><System><Provider Name='Microsoft-Windows-Sysmon' Guid='{5770385F-C22A-43E0-BF4C-06F5698FFBD9}'/><EventID>3</EventID><Version>5</Version><Level>4</Level><Task>3</Task><Opcode>0</Opcode><Keywords>0x8000000000000000</Keywords><TimeCreated SystemTime='2022-03-15T18:15:36.569723800Z'/><EventRecordID>1718483</EventRecordID><Correlation/><Execution ProcessID='2132' ThreadID='3100'/><Channel>Microsoft-Windows-Sysmon/Operational</Channel><Computer>win-dc-mhaag-attack-range-464.attackrange.local</Computer><Security UserID='S-1-5-18'/></System><EventData><Data Name='RuleName'>-</Data><Data Name='UtcTime'>2022-03-15 18:15:34.148</Data><Data Name='ProcessGuid'>{F4C444F1-C347-6230-DF02-000000004402}</Data><Data Name='ProcessId'>2572</Data><Data Name='Image'>C:\Windows\System32\dllhost.exe</Data><Data Name='User'>ATTACKRANGE\Administrator</Data><Data Name='Protocol'>tcp</Data><Data Name='Initiated'>true</Data><Data Name='SourceIsIpv6'>false</Data><Data Name='SourceIp'>10.0.1.14</Data><Data Name='SourceHostname'>win-dc-mhaag-attack-range-464.attackrange.local</Data><Data Name='SourcePort'>50080</Data><Data Name='SourcePortName'>-</Data><Data Name='DestinationIsIpv6'>false</Data><Data Name='DestinationIp'>54.188.59.68</Data><Data Name='DestinationHostname'>ec2-54-188-59-68.us-west-2.compute.amazonaws.com</Data><Data Name='DestinationPort'>80</Data><Data Name='DestinationPortName'>http</Data></EventData></Event>
<Event xmlns='http://schemas.microsoft.com/win/2004/08/events/event'><System><Provider Name='Microsoft-Windows-Sysmon' Guid='{5770385F-C22A-43E0-BF4C-06F5698FFBD9}'/><EventID>3</EventID><Version>5</Version><Level>4</Level><Task>3</Task><Opcode>0</Opcode><Keywords>0x8000000000000000</Keywords><TimeCreated SystemTime='2022-03-15T18:15:36.569532900Z'/><EventRecordID>1718459</EventRecordID><Correlation/><Execution ProcessID='2132' ThreadID='3100'/><Channel>Microsoft-Windows-Sysmon/Operational</Channel><Computer>win-dc-mhaag-attack-range-464.attackrange.local</Computer><Security UserID='S-1-5-18'/></System><EventData><Data Name='RuleName'>-</Data><Data Name='UtcTime'>2022-03-15 18:15:33.369</Data><Data Name='ProcessGuid'>{F4C444F1-C2FE-6230-D402-000000004402}</Data><Data Name='ProcessId'>5160</Data><Data Name='Image'>C:\Windows\System32\rundll32.exe</Data><Data Name='User'>NT AUTHORITY\SYSTEM</Data><Data Name='Protocol'>tcp</Data><Data Name='Initiated'>true</Data><Data Name='SourceIsIpv6'>false</Data><Data Name='SourceIp'>10.0.1.14</Data><Data Name='SourceHostname'>win-dc-mhaag-attack-range-464.attackrange.local</Data><Data Name='SourcePort'>50056</Data><Data Name='SourcePortName'>-</Data><Data Name='DestinationIsIpv6'>false</Data><Data Name='DestinationIp'>54.188.59.68</Data><Data Name='DestinationHostname'>ec2-54-188-59-68.us-west-2.compute.amazonaws.com</Data><Data Name='DestinationPort'>80</Data><Data Name='DestinationPortName'>http</Data></EventData></Event>
<Event xmlns='http://schemas.microsoft.com/win/2004/08/events/event'><System><Provider Name='Microsoft-Windows-Sysmon' Guid='{5770385F-C22A-43E0-BF4C-06F5698FFBD9}'/><EventID>3</EventID><Version>5</Version><Level>4</Level><Task>3</Task><Opcode>0</Opcode><Keywords>0x8000000000000000</Keywords><TimeCreated SystemTime='2022-03-15T18:15:30.304951500Z'/><EventRecordID>1717982</EventRecordID><Correlation/><Execution ProcessID='2132' ThreadID='3100'/><Channel>Microsoft-Windows-Sysmon/Operational</Channel><Computer>win-dc-mhaag-attack-range-464.attackrange.local</Computer><Security UserID='S-1-5-18'/></System><EventData><Data Name='RuleName'>-</Data><Data Name='UtcTime'>2022-03-15 18:15:27.099</Data><Data Name='ProcessGuid'>{F4C444F1-C2BE-6230-CB02-000000004402}</Data><Data Name='ProcessId'>5224</Data><Data Name='Image'>C:\Windows\SysWOW64\rundll32.exe</Data><Data Name='User'>NT AUTHORITY\SYSTEM</Data><Data Name='Protocol'>tcp</Data><Data Name='Initiated'>true</Data><Data Name='SourceIsIpv6'>false</Data><Data Name='SourceIp'>10.0.1.14</Data><Data Name='SourceHostname'>win-dc-mhaag-attack-range-464.attackrange.local</Data><Data Name='SourcePort'>49842</Data><Data Name='SourcePortName'>-</Data><Data Name='DestinationIsIpv6'>false</Data><Data Name='DestinationIp'>54.188.59.68</Data><Data Name='DestinationHostname'>ec2-54-188-59-68.us-west-2.compute.amazonaws.com</Data><Data Name='DestinationPort'>80</Data><Data Name='DestinationPortName'>http</Data></EventData></Event>
<Event xmlns='http://schemas.microsoft.com/win/2004/08/events/event'><System><Provider Name='Microsoft-Windows-Sysmon' Guid='{5770385F-C22A-43E0-BF4C-06F5698FFBD9}'/><EventID>3</EventID><Version>5</Version><Level>4</Level><Task>3</Task><Opcode>0</Opcode><Keywords>0x8000000000000000</Keywords><TimeCreated SystemTime='2022-03-15T18:15:26.295170900Z'/><EventRecordID>1717675</EventRecordID><Correlation/><Execution ProcessID='2132' ThreadID='3100'/><Channel>Microsoft-Windows-Sysmon/Operational</Channel><Computer>win-dc-mhaag-attack-range-464.attackrange.local</Computer><Security UserID='S-1-5-18'/></System><EventData><Data Name='RuleName'>-</Data><Data Name='UtcTime'>2022-03-15 18:15:23.888</Data><Data Name='ProcessGuid'>{F4C444F1-C1B3-6230-9902-000000004402}</Data><Data Name='ProcessId'>1760</Data><Data Name='Image'>C:\Windows\System32\rundll32.exe</Data><Data Name='User'>ATTACKRANGE\Administrator</Data><Data Name='Protocol'>tcp</Data><Data Name='Initiated'>true</Data><Data Name='SourceIsIpv6'>false</Data><Data Name='SourceIp'>10.0.1.14</Data><Data Name='SourceHostname'>win-dc-mhaag-attack-range-464.attackrange.local</Data><Data Name='SourcePort'>49733</Data><Data Name='SourcePortName'>-</Data><Data Name='DestinationIsIpv6'>false</Data><Data Name='DestinationIp'>54.188.59.68</Data><Data Name='DestinationHostname'>ec2-54-188-59-68.us-west-2.compute.amazonaws.com</Data><Data Name='DestinationPort'>80</Data><Data Name='DestinationPortName'>http</Data></EventData></Event>
<Event xmlns='http://schemas.microsoft.com/win/2004/08/events/event'><System><Provider Name='Microsoft-Windows-Sysmon' Guid='{5770385F-C22A-43E0-BF4C-06F5698FFBD9}'/><EventID>3</EventID><Version>5</Version><Level>4</Level><Task>3</Task><Opcode>0</Opcode><Keywords>0x8000000000000000</Keywords><TimeCreated SystemTime='2022-03-15T18:15:16.023317100Z'/><EventRecordID>1717192</EventRecordID><Correlation/><Execution ProcessID='2132' ThreadID='3100'/><Channel>Microsoft-Windows-Sysmon/Operational</Channel><Computer>win-dc-mhaag-attack-range-464.attackrange.local</Computer><Security UserID='S-1-5-18'/></System><EventData><Data Name='RuleName'>-</Data><Data Name='UtcTime'>2022-03-15 18:15:13.358</Data><Data Name='ProcessGuid'>{F4C444F1-C30C-6230-D602-000000004402}</Data><Data Name='ProcessId'>896</Data><Data Name='Image'>C:\Windows\SysWOW64\rundll32.exe</Data><Data Name='User'>NT AUTHORITY\SYSTEM</Data><Data Name='Protocol'>tcp</Data><Data Name='Initiated'>true</Data><Data Name='SourceIsIpv6'>false</Data><Data Name='SourceIp'>10.0.1.14</Data><Data Name='SourceHostname'>win-dc-mhaag-attack-range-464.attackrange.local</Data><Data Name='SourcePort'>49349</Data><Data Name='SourcePortName'>-</Data><Data Name='DestinationIsIpv6'>false</Data><Data Name='DestinationIp'>54.188.59.68</Data><Data Name='DestinationHostname'>ec2-54-188-59-68.us-west-2.compute.amazonaws.com</Data><Data Name='DestinationPort'>80</Data><Data Name='DestinationPortName'>http</Data></EventData></Event>
<Event xmlns='http://schemas.microsoft.com/win/2004/08/events/event'><System><Provider Name='Microsoft-Windows-Sysmon' Guid='{5770385F-C22A-43E0-BF4C-06F5698FFBD9}'/><EventID>3</EventID><Version>5</Version><Level>4</Level><Task>3</Task><Opcode>0</Opcode><Keywords>0x8000000000000000</Keywords><TimeCreated SystemTime='2022-03-15T18:15:08.003466200Z'/><EventRecordID>1716883</EventRecordID><Correlation/><Execution ProcessID='2132' ThreadID='3100'/><Channel>Microsoft-Windows-Sysmon/Operational</Channel><Computer>win-dc-mhaag-attack-range-464.attackrange.local</Computer><Security UserID='S-1-5-18'/></System><EventData><Data Name='RuleName'>-</Data><Data Name='UtcTime'>2022-03-15 18:15:05.563</Data><Data Name='ProcessGuid'>{F4C444F1-C335-6230-DE02-000000004402}</Data><Data Name='ProcessId'>2752</Data><Data Name='Image'>C:\Windows\SysWOW64\dllhost.exe</Data><Data Name='User'>NT AUTHORITY\SYSTEM</Data><Data Name='Protocol'>tcp</Data><Data Name='Initiated'>true</Data><Data Name='SourceIsIpv6'>false</Data><Data Name='SourceIp'>10.0.1.14</Data><Data Name='SourceHostname'>win-dc-mhaag-attack-range-464.attackrange.local</Data><Data Name='SourcePort'>65464</Data><Data Name='SourcePortName'>-</Data><Data Name='DestinationIsIpv6'>false</Data><Data Name='DestinationIp'>54.188.59.68</Data><Data Name='DestinationHostname'>ec2-54-188-59-68.us-west-2.compute.amazonaws.com</Data><Data Name='DestinationPort'>80</Data><Data Name='DestinationPortName'>http</Data></EventData></Event>
<Event xmlns='http://schemas.microsoft.com/win/2004/08/events/event'><System><Provider Name='Microsoft-Windows-Sysmon' Guid='{5770385F-C22A-43E0-BF4C-06F5698FFBD9}'/><EventID>3</EventID><Version>5</Version><Level>4</Level><Task>3</Task><Opcode>0</Opcode><Keywords>0x8000000000000000</Keywords><TimeCreated SystemTime='2022-03-15T18:15:00.989215200Z'/><EventRecordID>1716572</EventRecordID><Correlation/><Execution ProcessID='2132' ThreadID='3100'/><Channel>Microsoft-Windows-Sysmon/Operational</Channel><Computer>win-dc-mhaag-attack-range-464.attackrange.local</Computer><Security UserID='S-1-5-18'/></System><EventData><Data Name='RuleName'>-</Data><Data Name='UtcTime'>2022-03-15 18:14:58.139</Data><Data Name='ProcessGuid'>{F4C444F1-C199-6230-9702-000000004402}</Data><Data Name='ProcessId'>5428</Data><Data Name='Image'>C:\Windows\System32\rundll32.exe</Data><Data Name='User'>NT AUTHORITY\SYSTEM</Data><Data Name='Protocol'>tcp</Data><Data Name='Initiated'>true</Data><Data Name='SourceIsIpv6'>false</Data><Data Name='SourceIp'>10.0.1.14</Data><Data Name='SourceHostname'>win-dc-mhaag-attack-range-464.attackrange.local</Data><Data Name='SourcePort'>65218</Data><Data Name='SourcePortName'>-</Data><Data Name='DestinationIsIpv6'>false</Data><Data Name='DestinationIp'>54.188.59.68</Data><Data Name='DestinationHostname'>ec2-54-188-59-68.us-west-2.compute.amazonaws.com</Data><Data Name='DestinationPort'>80</Data><Data Name='DestinationPortName'>http</Data></EventData></Event>
<Event xmlns='http://schemas.microsoft.com/win/2004/08/events/event'><System><Provider Name='Microsoft-Windows-Sysmon' Guid='{5770385F-C22A-43E0-BF4C-06F5698FFBD9}'/><EventID>3</EventID><Version>5</Version><Level>4</Level><Task>3</Task><Opcode>0</Opcode><Keywords>0x8000000000000000</Keywords><TimeCreated SystemTime='2022-03-15T18:14:59.986314800Z'/><EventRecordID>1716555</EventRecordID><Correlation/><Execution ProcessID='2132' ThreadID='3100'/><Channel>Microsoft-Windows-Sysmon/Operational</Channel><Computer>win-dc-mhaag-attack-range-464.attackrange.local</Computer><Security UserID='S-1-5-18'/></System><EventData><Data Name='RuleName'>-</Data><Data Name='UtcTime'>2022-03-15 18:14:57.770</Data><Data Name='ProcessGuid'>{F4C444F1-C347-6230-DF02-000000004402}</Data><Data Name='ProcessId'>2572</Data><Data Name='Image'>C:\Windows\System32\dllhost.exe</Data><Data Name='User'>ATTACKRANGE\Administrator</Data><Data Name='Protocol'>tcp</Data><Data Name='Initiated'>true</Data><Data Name='SourceIsIpv6'>false</Data><Data Name='SourceIp'>10.0.1.14</Data><Data Name='SourceHostname'>win-dc-mhaag-attack-range-464.attackrange.local</Data><Data Name='SourcePort'>65206</Data><Data Name='SourcePortName'>-</Data><Data Name='DestinationIsIpv6'>false</Data><Data Name='DestinationIp'>54.188.59.68</Data><Data Name='DestinationHostname'>ec2-54-188-59-68.us-west-2.compute.amazonaws.com</Data><Data Name='DestinationPort'>80</Data><Data Name='DestinationPortName'>http</Data></EventData></Event>
<Event xmlns='http://schemas.microsoft.com/win/2004/08/events/event'><System><Provider Name='Microsoft-Windows-Sysmon' Guid='{5770385F-C22A-43E0-BF4C-06F5698FFBD9}'/><EventID>3</EventID><Version>5</Version><Level>4</Level><Task>3</Task><Opcode>0</Opcode><Keywords>0x8000000000000000</Keywords><TimeCreated SystemTime='2022-03-15T18:14:57.981901000Z'/><EventRecordID>1716438</EventRecordID><Correlation/><Execution ProcessID='2132' ThreadID='3100'/><Channel>Microsoft-Windows-Sysmon/Operational</Channel><Computer>win-dc-mhaag-attack-range-464.attackrange.local</Computer><Security UserID='S-1-5-18'/></System><EventData><Data Name='RuleName'>-</Data><Data Name='UtcTime'>2022-03-15 18:14:55.793</Data><Data Name='ProcessGuid'>{F4C444F1-C2BE-6230-CB02-000000004402}</Data><Data Name='ProcessId'>5224</Data><Data Name='Image'>C:\Windows\SysWOW64\rundll32.exe</Data><Data Name='User'>NT AUTHORITY\SYSTEM</Data><Data Name='Protocol'>tcp</Data><Data Name='Initiated'>true</Data><Data Name='SourceIsIpv6'>false</Data><Data Name='SourceIp'>10.0.1.14</Data><Data Name='SourceHostname'>win-dc-mhaag-attack-range-464.attackrange.local</Data><Data Name='SourcePort'>65139</Data><Data Name='SourcePortName'>-</Data><Data Name='DestinationIsIpv6'>false</Data><Data Name='DestinationIp'>54.188.59.68</Data><Data Name='DestinationHostname'>ec2-54-188-59-68.us-west-2.compute.amazonaws.com</Data><Data Name='DestinationPort'>80</Data><Data Name='DestinationPortName'>http</Data></EventData></Event>
<Event xmlns='http://schemas.microsoft.com/win/2004/08/events/event'><System><Provider Name='Microsoft-Windows-Sysmon' Guid='{5770385F-C22A-43E0-BF4C-06F5698FFBD9}'/><EventID>3</EventID><Version>5</Version><Level>4</Level><Task>3</Task><Opcode>0</Opcode><Keywords>0x8000000000000000</Keywords><TimeCreated SystemTime='2022-03-15T18:14:50.966540100Z'/><EventRecordID>1716170</EventRecordID><Correlation/><Execution ProcessID='2132' ThreadID='3100'/><Channel>Microsoft-Windows-Sysmon/Operational</Channel><Computer>win-dc-mhaag-attack-range-464.attackrange.local</Computer><Security UserID='S-1-5-18'/></System><EventData><Data Name='RuleName'>-</Data><Data Name='UtcTime'>2022-03-15 18:14:48.746</Data><Data Name='ProcessGuid'>{F4C444F1-C2FE-6230-D402-000000004402}</Data><Data Name='ProcessId'>5160</Data><Data Name='Image'>C:\Windows\System32\rundll32.exe</Data><Data Name='User'>NT AUTHORITY\SYSTEM</Data><Data Name='Protocol'>tcp</Data><Data Name='Initiated'>true</Data><Data Name='SourceIsIpv6'>false</Data><Data Name='SourceIp'>10.0.1.14</Data><Data Name='SourceHostname'>win-dc-mhaag-attack-range-464.attackrange.local</Data><Data Name='SourcePort'>64905</Data><Data Name='SourcePortName'>-</Data><Data Name='DestinationIsIpv6'>false</Data><Data Name='DestinationIp'>54.188.59.68</Data><Data Name='DestinationHostname'>ec2-54-188-59-68.us-west-2.compute.amazonaws.com</Data><Data Name='DestinationPort'>80</Data><Data Name='DestinationPortName'>http</Data></EventData></Event>
<Event xmlns='http://schemas.microsoft.com/win/2004/08/events/event'><System><Provider Name='Microsoft-Windows-Sysmon' Guid='{5770385F-C22A-43E0-BF4C-06F5698FFBD9}'/><EventID>3</EventID><Version>5</Version><Level>4</Level><Task>3</Task><Opcode>0</Opcode><Keywords>0x8000000000000000</Keywords><TimeCreated SystemTime='2022-03-15T18:14:43.450261800Z'/><EventRecordID>1715884</EventRecordID><Correlation/><Execution ProcessID='2132' ThreadID='3100'/><Channel>Microsoft-Windows-Sysmon/Operational</Channel><Computer>win-dc-mhaag-attack-range-464.attackrange.local</Computer><Security UserID='S-1-5-18'/></System><EventData><Data Name='RuleName'>-</Data><Data Name='UtcTime'>2022-03-15 18:14:41.102</Data><Data Name='ProcessGuid'>{F4C444F1-C30C-6230-D602-000000004402}</Data><Data Name='ProcessId'>896</Data><Data Name='Image'>C:\Windows\SysWOW64\rundll32.exe</Data><Data Name='User'>NT AUTHORITY\SYSTEM</Data><Data Name='Protocol'>tcp</Data><Data Name='Initiated'>true</Data><Data Name='SourceIsIpv6'>false</Data><Data Name='SourceIp'>10.0.1.14</Data><Data Name='SourceHostname'>win-dc-mhaag-attack-range-464.attackrange.local</Data><Data Name='SourcePort'>64653</Data><Data Name='SourcePortName'>-</Data><Data Name='DestinationIsIpv6'>false</Data><Data Name='DestinationIp'>54.188.59.68</Data><Data Name='DestinationHostname'>ec2-54-188-59-68.us-west-2.compute.amazonaws.com</Data><Data Name='DestinationPort'>80</Data><Data Name='DestinationPortName'>http</Data></EventData></Event>
<Event xmlns='http://schemas.microsoft.com/win/2004/08/events/event'><System><Provider Name='Microsoft-Windows-Sysmon' Guid='{5770385F-C22A-43E0-BF4C-06F5698FFBD9}'/><EventID>3</EventID><Version>5</Version><Level>4</Level><Task>3</Task><Opcode>0</Opcode><Keywords>0x8000000000000000</Keywords><TimeCreated SystemTime='2022-03-15T18:14:32.429504000Z'/><EventRecordID>1715270</EventRecordID><Correlation/><Execution ProcessID='2132' ThreadID='3100'/><Channel>Microsoft-Windows-Sysmon/Operational</Channel><Computer>win-dc-mhaag-attack-range-464.attackrange.local</Computer><Security UserID='S-1-5-18'/></System><EventData><Data Name='RuleName'>-</Data><Data Name='UtcTime'>2022-03-15 18:14:29.133</Data><Data Name='ProcessGuid'>{F4C444F1-C347-6230-DF02-000000004402}</Data><Data Name='ProcessId'>2572</Data><Data Name='Image'>C:\Windows\System32\dllhost.exe</Data><Data Name='User'>ATTACKRANGE\Administrator</Data><Data Name='Protocol'>tcp</Data><Data Name='Initiated'>true</Data><Data Name='SourceIsIpv6'>false</Data><Data Name='SourceIp'>10.0.1.14</Data><Data Name='SourceHostname'>win-dc-mhaag-attack-range-464.attackrange.local</Data><Data Name='SourcePort'>64253</Data><Data Name='SourcePortName'>-</Data><Data Name='DestinationIsIpv6'>false</Data><Data Name='DestinationIp'>54.188.59.68</Data><Data Name='DestinationHostname'>ec2-54-188-59-68.us-west-2.compute.amazonaws.com</Data><Data Name='DestinationPort'>80</Data><Data Name='DestinationPortName'>http</Data></EventData></Event>
<Event xmlns='http://schemas.microsoft.com/win/2004/08/events/event'><System><Provider Name='Microsoft-Windows-Sysmon' Guid='{5770385F-C22A-43E0-BF4C-06F5698FFBD9}'/><EventID>3</EventID><Version>5</Version><Level>4</Level><Task>3</Task><Opcode>0</Opcode><Keywords>0x8000000000000000</Keywords><TimeCreated SystemTime='2022-03-15T18:14:28.174672100Z'/><EventRecordID>1714780</EventRecordID><Correlation/><Execution ProcessID='2132' ThreadID='3100'/><Channel>Microsoft-Windows-Sysmon/Operational</Channel><Computer>win-dc-mhaag-attack-range-464.attackrange.local</Computer><Security UserID='S-1-5-18'/></System><EventData><Data Name='RuleName'>-</Data><Data Name='UtcTime'>2022-03-15 18:14:25.494</Data><Data Name='ProcessGuid'>{F4C444F1-C335-6230-DE02-000000004402}</Data><Data Name='ProcessId'>2752</Data><Data Name='Image'>C:\Windows\SysWOW64\dllhost.exe</Data><Data Name='User'>NT AUTHORITY\SYSTEM</Data><Data Name='Protocol'>tcp</Data><Data Name='Initiated'>true</Data><Data Name='SourceIsIpv6'>false</Data><Data Name='SourceIp'>10.0.1.14</Data><Data Name='SourceHostname'>win-dc-mhaag-attack-range-464.attackrange.local</Data><Data Name='SourcePort'>64128</Data><Data Name='SourcePortName'>-</Data><Data Name='DestinationIsIpv6'>false</Data><Data Name='DestinationIp'>54.188.59.68</Data><Data Name='DestinationHostname'>ec2-54-188-59-68.us-west-2.compute.amazonaws.com</Data><Data Name='DestinationPort'>80</Data><Data Name='DestinationPortName'>http</Data></EventData></Event>
<Event xmlns='http://schemas.microsoft.com/win/2004/08/events/event'><System><Provider Name='Microsoft-Windows-Sysmon' Guid='{5770385F-C22A-43E0-BF4C-06F5698FFBD9}'/><EventID>3</EventID><Version>5</Version><Level>4</Level><Task>3</Task><Opcode>0</Opcode><Keywords>0x8000000000000000</Keywords><TimeCreated SystemTime='2022-03-15T18:14:26.173080000Z'/><EventRecordID>1714712</EventRecordID><Correlation/><Execution ProcessID='2132' ThreadID='3100'/><Channel>Microsoft-Windows-Sysmon/Operational</Channel><Computer>win-dc-mhaag-attack-range-464.attackrange.local</Computer><Security UserID='S-1-5-18'/></System><EventData><Data Name='RuleName'>-</Data><Data Name='UtcTime'>2022-03-15 18:14:23.884</Data><Data Name='ProcessGuid'>{F4C444F1-C1B3-6230-9902-000000004402}</Data><Data Name='ProcessId'>1760</Data><Data Name='Image'>C:\Windows\System32\rundll32.exe</Data><Data Name='User'>ATTACKRANGE\Administrator</Data><Data Name='Protocol'>tcp</Data><Data Name='Initiated'>true</Data><Data Name='SourceIsIpv6'>false</Data><Data Name='SourceIp'>10.0.1.14</Data><Data Name='SourceHostname'>win-dc-mhaag-attack-range-464.attackrange.local</Data><Data Name='SourcePort'>64071</Data><Data Name='SourcePortName'>-</Data><Data Name='DestinationIsIpv6'>false</Data><Data Name='DestinationIp'>54.188.59.68</Data><Data Name='DestinationHostname'>ec2-54-188-59-68.us-west-2.compute.amazonaws.com</Data><Data Name='DestinationPort'>80</Data><Data Name='DestinationPortName'>http</Data></EventData></Event>
<Event xmlns='http://schemas.microsoft.com/win/2004/08/events/event'><System><Provider Name='Microsoft-Windows-Sysmon' Guid='{5770385F-C22A-43E0-BF4C-06F5698FFBD9}'/><EventID>3</EventID><Version>5</Version><Level>4</Level><Task>3</Task><Opcode>0</Opcode><Keywords>0x8000000000000000</Keywords><TimeCreated SystemTime='2022-03-15T18:14:24.168656800Z'/><EventRecordID>1714637</EventRecordID><Correlation/><Execution ProcessID='2132' ThreadID='3100'/><Channel>Microsoft-Windows-Sysmon/Operational</Channel><Computer>win-dc-mhaag-attack-range-464.attackrange.local</Computer><Security UserID='S-1-5-18'/></System><EventData><Data Name='RuleName'>-</Data><Data Name='UtcTime'>2022-03-15 18:14:21.876</Data><Data Name='ProcessGuid'>{F4C444F1-C2BE-6230-CB02-000000004402}</Data><Data Name='ProcessId'>5224</Data><Data Name='Image'>C:\Windows\SysWOW64\rundll32.exe</Data><Data Name='User'>NT AUTHORITY\SYSTEM</Data><Data Name='Protocol'>tcp</Data><Data Name='Initiated'>true</Data><Data Name='SourceIsIpv6'>false</Data><Data Name='SourceIp'>10.0.1.14</Data><Data Name='SourceHostname'>win-dc-mhaag-attack-range-464.attackrange.local</Data><Data Name='SourcePort'>64005</Data><Data Name='SourcePortName'>-</Data><Data Name='DestinationIsIpv6'>false</Data><Data Name='DestinationIp'>54.188.59.68</Data><Data Name='DestinationHostname'>ec2-54-188-59-68.us-west-2.compute.amazonaws.com</Data><Data Name='DestinationPort'>80</Data><Data Name='DestinationPortName'>http</Data></EventData></Event>
