<Event xmlns='http://schemas.microsoft.com/win/2004/08/events/event'><System><Provider Name='Microsoft-Windows-Sysmon' Guid='{5770385F-C22A-43E0-BF4C-06F5698FFBD9}'/><EventID>3</EventID><Version>5</Version><Level>4</Level><Task>3</Task><Opcode>0</Opcode><Keywords>0x8000000000000000</Keywords><TimeCreated SystemTime='2022-03-15T17:38:16.642402700Z'/><EventRecordID>1606333</EventRecordID><Correlation/><Execution ProcessID='2132' ThreadID='3100'/><Channel>Microsoft-Windows-Sysmon/Operational</Channel><Computer>win-dc-mhaag-attack-range-464.attackrange.local</Computer><Security UserID='S-1-5-18'/></System><EventData><Data Name='RuleName'>-</Data><Data Name='UtcTime'>2022-03-15 17:38:13.912</Data><Data Name='ProcessGuid'>{F4C444F1-C335-6230-DE02-000000004402}</Data><Data Name='ProcessId'>2752</Data><Data Name='Image'>C:\Windows\SysWOW64\dllhost.exe</Data><Data Name='User'>NT AUTHORITY\SYSTEM</Data><Data Name='Protocol'>tcp</Data><Data Name='Initiated'>true</Data><Data Name='SourceIsIpv6'>false</Data><Data Name='SourceIp'>10.0.1.14</Data><Data Name='SourceHostname'>win-dc-mhaag-attack-range-464.attackrange.local</Data><Data Name='SourcePort'>55685</Data><Data Name='SourcePortName'>-</Data><Data Name='DestinationIsIpv6'>false</Data><Data Name='DestinationIp'>54.188.59.68</Data><Data Name='DestinationHostname'>ec2-54-188-59-68.us-west-2.compute.amazonaws.com</Data><Data Name='DestinationPort'>80</Data><Data Name='DestinationPortName'>http</Data></EventData></Event>
<Event xmlns='http://schemas.microsoft.com/win/2004/08/events/event'><System><Provider Name='Microsoft-Windows-Sysmon' Guid='{5770385F-C22A-43E0-BF4C-06F5698FFBD9}'/><EventID>3</EventID><Version>5</Version><Level>4</Level><Task>3</Task><Opcode>0</Opcode><Keywords>0x8000000000000000</Keywords><TimeCreated SystemTime='2022-03-15T17:38:10.378388200Z'/><EventRecordID>1606080</EventRecordID><Correlation/><Execution ProcessID='2132' ThreadID='3100'/><Channel>Microsoft-Windows-Sysmon/Operational</Channel><Computer>win-dc-mhaag-attack-range-464.attackrange.local</Computer><Security UserID='S-1-5-18'/></System><EventData><Data Name='RuleName'>-</Data><Data Name='UtcTime'>2022-03-15 17:38:07.333</Data><Data Name='ProcessGuid'>{F4C444F1-C2FE-6230-D402-000000004402}</Data><Data Name='ProcessId'>5160</Data><Data Name='Image'>C:\Windows\System32\rundll32.exe</Data><Data Name='User'>NT AUTHORITY\SYSTEM</Data><Data Name='Protocol'>tcp</Data><Data Name='Initiated'>true</Data><Data Name='SourceIsIpv6'>false</Data><Data Name='SourceIp'>10.0.1.14</Data><Data Name='SourceHostname'>win-dc-mhaag-attack-range-464.attackrange.local</Data><Data Name='SourcePort'>55461</Data><Data Name='SourcePortName'>-</Data><Data Name='DestinationIsIpv6'>false</Data><Data Name='DestinationIp'>54.188.59.68</Data><Data Name='DestinationHostname'>ec2-54-188-59-68.us-west-2.compute.amazonaws.com</Data><Data Name='DestinationPort'>80</Data><Data Name='DestinationPortName'>http</Data></EventData></Event>
<Event xmlns='http://schemas.microsoft.com/win/2004/08/events/event'><System><Provider Name='Microsoft-Windows-Sysmon' Guid='{5770385F-C22A-43E0-BF4C-06F5698FFBD9}'/><EventID>3</EventID><Version>5</Version><Level>4</Level><Task>3</Task><Opcode>0</Opcode><Keywords>0x8000000000000000</Keywords><TimeCreated SystemTime='2022-03-15T17:38:09.375748400Z'/><EventRecordID>1606051</EventRecordID><Correlation/><Execution ProcessID='2132' ThreadID='3100'/><Channel>Microsoft-Windows-Sysmon/Operational</Channel><Computer>win-dc-mhaag-attack-range-464.attackrange.local</Computer><Security UserID='S-1-5-18'/></System><EventData><Data Name='RuleName'>-</Data><Data Name='UtcTime'>2022-03-15 17:38:06.601</Data><Data Name='ProcessGuid'>{F4C444F1-C347-6230-DF02-000000004402}</Data><Data Name='ProcessId'>2572</Data><Data Name='Image'>C:\Windows\System32\dllhost.exe</Data><Data Name='User'>ATTACKRANGE\Administrator</Data><Data Name='Protocol'>tcp</Data><Data Name='Initiated'>true</Data><Data Name='SourceIsIpv6'>false</Data><Data Name='SourceIp'>10.0.1.14</Data><Data Name='SourceHostname'>win-dc-mhaag-attack-range-464.attackrange.local</Data><Data Name='SourcePort'>55436</Data><Data Name='SourcePortName'>-</Data><Data Name='DestinationIsIpv6'>false</Data><Data Name='DestinationIp'>54.188.59.68</Data><Data Name='DestinationHostname'>ec2-54-188-59-68.us-west-2.compute.amazonaws.com</Data><Data Name='DestinationPort'>80</Data><Data Name='DestinationPortName'>http</Data></EventData></Event>
<Event xmlns='http://schemas.microsoft.com/win/2004/08/events/event'><System><Provider Name='Microsoft-Windows-Sysmon' Guid='{5770385F-C22A-43E0-BF4C-06F5698FFBD9}'/><EventID>3</EventID><Version>5</Version><Level>4</Level><Task>3</Task><Opcode>0</Opcode><Keywords>0x8000000000000000</Keywords><TimeCreated SystemTime='2022-03-15T17:38:05.367914800Z'/><EventRecordID>1605909</EventRecordID><Correlation/><Execution ProcessID='2132' ThreadID='3100'/><Channel>Microsoft-Windows-Sysmon/Operational</Channel><Computer>win-dc-mhaag-attack-range-464.attackrange.local</Computer><Security UserID='S-1-5-18'/></System><EventData><Data Name='RuleName'>-</Data><Data Name='UtcTime'>2022-03-15 17:38:03.255</Data><Data Name='ProcessGuid'>{F4C444F1-C2BE-6230-CB02-000000004402}</Data><Data Name='ProcessId'>5224</Data><Data Name='Image'>C:\Windows\SysWOW64\rundll32.exe</Data><Data Name='User'>NT AUTHORITY\SYSTEM</Data><Data Name='Protocol'>tcp</Data><Data Name='Initiated'>true</Data><Data Name='SourceIsIpv6'>false</Data><Data Name='SourceIp'>10.0.1.14</Data><Data Name='SourceHostname'>win-dc-mhaag-attack-range-464.attackrange.local</Data><Data Name='SourcePort'>55321</Data><Data Name='SourcePortName'>-</Data><Data Name='DestinationIsIpv6'>false</Data><Data Name='DestinationIp'>54.188.59.68</Data><Data Name='DestinationHostname'>ec2-54-188-59-68.us-west-2.compute.amazonaws.com</Data><Data Name='DestinationPort'>80</Data><Data Name='DestinationPortName'>http</Data></EventData></Event>
<Event xmlns='http://schemas.microsoft.com/win/2004/08/events/event'><System><Provider Name='Microsoft-Windows-Sysmon' Guid='{5770385F-C22A-43E0-BF4C-06F5698FFBD9}'/><EventID>3</EventID><Version>5</Version><Level>4</Level><Task>3</Task><Opcode>0</Opcode><Keywords>0x8000000000000000</Keywords><TimeCreated SystemTime='2022-03-15T17:38:00.357861300Z'/><EventRecordID>1605678</EventRecordID><Correlation/><Execution ProcessID='2132' ThreadID='3100'/><Channel>Microsoft-Windows-Sysmon/Operational</Channel><Computer>win-dc-mhaag-attack-range-464.attackrange.local</Computer><Security UserID='S-1-5-18'/></System><EventData><Data Name='RuleName'>-</Data><Data Name='UtcTime'>2022-03-15 17:37:57.990</Data><Data Name='ProcessGuid'>{F4C444F1-C199-6230-9702-000000004402}</Data><Data Name='ProcessId'>5428</Data><Data Name='Image'>C:\Windows\System32\rundll32.exe</Data><Data Name='User'>NT AUTHORITY\SYSTEM</Data><Data Name='Protocol'>tcp</Data><Data Name='Initiated'>true</Data><Data Name='SourceIsIpv6'>false</Data><Data Name='SourceIp'>10.0.1.14</Data><Data Name='SourceHostname'>win-dc-mhaag-attack-range-464.attackrange.local</Data><Data Name='SourcePort'>55155</Data><Data Name='SourcePortName'>-</Data><Data Name='DestinationIsIpv6'>false</Data><Data Name='DestinationIp'>54.188.59.68</Data><Data Name='DestinationHostname'>ec2-54-188-59-68.us-west-2.compute.amazonaws.com</Data><Data Name='DestinationPort'>80</Data><Data Name='DestinationPortName'>http</Data></EventData></Event>
<Event xmlns='http://schemas.microsoft.com/win/2004/08/events/event'><System><Provider Name='Microsoft-Windows-Sysmon' Guid='{5770385F-C22A-43E0-BF4C-06F5698FFBD9}'/><EventID>3</EventID><Version>5</Version><Level>4</Level><Task>3</Task><Opcode>0</Opcode><Keywords>0x8000000000000000</Keywords><TimeCreated SystemTime='2022-03-15T17:37:43.573581200Z'/><EventRecordID>1604978</EventRecordID><Correlation/><Execution ProcessID='2132' ThreadID='3100'/><Channel>Microsoft-Windows-Sysmon/Operational</Channel><Computer>win-dc-mhaag-attack-range-464.attackrange.local</Computer><Security UserID='S-1-5-18'/></System><EventData><Data Name='RuleName'>-</Data><Data Name='UtcTime'>2022-03-15 17:37:41.134</Data><Data Name='ProcessGuid'>{F4C444F1-C30C-6230-D602-000000004402}</Data><Data Name='ProcessId'>896</Data><Data Name='Image'>C:\Windows\SysWOW64\rundll32.exe</Data><Data Name='User'>NT AUTHORITY\SYSTEM</Data><Data Name='Protocol'>tcp</Data><Data Name='Initiated'>true</Data><Data Name='SourceIsIpv6'>false</Data><Data Name='SourceIp'>10.0.1.14</Data><Data Name='SourceHostname'>win-dc-mhaag-attack-range-464.attackrange.local</Data><Data Name='SourcePort'>54593</Data><Data Name='SourcePortName'>-</Data><Data Name='DestinationIsIpv6'>false</Data><Data Name='DestinationIp'>54.188.59.68</Data><Data Name='DestinationHostname'>ec2-54-188-59-68.us-west-2.compute.amazonaws.com</Data><Data Name='DestinationPort'>80</Data><Data Name='DestinationPortName'>http</Data></EventData></Event>
<Event xmlns='http://schemas.microsoft.com/win/2004/08/events/event'><System><Provider Name='Microsoft-Windows-Sysmon' Guid='{5770385F-C22A-43E0-BF4C-06F5698FFBD9}'/><EventID>3</EventID><Version>5</Version><Level>4</Level><Task>3</Task><Opcode>0</Opcode><Keywords>0x8000000000000000</Keywords><TimeCreated SystemTime='2022-03-15T17:37:43.573430400Z'/><EventRecordID>1604959</EventRecordID><Correlation/><Execution ProcessID='2132' ThreadID='3100'/><Channel>Microsoft-Windows-Sysmon/Operational</Channel><Computer>win-dc-mhaag-attack-range-464.attackrange.local</Computer><Security UserID='S-1-5-18'/></System><EventData><Data Name='RuleName'>-</Data><Data Name='UtcTime'>2022-03-15 17:37:40.632</Data><Data Name='ProcessGuid'>{F4C444F1-C335-6230-DE02-000000004402}</Data><Data Name='ProcessId'>2752</Data><Data Name='Image'>C:\Windows\SysWOW64\dllhost.exe</Data><Data Name='User'>NT AUTHORITY\SYSTEM</Data><Data Name='Protocol'>tcp</Data><Data Name='Initiated'>true</Data><Data Name='SourceIsIpv6'>false</Data><Data Name='SourceIp'>10.0.1.14</Data><Data Name='SourceHostname'>win-dc-mhaag-attack-range-464.attackrange.local</Data><Data Name='SourcePort'>54574</Data><Data Name='SourcePortName'>-</Data><Data Name='DestinationIsIpv6'>false</Data><Data Name='DestinationIp'>54.188.59.68</Data><Data Name='DestinationHostname'>ec2-54-188-59-68.us-west-2.compute.amazonaws.com</Data><Data Name='DestinationPort'>80</Data><Data Name='DestinationPortName'>http</Data></EventData></Event>
<Event xmlns='http://schemas.microsoft.com/win/2004/08/events/event'><System><Provider Name='Microsoft-Windows-Sysmon' Guid='{5770385F-C22A-43E0-BF4C-06F5698FFBD9}'/><EventID>3</EventID><Version>5</Version><Level>4</Level><Task>3</Task><Opcode>0</Opcode><Keywords>0x8000000000000000</Keywords><TimeCreated SystemTime='2022-03-15T17:37:40.569258300Z'/><EventRecordID>1604834</EventRecordID><Correlation/><Execution ProcessID='2132' ThreadID='3100'/><Channel>Microsoft-Windows-Sysmon/Operational</Channel><Computer>win-dc-mhaag-attack-range-464.attackrange.local</Computer><Security UserID='S-1-5-18'/></System><EventData><Data Name='RuleName'>-</Data><Data Name='UtcTime'>2022-03-15 17:37:38.246</Data><Data Name='ProcessGuid'>{F4C444F1-C2FE-6230-D402-000000004402}</Data><Data Name='ProcessId'>5160</Data><Data Name='Image'>C:\Windows\System32\rundll32.exe</Data><Data Name='User'>NT AUTHORITY\SYSTEM</Data><Data Name='Protocol'>tcp</Data><Data Name='Initiated'>true</Data><Data Name='SourceIsIpv6'>false</Data><Data Name='SourceIp'>10.0.1.14</Data><Data Name='SourceHostname'>win-dc-mhaag-attack-range-464.attackrange.local</Data><Data Name='SourcePort'>54498</Data><Data Name='SourcePortName'>-</Data><Data Name='DestinationIsIpv6'>false</Data><Data Name='DestinationIp'>54.188.59.68</Data><Data Name='DestinationHostname'>ec2-54-188-59-68.us-west-2.compute.amazonaws.com</Data><Data Name='DestinationPort'>80</Data><Data Name='DestinationPortName'>http</Data></EventData></Event>
<Event xmlns='http://schemas.microsoft.com/win/2004/08/events/event'><System><Provider Name='Microsoft-Windows-Sysmon' Guid='{5770385F-C22A-43E0-BF4C-06F5698FFBD9}'/><EventID>3</EventID><Version>5</Version><Level>4</Level><Task>3</Task><Opcode>0</Opcode><Keywords>0x8000000000000000</Keywords><TimeCreated SystemTime='2022-03-15T17:37:30.549000500Z'/><EventRecordID>1604059</EventRecordID><Correlation/><Execution ProcessID='2132' ThreadID='3100'/><Channel>Microsoft-Windows-Sysmon/Operational</Channel><Computer>win-dc-mhaag-attack-range-464.attackrange.local</Computer><Security UserID='S-1-5-18'/></System><EventData><Data Name='RuleName'>-</Data><Data Name='UtcTime'>2022-03-15 17:37:27.984</Data><Data Name='ProcessGuid'>{F4C444F1-C347-6230-DF02-000000004402}</Data><Data Name='ProcessId'>2572</Data><Data Name='Image'>C:\Windows\System32\dllhost.exe</Data><Data Name='User'>ATTACKRANGE\Administrator</Data><Data Name='Protocol'>tcp</Data><Data Name='Initiated'>true</Data><Data Name='SourceIsIpv6'>false</Data><Data Name='SourceIp'>10.0.1.14</Data><Data Name='SourceHostname'>win-dc-mhaag-attack-range-464.attackrange.local</Data><Data Name='SourcePort'>54152</Data><Data Name='SourcePortName'>-</Data><Data Name='DestinationIsIpv6'>false</Data><Data Name='DestinationIp'>54.188.59.68</Data><Data Name='DestinationHostname'>ec2-54-188-59-68.us-west-2.compute.amazonaws.com</Data><Data Name='DestinationPort'>80</Data><Data Name='DestinationPortName'>http</Data></EventData></Event>
<Event xmlns='http://schemas.microsoft.com/win/2004/08/events/event'><System><Provider Name='Microsoft-Windows-Sysmon' Guid='{5770385F-C22A-43E0-BF4C-06F5698FFBD9}'/><EventID>3</EventID><Version>5</Version><Level>4</Level><Task>3</Task><Opcode>0</Opcode><Keywords>0x8000000000000000</Keywords><TimeCreated SystemTime='2022-03-15T17:37:26.541031400Z'/><EventRecordID>1603788</EventRecordID><Correlation/><Execution ProcessID='2132' ThreadID='3100'/><Channel>Microsoft-Windows-Sysmon/Operational</Channel><Computer>win-dc-mhaag-attack-range-464.attackrange.local</Computer><Security UserID='S-1-5-18'/></System><EventData><Data Name='RuleName'>-</Data><Data Name='UtcTime'>2022-03-15 17:37:23.751</Data><Data Name='ProcessGuid'>{F4C444F1-C1B3-6230-9902-000000004402}</Data><Data Name='ProcessId'>1760</Data><Data Name='Image'>C:\Windows\System32\rundll32.exe</Data><Data Name='User'>ATTACKRANGE\Administrator</Data><Data Name='Protocol'>tcp</Data><Data Name='Initiated'>true</Data><Data Name='SourceIsIpv6'>false</Data><Data Name='SourceIp'>10.0.1.14</Data><Data Name='SourceHostname'>win-dc-mhaag-attack-range-464.attackrange.local</Data><Data Name='SourcePort'>54016</Data><Data Name='SourcePortName'>-</Data><Data Name='DestinationIsIpv6'>false</Data><Data Name='DestinationIp'>54.188.59.68</Data><Data Name='DestinationHostname'>ec2-54-188-59-68.us-west-2.compute.amazonaws.com</Data><Data Name='DestinationPort'>80</Data><Data Name='DestinationPortName'>http</Data></EventData></Event>
<Event xmlns='http://schemas.microsoft.com/win/2004/08/events/event'><System><Provider Name='Microsoft-Windows-Sysmon' Guid='{5770385F-C22A-43E0-BF4C-06F5698FFBD9}'/><EventID>3</EventID><Version>5</Version><Level>4</Level><Task>3</Task><Opcode>0</Opcode><Keywords>0x8000000000000000</Keywords><TimeCreated SystemTime='2022-03-15T17:37:23.282222000Z'/><EventRecordID>1603687</EventRecordID><Correlation/><Execution ProcessID='2132' ThreadID='3100'/><Channel>Microsoft-Windows-Sysmon/Operational</Channel><Computer>win-dc-mhaag-attack-range-464.attackrange.local</Computer><Security UserID='S-1-5-18'/></System><EventData><Data Name='RuleName'>-</Data><Data Name='UtcTime'>2022-03-15 17:37:21.258</Data><Data Name='ProcessGuid'>{F4C444F1-C2BE-6230-CB02-000000004402}</Data><Data Name='ProcessId'>5224</Data><Data Name='Image'>C:\Windows\SysWOW64\rundll32.exe</Data><Data Name='User'>NT AUTHORITY\SYSTEM</Data><Data Name='Protocol'>tcp</Data><Data Name='Initiated'>true</Data><Data Name='SourceIsIpv6'>false</Data><Data Name='SourceIp'>10.0.1.14</Data><Data Name='SourceHostname'>win-dc-mhaag-attack-range-464.attackrange.local</Data><Data Name='SourcePort'>53930</Data><Data Name='SourcePortName'>-</Data><Data Name='DestinationIsIpv6'>false</Data><Data Name='DestinationIp'>54.188.59.68</Data><Data Name='DestinationHostname'>ec2-54-188-59-68.us-west-2.compute.amazonaws.com</Data><Data Name='DestinationPort'>80</Data><Data Name='DestinationPortName'>http</Data></EventData></Event>
<Event xmlns='http://schemas.microsoft.com/win/2004/08/events/event'><System><Provider Name='Microsoft-Windows-Sysmon' Guid='{5770385F-C22A-43E0-BF4C-06F5698FFBD9}'/><EventID>3</EventID><Version>5</Version><Level>4</Level><Task>3</Task><Opcode>0</Opcode><Keywords>0x8000000000000000</Keywords><TimeCreated SystemTime='2022-03-15T17:37:08.246217300Z'/><EventRecordID>1603015</EventRecordID><Correlation/><Execution ProcessID='2132' ThreadID='3100'/><Channel>Microsoft-Windows-Sysmon/Operational</Channel><Computer>win-dc-mhaag-attack-range-464.attackrange.local</Computer><Security UserID='S-1-5-18'/></System><EventData><Data Name='RuleName'>-</Data><Data Name='UtcTime'>2022-03-15 17:37:05.277</Data><Data Name='ProcessGuid'>{F4C444F1-C2FE-6230-D402-000000004402}</Data><Data Name='ProcessId'>5160</Data><Data Name='Image'>C:\Windows\System32\rundll32.exe</Data><Data Name='User'>NT AUTHORITY\SYSTEM</Data><Data Name='Protocol'>tcp</Data><Data Name='Initiated'>true</Data><Data Name='SourceIsIpv6'>false</Data><Data Name='SourceIp'>10.0.1.14</Data><Data Name='SourceHostname'>win-dc-mhaag-attack-range-464.attackrange.local</Data><Data Name='SourcePort'>53401</Data><Data Name='SourcePortName'>-</Data><Data Name='DestinationIsIpv6'>false</Data><Data Name='DestinationIp'>54.188.59.68</Data><Data Name='DestinationHostname'>ec2-54-188-59-68.us-west-2.compute.amazonaws.com</Data><Data Name='DestinationPort'>80</Data><Data Name='DestinationPortName'>http</Data></EventData></Event>
<Event xmlns='http://schemas.microsoft.com/win/2004/08/events/event'><System><Provider Name='Microsoft-Windows-Sysmon' Guid='{5770385F-C22A-43E0-BF4C-06F5698FFBD9}'/><EventID>3</EventID><Version>5</Version><Level>4</Level><Task>3</Task><Opcode>0</Opcode><Keywords>0x8000000000000000</Keywords><TimeCreated SystemTime='2022-03-15T17:37:05.232787900Z'/><EventRecordID>1602897</EventRecordID><Correlation/><Execution ProcessID='2132' ThreadID='3100'/><Channel>Microsoft-Windows-Sysmon/Operational</Channel><Computer>win-dc-mhaag-attack-range-464.attackrange.local</Computer><Security UserID='S-1-5-18'/></System><EventData><Data Name='RuleName'>-</Data><Data Name='UtcTime'>2022-03-15 17:37:02.362</Data><Data Name='ProcessGuid'>{F4C444F1-C335-6230-DE02-000000004402}</Data><Data Name='ProcessId'>2752</Data><Data Name='Image'>C:\Windows\SysWOW64\dllhost.exe</Data><Data Name='User'>NT AUTHORITY\SYSTEM</Data><Data Name='Protocol'>tcp</Data><Data Name='Initiated'>true</Data><Data Name='SourceIsIpv6'>false</Data><Data Name='SourceIp'>10.0.1.14</Data><Data Name='SourceHostname'>win-dc-mhaag-attack-range-464.attackrange.local</Data><Data Name='SourcePort'>53300</Data><Data Name='SourcePortName'>-</Data><Data Name='DestinationIsIpv6'>false</Data><Data Name='DestinationIp'>54.188.59.68</Data><Data Name='DestinationHostname'>ec2-54-188-59-68.us-west-2.compute.amazonaws.com</Data><Data Name='DestinationPort'>80</Data><Data Name='DestinationPortName'>http</Data></EventData></Event>
<Event xmlns='http://schemas.microsoft.com/win/2004/08/events/event'><System><Provider Name='Microsoft-Windows-Sysmon' Guid='{5770385F-C22A-43E0-BF4C-06F5698FFBD9}'/><EventID>3</EventID><Version>5</Version><Level>4</Level><Task>3</Task><Opcode>0</Opcode><Keywords>0x8000000000000000</Keywords><TimeCreated SystemTime='2022-03-15T17:37:00.973703200Z'/><EventRecordID>1602685</EventRecordID><Correlation/><Execution ProcessID='2132' ThreadID='3100'/><Channel>Microsoft-Windows-Sysmon/Operational</Channel><Computer>win-dc-mhaag-attack-range-464.attackrange.local</Computer><Security UserID='S-1-5-18'/></System><EventData><Data Name='RuleName'>-</Data><Data Name='UtcTime'>2022-03-15 17:36:57.987</Data><Data Name='ProcessGuid'>{F4C444F1-C199-6230-9702-000000004402}</Data><Data Name='ProcessId'>5428</Data><Data Name='Image'>C:\Windows\System32\rundll32.exe</Data><Data Name='User'>NT AUTHORITY\SYSTEM</Data><Data Name='Protocol'>tcp</Data><Data Name='Initiated'>true</Data><Data Name='SourceIsIpv6'>false</Data><Data Name='SourceIp'>10.0.1.14</Data><Data Name='SourceHostname'>win-dc-mhaag-attack-range-464.attackrange.local</Data><Data Name='SourcePort'>53149</Data><Data Name='SourcePortName'>-</Data><Data Name='DestinationIsIpv6'>false</Data><Data Name='DestinationIp'>54.188.59.68</Data><Data Name='DestinationHostname'>ec2-54-188-59-68.us-west-2.compute.amazonaws.com</Data><Data Name='DestinationPort'>80</Data><Data Name='DestinationPortName'>http</Data></EventData></Event>
<Event xmlns='http://schemas.microsoft.com/win/2004/08/events/event'><System><Provider Name='Microsoft-Windows-Sysmon' Guid='{5770385F-C22A-43E0-BF4C-06F5698FFBD9}'/><EventID>3</EventID><Version>5</Version><Level>4</Level><Task>3</Task><Opcode>0</Opcode><Keywords>0x8000000000000000</Keywords><TimeCreated SystemTime='2022-03-15T17:36:59.972763700Z'/><EventRecordID>1602652</EventRecordID><Correlation/><Execution ProcessID='2132' ThreadID='3100'/><Channel>Microsoft-Windows-Sysmon/Operational</Channel><Computer>win-dc-mhaag-attack-range-464.attackrange.local</Computer><Security UserID='S-1-5-18'/></System><EventData><Data Name='RuleName'>-</Data><Data Name='UtcTime'>2022-03-15 17:36:56.985</Data><Data Name='ProcessGuid'>{F4C444F1-C347-6230-DF02-000000004402}</Data><Data Name='ProcessId'>2572</Data><Data Name='Image'>C:\Windows\System32\dllhost.exe</Data><Data Name='User'>ATTACKRANGE\Administrator</Data><Data Name='Protocol'>tcp</Data><Data Name='Initiated'>true</Data><Data Name='SourceIsIpv6'>false</Data><Data Name='SourceIp'>10.0.1.14</Data><Data Name='SourceHostname'>win-dc-mhaag-attack-range-464.attackrange.local</Data><Data Name='SourcePort'>53118</Data><Data Name='SourcePortName'>-</Data><Data Name='DestinationIsIpv6'>false</Data><Data Name='DestinationIp'>54.188.59.68</Data><Data Name='DestinationHostname'>ec2-54-188-59-68.us-west-2.compute.amazonaws.com</Data><Data Name='DestinationPort'>80</Data><Data Name='DestinationPortName'>http</Data></EventData></Event>
<Event xmlns='http://schemas.microsoft.com/win/2004/08/events/event'><System><Provider Name='Microsoft-Windows-Sysmon' Guid='{5770385F-C22A-43E0-BF4C-06F5698FFBD9}'/><EventID>3</EventID><Version>5</Version><Level>4</Level><Task>3</Task><Opcode>0</Opcode><Keywords>0x8000000000000000</Keywords><TimeCreated SystemTime='2022-03-15T17:36:58.970988500Z'/><EventRecordID>1602602</EventRecordID><Correlation/><Execution ProcessID='2132' ThreadID='3100'/><Channel>Microsoft-Windows-Sysmon/Operational</Channel><Computer>win-dc-mhaag-attack-range-464.attackrange.local</Computer><Security UserID='S-1-5-18'/></System><EventData><Data Name='RuleName'>-</Data><Data Name='UtcTime'>2022-03-15 17:36:56.710</Data><Data Name='ProcessGuid'>{F4C444F1-C30C-6230-D602-000000004402}</Data><Data Name='ProcessId'>896</Data><Data Name='Image'>C:\Windows\SysWOW64\rundll32.exe</Data><Data Name='User'>NT AUTHORITY\SYSTEM</Data><Data Name='Protocol'>tcp</Data><Data Name='Initiated'>true</Data><Data Name='SourceIsIpv6'>false</Data><Data Name='SourceIp'>10.0.1.14</Data><Data Name='SourceHostname'>win-dc-mhaag-attack-range-464.attackrange.local</Data><Data Name='SourcePort'>53108</Data><Data Name='SourcePortName'>-</Data><Data Name='DestinationIsIpv6'>false</Data><Data Name='DestinationIp'>54.188.59.68</Data><Data Name='DestinationHostname'>ec2-54-188-59-68.us-west-2.compute.amazonaws.com</Data><Data Name='DestinationPort'>80</Data><Data Name='DestinationPortName'>http</Data></EventData></Event>
<Event xmlns='http://schemas.microsoft.com/win/2004/08/events/event'><System><Provider Name='Microsoft-Windows-Sysmon' Guid='{5770385F-C22A-43E0-BF4C-06F5698FFBD9}'/><EventID>3</EventID><Version>5</Version><Level>4</Level><Task>3</Task><Opcode>0</Opcode><Keywords>0x8000000000000000</Keywords><TimeCreated SystemTime='2022-03-15T17:36:47.697503600Z'/><EventRecordID>1602049</EventRecordID><Correlation/><Execution ProcessID='2132' ThreadID='3100'/><Channel>Microsoft-Windows-Sysmon/Operational</Channel><Computer>win-dc-mhaag-attack-range-464.attackrange.local</Computer><Security UserID='S-1-5-18'/></System><EventData><Data Name='RuleName'>-</Data><Data Name='UtcTime'>2022-03-15 17:36:44.972</Data><Data Name='ProcessGuid'>{F4C444F1-C2BE-6230-CB02-000000004402}</Data><Data Name='ProcessId'>5224</Data><Data Name='Image'>C:\Windows\SysWOW64\rundll32.exe</Data><Data Name='User'>NT AUTHORITY\SYSTEM</Data><Data Name='Protocol'>tcp</Data><Data Name='Initiated'>true</Data><Data Name='SourceIsIpv6'>false</Data><Data Name='SourceIp'>10.0.1.14</Data><Data Name='SourceHostname'>win-dc-mhaag-attack-range-464.attackrange.local</Data><Data Name='SourcePort'>59027</Data><Data Name='SourcePortName'>-</Data><Data Name='DestinationIsIpv6'>false</Data><Data Name='DestinationIp'>54.188.59.68</Data><Data Name='DestinationHostname'>ec2-54-188-59-68.us-west-2.compute.amazonaws.com</Data><Data Name='DestinationPort'>80</Data><Data Name='DestinationPortName'>http</Data></EventData></Event>
<Event xmlns='http://schemas.microsoft.com/win/2004/08/events/event'><System><Provider Name='Microsoft-Windows-Sysmon' Guid='{5770385F-C22A-43E0-BF4C-06F5698FFBD9}'/><EventID>3</EventID><Version>5</Version><Level>4</Level><Task>3</Task><Opcode>0</Opcode><Keywords>0x8000000000000000</Keywords><TimeCreated SystemTime='2022-03-15T17:36:31.406576200Z'/><EventRecordID>1601074</EventRecordID><Correlation/><Execution ProcessID='2132' ThreadID='3100'/><Channel>Microsoft-Windows-Sysmon/Operational</Channel><Computer>win-dc-mhaag-attack-range-464.attackrange.local</Computer><Security UserID='S-1-5-18'/></System><EventData><Data Name='RuleName'>-</Data><Data Name='UtcTime'>2022-03-15 17:36:28.811</Data><Data Name='ProcessGuid'>{F4C444F1-C335-6230-DE02-000000004402}</Data><Data Name='ProcessId'>2752</Data><Data Name='Image'>C:\Windows\SysWOW64\dllhost.exe</Data><Data Name='User'>NT AUTHORITY\SYSTEM</Data><Data Name='Protocol'>tcp</Data><Data Name='Initiated'>true</Data><Data Name='SourceIsIpv6'>false</Data><Data Name='SourceIp'>10.0.1.14</Data><Data Name='SourceHostname'>win-dc-mhaag-attack-range-464.attackrange.local</Data><Data Name='SourcePort'>58481</Data><Data Name='SourcePortName'>-</Data><Data Name='DestinationIsIpv6'>false</Data><Data Name='DestinationIp'>54.188.59.68</Data><Data Name='DestinationHostname'>ec2-54-188-59-68.us-west-2.compute.amazonaws.com</Data><Data Name='DestinationPort'>80</Data><Data Name='DestinationPortName'>http</Data></EventData></Event>
<Event xmlns='http://schemas.microsoft.com/win/2004/08/events/event'><System><Provider Name='Microsoft-Windows-Sysmon' Guid='{5770385F-C22A-43E0-BF4C-06F5698FFBD9}'/><EventID>3</EventID><Version>5</Version><Level>4</Level><Task>3</Task><Opcode>0</Opcode><Keywords>0x8000000000000000</Keywords><TimeCreated SystemTime='2022-03-15T17:36:28.401486900Z'/><EventRecordID>1600768</EventRecordID><Correlation/><Execution ProcessID='2132' ThreadID='3100'/><Channel>Microsoft-Windows-Sysmon/Operational</Channel><Computer>win-dc-mhaag-attack-range-464.attackrange.local</Computer><Security UserID='S-1-5-18'/></System><EventData><Data Name='RuleName'>-</Data><Data Name='UtcTime'>2022-03-15 17:36:25.218</Data><Data Name='ProcessGuid'>{F4C444F1-C347-6230-DF02-000000004402}</Data><Data Name='ProcessId'>2572</Data><Data Name='Image'>C:\Windows\System32\dllhost.exe</Data><Data Name='User'>ATTACKRANGE\Administrator</Data><Data Name='Protocol'>tcp</Data><Data Name='Initiated'>true</Data><Data Name='SourceIsIpv6'>false</Data><Data Name='SourceIp'>10.0.1.14</Data><Data Name='SourceHostname'>win-dc-mhaag-attack-range-464.attackrange.local</Data><Data Name='SourcePort'>58356</Data><Data Name='SourcePortName'>-</Data><Data Name='DestinationIsIpv6'>false</Data><Data Name='DestinationIp'>54.188.59.68</Data><Data Name='DestinationHostname'>ec2-54-188-59-68.us-west-2.compute.amazonaws.com</Data><Data Name='DestinationPort'>80</Data><Data Name='DestinationPortName'>http</Data></EventData></Event>
<Event xmlns='http://schemas.microsoft.com/win/2004/08/events/event'><System><Provider Name='Microsoft-Windows-Sysmon' Guid='{5770385F-C22A-43E0-BF4C-06F5698FFBD9}'/><EventID>3</EventID><Version>5</Version><Level>4</Level><Task>3</Task><Opcode>0</Opcode><Keywords>0x8000000000000000</Keywords><TimeCreated SystemTime='2022-03-15T17:36:26.146132100Z'/><EventRecordID>1600704</EventRecordID><Correlation/><Execution ProcessID='2132' ThreadID='3100'/><Channel>Microsoft-Windows-Sysmon/Operational</Channel><Computer>win-dc-mhaag-attack-range-464.attackrange.local</Computer><Security UserID='S-1-5-18'/></System><EventData><Data Name='RuleName'>-</Data><Data Name='UtcTime'>2022-03-15 17:36:23.748</Data><Data Name='ProcessGuid'>{F4C444F1-C1B3-6230-9902-000000004402}</Data><Data Name='ProcessId'>1760</Data><Data Name='Image'>C:\Windows\System32\rundll32.exe</Data><Data Name='User'>ATTACKRANGE\Administrator</Data><Data Name='Protocol'>tcp</Data><Data Name='Initiated'>true</Data><Data Name='SourceIsIpv6'>false</Data><Data Name='SourceIp'>10.0.1.14</Data><Data Name='SourceHostname'>win-dc-mhaag-attack-range-464.attackrange.local</Data><Data Name='SourcePort'>58305</Data><Data Name='SourcePortName'>-</Data><Data Name='DestinationIsIpv6'>false</Data><Data Name='DestinationIp'>54.188.59.68</Data><Data Name='DestinationHostname'>ec2-54-188-59-68.us-west-2.compute.amazonaws.com</Data><Data Name='DestinationPort'>80</Data><Data Name='DestinationPortName'>http</Data></EventData></Event>
<Event xmlns='http://schemas.microsoft.com/win/2004/08/events/event'><System><Provider Name='Microsoft-Windows-Sysmon' Guid='{5770385F-C22A-43E0-BF4C-06F5698FFBD9}'/><EventID>3</EventID><Version>5</Version><Level>4</Level><Task>3</Task><Opcode>0</Opcode><Keywords>0x8000000000000000</Keywords><TimeCreated SystemTime='2022-03-15T17:36:24.138730200Z'/><EventRecordID>1600601</EventRecordID><Correlation/><Execution ProcessID='2132' ThreadID='3100'/><Channel>Microsoft-Windows-Sysmon/Operational</Channel><Computer>win-dc-mhaag-attack-range-464.attackrange.local</Computer><Security UserID='S-1-5-18'/></System><EventData><Data Name='RuleName'>-</Data><Data Name='UtcTime'>2022-03-15 17:36:21.152</Data><Data Name='ProcessGuid'>{F4C444F1-C2FE-6230-D402-000000004402}</Data><Data Name='ProcessId'>5160</Data><Data Name='Image'>C:\Windows\System32\rundll32.exe</Data><Data Name='User'>NT AUTHORITY\SYSTEM</Data><Data Name='Protocol'>tcp</Data><Data Name='Initiated'>true</Data><Data Name='SourceIsIpv6'>false</Data><Data Name='SourceIp'>10.0.1.14</Data><Data Name='SourceHostname'>win-dc-mhaag-attack-range-464.attackrange.local</Data><Data Name='SourcePort'>58213</Data><Data Name='SourcePortName'>-</Data><Data Name='DestinationIsIpv6'>false</Data><Data Name='DestinationIp'>54.188.59.68</Data><Data Name='DestinationHostname'>ec2-54-188-59-68.us-west-2.compute.amazonaws.com</Data><Data Name='DestinationPort'>80</Data><Data Name='DestinationPortName'>http</Data></EventData></Event>
<Event xmlns='http://schemas.microsoft.com/win/2004/08/events/event'><System><Provider Name='Microsoft-Windows-Sysmon' Guid='{5770385F-C22A-43E0-BF4C-06F5698FFBD9}'/><EventID>3</EventID><Version>5</Version><Level>4</Level><Task>3</Task><Opcode>0</Opcode><Keywords>0x8000000000000000</Keywords><TimeCreated SystemTime='2022-03-15T17:36:20.130307800Z'/><EventRecordID>1600434</EventRecordID><Correlation/><Execution ProcessID='2132' ThreadID='3100'/><Channel>Microsoft-Windows-Sysmon/Operational</Channel><Computer>win-dc-mhaag-attack-range-464.attackrange.local</Computer><Security UserID='S-1-5-18'/></System><EventData><Data Name='RuleName'>-</Data><Data Name='UtcTime'>2022-03-15 17:36:17.632</Data><Data Name='ProcessGuid'>{F4C444F1-C30C-6230-D602-000000004402}</Data><Data Name='ProcessId'>896</Data><Data Name='Image'>C:\Windows\SysWOW64\rundll32.exe</Data><Data Name='User'>NT AUTHORITY\SYSTEM</Data><Data Name='Protocol'>tcp</Data><Data Name='Initiated'>true</Data><Data Name='SourceIsIpv6'>false</Data><Data Name='SourceIp'>10.0.1.14</Data><Data Name='SourceHostname'>win-dc-mhaag-attack-range-464.attackrange.local</Data><Data Name='SourcePort'>58097</Data><Data Name='SourcePortName'>-</Data><Data Name='DestinationIsIpv6'>false</Data><Data Name='DestinationIp'>54.188.59.68</Data><Data Name='DestinationHostname'>ec2-54-188-59-68.us-west-2.compute.amazonaws.com</Data><Data Name='DestinationPort'>80</Data><Data Name='DestinationPortName'>http</Data></EventData></Event>
<Event xmlns='http://schemas.microsoft.com/win/2004/08/events/event'><System><Provider Name='Microsoft-Windows-Sysmon' Guid='{5770385F-C22A-43E0-BF4C-06F5698FFBD9}'/><EventID>3</EventID><Version>5</Version><Level>4</Level><Task>3</Task><Opcode>0</Opcode><Keywords>0x8000000000000000</Keywords><TimeCreated SystemTime='2022-03-15T17:36:14.860298800Z'/><EventRecordID>1600189</EventRecordID><Correlation/><Execution ProcessID='2132' ThreadID='3100'/><Channel>Microsoft-Windows-Sysmon/Operational</Channel><Computer>win-dc-mhaag-attack-range-464.attackrange.local</Computer><Security UserID='S-1-5-18'/></System><EventData><Data Name='RuleName'>-</Data><Data Name='UtcTime'>2022-03-15 17:36:12.095</Data><Data Name='ProcessGuid'>{F4C444F1-C2BE-6230-CB02-000000004402}</Data><Data Name='ProcessId'>5224</Data><Data Name='Image'>C:\Windows\SysWOW64\rundll32.exe</Data><Data Name='User'>NT AUTHORITY\SYSTEM</Data><Data Name='Protocol'>tcp</Data><Data Name='Initiated'>true</Data><Data Name='SourceIsIpv6'>false</Data><Data Name='SourceIp'>10.0.1.14</Data><Data Name='SourceHostname'>win-dc-mhaag-attack-range-464.attackrange.local</Data><Data Name='SourcePort'>57913</Data><Data Name='SourcePortName'>-</Data><Data Name='DestinationIsIpv6'>false</Data><Data Name='DestinationIp'>54.188.59.68</Data><Data Name='DestinationHostname'>ec2-54-188-59-68.us-west-2.compute.amazonaws.com</Data><Data Name='DestinationPort'>80</Data><Data Name='DestinationPortName'>http</Data></EventData></Event>
<Event xmlns='http://schemas.microsoft.com/win/2004/08/events/event'><System><Provider Name='Microsoft-Windows-Sysmon' Guid='{5770385F-C22A-43E0-BF4C-06F5698FFBD9}'/><EventID>3</EventID><Version>5</Version><Level>4</Level><Task>3</Task><Opcode>0</Opcode><Keywords>0x8000000000000000</Keywords><TimeCreated SystemTime='2022-03-15T17:36:00.575184300Z'/><EventRecordID>1599574</EventRecordID><Correlation/><Execution ProcessID='2132' ThreadID='3100'/><Channel>Microsoft-Windows-Sysmon/Operational</Channel><Computer>win-dc-mhaag-attack-range-464.attackrange.local</Computer><Security UserID='S-1-5-18'/></System><EventData><Data Name='RuleName'>-</Data><Data Name='UtcTime'>2022-03-15 17:35:57.983</Data><Data Name='ProcessGuid'>{F4C444F1-C199-6230-9702-000000004402}</Data><Data Name='ProcessId'>5428</Data><Data Name='Image'>C:\Windows\System32\rundll32.exe</Data><Data Name='User'>NT AUTHORITY\SYSTEM</Data><Data Name='Protocol'>tcp</Data><Data Name='Initiated'>true</Data><Data Name='SourceIsIpv6'>false</Data><Data Name='SourceIp'>10.0.1.14</Data><Data Name='SourceHostname'>win-dc-mhaag-attack-range-464.attackrange.local</Data><Data Name='SourcePort'>57413</Data><Data Name='SourcePortName'>-</Data><Data Name='DestinationIsIpv6'>false</Data><Data Name='DestinationIp'>54.188.59.68</Data><Data Name='DestinationHostname'>ec2-54-188-59-68.us-west-2.compute.amazonaws.com</Data><Data Name='DestinationPort'>80</Data><Data Name='DestinationPortName'>http</Data></EventData></Event>
<Event xmlns='http://schemas.microsoft.com/win/2004/08/events/event'><System><Provider Name='Microsoft-Windows-Sysmon' Guid='{5770385F-C22A-43E0-BF4C-06F5698FFBD9}'/><EventID>3</EventID><Version>5</Version><Level>4</Level><Task>3</Task><Opcode>0</Opcode><Keywords>0x8000000000000000</Keywords><TimeCreated SystemTime='2022-03-15T17:35:58.569726500Z'/><EventRecordID>1599445</EventRecordID><Correlation/><Execution ProcessID='2132' ThreadID='3100'/><Channel>Microsoft-Windows-Sysmon/Operational</Channel><Computer>win-dc-mhaag-attack-range-464.attackrange.local</Computer><Security UserID='S-1-5-18'/></System><EventData><Data Name='RuleName'>-</Data><Data Name='UtcTime'>2022-03-15 17:35:55.382</Data><Data Name='ProcessGuid'>{F4C444F1-C347-6230-DF02-000000004402}</Data><Data Name='ProcessId'>2572</Data><Data Name='Image'>C:\Windows\System32\dllhost.exe</Data><Data Name='User'>ATTACKRANGE\Administrator</Data><Data Name='Protocol'>tcp</Data><Data Name='Initiated'>true</Data><Data Name='SourceIsIpv6'>false</Data><Data Name='SourceIp'>10.0.1.14</Data><Data Name='SourceHostname'>win-dc-mhaag-attack-range-464.attackrange.local</Data><Data Name='SourcePort'>57324</Data><Data Name='SourcePortName'>-</Data><Data Name='DestinationIsIpv6'>false</Data><Data Name='DestinationIp'>54.188.59.68</Data><Data Name='DestinationHostname'>ec2-54-188-59-68.us-west-2.compute.amazonaws.com</Data><Data Name='DestinationPort'>80</Data><Data Name='DestinationPortName'>http</Data></EventData></Event>
<Event xmlns='http://schemas.microsoft.com/win/2004/08/events/event'><System><Provider Name='Microsoft-Windows-Sysmon' Guid='{5770385F-C22A-43E0-BF4C-06F5698FFBD9}'/><EventID>3</EventID><Version>5</Version><Level>4</Level><Task>3</Task><Opcode>0</Opcode><Keywords>0x8000000000000000</Keywords><TimeCreated SystemTime='2022-03-15T17:35:53.309440100Z'/><EventRecordID>1599261</EventRecordID><Correlation/><Execution ProcessID='2132' ThreadID='3100'/><Channel>Microsoft-Windows-Sysmon/Operational</Channel><Computer>win-dc-mhaag-attack-range-464.attackrange.local</Computer><Security UserID='S-1-5-18'/></System><EventData><Data Name='RuleName'>-</Data><Data Name='UtcTime'>2022-03-15 17:35:50.396</Data><Data Name='ProcessGuid'>{F4C444F1-C335-6230-DE02-000000004402}</Data><Data Name='ProcessId'>2752</Data><Data Name='Image'>C:\Windows\SysWOW64\dllhost.exe</Data><Data Name='User'>NT AUTHORITY\SYSTEM</Data><Data Name='Protocol'>tcp</Data><Data Name='Initiated'>true</Data><Data Name='SourceIsIpv6'>false</Data><Data Name='SourceIp'>10.0.1.14</Data><Data Name='SourceHostname'>win-dc-mhaag-attack-range-464.attackrange.local</Data><Data Name='SourcePort'>57159</Data><Data Name='SourcePortName'>-</Data><Data Name='DestinationIsIpv6'>false</Data><Data Name='DestinationIp'>54.188.59.68</Data><Data Name='DestinationHostname'>ec2-54-188-59-68.us-west-2.compute.amazonaws.com</Data><Data Name='DestinationPort'>80</Data><Data Name='DestinationPortName'>http</Data></EventData></Event>
<Event xmlns='http://schemas.microsoft.com/win/2004/08/events/event'><System><Provider Name='Microsoft-Windows-Sysmon' Guid='{5770385F-C22A-43E0-BF4C-06F5698FFBD9}'/><EventID>3</EventID><Version>5</Version><Level>4</Level><Task>3</Task><Opcode>0</Opcode><Keywords>0x8000000000000000</Keywords><TimeCreated SystemTime='2022-03-15T17:35:39.770944200Z'/><EventRecordID>1598721</EventRecordID><Correlation/><Execution ProcessID='2132' ThreadID='3100'/><Channel>Microsoft-Windows-Sysmon/Operational</Channel><Computer>win-dc-mhaag-attack-range-464.attackrange.local</Computer><Security UserID='S-1-5-18'/></System><EventData><Data Name='RuleName'>-</Data><Data Name='UtcTime'>2022-03-15 17:35:37.522</Data><Data Name='ProcessGuid'>{F4C444F1-C2FE-6230-D402-000000004402}</Data><Data Name='ProcessId'>5160</Data><Data Name='Image'>C:\Windows\System32\rundll32.exe</Data><Data Name='User'>NT AUTHORITY\SYSTEM</Data><Data Name='Protocol'>tcp</Data><Data Name='Initiated'>true</Data><Data Name='SourceIsIpv6'>false</Data><Data Name='SourceIp'>10.0.1.14</Data><Data Name='SourceHostname'>win-dc-mhaag-attack-range-464.attackrange.local</Data><Data Name='SourcePort'>56721</Data><Data Name='SourcePortName'>-</Data><Data Name='DestinationIsIpv6'>false</Data><Data Name='DestinationIp'>54.188.59.68</Data><Data Name='DestinationHostname'>ec2-54-188-59-68.us-west-2.compute.amazonaws.com</Data><Data Name='DestinationPort'>80</Data><Data Name='DestinationPortName'>http</Data></EventData></Event>
<Event xmlns='http://schemas.microsoft.com/win/2004/08/events/event'><System><Provider Name='Microsoft-Windows-Sysmon' Guid='{5770385F-C22A-43E0-BF4C-06F5698FFBD9}'/><EventID>3</EventID><Version>5</Version><Level>4</Level><Task>3</Task><Opcode>0</Opcode><Keywords>0x8000000000000000</Keywords><TimeCreated SystemTime='2022-03-15T17:35:37.766321900Z'/><EventRecordID>1598604</EventRecordID><Correlation/><Execution ProcessID='2132' ThreadID='3100'/><Channel>Microsoft-Windows-Sysmon/Operational</Channel><Computer>win-dc-mhaag-attack-range-464.attackrange.local</Computer><Security UserID='S-1-5-18'/></System><EventData><Data Name='RuleName'>-</Data><Data Name='UtcTime'>2022-03-15 17:35:35.097</Data><Data Name='ProcessGuid'>{F4C444F1-C2BE-6230-CB02-000000004402}</Data><Data Name='ProcessId'>5224</Data><Data Name='Image'>C:\Windows\SysWOW64\rundll32.exe</Data><Data Name='User'>NT AUTHORITY\SYSTEM</Data><Data Name='Protocol'>tcp</Data><Data Name='Initiated'>true</Data><Data Name='SourceIsIpv6'>false</Data><Data Name='SourceIp'>10.0.1.14</Data><Data Name='SourceHostname'>win-dc-mhaag-attack-range-464.attackrange.local</Data><Data Name='SourcePort'>56642</Data><Data Name='SourcePortName'>-</Data><Data Name='DestinationIsIpv6'>false</Data><Data Name='DestinationIp'>54.188.59.68</Data><Data Name='DestinationHostname'>ec2-54-188-59-68.us-west-2.compute.amazonaws.com</Data><Data Name='DestinationPort'>80</Data><Data Name='DestinationPortName'>http</Data></EventData></Event>
<Event xmlns='http://schemas.microsoft.com/win/2004/08/events/event'><System><Provider Name='Microsoft-Windows-Sysmon' Guid='{5770385F-C22A-43E0-BF4C-06F5698FFBD9}'/><EventID>3</EventID><Version>5</Version><Level>4</Level><Task>3</Task><Opcode>0</Opcode><Keywords>0x8000000000000000</Keywords><TimeCreated SystemTime='2022-03-15T17:35:35.763181900Z'/><EventRecordID>1598504</EventRecordID><Correlation/><Execution ProcessID='2132' ThreadID='3100'/><Channel>Microsoft-Windows-Sysmon/Operational</Channel><Computer>win-dc-mhaag-attack-range-464.attackrange.local</Computer><Security UserID='S-1-5-18'/></System><EventData><Data Name='RuleName'>-</Data><Data Name='UtcTime'>2022-03-15 17:35:32.743</Data><Data Name='ProcessGuid'>{F4C444F1-C30C-6230-D602-000000004402}</Data><Data Name='ProcessId'>896</Data><Data Name='Image'>C:\Windows\SysWOW64\rundll32.exe</Data><Data Name='User'>NT AUTHORITY\SYSTEM</Data><Data Name='Protocol'>tcp</Data><Data Name='Initiated'>true</Data><Data Name='SourceIsIpv6'>false</Data><Data Name='SourceIp'>10.0.1.14</Data><Data Name='SourceHostname'>win-dc-mhaag-attack-range-464.attackrange.local</Data><Data Name='SourcePort'>56555</Data><Data Name='SourcePortName'>-</Data><Data Name='DestinationIsIpv6'>false</Data><Data Name='DestinationIp'>54.188.59.68</Data><Data Name='DestinationHostname'>ec2-54-188-59-68.us-west-2.compute.amazonaws.com</Data><Data Name='DestinationPort'>80</Data><Data Name='DestinationPortName'>http</Data></EventData></Event>
<Event xmlns='http://schemas.microsoft.com/win/2004/08/events/event'><System><Provider Name='Microsoft-Windows-Sysmon' Guid='{5770385F-C22A-43E0-BF4C-06F5698FFBD9}'/><EventID>3</EventID><Version>5</Version><Level>4</Level><Task>3</Task><Opcode>0</Opcode><Keywords>0x8000000000000000</Keywords><TimeCreated SystemTime='2022-03-15T17:35:26.737950800Z'/><EventRecordID>1597753</EventRecordID><Correlation/><Execution ProcessID='2132' ThreadID='3100'/><Channel>Microsoft-Windows-Sysmon/Operational</Channel><Computer>win-dc-mhaag-attack-range-464.attackrange.local</Computer><Security UserID='S-1-5-18'/></System><EventData><Data Name='RuleName'>-</Data><Data Name='UtcTime'>2022-03-15 17:35:23.745</Data><Data Name='ProcessGuid'>{F4C444F1-C1B3-6230-9902-000000004402}</Data><Data Name='ProcessId'>1760</Data><Data Name='Image'>C:\Windows\System32\rundll32.exe</Data><Data Name='User'>ATTACKRANGE\Administrator</Data><Data Name='Protocol'>tcp</Data><Data Name='Initiated'>true</Data><Data Name='SourceIsIpv6'>false</Data><Data Name='SourceIp'>10.0.1.14</Data><Data Name='SourceHostname'>win-dc-mhaag-attack-range-464.attackrange.local</Data><Data Name='SourcePort'>56254</Data><Data Name='SourcePortName'>-</Data><Data Name='DestinationIsIpv6'>false</Data><Data Name='DestinationIp'>54.188.59.68</Data><Data Name='DestinationHostname'>ec2-54-188-59-68.us-west-2.compute.amazonaws.com</Data><Data Name='DestinationPort'>80</Data><Data Name='DestinationPortName'>http</Data></EventData></Event>
<Event xmlns='http://schemas.microsoft.com/win/2004/08/events/event'><System><Provider Name='Microsoft-Windows-Sysmon' Guid='{5770385F-C22A-43E0-BF4C-06F5698FFBD9}'/><EventID>3</EventID><Version>5</Version><Level>4</Level><Task>3</Task><Opcode>0</Opcode><Keywords>0x8000000000000000</Keywords><TimeCreated SystemTime='2022-03-15T17:35:15.713516600Z'/><EventRecordID>1597258</EventRecordID><Correlation/><Execution ProcessID='2132' ThreadID='3100'/><Channel>Microsoft-Windows-Sysmon/Operational</Channel><Computer>win-dc-mhaag-attack-range-464.attackrange.local</Computer><Security UserID='S-1-5-18'/></System><EventData><Data Name='RuleName'>-</Data><Data Name='UtcTime'>2022-03-15 17:35:12.760</Data><Data Name='ProcessGuid'>{F4C444F1-C347-6230-DF02-000000004402}</Data><Data Name='ProcessId'>2572</Data><Data Name='Image'>C:\Windows\System32\dllhost.exe</Data><Data Name='User'>ATTACKRANGE\Administrator</Data><Data Name='Protocol'>tcp</Data><Data Name='Initiated'>true</Data><Data Name='SourceIsIpv6'>false</Data><Data Name='SourceIp'>10.0.1.14</Data><Data Name='SourceHostname'>win-dc-mhaag-attack-range-464.attackrange.local</Data><Data Name='SourcePort'>55882</Data><Data Name='SourcePortName'>-</Data><Data Name='DestinationIsIpv6'>false</Data><Data Name='DestinationIp'>54.188.59.68</Data><Data Name='DestinationHostname'>ec2-54-188-59-68.us-west-2.compute.amazonaws.com</Data><Data Name='DestinationPort'>80</Data><Data Name='DestinationPortName'>http</Data></EventData></Event>
<Event xmlns='http://schemas.microsoft.com/win/2004/08/events/event'><System><Provider Name='Microsoft-Windows-Sysmon' Guid='{5770385F-C22A-43E0-BF4C-06F5698FFBD9}'/><EventID>3</EventID><Version>5</Version><Level>4</Level><Task>3</Task><Opcode>0</Opcode><Keywords>0x8000000000000000</Keywords><TimeCreated SystemTime='2022-03-15T17:35:10.702229400Z'/><EventRecordID>1597070</EventRecordID><Correlation/><Execution ProcessID='2132' ThreadID='3100'/><Channel>Microsoft-Windows-Sysmon/Operational</Channel><Computer>win-dc-mhaag-attack-range-464.attackrange.local</Computer><Security UserID='S-1-5-18'/></System><EventData><Data Name='RuleName'>-</Data><Data Name='UtcTime'>2022-03-15 17:35:07.878</Data><Data Name='ProcessGuid'>{F4C444F1-C335-6230-DE02-000000004402}</Data><Data Name='ProcessId'>2752</Data><Data Name='Image'>C:\Windows\SysWOW64\dllhost.exe</Data><Data Name='User'>NT AUTHORITY\SYSTEM</Data><Data Name='Protocol'>tcp</Data><Data Name='Initiated'>true</Data><Data Name='SourceIsIpv6'>false</Data><Data Name='SourceIp'>10.0.1.14</Data><Data Name='SourceHostname'>win-dc-mhaag-attack-range-464.attackrange.local</Data><Data Name='SourcePort'>55717</Data><Data Name='SourcePortName'>-</Data><Data Name='DestinationIsIpv6'>false</Data><Data Name='DestinationIp'>54.188.59.68</Data><Data Name='DestinationHostname'>ec2-54-188-59-68.us-west-2.compute.amazonaws.com</Data><Data Name='DestinationPort'>80</Data><Data Name='DestinationPortName'>http</Data></EventData></Event>
<Event xmlns='http://schemas.microsoft.com/win/2004/08/events/event'><System><Provider Name='Microsoft-Windows-Sysmon' Guid='{5770385F-C22A-43E0-BF4C-06F5698FFBD9}'/><EventID>3</EventID><Version>5</Version><Level>4</Level><Task>3</Task><Opcode>0</Opcode><Keywords>0x8000000000000000</Keywords><TimeCreated SystemTime='2022-03-15T17:35:01.680923100Z'/><EventRecordID>1596675</EventRecordID><Correlation/><Execution ProcessID='2132' ThreadID='3100'/><Channel>Microsoft-Windows-Sysmon/Operational</Channel><Computer>win-dc-mhaag-attack-range-464.attackrange.local</Computer><Security UserID='S-1-5-18'/></System><EventData><Data Name='RuleName'>-</Data><Data Name='UtcTime'>2022-03-15 17:34:58.842</Data><Data Name='ProcessGuid'>{F4C444F1-C30C-6230-D602-000000004402}</Data><Data Name='ProcessId'>896</Data><Data Name='Image'>C:\Windows\SysWOW64\rundll32.exe</Data><Data Name='User'>NT AUTHORITY\SYSTEM</Data><Data Name='Protocol'>tcp</Data><Data Name='Initiated'>true</Data><Data Name='SourceIsIpv6'>false</Data><Data Name='SourceIp'>10.0.1.14</Data><Data Name='SourceHostname'>win-dc-mhaag-attack-range-464.attackrange.local</Data><Data Name='SourcePort'>55409</Data><Data Name='SourcePortName'>-</Data><Data Name='DestinationIsIpv6'>false</Data><Data Name='DestinationIp'>54.188.59.68</Data><Data Name='DestinationHostname'>ec2-54-188-59-68.us-west-2.compute.amazonaws.com</Data><Data Name='DestinationPort'>80</Data><Data Name='DestinationPortName'>http</Data></EventData></Event>
