<Event xmlns='http://schemas.microsoft.com/win/2004/08/events/event'><System><Provider Name='Microsoft-Windows-Sysmon' Guid='{5770385F-C22A-43E0-BF4C-06F5698FFBD9}'/><EventID>13</EventID><Version>2</Version><Level>4</Level><Task>13</Task><Opcode>0</Opcode><Keywords>0x8000000000000000</Keywords><TimeCreated SystemTime='2023-09-14T09:08:04.199088800Z'/><EventRecordID>58767</EventRecordID><Correlation/><Execution ProcessID='2444' ThreadID='2820'/><Channel>Microsoft-Windows-Sysmon/Operational</Channel><Computer>ar-win-dc.attackrange.local</Computer><Security UserID='S-1-5-18'/></System><EventData><Data Name='RuleName'>T1060,RunKey</Data><Data Name='EventType'>SetValue</Data><Data Name='UtcTime'>2023-09-14 09:08:04.193</Data><Data Name='ProcessGuid'>{8814F3F5-CD65-6502-6A02-000000000F03}</Data><Data Name='ProcessId'>3764</Data><Data Name='Image'>C:\Users\Administrator\AppData\Local\Temp\server.com</Data><Data Name='TargetObject'>HKLM\SOFTWARE\WOW6432Node\Microsoft\Windows\CurrentVersion\Run\0ff91641118b8ba71feb1aa87725fe56</Data><Data Name='Details'>"C:\Users\Administrator\AppData\Local\Temp\server.com" ..</Data><Data Name='User'>ATTACKRANGE\Administrator</Data></EventData></Event>
<Event xmlns='http://schemas.microsoft.com/win/2004/08/events/event'><System><Provider Name='Microsoft-Windows-Sysmon' Guid='{5770385F-C22A-43E0-BF4C-06F5698FFBD9}'/><EventID>13</EventID><Version>2</Version><Level>4</Level><Task>13</Task><Opcode>0</Opcode><Keywords>0x8000000000000000</Keywords><TimeCreated SystemTime='2023-09-14T09:08:04.199013800Z'/><EventRecordID>58766</EventRecordID><Correlation/><Execution ProcessID='2444' ThreadID='2820'/><Channel>Microsoft-Windows-Sysmon/Operational</Channel><Computer>ar-win-dc.attackrange.local</Computer><Security UserID='S-1-5-18'/></System><EventData><Data Name='RuleName'>T1060,RunKey</Data><Data Name='EventType'>SetValue</Data><Data Name='UtcTime'>2023-09-14 09:08:04.193</Data><Data Name='ProcessGuid'>{8814F3F5-CD65-6502-6A02-000000000F03}</Data><Data Name='ProcessId'>3764</Data><Data Name='Image'>C:\Users\Administrator\AppData\Local\Temp\server.com</Data><Data Name='TargetObject'>HKU\S-1-5-21-2571799417-433382502-1180051742-500\SOFTWARE\Microsoft\Windows\CurrentVersion\Run\0ff91641118b8ba71feb1aa87725fe56</Data><Data Name='Details'>"C:\Users\Administrator\AppData\Local\Temp\server.com" ..</Data><Data Name='User'>ATTACKRANGE\Administrator</Data></EventData></Event>
<Event xmlns='http://schemas.microsoft.com/win/2004/08/events/event'><System><Provider Name='Microsoft-Windows-Sysmon' Guid='{5770385F-C22A-43E0-BF4C-06F5698FFBD9}'/><EventID>13</EventID><Version>2</Version><Level>4</Level><Task>13</Task><Opcode>0</Opcode><Keywords>0x8000000000000000</Keywords><TimeCreated SystemTime='2023-09-14T09:08:03.177557900Z'/><EventRecordID>58764</EventRecordID><Correlation/><Execution ProcessID='2444' ThreadID='2820'/><Channel>Microsoft-Windows-Sysmon/Operational</Channel><Computer>ar-win-dc.attackrange.local</Computer><Security UserID='S-1-5-18'/></System><EventData><Data Name='RuleName'>T1060,RunKey</Data><Data Name='EventType'>SetValue</Data><Data Name='UtcTime'>2023-09-14 09:08:03.176</Data><Data Name='ProcessGuid'>{8814F3F5-CD65-6502-6A02-000000000F03}</Data><Data Name='ProcessId'>3764</Data><Data Name='Image'>C:\Users\Administrator\AppData\Local\Temp\server.com</Data><Data Name='TargetObject'>HKLM\SOFTWARE\WOW6432Node\Microsoft\Windows\CurrentVersion\Run\0ff91641118b8ba71feb1aa87725fe56</Data><Data Name='Details'>"C:\Users\Administrator\AppData\Local\Temp\server.com" ..</Data><Data Name='User'>ATTACKRANGE\Administrator</Data></EventData></Event>
<Event xmlns='http://schemas.microsoft.com/win/2004/08/events/event'><System><Provider Name='Microsoft-Windows-Sysmon' Guid='{5770385F-C22A-43E0-BF4C-06F5698FFBD9}'/><EventID>13</EventID><Version>2</Version><Level>4</Level><Task>13</Task><Opcode>0</Opcode><Keywords>0x8000000000000000</Keywords><TimeCreated SystemTime='2023-09-14T09:08:03.177484200Z'/><EventRecordID>58763</EventRecordID><Correlation/><Execution ProcessID='2444' ThreadID='2820'/><Channel>Microsoft-Windows-Sysmon/Operational</Channel><Computer>ar-win-dc.attackrange.local</Computer><Security UserID='S-1-5-18'/></System><EventData><Data Name='RuleName'>T1060,RunKey</Data><Data Name='EventType'>SetValue</Data><Data Name='UtcTime'>2023-09-14 09:08:03.176</Data><Data Name='ProcessGuid'>{8814F3F5-CD65-6502-6A02-000000000F03}</Data><Data Name='ProcessId'>3764</Data><Data Name='Image'>C:\Users\Administrator\AppData\Local\Temp\server.com</Data><Data Name='TargetObject'>HKU\S-1-5-21-2571799417-433382502-1180051742-500\SOFTWARE\Microsoft\Windows\CurrentVersion\Run\0ff91641118b8ba71feb1aa87725fe56</Data><Data Name='Details'>"C:\Users\Administrator\AppData\Local\Temp\server.com" ..</Data><Data Name='User'>ATTACKRANGE\Administrator</Data></EventData></Event>
<Event xmlns='http://schemas.microsoft.com/win/2004/08/events/event'><System><Provider Name='Microsoft-Windows-Sysmon' Guid='{5770385F-C22A-43E0-BF4C-06F5698FFBD9}'/><EventID>13</EventID><Version>2</Version><Level>4</Level><Task>13</Task><Opcode>0</Opcode><Keywords>0x8000000000000000</Keywords><TimeCreated SystemTime='2023-09-14T09:08:02.161803700Z'/><EventRecordID>58762</EventRecordID><Correlation/><Execution ProcessID='2444' ThreadID='2820'/><Channel>Microsoft-Windows-Sysmon/Operational</Channel><Computer>ar-win-dc.attackrange.local</Computer><Security UserID='S-1-5-18'/></System><EventData><Data Name='RuleName'>T1060,RunKey</Data><Data Name='EventType'>SetValue</Data><Data Name='UtcTime'>2023-09-14 09:08:02.161</Data><Data Name='ProcessGuid'>{8814F3F5-CD65-6502-6A02-000000000F03}</Data><Data Name='ProcessId'>3764</Data><Data Name='Image'>C:\Users\Administrator\AppData\Local\Temp\server.com</Data><Data Name='TargetObject'>HKLM\SOFTWARE\WOW6432Node\Microsoft\Windows\CurrentVersion\Run\0ff91641118b8ba71feb1aa87725fe56</Data><Data Name='Details'>"C:\Users\Administrator\AppData\Local\Temp\server.com" ..</Data><Data Name='User'>ATTACKRANGE\Administrator</Data></EventData></Event>
<Event xmlns='http://schemas.microsoft.com/win/2004/08/events/event'><System><Provider Name='Microsoft-Windows-Sysmon' Guid='{5770385F-C22A-43E0-BF4C-06F5698FFBD9}'/><EventID>13</EventID><Version>2</Version><Level>4</Level><Task>13</Task><Opcode>0</Opcode><Keywords>0x8000000000000000</Keywords><TimeCreated SystemTime='2023-09-14T09:08:02.161744300Z'/><EventRecordID>58761</EventRecordID><Correlation/><Execution ProcessID='2444' ThreadID='2820'/><Channel>Microsoft-Windows-Sysmon/Operational</Channel><Computer>ar-win-dc.attackrange.local</Computer><Security UserID='S-1-5-18'/></System><EventData><Data Name='RuleName'>T1060,RunKey</Data><Data Name='EventType'>SetValue</Data><Data Name='UtcTime'>2023-09-14 09:08:02.161</Data><Data Name='ProcessGuid'>{8814F3F5-CD65-6502-6A02-000000000F03}</Data><Data Name='ProcessId'>3764</Data><Data Name='Image'>C:\Users\Administrator\AppData\Local\Temp\server.com</Data><Data Name='TargetObject'>HKU\S-1-5-21-2571799417-433382502-1180051742-500\SOFTWARE\Microsoft\Windows\CurrentVersion\Run\0ff91641118b8ba71feb1aa87725fe56</Data><Data Name='Details'>"C:\Users\Administrator\AppData\Local\Temp\server.com" ..</Data><Data Name='User'>ATTACKRANGE\Administrator</Data></EventData></Event>
<Event xmlns='http://schemas.microsoft.com/win/2004/08/events/event'><System><Provider Name='Microsoft-Windows-Sysmon' Guid='{5770385F-C22A-43E0-BF4C-06F5698FFBD9}'/><EventID>13</EventID><Version>2</Version><Level>4</Level><Task>13</Task><Opcode>0</Opcode><Keywords>0x8000000000000000</Keywords><TimeCreated SystemTime='2023-09-14T09:08:01.146811600Z'/><EventRecordID>58759</EventRecordID><Correlation/><Execution ProcessID='2444' ThreadID='2820'/><Channel>Microsoft-Windows-Sysmon/Operational</Channel><Computer>ar-win-dc.attackrange.local</Computer><Security UserID='S-1-5-18'/></System><EventData><Data Name='RuleName'>T1060,RunKey</Data><Data Name='EventType'>SetValue</Data><Data Name='UtcTime'>2023-09-14 09:08:01.145</Data><Data Name='ProcessGuid'>{8814F3F5-CD65-6502-6A02-000000000F03}</Data><Data Name='ProcessId'>3764</Data><Data Name='Image'>C:\Users\Administrator\AppData\Local\Temp\server.com</Data><Data Name='TargetObject'>HKLM\SOFTWARE\WOW6432Node\Microsoft\Windows\CurrentVersion\Run\0ff91641118b8ba71feb1aa87725fe56</Data><Data Name='Details'>"C:\Users\Administrator\AppData\Local\Temp\server.com" ..</Data><Data Name='User'>ATTACKRANGE\Administrator</Data></EventData></Event>
<Event xmlns='http://schemas.microsoft.com/win/2004/08/events/event'><System><Provider Name='Microsoft-Windows-Sysmon' Guid='{5770385F-C22A-43E0-BF4C-06F5698FFBD9}'/><EventID>13</EventID><Version>2</Version><Level>4</Level><Task>13</Task><Opcode>0</Opcode><Keywords>0x8000000000000000</Keywords><TimeCreated SystemTime='2023-09-14T09:08:01.146736200Z'/><EventRecordID>58758</EventRecordID><Correlation/><Execution ProcessID='2444' ThreadID='2820'/><Channel>Microsoft-Windows-Sysmon/Operational</Channel><Computer>ar-win-dc.attackrange.local</Computer><Security UserID='S-1-5-18'/></System><EventData><Data Name='RuleName'>T1060,RunKey</Data><Data Name='EventType'>SetValue</Data><Data Name='UtcTime'>2023-09-14 09:08:01.145</Data><Data Name='ProcessGuid'>{8814F3F5-CD65-6502-6A02-000000000F03}</Data><Data Name='ProcessId'>3764</Data><Data Name='Image'>C:\Users\Administrator\AppData\Local\Temp\server.com</Data><Data Name='TargetObject'>HKU\S-1-5-21-2571799417-433382502-1180051742-500\SOFTWARE\Microsoft\Windows\CurrentVersion\Run\0ff91641118b8ba71feb1aa87725fe56</Data><Data Name='Details'>"C:\Users\Administrator\AppData\Local\Temp\server.com" ..</Data><Data Name='User'>ATTACKRANGE\Administrator</Data></EventData></Event>
<Event xmlns='http://schemas.microsoft.com/win/2004/08/events/event'><System><Provider Name='Microsoft-Windows-Sysmon' Guid='{5770385F-C22A-43E0-BF4C-06F5698FFBD9}'/><EventID>13</EventID><Version>2</Version><Level>4</Level><Task>13</Task><Opcode>0</Opcode><Keywords>0x8000000000000000</Keywords><TimeCreated SystemTime='2023-09-14T09:08:00.144601800Z'/><EventRecordID>58749</EventRecordID><Correlation/><Execution ProcessID='2444' ThreadID='2820'/><Channel>Microsoft-Windows-Sysmon/Operational</Channel><Computer>ar-win-dc.attackrange.local</Computer><Security UserID='S-1-5-18'/></System><EventData><Data Name='RuleName'>T1060,RunKey</Data><Data Name='EventType'>SetValue</Data><Data Name='UtcTime'>2023-09-14 09:08:00.130</Data><Data Name='ProcessGuid'>{8814F3F5-CD65-6502-6A02-000000000F03}</Data><Data Name='ProcessId'>3764</Data><Data Name='Image'>C:\Users\Administrator\AppData\Local\Temp\server.com</Data><Data Name='TargetObject'>HKLM\SOFTWARE\WOW6432Node\Microsoft\Windows\CurrentVersion\Run\0ff91641118b8ba71feb1aa87725fe56</Data><Data Name='Details'>"C:\Users\Administrator\AppData\Local\Temp\server.com" ..</Data><Data Name='User'>ATTACKRANGE\Administrator</Data></EventData></Event>
<Event xmlns='http://schemas.microsoft.com/win/2004/08/events/event'><System><Provider Name='Microsoft-Windows-Sysmon' Guid='{5770385F-C22A-43E0-BF4C-06F5698FFBD9}'/><EventID>13</EventID><Version>2</Version><Level>4</Level><Task>13</Task><Opcode>0</Opcode><Keywords>0x8000000000000000</Keywords><TimeCreated SystemTime='2023-09-14T09:08:00.144549400Z'/><EventRecordID>58748</EventRecordID><Correlation/><Execution ProcessID='2444' ThreadID='2820'/><Channel>Microsoft-Windows-Sysmon/Operational</Channel><Computer>ar-win-dc.attackrange.local</Computer><Security UserID='S-1-5-18'/></System><EventData><Data Name='RuleName'>T1060,RunKey</Data><Data Name='EventType'>SetValue</Data><Data Name='UtcTime'>2023-09-14 09:08:00.130</Data><Data Name='ProcessGuid'>{8814F3F5-CD65-6502-6A02-000000000F03}</Data><Data Name='ProcessId'>3764</Data><Data Name='Image'>C:\Users\Administrator\AppData\Local\Temp\server.com</Data><Data Name='TargetObject'>HKU\S-1-5-21-2571799417-433382502-1180051742-500\SOFTWARE\Microsoft\Windows\CurrentVersion\Run\0ff91641118b8ba71feb1aa87725fe56</Data><Data Name='Details'>"C:\Users\Administrator\AppData\Local\Temp\server.com" ..</Data><Data Name='User'>ATTACKRANGE\Administrator</Data></EventData></Event>
<Event xmlns='http://schemas.microsoft.com/win/2004/08/events/event'><System><Provider Name='Microsoft-Windows-Sysmon' Guid='{5770385F-C22A-43E0-BF4C-06F5698FFBD9}'/><EventID>13</EventID><Version>2</Version><Level>4</Level><Task>13</Task><Opcode>0</Opcode><Keywords>0x8000000000000000</Keywords><TimeCreated SystemTime='2023-09-14T09:07:58.761398100Z'/><EventRecordID>58740</EventRecordID><Correlation/><Execution ProcessID='2444' ThreadID='2820'/><Channel>Microsoft-Windows-Sysmon/Operational</Channel><Computer>ar-win-dc.attackrange.local</Computer><Security UserID='S-1-5-18'/></System><EventData><Data Name='RuleName'>T1060,RunKey</Data><Data Name='EventType'>SetValue</Data><Data Name='UtcTime'>2023-09-14 09:07:58.755</Data><Data Name='ProcessGuid'>{8814F3F5-CD65-6502-6A02-000000000F03}</Data><Data Name='ProcessId'>3764</Data><Data Name='Image'>C:\Users\Administrator\AppData\Local\Temp\server.com</Data><Data Name='TargetObject'>HKLM\SOFTWARE\WOW6432Node\Microsoft\Windows\CurrentVersion\Run\0ff91641118b8ba71feb1aa87725fe56</Data><Data Name='Details'>"C:\Users\Administrator\AppData\Local\Temp\server.com" ..</Data><Data Name='User'>ATTACKRANGE\Administrator</Data></EventData></Event>
<Event xmlns='http://schemas.microsoft.com/win/2004/08/events/event'><System><Provider Name='Microsoft-Windows-Sysmon' Guid='{5770385F-C22A-43E0-BF4C-06F5698FFBD9}'/><EventID>13</EventID><Version>2</Version><Level>4</Level><Task>13</Task><Opcode>0</Opcode><Keywords>0x8000000000000000</Keywords><TimeCreated SystemTime='2023-09-14T09:07:58.761293200Z'/><EventRecordID>58739</EventRecordID><Correlation/><Execution ProcessID='2444' ThreadID='2820'/><Channel>Microsoft-Windows-Sysmon/Operational</Channel><Computer>ar-win-dc.attackrange.local</Computer><Security UserID='S-1-5-18'/></System><EventData><Data Name='RuleName'>T1060,RunKey</Data><Data Name='EventType'>SetValue</Data><Data Name='UtcTime'>2023-09-14 09:07:58.755</Data><Data Name='ProcessGuid'>{8814F3F5-CD65-6502-6A02-000000000F03}</Data><Data Name='ProcessId'>3764</Data><Data Name='Image'>C:\Users\Administrator\AppData\Local\Temp\server.com</Data><Data Name='TargetObject'>HKU\S-1-5-21-2571799417-433382502-1180051742-500\SOFTWARE\Microsoft\Windows\CurrentVersion\Run\0ff91641118b8ba71feb1aa87725fe56</Data><Data Name='Details'>"C:\Users\Administrator\AppData\Local\Temp\server.com" ..</Data><Data Name='User'>ATTACKRANGE\Administrator</Data></EventData></Event>
