<Event><System><Provider Name="Linux-Sysmon" Guid="{ff032593-a8d3-4f13-b0d6-01fc615a0f97}"/><EventID>5</EventID><Version>3</Version><Level>4</Level><Task>5</Task><Opcode>0</Opcode><Keywords>0x8000000000000000</Keywords><TimeCreated SystemTime="2022-02-11T20:19:51.075838000Z"/><EventRecordID>3248030</EventRecordID><Correlation/><Execution ProcessID="4565" ThreadID="4565"/><Channel>Linux-Sysmon/Operational</Channel><Computer>sysmonlinux-bpatel-44382-8629</Computer><Security UserId="0"/></System><EventData><Data Name="RuleName">-</Data><Data Name="UtcTime">2022-02-11 20:19:51.076</Data><Data Name="ProcessGuid">{ec27465a-c4e7-6206-6804-e6a648560000}</Data><Data Name="ProcessId">20208</Data><Data Name="Image">/bin/ps</Data><Data Name="User">root</Data></EventData></Event>
<Event><System><Provider Name="Linux-Sysmon" Guid="{ff032593-a8d3-4f13-b0d6-01fc615a0f97}"/><EventID>1</EventID><Version>5</Version><Level>4</Level><Task>1</Task><Opcode>0</Opcode><Keywords>0x8000000000000000</Keywords><TimeCreated SystemTime="2022-02-11T20:19:51.066207000Z"/><EventRecordID>3248016</EventRecordID><Correlation/><Execution ProcessID="4565" ThreadID="4565"/><Channel>Linux-Sysmon/Operational</Channel><Computer>sysmonlinux-bpatel-44382-8629</Computer><Security UserId="0"/></System><EventData><Data Name="RuleName">-</Data><Data Name="UtcTime">2022-02-11 20:19:51.066</Data><Data Name="ProcessGuid">{ec27465a-c4e7-6206-6804-e6a648560000}</Data><Data Name="ProcessId">20208</Data><Data Name="Image">/bin/ps</Data><Data Name="FileVersion">-</Data><Data Name="Description">-</Data><Data Name="Product">-</Data><Data Name="Company">-</Data><Data Name="OriginalFileName">-</Data><Data Name="CommandLine">ps -e -o pid,ppid,state,command</Data><Data Name="CurrentDirectory">/var/snap/amazon-ssm-agent/4046</Data><Data Name="User">root</Data><Data Name="LogonGuid">{ec27465a-0000-0000-0000-000000000000}</Data><Data Name="LogonId">0</Data><Data Name="TerminalSessionId">4294967295</Data><Data Name="IntegrityLevel">no level</Data><Data Name="Hashes">-</Data><Data Name="ParentProcessGuid">{00000000-0000-0000-0000-000000000000}</Data><Data Name="ParentProcessId">2376</Data><Data Name="ParentImage">-</Data><Data Name="ParentCommandLine">-</Data><Data Name="ParentUser">-</Data></EventData></Event>
<Event><System><Provider Name="Linux-Sysmon" Guid="{ff032593-a8d3-4f13-b0d6-01fc615a0f97}"/><EventID>5</EventID><Version>3</Version><Level>4</Level><Task>5</Task><Opcode>0</Opcode><Keywords>0x8000000000000000</Keywords><TimeCreated SystemTime="2022-02-11T20:18:50.065069000Z"/><EventRecordID>3247175</EventRecordID><Correlation/><Execution ProcessID="4565" ThreadID="4565"/><Channel>Linux-Sysmon/Operational</Channel><Computer>sysmonlinux-bpatel-44382-8629</Computer><Security UserId="0"/></System><EventData><Data Name="RuleName">-</Data><Data Name="UtcTime">2022-02-11 20:18:50.065</Data><Data Name="ProcessGuid">{ec27465a-c4aa-6206-68f4-7c60f7550000}</Data><Data Name="ProcessId">20207</Data><Data Name="Image">/bin/ps</Data><Data Name="User">root</Data></EventData></Event>
<Event><System><Provider Name="Linux-Sysmon" Guid="{ff032593-a8d3-4f13-b0d6-01fc615a0f97}"/><EventID>1</EventID><Version>5</Version><Level>4</Level><Task>1</Task><Opcode>0</Opcode><Keywords>0x8000000000000000</Keywords><TimeCreated SystemTime="2022-02-11T20:18:50.054039000Z"/><EventRecordID>3247174</EventRecordID><Correlation/><Execution ProcessID="4565" ThreadID="4565"/><Channel>Linux-Sysmon/Operational</Channel><Computer>sysmonlinux-bpatel-44382-8629</Computer><Security UserId="0"/></System><EventData><Data Name="RuleName">-</Data><Data Name="UtcTime">2022-02-11 20:18:50.054</Data><Data Name="ProcessGuid">{ec27465a-c4aa-6206-68f4-7c60f7550000}</Data><Data Name="ProcessId">20207</Data><Data Name="Image">/bin/ps</Data><Data Name="FileVersion">-</Data><Data Name="Description">-</Data><Data Name="Product">-</Data><Data Name="Company">-</Data><Data Name="OriginalFileName">-</Data><Data Name="CommandLine">ps -e -o pid,ppid,state,command</Data><Data Name="CurrentDirectory">/var/snap/amazon-ssm-agent/4046</Data><Data Name="User">root</Data><Data Name="LogonGuid">{ec27465a-0000-0000-0000-000000000000}</Data><Data Name="LogonId">0</Data><Data Name="TerminalSessionId">4294967295</Data><Data Name="IntegrityLevel">no level</Data><Data Name="Hashes">-</Data><Data Name="ParentProcessGuid">{00000000-0000-0000-0000-000000000000}</Data><Data Name="ParentProcessId">2376</Data><Data Name="ParentImage">-</Data><Data Name="ParentCommandLine">-</Data><Data Name="ParentUser">-</Data></EventData></Event>
<Event><System><Provider Name="Linux-Sysmon" Guid="{ff032593-a8d3-4f13-b0d6-01fc615a0f97}"/><EventID>5</EventID><Version>3</Version><Level>4</Level><Task>5</Task><Opcode>0</Opcode><Keywords>0x8000000000000000</Keywords><TimeCreated SystemTime="2022-02-11T20:17:49.052970000Z"/><EventRecordID>3245156</EventRecordID><Correlation/><Execution ProcessID="4565" ThreadID="4565"/><Channel>Linux-Sysmon/Operational</Channel><Computer>sysmonlinux-bpatel-44382-8629</Computer><Security UserId="0"/></System><EventData><Data Name="RuleName">-</Data><Data Name="UtcTime">2022-02-11 20:17:49.053</Data><Data Name="ProcessGuid">{ec27465a-c46d-6206-6804-b55305560000}</Data><Data Name="ProcessId">20206</Data><Data Name="Image">/bin/ps</Data><Data Name="User">root</Data></EventData></Event>
<Event><System><Provider Name="Linux-Sysmon" Guid="{ff032593-a8d3-4f13-b0d6-01fc615a0f97}"/><EventID>1</EventID><Version>5</Version><Level>4</Level><Task>1</Task><Opcode>0</Opcode><Keywords>0x8000000000000000</Keywords><TimeCreated SystemTime="2022-02-11T20:17:49.041648000Z"/><EventRecordID>3245155</EventRecordID><Correlation/><Execution ProcessID="4565" ThreadID="4565"/><Channel>Linux-Sysmon/Operational</Channel><Computer>sysmonlinux-bpatel-44382-8629</Computer><Security UserId="0"/></System><EventData><Data Name="RuleName">-</Data><Data Name="UtcTime">2022-02-11 20:17:49.041</Data><Data Name="ProcessGuid">{ec27465a-c46d-6206-6804-b55305560000}</Data><Data Name="ProcessId">20206</Data><Data Name="Image">/bin/ps</Data><Data Name="FileVersion">-</Data><Data Name="Description">-</Data><Data Name="Product">-</Data><Data Name="Company">-</Data><Data Name="OriginalFileName">-</Data><Data Name="CommandLine">ps -e -o pid,ppid,state,command</Data><Data Name="CurrentDirectory">/var/snap/amazon-ssm-agent/4046</Data><Data Name="User">root</Data><Data Name="LogonGuid">{ec27465a-0000-0000-0000-000000000000}</Data><Data Name="LogonId">0</Data><Data Name="TerminalSessionId">4294967295</Data><Data Name="IntegrityLevel">no level</Data><Data Name="Hashes">-</Data><Data Name="ParentProcessGuid">{00000000-0000-0000-0000-000000000000}</Data><Data Name="ParentProcessId">2376</Data><Data Name="ParentImage">-</Data><Data Name="ParentCommandLine">-</Data><Data Name="ParentUser">-</Data></EventData></Event>
<Event><System><Provider Name="Linux-Sysmon" Guid="{ff032593-a8d3-4f13-b0d6-01fc615a0f97}"/><EventID>5</EventID><Version>3</Version><Level>4</Level><Task>5</Task><Opcode>0</Opcode><Keywords>0x8000000000000000</Keywords><TimeCreated SystemTime="2022-02-11T20:16:48.040511000Z"/><EventRecordID>3243759</EventRecordID><Correlation/><Execution ProcessID="4565" ThreadID="4565"/><Channel>Linux-Sysmon/Operational</Channel><Computer>sysmonlinux-bpatel-44382-8629</Computer><Security UserId="0"/></System><EventData><Data Name="RuleName">-</Data><Data Name="UtcTime">2022-02-11 20:16:48.041</Data><Data Name="ProcessGuid">{ec27465a-c430-6206-6824-d5a8d0550000}</Data><Data Name="ProcessId">20200</Data><Data Name="Image">/bin/ps</Data><Data Name="User">root</Data></EventData></Event>
<Event><System><Provider Name="Linux-Sysmon" Guid="{ff032593-a8d3-4f13-b0d6-01fc615a0f97}"/><EventID>1</EventID><Version>5</Version><Level>4</Level><Task>1</Task><Opcode>0</Opcode><Keywords>0x8000000000000000</Keywords><TimeCreated SystemTime="2022-02-11T20:16:48.028325000Z"/><EventRecordID>3243758</EventRecordID><Correlation/><Execution ProcessID="4565" ThreadID="4565"/><Channel>Linux-Sysmon/Operational</Channel><Computer>sysmonlinux-bpatel-44382-8629</Computer><Security UserId="0"/></System><EventData><Data Name="RuleName">-</Data><Data Name="UtcTime">2022-02-11 20:16:48.028</Data><Data Name="ProcessGuid">{ec27465a-c430-6206-6824-d5a8d0550000}</Data><Data Name="ProcessId">20200</Data><Data Name="Image">/bin/ps</Data><Data Name="FileVersion">-</Data><Data Name="Description">-</Data><Data Name="Product">-</Data><Data Name="Company">-</Data><Data Name="OriginalFileName">-</Data><Data Name="CommandLine">ps -e -o pid,ppid,state,command</Data><Data Name="CurrentDirectory">/var/snap/amazon-ssm-agent/4046</Data><Data Name="User">root</Data><Data Name="LogonGuid">{ec27465a-0000-0000-0000-000000000000}</Data><Data Name="LogonId">0</Data><Data Name="TerminalSessionId">4294967295</Data><Data Name="IntegrityLevel">no level</Data><Data Name="Hashes">-</Data><Data Name="ParentProcessGuid">{00000000-0000-0000-0000-000000000000}</Data><Data Name="ParentProcessId">2376</Data><Data Name="ParentImage">-</Data><Data Name="ParentCommandLine">-</Data><Data Name="ParentUser">-</Data></EventData></Event>
<Event><System><Provider Name="Linux-Sysmon" Guid="{ff032593-a8d3-4f13-b0d6-01fc615a0f97}"/><EventID>5</EventID><Version>3</Version><Level>4</Level><Task>5</Task><Opcode>0</Opcode><Keywords>0x8000000000000000</Keywords><TimeCreated SystemTime="2022-02-11T20:15:47.027063000Z"/><EventRecordID>3241991</EventRecordID><Correlation/><Execution ProcessID="4565" ThreadID="4565"/><Channel>Linux-Sysmon/Operational</Channel><Computer>sysmonlinux-bpatel-44382-8629</Computer><Security UserId="0"/></System><EventData><Data Name="RuleName">-</Data><Data Name="UtcTime">2022-02-11 20:15:47.027</Data><Data Name="ProcessGuid">{ec27465a-c3f3-6206-68e4-738770550000}</Data><Data Name="ProcessId">20199</Data><Data Name="Image">/bin/ps</Data><Data Name="User">root</Data></EventData></Event>
<Event><System><Provider Name="Linux-Sysmon" Guid="{ff032593-a8d3-4f13-b0d6-01fc615a0f97}"/><EventID>1</EventID><Version>5</Version><Level>4</Level><Task>1</Task><Opcode>0</Opcode><Keywords>0x8000000000000000</Keywords><TimeCreated SystemTime="2022-02-11T20:15:47.008964000Z"/><EventRecordID>3241976</EventRecordID><Correlation/><Execution ProcessID="4565" ThreadID="4565"/><Channel>Linux-Sysmon/Operational</Channel><Computer>sysmonlinux-bpatel-44382-8629</Computer><Security UserId="0"/></System><EventData><Data Name="RuleName">-</Data><Data Name="UtcTime">2022-02-11 20:15:47.009</Data><Data Name="ProcessGuid">{ec27465a-c3f3-6206-68e4-738770550000}</Data><Data Name="ProcessId">20199</Data><Data Name="Image">/bin/ps</Data><Data Name="FileVersion">-</Data><Data Name="Description">-</Data><Data Name="Product">-</Data><Data Name="Company">-</Data><Data Name="OriginalFileName">-</Data><Data Name="CommandLine">ps -e -o pid,ppid,state,command</Data><Data Name="CurrentDirectory">/var/snap/amazon-ssm-agent/4046</Data><Data Name="User">root</Data><Data Name="LogonGuid">{ec27465a-0000-0000-0000-000000000000}</Data><Data Name="LogonId">0</Data><Data Name="TerminalSessionId">4294967295</Data><Data Name="IntegrityLevel">no level</Data><Data Name="Hashes">-</Data><Data Name="ParentProcessGuid">{00000000-0000-0000-0000-000000000000}</Data><Data Name="ParentProcessId">2376</Data><Data Name="ParentImage">-</Data><Data Name="ParentCommandLine">-</Data><Data Name="ParentUser">-</Data></EventData></Event>
<Event><System><Provider Name="Linux-Sysmon" Guid="{ff032593-a8d3-4f13-b0d6-01fc615a0f97}"/><EventID>5</EventID><Version>3</Version><Level>4</Level><Task>5</Task><Opcode>0</Opcode><Keywords>0x8000000000000000</Keywords><TimeCreated SystemTime="2022-02-11T20:14:46.007505000Z"/><EventRecordID>3240853</EventRecordID><Correlation/><Execution ProcessID="4565" ThreadID="4565"/><Channel>Linux-Sysmon/Operational</Channel><Computer>sysmonlinux-bpatel-44382-8629</Computer><Security UserId="0"/></System><EventData><Data Name="RuleName">-</Data><Data Name="UtcTime">2022-02-11 20:14:46.008</Data><Data Name="ProcessGuid">{ec27465a-c3b5-6206-68c4-2eb465550000}</Data><Data Name="ProcessId">20198</Data><Data Name="Image">/bin/ps</Data><Data Name="User">root</Data></EventData></Event>
<Event><System><Provider Name="Linux-Sysmon" Guid="{ff032593-a8d3-4f13-b0d6-01fc615a0f97}"/><EventID>1</EventID><Version>5</Version><Level>4</Level><Task>1</Task><Opcode>0</Opcode><Keywords>0x8000000000000000</Keywords><TimeCreated SystemTime="2022-02-11T20:14:45.991858000Z"/><EventRecordID>3240852</EventRecordID><Correlation/><Execution ProcessID="4565" ThreadID="4565"/><Channel>Linux-Sysmon/Operational</Channel><Computer>sysmonlinux-bpatel-44382-8629</Computer><Security UserId="0"/></System><EventData><Data Name="RuleName">-</Data><Data Name="UtcTime">2022-02-11 20:14:45.992</Data><Data Name="ProcessGuid">{ec27465a-c3b5-6206-68c4-2eb465550000}</Data><Data Name="ProcessId">20198</Data><Data Name="Image">/bin/ps</Data><Data Name="FileVersion">-</Data><Data Name="Description">-</Data><Data Name="Product">-</Data><Data Name="Company">-</Data><Data Name="OriginalFileName">-</Data><Data Name="CommandLine">ps -e -o pid,ppid,state,command</Data><Data Name="CurrentDirectory">/var/snap/amazon-ssm-agent/4046</Data><Data Name="User">root</Data><Data Name="LogonGuid">{ec27465a-0000-0000-0000-000000000000}</Data><Data Name="LogonId">0</Data><Data Name="TerminalSessionId">4294967295</Data><Data Name="IntegrityLevel">no level</Data><Data Name="Hashes">-</Data><Data Name="ParentProcessGuid">{00000000-0000-0000-0000-000000000000}</Data><Data Name="ParentProcessId">2376</Data><Data Name="ParentImage">-</Data><Data Name="ParentCommandLine">-</Data><Data Name="ParentUser">-</Data></EventData></Event>
<Event><System><Provider Name="Linux-Sysmon" Guid="{ff032593-a8d3-4f13-b0d6-01fc615a0f97}"/><EventID>5</EventID><Version>3</Version><Level>4</Level><Task>5</Task><Opcode>0</Opcode><Keywords>0x8000000000000000</Keywords><TimeCreated SystemTime="2022-02-11T20:13:44.990610000Z"/><EventRecordID>3238758</EventRecordID><Correlation/><Execution ProcessID="4565" ThreadID="4565"/><Channel>Linux-Sysmon/Operational</Channel><Computer>sysmonlinux-bpatel-44382-8629</Computer><Security UserId="0"/></System><EventData><Data Name="RuleName">-</Data><Data Name="UtcTime">2022-02-11 20:13:44.991</Data><Data Name="ProcessGuid">{ec27465a-c378-6206-6884-a0615d550000}</Data><Data Name="ProcessId">20197</Data><Data Name="Image">/bin/ps</Data><Data Name="User">root</Data></EventData></Event>
<Event><System><Provider Name="Linux-Sysmon" Guid="{ff032593-a8d3-4f13-b0d6-01fc615a0f97}"/><EventID>1</EventID><Version>5</Version><Level>4</Level><Task>1</Task><Opcode>0</Opcode><Keywords>0x8000000000000000</Keywords><TimeCreated SystemTime="2022-02-11T20:13:44.978694000Z"/><EventRecordID>3238750</EventRecordID><Correlation/><Execution ProcessID="4565" ThreadID="4565"/><Channel>Linux-Sysmon/Operational</Channel><Computer>sysmonlinux-bpatel-44382-8629</Computer><Security UserId="0"/></System><EventData><Data Name="RuleName">-</Data><Data Name="UtcTime">2022-02-11 20:13:44.978</Data><Data Name="ProcessGuid">{ec27465a-c378-6206-6884-a0615d550000}</Data><Data Name="ProcessId">20197</Data><Data Name="Image">/bin/ps</Data><Data Name="FileVersion">-</Data><Data Name="Description">-</Data><Data Name="Product">-</Data><Data Name="Company">-</Data><Data Name="OriginalFileName">-</Data><Data Name="CommandLine">ps -e -o pid,ppid,state,command</Data><Data Name="CurrentDirectory">/var/snap/amazon-ssm-agent/4046</Data><Data Name="User">root</Data><Data Name="LogonGuid">{ec27465a-0000-0000-0000-000000000000}</Data><Data Name="LogonId">0</Data><Data Name="TerminalSessionId">4294967295</Data><Data Name="IntegrityLevel">no level</Data><Data Name="Hashes">-</Data><Data Name="ParentProcessGuid">{00000000-0000-0000-0000-000000000000}</Data><Data Name="ParentProcessId">2376</Data><Data Name="ParentImage">-</Data><Data Name="ParentCommandLine">-</Data><Data Name="ParentUser">-</Data></EventData></Event>
<Event><System><Provider Name="Linux-Sysmon" Guid="{ff032593-a8d3-4f13-b0d6-01fc615a0f97}"/><EventID>5</EventID><Version>3</Version><Level>4</Level><Task>5</Task><Opcode>0</Opcode><Keywords>0x8000000000000000</Keywords><TimeCreated SystemTime="2022-02-11T20:12:43.977050000Z"/><EventRecordID>3236116</EventRecordID><Correlation/><Execution ProcessID="4565" ThreadID="4565"/><Channel>Linux-Sysmon/Operational</Channel><Computer>sysmonlinux-bpatel-44382-8629</Computer><Security UserId="0"/></System><EventData><Data Name="RuleName">-</Data><Data Name="UtcTime">2022-02-11 20:12:43.977</Data><Data Name="ProcessGuid">{ec27465a-c33b-6206-6864-3aff4d560000}</Data><Data Name="ProcessId">20196</Data><Data Name="Image">/bin/ps</Data><Data Name="User">root</Data></EventData></Event>
<Event><System><Provider Name="Linux-Sysmon" Guid="{ff032593-a8d3-4f13-b0d6-01fc615a0f97}"/><EventID>1</EventID><Version>5</Version><Level>4</Level><Task>1</Task><Opcode>0</Opcode><Keywords>0x8000000000000000</Keywords><TimeCreated SystemTime="2022-02-11T20:12:43.964177000Z"/><EventRecordID>3236089</EventRecordID><Correlation/><Execution ProcessID="4565" ThreadID="4565"/><Channel>Linux-Sysmon/Operational</Channel><Computer>sysmonlinux-bpatel-44382-8629</Computer><Security UserId="0"/></System><EventData><Data Name="RuleName">-</Data><Data Name="UtcTime">2022-02-11 20:12:43.964</Data><Data Name="ProcessGuid">{ec27465a-c33b-6206-6864-3aff4d560000}</Data><Data Name="ProcessId">20196</Data><Data Name="Image">/bin/ps</Data><Data Name="FileVersion">-</Data><Data Name="Description">-</Data><Data Name="Product">-</Data><Data Name="Company">-</Data><Data Name="OriginalFileName">-</Data><Data Name="CommandLine">ps -e -o pid,ppid,state,command</Data><Data Name="CurrentDirectory">/var/snap/amazon-ssm-agent/4046</Data><Data Name="User">root</Data><Data Name="LogonGuid">{ec27465a-0000-0000-0000-000000000000}</Data><Data Name="LogonId">0</Data><Data Name="TerminalSessionId">4294967295</Data><Data Name="IntegrityLevel">no level</Data><Data Name="Hashes">-</Data><Data Name="ParentProcessGuid">{00000000-0000-0000-0000-000000000000}</Data><Data Name="ParentProcessId">2376</Data><Data Name="ParentImage">-</Data><Data Name="ParentCommandLine">-</Data><Data Name="ParentUser">-</Data></EventData></Event>
<Event><System><Provider Name="Linux-Sysmon" Guid="{ff032593-a8d3-4f13-b0d6-01fc615a0f97}"/><EventID>5</EventID><Version>3</Version><Level>4</Level><Task>5</Task><Opcode>0</Opcode><Keywords>0x8000000000000000</Keywords><TimeCreated SystemTime="2022-02-11T20:11:42.962980000Z"/><EventRecordID>3233967</EventRecordID><Correlation/><Execution ProcessID="4565" ThreadID="4565"/><Channel>Linux-Sysmon/Operational</Channel><Computer>sysmonlinux-bpatel-44382-8629</Computer><Security UserId="0"/></System><EventData><Data Name="RuleName">-</Data><Data Name="UtcTime">2022-02-11 20:11:42.963</Data><Data Name="ProcessGuid">{ec27465a-c2fe-6206-6874-768f0e560000}</Data><Data Name="ProcessId">20194</Data><Data Name="Image">/bin/ps</Data><Data Name="User">root</Data></EventData></Event>
<Event><System><Provider Name="Linux-Sysmon" Guid="{ff032593-a8d3-4f13-b0d6-01fc615a0f97}"/><EventID>1</EventID><Version>5</Version><Level>4</Level><Task>1</Task><Opcode>0</Opcode><Keywords>0x8000000000000000</Keywords><TimeCreated SystemTime="2022-02-11T20:11:42.953199000Z"/><EventRecordID>3233966</EventRecordID><Correlation/><Execution ProcessID="4565" ThreadID="4565"/><Channel>Linux-Sysmon/Operational</Channel><Computer>sysmonlinux-bpatel-44382-8629</Computer><Security UserId="0"/></System><EventData><Data Name="RuleName">-</Data><Data Name="UtcTime">2022-02-11 20:11:42.953</Data><Data Name="ProcessGuid">{ec27465a-c2fe-6206-6874-768f0e560000}</Data><Data Name="ProcessId">20194</Data><Data Name="Image">/bin/ps</Data><Data Name="FileVersion">-</Data><Data Name="Description">-</Data><Data Name="Product">-</Data><Data Name="Company">-</Data><Data Name="OriginalFileName">-</Data><Data Name="CommandLine">ps -e -o pid,ppid,state,command</Data><Data Name="CurrentDirectory">/var/snap/amazon-ssm-agent/4046</Data><Data Name="User">root</Data><Data Name="LogonGuid">{ec27465a-0000-0000-0000-000000000000}</Data><Data Name="LogonId">0</Data><Data Name="TerminalSessionId">4294967295</Data><Data Name="IntegrityLevel">no level</Data><Data Name="Hashes">-</Data><Data Name="ParentProcessGuid">{00000000-0000-0000-0000-000000000000}</Data><Data Name="ParentProcessId">2376</Data><Data Name="ParentImage">-</Data><Data Name="ParentCommandLine">-</Data><Data Name="ParentUser">-</Data></EventData></Event>
<Event><System><Provider Name="Linux-Sysmon" Guid="{ff032593-a8d3-4f13-b0d6-01fc615a0f97}"/><EventID>5</EventID><Version>3</Version><Level>4</Level><Task>5</Task><Opcode>0</Opcode><Keywords>0x8000000000000000</Keywords><TimeCreated SystemTime="2022-02-11T20:10:41.951995000Z"/><EventRecordID>3231472</EventRecordID><Correlation/><Execution ProcessID="4565" ThreadID="4565"/><Channel>Linux-Sysmon/Operational</Channel><Computer>sysmonlinux-bpatel-44382-8629</Computer><Security UserId="0"/></System><EventData><Data Name="RuleName">-</Data><Data Name="UtcTime">2022-02-11 20:10:41.952</Data><Data Name="ProcessGuid">{ec27465a-c2c1-6206-68f4-3f387a550000}</Data><Data Name="ProcessId">20192</Data><Data Name="Image">/bin/ps</Data><Data Name="User">root</Data></EventData></Event>
<Event><System><Provider Name="Linux-Sysmon" Guid="{ff032593-a8d3-4f13-b0d6-01fc615a0f97}"/><EventID>1</EventID><Version>5</Version><Level>4</Level><Task>1</Task><Opcode>0</Opcode><Keywords>0x8000000000000000</Keywords><TimeCreated SystemTime="2022-02-11T20:10:41.940278000Z"/><EventRecordID>3231441</EventRecordID><Correlation/><Execution ProcessID="4565" ThreadID="4565"/><Channel>Linux-Sysmon/Operational</Channel><Computer>sysmonlinux-bpatel-44382-8629</Computer><Security UserId="0"/></System><EventData><Data Name="RuleName">-</Data><Data Name="UtcTime">2022-02-11 20:10:41.940</Data><Data Name="ProcessGuid">{ec27465a-c2c1-6206-68f4-3f387a550000}</Data><Data Name="ProcessId">20192</Data><Data Name="Image">/bin/ps</Data><Data Name="FileVersion">-</Data><Data Name="Description">-</Data><Data Name="Product">-</Data><Data Name="Company">-</Data><Data Name="OriginalFileName">-</Data><Data Name="CommandLine">ps -e -o pid,ppid,state,command</Data><Data Name="CurrentDirectory">/var/snap/amazon-ssm-agent/4046</Data><Data Name="User">root</Data><Data Name="LogonGuid">{ec27465a-0000-0000-0000-000000000000}</Data><Data Name="LogonId">0</Data><Data Name="TerminalSessionId">4294967295</Data><Data Name="IntegrityLevel">no level</Data><Data Name="Hashes">-</Data><Data Name="ParentProcessGuid">{00000000-0000-0000-0000-000000000000}</Data><Data Name="ParentProcessId">2376</Data><Data Name="ParentImage">-</Data><Data Name="ParentCommandLine">-</Data><Data Name="ParentUser">-</Data></EventData></Event>
<Event><System><Provider Name="Linux-Sysmon" Guid="{ff032593-a8d3-4f13-b0d6-01fc615a0f97}"/><EventID>5</EventID><Version>3</Version><Level>4</Level><Task>5</Task><Opcode>0</Opcode><Keywords>0x8000000000000000</Keywords><TimeCreated SystemTime="2022-02-11T20:09:40.939268000Z"/><EventRecordID>3229268</EventRecordID><Correlation/><Execution ProcessID="4565" ThreadID="4565"/><Channel>Linux-Sysmon/Operational</Channel><Computer>sysmonlinux-bpatel-44382-8629</Computer><Security UserId="0"/></System><EventData><Data Name="RuleName">-</Data><Data Name="UtcTime">2022-02-11 20:09:40.939</Data><Data Name="ProcessGuid">{ec27465a-c284-6206-68a4-38e8f0550000}</Data><Data Name="ProcessId">20191</Data><Data Name="Image">/bin/ps</Data><Data Name="User">root</Data></EventData></Event>
<Event><System><Provider Name="Linux-Sysmon" Guid="{ff032593-a8d3-4f13-b0d6-01fc615a0f97}"/><EventID>1</EventID><Version>5</Version><Level>4</Level><Task>1</Task><Opcode>0</Opcode><Keywords>0x8000000000000000</Keywords><TimeCreated SystemTime="2022-02-11T20:09:40.923629000Z"/><EventRecordID>3229260</EventRecordID><Correlation/><Execution ProcessID="4565" ThreadID="4565"/><Channel>Linux-Sysmon/Operational</Channel><Computer>sysmonlinux-bpatel-44382-8629</Computer><Security UserId="0"/></System><EventData><Data Name="RuleName">-</Data><Data Name="UtcTime">2022-02-11 20:09:40.923</Data><Data Name="ProcessGuid">{ec27465a-c284-6206-68a4-38e8f0550000}</Data><Data Name="ProcessId">20191</Data><Data Name="Image">/bin/ps</Data><Data Name="FileVersion">-</Data><Data Name="Description">-</Data><Data Name="Product">-</Data><Data Name="Company">-</Data><Data Name="OriginalFileName">-</Data><Data Name="CommandLine">ps -e -o pid,ppid,state,command</Data><Data Name="CurrentDirectory">/var/snap/amazon-ssm-agent/4046</Data><Data Name="User">root</Data><Data Name="LogonGuid">{ec27465a-0000-0000-0000-000000000000}</Data><Data Name="LogonId">0</Data><Data Name="TerminalSessionId">4294967295</Data><Data Name="IntegrityLevel">no level</Data><Data Name="Hashes">-</Data><Data Name="ParentProcessGuid">{00000000-0000-0000-0000-000000000000}</Data><Data Name="ParentProcessId">2376</Data><Data Name="ParentImage">-</Data><Data Name="ParentCommandLine">-</Data><Data Name="ParentUser">-</Data></EventData></Event>
<Event><System><Provider Name="Linux-Sysmon" Guid="{ff032593-a8d3-4f13-b0d6-01fc615a0f97}"/><EventID>5</EventID><Version>3</Version><Level>4</Level><Task>5</Task><Opcode>0</Opcode><Keywords>0x8000000000000000</Keywords><TimeCreated SystemTime="2022-02-11T20:08:39.922428000Z"/><EventRecordID>3226471</EventRecordID><Correlation/><Execution ProcessID="4565" ThreadID="4565"/><Channel>Linux-Sysmon/Operational</Channel><Computer>sysmonlinux-bpatel-44382-8629</Computer><Security UserId="0"/></System><EventData><Data Name="RuleName">-</Data><Data Name="UtcTime">2022-02-11 20:08:39.922</Data><Data Name="ProcessGuid">{ec27465a-c247-6206-6844-de8f4d560000}</Data><Data Name="ProcessId">20190</Data><Data Name="Image">/bin/ps</Data><Data Name="User">root</Data></EventData></Event>
<Event><System><Provider Name="Linux-Sysmon" Guid="{ff032593-a8d3-4f13-b0d6-01fc615a0f97}"/><EventID>1</EventID><Version>5</Version><Level>4</Level><Task>1</Task><Opcode>0</Opcode><Keywords>0x8000000000000000</Keywords><TimeCreated SystemTime="2022-02-11T20:08:39.907683000Z"/><EventRecordID>3226445</EventRecordID><Correlation/><Execution ProcessID="4565" ThreadID="4565"/><Channel>Linux-Sysmon/Operational</Channel><Computer>sysmonlinux-bpatel-44382-8629</Computer><Security UserId="0"/></System><EventData><Data Name="RuleName">-</Data><Data Name="UtcTime">2022-02-11 20:08:39.907</Data><Data Name="ProcessGuid">{ec27465a-c247-6206-6844-de8f4d560000}</Data><Data Name="ProcessId">20190</Data><Data Name="Image">/bin/ps</Data><Data Name="FileVersion">-</Data><Data Name="Description">-</Data><Data Name="Product">-</Data><Data Name="Company">-</Data><Data Name="OriginalFileName">-</Data><Data Name="CommandLine">ps -e -o pid,ppid,state,command</Data><Data Name="CurrentDirectory">/var/snap/amazon-ssm-agent/4046</Data><Data Name="User">root</Data><Data Name="LogonGuid">{ec27465a-0000-0000-0000-000000000000}</Data><Data Name="LogonId">0</Data><Data Name="TerminalSessionId">4294967295</Data><Data Name="IntegrityLevel">no level</Data><Data Name="Hashes">-</Data><Data Name="ParentProcessGuid">{00000000-0000-0000-0000-000000000000}</Data><Data Name="ParentProcessId">2376</Data><Data Name="ParentImage">-</Data><Data Name="ParentCommandLine">-</Data><Data Name="ParentUser">-</Data></EventData></Event>
<Event><System><Provider Name="Linux-Sysmon" Guid="{ff032593-a8d3-4f13-b0d6-01fc615a0f97}"/><EventID>5</EventID><Version>3</Version><Level>4</Level><Task>5</Task><Opcode>0</Opcode><Keywords>0x8000000000000000</Keywords><TimeCreated SystemTime="2022-02-11T20:07:38.906357000Z"/><EventRecordID>3224450</EventRecordID><Correlation/><Execution ProcessID="4565" ThreadID="4565"/><Channel>Linux-Sysmon/Operational</Channel><Computer>sysmonlinux-bpatel-44382-8629</Computer><Security UserId="0"/></System><EventData><Data Name="RuleName">-</Data><Data Name="UtcTime">2022-02-11 20:07:38.906</Data><Data Name="ProcessGuid">{ec27465a-c20a-6206-6894-2759aa550000}</Data><Data Name="ProcessId">20189</Data><Data Name="Image">/bin/ps</Data><Data Name="User">root</Data></EventData></Event>
<Event><System><Provider Name="Linux-Sysmon" Guid="{ff032593-a8d3-4f13-b0d6-01fc615a0f97}"/><EventID>1</EventID><Version>5</Version><Level>4</Level><Task>1</Task><Opcode>0</Opcode><Keywords>0x8000000000000000</Keywords><TimeCreated SystemTime="2022-02-11T20:07:38.885064000Z"/><EventRecordID>3224442</EventRecordID><Correlation/><Execution ProcessID="4565" ThreadID="4565"/><Channel>Linux-Sysmon/Operational</Channel><Computer>sysmonlinux-bpatel-44382-8629</Computer><Security UserId="0"/></System><EventData><Data Name="RuleName">-</Data><Data Name="UtcTime">2022-02-11 20:07:38.885</Data><Data Name="ProcessGuid">{ec27465a-c20a-6206-6894-2759aa550000}</Data><Data Name="ProcessId">20189</Data><Data Name="Image">/bin/ps</Data><Data Name="FileVersion">-</Data><Data Name="Description">-</Data><Data Name="Product">-</Data><Data Name="Company">-</Data><Data Name="OriginalFileName">-</Data><Data Name="CommandLine">ps -e -o pid,ppid,state,command</Data><Data Name="CurrentDirectory">/var/snap/amazon-ssm-agent/4046</Data><Data Name="User">root</Data><Data Name="LogonGuid">{ec27465a-0000-0000-0000-000000000000}</Data><Data Name="LogonId">0</Data><Data Name="TerminalSessionId">4294967295</Data><Data Name="IntegrityLevel">no level</Data><Data Name="Hashes">-</Data><Data Name="ParentProcessGuid">{00000000-0000-0000-0000-000000000000}</Data><Data Name="ParentProcessId">2376</Data><Data Name="ParentImage">-</Data><Data Name="ParentCommandLine">-</Data><Data Name="ParentUser">-</Data></EventData></Event>
<Event><System><Provider Name="Linux-Sysmon" Guid="{ff032593-a8d3-4f13-b0d6-01fc615a0f97}"/><EventID>5</EventID><Version>3</Version><Level>4</Level><Task>5</Task><Opcode>0</Opcode><Keywords>0x8000000000000000</Keywords><TimeCreated SystemTime="2022-02-11T20:06:37.883351000Z"/><EventRecordID>3221560</EventRecordID><Correlation/><Execution ProcessID="4565" ThreadID="4565"/><Channel>Linux-Sysmon/Operational</Channel><Computer>sysmonlinux-bpatel-44382-8629</Computer><Security UserId="0"/></System><EventData><Data Name="RuleName">-</Data><Data Name="UtcTime">2022-02-11 20:06:37.883</Data><Data Name="ProcessGuid">{ec27465a-c1cd-6206-68c4-b6a260550000}</Data><Data Name="ProcessId">20187</Data><Data Name="Image">/bin/ps</Data><Data Name="User">root</Data></EventData></Event>
<Event><System><Provider Name="Linux-Sysmon" Guid="{ff032593-a8d3-4f13-b0d6-01fc615a0f97}"/><EventID>1</EventID><Version>5</Version><Level>4</Level><Task>1</Task><Opcode>0</Opcode><Keywords>0x8000000000000000</Keywords><TimeCreated SystemTime="2022-02-11T20:06:37.869746000Z"/><EventRecordID>3221528</EventRecordID><Correlation/><Execution ProcessID="4565" ThreadID="4565"/><Channel>Linux-Sysmon/Operational</Channel><Computer>sysmonlinux-bpatel-44382-8629</Computer><Security UserId="0"/></System><EventData><Data Name="RuleName">-</Data><Data Name="UtcTime">2022-02-11 20:06:37.869</Data><Data Name="ProcessGuid">{ec27465a-c1cd-6206-68c4-b6a260550000}</Data><Data Name="ProcessId">20187</Data><Data Name="Image">/bin/ps</Data><Data Name="FileVersion">-</Data><Data Name="Description">-</Data><Data Name="Product">-</Data><Data Name="Company">-</Data><Data Name="OriginalFileName">-</Data><Data Name="CommandLine">ps -e -o pid,ppid,state,command</Data><Data Name="CurrentDirectory">/var/snap/amazon-ssm-agent/4046</Data><Data Name="User">root</Data><Data Name="LogonGuid">{ec27465a-0000-0000-0000-000000000000}</Data><Data Name="LogonId">0</Data><Data Name="TerminalSessionId">4294967295</Data><Data Name="IntegrityLevel">no level</Data><Data Name="Hashes">-</Data><Data Name="ParentProcessGuid">{00000000-0000-0000-0000-000000000000}</Data><Data Name="ParentProcessId">2376</Data><Data Name="ParentImage">-</Data><Data Name="ParentCommandLine">-</Data><Data Name="ParentUser">-</Data></EventData></Event>
<Event><System><Provider Name="Linux-Sysmon" Guid="{ff032593-a8d3-4f13-b0d6-01fc615a0f97}"/><EventID>5</EventID><Version>3</Version><Level>4</Level><Task>5</Task><Opcode>0</Opcode><Keywords>0x8000000000000000</Keywords><TimeCreated SystemTime="2022-02-11T20:05:36.868622000Z"/><EventRecordID>3219513</EventRecordID><Correlation/><Execution ProcessID="4565" ThreadID="4565"/><Channel>Linux-Sysmon/Operational</Channel><Computer>sysmonlinux-bpatel-44382-8629</Computer><Security UserId="0"/></System><EventData><Data Name="RuleName">-</Data><Data Name="UtcTime">2022-02-11 20:05:36.869</Data><Data Name="ProcessGuid">{ec27465a-c190-6206-6854-81c0f8550000}</Data><Data Name="ProcessId">20186</Data><Data Name="Image">/bin/ps</Data><Data Name="User">root</Data></EventData></Event>
<Event><System><Provider Name="Linux-Sysmon" Guid="{ff032593-a8d3-4f13-b0d6-01fc615a0f97}"/><EventID>1</EventID><Version>5</Version><Level>4</Level><Task>1</Task><Opcode>0</Opcode><Keywords>0x8000000000000000</Keywords><TimeCreated SystemTime="2022-02-11T20:05:36.856944000Z"/><EventRecordID>3219512</EventRecordID><Correlation/><Execution ProcessID="4565" ThreadID="4565"/><Channel>Linux-Sysmon/Operational</Channel><Computer>sysmonlinux-bpatel-44382-8629</Computer><Security UserId="0"/></System><EventData><Data Name="RuleName">-</Data><Data Name="UtcTime">2022-02-11 20:05:36.857</Data><Data Name="ProcessGuid">{ec27465a-c190-6206-6854-81c0f8550000}</Data><Data Name="ProcessId">20186</Data><Data Name="Image">/bin/ps</Data><Data Name="FileVersion">-</Data><Data Name="Description">-</Data><Data Name="Product">-</Data><Data Name="Company">-</Data><Data Name="OriginalFileName">-</Data><Data Name="CommandLine">ps -e -o pid,ppid,state,command</Data><Data Name="CurrentDirectory">/var/snap/amazon-ssm-agent/4046</Data><Data Name="User">root</Data><Data Name="LogonGuid">{ec27465a-0000-0000-0000-000000000000}</Data><Data Name="LogonId">0</Data><Data Name="TerminalSessionId">4294967295</Data><Data Name="IntegrityLevel">no level</Data><Data Name="Hashes">-</Data><Data Name="ParentProcessGuid">{00000000-0000-0000-0000-000000000000}</Data><Data Name="ParentProcessId">2376</Data><Data Name="ParentImage">-</Data><Data Name="ParentCommandLine">-</Data><Data Name="ParentUser">-</Data></EventData></Event>
<Event><System><Provider Name="Linux-Sysmon" Guid="{ff032593-a8d3-4f13-b0d6-01fc615a0f97}"/><EventID>5</EventID><Version>3</Version><Level>4</Level><Task>5</Task><Opcode>0</Opcode><Keywords>0x8000000000000000</Keywords><TimeCreated SystemTime="2022-02-11T20:04:35.855735000Z"/><EventRecordID>3216687</EventRecordID><Correlation/><Execution ProcessID="4565" ThreadID="4565"/><Channel>Linux-Sysmon/Operational</Channel><Computer>sysmonlinux-bpatel-44382-8629</Computer><Security UserId="0"/></System><EventData><Data Name="RuleName">-</Data><Data Name="UtcTime">2022-02-11 20:04:35.856</Data><Data Name="ProcessGuid">{ec27465a-c153-6206-6884-986dd9550000}</Data><Data Name="ProcessId">20185</Data><Data Name="Image">/bin/ps</Data><Data Name="User">root</Data></EventData></Event>
<Event><System><Provider Name="Linux-Sysmon" Guid="{ff032593-a8d3-4f13-b0d6-01fc615a0f97}"/><EventID>1</EventID><Version>5</Version><Level>4</Level><Task>1</Task><Opcode>0</Opcode><Keywords>0x8000000000000000</Keywords><TimeCreated SystemTime="2022-02-11T20:04:35.838013000Z"/><EventRecordID>3216686</EventRecordID><Correlation/><Execution ProcessID="4565" ThreadID="4565"/><Channel>Linux-Sysmon/Operational</Channel><Computer>sysmonlinux-bpatel-44382-8629</Computer><Security UserId="0"/></System><EventData><Data Name="RuleName">-</Data><Data Name="UtcTime">2022-02-11 20:04:35.838</Data><Data Name="ProcessGuid">{ec27465a-c153-6206-6884-986dd9550000}</Data><Data Name="ProcessId">20185</Data><Data Name="Image">/bin/ps</Data><Data Name="FileVersion">-</Data><Data Name="Description">-</Data><Data Name="Product">-</Data><Data Name="Company">-</Data><Data Name="OriginalFileName">-</Data><Data Name="CommandLine">ps -e -o pid,ppid,state,command</Data><Data Name="CurrentDirectory">/var/snap/amazon-ssm-agent/4046</Data><Data Name="User">root</Data><Data Name="LogonGuid">{ec27465a-0000-0000-0000-000000000000}</Data><Data Name="LogonId">0</Data><Data Name="TerminalSessionId">4294967295</Data><Data Name="IntegrityLevel">no level</Data><Data Name="Hashes">-</Data><Data Name="ParentProcessGuid">{00000000-0000-0000-0000-000000000000}</Data><Data Name="ParentProcessId">2376</Data><Data Name="ParentImage">-</Data><Data Name="ParentCommandLine">-</Data><Data Name="ParentUser">-</Data></EventData></Event>
<Event><System><Provider Name="Linux-Sysmon" Guid="{ff032593-a8d3-4f13-b0d6-01fc615a0f97}"/><EventID>5</EventID><Version>3</Version><Level>4</Level><Task>5</Task><Opcode>0</Opcode><Keywords>0x8000000000000000</Keywords><TimeCreated SystemTime="2022-02-11T20:03:34.836728000Z"/><EventRecordID>3214705</EventRecordID><Correlation/><Execution ProcessID="4565" ThreadID="4565"/><Channel>Linux-Sysmon/Operational</Channel><Computer>sysmonlinux-bpatel-44382-8629</Computer><Security UserId="0"/></System><EventData><Data Name="RuleName">-</Data><Data Name="UtcTime">2022-02-11 20:03:34.837</Data><Data Name="ProcessGuid">{ec27465a-c116-6206-68c4-f2ac21560000}</Data><Data Name="ProcessId">20184</Data><Data Name="Image">/bin/ps</Data><Data Name="User">root</Data></EventData></Event>
<Event><System><Provider Name="Linux-Sysmon" Guid="{ff032593-a8d3-4f13-b0d6-01fc615a0f97}"/><EventID>1</EventID><Version>5</Version><Level>4</Level><Task>1</Task><Opcode>0</Opcode><Keywords>0x8000000000000000</Keywords><TimeCreated SystemTime="2022-02-11T20:03:34.824310000Z"/><EventRecordID>3214697</EventRecordID><Correlation/><Execution ProcessID="4565" ThreadID="4565"/><Channel>Linux-Sysmon/Operational</Channel><Computer>sysmonlinux-bpatel-44382-8629</Computer><Security UserId="0"/></System><EventData><Data Name="RuleName">-</Data><Data Name="UtcTime">2022-02-11 20:03:34.824</Data><Data Name="ProcessGuid">{ec27465a-c116-6206-68c4-f2ac21560000}</Data><Data Name="ProcessId">20184</Data><Data Name="Image">/bin/ps</Data><Data Name="FileVersion">-</Data><Data Name="Description">-</Data><Data Name="Product">-</Data><Data Name="Company">-</Data><Data Name="OriginalFileName">-</Data><Data Name="CommandLine">ps -e -o pid,ppid,state,command</Data><Data Name="CurrentDirectory">/var/snap/amazon-ssm-agent/4046</Data><Data Name="User">root</Data><Data Name="LogonGuid">{ec27465a-0000-0000-0000-000000000000}</Data><Data Name="LogonId">0</Data><Data Name="TerminalSessionId">4294967295</Data><Data Name="IntegrityLevel">no level</Data><Data Name="Hashes">-</Data><Data Name="ParentProcessGuid">{00000000-0000-0000-0000-000000000000}</Data><Data Name="ParentProcessId">2376</Data><Data Name="ParentImage">-</Data><Data Name="ParentCommandLine">-</Data><Data Name="ParentUser">-</Data></EventData></Event>
<Event><System><Provider Name="Linux-Sysmon" Guid="{ff032593-a8d3-4f13-b0d6-01fc615a0f97}"/><EventID>5</EventID><Version>3</Version><Level>4</Level><Task>5</Task><Opcode>0</Opcode><Keywords>0x8000000000000000</Keywords><TimeCreated SystemTime="2022-02-11T20:02:33.822730000Z"/><EventRecordID>3211572</EventRecordID><Correlation/><Execution ProcessID="4565" ThreadID="4565"/><Channel>Linux-Sysmon/Operational</Channel><Computer>sysmonlinux-bpatel-44382-8629</Computer><Security UserId="0"/></System><EventData><Data Name="RuleName">-</Data><Data Name="UtcTime">2022-02-11 20:02:33.823</Data><Data Name="ProcessGuid">{ec27465a-c0d9-6206-68e4-1dfb8b550000}</Data><Data Name="ProcessId">20182</Data><Data Name="Image">/bin/ps</Data><Data Name="User">root</Data></EventData></Event>
<Event><System><Provider Name="Linux-Sysmon" Guid="{ff032593-a8d3-4f13-b0d6-01fc615a0f97}"/><EventID>1</EventID><Version>5</Version><Level>4</Level><Task>1</Task><Opcode>0</Opcode><Keywords>0x8000000000000000</Keywords><TimeCreated SystemTime="2022-02-11T20:02:33.810874000Z"/><EventRecordID>3211535</EventRecordID><Correlation/><Execution ProcessID="4565" ThreadID="4565"/><Channel>Linux-Sysmon/Operational</Channel><Computer>sysmonlinux-bpatel-44382-8629</Computer><Security UserId="0"/></System><EventData><Data Name="RuleName">-</Data><Data Name="UtcTime">2022-02-11 20:02:33.811</Data><Data Name="ProcessGuid">{ec27465a-c0d9-6206-68e4-1dfb8b550000}</Data><Data Name="ProcessId">20182</Data><Data Name="Image">/bin/ps</Data><Data Name="FileVersion">-</Data><Data Name="Description">-</Data><Data Name="Product">-</Data><Data Name="Company">-</Data><Data Name="OriginalFileName">-</Data><Data Name="CommandLine">ps -e -o pid,ppid,state,command</Data><Data Name="CurrentDirectory">/var/snap/amazon-ssm-agent/4046</Data><Data Name="User">root</Data><Data Name="LogonGuid">{ec27465a-0000-0000-0000-000000000000}</Data><Data Name="LogonId">0</Data><Data Name="TerminalSessionId">4294967295</Data><Data Name="IntegrityLevel">no level</Data><Data Name="Hashes">-</Data><Data Name="ParentProcessGuid">{00000000-0000-0000-0000-000000000000}</Data><Data Name="ParentProcessId">2376</Data><Data Name="ParentImage">-</Data><Data Name="ParentCommandLine">-</Data><Data Name="ParentUser">-</Data></EventData></Event>
<Event><System><Provider Name="Linux-Sysmon" Guid="{ff032593-a8d3-4f13-b0d6-01fc615a0f97}"/><EventID>5</EventID><Version>3</Version><Level>4</Level><Task>5</Task><Opcode>0</Opcode><Keywords>0x8000000000000000</Keywords><TimeCreated SystemTime="2022-02-11T20:01:32.809411000Z"/><EventRecordID>3208275</EventRecordID><Correlation/><Execution ProcessID="4565" ThreadID="4565"/><Channel>Linux-Sysmon/Operational</Channel><Computer>sysmonlinux-bpatel-44382-8629</Computer><Security UserId="0"/></System><EventData><Data Name="RuleName">-</Data><Data Name="UtcTime">2022-02-11 20:01:32.809</Data><Data Name="ProcessGuid">{ec27465a-c09c-6206-68a4-d18709560000}</Data><Data Name="ProcessId">20180</Data><Data Name="Image">/bin/ps</Data><Data Name="User">root</Data></EventData></Event>
<Event><System><Provider Name="Linux-Sysmon" Guid="{ff032593-a8d3-4f13-b0d6-01fc615a0f97}"/><EventID>1</EventID><Version>5</Version><Level>4</Level><Task>1</Task><Opcode>0</Opcode><Keywords>0x8000000000000000</Keywords><TimeCreated SystemTime="2022-02-11T20:01:32.795327000Z"/><EventRecordID>3208259</EventRecordID><Correlation/><Execution ProcessID="4565" ThreadID="4565"/><Channel>Linux-Sysmon/Operational</Channel><Computer>sysmonlinux-bpatel-44382-8629</Computer><Security UserId="0"/></System><EventData><Data Name="RuleName">-</Data><Data Name="UtcTime">2022-02-11 20:01:32.795</Data><Data Name="ProcessGuid">{ec27465a-c09c-6206-68a4-d18709560000}</Data><Data Name="ProcessId">20180</Data><Data Name="Image">/bin/ps</Data><Data Name="FileVersion">-</Data><Data Name="Description">-</Data><Data Name="Product">-</Data><Data Name="Company">-</Data><Data Name="OriginalFileName">-</Data><Data Name="CommandLine">ps -e -o pid,ppid,state,command</Data><Data Name="CurrentDirectory">/var/snap/amazon-ssm-agent/4046</Data><Data Name="User">root</Data><Data Name="LogonGuid">{ec27465a-0000-0000-0000-000000000000}</Data><Data Name="LogonId">0</Data><Data Name="TerminalSessionId">4294967295</Data><Data Name="IntegrityLevel">no level</Data><Data Name="Hashes">-</Data><Data Name="ParentProcessGuid">{00000000-0000-0000-0000-000000000000}</Data><Data Name="ParentProcessId">2376</Data><Data Name="ParentImage">-</Data><Data Name="ParentCommandLine">-</Data><Data Name="ParentUser">-</Data></EventData></Event>
<Event><System><Provider Name="Linux-Sysmon" Guid="{ff032593-a8d3-4f13-b0d6-01fc615a0f97}"/><EventID>5</EventID><Version>3</Version><Level>4</Level><Task>5</Task><Opcode>0</Opcode><Keywords>0x8000000000000000</Keywords><TimeCreated SystemTime="2022-02-11T20:00:31.793876000Z"/><EventRecordID>3207059</EventRecordID><Correlation/><Execution ProcessID="4565" ThreadID="4565"/><Channel>Linux-Sysmon/Operational</Channel><Computer>sysmonlinux-bpatel-44382-8629</Computer><Security UserId="0"/></System><EventData><Data Name="RuleName">-</Data><Data Name="UtcTime">2022-02-11 20:00:31.794</Data><Data Name="ProcessGuid">{ec27465a-c05f-6206-6834-0e951a560000}</Data><Data Name="ProcessId">20179</Data><Data Name="Image">/bin/ps</Data><Data Name="User">root</Data></EventData></Event>
<Event><System><Provider Name="Linux-Sysmon" Guid="{ff032593-a8d3-4f13-b0d6-01fc615a0f97}"/><EventID>1</EventID><Version>5</Version><Level>4</Level><Task>1</Task><Opcode>0</Opcode><Keywords>0x8000000000000000</Keywords><TimeCreated SystemTime="2022-02-11T20:00:31.784261000Z"/><EventRecordID>3207058</EventRecordID><Correlation/><Execution ProcessID="4565" ThreadID="4565"/><Channel>Linux-Sysmon/Operational</Channel><Computer>sysmonlinux-bpatel-44382-8629</Computer><Security UserId="0"/></System><EventData><Data Name="RuleName">-</Data><Data Name="UtcTime">2022-02-11 20:00:31.784</Data><Data Name="ProcessGuid">{ec27465a-c05f-6206-6834-0e951a560000}</Data><Data Name="ProcessId">20179</Data><Data Name="Image">/bin/ps</Data><Data Name="FileVersion">-</Data><Data Name="Description">-</Data><Data Name="Product">-</Data><Data Name="Company">-</Data><Data Name="OriginalFileName">-</Data><Data Name="CommandLine">ps -e -o pid,ppid,state,command</Data><Data Name="CurrentDirectory">/var/snap/amazon-ssm-agent/4046</Data><Data Name="User">root</Data><Data Name="LogonGuid">{ec27465a-0000-0000-0000-000000000000}</Data><Data Name="LogonId">0</Data><Data Name="TerminalSessionId">4294967295</Data><Data Name="IntegrityLevel">no level</Data><Data Name="Hashes">-</Data><Data Name="ParentProcessGuid">{00000000-0000-0000-0000-000000000000}</Data><Data Name="ParentProcessId">2376</Data><Data Name="ParentImage">-</Data><Data Name="ParentCommandLine">-</Data><Data Name="ParentUser">-</Data></EventData></Event>
<Event><System><Provider Name="Linux-Sysmon" Guid="{ff032593-a8d3-4f13-b0d6-01fc615a0f97}"/><EventID>5</EventID><Version>3</Version><Level>4</Level><Task>5</Task><Opcode>0</Opcode><Keywords>0x8000000000000000</Keywords><TimeCreated SystemTime="2022-02-11T19:59:30.782911000Z"/><EventRecordID>3203361</EventRecordID><Correlation/><Execution ProcessID="4565" ThreadID="4565"/><Channel>Linux-Sysmon/Operational</Channel><Computer>sysmonlinux-bpatel-44382-8629</Computer><Security UserId="0"/></System><EventData><Data Name="RuleName">-</Data><Data Name="UtcTime">2022-02-11 19:59:30.783</Data><Data Name="ProcessGuid">{ec27465a-c022-6206-68f4-c7692a560000}</Data><Data Name="ProcessId">20178</Data><Data Name="Image">/bin/ps</Data><Data Name="User">root</Data></EventData></Event>
<Event><System><Provider Name="Linux-Sysmon" Guid="{ff032593-a8d3-4f13-b0d6-01fc615a0f97}"/><EventID>1</EventID><Version>5</Version><Level>4</Level><Task>1</Task><Opcode>0</Opcode><Keywords>0x8000000000000000</Keywords><TimeCreated SystemTime="2022-02-11T19:59:30.773638000Z"/><EventRecordID>3203345</EventRecordID><Correlation/><Execution ProcessID="4565" ThreadID="4565"/><Channel>Linux-Sysmon/Operational</Channel><Computer>sysmonlinux-bpatel-44382-8629</Computer><Security UserId="0"/></System><EventData><Data Name="RuleName">-</Data><Data Name="UtcTime">2022-02-11 19:59:30.773</Data><Data Name="ProcessGuid">{ec27465a-c022-6206-68f4-c7692a560000}</Data><Data Name="ProcessId">20178</Data><Data Name="Image">/bin/ps</Data><Data Name="FileVersion">-</Data><Data Name="Description">-</Data><Data Name="Product">-</Data><Data Name="Company">-</Data><Data Name="OriginalFileName">-</Data><Data Name="CommandLine">ps -e -o pid,ppid,state,command</Data><Data Name="CurrentDirectory">/var/snap/amazon-ssm-agent/4046</Data><Data Name="User">root</Data><Data Name="LogonGuid">{ec27465a-0000-0000-0000-000000000000}</Data><Data Name="LogonId">0</Data><Data Name="TerminalSessionId">4294967295</Data><Data Name="IntegrityLevel">no level</Data><Data Name="Hashes">-</Data><Data Name="ParentProcessGuid">{00000000-0000-0000-0000-000000000000}</Data><Data Name="ParentProcessId">2376</Data><Data Name="ParentImage">-</Data><Data Name="ParentCommandLine">-</Data><Data Name="ParentUser">-</Data></EventData></Event>
<Event><System><Provider Name="Linux-Sysmon" Guid="{ff032593-a8d3-4f13-b0d6-01fc615a0f97}"/><EventID>5</EventID><Version>3</Version><Level>4</Level><Task>5</Task><Opcode>0</Opcode><Keywords>0x8000000000000000</Keywords><TimeCreated SystemTime="2022-02-11T19:57:28.759221000Z"/><EventRecordID>3197885</EventRecordID><Correlation/><Execution ProcessID="4565" ThreadID="4565"/><Channel>Linux-Sysmon/Operational</Channel><Computer>sysmonlinux-bpatel-44382-8629</Computer><Security UserId="0"/></System><EventData><Data Name="RuleName">-</Data><Data Name="UtcTime">2022-02-11 19:57:28.759</Data><Data Name="ProcessGuid">{ec27465a-bfa8-6206-68c4-db5552560000}</Data><Data Name="ProcessId">20175</Data><Data Name="Image">/bin/ps</Data><Data Name="User">root</Data></EventData></Event>
