{"preview":false,"result":{"_raw":"{\"Computer\":\"win-dc-jhernandez-17500-200\",\"Correlation_ActivityID\":\"{BF6FE7CE-3AE2-0006-D2E8-6FBFE23AD801}\",\"EventID\":\"4104\",\"Execution_ProcessID\":\"4200\",\"Execution_ThreadID\":\"3756\",\"Keywords\":\"0x0\",\"Level\":\"3\",\"Match_Strings\":\"register-ScheduledTask in ScriptBlockText, register-ScheduledTask in ScriptBlockText\",\"MessageNumber\":\"1\",\"MessageTotal\":\"1\",\"Module\":\"Sigma\",\"Opcode\":\"15\",\"Path\":\"\",\"Provider_Guid\":\"{A0C1853B-5C40-4B15-8766-3CF1C58F985A}\",\"Provider_Name\":\"Microsoft-Windows-PowerShell\",\"Rule_Author\":\"frack113\",\"Rule_Description\":\"Adversaries may abuse the Windows Task Scheduler to perform task scheduling for initial or recurring execution of malicious code\",\"Rule_FalsePositives\":\"Unknown\",\"Rule_Id\":\"363eccc0-279a-4ccf-a3ab-24c2e63b11fb\",\"Rule_Level\":\"medium\",\"Rule_Link\":\"https://github.com/SigmaHQ/sigma/blob/0.20-3312-gfbf1b845/rules/windows/powershell/powershell_script/posh_ps_cmdlet_scheduled_task.yml\",\"Rule_Modified\":\"2021/12/28\",\"Rule_Path\":\"public\\\\windows\\\\powershell\\\\powershell_script\\\\posh_ps_cmdlet_scheduled_task.yml\",\"Rule_References\":\"https://github.com/redcanaryco/atomic-red-team/blob/master/atomics/T1053.005/T1053.005.md#atomic-test-4---powershell-cmdlet-scheduled-task, https://github.com/redcanaryco/atomic-red-team/blob/master/atomics/T1053.005/T1053.005.md#atomic-test-6---wmi-invoke-cimmethod-scheduled-task\",\"Rule_Sigtype\":\"public\",\"Rule_Title\":\"Powershell Create Scheduled Task\",\"ScriptBlockId\":\"d4705d4f-8b88-48e6-ad86-0fd7c299ac9c\",\"ScriptBlockText\":\"\\r\\n#requires -version 3.0\\r\\n\\r\\ntry { Microsoft.PowerShell.Core\\\\Set-StrictMode -Off } catch { }\\r\\n\\r\\n$script:MyModule = $MyInvocation.MyCommand.ScriptBlock.Module\\r\\n\\r\\n$script:ClassName = 'Root/Microsoft/Windows/TaskScheduler/MSFT_ScheduledTask'\\r\\n$script:ClassVersion = ''\\r\\n$script:ModuleVersion = '1.0'\\r\\n$script:ObjectModelWrapper = [Microsoft.PowerShell.Cmdletization.Cim.CimCmdletAdapter]\\r\\n\\r\\n$script:PrivateData = [System.Collections.Generic.Dictionary[string,string]]::new()\\r\\n\\r\\nMicrosoft.PowerShell.Core\\\\Export-ModuleMember -Function @()\\r\\n        \\r\\n\\r\\nfunction __cmdletization_BindCommonParameters\\r\\n{\\r\\n    param(\\r\\n        $__cmdletization_objectModelWrapper,\\r\\n        $myPSBoundParameters\\r\\n    )       \\r\\n                \\r\\n\\r\\n        if ($myPSBoundParameters.ContainsKey('CimSession')) { \\r\\n            $__cmdletization_objectModelWrapper.PSObject.Properties['CimSession'].Value = $myPSBoundParameters['CimSession'] \\r\\n        }\\r\\n                    \\r\\n\\r\\n        if ($myPSBoundParameters.ContainsKey('ThrottleLimit')) { \\r\\n            $__cmdletization_objectModelWrapper.PSObject.Properties['ThrottleLimit'].Value = $myPSBoundParameters['ThrottleLimit'] \\r\\n        }\\r\\n                    \\r\\n\\r\\n        if ($myPSBoundParameters.ContainsKey('AsJob')) { \\r\\n            $__cmdletization_objectModelWrapper.PSObject.Properties['AsJob'].Value = $myPSBoundParameters['AsJob'] \\r\\n        }\\r\\n                    \\r\\n\\r\\n}\\r\\n                \\r\\n\\r\\nfunction Get-ScheduledTask\\r\\n{\\r\\n    [CmdletBinding(DefaultParameterSetName='ByPath', PositionalBinding=$false)]\\r\\n    \\r\\n    [OutputType([Microsoft.Management.Infrastructure.CimInstance])]\\r\\n[OutputType('Microsoft.Management.Infrastructure.CimInstance#Root/Microsoft/Windows/TaskScheduler/MSFT_ScheduledTask')]\\r\\n\\r\\n    param(\\r\\n    \\r\\n    [Parameter(ParameterSetName='ByPath', Position=0, ValueFromPipelineByPropertyName=$true)]\\r\\n    [ValidateNotNull()]\\r\\n    [string[]]\\r\\n    ${TaskName},\\r\\n\\r\\n    [Parameter(ParameterSetName='ByPath', Position=1, ValueFromPipelineByPropertyName=$true)]\\r\\n    [ValidateNotNull()]\\r\\n    [string[]]\\r\\n    ${TaskPath},\\r\\n\\r\\n    [Parameter(ParameterSetName='ByPath')]\\r\\n    [Alias('Session')]\\r\\n    [ValidateNotNullOrEmpty()]\\r\\n    [CimSession[]]\\r\\n    ${CimSession},\\r\\n\\r\\n    [Parameter(ParameterSetName='ByPath')]\\r\\n    [int]\\r\\n    ${ThrottleLimit},\\r\\n\\r\\n    [Parameter(ParameterSetName='ByPath')]\\r\\n    [switch]\\r\\n    ${AsJob})\\r\\n\\r\\n    DynamicParam {\\r\\n        try \\r\\n        {\\r\\n            if (-not $__cmdletization_exceptionHasBeenThrown)\\r\\n            {\\r\\n                $__cmdletization_objectModelWrapper = $script:ObjectModelWrapper::new()\\r\\n                $__cmdletization_objectModelWrapper.Initialize($PSCmdlet, $script:ClassName, $script:ClassVersion, $script:ModuleVersion, $script:PrivateData)\\r\\n\\r\\n                if ($__cmdletization_objectModelWrapper -is [System.Management.Automation.IDynamicParameters])\\r\\n                {\\r\\n                    ([System.Management.Automation.IDynamicParameters]$__cmdletization_objectModelWrapper).GetDynamicParameters()\\r\\n                }\\r\\n            }\\r\\n        }\\r\\n        catch\\r\\n        {\\r\\n            $__cmdletization_exceptionHasBeenThrown = $true\\r\\n            throw\\r\\n        }\\r\\n    }\\r\\n\\r\\n    Begin {\\r\\n        $__cmdletization_exceptionHasBeenThrown = $false\\r\\n        try \\r\\n        {\\r\\n            __cmdletization_BindCommonParameters $__cmdletization_objectModelWrapper $PSBoundParameters\\r\\n            $__cmdletization_objectModelWrapper.BeginProcessing()\\r\\n        }\\r\\n        catch\\r\\n        {\\r\\n            $__cmdletization_exceptionHasBeenThrown = $true\\r\\n            throw\\r\\n        }\\r\\n    }\\r\\n        \\r\\n\\r\\n    Process {\\r\\n        try \\r\\n        {\\r\\n            if (-not $__cmdletization_exceptionHasBeenThrown)\\r\\n            {\\r\\n    $__cmdletization_queryBuilder = $__cmdletization_objectModelWrapper.GetQueryBuilder()\\r\\n    if ($PSBoundParameters.ContainsKey('TaskName') -and (@('ByPath') -contains $PSCmdlet.ParameterSetName )) {\\r\\n        $__cmdletization_values = @(${TaskName})\\r\\n        $__cmdletization_queryBuilder.FilterByProperty('TaskName', $__cmdletization_values, $true, 'Default')\\r\\n    }\\r\\n    if ($PSBoundParameters.ContainsKey('TaskPath') -and (@('ByPath') -contains $PSCmdlet.ParameterSetName )) {\\r\\n        $__cmdletization_values = @(${TaskPath})\\r\\n        $__cmdletization_queryBuilder.FilterByProperty('TaskPath', $__cmdletization_values, $true, 'Default')\\r\\n    }\\r\\n\\r\\n\\r\\n    $__cmdletization_objectModelWrapper.ProcessRecord($__cmdletization_queryBuilder)\\r\\n            }\\r\\n        }\\r\\n        catch\\r\\n        {\\r\\n            $__cmdletization_exceptionHasBeenThrown = $true\\r\\n            throw\\r\\n        }\\r\\n    }\\r\\n        \\r\\n\\r\\n    End {\\r\\n        try\\r\\n        {\\r\\n            if (-not $__cmdletization_exceptionHasBeenThrown)\\r\\n            {\\r\\n                $__cmdletization_objectModelWrapper.EndProcessing()\\r\\n            }\\r\\n        }\\r\\n        catch\\r\\n        {\\r\\n            throw\\r\\n        }\\r\\n    }\\r\\n\\r\\n    # .EXTERNALHELP MSFT_ScheduledTask_v1.0.cdxml-Help.xml\\r\\n}\\r\\nMicrosoft.PowerShell.Core\\\\Export-ModuleMember -Function 'Get-ScheduledTask' -Alias '*'\\r\\n        \\r\\n\\r\\nfunction Unregister-ScheduledTask\\r\\n{\\r\\n    [CmdletBinding(DefaultParameterSetName='ByPath', SupportsShouldProcess=$true, ConfirmImpact='High', PositionalBinding=$false)]\\r\\n    \\r\\n    [OutputType([Microsoft.Management.Infrastructure.CimInstance])]\\r\\n[OutputType('Microsoft.Management.Infrastructure.CimInstance#Root/Microsoft/Windows/TaskScheduler/MSFT_ScheduledTask')]\\r\\n\\r\\n    param(\\r\\n    \\r\\n    [Parameter(ParameterSetName='ByPath', Position=0, ValueFromPipelineByPropertyName=$true)]\\r\\n    [ValidateNotNull()]\\r\\n    [string[]]\\r\\n    ${TaskName},\\r\\n\\r\\n    [Parameter(ParameterSetName='ByPath', Position=1, ValueFromPipelineByPropertyName=$true)]\\r\\n    [ValidateNotNull()]\\r\\n    [string[]]\\r\\n    ${TaskPath},\\r\\n\\r\\n    [Parameter(ParameterSetName='InputObject (cdxml)', Mandatory=$true, ValueFromPipeline=$true)]\\r\\n    [PSTypeName('Microsoft.Management.Infrastructure.CimInstance#MSFT_ScheduledTask')]\\r\\n    [ValidateNotNull()]\\r\\n    [ciminstance[]]\\r\\n    ${InputObject},\\r\\n\\r\\n    [Parameter(ParameterSetName='ByPath')]\\r\\n    [Parameter(ParameterSetName='InputObject (cdxml)')]\\r\\n    [Alias('Session')]\\r\\n    [ValidateNotNullOrEmpty()]\\r\\n    [CimSession[]]\\r\\n    ${CimSession},\\r\\n\\r\\n    [Parameter(ParameterSetName='ByPath')]\\r\\n    [Parameter(ParameterSetName='InputObject (cdxml)')]\\r\\n    [int]\\r\\n    ${ThrottleLimit},\\r\\n\\r\\n    [Parameter(ParameterSetName='ByPath')]\\r\\n    [Parameter(ParameterSetName='InputObject (cdxml)')]\\r\\n    [switch]\\r\\n    ${AsJob},\\r\\n\\r\\n    [Parameter(ParameterSetName='ByPath')]\\r\\n    [Parameter(ParameterSetName='InputObject (cdxml)')]\\r\\n    [switch]\\r\\n    ${PassThru})\\r\\n\\r\\n    DynamicParam {\\r\\n        try \\r\\n        {\\r\\n            if (-not $__cmdletization_exceptionHasBeenThrown)\\r\\n            {\\r\\n                $__cmdletization_objectModelWrapper = $script:ObjectModelWrapper::new()\\r\\n                $__cmdletization_objectModelWrapper.Initialize($PSCmdlet, $script:ClassName, $script:ClassVersion, $script:ModuleVersion, $script:PrivateData)\\r\\n\\r\\n                if ($__cmdletization_objectModelWrapper -is [System.Management.Automation.IDynamicParameters])\\r\\n                {\\r\\n                    ([System.Management.Automation.IDynamicParameters]$__cmdletization_objectModelWrapper).GetDynamicParameters()\\r\\n                }\\r\\n            }\\r\\n        }\\r\\n        catch\\r\\n        {\\r\\n            $__cmdletization_exceptionHasBeenThrown = $true\\r\\n            throw\\r\\n        }\\r\\n    }\\r\\n\\r\\n    Begin {\\r\\n        $__cmdletization_exceptionHasBeenThrown = $false\\r\\n        try \\r\\n        {\\r\\n            __cmdletization_BindCommonParameters $__cmdletization_objectModelWrapper $PSBoundParameters\\r\\n            $__cmdletization_objectModelWrapper.BeginProcessing()\\r\\n        }\\r\\n        catch\\r\\n        {\\r\\n            $__cmdletization_exceptionHasBeenThrown = $true\\r\\n            throw\\r\\n        }\\r\\n    }\\r\\n        \\r\\n\\r\\n    Process {\\r\\n        try \\r\\n        {\\r\\n            if (-not $__cmdletization_exceptionHasBeenThrown)\\r\\n            {\\r\\n    $__cmdletization_queryBuilder = $__cmdletization_objectModelWrapper.GetQuery","_time":"2022-03-18T16:16:01.000+0000","eventtype":"nix-all-logs","host":"WIN-DC-JHERNAND","index":"win","linecount":"1","meta":"truncated","punct":"{\"\":\"----\",\"\":\"{----}\",\"\":\"\",\"\":\"\",\"\":\"\",\"\":\"\",\"\":","source":"C:\\aurora-agent-lite-win-pack\\aurora_alerts.json.log","sourcetype":"aurora-edr","splunk_server":"splunk-server-jhernandez-17500-9244","timestamp":"none"}}
{"preview":false,"result":{"_raw":"{\"Computer\":\"win-dc-jhernandez-17500-200\",\"Correlation_ActivityID\":\"{BF6FE7CE-3AE2-0000-57EA-6FBFE23AD801}\",\"EventID\":\"4104\",\"Execution_ProcessID\":\"4200\",\"Execution_ThreadID\":\"3756\",\"Keywords\":\"0x0\",\"Level\":\"5\",\"Match_Strings\":\"Register-ScheduledTask in ScriptBlockText, New-ScheduledTask in ScriptBlockText, New-ScheduledTaskAction in ScriptBlockText, New-ScheduledTask in ScriptBlockText, New-ScheduledTaskPrincipal in ScriptBlockText, New-ScheduledTask in ScriptBlockText, New-ScheduledTaskTrigger in ScriptBlockText\",\"MessageNumber\":\"1\",\"MessageTotal\":\"1\",\"Module\":\"Sigma\",\"Opcode\":\"15\",\"Path\":\"\",\"Provider_Guid\":\"{A0C1853B-5C40-4B15-8766-3CF1C58F985A}\",\"Provider_Name\":\"Microsoft-Windows-PowerShell\",\"Rule_Author\":\"frack113\",\"Rule_Description\":\"Adversaries may abuse the Windows Task Scheduler to perform task scheduling for initial or recurring execution of malicious code\",\"Rule_FalsePositives\":\"Unknown\",\"Rule_Id\":\"363eccc0-279a-4ccf-a3ab-24c2e63b11fb\",\"Rule_Level\":\"medium\",\"Rule_Link\":\"https://github.com/SigmaHQ/sigma/blob/0.20-3312-gfbf1b845/rules/windows/powershell/powershell_script/posh_ps_cmdlet_scheduled_task.yml\",\"Rule_Modified\":\"2021/12/28\",\"Rule_Path\":\"public\\\\windows\\\\powershell\\\\powershell_script\\\\posh_ps_cmdlet_scheduled_task.yml\",\"Rule_References\":\"https://github.com/redcanaryco/atomic-red-team/blob/master/atomics/T1053.005/T1053.005.md#atomic-test-4---powershell-cmdlet-scheduled-task, https://github.com/redcanaryco/atomic-red-team/blob/master/atomics/T1053.005/T1053.005.md#atomic-test-6---wmi-invoke-cimmethod-scheduled-task\",\"Rule_Sigtype\":\"public\",\"Rule_Title\":\"Powershell Create Scheduled Task\",\"ScriptBlockId\":\"505423cc-f506-4523-bc7a-6035ffdaf73f\",\"ScriptBlockText\":\"Register-ScheduledTask -Force -TaskName 'npcapwatchdog' -Description 'Ensure Npcap service is configured to start at boot' -Action (New-ScheduledTaskAction -Execute 'C:\\\\Program Files\\\\Npcap\\\\CheckStatus.bat') -Principal (New-ScheduledTaskPrincipal -UserId 'SYSTEM' -LogonType ServiceAccount) -Trigger (New-ScheduledTaskTrigger -AtStartup)\",\"Security_UserID\":\"S-1-5-18\",\"Task\":\"2\",\"TimeCreated_SystemTime\":\"2022-03-18T16:15:59.6778784Z\",\"Version\":\"1\",\"level\":\"notice\",\"msg\":\"Sigma match found\",\"time\":\"2022-03-18T16:16:00Z\"}","_time":"2022-03-18T16:16:01.000+0000","eventtype":"nix-all-logs","host":"WIN-DC-JHERNAND","index":"win","linecount":"1","punct":"{\"\":\"----\",\"\":\"{----}\",\"\":\"\",\"\":\"\",\"\":\"\",\"\":\"\",\"\":","source":"C:\\aurora-agent-lite-win-pack\\aurora_alerts.json.log","sourcetype":"aurora-edr","splunk_server":"splunk-server-jhernandez-17500-9244","timestamp":"none"}}
{"preview":false,"result":{"_raw":"{\"CommandLine\":\"certutil -addstore -f \\\"Root\\\" \\\"C:\\\\Windows\\\\TEMP\\\\nsl84BF.tmp\\\\roots.p7b\\\"\",\"Computer\":\"win-dc-jhernandez-17500-200.attackrange.local\",\"Correlation_ActivityID\":\"\",\"EventID\":\"4688\",\"EventRecordID\":\"306319\",\"Execution_ProcessID\":\"4\",\"Execution_ThreadID\":\"4052\",\"Image\":\"C:\\\\Windows\\\\SysWOW64\\\\certutil.exe\",\"Keywords\":\"0\",\"Level\":\"0\",\"MandatoryLabel\":\"S-1-16-16384\",\"Match_Strings\":\"-addstore in CommandLine, Root in CommandLine, root in CommandLine, \\\\certutil.exe in Image\",\"Module\":\"Sigma\",\"NewProcessId\":\"4016\",\"Opcode\":\"0\",\"ParentImage\":\"C:\\\\Program Files\\\\SplunkUniversalForwarder\\\\etc\\\\apps\\\\Splunk_TA_stream\\\\windows_x86_64\\\\bin\\\\npcap-1.55-oem.exe\",\"ProcessId\":\"4720\",\"Provider_Guid\":\"{54849625-5478-4994-A5BA-3E3B0328C30D}\",\"Provider_Name\":\"Microsoft-Windows-Security-Auditing\",\"Rule_Author\":\"oscd.community, @redcanary, Zach Stanford @svch0st\",\"Rule_Description\":\"Adversaries may install a root certificate on a compromised system to avoid warnings when connecting to adversary controlled web servers.\",\"Rule_FalsePositives\":\"Help Desk or IT may need to manually add a corporate Root CA on occasion. Need to test if GPO push doesn't trigger FP\",\"Rule_Id\":\"46591fae-7a4c-46ea-aec3-dff5e6d785dc\",\"Rule_Level\":\"medium\",\"Rule_Link\":\"https://github.com/SigmaHQ/sigma/blob/0.20-3312-gfbf1b845/rules/windows/process_creation/proc_creation_win_root_certificate_installed.yml\",\"Rule_Modified\":\"2021/09/21\",\"Rule_Path\":\"public\\\\windows\\\\process_creation\\\\proc_creation_win_root_certificate_installed.yml\",\"Rule_References\":\"https://github.com/redcanaryco/atomic-red-team/blob/master/atomics/T1553.004/T1553.004.md\",\"Rule_Sigtype\":\"public\",\"Rule_Title\":\"Root Certificate Installed\",\"Security_UserID\":\"\",\"Source\":\"Security\",\"SubjectDomainName\":\"ATTACKRANGE\",\"SubjectLogonId\":\"0x3e7\",\"SubjectUserName\":\"WIN-DC-JHERNAND$\",\"SubjectUserSid\":\"S-1-5-18\",\"TargetDomainName\":\"-\",\"TargetLogonId\":\"0x0\",\"TargetUserName\":\"-\",\"TargetUserSid\":\"S-1-0-0\",\"Task\":\"13312\",\"TimeCreated_SystemTime\":\"2022-03-18T16:15:51.6752926Z\",\"TokenElevationType\":\"%%1936\",\"Version\":\"2\",\"level\":\"notice\",\"msg\":\"Sigma match found\",\"time\":\"2022-03-18T16:15:59Z\"}","_time":"2022-03-18T16:15:52.000+0000","eventtype":"nix-all-logs","host":"WIN-DC-JHERNAND","index":"win","linecount":"1","punct":"{\"\":\"_-_-_\\\"\\\"_\\\":\\\\\\\\\\\\.\\\\.\\\"\",\"\":\"----..\",\"\":\"\",","source":"C:\\aurora-agent-lite-win-pack\\aurora_alerts.json.log","sourcetype":"aurora-edr","splunk_server":"splunk-server-jhernandez-17500-9244","timestamp":"none"}}
{"preview":false,"result":{"_raw":"{\"CommandLine\":\"certutil -addstore -f \\\"Root\\\" \\\"C:\\\\Windows\\\\TEMP\\\\nsl84BF.tmp\\\\roots.p7b\\\"\",\"Company\":\"Microsoft Corporation\",\"Computer\":\"win-dc-jhernandez-17500-200\",\"Correlation_ActivityID\":\"{00000000-0000-0000-0000-000000000000}\",\"CurrentDirectory\":\"C:\\\\Windows\\\\TEMP\\\\nsl84BF.tmp\\\\\",\"Description\":\"CertUtil.exe\",\"EventID\":\"1\",\"Execution_ProcessID\":\"2832\",\"Execution_ThreadID\":\"2320\",\"FileVersion\":\"10.0.14393.4169 (rs1_release.210107-1130)\",\"Hashes\":\"MD5=E413A87E26D8BB40D5EAAD8C3BEAE325,SHA256=E2FE8483408A88E62E3E098875E4FBBA4D82DAF01D4FFCAEA465BF3DDA995780,IMPHASH=321AEE262F8E730A5541A76794F68DD2\",\"Image\":\"C:\\\\Windows\\\\SysWOW64\\\\certutil.exe\",\"IntegrityLevel\":\"System\",\"Keywords\":\"0x8000000000000000\",\"Level\":\"4\",\"LogonGuid\":\"{ffdf7e68-af12-6234-e703-000000000000}\",\"LogonId\":\"0x3E7\",\"Match_Strings\":\"-addstore in CommandLine, Root in CommandLine, root in CommandLine, \\\\certutil.exe in Image\",\"Module\":\"Sigma\",\"Opcode\":\"0\",\"OriginalFileName\":\"CertUtil.exe\",\"ParentCommandLine\":\"/winpcap_mode=no /no_kill=yes /S\",\"ParentImage\":\"C:\\\\Program Files\\\\SplunkUniversalForwarder\\\\etc\\\\apps\\\\Splunk_TA_stream\\\\windows_x86_64\\\\bin\\\\npcap-1.55-oem.exe\",\"ParentProcessGuid\":\"{ffdf7e68-b035-6234-f400-000000004102}\",\"ParentProcessId\":\"4720\",\"ProcessGuid\":\"{ffdf7e68-b037-6234-f900-000000004102}\",\"ProcessId\":\"4016\",\"Product\":\"Microsoft® Windows® Operating System\",\"Provider_Guid\":\"{5770385F-C22A-43E0-BF4C-06F5698FFBD9}\",\"Provider_Name\":\"Microsoft-Windows-Sysmon\",\"RuleName\":\"-\",\"Rule_Author\":\"oscd.community, @redcanary, Zach Stanford @svch0st\",\"Rule_Description\":\"Adversaries may install a root certificate on a compromised system to avoid warnings when connecting to adversary controlled web servers.\",\"Rule_FalsePositives\":\"Help Desk or IT may need to manually add a corporate Root CA on occasion. Need to test if GPO push doesn't trigger FP\",\"Rule_Id\":\"46591fae-7a4c-46ea-aec3-dff5e6d785dc\",\"Rule_Level\":\"medium\",\"Rule_Link\":\"https://github.com/SigmaHQ/sigma/blob/0.20-3312-gfbf1b845/rules/windows/process_creation/proc_creation_win_root_certificate_installed.yml\",\"Rule_Modified\":\"2021/09/21\",\"Rule_Path\":\"public\\\\windows\\\\process_creation\\\\proc_creation_win_root_certificate_installed.yml\",\"Rule_References\":\"https://github.com/redcanaryco/atomic-red-team/blob/master/atomics/T1553.004/T1553.004.md\",\"Rule_Sigtype\":\"public\",\"Rule_Title\":\"Root Certificate Installed\",\"Security_UserID\":\"S-1-5-18\",\"Task\":\"1\",\"TerminalSessionId\":\"0\",\"TimeCreated_SystemTime\":\"2022-03-18T16:15:52.0380699Z\",\"User\":\"NT AUTHORITY\\\\SYSTEM\",\"UtcTime\":\"2022-03-18 16:15:51.675\",\"Version\":\"5\",\"level\":\"notice\",\"msg\":\"Sigma match found\",\"time\":\"2022-03-18T16:15:52Z\"}","_time":"2022-03-18T16:15:52.000+0000","eventtype":"nix-all-logs","host":"WIN-DC-JHERNAND","index":"win","linecount":"1","punct":"{\"\":\"_-_-_\\\"\\\"_\\\":\\\\\\\\\\\\.\\\\.\\\"\",\"\":\"_\",\"\":\"----\",\"","source":"C:\\aurora-agent-lite-win-pack\\aurora_alerts.json.log","sourcetype":"aurora-edr","splunk_server":"splunk-server-jhernandez-17500-9244","timestamp":"none"}}
{"preview":false,"result":{"_raw":"{\"CallTrace\":\"C:\\\\Windows\\\\SYSTEM32\\\\ntdll.dll+a6144|C:\\\\Windows\\\\System32\\\\KERNELBASE.dll+221bd|C:\\\\Windows\\\\TEMP\\\\nsl84BF.tmp\\\\NPFInstall.exe+93ed|C:\\\\Windows\\\\TEMP\\\\nsl84BF.tmp\\\\NPFInstall.exe+a0f4|C:\\\\Windows\\\\TEMP\\\\nsl84BF.tmp\\\\NPFInstall.exe+a61e|C:\\\\Windows\\\\TEMP\\\\nsl84BF.tmp\\\\NPFInstall.exe+7a0f|C:\\\\Windows\\\\TEMP\\\\nsl84BF.tmp\\\\NPFInstall.exe+e61c|C:\\\\Windows\\\\System32\\\\KERNEL32.DLL+84d4|C:\\\\Windows\\\\SYSTEM32\\\\ntdll.dll+51791\",\"Computer\":\"win-dc-jhernandez-17500-200\",\"Correlation_ActivityID\":\"{00000000-0000-0000-0000-000000000000}\",\"EventID\":\"10\",\"Execution_ProcessID\":\"2832\",\"Execution_ThreadID\":\"2320\",\"GrantedAccess\":\"0x1410\",\"Keywords\":\"0x8000000000000000\",\"Level\":\"4\",\"Match_Strings\":\"0x1410 in GrantedAccess, \\\\lsass.exe in TargetImage\",\"Module\":\"Sigma\",\"Opcode\":\"0\",\"Provider_Guid\":\"{5770385F-C22A-43E0-BF4C-06F5698FFBD9}\",\"Provider_Name\":\"Microsoft-Windows-Sysmon\",\"RuleName\":\"-\",\"Rule_Author\":\"Florian Roth, Roberto Rodriguez, Dimitrios Slamaris, Mark Russinovich, Thomas Patzke, Teymur Kheirkhabarov, Sherif Eldeeb, James Dickenson, Aleksey Potapov, oscd.community (update)\",\"Rule_Description\":\"Detects process access LSASS memory which is typical for credentials dumping tools\",\"Rule_FalsePositives\":\"Legitimate software accessing LSASS process for legitimate reason; please add more filters\",\"Rule_Id\":\"32d0d3e2-e58d-4d41-926b-18b520b2b32d\",\"Rule_Level\":\"high\",\"Rule_Link\":\"https://github.com/SigmaHQ/sigma/blob/0.20-3312-gfbf1b845/rules/windows/process_access/proc_access_win_cred_dump_lsass_access.yml\",\"Rule_Modified\":\"2022/02/27\",\"Rule_Path\":\"public\\\\windows\\\\process_access\\\\proc_access_win_cred_dump_lsass_access.yml\",\"Rule_References\":\"https://onedrive.live.com/view.aspx?resid=D026B4699190F1E6!2843\\u0026ithint=file%2cpptx\\u0026app=PowerPoint\\u0026authkey=!AMvCRTKB_V1J5ow, https://cyberwardog.blogspot.com/2017/03/chronicles-of-threat-hunter-hunting-for_22.html, https://www.slideshare.net/heirhabarov/hunting-for-credentials-dumping-in-windows-environment, http://security-research.dyndns.org/pub/slides/FIRST2017/FIRST-2017_Tom-Ueltschi_Sysmon_FINAL_notes.pdf\",\"Rule_Sigtype\":\"public\",\"Rule_Title\":\"Credentials Dumping Tools Accessing LSASS Memory\",\"Security_UserID\":\"S-1-5-18\",\"SourceImage\":\"C:\\\\Windows\\\\TEMP\\\\nsl84BF.tmp\\\\NPFInstall.exe\",\"SourceProcessGUID\":\"{ffdf7e68-b037-6234-f600-000000004102}\",\"SourceProcessId\":\"3136\",\"SourceThreadId\":\"3928\",\"TargetImage\":\"C:\\\\Windows\\\\system32\\\\lsass.exe\",\"TargetProcessGUID\":\"{ffdf7e68-af12-6234-0b00-000000004102}\",\"TargetProcessId\":\"624\",\"Task\":\"10\",\"TimeCreated_SystemTime\":\"2022-03-18T16:15:51.5935095Z\",\"UtcTime\":\"2022-03-18 16:15:51.266\",\"Version\":\"3\",\"level\":\"warning\",\"msg\":\"Sigma match found\",\"time\":\"2022-03-18T16:15:52Z\"}","_time":"2022-03-18T16:15:52.000+0000","eventtype":"nix-all-logs","host":"WIN-DC-JHERNAND","index":"win","linecount":"1","punct":"{\"\":\":\\\\\\\\\\\\.+|:\\\\\\\\\\\\.+|:\\\\\\\\\\\\.\\\\.+|:\\\\\\\\\\\\.\\\\.+","source":"C:\\aurora-agent-lite-win-pack\\aurora_alerts.json.log","sourcetype":"aurora-edr","splunk_server":"splunk-server-jhernandez-17500-9244","timestamp":"none"}}
{"preview":false,"result":{"_raw":"{\"CallTrace\":\"C:\\\\Windows\\\\SYSTEM32\\\\ntdll.dll+a6144|C:\\\\Windows\\\\System32\\\\KERNELBASE.dll+221bd|C:\\\\Windows\\\\TEMP\\\\nsl84BF.tmp\\\\NPFInstall.exe+93ed|C:\\\\Windows\\\\TEMP\\\\nsl84BF.tmp\\\\NPFInstall.exe+a0f4|C:\\\\Windows\\\\TEMP\\\\nsl84BF.tmp\\\\NPFInstall.exe+a61e|C:\\\\Windows\\\\TEMP\\\\nsl84BF.tmp\\\\NPFInstall.exe+7a0f|C:\\\\Windows\\\\TEMP\\\\nsl84BF.tmp\\\\NPFInstall.exe+e61c|C:\\\\Windows\\\\System32\\\\KERNEL32.DLL+84d4|C:\\\\Windows\\\\SYSTEM32\\\\ntdll.dll+51791\",\"Computer\":\"win-dc-jhernandez-17500-200\",\"Correlation_ActivityID\":\"{00000000-0000-0000-0000-000000000000}\",\"EventID\":\"10\",\"Execution_ProcessID\":\"2832\",\"Execution_ThreadID\":\"2320\",\"GrantedAccess\":\"0x1410\",\"Keywords\":\"0x8000000000000000\",\"Level\":\"4\",\"Match_Strings\":\"10 in GrantedAccess, \\\\lsass.exe in TargetImage\",\"Module\":\"Sigma\",\"Opcode\":\"0\",\"Provider_Guid\":\"{5770385F-C22A-43E0-BF4C-06F5698FFBD9}\",\"Provider_Name\":\"Microsoft-Windows-Sysmon\",\"RuleName\":\"-\",\"Rule_Author\":\"Florian Roth\",\"Rule_Description\":\"Detects process access to LSASS memory with suspicious access flags 0x410 and 0x01410 (spin-off of similar rule)\",\"Rule_FalsePositives\":\"Legitimate software accessing LSASS process for legitimate reason\",\"Rule_Id\":\"678dfc63-fefb-47a5-a04c-26bcf8cc9f65\",\"Rule_Level\":\"medium\",\"Rule_Link\":\"https://github.com/SigmaHQ/sigma/blob/0.20-3312-gfbf1b845/rules/windows/process_access/proc_access_win_rare_proc_access_lsass.yml\",\"Rule_Modified\":\"2022/03/13\",\"Rule_Path\":\"public\\\\windows\\\\process_access\\\\proc_access_win_rare_proc_access_lsass.yml\",\"Rule_References\":\"https://docs.microsoft.com/en-us/windows/win32/procthread/process-security-and-access-rights, https://onedrive.live.com/view.aspx?resid=D026B4699190F1E6!2843\\u0026ithint=file%2cpptx\\u0026app=PowerPoint\\u0026authkey=!AMvCRTKB_V1J5ow, https://cyberwardog.blogspot.com/2017/03/chronicles-of-threat-hunter-hunting-for_22.html, https://www.slideshare.net/heirhabarov/hunting-for-credentials-dumping-in-windows-environment, http://security-research.dyndns.org/pub/slides/FIRST2017/FIRST-2017_Tom-Ueltschi_Sysmon_FINAL_notes.pdf\",\"Rule_Sigtype\":\"public\",\"Rule_Title\":\"Rare GrantedAccess Flags on LSASS Access\",\"Security_UserID\":\"S-1-5-18\",\"SourceImage\":\"C:\\\\Windows\\\\TEMP\\\\nsl84BF.tmp\\\\NPFInstall.exe\",\"SourceProcessGUID\":\"{ffdf7e68-b037-6234-f600-000000004102}\",\"SourceProcessId\":\"3136\",\"SourceThreadId\":\"3928\",\"TargetImage\":\"C:\\\\Windows\\\\system32\\\\lsass.exe\",\"TargetProcessGUID\":\"{ffdf7e68-af12-6234-0b00-000000004102}\",\"TargetProcessId\":\"624\",\"Task\":\"10\",\"TimeCreated_SystemTime\":\"2022-03-18T16:15:51.5935095Z\",\"UtcTime\":\"2022-03-18 16:15:51.266\",\"Version\":\"3\",\"level\":\"notice\",\"msg\":\"Sigma match found\",\"time\":\"2022-03-18T16:15:52Z\"}","_time":"2022-03-18T16:15:52.000+0000","eventtype":"nix-all-logs","host":"WIN-DC-JHERNAND","index":"win","linecount":"1","punct":"{\"\":\":\\\\\\\\\\\\.+|:\\\\\\\\\\\\.+|:\\\\\\\\\\\\.\\\\.+|:\\\\\\\\\\\\.\\\\.+","source":"C:\\aurora-agent-lite-win-pack\\aurora_alerts.json.log","sourcetype":"aurora-edr","splunk_server":"splunk-server-jhernandez-17500-9244","timestamp":"none"}}
{"preview":false,"result":{"_raw":"{\"CallTrace\":\"C:\\\\Windows\\\\SYSTEM32\\\\ntdll.dll+a6144|C:\\\\Windows\\\\System32\\\\KERNELBASE.dll+221bd|C:\\\\Windows\\\\TEMP\\\\nsl84BF.tmp\\\\NPFInstall.exe+93ed|C:\\\\Windows\\\\TEMP\\\\nsl84BF.tmp\\\\NPFInstall.exe+a0f4|C:\\\\Windows\\\\TEMP\\\\nsl84BF.tmp\\\\NPFInstall.exe+a61e|C:\\\\Windows\\\\TEMP\\\\nsl84BF.tmp\\\\NPFInstall.exe+7a0f|C:\\\\Windows\\\\TEMP\\\\nsl84BF.tmp\\\\NPFInstall.exe+e61c|C:\\\\Windows\\\\System32\\\\KERNEL32.DLL+84d4|C:\\\\Windows\\\\SYSTEM32\\\\ntdll.dll+51791\",\"Computer\":\"win-dc-jhernandez-17500-200\",\"Correlation_ActivityID\":\"{00000000-0000-0000-0000-000000000000}\",\"EventID\":\"10\",\"Execution_ProcessID\":\"2832\",\"Execution_ThreadID\":\"2320\",\"GrantedAccess\":\"0x1410\",\"Keywords\":\"0x8000000000000000\",\"Level\":\"4\",\"Match_Strings\":\"10 in GrantedAccess, \\\\TEMP\\\\ in SourceImage, \\\\lsass.exe in TargetImage\",\"Module\":\"Sigma\",\"Opcode\":\"0\",\"Provider_Guid\":\"{5770385F-C22A-43E0-BF4C-06F5698FFBD9}\",\"Provider_Name\":\"Microsoft-Windows-Sysmon\",\"RuleName\":\"-\",\"Rule_Author\":\"Florian Roth\",\"Rule_Description\":\"Detects process access to LSASS memory with suspicious access flags and from a suspicious folder\",\"Rule_FalsePositives\":\"Legitimate software accessing LSASS process for legitimate reason\",\"Rule_Id\":\"fa34b441-961a-42fa-a100-ecc28c886725\",\"Rule_Level\":\"high\",\"Rule_Link\":\"https://github.com/SigmaHQ/sigma/blob/0.20-3312-gfbf1b845/rules/windows/process_access/proc_access_win_susp_proc_access_lsass_susp_source.yml\",\"Rule_Modified\":\"2022/02/27\",\"Rule_Path\":\"public\\\\windows\\\\process_access\\\\proc_access_win_susp_proc_access_lsass_susp_source.yml\",\"Rule_References\":\"https://docs.microsoft.com/en-us/windows/win32/procthread/process-security-and-access-rights, https://onedrive.live.com/view.aspx?resid=D026B4699190F1E6!2843\\u0026ithint=file%2cpptx\\u0026app=PowerPoint\\u0026authkey=!AMvCRTKB_V1J5ow, https://cyberwardog.blogspot.com/2017/03/chronicles-of-threat-hunter-hunting-for_22.html, https://www.slideshare.net/heirhabarov/hunting-for-credentials-dumping-in-windows-environment, http://security-research.dyndns.org/pub/slides/FIRST2017/FIRST-2017_Tom-Ueltschi_Sysmon_FINAL_notes.pdf\",\"Rule_Sigtype\":\"public\",\"Rule_Title\":\"LSASS Access from Program in Suspicious Folder\",\"Security_UserID\":\"S-1-5-18\",\"SourceImage\":\"C:\\\\Windows\\\\TEMP\\\\nsl84BF.tmp\\\\NPFInstall.exe\",\"SourceProcessGUID\":\"{ffdf7e68-b037-6234-f600-000000004102}\",\"SourceProcessId\":\"3136\",\"SourceThreadId\":\"3928\",\"TargetImage\":\"C:\\\\Windows\\\\system32\\\\lsass.exe\",\"TargetProcessGUID\":\"{ffdf7e68-af12-6234-0b00-000000004102}\",\"TargetProcessId\":\"624\",\"Task\":\"10\",\"TimeCreated_SystemTime\":\"2022-03-18T16:15:51.5935095Z\",\"UtcTime\":\"2022-03-18 16:15:51.266\",\"Version\":\"3\",\"level\":\"warning\",\"msg\":\"Sigma match found\",\"time\":\"2022-03-18T16:15:52Z\"}","_time":"2022-03-18T16:15:52.000+0000","eventtype":"nix-all-logs","host":"WIN-DC-JHERNAND","index":"win","linecount":"1","punct":"{\"\":\":\\\\\\\\\\\\.+|:\\\\\\\\\\\\.+|:\\\\\\\\\\\\.\\\\.+|:\\\\\\\\\\\\.\\\\.+","source":"C:\\aurora-agent-lite-win-pack\\aurora_alerts.json.log","sourcetype":"aurora-edr","splunk_server":"splunk-server-jhernandez-17500-9244","timestamp":"none"}}
{"preview":false,"result":{"_raw":"{\"Company\":\"Insecure.Com LLC.\",\"Computer\":\"win-dc-jhernandez-17500-200\",\"Correlation_ActivityID\":\"{00000000-0000-0000-0000-000000000000}\",\"Description\":\"A LWF \\u0026 WFP driver installation tool\",\"DesiredAccess\":\"1040\",\"EventID\":\"5\",\"FileCreationDate\":\"2021-08-30T17:47:04\",\"FileVersion\":\"1.55\",\"GrantedAccess\":\"0x410\",\"Hashes\":\"MD5=2BCA4E32988E59EBF23ABD9B3ABE61E1,SHA1=216EA7AF13C7077CB0278FDAD2E765D8BC025F52,SHA256=3B7D4A3E7E99ED686C1DFA8F51E60EFB775A3D10A3BD78670CB53E1F5D2F841D,IMPHASH=596D8DB0DE29AE6D4AACEFE8943C3DD2\",\"Keywords\":\"0x0\",\"Level\":\"4\",\"Match_Strings\":\"10 in GrantedAccess, \\\\Temp\\\\ in SourceImage, \\\\lsass.exe in TargetImage\",\"Module\":\"Sigma\",\"Opcode\":\"0\",\"OriginalFileName\":\"NPFInstall.exe\",\"Product\":\"Npcap\",\"Provider_Guid\":\"{E02A841C-75A3-4FA7-AFC8-AE09CF9B7F23}\",\"Provider_Name\":\"Microsoft-Windows-Kernel-Audit-API-Calls\",\"ReturnCode\":\"0\",\"Rule_Author\":\"Florian Roth\",\"Rule_Description\":\"Detects process access to LSASS memory with suspicious access flags and from a suspicious folder\",\"Rule_FalsePositives\":\"Legitimate software accessing LSASS process for legitimate reason\",\"Rule_Id\":\"fa34b441-961a-42fa-a100-ecc28c886725\",\"Rule_Level\":\"high\",\"Rule_Link\":\"https://github.com/SigmaHQ/sigma/blob/0.20-3312-gfbf1b845/rules/windows/process_access/proc_access_win_susp_proc_access_lsass_susp_source.yml\",\"Rule_Modified\":\"2022/02/27\",\"Rule_Path\":\"public\\\\windows\\\\process_access\\\\proc_access_win_susp_proc_access_lsass_susp_source.yml\",\"Rule_References\":\"https://docs.microsoft.com/en-us/windows/win32/procthread/process-security-and-access-rights, https://onedrive.live.com/view.aspx?resid=D026B4699190F1E6!2843\\u0026ithint=file%2cpptx\\u0026app=PowerPoint\\u0026authkey=!AMvCRTKB_V1J5ow, https://cyberwardog.blogspot.com/2017/03/chronicles-of-threat-hunter-hunting-for_22.html, https://www.slideshare.net/heirhabarov/hunting-for-credentials-dumping-in-windows-environment, http://security-research.dyndns.org/pub/slides/FIRST2017/FIRST-2017_Tom-Ueltschi_Sysmon_FINAL_notes.pdf\",\"Rule_Sigtype\":\"public\",\"Rule_Title\":\"LSASS Access from Program in Suspicious Folder\",\"Security_UserID\":\"S-1-5-18\",\"SourceImage\":\"C:\\\\Windows\\\\Temp\\\\nsl84BF.tmp\\\\NPFInstall.exe\",\"SourceImageAge\":\"199d22h28m48s\",\"SourceProcessId\":\"3136\",\"SourceThreadId\":\"3928\",\"SourceUser\":\"NT AUTHORITY\\\\SYSTEM\",\"TargetImage\":\"C:\\\\Windows\\\\System32\\\\lsass.exe\",\"TargetProcessId\":\"624\",\"TargetUser\":\"NT AUTHORITY\\\\SYSTEM\",\"Task\":\"0\",\"TimeCreated_SystemTime\":\"2022-03-18T16:15:51.5934677Z\",\"Timestamp\":\"2021-08-29T00:22:49\",\"Version\":\"0\",\"level\":\"warning\",\"msg\":\"Sigma match found\",\"time\":\"2022-03-18T16:15:52Z\"}","_time":"2022-03-18T16:15:52.000+0000","eventtype":["nix-all-logs","nix_kernel_attached"],"host":"WIN-DC-JHERNAND","index":"win","linecount":"1","punct":"{\"\":\"._.\",\"\":\"----\",\"\":\"{----}\",\"\":\"__\\____\",\"\":\"\"","source":"C:\\aurora-agent-lite-win-pack\\aurora_alerts.json.log","sourcetype":"aurora-edr","splunk_server":"splunk-server-jhernandez-17500-9244","tag":["kernel","os","unix"],"tag::eventtype":["kernel","os","unix"],"timestamp":"none"}}
{"preview":false,"result":{"_raw":"{\"Company\":\"Insecure.Com LLC.\",\"Computer\":\"win-dc-jhernandez-17500-200\",\"Correlation_ActivityID\":\"{00000000-0000-0000-0000-000000000000}\",\"Description\":\"A LWF \\u0026 WFP driver installation tool\",\"DesiredAccess\":\"1040\",\"EventID\":\"5\",\"FileCreationDate\":\"2021-08-30T17:47:04\",\"FileVersion\":\"1.55\",\"GrantedAccess\":\"0x410\",\"Hashes\":\"MD5=2BCA4E32988E59EBF23ABD9B3ABE61E1,SHA1=216EA7AF13C7077CB0278FDAD2E765D8BC025F52,SHA256=3B7D4A3E7E99ED686C1DFA8F51E60EFB775A3D10A3BD78670CB53E1F5D2F841D,IMPHASH=596D8DB0DE29AE6D4AACEFE8943C3DD2\",\"Keywords\":\"0x0\",\"Level\":\"4\",\"Match_Strings\":\"10 in GrantedAccess, \\\\lsass.exe in TargetImage\",\"Module\":\"Sigma\",\"Opcode\":\"0\",\"OriginalFileName\":\"NPFInstall.exe\",\"Product\":\"Npcap\",\"Provider_Guid\":\"{E02A841C-75A3-4FA7-AFC8-AE09CF9B7F23}\",\"Provider_Name\":\"Microsoft-Windows-Kernel-Audit-API-Calls\",\"ReturnCode\":\"0\",\"Rule_Author\":\"Florian Roth\",\"Rule_Description\":\"Detects process access to LSASS memory with suspicious access flags 0x410 and 0x01410 (spin-off of similar rule)\",\"Rule_FalsePositives\":\"Legitimate software accessing LSASS process for legitimate reason\",\"Rule_Id\":\"678dfc63-fefb-47a5-a04c-26bcf8cc9f65\",\"Rule_Level\":\"medium\",\"Rule_Link\":\"https://github.com/SigmaHQ/sigma/blob/0.20-3312-gfbf1b845/rules/windows/process_access/proc_access_win_rare_proc_access_lsass.yml\",\"Rule_Modified\":\"2022/03/13\",\"Rule_Path\":\"public\\\\windows\\\\process_access\\\\proc_access_win_rare_proc_access_lsass.yml\",\"Rule_References\":\"https://docs.microsoft.com/en-us/windows/win32/procthread/process-security-and-access-rights, https://onedrive.live.com/view.aspx?resid=D026B4699190F1E6!2843\\u0026ithint=file%2cpptx\\u0026app=PowerPoint\\u0026authkey=!AMvCRTKB_V1J5ow, https://cyberwardog.blogspot.com/2017/03/chronicles-of-threat-hunter-hunting-for_22.html, https://www.slideshare.net/heirhabarov/hunting-for-credentials-dumping-in-windows-environment, http://security-research.dyndns.org/pub/slides/FIRST2017/FIRST-2017_Tom-Ueltschi_Sysmon_FINAL_notes.pdf\",\"Rule_Sigtype\":\"public\",\"Rule_Title\":\"Rare GrantedAccess Flags on LSASS Access\",\"Security_UserID\":\"S-1-5-18\",\"SourceImage\":\"C:\\\\Windows\\\\Temp\\\\nsl84BF.tmp\\\\NPFInstall.exe\",\"SourceImageAge\":\"199d22h28m48s\",\"SourceProcessId\":\"3136\",\"SourceThreadId\":\"3928\",\"SourceUser\":\"NT AUTHORITY\\\\SYSTEM\",\"TargetImage\":\"C:\\\\Windows\\\\System32\\\\lsass.exe\",\"TargetProcessId\":\"624\",\"TargetUser\":\"NT AUTHORITY\\\\SYSTEM\",\"Task\":\"0\",\"TimeCreated_SystemTime\":\"2022-03-18T16:15:51.5934677Z\",\"Timestamp\":\"2021-08-29T00:22:49\",\"Version\":\"0\",\"level\":\"notice\",\"msg\":\"Sigma match found\",\"time\":\"2022-03-18T16:15:52Z\"}","_time":"2022-03-18T16:15:52.000+0000","eventtype":["nix-all-logs","nix_kernel_attached"],"host":"WIN-DC-JHERNAND","index":"win","linecount":"1","punct":"{\"\":\"._.\",\"\":\"----\",\"\":\"{----}\",\"\":\"__\\____\",\"\":\"\"","source":"C:\\aurora-agent-lite-win-pack\\aurora_alerts.json.log","sourcetype":"aurora-edr","splunk_server":"splunk-server-jhernandez-17500-9244","tag":["kernel","os","unix"],"tag::eventtype":["kernel","os","unix"],"timestamp":"none"}}
{"preview":false,"result":{"_raw":"{\"active-modules\":\"ApplyIOCs, Rescontrol, Sigma, ETW-Provider, ETW-Kernel-Provider, Eventlog-Provider, Handle-Polling\",\"false-positive-filters\":0,\"inactive-modules\":\"LsassDumpDetector, BeaconHunter, EtwCanary, CommandLineMismatchDetector, ProcessTamperingDetector, TemporaryDriverLoadDetector\",\"json\":true,\"level\":\"info\",\"license-owner\":\"Jose Hernandez (jhernandez@splunk.com)\",\"license-valid-from\":\"2022/02/16\",\"license-valid-to\":\"2023/02/24\",\"logfile\":\"C:\\\\aurora-agent-lite-win-pack\\\\aurora_alerts.json.log\",\"msg\":\"Aurora Agent started\",\"no-stdout\":true,\"process-excludes\":0,\"rules\":1263,\"time\":\"2022-03-18T16:11:23Z\",\"version\":\"Aurora Agent Lite Version 0.8.3 (b2bb22e26beda), Signature Revision 2022/03/18-100025 (Sigma 0.20-3312-gfbf1b845)\"}","_time":"2022-03-18T16:10:45.000+0000","eventtype":["nix-all-logs","nix_kernel_attached"],"host":"WIN-DC-JHERNAND","index":"win","linecount":"1","punct":"{\"-\":\",_,_,_-,_--,_-,_-\",\"--\":,\"-\":\",_,_,_,_,_\",\"\"","source":"C:\\aurora-agent-lite-win-pack\\aurora_alerts.json.log","sourcetype":"aurora-edr","splunk_server":"splunk-server-jhernandez-17500-9244","tag":["kernel","os","unix"],"tag::eventtype":["kernel","os","unix"],"timestamp":"none"}}
{"preview":false,"result":{"_raw":"{\"Module\":\"EventDistributor\",\"level\":\"info\",\"msg\":\"Some sources are not available on this system\",\"sources\":\"WinEventLog:Microsoft-Windows-Windows Defender/Operational, WinEventLog:Microsoft-Windows-VHDMP/Activity, WinEventLog:Microsoft-Windows-DHCP-Server/Operational, WinEventLog:MSExchange Management\",\"time\":\"2022-03-18T16:11:23Z\"}","_time":"2022-03-18T16:10:45.000+0000","eventtype":"nix-all-logs","host":"WIN-DC-JHERNAND","index":"win","linecount":"1","punct":"{\"\":\"\",\"\":\"\",\"\":\"_______\",\"\":\":--_/,_:--/,_:---/,_","source":"C:\\aurora-agent-lite-win-pack\\aurora_alerts.json.log","sourcetype":"aurora-edr","splunk_server":"splunk-server-jhernandez-17500-9244","timestamp":"none"}}
{"preview":false,"result":{"_raw":"{\"Module\":\"EventDistributor\",\"error\":\"could not register for kernel flag Process: failed to set flags; TraceQueryInformation failed; The request is not supported.\",\"level\":\"info\",\"msg\":\"Could not register for source\",\"source\":\"SystemLogger:Process\",\"time\":\"2022-03-18T16:11:23Z\"}","_time":"2022-03-18T16:10:45.000+0000","eventtype":["err0r","nix-all-logs","nix_errors","nix_kernel_attached"],"host":"WIN-DC-JHERNAND","index":"win","linecount":"1","punct":"{\"\":\"\",\"\":\"______:____;__;_____.\",\"\":\"\",\"\":\"____\",","source":"C:\\aurora-agent-lite-win-pack\\aurora_alerts.json.log","sourcetype":"aurora-edr","splunk_server":"splunk-server-jhernandez-17500-9244","tag":["error","kernel","os","unix"],"tag::eventtype":["error","kernel","os","unix"],"timestamp":"none"}}
{"preview":false,"result":{"_raw":"{\"level\":\"info\",\"msg\":\"Aurora Agent stopped\",\"time\":\"2022-03-18T16:10:45Z\"}","_time":"2022-03-18T16:10:45.000+0000","eventtype":"nix-all-logs","host":"WIN-DC-JHERNAND","index":"win","linecount":"1","punct":"{\"\":\"\",\"\":\"__\",\"\":\"--::\"}","source":"C:\\aurora-agent-lite-win-pack\\aurora_alerts.json.log","sourcetype":"aurora-edr","splunk_server":"splunk-server-jhernandez-17500-9244","timestamp":"none"}}
{"preview":false,"result":{"_raw":"{\"level\":\"info\",\"lost_events\":0,\"msg\":\"Agent status: Running\",\"received_events\":132281,\"sigma_matches\":297,\"suppressed_sigma_matches\":241,\"time\":\"2022-03-18T16:10:44Z\",\"uptime\":\"0h\",\"version\":\"Aurora Agent Lite Version 0.8.3 (b2bb22e26beda), Signature Revision 2022/03/18-100025 (Sigma 0.20-3312-gfbf1b845)\"}","_time":"2022-03-18T16:10:45.000+0000","eventtype":"nix-all-logs","host":"WIN-DC-JHERNAND","index":"win","linecount":"1","punct":"{\"\":\"\",\"\":,\"\":\"_:_\",\"\":,\"\":,\"\":,\"\":\"--::\",\"\":\"\",\"\"","source":"C:\\aurora-agent-lite-win-pack\\aurora_alerts.json.log","sourcetype":"aurora-edr","splunk_server":"splunk-server-jhernandez-17500-9244","timestamp":"none"}}
{"preview":false,"result":{"_raw":"{\"CommandLine\":\"\\\"C:\\\\Windows\\\\System32\\\\WindowsPowerShell\\\\v1.0\\\\powershell.exe\\\" -NoProfile -NonInteractive -ExecutionPolicy Unrestricted -EncodedCommand UwBlAHQALQBTAHQAcgBpAGMAdABNAG8AZABlACAALQBWAGUAcgBzAGkAbwBuACAATABhAHQAZQBzAHQACgBSAGUAbQBvAHYAZQAtAEkAdABlAG0AIAAnAEMAOgBcAFUAcwBlAHIAcwBcAEEAZABtAGkAbgBpAHMAdAByAGEAdABvAHIAXABBAHAAcABEAGEAdABhAFwATABvAGMAYQBsAFwAVABlAG0AcABcAGEAbgBzAGkAYgBsAGUALQB0AG0AcAAtADEANgA0ADcANgAxADkAOAAyADMALgAwADcAOAA1ADgANAA0AC0AMQA4ADgAMwA4ADMAMgAtADIAMAAxADMAMgA0ADcAOAA2ADcAOQA3ADcANgAyAFwALgAnACAALQBGAG8AcgBjAGUAIAAtAFIAZQBjAHUAcgBzAGUAOwAKAEkAZgAgACgALQBuAG8AdAAgACQAPwApACAAewAgAEkAZgAgACgARwBlAHQALQBWAGEAcgBpAGEAYgBsAGUAIABMAEEAUwBUAEUAWABJAFQAQwBPAEQARQAgAC0ARQByAHIAbwByAEEAYwB0AGkAbwBuACAAUwBpAGwAZQBuAHQAbAB5AEMAbwBuAHQAaQBuAHUAZQApACAAewAgAGUAeABpAHQAIAAkAEwAQQBTAFQARQBYAEkAVABDAE8ARABFACAAfQAgAEUAbABzAGUAIAB7ACAAZQB4AGkAdAAgADEAIAB9ACAAfQA=\",\"Computer\":\"win-dc-jhernandez-17500-200.attackrange.local\",\"Correlation_ActivityID\":\"\",\"EventID\":\"4688\",\"EventRecordID\":\"305571\",\"Execution_ProcessID\":\"4\",\"Execution_ThreadID\":\"136\",\"Image\":\"C:\\\\Windows\\\\System32\\\\WindowsPowerShell\\\\v1.0\\\\powershell.exe\",\"Keywords\":\"0\",\"Level\":\"0\",\"MandatoryLabel\":\"S-1-16-12288\",\"Match_Strings\":\"' -E' in CommandLine, ' -E' in CommandLine, ' UwB' in CommandLine\",\"Module\":\"Sigma\",\"NewProcessId\":\"4312\",\"Opcode\":\"0\",\"ParentImage\":\"C:\\\\Windows\\\\System32\\\\WindowsPowerShell\\\\v1.0\\\\powershell.exe\",\"ProcessId\":\"1232\",\"Provider_Guid\":\"{54849625-5478-4994-A5BA-3E3B0328C30D}\",\"Provider_Name\":\"Microsoft-Windows-Security-Auditing\",\"Rule_Author\":\"Florian Roth, Markus Neis, Jonhnathan Ribeiro, Daniil Yugoslavskiy, Anton Kutepov, oscd.community\",\"Rule_Description\":\"Detects suspicious powershell process starts with base64 encoded commands (e.g. Emotet)\",\"Rule_FalsePositives\":\"\",\"Rule_Id\":\"ca2092a1-c273-4878-9b4b-0d60115bf5ea\",\"Rule_Level\":\"high\",\"Rule_Link\":\"https://github.com/SigmaHQ/sigma/blob/0.20-3312-gfbf1b845/rules/windows/process_creation/proc_creation_win_susp_powershell_enc_cmd.yml\",\"Rule_Modified\":\"2021/03/02\",\"Rule_Path\":\"public\\\\windows\\\\process_creation\\\\proc_creation_win_susp_powershell_enc_cmd.yml\",\"Rule_References\":\"https://app.any.run/tasks/6217d77d-3189-4db2-a957-8ab239f3e01e\",\"Rule_Sigtype\":\"public\",\"Rule_Title\":\"Suspicious Encoded PowerShell Command Line\",\"Security_UserID\":\"\",\"Source\":\"Security\",\"SubjectDomainName\":\"ATTACKRANGE\",\"SubjectLogonId\":\"0x130b98\",\"SubjectUserName\":\"Administrator\",\"SubjectUserSid\":\"S-1-5-21-3651310434-676309764-3668584008-500\",\"TargetDomainName\":\"-\",\"TargetLogonId\":\"0x0\",\"TargetUserName\":\"-\",\"TargetUserSid\":\"S-1-0-0\",\"Task\":\"13312\",\"TimeCreated_SystemTime\":\"2022-03-18T16:10:28.2093183Z\",\"TokenElevationType\":\"%%1936\",\"Version\":\"2\",\"level\":\"warning\",\"msg\":\"Sigma match found\",\"time\":\"2022-03-18T16:10:37Z\"}","_time":"2022-03-18T16:10:27.000+0000","eventtype":"nix-all-logs","host":"WIN-DC-JHERNAND","index":"win","linecount":"1","punct":"{\"\":\"\\\":\\\\\\\\\\\\\\\\.\\\\.\\\"_-_-_-__-_=\",\"\":\"----..\",\"\":","source":"C:\\aurora-agent-lite-win-pack\\aurora_alerts.json.log","sourcetype":"aurora-edr","splunk_server":"splunk-server-jhernandez-17500-9244","timestamp":"none"}}
{"preview":false,"result":{"_raw":"{\"Computer\":\"win-dc-jhernandez-17500-200\",\"Correlation_ActivityID\":\"{28083AC2-3AE2-0007-1940-0828E23AD801}\",\"EventID\":\"5859\",\"Execution_ProcessID\":\"1296\",\"Execution_ThreadID\":\"1380\",\"Keywords\":\"0x4000000000000000\",\"Level\":\"0\",\"Match_Strings\":\"5859 in EventID\",\"Module\":\"Sigma\",\"NamespaceName\":\"//./root/cimv2\",\"Opcode\":\"0\",\"PossibleCause\":\"Permanent\",\"Provider_Guid\":\"{1418EF04-B0B4-4623-BF7E-D74AB47BBDAA}\",\"Provider_Name\":\"Microsoft-Windows-WMI-Activity\",\"Query\":\"select * from MSFT_SCMEventLogEvent\",\"Rule_Author\":\"Florian Roth, Gleb Sukhodolskiy, Timur Zinniatullin oscd.community\",\"Rule_Description\":\"Detects suspicious WMI event filter and command line event consumer based on WMI and Security Logs.\",\"Rule_FalsePositives\":\"Unknown (data set is too small; further testing needed)\",\"Rule_Id\":\"0b7889b4-5577-4521-a60a-3376ee7f9f7b\",\"Rule_Level\":\"medium\",\"Rule_Link\":\"https://github.com/SigmaHQ/sigma/blob/0.20-3312-gfbf1b845/rules/windows/builtin/wmi/win_wmi_persistence.yml\",\"Rule_Modified\":\"2022/02/10\",\"Rule_Path\":\"public\\\\windows\\\\builtin\\\\wmi\\\\win_wmi_persistence.yml\",\"Rule_References\":\"https://twitter.com/mattifestation/status/899646620148539397, https://www.eideon.com/2018-03-02-THL03-WMIBackdoors/\",\"Rule_Sigtype\":\"public\",\"Rule_Title\":\"WMI Persistence\",\"Security_UserID\":\"S-1-5-18\",\"Task\":\"0\",\"TimeCreated_SystemTime\":\"2022-03-18T16:10:31.6213654Z\",\"User\":\"S-1-5-32-544\",\"Version\":\"0\",\"level\":\"notice\",\"msg\":\"Sigma match found\",\"processid\":\"1296\",\"providerName\":\"SCM Event Provider\",\"queryid\":\"0\",\"time\":\"2022-03-18T16:10:32Z\"}","_time":"2022-03-18T16:10:27.000+0000","eventtype":"nix-all-logs","host":"WIN-DC-JHERNAND","index":"win","linecount":"1","punct":"{\"\":\"----\",\"\":\"{----}\",\"\":\"\",\"\":\"\",\"\":\"\",\"\":\"\",\"\":","source":"C:\\aurora-agent-lite-win-pack\\aurora_alerts.json.log","sourcetype":"aurora-edr","splunk_server":"splunk-server-jhernandez-17500-9244","timestamp":"none"}}
