<Event xmlns='http://schemas.microsoft.com/win/2004/08/events/event'><System><Provider Name='Microsoft-Windows-Sysmon' Guid='{5770385F-C22A-43E0-BF4C-06F5698FFBD9}'/><EventID>10</EventID><Version>3</Version><Level>4</Level><Task>10</Task><Opcode>0</Opcode><Keywords>0x8000000000000000</Keywords><TimeCreated SystemTime='2024-04-30T15:37:11.356617800Z'/><EventRecordID>585840</EventRecordID><Correlation/><Execution ProcessID='2508' ThreadID='4412'/><Channel>Microsoft-Windows-Sysmon/Operational</Channel><Computer>AttackBox-Win10</Computer><Security UserID='S-1-5-18'/></System><EventData><Data Name='RuleName'>-</Data><Data Name='UtcTime'>2024-04-30 15:37:11.318</Data><Data Name='SourceProcessGUID'>{51A89197-3B96-654E-5D00-000000001D00}</Data><Data Name='SourceProcessId'>4372</Data><Data Name='SourceThreadId'>4944</Data><Data Name='SourceImage'>C:\Windows\Explorer.EXE</Data><Data Name='TargetProcessGUID'>{51A89197-1026-6631-1406-000000001D00}</Data><Data Name='TargetProcessId'>5828</Data><Data Name='TargetImage'>C:\temp\cmdrenamed.exe</Data><Data Name='GrantedAccess'>0x1000</Data><Data Name='CallTrace'>C:\Windows\SYSTEM32\ntdll.dll+9ae64|C:\Windows\System32\KERNELBASE.dll+2fd5d|C:\Windows\System32\NPSMDesktopProvider.dll+1e84e|C:\Windows\System32\NPSMDesktopProvider.dll+14882|C:\Windows\System32\NPSMDesktopProvider.dll+15001|C:\Windows\System32\NPSMDesktopProvider.dll+8f45|C:\Windows\system32\twinui.pcshell.dll+70c31|C:\Windows\system32\twinui.pcshell.dll+15606|C:\Windows\System32\user32.dll+16d41|C:\Windows\System32\user32.dll+16713|C:\Windows\System32\windows.immersiveshell.serviceprovider.dll+2e21b|C:\Windows\System32\windows.immersiveshell.serviceprovider.dll+2d7a4|C:\Windows\System32\windows.immersiveshell.serviceprovider.dll+2d2c0|C:\Windows\System32\windows.immersiveshell.serviceprovider.dll+2c772|C:\Windows\System32\KERNEL32.DLL+14034|C:\Windows\SYSTEM32\ntdll.dll+73691</Data><Data Name='SourceUser'>ATTACKBOX-WIN10\attacker</Data><Data Name='TargetUser'>ATTACKBOX-WIN10\attacker</Data></EventData></Event>
<Event xmlns='http://schemas.microsoft.com/win/2004/08/events/event'><System><Provider Name='Microsoft-Windows-Sysmon' Guid='{5770385F-C22A-43E0-BF4C-06F5698FFBD9}'/><EventID>10</EventID><Version>3</Version><Level>4</Level><Task>10</Task><Opcode>0</Opcode><Keywords>0x8000000000000000</Keywords><TimeCreated SystemTime='2024-04-30T15:37:11.356504600Z'/><EventRecordID>585839</EventRecordID><Correlation/><Execution ProcessID='2508' ThreadID='4412'/><Channel>Microsoft-Windows-Sysmon/Operational</Channel><Computer>AttackBox-Win10</Computer><Security UserID='S-1-5-18'/></System><EventData><Data Name='RuleName'>-</Data><Data Name='UtcTime'>2024-04-30 15:37:11.318</Data><Data Name='SourceProcessGUID'>{51A89197-3B96-654E-5D00-000000001D00}</Data><Data Name='SourceProcessId'>4372</Data><Data Name='SourceThreadId'>4944</Data><Data Name='SourceImage'>C:\Windows\Explorer.EXE</Data><Data Name='TargetProcessGUID'>{51A89197-1026-6631-1406-000000001D00}</Data><Data Name='TargetProcessId'>5828</Data><Data Name='TargetImage'>C:\temp\cmdrenamed.exe</Data><Data Name='GrantedAccess'>0x1000</Data><Data Name='CallTrace'>C:\Windows\SYSTEM32\ntdll.dll+9ae64|C:\Windows\System32\KERNELBASE.dll+2fd5d|C:\Windows\system32\twinui.pcshell.dll+7bf9c|C:\Windows\system32\twinui.pcshell.dll+2f390|C:\Windows\system32\twinui.pcshell.dll+2f4aa|C:\Windows\system32\twinui.pcshell.dll+70c31|C:\Windows\system32\twinui.pcshell.dll+15606|C:\Windows\System32\user32.dll+16d41|C:\Windows\System32\user32.dll+16713|C:\Windows\System32\windows.immersiveshell.serviceprovider.dll+2e21b|C:\Windows\System32\windows.immersiveshell.serviceprovider.dll+2d7a4|C:\Windows\System32\windows.immersiveshell.serviceprovider.dll+2d2c0|C:\Windows\System32\windows.immersiveshell.serviceprovider.dll+2c772|C:\Windows\System32\KERNEL32.DLL+14034|C:\Windows\SYSTEM32\ntdll.dll+73691</Data><Data Name='SourceUser'>ATTACKBOX-WIN10\attacker</Data><Data Name='TargetUser'>ATTACKBOX-WIN10\attacker</Data></EventData></Event>
<Event xmlns='http://schemas.microsoft.com/win/2004/08/events/event'><System><Provider Name='Microsoft-Windows-Sysmon' Guid='{5770385F-C22A-43E0-BF4C-06F5698FFBD9}'/><EventID>10</EventID><Version>3</Version><Level>4</Level><Task>10</Task><Opcode>0</Opcode><Keywords>0x8000000000000000</Keywords><TimeCreated SystemTime='2024-04-30T15:37:11.356281700Z'/><EventRecordID>585837</EventRecordID><Correlation/><Execution ProcessID='2508' ThreadID='4412'/><Channel>Microsoft-Windows-Sysmon/Operational</Channel><Computer>AttackBox-Win10</Computer><Security UserID='S-1-5-18'/></System><EventData><Data Name='RuleName'>-</Data><Data Name='UtcTime'>2024-04-30 15:37:11.318</Data><Data Name='SourceProcessGUID'>{51A89197-3B96-654E-5D00-000000001D00}</Data><Data Name='SourceProcessId'>4372</Data><Data Name='SourceThreadId'>912</Data><Data Name='SourceImage'>C:\Windows\Explorer.EXE</Data><Data Name='TargetProcessGUID'>{51A89197-1026-6631-1406-000000001D00}</Data><Data Name='TargetProcessId'>5828</Data><Data Name='TargetImage'>C:\temp\cmdrenamed.exe</Data><Data Name='GrantedAccess'>0x1000</Data><Data Name='CallTrace'>C:\Windows\SYSTEM32\ntdll.dll+9ae64|C:\Windows\System32\KERNELBASE.dll+2fd5d|C:\Windows\SYSTEM32\twinapi.appcore.dll+1dd82|C:\Windows\SYSTEM32\twinapi.appcore.dll+20869|C:\Windows\SYSTEM32\twinapi.appcore.dll+1d05f|C:\Windows\System32\TaskFlowDataEngine.dll+7ab79|C:\Windows\System32\TaskFlowDataEngine.dll+78db0|C:\Windows\System32\TaskFlowDataEngine.dll+76018|C:\Windows\System32\TaskFlowDataEngine.dll+74f32|C:\Windows\System32\TaskFlowDataEngine.dll+7fbd1|C:\Windows\System32\TaskFlowDataEngine.dll+16ae5|C:\Windows\System32\TaskFlowDataEngine.dll+16d2d|C:\Windows\System32\TaskFlowDataEngine.dll+16d69|C:\Windows\System32\KERNEL32.DLL+14034|C:\Windows\SYSTEM32\ntdll.dll+73691</Data><Data Name='SourceUser'>ATTACKBOX-WIN10\attacker</Data><Data Name='TargetUser'>ATTACKBOX-WIN10\attacker</Data></EventData></Event>
<Event xmlns='http://schemas.microsoft.com/win/2004/08/events/event'><System><Provider Name='Microsoft-Windows-Sysmon' Guid='{5770385F-C22A-43E0-BF4C-06F5698FFBD9}'/><EventID>10</EventID><Version>3</Version><Level>4</Level><Task>10</Task><Opcode>0</Opcode><Keywords>0x8000000000000000</Keywords><TimeCreated SystemTime='2024-04-30T15:37:11.356131300Z'/><EventRecordID>585836</EventRecordID><Correlation/><Execution ProcessID='2508' ThreadID='4412'/><Channel>Microsoft-Windows-Sysmon/Operational</Channel><Computer>AttackBox-Win10</Computer><Security UserID='S-1-5-18'/></System><EventData><Data Name='RuleName'>-</Data><Data Name='UtcTime'>2024-04-30 15:37:11.318</Data><Data Name='SourceProcessGUID'>{51A89197-3B96-654E-5D00-000000001D00}</Data><Data Name='SourceProcessId'>4372</Data><Data Name='SourceThreadId'>912</Data><Data Name='SourceImage'>C:\Windows\Explorer.EXE</Data><Data Name='TargetProcessGUID'>{51A89197-1026-6631-1406-000000001D00}</Data><Data Name='TargetProcessId'>5828</Data><Data Name='TargetImage'>C:\temp\cmdrenamed.exe</Data><Data Name='GrantedAccess'>0x1000</Data><Data Name='CallTrace'>C:\Windows\SYSTEM32\ntdll.dll+9ae64|C:\Windows\System32\KERNELBASE.dll+2fd5d|C:\Windows\SYSTEM32\twinapi.appcore.dll+1dd0f|C:\Windows\SYSTEM32\twinapi.appcore.dll+20869|C:\Windows\SYSTEM32\twinapi.appcore.dll+1d05f|C:\Windows\System32\TaskFlowDataEngine.dll+7ab79|C:\Windows\System32\TaskFlowDataEngine.dll+78db0|C:\Windows\System32\TaskFlowDataEngine.dll+76018|C:\Windows\System32\TaskFlowDataEngine.dll+74f32|C:\Windows\System32\TaskFlowDataEngine.dll+7fbd1|C:\Windows\System32\TaskFlowDataEngine.dll+16ae5|C:\Windows\System32\TaskFlowDataEngine.dll+16d2d|C:\Windows\System32\TaskFlowDataEngine.dll+16d69|C:\Windows\System32\KERNEL32.DLL+14034|C:\Windows\SYSTEM32\ntdll.dll+73691</Data><Data Name='SourceUser'>ATTACKBOX-WIN10\attacker</Data><Data Name='TargetUser'>ATTACKBOX-WIN10\attacker</Data></EventData></Event>
<Event xmlns='http://schemas.microsoft.com/win/2004/08/events/event'><System><Provider Name='Microsoft-Windows-Sysmon' Guid='{5770385F-C22A-43E0-BF4C-06F5698FFBD9}'/><EventID>10</EventID><Version>3</Version><Level>4</Level><Task>10</Task><Opcode>0</Opcode><Keywords>0x8000000000000000</Keywords><TimeCreated SystemTime='2024-04-30T15:37:11.355990500Z'/><EventRecordID>585835</EventRecordID><Correlation/><Execution ProcessID='2508' ThreadID='4412'/><Channel>Microsoft-Windows-Sysmon/Operational</Channel><Computer>AttackBox-Win10</Computer><Security UserID='S-1-5-18'/></System><EventData><Data Name='RuleName'>-</Data><Data Name='UtcTime'>2024-04-30 15:37:11.318</Data><Data Name='SourceProcessGUID'>{51A89197-3B96-654E-5D00-000000001D00}</Data><Data Name='SourceProcessId'>4372</Data><Data Name='SourceThreadId'>4944</Data><Data Name='SourceImage'>C:\Windows\Explorer.EXE</Data><Data Name='TargetProcessGUID'>{51A89197-1026-6631-1406-000000001D00}</Data><Data Name='TargetProcessId'>5828</Data><Data Name='TargetImage'>C:\temp\cmdrenamed.exe</Data><Data Name='GrantedAccess'>0x1000</Data><Data Name='CallTrace'>C:\Windows\SYSTEM32\ntdll.dll+9ae64|C:\Windows\System32\KERNELBASE.dll+2fd5d|C:\Windows\system32\twinui.pcshell.dll+7bf9c|C:\Windows\system32\twinui.pcshell.dll+2f390|C:\Windows\system32\twinui.pcshell.dll+2f5f3|C:\Windows\system32\twinui.pcshell.dll+70c31|C:\Windows\system32\twinui.pcshell.dll+15606|C:\Windows\System32\user32.dll+16d41|C:\Windows\System32\user32.dll+16713|C:\Windows\System32\windows.immersiveshell.serviceprovider.dll+2e21b|C:\Windows\System32\windows.immersiveshell.serviceprovider.dll+2d7a4|C:\Windows\System32\windows.immersiveshell.serviceprovider.dll+2d2c0|C:\Windows\System32\windows.immersiveshell.serviceprovider.dll+2c772|C:\Windows\System32\KERNEL32.DLL+14034|C:\Windows\SYSTEM32\ntdll.dll+73691</Data><Data Name='SourceUser'>ATTACKBOX-WIN10\attacker</Data><Data Name='TargetUser'>ATTACKBOX-WIN10\attacker</Data></EventData></Event>
<Event xmlns='http://schemas.microsoft.com/win/2004/08/events/event'><System><Provider Name='Microsoft-Windows-Sysmon' Guid='{5770385F-C22A-43E0-BF4C-06F5698FFBD9}'/><EventID>10</EventID><Version>3</Version><Level>4</Level><Task>10</Task><Opcode>0</Opcode><Keywords>0x8000000000000000</Keywords><TimeCreated SystemTime='2024-04-30T15:37:11.355879100Z'/><EventRecordID>585834</EventRecordID><Correlation/><Execution ProcessID='2508' ThreadID='4412'/><Channel>Microsoft-Windows-Sysmon/Operational</Channel><Computer>AttackBox-Win10</Computer><Security UserID='S-1-5-18'/></System><EventData><Data Name='RuleName'>-</Data><Data Name='UtcTime'>2024-04-30 15:37:11.318</Data><Data Name='SourceProcessGUID'>{51A89197-3B96-654E-5D00-000000001D00}</Data><Data Name='SourceProcessId'>4372</Data><Data Name='SourceThreadId'>7816</Data><Data Name='SourceImage'>C:\Windows\Explorer.EXE</Data><Data Name='TargetProcessGUID'>{51A89197-1026-6631-1406-000000001D00}</Data><Data Name='TargetProcessId'>5828</Data><Data Name='TargetImage'>C:\temp\cmdrenamed.exe</Data><Data Name='GrantedAccess'>0x1000</Data><Data Name='CallTrace'>C:\Windows\SYSTEM32\ntdll.dll+9ae64|C:\Windows\System32\KERNELBASE.dll+2fd5d|C:\Windows\system32\twinui.dll+22d71|C:\Windows\system32\twinui.dll+219d9|C:\Windows\system32\twinui.dll+221de|C:\Windows\system32\twinui.dll+206c9|C:\Windows\system32\twinui.dll+20dbf|C:\Windows\system32\twinui.dll+3332d|C:\Windows\system32\twinui.dll+33cd1|C:\Windows\system32\twinui.dll+352f1|C:\Windows\system32\twinui.dll+37125|C:\Windows\system32\twinui.dll+3a5de|C:\Windows\SYSTEM32\ntdll.dll+77445|C:\Windows\SYSTEM32\ntdll.dll+26a58|C:\Windows\System32\KERNEL32.DLL+14034|C:\Windows\SYSTEM32\ntdll.dll+73691</Data><Data Name='SourceUser'>ATTACKBOX-WIN10\attacker</Data><Data Name='TargetUser'>ATTACKBOX-WIN10\attacker</Data></EventData></Event>
<Event xmlns='http://schemas.microsoft.com/win/2004/08/events/event'><System><Provider Name='Microsoft-Windows-Sysmon' Guid='{5770385F-C22A-43E0-BF4C-06F5698FFBD9}'/><EventID>10</EventID><Version>3</Version><Level>4</Level><Task>10</Task><Opcode>0</Opcode><Keywords>0x8000000000000000</Keywords><TimeCreated SystemTime='2024-04-30T15:37:11.355768900Z'/><EventRecordID>585833</EventRecordID><Correlation/><Execution ProcessID='2508' ThreadID='4412'/><Channel>Microsoft-Windows-Sysmon/Operational</Channel><Computer>AttackBox-Win10</Computer><Security UserID='S-1-5-18'/></System><EventData><Data Name='RuleName'>-</Data><Data Name='UtcTime'>2024-04-30 15:37:11.318</Data><Data Name='SourceProcessGUID'>{51A89197-3B88-654E-0D00-000000001D00}</Data><Data Name='SourceProcessId'>748</Data><Data Name='SourceThreadId'>7124</Data><Data Name='SourceImage'>C:\Windows\system32\svchost.exe</Data><Data Name='TargetProcessGUID'>{51A89197-1026-6631-1406-000000001D00}</Data><Data Name='TargetProcessId'>5828</Data><Data Name='TargetImage'>C:\temp\cmdrenamed.exe</Data><Data Name='GrantedAccess'>0x1000</Data><Data Name='CallTrace'>C:\Windows\SYSTEM32\ntdll.dll+9ae64|C:\Windows\System32\KERNELBASE.dll+2fd5d|C:\Windows\SYSTEM32\resourcepolicyserver.dll+9ee7|C:\Windows\SYSTEM32\resourcepolicyserver.dll+8fcd|C:\Windows\SYSTEM32\resourcepolicyserver.dll+44ad|C:\Windows\System32\RPCRT4.dll+74413|C:\Windows\System32\RPCRT4.dll+ddbdd|C:\Windows\System32\RPCRT4.dll+62a3c|C:\Windows\System32\RPCRT4.dll+2d4e4|C:\Windows\System32\RPCRT4.dll+2c648|C:\Windows\System32\RPCRT4.dll+2ce9b|C:\Windows\System32\RPCRT4.dll+360a6|C:\Windows\System32\RPCRT4.dll+36aac|C:\Windows\System32\RPCRT4.dll+3290d|C:\Windows\System32\RPCRT4.dll+3400d|C:\Windows\System32\RPCRT4.dll+1d0b8|C:\Windows\SYSTEM32\ntdll.dll+27c9e|C:\Windows\SYSTEM32\ntdll.dll+26588|C:\Windows\System32\KERNEL32.DLL+14034|C:\Windows\SYSTEM32\ntdll.dll+73691</Data><Data Name='SourceUser'>NT AUTHORITY\SYSTEM</Data><Data Name='TargetUser'>ATTACKBOX-WIN10\attacker</Data></EventData></Event>
<Event xmlns='http://schemas.microsoft.com/win/2004/08/events/event'><System><Provider Name='Microsoft-Windows-Sysmon' Guid='{5770385F-C22A-43E0-BF4C-06F5698FFBD9}'/><EventID>10</EventID><Version>3</Version><Level>4</Level><Task>10</Task><Opcode>0</Opcode><Keywords>0x8000000000000000</Keywords><TimeCreated SystemTime='2024-04-30T15:37:11.355621100Z'/><EventRecordID>585832</EventRecordID><Correlation/><Execution ProcessID='2508' ThreadID='4412'/><Channel>Microsoft-Windows-Sysmon/Operational</Channel><Computer>AttackBox-Win10</Computer><Security UserID='S-1-5-18'/></System><EventData><Data Name='RuleName'>-</Data><Data Name='UtcTime'>2024-04-30 15:37:11.318</Data><Data Name='SourceProcessGUID'>{51A89197-3B88-654E-0D00-000000001D00}</Data><Data Name='SourceProcessId'>748</Data><Data Name='SourceThreadId'>7124</Data><Data Name='SourceImage'>C:\Windows\system32\svchost.exe</Data><Data Name='TargetProcessGUID'>{51A89197-1026-6631-1406-000000001D00}</Data><Data Name='TargetProcessId'>5828</Data><Data Name='TargetImage'>C:\temp\cmdrenamed.exe</Data><Data Name='GrantedAccess'>0x1000</Data><Data Name='CallTrace'>C:\Windows\SYSTEM32\ntdll.dll+9ae64|C:\Windows\System32\KERNELBASE.dll+2fd5d|C:\Windows\SYSTEM32\resourcepolicyserver.dll+5442|C:\Windows\SYSTEM32\resourcepolicyserver.dll+8098|C:\Windows\SYSTEM32\resourcepolicyserver.dll+99c6|C:\Windows\SYSTEM32\resourcepolicyserver.dll+8fbc|C:\Windows\SYSTEM32\resourcepolicyserver.dll+44ad|C:\Windows\System32\RPCRT4.dll+74413|C:\Windows\System32\RPCRT4.dll+ddbdd|C:\Windows\System32\RPCRT4.dll+62a3c|C:\Windows\System32\RPCRT4.dll+2d4e4|C:\Windows\System32\RPCRT4.dll+2c648|C:\Windows\System32\RPCRT4.dll+2ce9b|C:\Windows\System32\RPCRT4.dll+360a6|C:\Windows\System32\RPCRT4.dll+36aac|C:\Windows\System32\RPCRT4.dll+3290d|C:\Windows\System32\RPCRT4.dll+3400d|C:\Windows\System32\RPCRT4.dll+1d0b8|C:\Windows\SYSTEM32\ntdll.dll+27c9e|C:\Windows\SYSTEM32\ntdll.dll+26588|C:\Windows\System32\KERNEL32.DLL+14034|C:\Windows\SYSTEM32\ntdll.dll+73691</Data><Data Name='SourceUser'>NT AUTHORITY\SYSTEM</Data><Data Name='TargetUser'>ATTACKBOX-WIN10\attacker</Data></EventData></Event>
<Event xmlns='http://schemas.microsoft.com/win/2004/08/events/event'><System><Provider Name='Microsoft-Windows-Sysmon' Guid='{5770385F-C22A-43E0-BF4C-06F5698FFBD9}'/><EventID>10</EventID><Version>3</Version><Level>4</Level><Task>10</Task><Opcode>0</Opcode><Keywords>0x8000000000000000</Keywords><TimeCreated SystemTime='2024-04-30T15:37:11.355476400Z'/><EventRecordID>585831</EventRecordID><Correlation/><Execution ProcessID='2508' ThreadID='4412'/><Channel>Microsoft-Windows-Sysmon/Operational</Channel><Computer>AttackBox-Win10</Computer><Security UserID='S-1-5-18'/></System><EventData><Data Name='RuleName'>-</Data><Data Name='UtcTime'>2024-04-30 15:37:11.318</Data><Data Name='SourceProcessGUID'>{51A89197-3B96-654E-5D00-000000001D00}</Data><Data Name='SourceProcessId'>4372</Data><Data Name='SourceThreadId'>7816</Data><Data Name='SourceImage'>C:\Windows\Explorer.EXE</Data><Data Name='TargetProcessGUID'>{51A89197-1026-6631-1406-000000001D00}</Data><Data Name='TargetProcessId'>5828</Data><Data Name='TargetImage'>C:\temp\cmdrenamed.exe</Data><Data Name='GrantedAccess'>0x1000</Data><Data Name='CallTrace'>C:\Windows\SYSTEM32\ntdll.dll+9ae64|C:\Windows\System32\KERNELBASE.dll+2fd5d|C:\Windows\system32\twinui.dll+1fe40|C:\Windows\system32\twinui.dll+1ff8d|C:\Windows\system32\twinui.dll+1fd70|C:\Windows\system32\twinui.dll+20d35|C:\Windows\system32\twinui.dll+3332d|C:\Windows\system32\twinui.dll+33cd1|C:\Windows\system32\twinui.dll+352f1|C:\Windows\system32\twinui.dll+37125|C:\Windows\system32\twinui.dll+3a5de|C:\Windows\SYSTEM32\ntdll.dll+77445|C:\Windows\SYSTEM32\ntdll.dll+26a58|C:\Windows\System32\KERNEL32.DLL+14034|C:\Windows\SYSTEM32\ntdll.dll+73691</Data><Data Name='SourceUser'>ATTACKBOX-WIN10\attacker</Data><Data Name='TargetUser'>ATTACKBOX-WIN10\attacker</Data></EventData></Event>
<Event xmlns='http://schemas.microsoft.com/win/2004/08/events/event'><System><Provider Name='Microsoft-Windows-Sysmon' Guid='{5770385F-C22A-43E0-BF4C-06F5698FFBD9}'/><EventID>10</EventID><Version>3</Version><Level>4</Level><Task>10</Task><Opcode>0</Opcode><Keywords>0x8000000000000000</Keywords><TimeCreated SystemTime='2024-04-30T15:37:11.355364000Z'/><EventRecordID>585830</EventRecordID><Correlation/><Execution ProcessID='2508' ThreadID='4412'/><Channel>Microsoft-Windows-Sysmon/Operational</Channel><Computer>AttackBox-Win10</Computer><Security UserID='S-1-5-18'/></System><EventData><Data Name='RuleName'>-</Data><Data Name='UtcTime'>2024-04-30 15:37:11.318</Data><Data Name='SourceProcessGUID'>{51A89197-3B96-654E-5D00-000000001D00}</Data><Data Name='SourceProcessId'>4372</Data><Data Name='SourceThreadId'>7816</Data><Data Name='SourceImage'>C:\Windows\Explorer.EXE</Data><Data Name='TargetProcessGUID'>{51A89197-1026-6631-1406-000000001D00}</Data><Data Name='TargetProcessId'>5828</Data><Data Name='TargetImage'>C:\temp\cmdrenamed.exe</Data><Data Name='GrantedAccess'>0x1000</Data><Data Name='CallTrace'>C:\Windows\SYSTEM32\ntdll.dll+9ae64|C:\Windows\System32\KERNELBASE.dll+2fd5d|C:\Windows\system32\twinui.dll+213d8|C:\Windows\system32\twinui.dll+332fb|C:\Windows\system32\twinui.dll+33cd1|C:\Windows\system32\twinui.dll+352f1|C:\Windows\system32\twinui.dll+37125|C:\Windows\system32\twinui.dll+3a5de|C:\Windows\SYSTEM32\ntdll.dll+77445|C:\Windows\SYSTEM32\ntdll.dll+26a58|C:\Windows\System32\KERNEL32.DLL+14034|C:\Windows\SYSTEM32\ntdll.dll+73691</Data><Data Name='SourceUser'>ATTACKBOX-WIN10\attacker</Data><Data Name='TargetUser'>ATTACKBOX-WIN10\attacker</Data></EventData></Event>
<Event xmlns='http://schemas.microsoft.com/win/2004/08/events/event'><System><Provider Name='Microsoft-Windows-Sysmon' Guid='{5770385F-C22A-43E0-BF4C-06F5698FFBD9}'/><EventID>10</EventID><Version>3</Version><Level>4</Level><Task>10</Task><Opcode>0</Opcode><Keywords>0x8000000000000000</Keywords><TimeCreated SystemTime='2024-04-30T15:37:11.354162300Z'/><EventRecordID>585825</EventRecordID><Correlation/><Execution ProcessID='2508' ThreadID='4412'/><Channel>Microsoft-Windows-Sysmon/Operational</Channel><Computer>AttackBox-Win10</Computer><Security UserID='S-1-5-18'/></System><EventData><Data Name='RuleName'>-</Data><Data Name='UtcTime'>2024-04-30 15:37:11.318</Data><Data Name='SourceProcessGUID'>{51A89197-3B96-654E-5D00-000000001D00}</Data><Data Name='SourceProcessId'>4372</Data><Data Name='SourceThreadId'>4944</Data><Data Name='SourceImage'>C:\Windows\Explorer.EXE</Data><Data Name='TargetProcessGUID'>{51A89197-1026-6631-1406-000000001D00}</Data><Data Name='TargetProcessId'>5828</Data><Data Name='TargetImage'>C:\temp\cmdrenamed.exe</Data><Data Name='GrantedAccess'>0x1000</Data><Data Name='CallTrace'>C:\Windows\SYSTEM32\ntdll.dll+9ae64|C:\Windows\System32\KERNELBASE.dll+2fd5d|C:\Windows\SYSTEM32\TWINAPI.dll+5fd1|C:\Windows\system32\twinui.pcshell.dll+37a43|C:\Windows\system32\twinui.pcshell.dll+3c009|C:\Windows\system32\twinui.pcshell.dll+79e64|C:\Windows\system32\twinui.pcshell.dll+3c8f2|C:\Windows\system32\twinui.dll+26542|C:\Windows\System32\user32.dll+16d41|C:\Windows\System32\user32.dll+16713|C:\Windows\System32\windows.immersiveshell.serviceprovider.dll+2e21b|C:\Windows\System32\windows.immersiveshell.serviceprovider.dll+2d7a4|C:\Windows\System32\windows.immersiveshell.serviceprovider.dll+2d2c0|C:\Windows\System32\windows.immersiveshell.serviceprovider.dll+2c772|C:\Windows\System32\KERNEL32.DLL+14034|C:\Windows\SYSTEM32\ntdll.dll+73691</Data><Data Name='SourceUser'>ATTACKBOX-WIN10\attacker</Data><Data Name='TargetUser'>ATTACKBOX-WIN10\attacker</Data></EventData></Event>
<Event xmlns='http://schemas.microsoft.com/win/2004/08/events/event'><System><Provider Name='Microsoft-Windows-Sysmon' Guid='{5770385F-C22A-43E0-BF4C-06F5698FFBD9}'/><EventID>13</EventID><Version>2</Version><Level>4</Level><Task>13</Task><Opcode>0</Opcode><Keywords>0x8000000000000000</Keywords><TimeCreated SystemTime='2024-04-30T15:37:11.353801700Z'/><EventRecordID>585823</EventRecordID><Correlation/><Execution ProcessID='2508' ThreadID='4412'/><Channel>Microsoft-Windows-Sysmon/Operational</Channel><Computer>AttackBox-Win10</Computer><Security UserID='S-1-5-18'/></System><EventData><Data Name='RuleName'>-</Data><Data Name='EventType'>SetValue</Data><Data Name='UtcTime'>2024-04-30 15:37:11.318</Data><Data Name='ProcessGuid'>{51A89197-3B81-654E-EB03-000000000000}</Data><Data Name='ProcessId'>4</Data><Data Name='Image'>System</Data><Data Name='TargetObject'>HKLM\System\CurrentControlSet\Services\bam\UserSettings\S-1-5-21-1854396824-2342670854-3736740652-1000\\Device\HarddiskVolume1\Temp\cmdrenamed.exe</Data><Data Name='Details'>Binary Data</Data><Data Name='User'>NT AUTHORITY\SYSTEM</Data></EventData></Event>
<Event xmlns='http://schemas.microsoft.com/win/2004/08/events/event'><System><Provider Name='Microsoft-Windows-Sysmon' Guid='{5770385F-C22A-43E0-BF4C-06F5698FFBD9}'/><EventID>10</EventID><Version>3</Version><Level>4</Level><Task>10</Task><Opcode>0</Opcode><Keywords>0x8000000000000000</Keywords><TimeCreated SystemTime='2024-04-30T15:37:11.320445300Z'/><EventRecordID>585809</EventRecordID><Correlation/><Execution ProcessID='2508' ThreadID='4412'/><Channel>Microsoft-Windows-Sysmon/Operational</Channel><Computer>AttackBox-Win10</Computer><Security UserID='S-1-5-18'/></System><EventData><Data Name='RuleName'>-</Data><Data Name='UtcTime'>2024-04-30 15:37:11.286</Data><Data Name='SourceProcessGUID'>{51A89197-3B96-654E-5D00-000000001D00}</Data><Data Name='SourceProcessId'>4372</Data><Data Name='SourceThreadId'>3968</Data><Data Name='SourceImage'>C:\Windows\Explorer.EXE</Data><Data Name='TargetProcessGUID'>{51A89197-1026-6631-1406-000000001D00}</Data><Data Name='TargetProcessId'>5828</Data><Data Name='TargetImage'>C:\temp\cmdrenamed.exe</Data><Data Name='GrantedAccess'>0x1410</Data><Data Name='CallTrace'>C:\Windows\SYSTEM32\ntdll.dll+9ae64|C:\Windows\System32\KERNELBASE.dll+2fd5d|C:\Windows\System32\appresolver.dll+215b0|C:\Windows\System32\appresolver.dll+1e7c5|C:\Windows\System32\appresolver.dll+1e4cf|C:\Windows\Explorer.EXE+60515|C:\Windows\Explorer.EXE+60304|C:\Windows\Explorer.EXE+6028d|C:\Windows\System32\windows.storage.dll+13ebf4|C:\Windows\System32\windows.storage.dll+13d943|C:\Windows\System32\windows.storage.dll+13d64f|C:\Windows\System32\shcore.dll+37056|C:\Windows\SYSTEM32\ntdll.dll+46975|C:\Windows\SYSTEM32\ntdll.dll+26a60|C:\Windows\System32\KERNEL32.DLL+14034|C:\Windows\SYSTEM32\ntdll.dll+73691</Data><Data Name='SourceUser'>ATTACKBOX-WIN10\attacker</Data><Data Name='TargetUser'>ATTACKBOX-WIN10\attacker</Data></EventData></Event>
<Event xmlns='http://schemas.microsoft.com/win/2004/08/events/event'><System><Provider Name='Microsoft-Windows-Sysmon' Guid='{5770385F-C22A-43E0-BF4C-06F5698FFBD9}'/><EventID>10</EventID><Version>3</Version><Level>4</Level><Task>10</Task><Opcode>0</Opcode><Keywords>0x8000000000000000</Keywords><TimeCreated SystemTime='2024-04-30T15:37:11.320332500Z'/><EventRecordID>585808</EventRecordID><Correlation/><Execution ProcessID='2508' ThreadID='4412'/><Channel>Microsoft-Windows-Sysmon/Operational</Channel><Computer>AttackBox-Win10</Computer><Security UserID='S-1-5-18'/></System><EventData><Data Name='RuleName'>-</Data><Data Name='UtcTime'>2024-04-30 15:37:11.286</Data><Data Name='SourceProcessGUID'>{51A89197-3B96-654E-5D00-000000001D00}</Data><Data Name='SourceProcessId'>4372</Data><Data Name='SourceThreadId'>3968</Data><Data Name='SourceImage'>C:\Windows\Explorer.EXE</Data><Data Name='TargetProcessGUID'>{51A89197-1026-6631-1406-000000001D00}</Data><Data Name='TargetProcessId'>5828</Data><Data Name='TargetImage'>C:\temp\cmdrenamed.exe</Data><Data Name='GrantedAccess'>0x1000</Data><Data Name='CallTrace'>C:\Windows\SYSTEM32\ntdll.dll+9ae64|C:\Windows\System32\KERNELBASE.dll+2fd5d|C:\Windows\System32\appresolver.dll+1e70f|C:\Windows\System32\appresolver.dll+1e4cf|C:\Windows\Explorer.EXE+60515|C:\Windows\Explorer.EXE+60304|C:\Windows\Explorer.EXE+6028d|C:\Windows\System32\windows.storage.dll+13ebf4|C:\Windows\System32\windows.storage.dll+13d943|C:\Windows\System32\windows.storage.dll+13d64f|C:\Windows\System32\shcore.dll+37056|C:\Windows\SYSTEM32\ntdll.dll+46975|C:\Windows\SYSTEM32\ntdll.dll+26a60|C:\Windows\System32\KERNEL32.DLL+14034|C:\Windows\SYSTEM32\ntdll.dll+73691</Data><Data Name='SourceUser'>ATTACKBOX-WIN10\attacker</Data><Data Name='TargetUser'>ATTACKBOX-WIN10\attacker</Data></EventData></Event>
<Event xmlns='http://schemas.microsoft.com/win/2004/08/events/event'><System><Provider Name='Microsoft-Windows-Sysmon' Guid='{5770385F-C22A-43E0-BF4C-06F5698FFBD9}'/><EventID>10</EventID><Version>3</Version><Level>4</Level><Task>10</Task><Opcode>0</Opcode><Keywords>0x8000000000000000</Keywords><TimeCreated SystemTime='2024-04-30T15:37:11.320203700Z'/><EventRecordID>585807</EventRecordID><Correlation/><Execution ProcessID='2508' ThreadID='4412'/><Channel>Microsoft-Windows-Sysmon/Operational</Channel><Computer>AttackBox-Win10</Computer><Security UserID='S-1-5-18'/></System><EventData><Data Name='RuleName'>-</Data><Data Name='UtcTime'>2024-04-30 15:37:11.286</Data><Data Name='SourceProcessGUID'>{51A89197-3B96-654E-5D00-000000001D00}</Data><Data Name='SourceProcessId'>4372</Data><Data Name='SourceThreadId'>3968</Data><Data Name='SourceImage'>C:\Windows\Explorer.EXE</Data><Data Name='TargetProcessGUID'>{51A89197-1026-6631-1406-000000001D00}</Data><Data Name='TargetProcessId'>5828</Data><Data Name='TargetImage'>C:\temp\cmdrenamed.exe</Data><Data Name='GrantedAccess'>0x1000</Data><Data Name='CallTrace'>C:\Windows\SYSTEM32\ntdll.dll+9ae64|C:\Windows\System32\KERNELBASE.dll+2fd5d|C:\Windows\System32\appresolver.dll+218a2|C:\Windows\System32\appresolver.dll+1e5de|C:\Windows\System32\appresolver.dll+1e4cf|C:\Windows\Explorer.EXE+60515|C:\Windows\Explorer.EXE+60304|C:\Windows\Explorer.EXE+6028d|C:\Windows\System32\windows.storage.dll+13ebf4|C:\Windows\System32\windows.storage.dll+13d943|C:\Windows\System32\windows.storage.dll+13d64f|C:\Windows\System32\shcore.dll+37056|C:\Windows\SYSTEM32\ntdll.dll+46975|C:\Windows\SYSTEM32\ntdll.dll+26a60|C:\Windows\System32\KERNEL32.DLL+14034|C:\Windows\SYSTEM32\ntdll.dll+73691</Data><Data Name='SourceUser'>ATTACKBOX-WIN10\attacker</Data><Data Name='TargetUser'>ATTACKBOX-WIN10\attacker</Data></EventData></Event>
<Event xmlns='http://schemas.microsoft.com/win/2004/08/events/event'><System><Provider Name='Microsoft-Windows-Sysmon' Guid='{5770385F-C22A-43E0-BF4C-06F5698FFBD9}'/><EventID>10</EventID><Version>3</Version><Level>4</Level><Task>10</Task><Opcode>0</Opcode><Keywords>0x8000000000000000</Keywords><TimeCreated SystemTime='2024-04-30T15:37:11.320089400Z'/><EventRecordID>585806</EventRecordID><Correlation/><Execution ProcessID='2508' ThreadID='4412'/><Channel>Microsoft-Windows-Sysmon/Operational</Channel><Computer>AttackBox-Win10</Computer><Security UserID='S-1-5-18'/></System><EventData><Data Name='RuleName'>-</Data><Data Name='UtcTime'>2024-04-30 15:37:11.271</Data><Data Name='SourceProcessGUID'>{51A89197-3B96-654E-5D00-000000001D00}</Data><Data Name='SourceProcessId'>4372</Data><Data Name='SourceThreadId'>3984</Data><Data Name='SourceImage'>C:\Windows\Explorer.EXE</Data><Data Name='TargetProcessGUID'>{51A89197-1026-6631-1406-000000001D00}</Data><Data Name='TargetProcessId'>5828</Data><Data Name='TargetImage'>C:\temp\cmdrenamed.exe</Data><Data Name='GrantedAccess'>0x1410</Data><Data Name='CallTrace'>C:\Windows\SYSTEM32\ntdll.dll+9ae64|C:\Windows\System32\KERNELBASE.dll+2fd5d|C:\Windows\System32\appresolver.dll+215b0|C:\Windows\System32\appresolver.dll+1e7c5|C:\Windows\System32\appresolver.dll+1e4cf|C:\Windows\Explorer.EXE+5d0bd|C:\Windows\Explorer.EXE+5d2ed|C:\Windows\Explorer.EXE+5d239|C:\Windows\Explorer.EXE+602c3|C:\Windows\System32\windows.storage.dll+13ebf4|C:\Windows\System32\windows.storage.dll+13d943|C:\Windows\System32\windows.storage.dll+13d64f|C:\Windows\System32\shcore.dll+37056|C:\Windows\SYSTEM32\ntdll.dll+46975|C:\Windows\SYSTEM32\ntdll.dll+26a60|C:\Windows\System32\KERNEL32.DLL+14034|C:\Windows\SYSTEM32\ntdll.dll+73691</Data><Data Name='SourceUser'>ATTACKBOX-WIN10\attacker</Data><Data Name='TargetUser'>ATTACKBOX-WIN10\attacker</Data></EventData></Event>
<Event xmlns='http://schemas.microsoft.com/win/2004/08/events/event'><System><Provider Name='Microsoft-Windows-Sysmon' Guid='{5770385F-C22A-43E0-BF4C-06F5698FFBD9}'/><EventID>10</EventID><Version>3</Version><Level>4</Level><Task>10</Task><Opcode>0</Opcode><Keywords>0x8000000000000000</Keywords><TimeCreated SystemTime='2024-04-30T15:37:11.319859900Z'/><EventRecordID>585804</EventRecordID><Correlation/><Execution ProcessID='2508' ThreadID='4412'/><Channel>Microsoft-Windows-Sysmon/Operational</Channel><Computer>AttackBox-Win10</Computer><Security UserID='S-1-5-18'/></System><EventData><Data Name='RuleName'>-</Data><Data Name='UtcTime'>2024-04-30 15:37:11.271</Data><Data Name='SourceProcessGUID'>{51A89197-3B96-654E-5D00-000000001D00}</Data><Data Name='SourceProcessId'>4372</Data><Data Name='SourceThreadId'>3984</Data><Data Name='SourceImage'>C:\Windows\Explorer.EXE</Data><Data Name='TargetProcessGUID'>{51A89197-1026-6631-1406-000000001D00}</Data><Data Name='TargetProcessId'>5828</Data><Data Name='TargetImage'>C:\temp\cmdrenamed.exe</Data><Data Name='GrantedAccess'>0x1000</Data><Data Name='CallTrace'>C:\Windows\SYSTEM32\ntdll.dll+9ae64|C:\Windows\System32\KERNELBASE.dll+2fd5d|C:\Windows\System32\appresolver.dll+1e70f|C:\Windows\System32\appresolver.dll+1e4cf|C:\Windows\Explorer.EXE+5d0bd|C:\Windows\Explorer.EXE+5d2ed|C:\Windows\Explorer.EXE+5d239|C:\Windows\Explorer.EXE+602c3|C:\Windows\System32\windows.storage.dll+13ebf4|C:\Windows\System32\windows.storage.dll+13d943|C:\Windows\System32\windows.storage.dll+13d64f|C:\Windows\System32\shcore.dll+37056|C:\Windows\SYSTEM32\ntdll.dll+46975|C:\Windows\SYSTEM32\ntdll.dll+26a60|C:\Windows\System32\KERNEL32.DLL+14034|C:\Windows\SYSTEM32\ntdll.dll+73691</Data><Data Name='SourceUser'>ATTACKBOX-WIN10\attacker</Data><Data Name='TargetUser'>ATTACKBOX-WIN10\attacker</Data></EventData></Event>
<Event xmlns='http://schemas.microsoft.com/win/2004/08/events/event'><System><Provider Name='Microsoft-Windows-Sysmon' Guid='{5770385F-C22A-43E0-BF4C-06F5698FFBD9}'/><EventID>10</EventID><Version>3</Version><Level>4</Level><Task>10</Task><Opcode>0</Opcode><Keywords>0x8000000000000000</Keywords><TimeCreated SystemTime='2024-04-30T15:37:11.319728100Z'/><EventRecordID>585803</EventRecordID><Correlation/><Execution ProcessID='2508' ThreadID='4412'/><Channel>Microsoft-Windows-Sysmon/Operational</Channel><Computer>AttackBox-Win10</Computer><Security UserID='S-1-5-18'/></System><EventData><Data Name='RuleName'>-</Data><Data Name='UtcTime'>2024-04-30 15:37:11.271</Data><Data Name='SourceProcessGUID'>{51A89197-3B96-654E-5D00-000000001D00}</Data><Data Name='SourceProcessId'>4372</Data><Data Name='SourceThreadId'>3984</Data><Data Name='SourceImage'>C:\Windows\Explorer.EXE</Data><Data Name='TargetProcessGUID'>{51A89197-1026-6631-1406-000000001D00}</Data><Data Name='TargetProcessId'>5828</Data><Data Name='TargetImage'>C:\temp\cmdrenamed.exe</Data><Data Name='GrantedAccess'>0x1000</Data><Data Name='CallTrace'>C:\Windows\SYSTEM32\ntdll.dll+9ae64|C:\Windows\System32\KERNELBASE.dll+2fd5d|C:\Windows\System32\appresolver.dll+218a2|C:\Windows\System32\appresolver.dll+1e5de|C:\Windows\System32\appresolver.dll+1e4cf|C:\Windows\Explorer.EXE+5d0bd|C:\Windows\Explorer.EXE+5d2ed|C:\Windows\Explorer.EXE+5d239|C:\Windows\Explorer.EXE+602c3|C:\Windows\System32\windows.storage.dll+13ebf4|C:\Windows\System32\windows.storage.dll+13d943|C:\Windows\System32\windows.storage.dll+13d64f|C:\Windows\System32\shcore.dll+37056|C:\Windows\SYSTEM32\ntdll.dll+46975|C:\Windows\SYSTEM32\ntdll.dll+26a60|C:\Windows\System32\KERNEL32.DLL+14034|C:\Windows\SYSTEM32\ntdll.dll+73691</Data><Data Name='SourceUser'>ATTACKBOX-WIN10\attacker</Data><Data Name='TargetUser'>ATTACKBOX-WIN10\attacker</Data></EventData></Event>
<Event xmlns='http://schemas.microsoft.com/win/2004/08/events/event'><System><Provider Name='Microsoft-Windows-Sysmon' Guid='{5770385F-C22A-43E0-BF4C-06F5698FFBD9}'/><EventID>10</EventID><Version>3</Version><Level>4</Level><Task>10</Task><Opcode>0</Opcode><Keywords>0x8000000000000000</Keywords><TimeCreated SystemTime='2024-04-30T15:37:11.319611800Z'/><EventRecordID>585802</EventRecordID><Correlation/><Execution ProcessID='2508' ThreadID='4412'/><Channel>Microsoft-Windows-Sysmon/Operational</Channel><Computer>AttackBox-Win10</Computer><Security UserID='S-1-5-18'/></System><EventData><Data Name='RuleName'>-</Data><Data Name='UtcTime'>2024-04-30 15:37:11.224</Data><Data Name='SourceProcessGUID'>{51A89197-3B96-654E-5D00-000000001D00}</Data><Data Name='SourceProcessId'>4372</Data><Data Name='SourceThreadId'>3984</Data><Data Name='SourceImage'>C:\Windows\Explorer.EXE</Data><Data Name='TargetProcessGUID'>{51A89197-1026-6631-1406-000000001D00}</Data><Data Name='TargetProcessId'>5828</Data><Data Name='TargetImage'>C:\temp\cmdrenamed.exe</Data><Data Name='GrantedAccess'>0x1000</Data><Data Name='CallTrace'>C:\Windows\SYSTEM32\ntdll.dll+9ae64|C:\Windows\System32\KERNELBASE.dll+2fd5d|C:\Windows\Explorer.EXE+5ce10|C:\Windows\Explorer.EXE+5cf54|C:\Windows\Explorer.EXE+5d06f|C:\Windows\Explorer.EXE+5d2ed|C:\Windows\Explorer.EXE+5d239|C:\Windows\Explorer.EXE+602c3|C:\Windows\System32\windows.storage.dll+13ebf4|C:\Windows\System32\windows.storage.dll+13d943|C:\Windows\System32\windows.storage.dll+13d64f|C:\Windows\System32\shcore.dll+37056|C:\Windows\SYSTEM32\ntdll.dll+46975|C:\Windows\SYSTEM32\ntdll.dll+26a60|C:\Windows\System32\KERNEL32.DLL+14034|C:\Windows\SYSTEM32\ntdll.dll+73691</Data><Data Name='SourceUser'>ATTACKBOX-WIN10\attacker</Data><Data Name='TargetUser'>ATTACKBOX-WIN10\attacker</Data></EventData></Event>
<Event xmlns='http://schemas.microsoft.com/win/2004/08/events/event'><System><Provider Name='Microsoft-Windows-Sysmon' Guid='{5770385F-C22A-43E0-BF4C-06F5698FFBD9}'/><EventID>10</EventID><Version>3</Version><Level>4</Level><Task>10</Task><Opcode>0</Opcode><Keywords>0x8000000000000000</Keywords><TimeCreated SystemTime='2024-04-30T15:37:11.319166800Z'/><EventRecordID>585799</EventRecordID><Correlation/><Execution ProcessID='2508' ThreadID='4412'/><Channel>Microsoft-Windows-Sysmon/Operational</Channel><Computer>AttackBox-Win10</Computer><Security UserID='S-1-5-18'/></System><EventData><Data Name='RuleName'>-</Data><Data Name='UtcTime'>2024-04-30 15:37:11.209</Data><Data Name='SourceProcessGUID'>{51A89197-3B96-654E-5D00-000000001D00}</Data><Data Name='SourceProcessId'>4372</Data><Data Name='SourceThreadId'>4944</Data><Data Name='SourceImage'>C:\Windows\Explorer.EXE</Data><Data Name='TargetProcessGUID'>{51A89197-1026-6631-1406-000000001D00}</Data><Data Name='TargetProcessId'>5828</Data><Data Name='TargetImage'>C:\temp\cmdrenamed.exe</Data><Data Name='GrantedAccess'>0x2000</Data><Data Name='CallTrace'>C:\Windows\SYSTEM32\ntdll.dll+9ae64|C:\Windows\System32\KERNELBASE.dll+2fd5d|C:\Windows\system32\twinui.dll+2721c|C:\Windows\system32\twinui.dll+26569|C:\Windows\System32\user32.dll+16d41|C:\Windows\System32\user32.dll+16713|C:\Windows\System32\windows.immersiveshell.serviceprovider.dll+2e21b|C:\Windows\System32\windows.immersiveshell.serviceprovider.dll+2d7a4|C:\Windows\System32\windows.immersiveshell.serviceprovider.dll+2d2c0|C:\Windows\System32\windows.immersiveshell.serviceprovider.dll+2c772|C:\Windows\System32\KERNEL32.DLL+14034|C:\Windows\SYSTEM32\ntdll.dll+73691</Data><Data Name='SourceUser'>ATTACKBOX-WIN10\attacker</Data><Data Name='TargetUser'>ATTACKBOX-WIN10\attacker</Data></EventData></Event>
<Event xmlns='http://schemas.microsoft.com/win/2004/08/events/event'><System><Provider Name='Microsoft-Windows-Sysmon' Guid='{5770385F-C22A-43E0-BF4C-06F5698FFBD9}'/><EventID>10</EventID><Version>3</Version><Level>4</Level><Task>10</Task><Opcode>0</Opcode><Keywords>0x8000000000000000</Keywords><TimeCreated SystemTime='2024-04-30T15:37:11.317997900Z'/><EventRecordID>585798</EventRecordID><Correlation/><Execution ProcessID='2508' ThreadID='4412'/><Channel>Microsoft-Windows-Sysmon/Operational</Channel><Computer>AttackBox-Win10</Computer><Security UserID='S-1-5-18'/></System><EventData><Data Name='RuleName'>-</Data><Data Name='UtcTime'>2024-04-30 15:37:11.209</Data><Data Name='SourceProcessGUID'>{51A89197-3B96-654E-5D00-000000001D00}</Data><Data Name='SourceProcessId'>4372</Data><Data Name='SourceThreadId'>4944</Data><Data Name='SourceImage'>C:\Windows\Explorer.EXE</Data><Data Name='TargetProcessGUID'>{51A89197-1026-6631-1406-000000001D00}</Data><Data Name='TargetProcessId'>5828</Data><Data Name='TargetImage'>C:\temp\cmdrenamed.exe</Data><Data Name='GrantedAccess'>0x1000</Data><Data Name='CallTrace'>C:\Windows\SYSTEM32\ntdll.dll+9ae64|C:\Windows\System32\KERNELBASE.dll+2fd5d|C:\Windows\SYSTEM32\TWINAPI.dll+5fd1|C:\Windows\system32\twinui.pcshell.dll+37a43|C:\Windows\system32\twinui.pcshell.dll+3c009|C:\Windows\system32\twinui.dll+26542|C:\Windows\System32\user32.dll+16d41|C:\Windows\System32\user32.dll+16713|C:\Windows\System32\windows.immersiveshell.serviceprovider.dll+2e21b|C:\Windows\System32\windows.immersiveshell.serviceprovider.dll+2d7a4|C:\Windows\System32\windows.immersiveshell.serviceprovider.dll+2d2c0|C:\Windows\System32\windows.immersiveshell.serviceprovider.dll+2c772|C:\Windows\System32\KERNEL32.DLL+14034|C:\Windows\SYSTEM32\ntdll.dll+73691</Data><Data Name='SourceUser'>ATTACKBOX-WIN10\attacker</Data><Data Name='TargetUser'>ATTACKBOX-WIN10\attacker</Data></EventData></Event>
<Event xmlns='http://schemas.microsoft.com/win/2004/08/events/event'><System><Provider Name='Microsoft-Windows-Sysmon' Guid='{5770385F-C22A-43E0-BF4C-06F5698FFBD9}'/><EventID>10</EventID><Version>3</Version><Level>4</Level><Task>10</Task><Opcode>0</Opcode><Keywords>0x8000000000000000</Keywords><TimeCreated SystemTime='2024-04-30T15:37:11.312909100Z'/><EventRecordID>585797</EventRecordID><Correlation/><Execution ProcessID='2508' ThreadID='4412'/><Channel>Microsoft-Windows-Sysmon/Operational</Channel><Computer>AttackBox-Win10</Computer><Security UserID='S-1-5-18'/></System><EventData><Data Name='RuleName'>-</Data><Data Name='UtcTime'>2024-04-30 15:37:11.209</Data><Data Name='SourceProcessGUID'>{51A89197-3B96-654E-5D00-000000001D00}</Data><Data Name='SourceProcessId'>4372</Data><Data Name='SourceThreadId'>4944</Data><Data Name='SourceImage'>C:\Windows\Explorer.EXE</Data><Data Name='TargetProcessGUID'>{51A89197-1026-6631-1406-000000001D00}</Data><Data Name='TargetProcessId'>5828</Data><Data Name='TargetImage'>C:\temp\cmdrenamed.exe</Data><Data Name='GrantedAccess'>0x2000</Data><Data Name='CallTrace'>C:\Windows\SYSTEM32\ntdll.dll+9ae64|C:\Windows\System32\KERNELBASE.dll+2fd5d|C:\Windows\system32\twinui.dll+2721c|C:\Windows\system32\twinui.dll+26569|C:\Windows\System32\user32.dll+16d41|C:\Windows\System32\user32.dll+16713|C:\Windows\System32\windows.immersiveshell.serviceprovider.dll+2e21b|C:\Windows\System32\windows.immersiveshell.serviceprovider.dll+2d7a4|C:\Windows\System32\windows.immersiveshell.serviceprovider.dll+2d2c0|C:\Windows\System32\windows.immersiveshell.serviceprovider.dll+2c772|C:\Windows\System32\KERNEL32.DLL+14034|C:\Windows\SYSTEM32\ntdll.dll+73691</Data><Data Name='SourceUser'>ATTACKBOX-WIN10\attacker</Data><Data Name='TargetUser'>ATTACKBOX-WIN10\attacker</Data></EventData></Event>
<Event xmlns='http://schemas.microsoft.com/win/2004/08/events/event'><System><Provider Name='Microsoft-Windows-Sysmon' Guid='{5770385F-C22A-43E0-BF4C-06F5698FFBD9}'/><EventID>10</EventID><Version>3</Version><Level>4</Level><Task>10</Task><Opcode>0</Opcode><Keywords>0x8000000000000000</Keywords><TimeCreated SystemTime='2024-04-30T15:37:11.311908000Z'/><EventRecordID>585796</EventRecordID><Correlation/><Execution ProcessID='2508' ThreadID='4412'/><Channel>Microsoft-Windows-Sysmon/Operational</Channel><Computer>AttackBox-Win10</Computer><Security UserID='S-1-5-18'/></System><EventData><Data Name='RuleName'>-</Data><Data Name='UtcTime'>2024-04-30 15:37:11.209</Data><Data Name='SourceProcessGUID'>{51A89197-3B96-654E-5D00-000000001D00}</Data><Data Name='SourceProcessId'>4372</Data><Data Name='SourceThreadId'>4944</Data><Data Name='SourceImage'>C:\Windows\Explorer.EXE</Data><Data Name='TargetProcessGUID'>{51A89197-1026-6631-1406-000000001D00}</Data><Data Name='TargetProcessId'>5828</Data><Data Name='TargetImage'>C:\temp\cmdrenamed.exe</Data><Data Name='GrantedAccess'>0x1000</Data><Data Name='CallTrace'>C:\Windows\SYSTEM32\ntdll.dll+9ae64|C:\Windows\System32\KERNELBASE.dll+2fd5d|C:\Windows\SYSTEM32\TWINAPI.dll+5fd1|C:\Windows\system32\twinui.pcshell.dll+37a43|C:\Windows\system32\twinui.pcshell.dll+3c009|C:\Windows\system32\twinui.dll+26542|C:\Windows\System32\user32.dll+16d41|C:\Windows\System32\user32.dll+16713|C:\Windows\System32\windows.immersiveshell.serviceprovider.dll+2e21b|C:\Windows\System32\windows.immersiveshell.serviceprovider.dll+2d7a4|C:\Windows\System32\windows.immersiveshell.serviceprovider.dll+2d2c0|C:\Windows\System32\windows.immersiveshell.serviceprovider.dll+2c772|C:\Windows\System32\KERNEL32.DLL+14034|C:\Windows\SYSTEM32\ntdll.dll+73691</Data><Data Name='SourceUser'>ATTACKBOX-WIN10\attacker</Data><Data Name='TargetUser'>ATTACKBOX-WIN10\attacker</Data></EventData></Event>
<Event xmlns='http://schemas.microsoft.com/win/2004/08/events/event'><System><Provider Name='Microsoft-Windows-Sysmon' Guid='{5770385F-C22A-43E0-BF4C-06F5698FFBD9}'/><EventID>10</EventID><Version>3</Version><Level>4</Level><Task>10</Task><Opcode>0</Opcode><Keywords>0x8000000000000000</Keywords><TimeCreated SystemTime='2024-04-30T15:37:11.237637100Z'/><EventRecordID>585795</EventRecordID><Correlation/><Execution ProcessID='2508' ThreadID='4412'/><Channel>Microsoft-Windows-Sysmon/Operational</Channel><Computer>AttackBox-Win10</Computer><Security UserID='S-1-5-18'/></System><EventData><Data Name='RuleName'>-</Data><Data Name='UtcTime'>2024-04-30 15:37:11.209</Data><Data Name='SourceProcessGUID'>{51A89197-3B96-654E-5D00-000000001D00}</Data><Data Name='SourceProcessId'>4372</Data><Data Name='SourceThreadId'>4624</Data><Data Name='SourceImage'>C:\Windows\Explorer.EXE</Data><Data Name='TargetProcessGUID'>{51A89197-1026-6631-1406-000000001D00}</Data><Data Name='TargetProcessId'>5828</Data><Data Name='TargetImage'>C:\temp\cmdrenamed.exe</Data><Data Name='GrantedAccess'>0x1000</Data><Data Name='CallTrace'>C:\Windows\SYSTEM32\ntdll.dll+9ae64|C:\Windows\System32\KERNELBASE.dll+2fd5d|C:\Windows\Explorer.EXE+5ce10|C:\Windows\Explorer.EXE+474ab|C:\Windows\Explorer.EXE+45c22|C:\Windows\System32\user32.dll+16d41|C:\Windows\System32\user32.dll+1690b|C:\Windows\WinSxS\amd64_microsoft.windows.common-controls_6595b64144ccf1df_6.0.17134.706_none_fb43a2cb30647007\comctl32.dll+2d96b|C:\Windows\WinSxS\amd64_microsoft.windows.common-controls_6595b64144ccf1df_6.0.17134.706_none_fb43a2cb30647007\comctl32.dll+2d737|C:\Program Files\Open-Shell\StartMenuDLL.dll+1b4ef|C:\Windows\WinSxS\amd64_microsoft.windows.common-controls_6595b64144ccf1df_6.0.17134.706_none_fb43a2cb30647007\comctl32.dll+2d9c7|C:\Windows\WinSxS\amd64_microsoft.windows.common-controls_6595b64144ccf1df_6.0.17134.706_none_fb43a2cb30647007\comctl32.dll+2d802|C:\Windows\System32\user32.dll+16d41|C:\Windows\System32\user32.dll+16713|C:\Windows\Explorer.EXE+4a2d2|C:\Windows\Explorer.EXE+937a3|C:\Windows\System32\shcore.dll+33fb5|C:\Windows\System32\KERNEL32.DLL+14034|C:\Windows\SYSTEM32\ntdll.dll+73691</Data><Data Name='SourceUser'>ATTACKBOX-WIN10\attacker</Data><Data Name='TargetUser'>ATTACKBOX-WIN10\attacker</Data></EventData></Event>
<Event xmlns='http://schemas.microsoft.com/win/2004/08/events/event'><System><Provider Name='Microsoft-Windows-Sysmon' Guid='{5770385F-C22A-43E0-BF4C-06F5698FFBD9}'/><EventID>10</EventID><Version>3</Version><Level>4</Level><Task>10</Task><Opcode>0</Opcode><Keywords>0x8000000000000000</Keywords><TimeCreated SystemTime='2024-04-30T15:37:11.207090400Z'/><EventRecordID>585785</EventRecordID><Correlation/><Execution ProcessID='2508' ThreadID='4412'/><Channel>Microsoft-Windows-Sysmon/Operational</Channel><Computer>AttackBox-Win10</Computer><Security UserID='S-1-5-18'/></System><EventData><Data Name='RuleName'>-</Data><Data Name='UtcTime'>2024-04-30 15:37:11.177</Data><Data Name='SourceProcessGUID'>{51A89197-3B96-654E-5D00-000000001D00}</Data><Data Name='SourceProcessId'>4372</Data><Data Name='SourceThreadId'>4944</Data><Data Name='SourceImage'>C:\Windows\Explorer.EXE</Data><Data Name='TargetProcessGUID'>{51A89197-1026-6631-1406-000000001D00}</Data><Data Name='TargetProcessId'>5828</Data><Data Name='TargetImage'>C:\temp\cmdrenamed.exe</Data><Data Name='GrantedAccess'>0x1000</Data><Data Name='CallTrace'>C:\Windows\SYSTEM32\ntdll.dll+9ae64|C:\Windows\System32\KERNELBASE.dll+2fd5d|C:\Windows\SYSTEM32\TWINAPI.dll+5fd1|C:\Windows\system32\twinui.pcshell.dll+37a43|C:\Windows\system32\twinui.pcshell.dll+3c009|C:\Windows\system32\twinui.dll+26542|C:\Windows\System32\user32.dll+16d41|C:\Windows\System32\user32.dll+16713|C:\Windows\System32\windows.immersiveshell.serviceprovider.dll+2e21b|C:\Windows\System32\windows.immersiveshell.serviceprovider.dll+2d7a4|C:\Windows\System32\windows.immersiveshell.serviceprovider.dll+2d2c0|C:\Windows\System32\windows.immersiveshell.serviceprovider.dll+2c772|C:\Windows\System32\KERNEL32.DLL+14034|C:\Windows\SYSTEM32\ntdll.dll+73691</Data><Data Name='SourceUser'>ATTACKBOX-WIN10\attacker</Data><Data Name='TargetUser'>ATTACKBOX-WIN10\attacker</Data></EventData></Event>
<Event xmlns='http://schemas.microsoft.com/win/2004/08/events/event'><System><Provider Name='Microsoft-Windows-Sysmon' Guid='{5770385F-C22A-43E0-BF4C-06F5698FFBD9}'/><EventID>10</EventID><Version>3</Version><Level>4</Level><Task>10</Task><Opcode>0</Opcode><Keywords>0x8000000000000000</Keywords><TimeCreated SystemTime='2024-04-30T15:37:11.205363500Z'/><EventRecordID>585778</EventRecordID><Correlation/><Execution ProcessID='2508' ThreadID='4412'/><Channel>Microsoft-Windows-Sysmon/Operational</Channel><Computer>AttackBox-Win10</Computer><Security UserID='S-1-5-18'/></System><EventData><Data Name='RuleName'>-</Data><Data Name='UtcTime'>2024-04-30 15:37:11.177</Data><Data Name='SourceProcessGUID'>{51A89197-3B96-654E-5D00-000000001D00}</Data><Data Name='SourceProcessId'>4372</Data><Data Name='SourceThreadId'>4944</Data><Data Name='SourceImage'>C:\Windows\Explorer.EXE</Data><Data Name='TargetProcessGUID'>{51A89197-1026-6631-1406-000000001D00}</Data><Data Name='TargetProcessId'>5828</Data><Data Name='TargetImage'>C:\temp\cmdrenamed.exe</Data><Data Name='GrantedAccess'>0x1000</Data><Data Name='CallTrace'>C:\Windows\SYSTEM32\ntdll.dll+9ae64|C:\Windows\System32\KERNELBASE.dll+2fd5d|C:\Windows\SYSTEM32\TWINAPI.dll+5fd1|C:\Windows\system32\twinui.pcshell.dll+37a43|C:\Windows\system32\twinui.pcshell.dll+3c009|C:\Windows\system32\twinui.dll+26542|C:\Windows\System32\user32.dll+16d41|C:\Windows\System32\user32.dll+16713|C:\Windows\System32\windows.immersiveshell.serviceprovider.dll+2e21b|C:\Windows\System32\windows.immersiveshell.serviceprovider.dll+2d7a4|C:\Windows\System32\windows.immersiveshell.serviceprovider.dll+2d2c0|C:\Windows\System32\windows.immersiveshell.serviceprovider.dll+2c772|C:\Windows\System32\KERNEL32.DLL+14034|C:\Windows\SYSTEM32\ntdll.dll+73691</Data><Data Name='SourceUser'>ATTACKBOX-WIN10\attacker</Data><Data Name='TargetUser'>ATTACKBOX-WIN10\attacker</Data></EventData></Event>
