<Event><System><Provider Name="Linux-Sysmon" Guid="{ff032593-a8d3-4f13-b0d6-01fc615a0f97}"/><EventID>1</EventID><Version>5</Version><Level>4</Level><Task>1</Task><Opcode>0</Opcode><Keywords>0x8000000000000000</Keywords><TimeCreated SystemTime="2022-02-11T16:34:05.706889000Z"/><EventRecordID>2731363</EventRecordID><Correlation/><Execution ProcessID="4565" ThreadID="4565"/><Channel>Linux-Sysmon/Operational</Channel><Computer>sysmonlinux-bpatel-44382-8629</Computer><Security UserId="0"/></System><EventData><Data Name="RuleName">-</Data><Data Name="UtcTime">2022-02-11 16:34:05.706</Data><Data Name="ProcessGuid">{ec27465a-8ffd-6206-6824-67feed550000}</Data><Data Name="ProcessId">19822</Data><Data Name="Image">/bin/ps</Data><Data Name="FileVersion">-</Data><Data Name="Description">-</Data><Data Name="Product">-</Data><Data Name="Company">-</Data><Data Name="OriginalFileName">-</Data><Data Name="CommandLine">ps -e -o pid,ppid,state,command</Data><Data Name="CurrentDirectory">/var/snap/amazon-ssm-agent/4046</Data><Data Name="User">root</Data><Data Name="LogonGuid">{ec27465a-0000-0000-0000-000000000000}</Data><Data Name="LogonId">0</Data><Data Name="TerminalSessionId">4294967295</Data><Data Name="IntegrityLevel">no level</Data><Data Name="Hashes">-</Data><Data Name="ParentProcessGuid">{00000000-0000-0000-0000-000000000000}</Data><Data Name="ParentProcessId">2376</Data><Data Name="ParentImage">-</Data><Data Name="ParentCommandLine">-</Data><Data Name="ParentUser">-</Data></EventData></Event>
<Event><System><Provider Name="Linux-Sysmon" Guid="{ff032593-a8d3-4f13-b0d6-01fc615a0f97}"/><EventID>5</EventID><Version>3</Version><Level>4</Level><Task>5</Task><Opcode>0</Opcode><Keywords>0x8000000000000000</Keywords><TimeCreated SystemTime="2022-02-11T16:33:04.705543000Z"/><EventRecordID>2728498</EventRecordID><Correlation/><Execution ProcessID="4565" ThreadID="4565"/><Channel>Linux-Sysmon/Operational</Channel><Computer>sysmonlinux-bpatel-44382-8629</Computer><Security UserId="0"/></System><EventData><Data Name="RuleName">-</Data><Data Name="UtcTime">2022-02-11 16:33:04.706</Data><Data Name="ProcessGuid">{ec27465a-8fc0-6206-6894-6e5d64550000}</Data><Data Name="ProcessId">19821</Data><Data Name="Image">/bin/ps</Data><Data Name="User">root</Data></EventData></Event>
<Event><System><Provider Name="Linux-Sysmon" Guid="{ff032593-a8d3-4f13-b0d6-01fc615a0f97}"/><EventID>1</EventID><Version>5</Version><Level>4</Level><Task>1</Task><Opcode>0</Opcode><Keywords>0x8000000000000000</Keywords><TimeCreated SystemTime="2022-02-11T16:33:04.690159000Z"/><EventRecordID>2728483</EventRecordID><Correlation/><Execution ProcessID="4565" ThreadID="4565"/><Channel>Linux-Sysmon/Operational</Channel><Computer>sysmonlinux-bpatel-44382-8629</Computer><Security UserId="0"/></System><EventData><Data Name="RuleName">-</Data><Data Name="UtcTime">2022-02-11 16:33:04.690</Data><Data Name="ProcessGuid">{ec27465a-8fc0-6206-6894-6e5d64550000}</Data><Data Name="ProcessId">19821</Data><Data Name="Image">/bin/ps</Data><Data Name="FileVersion">-</Data><Data Name="Description">-</Data><Data Name="Product">-</Data><Data Name="Company">-</Data><Data Name="OriginalFileName">-</Data><Data Name="CommandLine">ps -e -o pid,ppid,state,command</Data><Data Name="CurrentDirectory">/var/snap/amazon-ssm-agent/4046</Data><Data Name="User">root</Data><Data Name="LogonGuid">{ec27465a-0000-0000-0000-000000000000}</Data><Data Name="LogonId">0</Data><Data Name="TerminalSessionId">4294967295</Data><Data Name="IntegrityLevel">no level</Data><Data Name="Hashes">-</Data><Data Name="ParentProcessGuid">{00000000-0000-0000-0000-000000000000}</Data><Data Name="ParentProcessId">2376</Data><Data Name="ParentImage">-</Data><Data Name="ParentCommandLine">-</Data><Data Name="ParentUser">-</Data></EventData></Event>
<Event><System><Provider Name="Linux-Sysmon" Guid="{ff032593-a8d3-4f13-b0d6-01fc615a0f97}"/><EventID>5</EventID><Version>3</Version><Level>4</Level><Task>5</Task><Opcode>0</Opcode><Keywords>0x8000000000000000</Keywords><TimeCreated SystemTime="2022-02-11T16:32:03.689279000Z"/><EventRecordID>2726996</EventRecordID><Correlation/><Execution ProcessID="4565" ThreadID="4565"/><Channel>Linux-Sysmon/Operational</Channel><Computer>sysmonlinux-bpatel-44382-8629</Computer><Security UserId="0"/></System><EventData><Data Name="RuleName">-</Data><Data Name="UtcTime">2022-02-11 16:32:03.689</Data><Data Name="ProcessGuid">{ec27465a-8f83-6206-6894-1ca317560000}</Data><Data Name="ProcessId">19820</Data><Data Name="Image">/bin/ps</Data><Data Name="User">root</Data></EventData></Event>
<Event><System><Provider Name="Linux-Sysmon" Guid="{ff032593-a8d3-4f13-b0d6-01fc615a0f97}"/><EventID>1</EventID><Version>5</Version><Level>4</Level><Task>1</Task><Opcode>0</Opcode><Keywords>0x8000000000000000</Keywords><TimeCreated SystemTime="2022-02-11T16:32:03.669572000Z"/><EventRecordID>2726951</EventRecordID><Correlation/><Execution ProcessID="4565" ThreadID="4565"/><Channel>Linux-Sysmon/Operational</Channel><Computer>sysmonlinux-bpatel-44382-8629</Computer><Security UserId="0"/></System><EventData><Data Name="RuleName">-</Data><Data Name="UtcTime">2022-02-11 16:32:03.669</Data><Data Name="ProcessGuid">{ec27465a-8f83-6206-6894-1ca317560000}</Data><Data Name="ProcessId">19820</Data><Data Name="Image">/bin/ps</Data><Data Name="FileVersion">-</Data><Data Name="Description">-</Data><Data Name="Product">-</Data><Data Name="Company">-</Data><Data Name="OriginalFileName">-</Data><Data Name="CommandLine">ps -e -o pid,ppid,state,command</Data><Data Name="CurrentDirectory">/var/snap/amazon-ssm-agent/4046</Data><Data Name="User">root</Data><Data Name="LogonGuid">{ec27465a-0000-0000-0000-000000000000}</Data><Data Name="LogonId">0</Data><Data Name="TerminalSessionId">4294967295</Data><Data Name="IntegrityLevel">no level</Data><Data Name="Hashes">-</Data><Data Name="ParentProcessGuid">{00000000-0000-0000-0000-000000000000}</Data><Data Name="ParentProcessId">2376</Data><Data Name="ParentImage">-</Data><Data Name="ParentCommandLine">-</Data><Data Name="ParentUser">-</Data></EventData></Event>
<Event><System><Provider Name="Linux-Sysmon" Guid="{ff032593-a8d3-4f13-b0d6-01fc615a0f97}"/><EventID>5</EventID><Version>3</Version><Level>4</Level><Task>5</Task><Opcode>0</Opcode><Keywords>0x8000000000000000</Keywords><TimeCreated SystemTime="2022-02-11T16:31:02.668341000Z"/><EventRecordID>2722614</EventRecordID><Correlation/><Execution ProcessID="4565" ThreadID="4565"/><Channel>Linux-Sysmon/Operational</Channel><Computer>sysmonlinux-bpatel-44382-8629</Computer><Security UserId="0"/></System><EventData><Data Name="RuleName">-</Data><Data Name="UtcTime">2022-02-11 16:31:02.668</Data><Data Name="ProcessGuid">{ec27465a-8f46-6206-6824-2e208a550000}</Data><Data Name="ProcessId">19817</Data><Data Name="Image">/bin/ps</Data><Data Name="User">root</Data></EventData></Event>
<Event><System><Provider Name="Linux-Sysmon" Guid="{ff032593-a8d3-4f13-b0d6-01fc615a0f97}"/><EventID>1</EventID><Version>5</Version><Level>4</Level><Task>1</Task><Opcode>0</Opcode><Keywords>0x8000000000000000</Keywords><TimeCreated SystemTime="2022-02-11T16:31:02.656865000Z"/><EventRecordID>2722588</EventRecordID><Correlation/><Execution ProcessID="4565" ThreadID="4565"/><Channel>Linux-Sysmon/Operational</Channel><Computer>sysmonlinux-bpatel-44382-8629</Computer><Security UserId="0"/></System><EventData><Data Name="RuleName">-</Data><Data Name="UtcTime">2022-02-11 16:31:02.657</Data><Data Name="ProcessGuid">{ec27465a-8f46-6206-6824-2e208a550000}</Data><Data Name="ProcessId">19817</Data><Data Name="Image">/bin/ps</Data><Data Name="FileVersion">-</Data><Data Name="Description">-</Data><Data Name="Product">-</Data><Data Name="Company">-</Data><Data Name="OriginalFileName">-</Data><Data Name="CommandLine">ps -e -o pid,ppid,state,command</Data><Data Name="CurrentDirectory">/var/snap/amazon-ssm-agent/4046</Data><Data Name="User">root</Data><Data Name="LogonGuid">{ec27465a-0000-0000-0000-000000000000}</Data><Data Name="LogonId">0</Data><Data Name="TerminalSessionId">4294967295</Data><Data Name="IntegrityLevel">no level</Data><Data Name="Hashes">-</Data><Data Name="ParentProcessGuid">{00000000-0000-0000-0000-000000000000}</Data><Data Name="ParentProcessId">2376</Data><Data Name="ParentImage">-</Data><Data Name="ParentCommandLine">-</Data><Data Name="ParentUser">-</Data></EventData></Event>
<Event><System><Provider Name="Linux-Sysmon" Guid="{ff032593-a8d3-4f13-b0d6-01fc615a0f97}"/><EventID>5</EventID><Version>3</Version><Level>4</Level><Task>5</Task><Opcode>0</Opcode><Keywords>0x8000000000000000</Keywords><TimeCreated SystemTime="2022-02-11T16:30:01.655369000Z"/><EventRecordID>2720764</EventRecordID><Correlation/><Execution ProcessID="4565" ThreadID="4565"/><Channel>Linux-Sysmon/Operational</Channel><Computer>sysmonlinux-bpatel-44382-8629</Computer><Security UserId="0"/></System><EventData><Data Name="RuleName">-</Data><Data Name="UtcTime">2022-02-11 16:30:01.655</Data><Data Name="ProcessGuid">{ec27465a-8f09-6206-68a4-8aca21560000}</Data><Data Name="ProcessId">19816</Data><Data Name="Image">/bin/ps</Data><Data Name="User">root</Data></EventData></Event>
<Event><System><Provider Name="Linux-Sysmon" Guid="{ff032593-a8d3-4f13-b0d6-01fc615a0f97}"/><EventID>1</EventID><Version>5</Version><Level>4</Level><Task>1</Task><Opcode>0</Opcode><Keywords>0x8000000000000000</Keywords><TimeCreated SystemTime="2022-02-11T16:30:01.623925000Z"/><EventRecordID>2720763</EventRecordID><Correlation/><Execution ProcessID="4565" ThreadID="4565"/><Channel>Linux-Sysmon/Operational</Channel><Computer>sysmonlinux-bpatel-44382-8629</Computer><Security UserId="0"/></System><EventData><Data Name="RuleName">-</Data><Data Name="UtcTime">2022-02-11 16:30:01.624</Data><Data Name="ProcessGuid">{ec27465a-8f09-6206-68a4-8aca21560000}</Data><Data Name="ProcessId">19816</Data><Data Name="Image">/bin/ps</Data><Data Name="FileVersion">-</Data><Data Name="Description">-</Data><Data Name="Product">-</Data><Data Name="Company">-</Data><Data Name="OriginalFileName">-</Data><Data Name="CommandLine">ps -e -o pid,ppid,state,command</Data><Data Name="CurrentDirectory">/var/snap/amazon-ssm-agent/4046</Data><Data Name="User">root</Data><Data Name="LogonGuid">{ec27465a-0000-0000-0000-000000000000}</Data><Data Name="LogonId">0</Data><Data Name="TerminalSessionId">4294967295</Data><Data Name="IntegrityLevel">no level</Data><Data Name="Hashes">-</Data><Data Name="ParentProcessGuid">{00000000-0000-0000-0000-000000000000}</Data><Data Name="ParentProcessId">2376</Data><Data Name="ParentImage">-</Data><Data Name="ParentCommandLine">-</Data><Data Name="ParentUser">-</Data></EventData></Event>
<Event><System><Provider Name="Linux-Sysmon" Guid="{ff032593-a8d3-4f13-b0d6-01fc615a0f97}"/><EventID>5</EventID><Version>3</Version><Level>4</Level><Task>5</Task><Opcode>0</Opcode><Keywords>0x8000000000000000</Keywords><TimeCreated SystemTime="2022-02-11T16:29:00.622484000Z"/><EventRecordID>2717081</EventRecordID><Correlation/><Execution ProcessID="4565" ThreadID="4565"/><Channel>Linux-Sysmon/Operational</Channel><Computer>sysmonlinux-bpatel-44382-8629</Computer><Security UserId="0"/></System><EventData><Data Name="RuleName">-</Data><Data Name="UtcTime">2022-02-11 16:29:00.622</Data><Data Name="ProcessGuid">{ec27465a-8ecc-6206-68d4-cd68db550000}</Data><Data Name="ProcessId">19815</Data><Data Name="Image">/bin/ps</Data><Data Name="User">root</Data></EventData></Event>
<Event><System><Provider Name="Linux-Sysmon" Guid="{ff032593-a8d3-4f13-b0d6-01fc615a0f97}"/><EventID>1</EventID><Version>5</Version><Level>4</Level><Task>1</Task><Opcode>0</Opcode><Keywords>0x8000000000000000</Keywords><TimeCreated SystemTime="2022-02-11T16:29:00.611382000Z"/><EventRecordID>2717080</EventRecordID><Correlation/><Execution ProcessID="4565" ThreadID="4565"/><Channel>Linux-Sysmon/Operational</Channel><Computer>sysmonlinux-bpatel-44382-8629</Computer><Security UserId="0"/></System><EventData><Data Name="RuleName">-</Data><Data Name="UtcTime">2022-02-11 16:29:00.611</Data><Data Name="ProcessGuid">{ec27465a-8ecc-6206-68d4-cd68db550000}</Data><Data Name="ProcessId">19815</Data><Data Name="Image">/bin/ps</Data><Data Name="FileVersion">-</Data><Data Name="Description">-</Data><Data Name="Product">-</Data><Data Name="Company">-</Data><Data Name="OriginalFileName">-</Data><Data Name="CommandLine">ps -e -o pid,ppid,state,command</Data><Data Name="CurrentDirectory">/var/snap/amazon-ssm-agent/4046</Data><Data Name="User">root</Data><Data Name="LogonGuid">{ec27465a-0000-0000-0000-000000000000}</Data><Data Name="LogonId">0</Data><Data Name="TerminalSessionId">4294967295</Data><Data Name="IntegrityLevel">no level</Data><Data Name="Hashes">-</Data><Data Name="ParentProcessGuid">{00000000-0000-0000-0000-000000000000}</Data><Data Name="ParentProcessId">2376</Data><Data Name="ParentImage">-</Data><Data Name="ParentCommandLine">-</Data><Data Name="ParentUser">-</Data></EventData></Event>
<Event><System><Provider Name="Linux-Sysmon" Guid="{ff032593-a8d3-4f13-b0d6-01fc615a0f97}"/><EventID>5</EventID><Version>3</Version><Level>4</Level><Task>5</Task><Opcode>0</Opcode><Keywords>0x8000000000000000</Keywords><TimeCreated SystemTime="2022-02-11T16:27:59.610031000Z"/><EventRecordID>2714183</EventRecordID><Correlation/><Execution ProcessID="4565" ThreadID="4565"/><Channel>Linux-Sysmon/Operational</Channel><Computer>sysmonlinux-bpatel-44382-8629</Computer><Security UserId="0"/></System><EventData><Data Name="RuleName">-</Data><Data Name="UtcTime">2022-02-11 16:27:59.610</Data><Data Name="ProcessGuid">{ec27465a-8e8f-6206-6824-54c08e550000}</Data><Data Name="ProcessId">19814</Data><Data Name="Image">/bin/ps</Data><Data Name="User">root</Data></EventData></Event>
<Event><System><Provider Name="Linux-Sysmon" Guid="{ff032593-a8d3-4f13-b0d6-01fc615a0f97}"/><EventID>1</EventID><Version>5</Version><Level>4</Level><Task>1</Task><Opcode>0</Opcode><Keywords>0x8000000000000000</Keywords><TimeCreated SystemTime="2022-02-11T16:27:59.599535000Z"/><EventRecordID>2714182</EventRecordID><Correlation/><Execution ProcessID="4565" ThreadID="4565"/><Channel>Linux-Sysmon/Operational</Channel><Computer>sysmonlinux-bpatel-44382-8629</Computer><Security UserId="0"/></System><EventData><Data Name="RuleName">-</Data><Data Name="UtcTime">2022-02-11 16:27:59.599</Data><Data Name="ProcessGuid">{ec27465a-8e8f-6206-6824-54c08e550000}</Data><Data Name="ProcessId">19814</Data><Data Name="Image">/bin/ps</Data><Data Name="FileVersion">-</Data><Data Name="Description">-</Data><Data Name="Product">-</Data><Data Name="Company">-</Data><Data Name="OriginalFileName">-</Data><Data Name="CommandLine">ps -e -o pid,ppid,state,command</Data><Data Name="CurrentDirectory">/var/snap/amazon-ssm-agent/4046</Data><Data Name="User">root</Data><Data Name="LogonGuid">{ec27465a-0000-0000-0000-000000000000}</Data><Data Name="LogonId">0</Data><Data Name="TerminalSessionId">4294967295</Data><Data Name="IntegrityLevel">no level</Data><Data Name="Hashes">-</Data><Data Name="ParentProcessGuid">{00000000-0000-0000-0000-000000000000}</Data><Data Name="ParentProcessId">2376</Data><Data Name="ParentImage">-</Data><Data Name="ParentCommandLine">-</Data><Data Name="ParentUser">-</Data></EventData></Event>
<Event><System><Provider Name="Linux-Sysmon" Guid="{ff032593-a8d3-4f13-b0d6-01fc615a0f97}"/><EventID>5</EventID><Version>3</Version><Level>4</Level><Task>5</Task><Opcode>0</Opcode><Keywords>0x8000000000000000</Keywords><TimeCreated SystemTime="2022-02-11T16:26:58.598285000Z"/><EventRecordID>2712372</EventRecordID><Correlation/><Execution ProcessID="4565" ThreadID="4565"/><Channel>Linux-Sysmon/Operational</Channel><Computer>sysmonlinux-bpatel-44382-8629</Computer><Security UserId="0"/></System><EventData><Data Name="RuleName">-</Data><Data Name="UtcTime">2022-02-11 16:26:58.598</Data><Data Name="ProcessGuid">{ec27465a-8e52-6206-6814-96da0e560000}</Data><Data Name="ProcessId">19813</Data><Data Name="Image">/bin/ps</Data><Data Name="User">root</Data></EventData></Event>
<Event><System><Provider Name="Linux-Sysmon" Guid="{ff032593-a8d3-4f13-b0d6-01fc615a0f97}"/><EventID>1</EventID><Version>5</Version><Level>4</Level><Task>1</Task><Opcode>0</Opcode><Keywords>0x8000000000000000</Keywords><TimeCreated SystemTime="2022-02-11T16:26:58.583887000Z"/><EventRecordID>2712319</EventRecordID><Correlation/><Execution ProcessID="4565" ThreadID="4565"/><Channel>Linux-Sysmon/Operational</Channel><Computer>sysmonlinux-bpatel-44382-8629</Computer><Security UserId="0"/></System><EventData><Data Name="RuleName">-</Data><Data Name="UtcTime">2022-02-11 16:26:58.583</Data><Data Name="ProcessGuid">{ec27465a-8e52-6206-6814-96da0e560000}</Data><Data Name="ProcessId">19813</Data><Data Name="Image">/bin/ps</Data><Data Name="FileVersion">-</Data><Data Name="Description">-</Data><Data Name="Product">-</Data><Data Name="Company">-</Data><Data Name="OriginalFileName">-</Data><Data Name="CommandLine">ps -e -o pid,ppid,state,command</Data><Data Name="CurrentDirectory">/var/snap/amazon-ssm-agent/4046</Data><Data Name="User">root</Data><Data Name="LogonGuid">{ec27465a-0000-0000-0000-000000000000}</Data><Data Name="LogonId">0</Data><Data Name="TerminalSessionId">4294967295</Data><Data Name="IntegrityLevel">no level</Data><Data Name="Hashes">-</Data><Data Name="ParentProcessGuid">{00000000-0000-0000-0000-000000000000}</Data><Data Name="ParentProcessId">2376</Data><Data Name="ParentImage">-</Data><Data Name="ParentCommandLine">-</Data><Data Name="ParentUser">-</Data></EventData></Event>
<Event><System><Provider Name="Linux-Sysmon" Guid="{ff032593-a8d3-4f13-b0d6-01fc615a0f97}"/><EventID>5</EventID><Version>3</Version><Level>4</Level><Task>5</Task><Opcode>0</Opcode><Keywords>0x8000000000000000</Keywords><TimeCreated SystemTime="2022-02-11T16:25:57.582628000Z"/><EventRecordID>2708825</EventRecordID><Correlation/><Execution ProcessID="4565" ThreadID="4565"/><Channel>Linux-Sysmon/Operational</Channel><Computer>sysmonlinux-bpatel-44382-8629</Computer><Security UserId="0"/></System><EventData><Data Name="RuleName">-</Data><Data Name="UtcTime">2022-02-11 16:25:57.583</Data><Data Name="ProcessGuid">{ec27465a-8e15-6206-68d4-e6cca3550000}</Data><Data Name="ProcessId">19809</Data><Data Name="Image">/bin/ps</Data><Data Name="User">root</Data></EventData></Event>
<Event><System><Provider Name="Linux-Sysmon" Guid="{ff032593-a8d3-4f13-b0d6-01fc615a0f97}"/><EventID>1</EventID><Version>5</Version><Level>4</Level><Task>1</Task><Opcode>0</Opcode><Keywords>0x8000000000000000</Keywords><TimeCreated SystemTime="2022-02-11T16:25:57.572196000Z"/><EventRecordID>2708824</EventRecordID><Correlation/><Execution ProcessID="4565" ThreadID="4565"/><Channel>Linux-Sysmon/Operational</Channel><Computer>sysmonlinux-bpatel-44382-8629</Computer><Security UserId="0"/></System><EventData><Data Name="RuleName">-</Data><Data Name="UtcTime">2022-02-11 16:25:57.572</Data><Data Name="ProcessGuid">{ec27465a-8e15-6206-68d4-e6cca3550000}</Data><Data Name="ProcessId">19809</Data><Data Name="Image">/bin/ps</Data><Data Name="FileVersion">-</Data><Data Name="Description">-</Data><Data Name="Product">-</Data><Data Name="Company">-</Data><Data Name="OriginalFileName">-</Data><Data Name="CommandLine">ps -e -o pid,ppid,state,command</Data><Data Name="CurrentDirectory">/var/snap/amazon-ssm-agent/4046</Data><Data Name="User">root</Data><Data Name="LogonGuid">{ec27465a-0000-0000-0000-000000000000}</Data><Data Name="LogonId">0</Data><Data Name="TerminalSessionId">4294967295</Data><Data Name="IntegrityLevel">no level</Data><Data Name="Hashes">-</Data><Data Name="ParentProcessGuid">{00000000-0000-0000-0000-000000000000}</Data><Data Name="ParentProcessId">2376</Data><Data Name="ParentImage">-</Data><Data Name="ParentCommandLine">-</Data><Data Name="ParentUser">-</Data></EventData></Event>
<Event><System><Provider Name="Linux-Sysmon" Guid="{ff032593-a8d3-4f13-b0d6-01fc615a0f97}"/><EventID>5</EventID><Version>3</Version><Level>4</Level><Task>5</Task><Opcode>0</Opcode><Keywords>0x8000000000000000</Keywords><TimeCreated SystemTime="2022-02-11T16:23:55.559012000Z"/><EventRecordID>2706037</EventRecordID><Correlation/><Execution ProcessID="4565" ThreadID="4565"/><Channel>Linux-Sysmon/Operational</Channel><Computer>sysmonlinux-bpatel-44382-8629</Computer><Security UserId="0"/></System><EventData><Data Name="RuleName">-</Data><Data Name="UtcTime">2022-02-11 16:23:55.559</Data><Data Name="ProcessGuid">{ec27465a-8d9b-6206-68d4-8c6567550000}</Data><Data Name="ProcessId">19806</Data><Data Name="Image">/bin/ps</Data><Data Name="User">root</Data></EventData></Event>
<Event><System><Provider Name="Linux-Sysmon" Guid="{ff032593-a8d3-4f13-b0d6-01fc615a0f97}"/><EventID>1</EventID><Version>5</Version><Level>4</Level><Task>1</Task><Opcode>0</Opcode><Keywords>0x8000000000000000</Keywords><TimeCreated SystemTime="2022-02-11T16:23:55.545479000Z"/><EventRecordID>2706036</EventRecordID><Correlation/><Execution ProcessID="4565" ThreadID="4565"/><Channel>Linux-Sysmon/Operational</Channel><Computer>sysmonlinux-bpatel-44382-8629</Computer><Security UserId="0"/></System><EventData><Data Name="RuleName">-</Data><Data Name="UtcTime">2022-02-11 16:23:55.545</Data><Data Name="ProcessGuid">{ec27465a-8d9b-6206-68d4-8c6567550000}</Data><Data Name="ProcessId">19806</Data><Data Name="Image">/bin/ps</Data><Data Name="FileVersion">-</Data><Data Name="Description">-</Data><Data Name="Product">-</Data><Data Name="Company">-</Data><Data Name="OriginalFileName">-</Data><Data Name="CommandLine">ps -e -o pid,ppid,state,command</Data><Data Name="CurrentDirectory">/var/snap/amazon-ssm-agent/4046</Data><Data Name="User">root</Data><Data Name="LogonGuid">{ec27465a-0000-0000-0000-000000000000}</Data><Data Name="LogonId">0</Data><Data Name="TerminalSessionId">4294967295</Data><Data Name="IntegrityLevel">no level</Data><Data Name="Hashes">-</Data><Data Name="ParentProcessGuid">{00000000-0000-0000-0000-000000000000}</Data><Data Name="ParentProcessId">2376</Data><Data Name="ParentImage">-</Data><Data Name="ParentCommandLine">-</Data><Data Name="ParentUser">-</Data></EventData></Event>
<Event><System><Provider Name="Linux-Sysmon" Guid="{ff032593-a8d3-4f13-b0d6-01fc615a0f97}"/><EventID>5</EventID><Version>3</Version><Level>4</Level><Task>5</Task><Opcode>0</Opcode><Keywords>0x8000000000000000</Keywords><TimeCreated SystemTime="2022-02-11T16:22:54.544238000Z"/><EventRecordID>2704516</EventRecordID><Correlation/><Execution ProcessID="4565" ThreadID="4565"/><Channel>Linux-Sysmon/Operational</Channel><Computer>sysmonlinux-bpatel-44382-8629</Computer><Security UserId="0"/></System><EventData><Data Name="RuleName">-</Data><Data Name="UtcTime">2022-02-11 16:22:54.544</Data><Data Name="ProcessGuid">{ec27465a-8d5e-6206-68a4-b0ed7d550000}</Data><Data Name="ProcessId">19805</Data><Data Name="Image">/bin/ps</Data><Data Name="User">root</Data></EventData></Event>
<Event><System><Provider Name="Linux-Sysmon" Guid="{ff032593-a8d3-4f13-b0d6-01fc615a0f97}"/><EventID>1</EventID><Version>5</Version><Level>4</Level><Task>1</Task><Opcode>0</Opcode><Keywords>0x8000000000000000</Keywords><TimeCreated SystemTime="2022-02-11T16:22:54.531212000Z"/><EventRecordID>2704499</EventRecordID><Correlation/><Execution ProcessID="4565" ThreadID="4565"/><Channel>Linux-Sysmon/Operational</Channel><Computer>sysmonlinux-bpatel-44382-8629</Computer><Security UserId="0"/></System><EventData><Data Name="RuleName">-</Data><Data Name="UtcTime">2022-02-11 16:22:54.531</Data><Data Name="ProcessGuid">{ec27465a-8d5e-6206-68a4-b0ed7d550000}</Data><Data Name="ProcessId">19805</Data><Data Name="Image">/bin/ps</Data><Data Name="FileVersion">-</Data><Data Name="Description">-</Data><Data Name="Product">-</Data><Data Name="Company">-</Data><Data Name="OriginalFileName">-</Data><Data Name="CommandLine">ps -e -o pid,ppid,state,command</Data><Data Name="CurrentDirectory">/var/snap/amazon-ssm-agent/4046</Data><Data Name="User">root</Data><Data Name="LogonGuid">{ec27465a-0000-0000-0000-000000000000}</Data><Data Name="LogonId">0</Data><Data Name="TerminalSessionId">4294967295</Data><Data Name="IntegrityLevel">no level</Data><Data Name="Hashes">-</Data><Data Name="ParentProcessGuid">{00000000-0000-0000-0000-000000000000}</Data><Data Name="ParentProcessId">2376</Data><Data Name="ParentImage">-</Data><Data Name="ParentCommandLine">-</Data><Data Name="ParentUser">-</Data></EventData></Event>
<Event><System><Provider Name="Linux-Sysmon" Guid="{ff032593-a8d3-4f13-b0d6-01fc615a0f97}"/><EventID>5</EventID><Version>3</Version><Level>4</Level><Task>5</Task><Opcode>0</Opcode><Keywords>0x8000000000000000</Keywords><TimeCreated SystemTime="2022-02-11T16:21:53.529855000Z"/><EventRecordID>2703838</EventRecordID><Correlation/><Execution ProcessID="4565" ThreadID="4565"/><Channel>Linux-Sysmon/Operational</Channel><Computer>sysmonlinux-bpatel-44382-8629</Computer><Security UserId="0"/></System><EventData><Data Name="RuleName">-</Data><Data Name="UtcTime">2022-02-11 16:21:53.530</Data><Data Name="ProcessGuid">{ec27465a-8d21-6206-68a4-e1cda6550000}</Data><Data Name="ProcessId">19804</Data><Data Name="Image">/bin/ps</Data><Data Name="User">root</Data></EventData></Event>
<Event><System><Provider Name="Linux-Sysmon" Guid="{ff032593-a8d3-4f13-b0d6-01fc615a0f97}"/><EventID>1</EventID><Version>5</Version><Level>4</Level><Task>1</Task><Opcode>0</Opcode><Keywords>0x8000000000000000</Keywords><TimeCreated SystemTime="2022-02-11T16:21:53.518251000Z"/><EventRecordID>2703807</EventRecordID><Correlation/><Execution ProcessID="4565" ThreadID="4565"/><Channel>Linux-Sysmon/Operational</Channel><Computer>sysmonlinux-bpatel-44382-8629</Computer><Security UserId="0"/></System><EventData><Data Name="RuleName">-</Data><Data Name="UtcTime">2022-02-11 16:21:53.518</Data><Data Name="ProcessGuid">{ec27465a-8d21-6206-68a4-e1cda6550000}</Data><Data Name="ProcessId">19804</Data><Data Name="Image">/bin/ps</Data><Data Name="FileVersion">-</Data><Data Name="Description">-</Data><Data Name="Product">-</Data><Data Name="Company">-</Data><Data Name="OriginalFileName">-</Data><Data Name="CommandLine">ps -e -o pid,ppid,state,command</Data><Data Name="CurrentDirectory">/var/snap/amazon-ssm-agent/4046</Data><Data Name="User">root</Data><Data Name="LogonGuid">{ec27465a-0000-0000-0000-000000000000}</Data><Data Name="LogonId">0</Data><Data Name="TerminalSessionId">4294967295</Data><Data Name="IntegrityLevel">no level</Data><Data Name="Hashes">-</Data><Data Name="ParentProcessGuid">{00000000-0000-0000-0000-000000000000}</Data><Data Name="ParentProcessId">2376</Data><Data Name="ParentImage">-</Data><Data Name="ParentCommandLine">-</Data><Data Name="ParentUser">-</Data></EventData></Event>
<Event><System><Provider Name="Linux-Sysmon" Guid="{ff032593-a8d3-4f13-b0d6-01fc615a0f97}"/><EventID>5</EventID><Version>3</Version><Level>4</Level><Task>5</Task><Opcode>0</Opcode><Keywords>0x8000000000000000</Keywords><TimeCreated SystemTime="2022-02-11T16:20:52.516813000Z"/><EventRecordID>2701817</EventRecordID><Correlation/><Execution ProcessID="4565" ThreadID="4565"/><Channel>Linux-Sysmon/Operational</Channel><Computer>sysmonlinux-bpatel-44382-8629</Computer><Security UserId="0"/></System><EventData><Data Name="RuleName">-</Data><Data Name="UtcTime">2022-02-11 16:20:52.517</Data><Data Name="ProcessGuid">{ec27465a-8ce4-6206-68e4-9543ff550000}</Data><Data Name="ProcessId">19802</Data><Data Name="Image">/bin/ps</Data><Data Name="User">root</Data></EventData></Event>
<Event><System><Provider Name="Linux-Sysmon" Guid="{ff032593-a8d3-4f13-b0d6-01fc615a0f97}"/><EventID>1</EventID><Version>5</Version><Level>4</Level><Task>1</Task><Opcode>0</Opcode><Keywords>0x8000000000000000</Keywords><TimeCreated SystemTime="2022-02-11T16:20:52.506336000Z"/><EventRecordID>2701810</EventRecordID><Correlation/><Execution ProcessID="4565" ThreadID="4565"/><Channel>Linux-Sysmon/Operational</Channel><Computer>sysmonlinux-bpatel-44382-8629</Computer><Security UserId="0"/></System><EventData><Data Name="RuleName">-</Data><Data Name="UtcTime">2022-02-11 16:20:52.506</Data><Data Name="ProcessGuid">{ec27465a-8ce4-6206-68e4-9543ff550000}</Data><Data Name="ProcessId">19802</Data><Data Name="Image">/bin/ps</Data><Data Name="FileVersion">-</Data><Data Name="Description">-</Data><Data Name="Product">-</Data><Data Name="Company">-</Data><Data Name="OriginalFileName">-</Data><Data Name="CommandLine">ps -e -o pid,ppid,state,command</Data><Data Name="CurrentDirectory">/var/snap/amazon-ssm-agent/4046</Data><Data Name="User">root</Data><Data Name="LogonGuid">{ec27465a-0000-0000-0000-000000000000}</Data><Data Name="LogonId">0</Data><Data Name="TerminalSessionId">4294967295</Data><Data Name="IntegrityLevel">no level</Data><Data Name="Hashes">-</Data><Data Name="ParentProcessGuid">{00000000-0000-0000-0000-000000000000}</Data><Data Name="ParentProcessId">2376</Data><Data Name="ParentImage">-</Data><Data Name="ParentCommandLine">-</Data><Data Name="ParentUser">-</Data></EventData></Event>
<Event><System><Provider Name="Linux-Sysmon" Guid="{ff032593-a8d3-4f13-b0d6-01fc615a0f97}"/><EventID>5</EventID><Version>3</Version><Level>4</Level><Task>5</Task><Opcode>0</Opcode><Keywords>0x8000000000000000</Keywords><TimeCreated SystemTime="2022-02-11T16:19:51.504807000Z"/><EventRecordID>2700123</EventRecordID><Correlation/><Execution ProcessID="4565" ThreadID="4565"/><Channel>Linux-Sysmon/Operational</Channel><Computer>sysmonlinux-bpatel-44382-8629</Computer><Security UserId="0"/></System><EventData><Data Name="RuleName">-</Data><Data Name="UtcTime">2022-02-11 16:19:51.505</Data><Data Name="ProcessGuid">{ec27465a-8ca7-6206-6834-2dd19e550000}</Data><Data Name="ProcessId">19801</Data><Data Name="Image">/bin/ps</Data><Data Name="User">root</Data></EventData></Event>
<Event><System><Provider Name="Linux-Sysmon" Guid="{ff032593-a8d3-4f13-b0d6-01fc615a0f97}"/><EventID>1</EventID><Version>5</Version><Level>4</Level><Task>1</Task><Opcode>0</Opcode><Keywords>0x8000000000000000</Keywords><TimeCreated SystemTime="2022-02-11T16:19:51.491022000Z"/><EventRecordID>2700122</EventRecordID><Correlation/><Execution ProcessID="4565" ThreadID="4565"/><Channel>Linux-Sysmon/Operational</Channel><Computer>sysmonlinux-bpatel-44382-8629</Computer><Security UserId="0"/></System><EventData><Data Name="RuleName">-</Data><Data Name="UtcTime">2022-02-11 16:19:51.491</Data><Data Name="ProcessGuid">{ec27465a-8ca7-6206-6834-2dd19e550000}</Data><Data Name="ProcessId">19801</Data><Data Name="Image">/bin/ps</Data><Data Name="FileVersion">-</Data><Data Name="Description">-</Data><Data Name="Product">-</Data><Data Name="Company">-</Data><Data Name="OriginalFileName">-</Data><Data Name="CommandLine">ps -e -o pid,ppid,state,command</Data><Data Name="CurrentDirectory">/var/snap/amazon-ssm-agent/4046</Data><Data Name="User">root</Data><Data Name="LogonGuid">{ec27465a-0000-0000-0000-000000000000}</Data><Data Name="LogonId">0</Data><Data Name="TerminalSessionId">4294967295</Data><Data Name="IntegrityLevel">no level</Data><Data Name="Hashes">-</Data><Data Name="ParentProcessGuid">{00000000-0000-0000-0000-000000000000}</Data><Data Name="ParentProcessId">2376</Data><Data Name="ParentImage">-</Data><Data Name="ParentCommandLine">-</Data><Data Name="ParentUser">-</Data></EventData></Event>
<Event><System><Provider Name="Linux-Sysmon" Guid="{ff032593-a8d3-4f13-b0d6-01fc615a0f97}"/><EventID>5</EventID><Version>3</Version><Level>4</Level><Task>5</Task><Opcode>0</Opcode><Keywords>0x8000000000000000</Keywords><TimeCreated SystemTime="2022-02-11T16:18:50.489760000Z"/><EventRecordID>2699054</EventRecordID><Correlation/><Execution ProcessID="4565" ThreadID="4565"/><Channel>Linux-Sysmon/Operational</Channel><Computer>sysmonlinux-bpatel-44382-8629</Computer><Security UserId="0"/></System><EventData><Data Name="RuleName">-</Data><Data Name="UtcTime">2022-02-11 16:18:50.490</Data><Data Name="ProcessGuid">{ec27465a-8c6a-6206-68a4-4bb32a560000}</Data><Data Name="ProcessId">19800</Data><Data Name="Image">/bin/ps</Data><Data Name="User">root</Data></EventData></Event>
<Event><System><Provider Name="Linux-Sysmon" Guid="{ff032593-a8d3-4f13-b0d6-01fc615a0f97}"/><EventID>1</EventID><Version>5</Version><Level>4</Level><Task>1</Task><Opcode>0</Opcode><Keywords>0x8000000000000000</Keywords><TimeCreated SystemTime="2022-02-11T16:18:50.479796000Z"/><EventRecordID>2699053</EventRecordID><Correlation/><Execution ProcessID="4565" ThreadID="4565"/><Channel>Linux-Sysmon/Operational</Channel><Computer>sysmonlinux-bpatel-44382-8629</Computer><Security UserId="0"/></System><EventData><Data Name="RuleName">-</Data><Data Name="UtcTime">2022-02-11 16:18:50.479</Data><Data Name="ProcessGuid">{ec27465a-8c6a-6206-68a4-4bb32a560000}</Data><Data Name="ProcessId">19800</Data><Data Name="Image">/bin/ps</Data><Data Name="FileVersion">-</Data><Data Name="Description">-</Data><Data Name="Product">-</Data><Data Name="Company">-</Data><Data Name="OriginalFileName">-</Data><Data Name="CommandLine">ps -e -o pid,ppid,state,command</Data><Data Name="CurrentDirectory">/var/snap/amazon-ssm-agent/4046</Data><Data Name="User">root</Data><Data Name="LogonGuid">{ec27465a-0000-0000-0000-000000000000}</Data><Data Name="LogonId">0</Data><Data Name="TerminalSessionId">4294967295</Data><Data Name="IntegrityLevel">no level</Data><Data Name="Hashes">-</Data><Data Name="ParentProcessGuid">{00000000-0000-0000-0000-000000000000}</Data><Data Name="ParentProcessId">2376</Data><Data Name="ParentImage">-</Data><Data Name="ParentCommandLine">-</Data><Data Name="ParentUser">-</Data></EventData></Event>
<Event><System><Provider Name="Linux-Sysmon" Guid="{ff032593-a8d3-4f13-b0d6-01fc615a0f97}"/><EventID>5</EventID><Version>3</Version><Level>4</Level><Task>5</Task><Opcode>0</Opcode><Keywords>0x8000000000000000</Keywords><TimeCreated SystemTime="2022-02-11T16:17:49.478575000Z"/><EventRecordID>2696793</EventRecordID><Correlation/><Execution ProcessID="4565" ThreadID="4565"/><Channel>Linux-Sysmon/Operational</Channel><Computer>sysmonlinux-bpatel-44382-8629</Computer><Security UserId="0"/></System><EventData><Data Name="RuleName">-</Data><Data Name="UtcTime">2022-02-11 16:17:49.479</Data><Data Name="ProcessGuid">{ec27465a-8c2d-6206-6824-3f3756550000}</Data><Data Name="ProcessId">19799</Data><Data Name="Image">/bin/ps</Data><Data Name="User">root</Data></EventData></Event>
<Event><System><Provider Name="Linux-Sysmon" Guid="{ff032593-a8d3-4f13-b0d6-01fc615a0f97}"/><EventID>1</EventID><Version>5</Version><Level>4</Level><Task>1</Task><Opcode>0</Opcode><Keywords>0x8000000000000000</Keywords><TimeCreated SystemTime="2022-02-11T16:17:49.468699000Z"/><EventRecordID>2696792</EventRecordID><Correlation/><Execution ProcessID="4565" ThreadID="4565"/><Channel>Linux-Sysmon/Operational</Channel><Computer>sysmonlinux-bpatel-44382-8629</Computer><Security UserId="0"/></System><EventData><Data Name="RuleName">-</Data><Data Name="UtcTime">2022-02-11 16:17:49.468</Data><Data Name="ProcessGuid">{ec27465a-8c2d-6206-6824-3f3756550000}</Data><Data Name="ProcessId">19799</Data><Data Name="Image">/bin/ps</Data><Data Name="FileVersion">-</Data><Data Name="Description">-</Data><Data Name="Product">-</Data><Data Name="Company">-</Data><Data Name="OriginalFileName">-</Data><Data Name="CommandLine">ps -e -o pid,ppid,state,command</Data><Data Name="CurrentDirectory">/var/snap/amazon-ssm-agent/4046</Data><Data Name="User">root</Data><Data Name="LogonGuid">{ec27465a-0000-0000-0000-000000000000}</Data><Data Name="LogonId">0</Data><Data Name="TerminalSessionId">4294967295</Data><Data Name="IntegrityLevel">no level</Data><Data Name="Hashes">-</Data><Data Name="ParentProcessGuid">{00000000-0000-0000-0000-000000000000}</Data><Data Name="ParentProcessId">2376</Data><Data Name="ParentImage">-</Data><Data Name="ParentCommandLine">-</Data><Data Name="ParentUser">-</Data></EventData></Event>
<Event><System><Provider Name="Linux-Sysmon" Guid="{ff032593-a8d3-4f13-b0d6-01fc615a0f97}"/><EventID>5</EventID><Version>3</Version><Level>4</Level><Task>5</Task><Opcode>0</Opcode><Keywords>0x8000000000000000</Keywords><TimeCreated SystemTime="2022-02-11T16:16:48.467109000Z"/><EventRecordID>2694453</EventRecordID><Correlation/><Execution ProcessID="4565" ThreadID="4565"/><Channel>Linux-Sysmon/Operational</Channel><Computer>sysmonlinux-bpatel-44382-8629</Computer><Security UserId="0"/></System><EventData><Data Name="RuleName">-</Data><Data Name="UtcTime">2022-02-11 16:16:48.467</Data><Data Name="ProcessGuid">{ec27465a-8bf0-6206-6874-ad2728560000}</Data><Data Name="ProcessId">19794</Data><Data Name="Image">/bin/ps</Data><Data Name="User">root</Data></EventData></Event>
<Event><System><Provider Name="Linux-Sysmon" Guid="{ff032593-a8d3-4f13-b0d6-01fc615a0f97}"/><EventID>1</EventID><Version>5</Version><Level>4</Level><Task>1</Task><Opcode>0</Opcode><Keywords>0x8000000000000000</Keywords><TimeCreated SystemTime="2022-02-11T16:16:48.454257000Z"/><EventRecordID>2694416</EventRecordID><Correlation/><Execution ProcessID="4565" ThreadID="4565"/><Channel>Linux-Sysmon/Operational</Channel><Computer>sysmonlinux-bpatel-44382-8629</Computer><Security UserId="0"/></System><EventData><Data Name="RuleName">-</Data><Data Name="UtcTime">2022-02-11 16:16:48.454</Data><Data Name="ProcessGuid">{ec27465a-8bf0-6206-6874-ad2728560000}</Data><Data Name="ProcessId">19794</Data><Data Name="Image">/bin/ps</Data><Data Name="FileVersion">-</Data><Data Name="Description">-</Data><Data Name="Product">-</Data><Data Name="Company">-</Data><Data Name="OriginalFileName">-</Data><Data Name="CommandLine">ps -e -o pid,ppid,state,command</Data><Data Name="CurrentDirectory">/var/snap/amazon-ssm-agent/4046</Data><Data Name="User">root</Data><Data Name="LogonGuid">{ec27465a-0000-0000-0000-000000000000}</Data><Data Name="LogonId">0</Data><Data Name="TerminalSessionId">4294967295</Data><Data Name="IntegrityLevel">no level</Data><Data Name="Hashes">-</Data><Data Name="ParentProcessGuid">{00000000-0000-0000-0000-000000000000}</Data><Data Name="ParentProcessId">2376</Data><Data Name="ParentImage">-</Data><Data Name="ParentCommandLine">-</Data><Data Name="ParentUser">-</Data></EventData></Event>
<Event><System><Provider Name="Linux-Sysmon" Guid="{ff032593-a8d3-4f13-b0d6-01fc615a0f97}"/><EventID>5</EventID><Version>3</Version><Level>4</Level><Task>5</Task><Opcode>0</Opcode><Keywords>0x8000000000000000</Keywords><TimeCreated SystemTime="2022-02-11T16:15:47.453016000Z"/><EventRecordID>2692271</EventRecordID><Correlation/><Execution ProcessID="4565" ThreadID="4565"/><Channel>Linux-Sysmon/Operational</Channel><Computer>sysmonlinux-bpatel-44382-8629</Computer><Security UserId="0"/></System><EventData><Data Name="RuleName">-</Data><Data Name="UtcTime">2022-02-11 16:15:47.453</Data><Data Name="ProcessGuid">{ec27465a-8bb3-6206-68e4-dddfb5550000}</Data><Data Name="ProcessId">19793</Data><Data Name="Image">/bin/ps</Data><Data Name="User">root</Data></EventData></Event>
<Event><System><Provider Name="Linux-Sysmon" Guid="{ff032593-a8d3-4f13-b0d6-01fc615a0f97}"/><EventID>1</EventID><Version>5</Version><Level>4</Level><Task>1</Task><Opcode>0</Opcode><Keywords>0x8000000000000000</Keywords><TimeCreated SystemTime="2022-02-11T16:15:47.440648000Z"/><EventRecordID>2692262</EventRecordID><Correlation/><Execution ProcessID="4565" ThreadID="4565"/><Channel>Linux-Sysmon/Operational</Channel><Computer>sysmonlinux-bpatel-44382-8629</Computer><Security UserId="0"/></System><EventData><Data Name="RuleName">-</Data><Data Name="UtcTime">2022-02-11 16:15:47.440</Data><Data Name="ProcessGuid">{ec27465a-8bb3-6206-68e4-dddfb5550000}</Data><Data Name="ProcessId">19793</Data><Data Name="Image">/bin/ps</Data><Data Name="FileVersion">-</Data><Data Name="Description">-</Data><Data Name="Product">-</Data><Data Name="Company">-</Data><Data Name="OriginalFileName">-</Data><Data Name="CommandLine">ps -e -o pid,ppid,state,command</Data><Data Name="CurrentDirectory">/var/snap/amazon-ssm-agent/4046</Data><Data Name="User">root</Data><Data Name="LogonGuid">{ec27465a-0000-0000-0000-000000000000}</Data><Data Name="LogonId">0</Data><Data Name="TerminalSessionId">4294967295</Data><Data Name="IntegrityLevel">no level</Data><Data Name="Hashes">-</Data><Data Name="ParentProcessGuid">{00000000-0000-0000-0000-000000000000}</Data><Data Name="ParentProcessId">2376</Data><Data Name="ParentImage">-</Data><Data Name="ParentCommandLine">-</Data><Data Name="ParentUser">-</Data></EventData></Event>
<Event><System><Provider Name="Linux-Sysmon" Guid="{ff032593-a8d3-4f13-b0d6-01fc615a0f97}"/><EventID>5</EventID><Version>3</Version><Level>4</Level><Task>5</Task><Opcode>0</Opcode><Keywords>0x8000000000000000</Keywords><TimeCreated SystemTime="2022-02-11T16:14:46.438584000Z"/><EventRecordID>2690101</EventRecordID><Correlation/><Execution ProcessID="4565" ThreadID="4565"/><Channel>Linux-Sysmon/Operational</Channel><Computer>sysmonlinux-bpatel-44382-8629</Computer><Security UserId="0"/></System><EventData><Data Name="RuleName">-</Data><Data Name="UtcTime">2022-02-11 16:14:46.439</Data><Data Name="ProcessGuid">{ec27465a-8b76-6206-68b4-ac2fbc550000}</Data><Data Name="ProcessId">19791</Data><Data Name="Image">/bin/ps</Data><Data Name="User">root</Data></EventData></Event>
<Event><System><Provider Name="Linux-Sysmon" Guid="{ff032593-a8d3-4f13-b0d6-01fc615a0f97}"/><EventID>1</EventID><Version>5</Version><Level>4</Level><Task>1</Task><Opcode>0</Opcode><Keywords>0x8000000000000000</Keywords><TimeCreated SystemTime="2022-02-11T16:14:46.425191000Z"/><EventRecordID>2690100</EventRecordID><Correlation/><Execution ProcessID="4565" ThreadID="4565"/><Channel>Linux-Sysmon/Operational</Channel><Computer>sysmonlinux-bpatel-44382-8629</Computer><Security UserId="0"/></System><EventData><Data Name="RuleName">-</Data><Data Name="UtcTime">2022-02-11 16:14:46.425</Data><Data Name="ProcessGuid">{ec27465a-8b76-6206-68b4-ac2fbc550000}</Data><Data Name="ProcessId">19791</Data><Data Name="Image">/bin/ps</Data><Data Name="FileVersion">-</Data><Data Name="Description">-</Data><Data Name="Product">-</Data><Data Name="Company">-</Data><Data Name="OriginalFileName">-</Data><Data Name="CommandLine">ps -e -o pid,ppid,state,command</Data><Data Name="CurrentDirectory">/var/snap/amazon-ssm-agent/4046</Data><Data Name="User">root</Data><Data Name="LogonGuid">{ec27465a-0000-0000-0000-000000000000}</Data><Data Name="LogonId">0</Data><Data Name="TerminalSessionId">4294967295</Data><Data Name="IntegrityLevel">no level</Data><Data Name="Hashes">-</Data><Data Name="ParentProcessGuid">{00000000-0000-0000-0000-000000000000}</Data><Data Name="ParentProcessId">2376</Data><Data Name="ParentImage">-</Data><Data Name="ParentCommandLine">-</Data><Data Name="ParentUser">-</Data></EventData></Event>
<Event><System><Provider Name="Linux-Sysmon" Guid="{ff032593-a8d3-4f13-b0d6-01fc615a0f97}"/><EventID>5</EventID><Version>3</Version><Level>4</Level><Task>5</Task><Opcode>0</Opcode><Keywords>0x8000000000000000</Keywords><TimeCreated SystemTime="2022-02-11T16:13:45.423834000Z"/><EventRecordID>2687591</EventRecordID><Correlation/><Execution ProcessID="4565" ThreadID="4565"/><Channel>Linux-Sysmon/Operational</Channel><Computer>sysmonlinux-bpatel-44382-8629</Computer><Security UserId="0"/></System><EventData><Data Name="RuleName">-</Data><Data Name="UtcTime">2022-02-11 16:13:45.424</Data><Data Name="ProcessGuid">{ec27465a-8b39-6206-68a4-65a2cc550000}</Data><Data Name="ProcessId">19790</Data><Data Name="Image">/bin/ps</Data><Data Name="User">root</Data></EventData></Event>
<Event><System><Provider Name="Linux-Sysmon" Guid="{ff032593-a8d3-4f13-b0d6-01fc615a0f97}"/><EventID>1</EventID><Version>5</Version><Level>4</Level><Task>1</Task><Opcode>0</Opcode><Keywords>0x8000000000000000</Keywords><TimeCreated SystemTime="2022-02-11T16:13:45.411415000Z"/><EventRecordID>2687581</EventRecordID><Correlation/><Execution ProcessID="4565" ThreadID="4565"/><Channel>Linux-Sysmon/Operational</Channel><Computer>sysmonlinux-bpatel-44382-8629</Computer><Security UserId="0"/></System><EventData><Data Name="RuleName">-</Data><Data Name="UtcTime">2022-02-11 16:13:45.411</Data><Data Name="ProcessGuid">{ec27465a-8b39-6206-68a4-65a2cc550000}</Data><Data Name="ProcessId">19790</Data><Data Name="Image">/bin/ps</Data><Data Name="FileVersion">-</Data><Data Name="Description">-</Data><Data Name="Product">-</Data><Data Name="Company">-</Data><Data Name="OriginalFileName">-</Data><Data Name="CommandLine">ps -e -o pid,ppid,state,command</Data><Data Name="CurrentDirectory">/var/snap/amazon-ssm-agent/4046</Data><Data Name="User">root</Data><Data Name="LogonGuid">{ec27465a-0000-0000-0000-000000000000}</Data><Data Name="LogonId">0</Data><Data Name="TerminalSessionId">4294967295</Data><Data Name="IntegrityLevel">no level</Data><Data Name="Hashes">-</Data><Data Name="ParentProcessGuid">{00000000-0000-0000-0000-000000000000}</Data><Data Name="ParentProcessId">2376</Data><Data Name="ParentImage">-</Data><Data Name="ParentCommandLine">-</Data><Data Name="ParentUser">-</Data></EventData></Event>
<Event><System><Provider Name="Linux-Sysmon" Guid="{ff032593-a8d3-4f13-b0d6-01fc615a0f97}"/><EventID>5</EventID><Version>3</Version><Level>4</Level><Task>5</Task><Opcode>0</Opcode><Keywords>0x8000000000000000</Keywords><TimeCreated SystemTime="2022-02-11T16:12:44.410107000Z"/><EventRecordID>2685141</EventRecordID><Correlation/><Execution ProcessID="4565" ThreadID="4565"/><Channel>Linux-Sysmon/Operational</Channel><Computer>sysmonlinux-bpatel-44382-8629</Computer><Security UserId="0"/></System><EventData><Data Name="RuleName">-</Data><Data Name="UtcTime">2022-02-11 16:12:44.410</Data><Data Name="ProcessGuid">{ec27465a-8afc-6206-6814-87436b550000}</Data><Data Name="ProcessId">19789</Data><Data Name="Image">/bin/ps</Data><Data Name="User">root</Data></EventData></Event>
<Event><System><Provider Name="Linux-Sysmon" Guid="{ff032593-a8d3-4f13-b0d6-01fc615a0f97}"/><EventID>1</EventID><Version>5</Version><Level>4</Level><Task>1</Task><Opcode>0</Opcode><Keywords>0x8000000000000000</Keywords><TimeCreated SystemTime="2022-02-11T16:12:44.398739000Z"/><EventRecordID>2685108</EventRecordID><Correlation/><Execution ProcessID="4565" ThreadID="4565"/><Channel>Linux-Sysmon/Operational</Channel><Computer>sysmonlinux-bpatel-44382-8629</Computer><Security UserId="0"/></System><EventData><Data Name="RuleName">-</Data><Data Name="UtcTime">2022-02-11 16:12:44.398</Data><Data Name="ProcessGuid">{ec27465a-8afc-6206-6814-87436b550000}</Data><Data Name="ProcessId">19789</Data><Data Name="Image">/bin/ps</Data><Data Name="FileVersion">-</Data><Data Name="Description">-</Data><Data Name="Product">-</Data><Data Name="Company">-</Data><Data Name="OriginalFileName">-</Data><Data Name="CommandLine">ps -e -o pid,ppid,state,command</Data><Data Name="CurrentDirectory">/var/snap/amazon-ssm-agent/4046</Data><Data Name="User">root</Data><Data Name="LogonGuid">{ec27465a-0000-0000-0000-000000000000}</Data><Data Name="LogonId">0</Data><Data Name="TerminalSessionId">4294967295</Data><Data Name="IntegrityLevel">no level</Data><Data Name="Hashes">-</Data><Data Name="ParentProcessGuid">{00000000-0000-0000-0000-000000000000}</Data><Data Name="ParentProcessId">2376</Data><Data Name="ParentImage">-</Data><Data Name="ParentCommandLine">-</Data><Data Name="ParentUser">-</Data></EventData></Event>
<Event><System><Provider Name="Linux-Sysmon" Guid="{ff032593-a8d3-4f13-b0d6-01fc615a0f97}"/><EventID>5</EventID><Version>3</Version><Level>4</Level><Task>5</Task><Opcode>0</Opcode><Keywords>0x8000000000000000</Keywords><TimeCreated SystemTime="2022-02-11T16:11:43.397532000Z"/><EventRecordID>2682682</EventRecordID><Correlation/><Execution ProcessID="4565" ThreadID="4565"/><Channel>Linux-Sysmon/Operational</Channel><Computer>sysmonlinux-bpatel-44382-8629</Computer><Security UserId="0"/></System><EventData><Data Name="RuleName">-</Data><Data Name="UtcTime">2022-02-11 16:11:43.398</Data><Data Name="ProcessGuid">{ec27465a-8abf-6206-6824-aadf58550000}</Data><Data Name="ProcessId">19787</Data><Data Name="Image">/bin/ps</Data><Data Name="User">root</Data></EventData></Event>
<Event><System><Provider Name="Linux-Sysmon" Guid="{ff032593-a8d3-4f13-b0d6-01fc615a0f97}"/><EventID>1</EventID><Version>5</Version><Level>4</Level><Task>1</Task><Opcode>0</Opcode><Keywords>0x8000000000000000</Keywords><TimeCreated SystemTime="2022-02-11T16:11:43.383677000Z"/><EventRecordID>2682681</EventRecordID><Correlation/><Execution ProcessID="4565" ThreadID="4565"/><Channel>Linux-Sysmon/Operational</Channel><Computer>sysmonlinux-bpatel-44382-8629</Computer><Security UserId="0"/></System><EventData><Data Name="RuleName">-</Data><Data Name="UtcTime">2022-02-11 16:11:43.383</Data><Data Name="ProcessGuid">{ec27465a-8abf-6206-6824-aadf58550000}</Data><Data Name="ProcessId">19787</Data><Data Name="Image">/bin/ps</Data><Data Name="FileVersion">-</Data><Data Name="Description">-</Data><Data Name="Product">-</Data><Data Name="Company">-</Data><Data Name="OriginalFileName">-</Data><Data Name="CommandLine">ps -e -o pid,ppid,state,command</Data><Data Name="CurrentDirectory">/var/snap/amazon-ssm-agent/4046</Data><Data Name="User">root</Data><Data Name="LogonGuid">{ec27465a-0000-0000-0000-000000000000}</Data><Data Name="LogonId">0</Data><Data Name="TerminalSessionId">4294967295</Data><Data Name="IntegrityLevel">no level</Data><Data Name="Hashes">-</Data><Data Name="ParentProcessGuid">{00000000-0000-0000-0000-000000000000}</Data><Data Name="ParentProcessId">2376</Data><Data Name="ParentImage">-</Data><Data Name="ParentCommandLine">-</Data><Data Name="ParentUser">-</Data></EventData></Event>
