<Event xmlns='http://schemas.microsoft.com/win/2004/08/events/event'><System><Provider Name='Microsoft-Windows-Security-Auditing' Guid='{54849625-5478-4994-A5BA-3E3B0328C30D}'/><EventID>4698</EventID><Version>0</Version><Level>0</Level><Task>12804</Task><Opcode>0</Opcode><Keywords>0x8020000000000000</Keywords><TimeCreated SystemTime='2025-05-23T11:54:09.842597900Z'/><EventRecordID>518577</EventRecordID><Correlation ActivityID='{72FDC38F-CBBD-0000-9DC3-FD72BDCBDB01}'/><Execution ProcessID='564' ThreadID='4592'/><Channel>Security</Channel><Computer>ar-win-dc.attackrange.local</Computer><Security/></System><EventData><Data Name='SubjectUserSid'>ATTACKRANGE\Administrator</Data><Data Name='SubjectUserName'>Administrator</Data><Data Name='SubjectDomainName'>ATTACKRANGE</Data><Data Name='SubjectLogonId'>0x429fa3</Data><Data Name='TaskName'>\WhatsAppSyncTaskMachineCore</Data><Data Name='TaskContent'>&lt;?xml version="1.0" encoding="UTF-16"?&gt;
&lt;Task version="1.2" xmlns="http://schemas.microsoft.com/windows/2004/02/mit/task"&gt;
  &lt;RegistrationInfo&gt;
    &lt;Description&gt;Keeps your WhatsApp Desktop application synchronized with essential updates and system improvements. Disabling this task could lead to missed security patches and performance optimizations, potentially impacting WhatsApp Desktop stability. This task will uninstall itself if WhatsApp Desktop no longer relies on it.&lt;/Description&gt;
    &lt;URI&gt;\WhatsAppSyncTaskMachineCore&lt;/URI&gt;
  &lt;/RegistrationInfo&gt;
  &lt;Triggers&gt;
    &lt;TimeTrigger&gt;
      &lt;Repetition&gt;
        &lt;Interval&gt;PT5M&lt;/Interval&gt;
        &lt;Duration&gt;PT9M&lt;/Duration&gt;
        &lt;StopAtDurationEnd&gt;true&lt;/StopAtDurationEnd&gt;
      &lt;/Repetition&gt;
      &lt;StartBoundary&gt;2025-05-24T08:00:00&lt;/StartBoundary&gt;
      &lt;Enabled&gt;true&lt;/Enabled&gt;
    &lt;/TimeTrigger&gt;
  &lt;/Triggers&gt;
  &lt;Principals&gt;
    &lt;Principal id="Author"&gt;
      &lt;LogonType&gt;InteractiveToken&lt;/LogonType&gt;
      &lt;RunLevel&gt;LeastPrivilege&lt;/RunLevel&gt;
      &lt;UserId&gt;ATTACKRANGE\Administrator&lt;/UserId&gt;
    &lt;/Principal&gt;
  &lt;/Principals&gt;
  &lt;Settings&gt;
    &lt;MultipleInstancesPolicy&gt;IgnoreNew&lt;/MultipleInstancesPolicy&gt;
    &lt;DisallowStartIfOnBatteries&gt;false&lt;/DisallowStartIfOnBatteries&gt;
    &lt;StopIfGoingOnBatteries&gt;false&lt;/StopIfGoingOnBatteries&gt;
    &lt;AllowHardTerminate&gt;true&lt;/AllowHardTerminate&gt;
    &lt;StartWhenAvailable&gt;true&lt;/StartWhenAvailable&gt;
    &lt;RunOnlyIfNetworkAvailable&gt;false&lt;/RunOnlyIfNetworkAvailable&gt;
    &lt;IdleSettings&gt;
      &lt;StopOnIdleEnd&gt;false&lt;/StopOnIdleEnd&gt;
      &lt;RestartOnIdle&gt;false&lt;/RestartOnIdle&gt;
    &lt;/IdleSettings&gt;
    &lt;AllowStartOnDemand&gt;true&lt;/AllowStartOnDemand&gt;
    &lt;Enabled&gt;true&lt;/Enabled&gt;
    &lt;Hidden&gt;true&lt;/Hidden&gt;
    &lt;RunOnlyIfIdle&gt;false&lt;/RunOnlyIfIdle&gt;
    &lt;WakeToRun&gt;false&lt;/WakeToRun&gt;
    &lt;ExecutionTimeLimit&gt;PT0S&lt;/ExecutionTimeLimit&gt;
    &lt;Priority&gt;7&lt;/Priority&gt;
    &lt;RestartOnFailure&gt;
      &lt;Interval&gt;PT1M&lt;/Interval&gt;
      &lt;Count&gt;2&lt;/Count&gt;
    &lt;/RestartOnFailure&gt;
  &lt;/Settings&gt;
  &lt;Actions Context="Author"&gt;
    &lt;Exec&gt;
      &lt;Command&gt;%localappdata%\programs\common\taskshostw.exe&lt;/Command&gt;
    &lt;/Exec&gt;
  &lt;/Actions&gt;
&lt;/Task&gt;</Data></EventData></Event>
<Event xmlns='http://schemas.microsoft.com/win/2004/08/events/event'><System><Provider Name='Microsoft-Windows-Security-Auditing' Guid='{54849625-5478-4994-A5BA-3E3B0328C30D}'/><EventID>4698</EventID><Version>0</Version><Level>0</Level><Task>12804</Task><Opcode>0</Opcode><Keywords>0x8020000000000000</Keywords><TimeCreated SystemTime='2025-05-23T11:17:59.305603400Z'/><EventRecordID>516994</EventRecordID><Correlation ActivityID='{72FDC38F-CBBD-0000-9DC3-FD72BDCBDB01}'/><Execution ProcessID='564' ThreadID='4592'/><Channel>Security</Channel><Computer>ar-win-dc.attackrange.local</Computer><Security/></System><EventData><Data Name='SubjectUserSid'>ATTACKRANGE\Administrator</Data><Data Name='SubjectUserName'>Administrator</Data><Data Name='SubjectDomainName'>ATTACKRANGE</Data><Data Name='SubjectLogonId'>0x429fa3</Data><Data Name='TaskName'>\ToolWordpad_x86</Data><Data Name='TaskContent'>&lt;?xml version="1.0" encoding="UTF-16"?&gt;
&lt;Task version="1.1" xmlns="http://schemas.microsoft.com/windows/2004/02/mit/task"&gt;
  &lt;RegistrationInfo&gt;
    &lt;Author&gt;ATTACKRANGE\Administrator&lt;/Author&gt;
    &lt;URI&gt;\ToolWordpad_x86&lt;/URI&gt;
  &lt;/RegistrationInfo&gt;
  &lt;Triggers&gt;
    &lt;CalendarTrigger&gt;
      &lt;Enabled&gt;true&lt;/Enabled&gt;
      &lt;Repetition&gt;
        &lt;Interval&gt;PT12M&lt;/Interval&gt;
        &lt;Duration&gt;P1D&lt;/Duration&gt;
        &lt;StopAtDurationEnd&gt;false&lt;/StopAtDurationEnd&gt;
      &lt;/Repetition&gt;
      &lt;StartBoundary&gt;2025-05-23T11:17:00&lt;/StartBoundary&gt;
      &lt;ScheduleByDay&gt;
        &lt;DaysInterval&gt;1&lt;/DaysInterval&gt;
      &lt;/ScheduleByDay&gt;
    &lt;/CalendarTrigger&gt;
  &lt;/Triggers&gt;
  &lt;Settings&gt;
    &lt;Enabled&gt;true&lt;/Enabled&gt;
    &lt;Hidden&gt;false&lt;/Hidden&gt;
    &lt;WakeToRun&gt;false&lt;/WakeToRun&gt;
    &lt;DisallowStartIfOnBatteries&gt;false&lt;/DisallowStartIfOnBatteries&gt;
    &lt;StopIfGoingOnBatteries&gt;false&lt;/StopIfGoingOnBatteries&gt;
    &lt;RunOnlyIfIdle&gt;false&lt;/RunOnlyIfIdle&gt;
    &lt;Priority&gt;5&lt;/Priority&gt;
    &lt;IdleSettings&gt;
      &lt;Duration&gt;PT10M&lt;/Duration&gt;
      &lt;WaitTimeout&gt;PT1H&lt;/WaitTimeout&gt;
      &lt;StopOnIdleEnd&gt;false&lt;/StopOnIdleEnd&gt;
      &lt;RestartOnIdle&gt;false&lt;/RestartOnIdle&gt;
    &lt;/IdleSettings&gt;
  &lt;/Settings&gt;
  &lt;Principals&gt;
    &lt;Principal id="Author"&gt;
      &lt;UserId&gt;ATTACKRANGE\Administrator&lt;/UserId&gt;
      &lt;RunLevel&gt;HighestAvailable&lt;/RunLevel&gt;
      &lt;LogonType&gt;InteractiveToken&lt;/LogonType&gt;
    &lt;/Principal&gt;
  &lt;/Principals&gt;
  &lt;Actions Context="Author"&gt;
    &lt;Exec&gt;
      &lt;Command&gt;C:\Users\Administrator\AppData\Roaming\controlExplore\ScoreFeedbackTool.exe&lt;/Command&gt;
    &lt;/Exec&gt;
  &lt;/Actions&gt;
&lt;/Task&gt;</Data></EventData></Event>
<Event xmlns='http://schemas.microsoft.com/win/2004/08/events/event'><System><Provider Name='Microsoft-Windows-Security-Auditing' Guid='{54849625-5478-4994-A5BA-3E3B0328C30D}'/><EventID>4698</EventID><Version>0</Version><Level>0</Level><Task>12804</Task><Opcode>0</Opcode><Keywords>0x8020000000000000</Keywords><TimeCreated SystemTime='2025-05-23T11:17:59.174913400Z'/><EventRecordID>516993</EventRecordID><Correlation ActivityID='{72FDC38F-CBBD-0000-9DC3-FD72BDCBDB01}'/><Execution ProcessID='564' ThreadID='4592'/><Channel>Security</Channel><Computer>ar-win-dc.attackrange.local</Computer><Security/></System><EventData><Data Name='SubjectUserSid'>ATTACKRANGE\Administrator</Data><Data Name='SubjectUserName'>Administrator</Data><Data Name='SubjectDomainName'>ATTACKRANGE</Data><Data Name='SubjectLogonId'>0x429fa3</Data><Data Name='TaskName'>\Archivehost</Data><Data Name='TaskContent'>&lt;?xml version="1.0" encoding="UTF-16"?&gt;
&lt;Task version="1.2" xmlns="http://schemas.microsoft.com/windows/2004/02/mit/task"&gt;
  &lt;RegistrationInfo&gt;
    &lt;URI&gt;\Archivehost&lt;/URI&gt;
  &lt;/RegistrationInfo&gt;
  &lt;Triggers&gt;
    &lt;LogonTrigger&gt;
      &lt;Enabled&gt;true&lt;/Enabled&gt;
      &lt;UserId&gt;ATTACKRANGE\Administrator&lt;/UserId&gt;
    &lt;/LogonTrigger&gt;
  &lt;/Triggers&gt;
  &lt;Settings&gt;
    &lt;MultipleInstancesPolicy&gt;IgnoreNew&lt;/MultipleInstancesPolicy&gt;
    &lt;DisallowStartIfOnBatteries&gt;true&lt;/DisallowStartIfOnBatteries&gt;
    &lt;StopIfGoingOnBatteries&gt;true&lt;/StopIfGoingOnBatteries&gt;
    &lt;AllowHardTerminate&gt;true&lt;/AllowHardTerminate&gt;
    &lt;StartWhenAvailable&gt;false&lt;/StartWhenAvailable&gt;
    &lt;RunOnlyIfNetworkAvailable&gt;false&lt;/RunOnlyIfNetworkAvailable&gt;
    &lt;IdleSettings&gt;
      &lt;Duration&gt;PT10M&lt;/Duration&gt;
      &lt;WaitTimeout&gt;PT1H&lt;/WaitTimeout&gt;
      &lt;StopOnIdleEnd&gt;true&lt;/StopOnIdleEnd&gt;
      &lt;RestartOnIdle&gt;false&lt;/RestartOnIdle&gt;
    &lt;/IdleSettings&gt;
    &lt;AllowStartOnDemand&gt;true&lt;/AllowStartOnDemand&gt;
    &lt;Enabled&gt;true&lt;/Enabled&gt;
    &lt;Hidden&gt;false&lt;/Hidden&gt;
    &lt;RunOnlyIfIdle&gt;false&lt;/RunOnlyIfIdle&gt;
    &lt;WakeToRun&gt;false&lt;/WakeToRun&gt;
    &lt;ExecutionTimeLimit&gt;PT72H&lt;/ExecutionTimeLimit&gt;
    &lt;Priority&gt;7&lt;/Priority&gt;
  &lt;/Settings&gt;
  &lt;Actions Context="Author"&gt;
    &lt;Exec&gt;
      &lt;Command&gt;C:\Users\Administrator\AppData\Roaming\controlExplore\ScoreFeedbackTool.exe&lt;/Command&gt;
    &lt;/Exec&gt;
  &lt;/Actions&gt;
  &lt;Principals&gt;
    &lt;Principal id="Author"&gt;
      &lt;UserId&gt;ATTACKRANGE\Administrator&lt;/UserId&gt;
      &lt;LogonType&gt;InteractiveToken&lt;/LogonType&gt;
      &lt;RunLevel&gt;LeastPrivilege&lt;/RunLevel&gt;
    &lt;/Principal&gt;
  &lt;/Principals&gt;
&lt;/Task&gt;</Data></EventData></Event>
