<Event xmlns='http://schemas.microsoft.com/win/2004/08/events/event'><System><Provider Name='Microsoft-Windows-PowerShell' Guid='{A0C1853B-5C40-4B15-8766-3CF1C58F985A}'/><EventID>4104</EventID><Version>1</Version><Level>5</Level><Task>2</Task><Opcode>15</Opcode><Keywords>0x0</Keywords><TimeCreated SystemTime='2023-03-20T12:31:09.718798800Z'/><EventRecordID>698586</EventRecordID><Correlation ActivityID='{2E415885-5754-0000-F750-472E5457D901}'/><Execution ProcessID='5176' ThreadID='5680'/><Channel>Microsoft-Windows-PowerShell/Operational</Channel><Computer>mswin-dc01.attackrange.local</Computer><Security UserID='S-1-5-21-2126937381-3842905909-1636914737-500'/></System><EventData><Data Name='MessageNumber'>1</Data><Data Name='MessageTotal'>2</Data><Data Name='ScriptBlockText'># Copyright 2016 Amazon.com, Inc. or its affiliates. All Rights Reserved.
#
# Licensed under the Amazon Software License (the "License").
# You may not use this file except in compliance with the License.
# A copy of the License is located at
#
# http://aws.amazon.com/asl/
#
# or in the "license" file accompanying this file. This file is distributed
# on an "AS IS" BASIS, WITHOUT WARRANTIES OR CONDITIONS OF ANY KIND, either
# express or implied. See the License for the specific language governing
# permissions and limitations under the License.

&lt;#-----------------------------------------------------------------------------------------------------------
    Add-DnsSuffixList adds DNS suffixes.
-------------------------------------------------------------------------------------------------------------#&gt;
function Add-DnsSuffixList
{
  $state = Get-LaunchConfig -Key AddDnsSuffixList
  [System.GC]::Collect()
  if (-not $state)
  {
    Write-Log "Adding DNS suffix list is disabled"
    return
  }

  $suffixList = @()

  Write-Log ("Adding DNS suffixes in search list begins")

  # Try to create a suffix with available zone
  try
  {
    # Availability-zone includes period at the end, so it needs to remove it.
    $availabilityZone = (Get-Metadata -UrlFragment "meta-data/placement/availability-zone").Trim()
    if ($availabilityZone.EndsWith("."))
    {
      $availabilityZone = $availabilityZone.Substring(0,$availabilityZone.Length - 1)
    }

    $suffixList += "{0}.ec2-utilities.amazonaws.com" -f $availabilityZone.Substring(0,$availabilityZone.Length - 1)
  }
  catch
  {
    Write-ErrorLog ("Failed to get availability zone: {0}" -f $_.Exception.Message)
  }

  # Try to get global search list
  try
  {
    $tcpRegPath = "HKLM:\SYSTEM\CurrentControlSet\Services\Tcpip\Parameters"
    $tcpRegRes = Get-ItemProperty -Path $tcpRegPath
    $existingList = $tcpRegRes.SearchList -split ","
    foreach ($existing in $existingList)
    {
      if ($existing -and $suffixList -notcontains $existing)
      {
        $suffixList += $existing.ToLower()
      }
    }
  }
  catch
  {
    Write-ErrorLog ("Failed to get global search list: {0}" -f $_.Exception.Message)
  }

  # Try to get DNS Domain
  try
  {
    $dnsDomain = $tcpRegRes.Domain
    if ($dnsDomain -and $suffixList -notcontains $dnsDomain)
    {
      $suffixList += $dnsDomain.ToLower()
    }
    $isUsingDomainDevolution = $tcpRegRes.UseDomainNameDevolution
    if ($isUsingDomainDevolution -ne 0)
    {
      $dnsDomains = $dnsDomain -split "\."
      if ($dnsDomains.Length -gt 2)
      {
        $dns = $dnsDomains.Get($dnsDomains.Length - 1)
        for ($i = $dnsDomains.Length - 2; $i -ge 1; $i --)
        {
          $dns = "{0}.{1}" -f $dnsDomains.Get($i),$dns
          if ($dns -and $suffixList -notcontains $dns)
          {
            $suffixList += $dns.ToLower()
          }
        }
      }
    }
  }
  catch
  {
    Write-ErrorLog ("Failed to get DNS domain from registry: {0}" -f $_.Exception.Message)
  }

  # Try to get NV Domain - contains computer's primary DNS suffix
  try
  {
    $nvDomain = $tcpRegRes. "NV Domain"
    if ($nvDomain -and $suffixList -notcontains $nvDomain)
    {
      $suffixList += $nvDomain.ToLower()
    }
  }
  catch
  {
    Write-ErrorLog ("Failed to get NV domain: {0}" -f $_.Exception.Message)
  }

  # Try to get DNS Domain from connected NICs
  try
  {
    $networkAdapters = Get-CimInstance -ClassName Win32_NetworkAdapter
    foreach ($networkAdapter in $networkAdapters)
    {
      # Check each NIC if it is connected (Connected = 2)
      if ($networkAdapter.NetConnectionStatus -eq 2)
      {
        $networkConfig = Get-CimInstance -ClassName Win32_NetworkAdapterConfiguration -Filter "Index='$($networkAdapter.Index)'"
        $nicDnsDomain = $networkConfig.DNSDomain
        if ($nicDnsDomain -and $suffixList -notcontains $nicDnsDomain)
        {
          $suffixList += $nicDnsDomain.ToLower()
        }
      }
    }
  }
  catch
  {
    Write-ErrorLog ("Failed to get DNS domain from NICs: {0}" -f $_.Exception.Message)
  }

  try
  {
    # Set DNS suffix search list
    Invoke-CimMethod -ClassName Win32_NetworkAdapterConfiguration -MethodName "SetDNSSuffixSearchOrder" -Arguments @{ DNSDomainSuffixSearchOrder = $suffixList } | Out-Null
  }
  catch
  {
    Write-ErrorLog ("Failed to set DNS suffix search list: {0}" -f $_.Exception.Message)
  }

  Write-Log ("Adding DNS suffixes in search list done")
}

# SIG # Begin signature block
# MIIuqgYJKoZIhvcNAQcCoIIumzCCLpcCAQExDzANBglghkgBZQMEAgEFADB5Bgor
# BgEEAYI3AgEEoGswaTA0BgorBgEEAYI3AgEeMCYCAwEAAAQQH8w7YFlLCE63JNLG
# KX7zUQIBAAIBAAIBAAIBAAIBADAxMA0GCWCGSAFlAwQCAQUABCAwdXMjmgee8GrG
# wK7q1ggMNwj1l3PZixsOVf6I/u33B6CCFBkwggXAMIIEqKADAgECAhAP0bvKeWvX
# +N1MguEKmpYxMA0GCSqGSIb3DQEBCwUAMGwxCzAJBgNVBAYTAlVTMRUwEwYDVQQK
# EwxEaWdpQ2VydCBJbmMxGTAXBgNVBAsTEHd3dy5kaWdpY2VydC5jb20xKzApBgNV
# BAMTIkRpZ2lDZXJ0IEhpZ2ggQXNzdXJhbmNlIEVWIFJvb3QgQ0EwHhcNMjIwMTEz
# MDAwMDAwWhcNMzExMTA5MjM1OTU5WjBiMQswCQYDVQQGEwJVUzEVMBMGA1UEChMM
# RGlnaUNlcnQgSW5jMRkwFwYDVQQLExB3d3cuZGlnaWNlcnQuY29tMSEwHwYDVQQD
# ExhEaWdpQ2VydCBUcnVzdGVkIFJvb3QgRzQwggIiMA0GCSqGSIb3DQEBAQUAA4IC
# DwAwggIKAoICAQC/5pBzaN675F1KPDAiMGkz7MKnJS7JIT3yithZwuEppz1Yq3aa
# za57G4QNxDAf8xukOBbrVsaXbR2rsnnyyhHS5F/WBTxSD1Ifxp4VpX6+n6lXFllV
# cq9ok3DCsrp1mWpzMpTREEQQLt+C8weE5nQ7bXHiLQwb7iDVySAdYyktzuxeTsiT
# +CFhmzTrBcZe7FsavOvJz82sNEBfsXpm7nfISKhmV1efVFiODCu3T6cw2Vbuyntd
# 463JT17lNecxy9qTXtyOj4DatpGYQJB5w3jHtrHEtWoYOAMQjdjUN6QuBX2I9YI+
# EJFwq1WCQTLX2wRzKm6RAXwhTNS8rhsDdV14Ztk6MUSaM0C/CNdaSaTC5qmgZ92k
# J7yhTzm1EVgX9yRcRo9k98FpiHaYdj1ZXUJ2h4mXaXpI8OCiEhtmmnTK3kse5w5j
# rubU75KSOp493ADkRSWJtppEGSt+wJS00mFt6zPZxd9LBADMfRyVw4/3IbKyEbe7
# f/LVjHAsQWCqsWMYRJUadmJ+9oCw++hkpjPRiQfhvbfmQ6QYuKZ3AeEPlAwhHbJU
# KSWJbOUOUlFHdL4mrLZBdd56rF+NP8m800ERElvlEFDrMcXKchYiCd98THU/Y+wh
# X8QgUWtvsauGi0/C1kVfnSD8oR7FwI+isX4KJpn15GkvmB0t9dmpsh3lGwIDAQAB
# o4IBZjCCAWIwDwYDVR0TAQH/BAUwAwEB/zAdBgNVHQ4EFgQU7NfjgtJxXWRM3y5n
# P+e6mK4cD08wHwYDVR0jBBgwFoAUsT7DaQP4v0cB1JgmGggC72NkK8MwDgYDVR0P
# AQH/BAQDAgGGMBMGA1UdJQQMMAoGCCsGAQUFBwMDMH8GCCsGAQUFBwEBBHMwcTAk
# BggrBgEFBQcwAYYYaHR0cDovL29jc3AuZGlnaWNlcnQuY29tMEkGCCsGAQUFBzAC
# hj1odHRwOi8vY2FjZXJ0cy5kaWdpY2VydC5jb20vRGlnaUNlcnRIaWdoQXNzdXJh
# bmNlRVZSb290Q0EuY3J0MEsGA1UdHwREMEIwQKA+oDyGOmh0dHA6Ly9jcmwzLmRp
# Z2ljZXJ0LmNvbS9EaWdpQ2VydEhpZ2hBc3N1cmFuY2VFVlJvb3RDQS5jcmwwHAYD
# VR0gBBUwEzAHBgVngQwBAzAIBgZngQwBBAEwDQYJKoZIhvcNAQELBQADggEBAEHx
# qRH0DxNHecllao3A7pgEpMbjDPKisedfYk/ak1k2zfIe4R7sD+EbP5HU5A/C5pg0
# /xkPZigfT2IxpCrhKhO61z7H0ZL+q93fqpgzRh9Onr3g7QdG64AupP2uU7SkwaT1
# IY1rzAGt9Rnu15ClMlIr28xzDxj4+87eg3Gn77tRWwR2L62t0+od/P1Tk+WMieNg
# GbngLyOOLFxJy34riDkruQZhiPOuAnZ2dMFkkbiJUZflhX0901emWG4f7vtpYeJa
# 3Cgh6GO6Ps9W7Zrk9wXqyvPsEt84zdp7PiuTUy9cUQBY3pBIowrHC/Q7bVUx8ALM
# R3eWUaNetbxcyEMRoacwggawMIIEmKADAgECAhAIrUCyYNKcTJ9ezam9k67ZMA0G
# CSqGSIb3DQEBDAUAMGIxCzAJBgNVBAYTAlVTMRUwEwYDVQQKEwxEaWdpQ2VydCBJ
# bmMxGTAXBgNVBAsTEHd3dy5kaWdpY2VydC5jb20xITAfBgNVBAMTGERpZ2lDZXJ0
# IFRydXN0ZWQgUm9vdCBHNDAeFw0yMTA0MjkwMDAwMDBaFw0zNjA0MjgyMzU5NTla
# MGkxCzAJBgNVBAYTAlVTMRcwFQYDVQQKEw5EaWdpQ2VydCwgSW5jLjFBMD8GA1UE
# AxM4RGlnaUNlcnQgVHJ1c3RlZCBHNCBDb2RlIFNpZ25pbmcgUlNBNDA5NiBTSEEz
# ODQgMjAyMSBDQTEwggIiMA0GCSqGSIb3DQEBAQUAA4ICDwAwggIKAoICAQDVtC9C
# 0CiteLdd1TlZG7GIQvUzjOs9gZdwxbvEhSYwn6SOaNhc9es0JAfhS0/TeEP0F9ce
# 2vnS1WcaUk8OoVf8iJnBkcyBAz5NcCRks43iCH00fUyAVxJrQ5qZ8sU7H/Lvy0da
# E6ZMswEgJfMQ04uy+wjwiuCdCcBlp/qYgEk1hz1RGeiQIXhFLqGfLOEYwhrMxe6T
# SXBCMo/7xuoc82VokaJNTIIRSFJo3hC9FFdd6BgTZcV/sk+FLEikVoQ11vkunKoA
# FdE3/hoGlMJ8yOobMubKwvSnowMOdKWvObarYBLj6Na59zHh3K3kGKDYwSNHR7Oh
# D26jq22YBoMbt2pnLdK9RBqSEIGPsDsJ18ebMlrC/2pgVItJwZPt4bRc4G/rJvmM
# 1bL5OBDm6s6R9b7T+2+TYTRcvJNFKIM2KmYoX7BzzosmJQayg9Rc9hUZTO1i4F4z
# 8ujo7AqnsAMrkbI2eb73rQgedaZlzLvjSFDzd5Ea/ttQokbIYViY9XwCFjyDKK05
# huzUtw1T0PhH5nUwjewwk3YUpltLXXRhTT8SkXbev1jLchApQfDVxW0mdmgRQRNY
# mtwmKwH0iU1Z23jPgUo+QEdfyYFQc4UQIyFZYIpkVMHMIRroOBl8ZhzNeDhFMJlP
# /2NPTLuqDQhTQXxYPUez+rbsjDIJAsxsPAxWEQIDAQABo4IBWTCCAVUwEgYDVR0T
# AQH/BAgwBgEB/wIBADAdBgNVHQ4EFgQUaDfg67Y7+F8Rhvv+YXsIiGX0TkIwHwYD
# VR0jBBgwFoAU7NfjgtJxXWRM3y5nP+e6mK4cD08wDgYDVR0PAQH/BAQDAgGGMBMG
# A1UdJQQMMAoGCCsGAQUFBwMDMHcGCCsGAQUFBwEBBGswaTAkBggrBgEFBQcwAYYY
# aHR0cDovL29jc3AuZGlnaWNlcnQuY29tMEEGCCsGAQUFBzAChjVodHRwOi8vY2Fj
# ZXJ0cy5kaWdpY2VydC5jb20vRGlnaUNlcnRUcnVzdGVkUm9vdEc0LmNydDBDBgNV
# HR8EPDA6MDigNqA0hjJodHRwOi8vY3JsMy5kaWdpY2VydC5jb20vRGlnaUNlcnRU
# cnVzdGVkUm9vdEc0LmNybDAcBgNVHSAEFTATMAcGBWeBDAEDMAgGBmeBDAEEATAN
# BgkqhkiG9w0BAQwFAAOCAgEAOiNEPY0Idu6PvDqZ01bgAhql+Eg08yy25nRm95Ry
# sQDKr2wwJxMSnpBEn0v9nqN8JtU3vDpdSG2V1T9J9Ce7FoFFUP2cvbaF4HZ+N3HL
# IvdaqpDP9ZNq4+sg0dVQeYiaiorBtr2hSBh+3NiAGhEZGM1hmYFW9snjdufE5Btf
# Q/g+lP92OT2e1JnPSt0o618moZVYSNUa/tcnP/2Q0XaG3RywYFzzDaju4ImhvTnh
# OE7abrs2nfvlIVNaw8rpavGiPttDuDPITzgUkpn13c5UbdldAhQfQDN8A+KVssIh
# dXNSy0bYxDQcoqVLjc1vdjcshT8azibpGL6QB7BDf5WIIIJw8MzK7/0pNVwfiThV
# 9zeKiwmhywvpMRr/LhlcOXHhvpynCgbWJme3kuZOX956rEnPLqR0kq3bPKSchh/j
# wVYbKyP/j7XqiHtwa+aguv06P0WmxOgWkVKLQcBIhEuWTatEQOON8BUozu3xGFYH
# Ki8QxAwIZDwzj64ojDzLj4gLDb879M4ee47vtevLt/B3E+bnKD+sEq6lLyJsQfmC
# XBVmzGwOysWGw/YmMwwHS6DTBwJqakAwSEs0qFEgu60bhQjiWQ1tygVQK+pKHJ6l
# /aCnHwZ05/LWUpD9r4VIIflXO7ScA+2GRfS0YW6/aOImYIbqyK+p/pQd52MbOoZW
# eE4wggedMIIFhaADAgECAhACxyVvD/v+ctpMbqqoNdVVMA0GCSqGSIb3DQEBCwUA
# MGkxCzAJBgNVBAYTAlVTMRcwFQYDVQQKEw5EaWdpQ2VydCwgSW5jLjFBMD8GA1UE
# AxM4RGlnaUNlcnQgVHJ1c3RlZCBHNCBDb2RlIFNpZ25pbmcgUlNBNDA5NiBTSEEz
# ODQgMjAyMSBDQTEwHhcNMjIxMTA1MDAwMDAwWhcNMjMxMTA4MjM1OTU5WjCB8jET
# MBEGCysGAQQBgjc8AgEDEwJVUzEZMBcGCysGAQQBgjc8AgECEwhEZWxhd2FyZTEd
# MBsGA1UEDwwUUHJpdmF0ZSBPcmdhbml6YXRpb24xEDAOBgNVBAUTBzQxNTI5NTQx
# CzAJBgNVBAYTAlVTMRMwEQYDVQQIEwpXYXNoaW5ndG9uMRAwDgYDVQQHEwdTZWF0
# dGxlMSIwIAYDVQQKExlBbWF6b24gV2ViIFNlcnZpY2VzLCBJbmMuMRMwEQYDVQQL
# EwpBbWF6b24gRUMyMSIwIAYDVQQDExlBbWF6b24gV2ViIFNlcnZpY2VzLCBJbmMu
# MIIBojANBgkqhkiG9w0BAQEFAAOCAY8AMIIBigKCAYEA0jWbhD4ghdeO4Nndy/2h
# vCCUPPKnL63myeBZYItXG1dnB5gpJIrBVu40V4OaiNwyUAiBrO5eGM4IaWLqbxvj
# 324KRuXtmHcXvF7YRgiciflrsfzoUEu4TdKj+owTNA2uektzbVLWzT0wFKe5n4Xe
# CAqQQe33ODVB+cBTUSv/TRWf3Edni17S8HldwSq+YvPIRv21Shp7fiCxO45ETxwl
# BsoeNrwLAQz0QpiaGdY5Fb+12jcoWRqYqAiXGeDLA7Wxq1+Xj2n+UwelzhYfcE5/
# p8w4FsFJi9tVb0aWS63OnP+aTOCrA5bz5j9wq8x25/hCGm6HktmbZRwjKiFQ+HdL
# g0t3250T9hxvXjudh/DGPCIcmQzKBuxijP8f60DutqLk/EsS+Z5xD/s9/rruXfAj
# czkZ/xpHLHKa+Fp7x+tIwuC5Zq6VAM6CFgJOWefYG5h8sjZFhrphbnYzs0C75SCx
# KOKFe6RyrQ+O+xh96ky4kw47zNXbbc7xBqVjLjbOgSTFAgMBAAGjggI1MIICMTAf
# BgNVHSMEGDAWgBRoN+Drtjv4XxGG+/5hewiIZfROQjAdBgNVHQ4EFgQUOv3VJlso
# 3pHAv43pOWMQfdVdjXkwLgYDVR0RBCcwJaAjBggrBgEFBQcIA6AXMBUME1VTLURF
# TEFXQVJFLTQxNTI5NTQwDgYDVR0PAQH/BAQDAgeAMBMGA1UdJQQMMAoGCCsGAQUF
# BwMDMIG1BgNVHR8Ega0wgaowU6BRoE+GTWh0dHA6Ly9jcmwzLmRpZ2ljZXJ0LmNv
# bS9EaWdpQ2VydFRydXN0ZWRHNENvZGVTaWduaW5nUlNBNDA5NlNIQTM4NDIwMjFD
# QTEuY3JsMFOgUaBPhk1odHRwOi8vY3JsNC5kaWdpY2VydC5jb20vRGlnaUNlcnRU
# cnVzdGVkRzRDb2RlU2lnbmluZ1JTQTQwOTZTSEEzODQyMDIxQ0ExLmNybDA9BgNV
# HSAENjA0MDIGBWeBDAEDMCkwJwYIKwYBBQUHAgEWG2h0dHA6Ly93d3cuZGlnaWNl
# cnQuY29tL0NQUzCBlAYIKwYBBQUHAQEEgYcwgYQwJAYIKwYBBQUHMAGGGGh0dHA6
# Ly9vY3NwLmRpZ2ljZXJ0LmNvbTBcBggrBgEFBQcwAoZQaHR0cDovL2NhY2VydHMu
# ZGlnaWNlcnQuY29tL0RpZ2lDZXJ0VHJ1c3RlZEc0Q29kZVNpZ25pbmdSU0E0MDk2
# U0hBMzg0MjAyMUNBMS5jcnQwDAYDVR0TAQH/BAIwADANBgkqhkiG9w0BAQsFAAOC
# AgEARxdSHXYd6BO2G0SQESFEKuC2xGsuekZq4Q//Jg3mHKBkDSLrK1PEriBExb5n
# JNAmCoh374kLOj9fbV5kPmj2kTdH65b1GVIp4VADVOwla1NGrbqFIvSzUN68xqWw
# ITM15yR5OU4peuSD8pdxGLwIM3YEsorhVugVI/TZ3oSs89vMNKIUK4qrHvDpveUf
# 1tQKFYUwyKEkauDqovs2pS7G6+1mqSgXx4Nt1OdZwwdXS8d14xcsaz96C+4G7fAr
# lbcKiGnHwxlO0FaC+piuverA1NU3lw8UFlTdaQxldKhS47iKZaWTS+mwi2H5PC2G
# cgXNlQG5tuh/TimhfHpqrvtrXBpNQTU6ydv6E/Bj6DE5VkJGIKua0GvI7LkwFBFC
# WD1hrAEjtY2LkPAgMDQe9iqPoEGeNwZeEjJjLgayPLP7NsJRdA6uhXboMEFW2LNf
# VM/hdzl1RG/5kJ4La/mEkpvQRtZRbaSPuSHRxGz//P62qKFQGL0K/YI9RlowyGrQ
# ENfvztdmqPN8xLJ7C7IuWkx2ygO++4Vva/DaiXX2gMtt6hYYfngOt6+beRWLbpdr
# cNgUrUJAGg8saVOkrBdziuB0fS93jso0mBvz0DTFXE5vvE8yOYQWR0njIOKbZuB5
# A15FSIngJ+joE7MFjkxwkQwx5czjrG0GVfqSSK8WiL5yq2wxghnnMIIZ4wIBATB9
# MGkxCzAJBgNVBAYTAlVTMRcwFQYDVQQKEw5EaWdpQ2VydCwgSW5jLjFBMD8GA1UE
# AxM4RGlnaUNlcnQgVHJ1c3RlZCBHNCBDb2RlIFNpZ25pbmcgUlNBNDA5NiBTSEEz
# ODQgMjAyMSBDQTECEALHJW8P+/5y2kxuqqg11VUwDQYJYIZIAWUDBAIBBQCgfDAQ
# BgorBgEEAYI3AgEMMQIwADAZBgkqhkiG9w0BCQMxDAYKKwYBBAGCNwIBBDAcBgor
# BgEEAYI3AgELMQ4wDAYKKwYBBAGCNwIBFTAvBgkqhkiG9w0BCQQxIgQgW5Ej8brX
# 5YlTBkoyY2drpoCT/V57IcT8S8Iq8hJJVtswDQYJKoZIhvcNAQEBBQAEggGAt5Ty
# 7obsD/Z0ezG66VhUH0wII01W42R03uEEvqZg2YFV6D+kt5pnjZ4xSz+Vu0EP3eth
# tUZcpF/uZOeLC1OVhCW+/VaqTjLZChaMBxzvEIB+RoUcOnxUJL5d3Qd9TAbLpm6i
# nrm2KC4cgnNkRUsal37xBaTXPqoayv2ZGpkUtay8UkZzYinn3pKyjdWudevHInbO
# hRY0LFWi9O3PRE3/iyTCCFP63zkcZrIKCC3Qy4U0oFbXQOZ3DsnJtMuC/1j0tUb5
# veZmgGjgG1/UGR/55o/cI+NiFMpkodqgyV/td4qrOkLg4SVk8ULKkDNxlhLIjOxg
# WWYEyrEBr1L5BHO6MxmD9DLl2ysotevtX8WVt5wsgfY2pbGYx8nqFKBVPBhW26p/
# 33axLhgR8rNhhRRkU/W3uT1bW3x0sfssTaF6R3riQhrex27IJFPTLwOeJEQ5UhhE
# IMdmXSQYEPHEQ4RqUTISJsMJ8KZrwktxpETj0cH3mSkmhFIiMpVwaQ633m5qoYIX
# PTCCFzkGCisGAQQBgjcDAwExghcpMIIXJQYJKoZIhvcNAQcCoIIXFjCCFxICAQMx
# DzANBglghkgBZQMEAgEFADB3BgsqhkiG9w0BCRABBKBoBGYwZAIBAQYJYIZIAYb9
# bAcBMDEwDQYJYIZIAWUDBAIBBQAEIHZBTdEg6m7H1JWYSgkwZqZJca9sn4GAr8Tv
# //NRYrMmAhBBWvl/ekQTLH0fNK1QEpn/GA8yMDIyMTIyNDA5MjMyNlqgghMHMIIG
# wDCCBKigAwIBAgIQDE1pckuU+jwqSj0pB4A9WjANBgkqhkiG9w0BAQsFADBjMQsw
# CQYDVQQGEwJVUzEXMBUGA1UEChMORGlnaUNlcnQsIEluYy4xOzA5BgNVBAMTMkRp
# Z2lDZXJ0IFRydXN0ZWQgRzQgUlNBNDA5NiBTSEEyNTYgVGltZVN0YW1waW5nIENB
# MB4XDTIyMDkyMTAwMDAwMFoXDTMzMTEyMTIzNTk1OVowRjELMAkGA1UEBhMCVVMx
# ETAPBgNVBAoTCERpZ2lDZXJ0MSQwIgYDVQQDExtEaWdpQ2VydCBUaW1lc3RhbXAg
# MjAyMiAtIDIwggIiMA0GCSqGSIb3DQEBAQUAA4ICDwAwggIKAoICAQDP7KUmOsap
# 8mu7jcENmtuh6BSFdDMaJqzQHFUeHjZtvJJVDGH0nQl3PRWWCC9rZKT9BoMW15GS
# OBwxApb7crGXOlWvM+xhiu</Data><Data Name='ScriptBlockId'>a46c52f8-500d-4346-a94c-955ffcd584f8</Data><Data Name='Path'>C:\ProgramData\Amazon\EC2-Windows\Launch\Module\Scripts\Add-DnsSuffixList.ps1</Data></EventData></Event>
<Event xmlns='http://schemas.microsoft.com/win/2004/08/events/event'><System><Provider Name='Microsoft-Windows-PowerShell' Guid='{A0C1853B-5C40-4B15-8766-3CF1C58F985A}'/><EventID>4104</EventID><Version>1</Version><Level>5</Level><Task>2</Task><Opcode>15</Opcode><Keywords>0x0</Keywords><TimeCreated SystemTime='2023-03-20T12:26:31.033067200Z'/><EventRecordID>717134</EventRecordID><Correlation ActivityID='{2EDA0009-5754-0000-6266-DF2E5457D901}'/><Execution ProcessID='3168' ThreadID='5484'/><Channel>Microsoft-Windows-PowerShell/Operational</Channel><Computer>mswin-server.attackrange.local</Computer><Security UserID='S-1-5-21-3439621488-2671704973-1532913862-500'/></System><EventData><Data Name='MessageNumber'>1</Data><Data Name='MessageTotal'>1</Data><Data Name='ScriptBlockText'>Set-Alias -Name ncso -Value New-CimSessionOption -Option ReadOnly, AllScope -ErrorAction SilentlyContinue</Data><Data Name='ScriptBlockId'>16fc0cc5-8058-472a-9faf-3f50af5b11c2</Data><Data Name='Path'></Data></EventData></Event>
<Event xmlns='http://schemas.microsoft.com/win/2004/08/events/event'><System><Provider Name='Microsoft-Windows-PowerShell' Guid='{A0C1853B-5C40-4B15-8766-3CF1C58F985A}'/><EventID>4104</EventID><Version>1</Version><Level>5</Level><Task>2</Task><Opcode>15</Opcode><Keywords>0x0</Keywords><TimeCreated SystemTime='2023-03-20T12:26:31.033046700Z'/><EventRecordID>717128</EventRecordID><Correlation ActivityID='{2EDA0009-5754-0000-6266-DF2E5457D901}'/><Execution ProcessID='3168' ThreadID='5484'/><Channel>Microsoft-Windows-PowerShell/Operational</Channel><Computer>mswin-server.attackrange.local</Computer><Security UserID='S-1-5-21-3439621488-2671704973-1532913862-500'/></System><EventData><Data Name='MessageNumber'>1</Data><Data Name='MessageTotal'>1</Data><Data Name='ScriptBlockText'>Set-Alias -Name ncms -Value New-CimSession -Option ReadOnly, AllScope -ErrorAction SilentlyContinue</Data><Data Name='ScriptBlockId'>91505045-6510-47f8-a85c-e6ef29ca494a</Data><Data Name='Path'></Data></EventData></Event>
<Event xmlns='http://schemas.microsoft.com/win/2004/08/events/event'><System><Provider Name='Microsoft-Windows-PowerShell' Guid='{A0C1853B-5C40-4B15-8766-3CF1C58F985A}'/><EventID>4104</EventID><Version>1</Version><Level>5</Level><Task>2</Task><Opcode>15</Opcode><Keywords>0x0</Keywords><TimeCreated SystemTime='2023-03-20T12:26:31.033029500Z'/><EventRecordID>717122</EventRecordID><Correlation ActivityID='{2EDA0009-5754-0000-6266-DF2E5457D901}'/><Execution ProcessID='3168' ThreadID='5484'/><Channel>Microsoft-Windows-PowerShell/Operational</Channel><Computer>mswin-server.attackrange.local</Computer><Security UserID='S-1-5-21-3439621488-2671704973-1532913862-500'/></System><EventData><Data Name='MessageNumber'>1</Data><Data Name='MessageTotal'>1</Data><Data Name='ScriptBlockText'>Set-Alias -Name icim -Value Invoke-CimMethod -Option ReadOnly, AllScope -ErrorAction SilentlyContinue</Data><Data Name='ScriptBlockId'>0eb3b12d-ca8c-4ee5-9aac-042f1a982b2c</Data><Data Name='Path'></Data></EventData></Event>
<Event xmlns='http://schemas.microsoft.com/win/2004/08/events/event'><System><Provider Name='Microsoft-Windows-PowerShell' Guid='{A0C1853B-5C40-4B15-8766-3CF1C58F985A}'/><EventID>4104</EventID><Version>1</Version><Level>5</Level><Task>2</Task><Opcode>15</Opcode><Keywords>0x0</Keywords><TimeCreated SystemTime='2023-03-20T12:20:43.838405400Z'/><EventRecordID>225557</EventRecordID><Correlation ActivityID='{2EF1732A-5754-0002-A3F8-F72E5457D901}'/><Execution ProcessID='17808' ThreadID='17520'/><Channel>Microsoft-Windows-PowerShell/Operational</Channel><Computer>mswin-exch01.attackrange.local</Computer><Security UserID='S-1-5-21-2814101754-3021673353-4211140692-500'/></System><EventData><Data Name='MessageNumber'>1</Data><Data Name='MessageTotal'>1</Data><Data Name='ScriptBlockText'>Set-Alias -Name ncso -Value New-CimSessionOption -Option ReadOnly, AllScope -ErrorAction SilentlyContinue</Data><Data Name='ScriptBlockId'>bd0bb311-699b-4650-a609-b15006701410</Data><Data Name='Path'></Data></EventData></Event>
<Event xmlns='http://schemas.microsoft.com/win/2004/08/events/event'><System><Provider Name='Microsoft-Windows-PowerShell' Guid='{A0C1853B-5C40-4B15-8766-3CF1C58F985A}'/><EventID>4104</EventID><Version>1</Version><Level>5</Level><Task>2</Task><Opcode>15</Opcode><Keywords>0x0</Keywords><TimeCreated SystemTime='2023-03-20T12:20:43.838385300Z'/><EventRecordID>225551</EventRecordID><Correlation ActivityID='{2EF1732A-5754-0002-A3F8-F72E5457D901}'/><Execution ProcessID='17808' ThreadID='17520'/><Channel>Microsoft-Windows-PowerShell/Operational</Channel><Computer>mswin-exch01.attackrange.local</Computer><Security UserID='S-1-5-21-2814101754-3021673353-4211140692-500'/></System><EventData><Data Name='MessageNumber'>1</Data><Data Name='MessageTotal'>1</Data><Data Name='ScriptBlockText'>Set-Alias -Name ncms -Value New-CimSession -Option ReadOnly, AllScope -ErrorAction SilentlyContinue</Data><Data Name='ScriptBlockId'>932be937-ce5b-4c9e-9e90-8f8ce101f0db</Data><Data Name='Path'></Data></EventData></Event>
<Event xmlns='http://schemas.microsoft.com/win/2004/08/events/event'><System><Provider Name='Microsoft-Windows-PowerShell' Guid='{A0C1853B-5C40-4B15-8766-3CF1C58F985A}'/><EventID>4104</EventID><Version>1</Version><Level>5</Level><Task>2</Task><Opcode>15</Opcode><Keywords>0x0</Keywords><TimeCreated SystemTime='2023-03-20T12:20:43.838366100Z'/><EventRecordID>225545</EventRecordID><Correlation ActivityID='{2EF1732A-5754-0002-A3F8-F72E5457D901}'/><Execution ProcessID='17808' ThreadID='17520'/><Channel>Microsoft-Windows-PowerShell/Operational</Channel><Computer>mswin-exch01.attackrange.local</Computer><Security UserID='S-1-5-21-2814101754-3021673353-4211140692-500'/></System><EventData><Data Name='MessageNumber'>1</Data><Data Name='MessageTotal'>1</Data><Data Name='ScriptBlockText'>Set-Alias -Name icim -Value Invoke-CimMethod -Option ReadOnly, AllScope -ErrorAction SilentlyContinue</Data><Data Name='ScriptBlockId'>d98ef55d-1ee6-41a0-a949-8cca6aebd52e</Data><Data Name='Path'></Data></EventData></Event>
<Event xmlns='http://schemas.microsoft.com/win/2004/08/events/event'><System><Provider Name='Microsoft-Windows-PowerShell' Guid='{A0C1853B-5C40-4B15-8766-3CF1C58F985A}'/><EventID>4104</EventID><Version>1</Version><Level>5</Level><Task>2</Task><Opcode>15</Opcode><Keywords>0x0</Keywords><TimeCreated SystemTime='2023-03-20T12:20:41.533396300Z'/><EventRecordID>225288</EventRecordID><Correlation ActivityID='{2EF1732A-5754-0003-BA81-F62E5457D901}'/><Execution ProcessID='17808' ThreadID='17520'/><Channel>Microsoft-Windows-PowerShell/Operational</Channel><Computer>mswin-exch01.attackrange.local</Computer><Security UserID='S-1-5-21-2814101754-3021673353-4211140692-500'/></System><EventData><Data Name='MessageNumber'>1</Data><Data Name='MessageTotal'>2</Data><Data Name='ScriptBlockText'># Copyright 2016 Amazon.com, Inc. or its affiliates. All Rights Reserved.
#
# Licensed under the Amazon Software License (the "License").
# You may not use this file except in compliance with the License.
# A copy of the License is located at
#
# http://aws.amazon.com/asl/
#
# or in the "license" file accompanying this file. This file is distributed
# on an "AS IS" BASIS, WITHOUT WARRANTIES OR CONDITIONS OF ANY KIND, either
# express or implied. See the License for the specific language governing
# permissions and limitations under the License.

&lt;#-----------------------------------------------------------------------------------------------------------
    Add-DnsSuffixList adds DNS suffixes.
-------------------------------------------------------------------------------------------------------------#&gt;
function Add-DnsSuffixList
{
  $state = Get-LaunchConfig -Key AddDnsSuffixList
  [System.GC]::Collect()
  if (-not $state)
  {
    Write-Log "Adding DNS suffix list is disabled"
    return
  }

  $suffixList = @()

  Write-Log ("Adding DNS suffixes in search list begins")

  # Try to create a suffix with available zone
  try
  {
    # Availability-zone includes period at the end, so it needs to remove it.
    $availabilityZone = (Get-Metadata -UrlFragment "meta-data/placement/availability-zone").Trim()
    if ($availabilityZone.EndsWith("."))
    {
      $availabilityZone = $availabilityZone.Substring(0,$availabilityZone.Length - 1)
    }

    $suffixList += "{0}.ec2-utilities.amazonaws.com" -f $availabilityZone.Substring(0,$availabilityZone.Length - 1)
  }
  catch
  {
    Write-ErrorLog ("Failed to get availability zone: {0}" -f $_.Exception.Message)
  }

  # Try to get global search list
  try
  {
    $tcpRegPath = "HKLM:\SYSTEM\CurrentControlSet\Services\Tcpip\Parameters"
    $tcpRegRes = Get-ItemProperty -Path $tcpRegPath
    $existingList = $tcpRegRes.SearchList -split ","
    foreach ($existing in $existingList)
    {
      if ($existing -and $suffixList -notcontains $existing)
      {
        $suffixList += $existing.ToLower()
      }
    }
  }
  catch
  {
    Write-ErrorLog ("Failed to get global search list: {0}" -f $_.Exception.Message)
  }

  # Try to get DNS Domain
  try
  {
    $dnsDomain = $tcpRegRes.Domain
    if ($dnsDomain -and $suffixList -notcontains $dnsDomain)
    {
      $suffixList += $dnsDomain.ToLower()
    }
    $isUsingDomainDevolution = $tcpRegRes.UseDomainNameDevolution
    if ($isUsingDomainDevolution -ne 0)
    {
      $dnsDomains = $dnsDomain -split "\."
      if ($dnsDomains.Length -gt 2)
      {
        $dns = $dnsDomains.Get($dnsDomains.Length - 1)
        for ($i = $dnsDomains.Length - 2; $i -ge 1; $i --)
        {
          $dns = "{0}.{1}" -f $dnsDomains.Get($i),$dns
          if ($dns -and $suffixList -notcontains $dns)
          {
            $suffixList += $dns.ToLower()
          }
        }
      }
    }
  }
  catch
  {
    Write-ErrorLog ("Failed to get DNS domain from registry: {0}" -f $_.Exception.Message)
  }

  # Try to get NV Domain - contains computer's primary DNS suffix
  try
  {
    $nvDomain = $tcpRegRes. "NV Domain"
    if ($nvDomain -and $suffixList -notcontains $nvDomain)
    {
      $suffixList += $nvDomain.ToLower()
    }
  }
  catch
  {
    Write-ErrorLog ("Failed to get NV domain: {0}" -f $_.Exception.Message)
  }

  # Try to get DNS Domain from connected NICs
  try
  {
    $networkAdapters = Get-CimInstance -ClassName Win32_NetworkAdapter
    foreach ($networkAdapter in $networkAdapters)
    {
      # Check each NIC if it is connected (Connected = 2)
      if ($networkAdapter.NetConnectionStatus -eq 2)
      {
        $networkConfig = Get-CimInstance -ClassName Win32_NetworkAdapterConfiguration -Filter "Index='$($networkAdapter.Index)'"
        $nicDnsDomain = $networkConfig.DNSDomain
        if ($nicDnsDomain -and $suffixList -notcontains $nicDnsDomain)
        {
          $suffixList += $nicDnsDomain.ToLower()
        }
      }
    }
  }
  catch
  {
    Write-ErrorLog ("Failed to get DNS domain from NICs: {0}" -f $_.Exception.Message)
  }

  try
  {
    # Set DNS suffix search list
    Invoke-CimMethod -ClassName Win32_NetworkAdapterConfiguration -MethodName "SetDNSSuffixSearchOrder" -Arguments @{ DNSDomainSuffixSearchOrder = $suffixList } | Out-Null
  }
  catch
  {
    Write-ErrorLog ("Failed to set DNS suffix search list: {0}" -f $_.Exception.Message)
  }

  Write-Log ("Adding DNS suffixes in search list done")
}

# SIG # Begin signature block
# MIIuqgYJKoZIhvcNAQcCoIIumzCCLpcCAQExDzANBglghkgBZQMEAgEFADB5Bgor
# BgEEAYI3AgEEoGswaTA0BgorBgEEAYI3AgEeMCYCAwEAAAQQH8w7YFlLCE63JNLG
# KX7zUQIBAAIBAAIBAAIBAAIBADAxMA0GCWCGSAFlAwQCAQUABCAwdXMjmgee8GrG
# wK7q1ggMNwj1l3PZixsOVf6I/u33B6CCFBkwggXAMIIEqKADAgECAhAP0bvKeWvX
# +N1MguEKmpYxMA0GCSqGSIb3DQEBCwUAMGwxCzAJBgNVBAYTAlVTMRUwEwYDVQQK
# EwxEaWdpQ2VydCBJbmMxGTAXBgNVBAsTEHd3dy5kaWdpY2VydC5jb20xKzApBgNV
# BAMTIkRpZ2lDZXJ0IEhpZ2ggQXNzdXJhbmNlIEVWIFJvb3QgQ0EwHhcNMjIwMTEz
# MDAwMDAwWhcNMzExMTA5MjM1OTU5WjBiMQswCQYDVQQGEwJVUzEVMBMGA1UEChMM
# RGlnaUNlcnQgSW5jMRkwFwYDVQQLExB3d3cuZGlnaWNlcnQuY29tMSEwHwYDVQQD
# ExhEaWdpQ2VydCBUcnVzdGVkIFJvb3QgRzQwggIiMA0GCSqGSIb3DQEBAQUAA4IC
# DwAwggIKAoICAQC/5pBzaN675F1KPDAiMGkz7MKnJS7JIT3yithZwuEppz1Yq3aa
# za57G4QNxDAf8xukOBbrVsaXbR2rsnnyyhHS5F/WBTxSD1Ifxp4VpX6+n6lXFllV
# cq9ok3DCsrp1mWpzMpTREEQQLt+C8weE5nQ7bXHiLQwb7iDVySAdYyktzuxeTsiT
# +CFhmzTrBcZe7FsavOvJz82sNEBfsXpm7nfISKhmV1efVFiODCu3T6cw2Vbuyntd
# 463JT17lNecxy9qTXtyOj4DatpGYQJB5w3jHtrHEtWoYOAMQjdjUN6QuBX2I9YI+
# EJFwq1WCQTLX2wRzKm6RAXwhTNS8rhsDdV14Ztk6MUSaM0C/CNdaSaTC5qmgZ92k
# J7yhTzm1EVgX9yRcRo9k98FpiHaYdj1ZXUJ2h4mXaXpI8OCiEhtmmnTK3kse5w5j
# rubU75KSOp493ADkRSWJtppEGSt+wJS00mFt6zPZxd9LBADMfRyVw4/3IbKyEbe7
# f/LVjHAsQWCqsWMYRJUadmJ+9oCw++hkpjPRiQfhvbfmQ6QYuKZ3AeEPlAwhHbJU
# KSWJbOUOUlFHdL4mrLZBdd56rF+NP8m800ERElvlEFDrMcXKchYiCd98THU/Y+wh
# X8QgUWtvsauGi0/C1kVfnSD8oR7FwI+isX4KJpn15GkvmB0t9dmpsh3lGwIDAQAB
# o4IBZjCCAWIwDwYDVR0TAQH/BAUwAwEB/zAdBgNVHQ4EFgQU7NfjgtJxXWRM3y5n
# P+e6mK4cD08wHwYDVR0jBBgwFoAUsT7DaQP4v0cB1JgmGggC72NkK8MwDgYDVR0P
# AQH/BAQDAgGGMBMGA1UdJQQMMAoGCCsGAQUFBwMDMH8GCCsGAQUFBwEBBHMwcTAk
# BggrBgEFBQcwAYYYaHR0cDovL29jc3AuZGlnaWNlcnQuY29tMEkGCCsGAQUFBzAC
# hj1odHRwOi8vY2FjZXJ0cy5kaWdpY2VydC5jb20vRGlnaUNlcnRIaWdoQXNzdXJh
# bmNlRVZSb290Q0EuY3J0MEsGA1UdHwREMEIwQKA+oDyGOmh0dHA6Ly9jcmwzLmRp
# Z2ljZXJ0LmNvbS9EaWdpQ2VydEhpZ2hBc3N1cmFuY2VFVlJvb3RDQS5jcmwwHAYD
# VR0gBBUwEzAHBgVngQwBAzAIBgZngQwBBAEwDQYJKoZIhvcNAQELBQADggEBAEHx
# qRH0DxNHecllao3A7pgEpMbjDPKisedfYk/ak1k2zfIe4R7sD+EbP5HU5A/C5pg0
# /xkPZigfT2IxpCrhKhO61z7H0ZL+q93fqpgzRh9Onr3g7QdG64AupP2uU7SkwaT1
# IY1rzAGt9Rnu15ClMlIr28xzDxj4+87eg3Gn77tRWwR2L62t0+od/P1Tk+WMieNg
# GbngLyOOLFxJy34riDkruQZhiPOuAnZ2dMFkkbiJUZflhX0901emWG4f7vtpYeJa
# 3Cgh6GO6Ps9W7Zrk9wXqyvPsEt84zdp7PiuTUy9cUQBY3pBIowrHC/Q7bVUx8ALM
# R3eWUaNetbxcyEMRoacwggawMIIEmKADAgECAhAIrUCyYNKcTJ9ezam9k67ZMA0G
# CSqGSIb3DQEBDAUAMGIxCzAJBgNVBAYTAlVTMRUwEwYDVQQKEwxEaWdpQ2VydCBJ
# bmMxGTAXBgNVBAsTEHd3dy5kaWdpY2VydC5jb20xITAfBgNVBAMTGERpZ2lDZXJ0
# IFRydXN0ZWQgUm9vdCBHNDAeFw0yMTA0MjkwMDAwMDBaFw0zNjA0MjgyMzU5NTla
# MGkxCzAJBgNVBAYTAlVTMRcwFQYDVQQKEw5EaWdpQ2VydCwgSW5jLjFBMD8GA1UE
# AxM4RGlnaUNlcnQgVHJ1c3RlZCBHNCBDb2RlIFNpZ25pbmcgUlNBNDA5NiBTSEEz
# ODQgMjAyMSBDQTEwggIiMA0GCSqGSIb3DQEBAQUAA4ICDwAwggIKAoICAQDVtC9C
# 0CiteLdd1TlZG7GIQvUzjOs9gZdwxbvEhSYwn6SOaNhc9es0JAfhS0/TeEP0F9ce
# 2vnS1WcaUk8OoVf8iJnBkcyBAz5NcCRks43iCH00fUyAVxJrQ5qZ8sU7H/Lvy0da
# E6ZMswEgJfMQ04uy+wjwiuCdCcBlp/qYgEk1hz1RGeiQIXhFLqGfLOEYwhrMxe6T
# SXBCMo/7xuoc82VokaJNTIIRSFJo3hC9FFdd6BgTZcV/sk+FLEikVoQ11vkunKoA
# FdE3/hoGlMJ8yOobMubKwvSnowMOdKWvObarYBLj6Na59zHh3K3kGKDYwSNHR7Oh
# D26jq22YBoMbt2pnLdK9RBqSEIGPsDsJ18ebMlrC/2pgVItJwZPt4bRc4G/rJvmM
# 1bL5OBDm6s6R9b7T+2+TYTRcvJNFKIM2KmYoX7BzzosmJQayg9Rc9hUZTO1i4F4z
# 8ujo7AqnsAMrkbI2eb73rQgedaZlzLvjSFDzd5Ea/ttQokbIYViY9XwCFjyDKK05
# huzUtw1T0PhH5nUwjewwk3YUpltLXXRhTT8SkXbev1jLchApQfDVxW0mdmgRQRNY
# mtwmKwH0iU1Z23jPgUo+QEdfyYFQc4UQIyFZYIpkVMHMIRroOBl8ZhzNeDhFMJlP
# /2NPTLuqDQhTQXxYPUez+rbsjDIJAsxsPAxWEQIDAQABo4IBWTCCAVUwEgYDVR0T
# AQH/BAgwBgEB/wIBADAdBgNVHQ4EFgQUaDfg67Y7+F8Rhvv+YXsIiGX0TkIwHwYD
# VR0jBBgwFoAU7NfjgtJxXWRM3y5nP+e6mK4cD08wDgYDVR0PAQH/BAQDAgGGMBMG
# A1UdJQQMMAoGCCsGAQUFBwMDMHcGCCsGAQUFBwEBBGswaTAkBggrBgEFBQcwAYYY
# aHR0cDovL29jc3AuZGlnaWNlcnQuY29tMEEGCCsGAQUFBzAChjVodHRwOi8vY2Fj
# ZXJ0cy5kaWdpY2VydC5jb20vRGlnaUNlcnRUcnVzdGVkUm9vdEc0LmNydDBDBgNV
# HR8EPDA6MDigNqA0hjJodHRwOi8vY3JsMy5kaWdpY2VydC5jb20vRGlnaUNlcnRU
# cnVzdGVkUm9vdEc0LmNybDAcBgNVHSAEFTATMAcGBWeBDAEDMAgGBmeBDAEEATAN
# BgkqhkiG9w0BAQwFAAOCAgEAOiNEPY0Idu6PvDqZ01bgAhql+Eg08yy25nRm95Ry
# sQDKr2wwJxMSnpBEn0v9nqN8JtU3vDpdSG2V1T9J9Ce7FoFFUP2cvbaF4HZ+N3HL
# IvdaqpDP9ZNq4+sg0dVQeYiaiorBtr2hSBh+3NiAGhEZGM1hmYFW9snjdufE5Btf
# Q/g+lP92OT2e1JnPSt0o618moZVYSNUa/tcnP/2Q0XaG3RywYFzzDaju4ImhvTnh
# OE7abrs2nfvlIVNaw8rpavGiPttDuDPITzgUkpn13c5UbdldAhQfQDN8A+KVssIh
# dXNSy0bYxDQcoqVLjc1vdjcshT8azibpGL6QB7BDf5WIIIJw8MzK7/0pNVwfiThV
# 9zeKiwmhywvpMRr/LhlcOXHhvpynCgbWJme3kuZOX956rEnPLqR0kq3bPKSchh/j
# wVYbKyP/j7XqiHtwa+aguv06P0WmxOgWkVKLQcBIhEuWTatEQOON8BUozu3xGFYH
# Ki8QxAwIZDwzj64ojDzLj4gLDb879M4ee47vtevLt/B3E+bnKD+sEq6lLyJsQfmC
# XBVmzGwOysWGw/YmMwwHS6DTBwJqakAwSEs0qFEgu60bhQjiWQ1tygVQK+pKHJ6l
# /aCnHwZ05/LWUpD9r4VIIflXO7ScA+2GRfS0YW6/aOImYIbqyK+p/pQd52MbOoZW
# eE4wggedMIIFhaADAgECAhACxyVvD/v+ctpMbqqoNdVVMA0GCSqGSIb3DQEBCwUA
# MGkxCzAJBgNVBAYTAlVTMRcwFQYDVQQKEw5EaWdpQ2VydCwgSW5jLjFBMD8GA1UE
# AxM4RGlnaUNlcnQgVHJ1c3RlZCBHNCBDb2RlIFNpZ25pbmcgUlNBNDA5NiBTSEEz
# ODQgMjAyMSBDQTEwHhcNMjIxMTA1MDAwMDAwWhcNMjMxMTA4MjM1OTU5WjCB8jET
# MBEGCysGAQQBgjc8AgEDEwJVUzEZMBcGCysGAQQBgjc8AgECEwhEZWxhd2FyZTEd
# MBsGA1UEDwwUUHJpdmF0ZSBPcmdhbml6YXRpb24xEDAOBgNVBAUTBzQxNTI5NTQx
# CzAJBgNVBAYTAlVTMRMwEQYDVQQIEwpXYXNoaW5ndG9uMRAwDgYDVQQHEwdTZWF0
# dGxlMSIwIAYDVQQKExlBbWF6b24gV2ViIFNlcnZpY2VzLCBJbmMuMRMwEQYDVQQL
# EwpBbWF6b24gRUMyMSIwIAYDVQQDExlBbWF6b24gV2ViIFNlcnZpY2VzLCBJbmMu
# MIIBojANBgkqhkiG9w0BAQEFAAOCAY8AMIIBigKCAYEA0jWbhD4ghdeO4Nndy/2h
# vCCUPPKnL63myeBZYItXG1dnB5gpJIrBVu40V4OaiNwyUAiBrO5eGM4IaWLqbxvj
# 324KRuXtmHcXvF7YRgiciflrsfzoUEu4TdKj+owTNA2uektzbVLWzT0wFKe5n4Xe
# CAqQQe33ODVB+cBTUSv/TRWf3Edni17S8HldwSq+YvPIRv21Shp7fiCxO45ETxwl
# BsoeNrwLAQz0QpiaGdY5Fb+12jcoWRqYqAiXGeDLA7Wxq1+Xj2n+UwelzhYfcE5/
# p8w4FsFJi9tVb0aWS63OnP+aTOCrA5bz5j9wq8x25/hCGm6HktmbZRwjKiFQ+HdL
# g0t3250T9hxvXjudh/DGPCIcmQzKBuxijP8f60DutqLk/EsS+Z5xD/s9/rruXfAj
# czkZ/xpHLHKa+Fp7x+tIwuC5Zq6VAM6CFgJOWefYG5h8sjZFhrphbnYzs0C75SCx
# KOKFe6RyrQ+O+xh96ky4kw47zNXbbc7xBqVjLjbOgSTFAgMBAAGjggI1MIICMTAf
# BgNVHSMEGDAWgBRoN+Drtjv4XxGG+/5hewiIZfROQjAdBgNVHQ4EFgQUOv3VJlso
# 3pHAv43pOWMQfdVdjXkwLgYDVR0RBCcwJaAjBggrBgEFBQcIA6AXMBUME1VTLURF
# TEFXQVJFLTQxNTI5NTQwDgYDVR0PAQH/BAQDAgeAMBMGA1UdJQQMMAoGCCsGAQUF
# BwMDMIG1BgNVHR8Ega0wgaowU6BRoE+GTWh0dHA6Ly9jcmwzLmRpZ2ljZXJ0LmNv
# bS9EaWdpQ2VydFRydXN0ZWRHNENvZGVTaWduaW5nUlNBNDA5NlNIQTM4NDIwMjFD
# QTEuY3JsMFOgUaBPhk1odHRwOi8vY3JsNC5kaWdpY2VydC5jb20vRGlnaUNlcnRU
# cnVzdGVkRzRDb2RlU2lnbmluZ1JTQTQwOTZTSEEzODQyMDIxQ0ExLmNybDA9BgNV
# HSAENjA0MDIGBWeBDAEDMCkwJwYIKwYBBQUHAgEWG2h0dHA6Ly93d3cuZGlnaWNl
# cnQuY29tL0NQUzCBlAYIKwYBBQUHAQEEgYcwgYQwJAYIKwYBBQUHMAGGGGh0dHA6
# Ly9vY3NwLmRpZ2ljZXJ0LmNvbTBcBggrBgEFBQcwAoZQaHR0cDovL2NhY2VydHMu
# ZGlnaWNlcnQuY29tL0RpZ2lDZXJ0VHJ1c3RlZEc0Q29kZVNpZ25pbmdSU0E0MDk2
# U0hBMzg0MjAyMUNBMS5jcnQwDAYDVR0TAQH/BAIwADANBgkqhkiG9w0BAQsFAAOC
# AgEARxdSHXYd6BO2G0SQESFEKuC2xGsuekZq4Q//Jg3mHKBkDSLrK1PEriBExb5n
# JNAmCoh374kLOj9fbV5kPmj2kTdH65b1GVIp4VADVOwla1NGrbqFIvSzUN68xqWw
# ITM15yR5OU4peuSD8pdxGLwIM3YEsorhVugVI/TZ3oSs89vMNKIUK4qrHvDpveUf
# 1tQKFYUwyKEkauDqovs2pS7G6+1mqSgXx4Nt1OdZwwdXS8d14xcsaz96C+4G7fAr
# lbcKiGnHwxlO0FaC+piuverA1NU3lw8UFlTdaQxldKhS47iKZaWTS+mwi2H5PC2G
# cgXNlQG5tuh/TimhfHpqrvtrXBpNQTU6ydv6E/Bj6DE5VkJGIKua0GvI7LkwFBFC
# WD1hrAEjtY2LkPAgMDQe9iqPoEGeNwZeEjJjLgayPLP7NsJRdA6uhXboMEFW2LNf
# VM/hdzl1RG/5kJ4La/mEkpvQRtZRbaSPuSHRxGz//P62qKFQGL0K/YI9RlowyGrQ
# ENfvztdmqPN8xLJ7C7IuWkx2ygO++4Vva/DaiXX2gMtt6hYYfngOt6+beRWLbpdr
# cNgUrUJAGg8saVOkrBdziuB0fS93jso0mBvz0DTFXE5vvE8yOYQWR0njIOKbZuB5
# A15FSIngJ+joE7MFjkxwkQwx5czjrG0GVfqSSK8WiL5yq2wxghnnMIIZ4wIBATB9
# MGkxCzAJBgNVBAYTAlVTMRcwFQYDVQQKEw5EaWdpQ2VydCwgSW5jLjFBMD8GA1UE
# AxM4RGlnaUNlcnQgVHJ1c3RlZCBHNCBDb2RlIFNpZ25pbmcgUlNBNDA5NiBTSEEz
# ODQgMjAyMSBDQTECEALHJW8P+/5y2kxuqqg11VUwDQYJYIZIAWUDBAIBBQCgfDAQ
# BgorBgEEAYI3AgEMMQIwADAZBgkqhkiG9w0BCQMxDAYKKwYBBAGCNwIBBDAcBgor
# BgEEAYI3AgELMQ4wDAYKKwYBBAGCNwIBFTAvBgkqhkiG9w0BCQQxIgQgW5Ej8brX
# 5YlTBkoyY2drpoCT/V57IcT8S8Iq8hJJVtswDQYJKoZIhvcNAQEBBQAEggGAt5Ty
# 7obsD/Z0ezG66VhUH0wII01W42R03uEEvqZg2YFV6D+kt5pnjZ4xSz+Vu0EP3eth
# tUZcpF/uZOeLC1OVhCW+/VaqTjLZChaMBxzvEIB+RoUcOnxUJL5d3Qd9TAbLpm6i
# nrm2KC4cgnNkRUsal37xBaTXPqoayv2ZGpkUtay8UkZzYinn3pKyjdWudevHInbO
# hRY0LFWi9O3PRE3/iyTCCFP63zkcZrIKCC3Qy4U0oFbXQOZ3DsnJtMuC/1j0tUb5
# veZmgGjgG1/UGR/55o/cI+NiFMpkodqgyV/td4qrOkLg4SVk8ULKkDNxlhLIjOxg
# WWYEyrEBr1L5BHO6MxmD9DLl2ysotevtX8WVt5wsgfY2pbGYx8nqFKBVPBhW26p/
# 33axLhgR8rNhhRRkU/W3uT1bW3x0sfssTaF6R3riQhrex27IJFPTLwOeJEQ5UhhE
# IMdmXSQYEPHEQ4RqUTISJsMJ8KZrwktxpETj0cH3mSkmhFIiMpVwaQ633m5qoYIX
# PTCCFzkGCisGAQQBgjcDAwExghcpMIIXJQYJKoZIhvcNAQcCoIIXFjCCFxICAQMx
# DzANBglghkgBZQMEAgEFADB3BgsqhkiG9w0BCRABBKBoBGYwZAIBAQYJYIZIAYb9
# bAcBMDEwDQYJYIZIAWUDBAIBBQAEIHZBTdEg6m7H1JWYSgkwZqZJca9sn4GAr8Tv
# //NRYrMmAhBBWvl/ekQTLH0fNK1QEpn/GA8yMDIyMTIyNDA5MjMyNlqgghMHMIIG
# wDCCBKigAwIBAgIQDE1pckuU+jwqSj0pB4A9WjANBgkqhkiG9w0BAQsFADBjMQsw
# CQYDVQQGEwJVUzEXMBUGA1UEChMORGlnaUNlcnQsIEluYy4xOzA5BgNVBAMTMkRp
# Z2lDZXJ0IFRydXN0ZWQgRzQgUlNBNDA5NiBTSEEyNTYgVGltZVN0YW1waW5nIENB
# MB4XDTIyMDkyMTAwMDAwMFoXDTMzMTEyMTIzNTk1OVowRjELMAkGA1UEBhMCVVMx
# ETAPBgNVBAoTCERpZ2lDZXJ0MSQwIgYDVQQDExtEaWdpQ2VydCBUaW1lc3RhbXAg
# MjAyMiAtIDIwggIiMA0GCSqGSIb3DQEBAQUAA4ICDwAwggIKAoICAQDP7KUmOsap
# 8mu7jcENmtuh6BSFdDMaJqzQHFUeHjZtvJJVDGH0nQl3PRWWCC9rZKT9BoMW15GS
# OBwxApb7crGXOlWvM+xhiummKNuQY1y9iVPgOi2Mh0KuJqTku3h4uXoW4VbGwLpk
# U7sqFudQSLuIaQyIxvG+4C99O7HKU41Agx7ny3JJKB5MgB6FVueF7fJhvKo6B332
# q27lZt3iXPUv7Y3UTZWEaOOAy2p50dIQkUYp6z4m8rSMzUy5Zsi7qlA4DeWMlF0Z
# Wr/1e0BubxaompyVR4aFeT4MXmaMGgokvpyq0py2909ueMQoP6McD1AGN7oI2TWm
# tR7aeFgdOej4TJEQln5N4d3CraV++C0bH+wrRhijGfY59/XBT3EuiQMRoku7mL/6
# T+R7Nu8GRORV/zbq5Xwx5/PCUsTmFntafqUlc9vAapkhLWPlWfVNL5AfJ7fSqxTl
# OGaHUQhr+1NDOdBk+lbP4PQK5hRtZHi7mP2Uw3Mh8y/CLiDXgazT8QfU4b3ZXUtu
# MZQpi+ZBpGWUwFjl5S4pkKa3YWT62SBsGFFguqaBDwklU/G/O+mrBw5qBzliGcnW
# hX8T2Y15z2LF7OF7ucxnEweawXjtxojIsG4yeccLWYONxu71LHx7jstkifGxxLjn
# U15fVdJ9GSlZA076XepFcxyEftfO4tQ6dwIDAQABo4IBizCCAYcwDgYDVR0PAQH/
# BAQDAgeAMAwGA1UdEwEB/wQCMAAwFgYDVR0lAQH/BAwwCgYIKwYBBQUHAwgwIAYD
# VR0gBBkwFzAIBgZngQwBBAIwC</Data><Data Name='ScriptBlockId'>03f28ea5-d179-4890-afff-fad8e6c7fb0c</Data><Data Name='Path'>C:\ProgramData\Amazon\EC2-Windows\Launch\Module\Scripts\Add-DnsSuffixList.ps1</Data></EventData></Event>
