<Event xmlns='http://schemas.microsoft.com/win/2004/08/events/event'><System><Provider Name='Microsoft-Windows-PowerShell' Guid='{a0c1853b-5c40-4b15-8766-3cf1c58f985a}'/><EventID>4104</EventID><Version>1</Version><Level>5</Level><Task>2</Task><Opcode>15</Opcode><Keywords>0x0</Keywords><TimeCreated SystemTime='2025-02-04T16:33:41.3943854Z'/><EventRecordID>515624</EventRecordID><Correlation ActivityID='{12356087-7406-0002-c445-37120674db01}'/><Execution ProcessID='7852' ThreadID='4156'/><Channel>Microsoft-Windows-PowerShell/Operational</Channel><Computer>ar-win-dc.attackrange.local</Computer><Security UserID='S-1-5-21-26273642-2342717390-2342477205-500'/></System><EventData><Data Name='MessageNumber'>1</Data><Data Name='MessageTotal'>3</Data><Data Name='ScriptBlockText'># Copyright (c) Microsoft Corporation.
# Licensed under the MIT license.

Set-StrictMode -Version Latest

function Invoke-SqlNotebook {

    [CmdletBinding(DefaultParameterSetName="ByConnectionParameters")]

    [Diagnostics.CodeAnalysis.SuppressMessageAttribute("PSUsePSCredentialType", "Username", Justification="Intentionally allowing User/Password, in addition to a PSCredential parameter.")]
    [Diagnostics.CodeAnalysis.SuppressMessageAttribute("PSAvoidUsingPlainTextForPassword", "Password", Justification="Intentionally allowing User/Password, in addition to a PSCredential parameter.")]
    [Diagnostics.CodeAnalysis.SuppressMessageAttribute("PSAvoidUsingUsernameAndPasswordParams", "", Justification="Intentionally allowing User/Password, in addition to a PSCredential parameter.")]

    # Parameters
    param(
        [Parameter(Mandatory = $false, ParameterSetName = 'ByConnectionParameters')]$ServerInstance,
        [Parameter(Mandatory = $false, ParameterSetName = 'ByConnectionParameters')]$Database,
        [Parameter(Mandatory = $false, ParameterSetName = 'ByConnectionParameters')][ValidateNotNullorEmpty()]$Username,
        [Parameter(Mandatory = $false, ParameterSetName = 'ByConnectionParameters')][ValidateNotNullorEmpty()]$Password,

        [Parameter(Mandatory = $false, ParameterSetName = 'ByConnectionString')][ValidateNotNullorEmpty()]$ConnectionString,
        [Parameter(Mandatory = $false, ParameterSetName = 'ByConnectionParameters')][ValidateNotNullorEmpty()][PSCredential]$Credential,
        [Parameter(Mandatory = $true, ParameterSetName='ByInputFile')]
        [Parameter(ParameterSetName = 'ByConnectionParameters')]
        [Parameter(ParameterSetName = 'ByConnectionString')]$InputFile,
        [Parameter(Mandatory = $true, ParameterSetName='ByInputObject')]
        [Parameter(ParameterSetName = 'ByConnectionParameters')]
        [Parameter(ParameterSetName = 'ByConnectionString')]$InputObject,
        [Parameter(Mandatory = $false)][ValidateNotNullorEmpty()]$OutputFile,

        [Parameter(Mandatory = $false, ParameterSetName = 'ByConnectionParameters')][ValidateNotNullorEmpty()][PSObject]$AccessToken,
        [Parameter(Mandatory = $false, ParameterSetName = 'ByConnectionParameters')][Switch]$TrustServerCertificate,
        [Parameter(Mandatory = $false, ParameterSetName = 'ByConnectionParameters')][ValidateSet("Mandatory", "Optional", "Strict")][string]$Encrypt,
        [Parameter(Mandatory = $false, ParameterSetName = 'ByConnectionParameters')][ValidateNotNull()][string]$HostNameInCertificate,

        [Switch]$Force
    )

    #Checks to see if OutputFile is given
    #If it is, checks to see if extension is there
    function getOutputFile($inputFile,$outputFile) {
        if($outputFile) {
            $extn = [IO.Path]::GetExtension($outputFile)
            if ($extn.Length -eq 0) {
                $outputFile = ($outputFile + ".ipynb")
            }
            $outputFile
        }
        else {
            #If User does not define Output it will use the inputFile file location
            $fileinfo = Get-Item $inputFile

            # Create an output file based on the file path of input and name
            Join-Path $fileinfo.DirectoryName ($fileinfo.BaseName + "_out" + $fileinfo.Extension)
        }
    }

    #Validates InputFile and Converts InputFile to Json Object
    function getFileContents($inputfile) {

        if (-not (Test-Path -Path $inputfile)) {
            Throw New-Object System.IO.FileNotFoundException ($inputfile + " does not exist")
        }

        $fileItem = Get-Item $inputfile

        #Checking if file is a python notebook
        if ($fileItem.Extension -ne ".ipynb") {
            Throw New-Object System.FormatException "Only ipynb files are supported"
        }

        $fileContent = Get-Content $inputfile
        try {
            $fileContentJson = ($fileContent | ConvertFrom-Json)
        }
        catch {
            Throw New-Object System.FormatException "Malformed Json file"
        }
        $fileContentJson
    }

    #Validate SQL Kernel Notebook
    function validateKernelType($fileContentJson) {
        if ($fileContentJson.metadata.kernelspec.name -ne "SQL") {
            Throw New-Object System.NotSupportedException "Kernel type '$($fileContentJson.metadata.kernelspec.name)' not supported."
        }
    }

    #Validate non-existing output file
    #If file exists and $throwifexists, an exception is thrown.
    function validateExistingOutputFile($outputfile, $throwifexists) {
        if ($outputfile -and (Test-Path $outputfile) -and $throwifexists) {
            Throw New-Object System.IO.IOException "The file '$($outputfile)' already exists. Please, specify -Force to overwrite it."
        }
    }

    #Parsing Notebook Data to Notebook Output
    function ParseTableToNotebookOutput {
        param (
            [System.Data.DataTable]
            $DataTable,

            [int]
            $CellExecutionCount
        )
        $TableHTMLText = "&lt;table&gt;"
        $TableSchemaFeilds = @()
        $TableHTMLText += "&lt;tr&gt;"
        foreach ($ColumnName in $DataTable.Columns) {
            $TableSchemaFeilds += @(@{name = $ColumnName.toString() })
            $TableHTMLText += "&lt;th&gt;" + $ColumnName.toString() + "&lt;/th&gt;"
        }
        $TableHTMLText += "&lt;/tr&gt;"
        $TableSchema = @{ }
        $TableSchema["fields"] = $TableSchemaFeilds

        $TableDataRows = @()
        foreach ($Row in $DataTable) {
            $TableDataRow = [ordered]@{ }
            $TableHTMLText += "&lt;tr&gt;"
            $i = 0
            foreach ($Cell in $Row.ItemArray) {
                $TableDataRow[$i.ToString()] = $Cell.toString()
                $TableHTMLText += "&lt;td&gt;" + $Cell.toString() + "&lt;/td&gt;"
                $i++
            }
            $TableHTMLText += "&lt;/tr&gt;"
            $TableDataRows += $TableDataRow
        }

        $TableDataResource = @{ }
        $TableDataResource["schema"] = $TableSchema
        $TableDataResource["data"] = $TableDataRows
        $TableData = @{ }
        $TableData["application/vnd.dataresource+json"] = $TableDataResource
        $TableData["text/html"] = $TableHTMLText
        $TableOutput = @{ }
        $TableOutput["output_type"] = "execute_result"
        $TableOutput["data"] = $TableData
        $TableOutput["metadata"] = @{ }
        $TableOutput["execution_count"] = $CellExecutionCount
        return $TableOutput
    }

    #Parsing the Error Messages to Notebook Output
    function ParseQueryErrorToNotebookOutput {
        param (
            $QueryError
        )
        &lt;#
        Following the current syntax of errors in T-SQL notebooks from ADS
        #&gt;
        $ErrorString = "Msg " + $QueryError.Exception.InnerException.Number +
        ", Level " + $QueryError.Exception.InnerException.Class +
        ", State " + $QueryError.Exception.InnerException.State +
        ", Line " + $QueryError.Exception.InnerException.LineNumber +
        "`r`n" + $QueryError.Exception.Message

        $ErrorOutput = @{ }
        $ErrorOutput["output_type"] = "error"
        $ErrorOutput["traceback"] = @()
        $ErrorOutput["evalue"] = $ErrorString
        return $ErrorOutput
    }

    #Parsing Messages to Notebook Output
    function ParseStringToNotebookOutput {
        param (
            [System.String]
            $InputString
        )
        &lt;#
        Parsing the string to notebook cell output.
        It's the standard Jupyter Syntax
        #&gt;
        $StringOutputData = @{ }
        $StringOutputData["text/html"] = $InputString
        $StringOutput = @{ }
        $StringOutput["output_type"] = "display_data"
        $StringOutput["data"] = $StringOutputData
        $StringOutput["metadata"] = @{ }
        return $StringOutput
    }

    #Start of Script
    #Checks to see if InputFile or InputObject was entered

    #Checks to InputFile Type and initializes OutputFile
    if ($InputFile -is [System.String]) {
        $fileInformation = getFileContents($InputFile)
        $fileContent = $fileInformation[0]
        $OutputFile = getOutputFile $InputFile $OutputFile
    } elseif ($InputFile -is [System.IO.FileInfo]) {
        $fileInformation = getFileContents($InputFile.FullName)
        $fileContent = $fileInformation[0]
        $OutputFile = getOutputFile $InputFile $OutputFile
    } else {
        $fileContent = $InputObject
    }

    #Checks InputObject and converts that to appropriate Json object
    if ($InputObject -is [System.String]) {
        $fileContentJson = ($InputObject | ConvertFrom-Json)
        $fileContent = $fileContentJson[0]
    }

    #Validates only SQL Notebooks
    validateKernelType $fileContent

    #Validate that $OutputFile does not exist, or, if it exists a -Force was passed in.
    validateExistingOutputFile $OutputFile (-not $Force)

    #Setting params for Invoke-Sqlcmd
    $DatabaseQueryHashTable = @{ }

    #Checks to see if User entered ConnectionString or individual parameters
    if ($ConnectionString) {
        $DatabaseQueryHashTable["ConnectionString"] = $ConnectionString
    } else {
        if ($ServerInstance) {
            $DatabaseQueryHashTable["ServerInstance"] = $ServerInstance
        }
        if ($Database) {
            $DatabaseQueryHashTable["Database"] = $Database
        }
        #Checks to see if User entered AccessToken, Credential, or individual parameters
        if ($AccessToken) {
            # Currently, Invoke-Sqlcmd only supports an -AccessToken of type [string]
            if ($AccessToken -is [string]) {
                $DatabaseQueryHashTable["AccessToken"] = $AccessToken
            } else {
                # Assume $AccessToken has a 'Token' member that is a string
                $DatabaseQueryHashTable["AccessToken"] = $AccessToken.Token
            }
        } else {
            if ($Credential) {
                $DatabaseQueryHashTable["Credential"] = $Credential
            } else {
                if ($Username) {
                    $DatabaseQueryHashTable["Username"] = $Username
                }
                if ($Password) {
                    $DatabaseQueryHashTable["Password"] = $Password
                }
            }
        }
        if ($Encrypt) {
            $DatabaseQueryHashTable["Encrypt"] = $Encrypt
        }
        if ($TrustServerCertificate) {
            $DatabaseQueryHashTable["TrustServerCertificate"] = $TrustServerCertificate
        }
        if ($HostNameInCertificate) {
            $DatabaseQueryHashTable["HostNameInCertificate"] = $HostNameInCertificate
        }
    }

    #Setting additional parameters for Invoke-SQLCMD to get
    #all the information from Notebook execution to output
    $DatabaseQueryHashTable["Verbose"] = $true
    $DatabaseQueryHashTable["ErrorVariable"] = "SqlQueryError"
    $DatabaseQueryHashTable["OutputAs"] = "DataTables"

    #The first code cell number
    $cellExecutionCount = 1
    #Iterate through Notebook Cells
    $fileContent.cells | Where-Object {
        # Ignoring Markdown or raw cells
        $_.cell_type -ne "markdown" -and $_.cell_type -ne "raw" -and $_.source -ne ""
    } | ForEach-Object {
        $NotebookCellOutputs = @()

        # Getting the source T-SQL from the cell
        # Note that the cell's source field can be
        # an array (or strings) or a scalar (string).
        # If an array, elements are properly terminated with CR/LF.
        $DatabaseQueryHashTable["Query"] = $_.source -join ''

        # Executing the T-SQL Query and storing the result and the time taken to execute
        $SqlQueryExecutionTime = Measure-Command {
            [Diagnostics.CodeAnalysis.SuppressMessageAttribute("PSUseDeclaredVarsMoreThanAssignments", "SqlQueryResult", Justification="Suppressing false warning.")]
            $SqlQueryResult = @( Invoke-Sqlcmd @DatabaseQueryHashTable -ErrorAction SilentlyContinue 4&gt;&amp;1)
        }

        # Setting the Notebook Cell Execution Count to increase count of each code cell
        # Note: handle the case where the 'execution_count' property is missing.
        if (-not ($_ | Get-Member execution_count)) {
            $_ | Add-Member -Name execution_count -Value $null -MemberType NoteProperty
        }
        $_.execution_count = $cellExecutionCount++

        $NotebookCellTableOutputs = @()

        &lt;#
        Iterating over the results by Invoke-Sqlcmd
        There are 2 types of errors:
        1. Verbose Output: Print Statements:
            These needs to be added to the beginning of the cell outputs
        2. Datatables from the database
            These needs to be added to the end of cell outputs
        #&gt;
        $SqlQueryResult | ForEach-Object {
            if ($_ -is [System.Management.Automation.VerboseRecord]) {
                # Adding the print statments to the cell outputs
                $NotebookCellOutputs += $(ParseStringToNotebookOutput($_.Message))
            } elseif ($_ -is [System.Data.DataTable]) {
                # Storing the print Tables into an array to be added later to the cell output
                $NotebookCellTableOutputs += $(ParseTableToNotebookOutput $_  $CellExecutionCount)
            } elseif ($_ -is [System.Data.DataRow]) {
                # Storing the print row into an array to be added later to the cell output
                $NotebookCellTableOutputs += $(ParseTableToNotebo</Data><Data Name='ScriptBlockId'>0422c59d-0c06-440c-9521-954a64be2056</Data><Data Name='Path'>C:\Program Files\WindowsPowerShell\Modules\SqlServer\22.3.0\SqlNotebook.psm1</Data></EventData></Event>
<Event xmlns='http://schemas.microsoft.com/win/2004/08/events/event'><System><Provider Name='Microsoft-Windows-PowerShell' Guid='{a0c1853b-5c40-4b15-8766-3cf1c58f985a}'/><EventID>4104</EventID><Version>1</Version><Level>5</Level><Task>2</Task><Opcode>15</Opcode><Keywords>0x0</Keywords><TimeCreated SystemTime='2025-02-04T16:33:41.3559848Z'/><EventRecordID>515617</EventRecordID><Correlation ActivityID='{12356087-7406-0000-e5ba-36120674db01}'/><Execution ProcessID='7852' ThreadID='4156'/><Channel>Microsoft-Windows-PowerShell/Operational</Channel><Computer>ar-win-dc.attackrange.local</Computer><Security UserID='S-1-5-21-26273642-2342717390-2342477205-500'/></System><EventData><Data Name='MessageNumber'>1</Data><Data Name='MessageTotal'>1</Data><Data Name='ScriptBlockText'>$ErrorActionPreference = 'Continue'
Write-Host 'Running: DataSet output test'
Invoke-Sqlcmd -ServerInstance 'localhost' -Database 'master' -Username 'sa' -Password 'ComplexPass123!' -Query 'SELECT name, database_id FROM sys.databases' -OutputAs DataSet -TrustServerCertificate</Data><Data Name='ScriptBlockId'>36997585-bf6b-437e-a38e-efd2d317214f</Data><Data Name='Path'></Data></EventData></Event>
<Event xmlns='http://schemas.microsoft.com/win/2004/08/events/event'><System><Provider Name='Microsoft-Windows-PowerShell' Guid='{a0c1853b-5c40-4b15-8766-3cf1c58f985a}'/><EventID>4104</EventID><Version>1</Version><Level>5</Level><Task>2</Task><Opcode>15</Opcode><Keywords>0x0</Keywords><TimeCreated SystemTime='2025-02-04T16:33:38.3120816Z'/><EventRecordID>515411</EventRecordID><Correlation ActivityID='{12356087-7406-0000-5dba-36120674db01}'/><Execution ProcessID='1776' ThreadID='120'/><Channel>Microsoft-Windows-PowerShell/Operational</Channel><Computer>ar-win-dc.attackrange.local</Computer><Security UserID='S-1-5-21-26273642-2342717390-2342477205-500'/></System><EventData><Data Name='MessageNumber'>1</Data><Data Name='MessageTotal'>1</Data><Data Name='ScriptBlockText'>$ErrorActionPreference = 'Continue'
Write-Host 'Running: Authentication test'
Invoke-Sqlcmd -ServerInstance 'localhost' -Database 'master' -Username 'sa' -Password 'ComplexPass123!' -Query 'SELECT SYSTEM_USER AS CurrentUser' -TrustServerCertificate</Data><Data Name='ScriptBlockId'>dff62672-595c-4175-8c54-dac682f299ff</Data><Data Name='Path'></Data></EventData></Event>
<Event xmlns='http://schemas.microsoft.com/win/2004/08/events/event'><System><Provider Name='Microsoft-Windows-PowerShell' Guid='{a0c1853b-5c40-4b15-8766-3cf1c58f985a}'/><EventID>4104</EventID><Version>1</Version><Level>5</Level><Task>2</Task><Opcode>15</Opcode><Keywords>0x0</Keywords><TimeCreated SystemTime='2025-02-04T16:33:35.2856338Z'/><EventRecordID>515204</EventRecordID><Correlation ActivityID='{12356087-7406-0000-e9b9-36120674db01}'/><Execution ProcessID='2832' ThreadID='3012'/><Channel>Microsoft-Windows-PowerShell/Operational</Channel><Computer>ar-win-dc.attackrange.local</Computer><Security UserID='S-1-5-21-26273642-2342717390-2342477205-500'/></System><EventData><Data Name='MessageNumber'>1</Data><Data Name='MessageTotal'>1</Data><Data Name='ScriptBlockText'>$ErrorActionPreference = 'Continue'
Write-Host 'Running: Basic version query'
Invoke-Sqlcmd -ServerInstance 'localhost' -Database 'master' -Username 'sa' -Password 'ComplexPass123!' -Query 'SELECT @@version' -TrustServerCertificate</Data><Data Name='ScriptBlockId'>6a629aed-836d-4ec6-86d7-459996c5f94e</Data><Data Name='Path'></Data></EventData></Event>
<Event xmlns='http://schemas.microsoft.com/win/2004/08/events/event'><System><Provider Name='Microsoft-Windows-PowerShell' Guid='{a0c1853b-5c40-4b15-8766-3cf1c58f985a}'/><EventID>4104</EventID><Version>1</Version><Level>5</Level><Task>2</Task><Opcode>15</Opcode><Keywords>0x0</Keywords><TimeCreated SystemTime='2025-02-04T16:32:14.9623251Z'/><EventRecordID>514985</EventRecordID><Correlation ActivityID='{12356087-7406-0005-8dfd-36120674db01}'/><Execution ProcessID='8104' ThreadID='120'/><Channel>Microsoft-Windows-PowerShell/Operational</Channel><Computer>ar-win-dc.attackrange.local</Computer><Security UserID='S-1-5-21-26273642-2342717390-2342477205-500'/></System><EventData><Data Name='MessageNumber'>1</Data><Data Name='MessageTotal'>1</Data><Data Name='ScriptBlockText'>$ErrorActionPreference = 'Continue'
Write-Host 'Running: System principals query'
Invoke-Sqlcmd -ServerInstance 'localhost' -Database 'master' -Username 'sa' -Password 'ComplexPass123!' -Query 'SELECT name, type_desc FROM sys.server_principals' -TrustServerCertificate</Data><Data Name='ScriptBlockId'>f8dc491c-1a34-4952-90d0-64047278a2fd</Data><Data Name='Path'></Data></EventData></Event>
<Event xmlns='http://schemas.microsoft.com/win/2004/08/events/event'><System><Provider Name='Microsoft-Windows-PowerShell' Guid='{a0c1853b-5c40-4b15-8766-3cf1c58f985a}'/><EventID>4104</EventID><Version>1</Version><Level>5</Level><Task>2</Task><Opcode>15</Opcode><Keywords>0x0</Keywords><TimeCreated SystemTime='2025-02-04T16:32:11.9881571Z'/><EventRecordID>514784</EventRecordID><Correlation ActivityID='{12356087-7406-0002-f844-37120674db01}'/><Execution ProcessID='6496' ThreadID='8096'/><Channel>Microsoft-Windows-PowerShell/Operational</Channel><Computer>ar-win-dc.attackrange.local</Computer><Security UserID='S-1-5-21-26273642-2342717390-2342477205-500'/></System><EventData><Data Name='MessageNumber'>1</Data><Data Name='MessageTotal'>3</Data><Data Name='ScriptBlockText'># Copyright (c) Microsoft Corporation.
# Licensed under the MIT license.

Set-StrictMode -Version Latest

function Invoke-SqlNotebook {

    [CmdletBinding(DefaultParameterSetName="ByConnectionParameters")]

    [Diagnostics.CodeAnalysis.SuppressMessageAttribute("PSUsePSCredentialType", "Username", Justification="Intentionally allowing User/Password, in addition to a PSCredential parameter.")]
    [Diagnostics.CodeAnalysis.SuppressMessageAttribute("PSAvoidUsingPlainTextForPassword", "Password", Justification="Intentionally allowing User/Password, in addition to a PSCredential parameter.")]
    [Diagnostics.CodeAnalysis.SuppressMessageAttribute("PSAvoidUsingUsernameAndPasswordParams", "", Justification="Intentionally allowing User/Password, in addition to a PSCredential parameter.")]

    # Parameters
    param(
        [Parameter(Mandatory = $false, ParameterSetName = 'ByConnectionParameters')]$ServerInstance,
        [Parameter(Mandatory = $false, ParameterSetName = 'ByConnectionParameters')]$Database,
        [Parameter(Mandatory = $false, ParameterSetName = 'ByConnectionParameters')][ValidateNotNullorEmpty()]$Username,
        [Parameter(Mandatory = $false, ParameterSetName = 'ByConnectionParameters')][ValidateNotNullorEmpty()]$Password,

        [Parameter(Mandatory = $false, ParameterSetName = 'ByConnectionString')][ValidateNotNullorEmpty()]$ConnectionString,
        [Parameter(Mandatory = $false, ParameterSetName = 'ByConnectionParameters')][ValidateNotNullorEmpty()][PSCredential]$Credential,
        [Parameter(Mandatory = $true, ParameterSetName='ByInputFile')]
        [Parameter(ParameterSetName = 'ByConnectionParameters')]
        [Parameter(ParameterSetName = 'ByConnectionString')]$InputFile,
        [Parameter(Mandatory = $true, ParameterSetName='ByInputObject')]
        [Parameter(ParameterSetName = 'ByConnectionParameters')]
        [Parameter(ParameterSetName = 'ByConnectionString')]$InputObject,
        [Parameter(Mandatory = $false)][ValidateNotNullorEmpty()]$OutputFile,

        [Parameter(Mandatory = $false, ParameterSetName = 'ByConnectionParameters')][ValidateNotNullorEmpty()][PSObject]$AccessToken,
        [Parameter(Mandatory = $false, ParameterSetName = 'ByConnectionParameters')][Switch]$TrustServerCertificate,
        [Parameter(Mandatory = $false, ParameterSetName = 'ByConnectionParameters')][ValidateSet("Mandatory", "Optional", "Strict")][string]$Encrypt,
        [Parameter(Mandatory = $false, ParameterSetName = 'ByConnectionParameters')][ValidateNotNull()][string]$HostNameInCertificate,

        [Switch]$Force
    )

    #Checks to see if OutputFile is given
    #If it is, checks to see if extension is there
    function getOutputFile($inputFile,$outputFile) {
        if($outputFile) {
            $extn = [IO.Path]::GetExtension($outputFile)
            if ($extn.Length -eq 0) {
                $outputFile = ($outputFile + ".ipynb")
            }
            $outputFile
        }
        else {
            #If User does not define Output it will use the inputFile file location
            $fileinfo = Get-Item $inputFile

            # Create an output file based on the file path of input and name
            Join-Path $fileinfo.DirectoryName ($fileinfo.BaseName + "_out" + $fileinfo.Extension)
        }
    }

    #Validates InputFile and Converts InputFile to Json Object
    function getFileContents($inputfile) {

        if (-not (Test-Path -Path $inputfile)) {
            Throw New-Object System.IO.FileNotFoundException ($inputfile + " does not exist")
        }

        $fileItem = Get-Item $inputfile

        #Checking if file is a python notebook
        if ($fileItem.Extension -ne ".ipynb") {
            Throw New-Object System.FormatException "Only ipynb files are supported"
        }

        $fileContent = Get-Content $inputfile
        try {
            $fileContentJson = ($fileContent | ConvertFrom-Json)
        }
        catch {
            Throw New-Object System.FormatException "Malformed Json file"
        }
        $fileContentJson
    }

    #Validate SQL Kernel Notebook
    function validateKernelType($fileContentJson) {
        if ($fileContentJson.metadata.kernelspec.name -ne "SQL") {
            Throw New-Object System.NotSupportedException "Kernel type '$($fileContentJson.metadata.kernelspec.name)' not supported."
        }
    }

    #Validate non-existing output file
    #If file exists and $throwifexists, an exception is thrown.
    function validateExistingOutputFile($outputfile, $throwifexists) {
        if ($outputfile -and (Test-Path $outputfile) -and $throwifexists) {
            Throw New-Object System.IO.IOException "The file '$($outputfile)' already exists. Please, specify -Force to overwrite it."
        }
    }

    #Parsing Notebook Data to Notebook Output
    function ParseTableToNotebookOutput {
        param (
            [System.Data.DataTable]
            $DataTable,

            [int]
            $CellExecutionCount
        )
        $TableHTMLText = "&lt;table&gt;"
        $TableSchemaFeilds = @()
        $TableHTMLText += "&lt;tr&gt;"
        foreach ($ColumnName in $DataTable.Columns) {
            $TableSchemaFeilds += @(@{name = $ColumnName.toString() })
            $TableHTMLText += "&lt;th&gt;" + $ColumnName.toString() + "&lt;/th&gt;"
        }
        $TableHTMLText += "&lt;/tr&gt;"
        $TableSchema = @{ }
        $TableSchema["fields"] = $TableSchemaFeilds

        $TableDataRows = @()
        foreach ($Row in $DataTable) {
            $TableDataRow = [ordered]@{ }
            $TableHTMLText += "&lt;tr&gt;"
            $i = 0
            foreach ($Cell in $Row.ItemArray) {
                $TableDataRow[$i.ToString()] = $Cell.toString()
                $TableHTMLText += "&lt;td&gt;" + $Cell.toString() + "&lt;/td&gt;"
                $i++
            }
            $TableHTMLText += "&lt;/tr&gt;"
            $TableDataRows += $TableDataRow
        }

        $TableDataResource = @{ }
        $TableDataResource["schema"] = $TableSchema
        $TableDataResource["data"] = $TableDataRows
        $TableData = @{ }
        $TableData["application/vnd.dataresource+json"] = $TableDataResource
        $TableData["text/html"] = $TableHTMLText
        $TableOutput = @{ }
        $TableOutput["output_type"] = "execute_result"
        $TableOutput["data"] = $TableData
        $TableOutput["metadata"] = @{ }
        $TableOutput["execution_count"] = $CellExecutionCount
        return $TableOutput
    }

    #Parsing the Error Messages to Notebook Output
    function ParseQueryErrorToNotebookOutput {
        param (
            $QueryError
        )
        &lt;#
        Following the current syntax of errors in T-SQL notebooks from ADS
        #&gt;
        $ErrorString = "Msg " + $QueryError.Exception.InnerException.Number +
        ", Level " + $QueryError.Exception.InnerException.Class +
        ", State " + $QueryError.Exception.InnerException.State +
        ", Line " + $QueryError.Exception.InnerException.LineNumber +
        "`r`n" + $QueryError.Exception.Message

        $ErrorOutput = @{ }
        $ErrorOutput["output_type"] = "error"
        $ErrorOutput["traceback"] = @()
        $ErrorOutput["evalue"] = $ErrorString
        return $ErrorOutput
    }

    #Parsing Messages to Notebook Output
    function ParseStringToNotebookOutput {
        param (
            [System.String]
            $InputString
        )
        &lt;#
        Parsing the string to notebook cell output.
        It's the standard Jupyter Syntax
        #&gt;
        $StringOutputData = @{ }
        $StringOutputData["text/html"] = $InputString
        $StringOutput = @{ }
        $StringOutput["output_type"] = "display_data"
        $StringOutput["data"] = $StringOutputData
        $StringOutput["metadata"] = @{ }
        return $StringOutput
    }

    #Start of Script
    #Checks to see if InputFile or InputObject was entered

    #Checks to InputFile Type and initializes OutputFile
    if ($InputFile -is [System.String]) {
        $fileInformation = getFileContents($InputFile)
        $fileContent = $fileInformation[0]
        $OutputFile = getOutputFile $InputFile $OutputFile
    } elseif ($InputFile -is [System.IO.FileInfo]) {
        $fileInformation = getFileContents($InputFile.FullName)
        $fileContent = $fileInformation[0]
        $OutputFile = getOutputFile $InputFile $OutputFile
    } else {
        $fileContent = $InputObject
    }

    #Checks InputObject and converts that to appropriate Json object
    if ($InputObject -is [System.String]) {
        $fileContentJson = ($InputObject | ConvertFrom-Json)
        $fileContent = $fileContentJson[0]
    }

    #Validates only SQL Notebooks
    validateKernelType $fileContent

    #Validate that $OutputFile does not exist, or, if it exists a -Force was passed in.
    validateExistingOutputFile $OutputFile (-not $Force)

    #Setting params for Invoke-Sqlcmd
    $DatabaseQueryHashTable = @{ }

    #Checks to see if User entered ConnectionString or individual parameters
    if ($ConnectionString) {
        $DatabaseQueryHashTable["ConnectionString"] = $ConnectionString
    } else {
        if ($ServerInstance) {
            $DatabaseQueryHashTable["ServerInstance"] = $ServerInstance
        }
        if ($Database) {
            $DatabaseQueryHashTable["Database"] = $Database
        }
        #Checks to see if User entered AccessToken, Credential, or individual parameters
        if ($AccessToken) {
            # Currently, Invoke-Sqlcmd only supports an -AccessToken of type [string]
            if ($AccessToken -is [string]) {
                $DatabaseQueryHashTable["AccessToken"] = $AccessToken
            } else {
                # Assume $AccessToken has a 'Token' member that is a string
                $DatabaseQueryHashTable["AccessToken"] = $AccessToken.Token
            }
        } else {
            if ($Credential) {
                $DatabaseQueryHashTable["Credential"] = $Credential
            } else {
                if ($Username) {
                    $DatabaseQueryHashTable["Username"] = $Username
                }
                if ($Password) {
                    $DatabaseQueryHashTable["Password"] = $Password
                }
            }
        }
        if ($Encrypt) {
            $DatabaseQueryHashTable["Encrypt"] = $Encrypt
        }
        if ($TrustServerCertificate) {
            $DatabaseQueryHashTable["TrustServerCertificate"] = $TrustServerCertificate
        }
        if ($HostNameInCertificate) {
            $DatabaseQueryHashTable["HostNameInCertificate"] = $HostNameInCertificate
        }
    }

    #Setting additional parameters for Invoke-SQLCMD to get
    #all the information from Notebook execution to output
    $DatabaseQueryHashTable["Verbose"] = $true
    $DatabaseQueryHashTable["ErrorVariable"] = "SqlQueryError"
    $DatabaseQueryHashTable["OutputAs"] = "DataTables"

    #The first code cell number
    $cellExecutionCount = 1
    #Iterate through Notebook Cells
    $fileContent.cells | Where-Object {
        # Ignoring Markdown or raw cells
        $_.cell_type -ne "markdown" -and $_.cell_type -ne "raw" -and $_.source -ne ""
    } | ForEach-Object {
        $NotebookCellOutputs = @()

        # Getting the source T-SQL from the cell
        # Note that the cell's source field can be
        # an array (or strings) or a scalar (string).
        # If an array, elements are properly terminated with CR/LF.
        $DatabaseQueryHashTable["Query"] = $_.source -join ''

        # Executing the T-SQL Query and storing the result and the time taken to execute
        $SqlQueryExecutionTime = Measure-Command {
            [Diagnostics.CodeAnalysis.SuppressMessageAttribute("PSUseDeclaredVarsMoreThanAssignments", "SqlQueryResult", Justification="Suppressing false warning.")]
            $SqlQueryResult = @( Invoke-Sqlcmd @DatabaseQueryHashTable -ErrorAction SilentlyContinue 4&gt;&amp;1)
        }

        # Setting the Notebook Cell Execution Count to increase count of each code cell
        # Note: handle the case where the 'execution_count' property is missing.
        if (-not ($_ | Get-Member execution_count)) {
            $_ | Add-Member -Name execution_count -Value $null -MemberType NoteProperty
        }
        $_.execution_count = $cellExecutionCount++

        $NotebookCellTableOutputs = @()

        &lt;#
        Iterating over the results by Invoke-Sqlcmd
        There are 2 types of errors:
        1. Verbose Output: Print Statements:
            These needs to be added to the beginning of the cell outputs
        2. Datatables from the database
            These needs to be added to the end of cell outputs
        #&gt;
        $SqlQueryResult | ForEach-Object {
            if ($_ -is [System.Management.Automation.VerboseRecord]) {
                # Adding the print statments to the cell outputs
                $NotebookCellOutputs += $(ParseStringToNotebookOutput($_.Message))
            } elseif ($_ -is [System.Data.DataTable]) {
                # Storing the print Tables into an array to be added later to the cell output
                $NotebookCellTableOutputs += $(ParseTableToNotebookOutput $_  $CellExecutionCount)
            } elseif ($_ -is [System.Data.DataRow]) {
                # Storing the print row into an array to be added later to the cell output
                $NotebookCellTableOutputs += $(ParseTableToNotebookOutput $_.Table  $CellExecutionCount)
            }
        }

        if ($SqlQueryError) {
            # Adding the parsed query error from Invoke-Sqlcmd
            $NotebookCellOutputs += $(ParseQueryErrorToNotebookOutput($SqlQueryError))
        }

        if ($SqlQueryExecutionTime) {
            # Adding the parsed execution time from Measure-Command
            $NotebookCellExcutionTimeString = "Tot</Data><Data Name='ScriptBlockId'>b86ae804-92fc-4fe9-b8f8-de67ab003023</Data><Data Name='Path'>C:\Program Files\WindowsPowerShell\Modules\SqlServer\22.3.0\SqlNotebook.psm1</Data></EventData></Event>
<Event xmlns='http://schemas.microsoft.com/win/2004/08/events/event'><System><Provider Name='Microsoft-Windows-PowerShell' Guid='{a0c1853b-5c40-4b15-8766-3cf1c58f985a}'/><EventID>4104</EventID><Version>1</Version><Level>5</Level><Task>2</Task><Opcode>15</Opcode><Keywords>0x0</Keywords><TimeCreated SystemTime='2025-02-04T16:32:11.9496366Z'/><EventRecordID>514777</EventRecordID><Correlation ActivityID='{12356087-7406-0000-3eb8-36120674db01}'/><Execution ProcessID='6496' ThreadID='8096'/><Channel>Microsoft-Windows-PowerShell/Operational</Channel><Computer>ar-win-dc.attackrange.local</Computer><Security UserID='S-1-5-21-26273642-2342717390-2342477205-500'/></System><EventData><Data Name='MessageNumber'>1</Data><Data Name='MessageTotal'>1</Data><Data Name='ScriptBlockText'>$ErrorActionPreference = 'Continue'
Write-Host 'Running: DataSet output test'
Invoke-Sqlcmd -ServerInstance 'localhost' -Database 'master' -Username 'sa' -Password 'ComplexPass123!' -Query 'SELECT name, database_id FROM sys.databases' -OutputAs DataSet -TrustServerCertificate</Data><Data Name='ScriptBlockId'>953384de-92d7-47a9-8d65-5cbf116c7668</Data><Data Name='Path'></Data></EventData></Event>
