<Event xmlns='http://schemas.microsoft.com/win/2004/08/events/event'><System><Provider Name='Microsoft-Windows-Sysmon' Guid='{5770385F-C22A-43E0-BF4C-06F5698FFBD9}'/><EventID>13</EventID><Version>2</Version><Level>4</Level><Task>13</Task><Opcode>0</Opcode><Keywords>0x8000000000000000</Keywords><TimeCreated SystemTime='2023-09-14T09:18:00.420957800Z'/><EventRecordID>60204</EventRecordID><Correlation/><Execution ProcessID='2444' ThreadID='2820'/><Channel>Microsoft-Windows-Sysmon/Operational</Channel><Computer>ar-win-dc.attackrange.local</Computer><Security UserID='S-1-5-18'/></System><EventData><Data Name='RuleName'>T1060,RunKey</Data><Data Name='EventType'>SetValue</Data><Data Name='UtcTime'>2023-09-14 09:18:00.420</Data><Data Name='ProcessGuid'>{8814F3F5-CD65-6502-6A02-000000000F03}</Data><Data Name='ProcessId'>3764</Data><Data Name='Image'>C:\Users\Administrator\AppData\Local\Temp\server.com</Data><Data Name='TargetObject'>HKU\S-1-5-21-2571799417-433382502-1180051742-500\SOFTWARE\Microsoft\Windows\CurrentVersion\Run\0ff91641118b8ba71feb1aa87725fe56</Data><Data Name='Details'>"C:\Users\Administrator\AppData\Local\Temp\server.com" ..</Data><Data Name='User'>ATTACKRANGE\Administrator</Data></EventData></Event>
<Event xmlns='http://schemas.microsoft.com/win/2004/08/events/event'><System><Provider Name='Microsoft-Windows-Sysmon' Guid='{5770385F-C22A-43E0-BF4C-06F5698FFBD9}'/><EventID>13</EventID><Version>2</Version><Level>4</Level><Task>13</Task><Opcode>0</Opcode><Keywords>0x8000000000000000</Keywords><TimeCreated SystemTime='2023-09-14T09:17:59.405395800Z'/><EventRecordID>60202</EventRecordID><Correlation/><Execution ProcessID='2444' ThreadID='2820'/><Channel>Microsoft-Windows-Sysmon/Operational</Channel><Computer>ar-win-dc.attackrange.local</Computer><Security UserID='S-1-5-18'/></System><EventData><Data Name='RuleName'>T1060,RunKey</Data><Data Name='EventType'>SetValue</Data><Data Name='UtcTime'>2023-09-14 09:17:59.404</Data><Data Name='ProcessGuid'>{8814F3F5-CD65-6502-6A02-000000000F03}</Data><Data Name='ProcessId'>3764</Data><Data Name='Image'>C:\Users\Administrator\AppData\Local\Temp\server.com</Data><Data Name='TargetObject'>HKLM\SOFTWARE\WOW6432Node\Microsoft\Windows\CurrentVersion\Run\0ff91641118b8ba71feb1aa87725fe56</Data><Data Name='Details'>"C:\Users\Administrator\AppData\Local\Temp\server.com" ..</Data><Data Name='User'>ATTACKRANGE\Administrator</Data></EventData></Event>
<Event xmlns='http://schemas.microsoft.com/win/2004/08/events/event'><System><Provider Name='Microsoft-Windows-Sysmon' Guid='{5770385F-C22A-43E0-BF4C-06F5698FFBD9}'/><EventID>13</EventID><Version>2</Version><Level>4</Level><Task>13</Task><Opcode>0</Opcode><Keywords>0x8000000000000000</Keywords><TimeCreated SystemTime='2023-09-14T09:17:59.405337600Z'/><EventRecordID>60201</EventRecordID><Correlation/><Execution ProcessID='2444' ThreadID='2820'/><Channel>Microsoft-Windows-Sysmon/Operational</Channel><Computer>ar-win-dc.attackrange.local</Computer><Security UserID='S-1-5-18'/></System><EventData><Data Name='RuleName'>T1060,RunKey</Data><Data Name='EventType'>SetValue</Data><Data Name='UtcTime'>2023-09-14 09:17:59.404</Data><Data Name='ProcessGuid'>{8814F3F5-CD65-6502-6A02-000000000F03}</Data><Data Name='ProcessId'>3764</Data><Data Name='Image'>C:\Users\Administrator\AppData\Local\Temp\server.com</Data><Data Name='TargetObject'>HKU\S-1-5-21-2571799417-433382502-1180051742-500\SOFTWARE\Microsoft\Windows\CurrentVersion\Run\0ff91641118b8ba71feb1aa87725fe56</Data><Data Name='Details'>"C:\Users\Administrator\AppData\Local\Temp\server.com" ..</Data><Data Name='User'>ATTACKRANGE\Administrator</Data></EventData></Event>
<Event xmlns='http://schemas.microsoft.com/win/2004/08/events/event'><System><Provider Name='Microsoft-Windows-Sysmon' Guid='{5770385F-C22A-43E0-BF4C-06F5698FFBD9}'/><EventID>13</EventID><Version>2</Version><Level>4</Level><Task>13</Task><Opcode>0</Opcode><Keywords>0x8000000000000000</Keywords><TimeCreated SystemTime='2023-09-14T09:17:58.389864900Z'/><EventRecordID>60200</EventRecordID><Correlation/><Execution ProcessID='2444' ThreadID='2820'/><Channel>Microsoft-Windows-Sysmon/Operational</Channel><Computer>ar-win-dc.attackrange.local</Computer><Security UserID='S-1-5-18'/></System><EventData><Data Name='RuleName'>T1060,RunKey</Data><Data Name='EventType'>SetValue</Data><Data Name='UtcTime'>2023-09-14 09:17:58.389</Data><Data Name='ProcessGuid'>{8814F3F5-CD65-6502-6A02-000000000F03}</Data><Data Name='ProcessId'>3764</Data><Data Name='Image'>C:\Users\Administrator\AppData\Local\Temp\server.com</Data><Data Name='TargetObject'>HKLM\SOFTWARE\WOW6432Node\Microsoft\Windows\CurrentVersion\Run\0ff91641118b8ba71feb1aa87725fe56</Data><Data Name='Details'>"C:\Users\Administrator\AppData\Local\Temp\server.com" ..</Data><Data Name='User'>ATTACKRANGE\Administrator</Data></EventData></Event>
<Event xmlns='http://schemas.microsoft.com/win/2004/08/events/event'><System><Provider Name='Microsoft-Windows-Sysmon' Guid='{5770385F-C22A-43E0-BF4C-06F5698FFBD9}'/><EventID>13</EventID><Version>2</Version><Level>4</Level><Task>13</Task><Opcode>0</Opcode><Keywords>0x8000000000000000</Keywords><TimeCreated SystemTime='2023-09-14T09:17:58.389790300Z'/><EventRecordID>60199</EventRecordID><Correlation/><Execution ProcessID='2444' ThreadID='2820'/><Channel>Microsoft-Windows-Sysmon/Operational</Channel><Computer>ar-win-dc.attackrange.local</Computer><Security UserID='S-1-5-18'/></System><EventData><Data Name='RuleName'>T1060,RunKey</Data><Data Name='EventType'>SetValue</Data><Data Name='UtcTime'>2023-09-14 09:17:58.389</Data><Data Name='ProcessGuid'>{8814F3F5-CD65-6502-6A02-000000000F03}</Data><Data Name='ProcessId'>3764</Data><Data Name='Image'>C:\Users\Administrator\AppData\Local\Temp\server.com</Data><Data Name='TargetObject'>HKU\S-1-5-21-2571799417-433382502-1180051742-500\SOFTWARE\Microsoft\Windows\CurrentVersion\Run\0ff91641118b8ba71feb1aa87725fe56</Data><Data Name='Details'>"C:\Users\Administrator\AppData\Local\Temp\server.com" ..</Data><Data Name='User'>ATTACKRANGE\Administrator</Data></EventData></Event>
<Event xmlns='http://schemas.microsoft.com/win/2004/08/events/event'><System><Provider Name='Microsoft-Windows-Sysmon' Guid='{5770385F-C22A-43E0-BF4C-06F5698FFBD9}'/><EventID>13</EventID><Version>2</Version><Level>4</Level><Task>13</Task><Opcode>0</Opcode><Keywords>0x8000000000000000</Keywords><TimeCreated SystemTime='2023-09-14T09:17:57.374385500Z'/><EventRecordID>60194</EventRecordID><Correlation/><Execution ProcessID='2444' ThreadID='2820'/><Channel>Microsoft-Windows-Sysmon/Operational</Channel><Computer>ar-win-dc.attackrange.local</Computer><Security UserID='S-1-5-18'/></System><EventData><Data Name='RuleName'>T1060,RunKey</Data><Data Name='EventType'>SetValue</Data><Data Name='UtcTime'>2023-09-14 09:17:57.373</Data><Data Name='ProcessGuid'>{8814F3F5-CD65-6502-6A02-000000000F03}</Data><Data Name='ProcessId'>3764</Data><Data Name='Image'>C:\Users\Administrator\AppData\Local\Temp\server.com</Data><Data Name='TargetObject'>HKLM\SOFTWARE\WOW6432Node\Microsoft\Windows\CurrentVersion\Run\0ff91641118b8ba71feb1aa87725fe56</Data><Data Name='Details'>"C:\Users\Administrator\AppData\Local\Temp\server.com" ..</Data><Data Name='User'>ATTACKRANGE\Administrator</Data></EventData></Event>
<Event xmlns='http://schemas.microsoft.com/win/2004/08/events/event'><System><Provider Name='Microsoft-Windows-Sysmon' Guid='{5770385F-C22A-43E0-BF4C-06F5698FFBD9}'/><EventID>13</EventID><Version>2</Version><Level>4</Level><Task>13</Task><Opcode>0</Opcode><Keywords>0x8000000000000000</Keywords><TimeCreated SystemTime='2023-09-14T09:17:57.374188900Z'/><EventRecordID>60193</EventRecordID><Correlation/><Execution ProcessID='2444' ThreadID='2820'/><Channel>Microsoft-Windows-Sysmon/Operational</Channel><Computer>ar-win-dc.attackrange.local</Computer><Security UserID='S-1-5-18'/></System><EventData><Data Name='RuleName'>T1060,RunKey</Data><Data Name='EventType'>SetValue</Data><Data Name='UtcTime'>2023-09-14 09:17:57.373</Data><Data Name='ProcessGuid'>{8814F3F5-CD65-6502-6A02-000000000F03}</Data><Data Name='ProcessId'>3764</Data><Data Name='Image'>C:\Users\Administrator\AppData\Local\Temp\server.com</Data><Data Name='TargetObject'>HKU\S-1-5-21-2571799417-433382502-1180051742-500\SOFTWARE\Microsoft\Windows\CurrentVersion\Run\0ff91641118b8ba71feb1aa87725fe56</Data><Data Name='Details'>"C:\Users\Administrator\AppData\Local\Temp\server.com" ..</Data><Data Name='User'>ATTACKRANGE\Administrator</Data></EventData></Event>
<Event xmlns='http://schemas.microsoft.com/win/2004/08/events/event'><System><Provider Name='Microsoft-Windows-Sysmon' Guid='{5770385F-C22A-43E0-BF4C-06F5698FFBD9}'/><EventID>13</EventID><Version>2</Version><Level>4</Level><Task>13</Task><Opcode>0</Opcode><Keywords>0x8000000000000000</Keywords><TimeCreated SystemTime='2023-09-14T09:17:56.358724300Z'/><EventRecordID>60191</EventRecordID><Correlation/><Execution ProcessID='2444' ThreadID='2820'/><Channel>Microsoft-Windows-Sysmon/Operational</Channel><Computer>ar-win-dc.attackrange.local</Computer><Security UserID='S-1-5-18'/></System><EventData><Data Name='RuleName'>T1060,RunKey</Data><Data Name='EventType'>SetValue</Data><Data Name='UtcTime'>2023-09-14 09:17:56.358</Data><Data Name='ProcessGuid'>{8814F3F5-CD65-6502-6A02-000000000F03}</Data><Data Name='ProcessId'>3764</Data><Data Name='Image'>C:\Users\Administrator\AppData\Local\Temp\server.com</Data><Data Name='TargetObject'>HKLM\SOFTWARE\WOW6432Node\Microsoft\Windows\CurrentVersion\Run\0ff91641118b8ba71feb1aa87725fe56</Data><Data Name='Details'>"C:\Users\Administrator\AppData\Local\Temp\server.com" ..</Data><Data Name='User'>ATTACKRANGE\Administrator</Data></EventData></Event>
<Event xmlns='http://schemas.microsoft.com/win/2004/08/events/event'><System><Provider Name='Microsoft-Windows-Sysmon' Guid='{5770385F-C22A-43E0-BF4C-06F5698FFBD9}'/><EventID>13</EventID><Version>2</Version><Level>4</Level><Task>13</Task><Opcode>0</Opcode><Keywords>0x8000000000000000</Keywords><TimeCreated SystemTime='2023-09-14T09:17:56.358649000Z'/><EventRecordID>60190</EventRecordID><Correlation/><Execution ProcessID='2444' ThreadID='2820'/><Channel>Microsoft-Windows-Sysmon/Operational</Channel><Computer>ar-win-dc.attackrange.local</Computer><Security UserID='S-1-5-18'/></System><EventData><Data Name='RuleName'>T1060,RunKey</Data><Data Name='EventType'>SetValue</Data><Data Name='UtcTime'>2023-09-14 09:17:56.358</Data><Data Name='ProcessGuid'>{8814F3F5-CD65-6502-6A02-000000000F03}</Data><Data Name='ProcessId'>3764</Data><Data Name='Image'>C:\Users\Administrator\AppData\Local\Temp\server.com</Data><Data Name='TargetObject'>HKU\S-1-5-21-2571799417-433382502-1180051742-500\SOFTWARE\Microsoft\Windows\CurrentVersion\Run\0ff91641118b8ba71feb1aa87725fe56</Data><Data Name='Details'>"C:\Users\Administrator\AppData\Local\Temp\server.com" ..</Data><Data Name='User'>ATTACKRANGE\Administrator</Data></EventData></Event>
<Event xmlns='http://schemas.microsoft.com/win/2004/08/events/event'><System><Provider Name='Microsoft-Windows-Sysmon' Guid='{5770385F-C22A-43E0-BF4C-06F5698FFBD9}'/><EventID>13</EventID><Version>2</Version><Level>4</Level><Task>13</Task><Opcode>0</Opcode><Keywords>0x8000000000000000</Keywords><TimeCreated SystemTime='2023-09-14T09:17:55.764580400Z'/><EventRecordID>60188</EventRecordID><Correlation/><Execution ProcessID='2444' ThreadID='2820'/><Channel>Microsoft-Windows-Sysmon/Operational</Channel><Computer>ar-win-dc.attackrange.local</Computer><Security UserID='S-1-5-18'/></System><EventData><Data Name='RuleName'>T1060,RunKey</Data><Data Name='EventType'>SetValue</Data><Data Name='UtcTime'>2023-09-14 09:17:55.342</Data><Data Name='ProcessGuid'>{8814F3F5-CD65-6502-6A02-000000000F03}</Data><Data Name='ProcessId'>3764</Data><Data Name='Image'>C:\Users\Administrator\AppData\Local\Temp\server.com</Data><Data Name='TargetObject'>HKLM\SOFTWARE\WOW6432Node\Microsoft\Windows\CurrentVersion\Run\0ff91641118b8ba71feb1aa87725fe56</Data><Data Name='Details'>"C:\Users\Administrator\AppData\Local\Temp\server.com" ..</Data><Data Name='User'>ATTACKRANGE\Administrator</Data></EventData></Event>
<Event xmlns='http://schemas.microsoft.com/win/2004/08/events/event'><System><Provider Name='Microsoft-Windows-Sysmon' Guid='{5770385F-C22A-43E0-BF4C-06F5698FFBD9}'/><EventID>13</EventID><Version>2</Version><Level>4</Level><Task>13</Task><Opcode>0</Opcode><Keywords>0x8000000000000000</Keywords><TimeCreated SystemTime='2023-09-14T09:17:55.342911600Z'/><EventRecordID>60187</EventRecordID><Correlation/><Execution ProcessID='2444' ThreadID='2820'/><Channel>Microsoft-Windows-Sysmon/Operational</Channel><Computer>ar-win-dc.attackrange.local</Computer><Security UserID='S-1-5-18'/></System><EventData><Data Name='RuleName'>T1060,RunKey</Data><Data Name='EventType'>SetValue</Data><Data Name='UtcTime'>2023-09-14 09:17:55.342</Data><Data Name='ProcessGuid'>{8814F3F5-CD65-6502-6A02-000000000F03}</Data><Data Name='ProcessId'>3764</Data><Data Name='Image'>C:\Users\Administrator\AppData\Local\Temp\server.com</Data><Data Name='TargetObject'>HKU\S-1-5-21-2571799417-433382502-1180051742-500\SOFTWARE\Microsoft\Windows\CurrentVersion\Run\0ff91641118b8ba71feb1aa87725fe56</Data><Data Name='Details'>"C:\Users\Administrator\AppData\Local\Temp\server.com" ..</Data><Data Name='User'>ATTACKRANGE\Administrator</Data></EventData></Event>
<Event xmlns='http://schemas.microsoft.com/win/2004/08/events/event'><System><Provider Name='Microsoft-Windows-Sysmon' Guid='{5770385F-C22A-43E0-BF4C-06F5698FFBD9}'/><EventID>13</EventID><Version>2</Version><Level>4</Level><Task>13</Task><Opcode>0</Opcode><Keywords>0x8000000000000000</Keywords><TimeCreated SystemTime='2023-09-14T09:17:54.327308600Z'/><EventRecordID>60186</EventRecordID><Correlation/><Execution ProcessID='2444' ThreadID='2820'/><Channel>Microsoft-Windows-Sysmon/Operational</Channel><Computer>ar-win-dc.attackrange.local</Computer><Security UserID='S-1-5-18'/></System><EventData><Data Name='RuleName'>T1060,RunKey</Data><Data Name='EventType'>SetValue</Data><Data Name='UtcTime'>2023-09-14 09:17:54.326</Data><Data Name='ProcessGuid'>{8814F3F5-CD65-6502-6A02-000000000F03}</Data><Data Name='ProcessId'>3764</Data><Data Name='Image'>C:\Users\Administrator\AppData\Local\Temp\server.com</Data><Data Name='TargetObject'>HKLM\SOFTWARE\WOW6432Node\Microsoft\Windows\CurrentVersion\Run\0ff91641118b8ba71feb1aa87725fe56</Data><Data Name='Details'>"C:\Users\Administrator\AppData\Local\Temp\server.com" ..</Data><Data Name='User'>ATTACKRANGE\Administrator</Data></EventData></Event>
<Event xmlns='http://schemas.microsoft.com/win/2004/08/events/event'><System><Provider Name='Microsoft-Windows-Sysmon' Guid='{5770385F-C22A-43E0-BF4C-06F5698FFBD9}'/><EventID>13</EventID><Version>2</Version><Level>4</Level><Task>13</Task><Opcode>0</Opcode><Keywords>0x8000000000000000</Keywords><TimeCreated SystemTime='2023-09-14T09:17:54.327248800Z'/><EventRecordID>60185</EventRecordID><Correlation/><Execution ProcessID='2444' ThreadID='2820'/><Channel>Microsoft-Windows-Sysmon/Operational</Channel><Computer>ar-win-dc.attackrange.local</Computer><Security UserID='S-1-5-18'/></System><EventData><Data Name='RuleName'>T1060,RunKey</Data><Data Name='EventType'>SetValue</Data><Data Name='UtcTime'>2023-09-14 09:17:54.326</Data><Data Name='ProcessGuid'>{8814F3F5-CD65-6502-6A02-000000000F03}</Data><Data Name='ProcessId'>3764</Data><Data Name='Image'>C:\Users\Administrator\AppData\Local\Temp\server.com</Data><Data Name='TargetObject'>HKU\S-1-5-21-2571799417-433382502-1180051742-500\SOFTWARE\Microsoft\Windows\CurrentVersion\Run\0ff91641118b8ba71feb1aa87725fe56</Data><Data Name='Details'>"C:\Users\Administrator\AppData\Local\Temp\server.com" ..</Data><Data Name='User'>ATTACKRANGE\Administrator</Data></EventData></Event>
<Event xmlns='http://schemas.microsoft.com/win/2004/08/events/event'><System><Provider Name='Microsoft-Windows-Sysmon' Guid='{5770385F-C22A-43E0-BF4C-06F5698FFBD9}'/><EventID>13</EventID><Version>2</Version><Level>4</Level><Task>13</Task><Opcode>0</Opcode><Keywords>0x8000000000000000</Keywords><TimeCreated SystemTime='2023-09-14T09:17:53.313899300Z'/><EventRecordID>60184</EventRecordID><Correlation/><Execution ProcessID='2444' ThreadID='2820'/><Channel>Microsoft-Windows-Sysmon/Operational</Channel><Computer>ar-win-dc.attackrange.local</Computer><Security UserID='S-1-5-18'/></System><EventData><Data Name='RuleName'>T1060,RunKey</Data><Data Name='EventType'>SetValue</Data><Data Name='UtcTime'>2023-09-14 09:17:53.311</Data><Data Name='ProcessGuid'>{8814F3F5-CD65-6502-6A02-000000000F03}</Data><Data Name='ProcessId'>3764</Data><Data Name='Image'>C:\Users\Administrator\AppData\Local\Temp\server.com</Data><Data Name='TargetObject'>HKLM\SOFTWARE\WOW6432Node\Microsoft\Windows\CurrentVersion\Run\0ff91641118b8ba71feb1aa87725fe56</Data><Data Name='Details'>"C:\Users\Administrator\AppData\Local\Temp\server.com" ..</Data><Data Name='User'>ATTACKRANGE\Administrator</Data></EventData></Event>
<Event xmlns='http://schemas.microsoft.com/win/2004/08/events/event'><System><Provider Name='Microsoft-Windows-Sysmon' Guid='{5770385F-C22A-43E0-BF4C-06F5698FFBD9}'/><EventID>13</EventID><Version>2</Version><Level>4</Level><Task>13</Task><Opcode>0</Opcode><Keywords>0x8000000000000000</Keywords><TimeCreated SystemTime='2023-09-14T09:17:53.313790300Z'/><EventRecordID>60183</EventRecordID><Correlation/><Execution ProcessID='2444' ThreadID='2820'/><Channel>Microsoft-Windows-Sysmon/Operational</Channel><Computer>ar-win-dc.attackrange.local</Computer><Security UserID='S-1-5-18'/></System><EventData><Data Name='RuleName'>T1060,RunKey</Data><Data Name='EventType'>SetValue</Data><Data Name='UtcTime'>2023-09-14 09:17:53.311</Data><Data Name='ProcessGuid'>{8814F3F5-CD65-6502-6A02-000000000F03}</Data><Data Name='ProcessId'>3764</Data><Data Name='Image'>C:\Users\Administrator\AppData\Local\Temp\server.com</Data><Data Name='TargetObject'>HKU\S-1-5-21-2571799417-433382502-1180051742-500\SOFTWARE\Microsoft\Windows\CurrentVersion\Run\0ff91641118b8ba71feb1aa87725fe56</Data><Data Name='Details'>"C:\Users\Administrator\AppData\Local\Temp\server.com" ..</Data><Data Name='User'>ATTACKRANGE\Administrator</Data></EventData></Event>
<Event xmlns='http://schemas.microsoft.com/win/2004/08/events/event'><System><Provider Name='Microsoft-Windows-Sysmon' Guid='{5770385F-C22A-43E0-BF4C-06F5698FFBD9}'/><EventID>13</EventID><Version>2</Version><Level>4</Level><Task>13</Task><Opcode>0</Opcode><Keywords>0x8000000000000000</Keywords><TimeCreated SystemTime='2023-09-14T09:17:52.296193400Z'/><EventRecordID>60180</EventRecordID><Correlation/><Execution ProcessID='2444' ThreadID='2820'/><Channel>Microsoft-Windows-Sysmon/Operational</Channel><Computer>ar-win-dc.attackrange.local</Computer><Security UserID='S-1-5-18'/></System><EventData><Data Name='RuleName'>T1060,RunKey</Data><Data Name='EventType'>SetValue</Data><Data Name='UtcTime'>2023-09-14 09:17:52.295</Data><Data Name='ProcessGuid'>{8814F3F5-CD65-6502-6A02-000000000F03}</Data><Data Name='ProcessId'>3764</Data><Data Name='Image'>C:\Users\Administrator\AppData\Local\Temp\server.com</Data><Data Name='TargetObject'>HKLM\SOFTWARE\WOW6432Node\Microsoft\Windows\CurrentVersion\Run\0ff91641118b8ba71feb1aa87725fe56</Data><Data Name='Details'>"C:\Users\Administrator\AppData\Local\Temp\server.com" ..</Data><Data Name='User'>ATTACKRANGE\Administrator</Data></EventData></Event>
<Event xmlns='http://schemas.microsoft.com/win/2004/08/events/event'><System><Provider Name='Microsoft-Windows-Sysmon' Guid='{5770385F-C22A-43E0-BF4C-06F5698FFBD9}'/><EventID>13</EventID><Version>2</Version><Level>4</Level><Task>13</Task><Opcode>0</Opcode><Keywords>0x8000000000000000</Keywords><TimeCreated SystemTime='2023-09-14T09:17:52.295956200Z'/><EventRecordID>60179</EventRecordID><Correlation/><Execution ProcessID='2444' ThreadID='2820'/><Channel>Microsoft-Windows-Sysmon/Operational</Channel><Computer>ar-win-dc.attackrange.local</Computer><Security UserID='S-1-5-18'/></System><EventData><Data Name='RuleName'>T1060,RunKey</Data><Data Name='EventType'>SetValue</Data><Data Name='UtcTime'>2023-09-14 09:17:52.295</Data><Data Name='ProcessGuid'>{8814F3F5-CD65-6502-6A02-000000000F03}</Data><Data Name='ProcessId'>3764</Data><Data Name='Image'>C:\Users\Administrator\AppData\Local\Temp\server.com</Data><Data Name='TargetObject'>HKU\S-1-5-21-2571799417-433382502-1180051742-500\SOFTWARE\Microsoft\Windows\CurrentVersion\Run\0ff91641118b8ba71feb1aa87725fe56</Data><Data Name='Details'>"C:\Users\Administrator\AppData\Local\Temp\server.com" ..</Data><Data Name='User'>ATTACKRANGE\Administrator</Data></EventData></Event>
<Event xmlns='http://schemas.microsoft.com/win/2004/08/events/event'><System><Provider Name='Microsoft-Windows-Sysmon' Guid='{5770385F-C22A-43E0-BF4C-06F5698FFBD9}'/><EventID>13</EventID><Version>2</Version><Level>4</Level><Task>13</Task><Opcode>0</Opcode><Keywords>0x8000000000000000</Keywords><TimeCreated SystemTime='2023-09-14T09:17:51.280420000Z'/><EventRecordID>60178</EventRecordID><Correlation/><Execution ProcessID='2444' ThreadID='2820'/><Channel>Microsoft-Windows-Sysmon/Operational</Channel><Computer>ar-win-dc.attackrange.local</Computer><Security UserID='S-1-5-18'/></System><EventData><Data Name='RuleName'>T1060,RunKey</Data><Data Name='EventType'>SetValue</Data><Data Name='UtcTime'>2023-09-14 09:17:51.279</Data><Data Name='ProcessGuid'>{8814F3F5-CD65-6502-6A02-000000000F03}</Data><Data Name='ProcessId'>3764</Data><Data Name='Image'>C:\Users\Administrator\AppData\Local\Temp\server.com</Data><Data Name='TargetObject'>HKLM\SOFTWARE\WOW6432Node\Microsoft\Windows\CurrentVersion\Run\0ff91641118b8ba71feb1aa87725fe56</Data><Data Name='Details'>"C:\Users\Administrator\AppData\Local\Temp\server.com" ..</Data><Data Name='User'>ATTACKRANGE\Administrator</Data></EventData></Event>
<Event xmlns='http://schemas.microsoft.com/win/2004/08/events/event'><System><Provider Name='Microsoft-Windows-Sysmon' Guid='{5770385F-C22A-43E0-BF4C-06F5698FFBD9}'/><EventID>13</EventID><Version>2</Version><Level>4</Level><Task>13</Task><Opcode>0</Opcode><Keywords>0x8000000000000000</Keywords><TimeCreated SystemTime='2023-09-14T09:17:51.280338500Z'/><EventRecordID>60177</EventRecordID><Correlation/><Execution ProcessID='2444' ThreadID='2820'/><Channel>Microsoft-Windows-Sysmon/Operational</Channel><Computer>ar-win-dc.attackrange.local</Computer><Security UserID='S-1-5-18'/></System><EventData><Data Name='RuleName'>T1060,RunKey</Data><Data Name='EventType'>SetValue</Data><Data Name='UtcTime'>2023-09-14 09:17:51.279</Data><Data Name='ProcessGuid'>{8814F3F5-CD65-6502-6A02-000000000F03}</Data><Data Name='ProcessId'>3764</Data><Data Name='Image'>C:\Users\Administrator\AppData\Local\Temp\server.com</Data><Data Name='TargetObject'>HKU\S-1-5-21-2571799417-433382502-1180051742-500\SOFTWARE\Microsoft\Windows\CurrentVersion\Run\0ff91641118b8ba71feb1aa87725fe56</Data><Data Name='Details'>"C:\Users\Administrator\AppData\Local\Temp\server.com" ..</Data><Data Name='User'>ATTACKRANGE\Administrator</Data></EventData></Event>
<Event xmlns='http://schemas.microsoft.com/win/2004/08/events/event'><System><Provider Name='Microsoft-Windows-Sysmon' Guid='{5770385F-C22A-43E0-BF4C-06F5698FFBD9}'/><EventID>13</EventID><Version>2</Version><Level>4</Level><Task>13</Task><Opcode>0</Opcode><Keywords>0x8000000000000000</Keywords><TimeCreated SystemTime='2023-09-14T09:17:50.264819500Z'/><EventRecordID>60176</EventRecordID><Correlation/><Execution ProcessID='2444' ThreadID='2820'/><Channel>Microsoft-Windows-Sysmon/Operational</Channel><Computer>ar-win-dc.attackrange.local</Computer><Security UserID='S-1-5-18'/></System><EventData><Data Name='RuleName'>T1060,RunKey</Data><Data Name='EventType'>SetValue</Data><Data Name='UtcTime'>2023-09-14 09:17:50.264</Data><Data Name='ProcessGuid'>{8814F3F5-CD65-6502-6A02-000000000F03}</Data><Data Name='ProcessId'>3764</Data><Data Name='Image'>C:\Users\Administrator\AppData\Local\Temp\server.com</Data><Data Name='TargetObject'>HKLM\SOFTWARE\WOW6432Node\Microsoft\Windows\CurrentVersion\Run\0ff91641118b8ba71feb1aa87725fe56</Data><Data Name='Details'>"C:\Users\Administrator\AppData\Local\Temp\server.com" ..</Data><Data Name='User'>ATTACKRANGE\Administrator</Data></EventData></Event>
<Event xmlns='http://schemas.microsoft.com/win/2004/08/events/event'><System><Provider Name='Microsoft-Windows-Sysmon' Guid='{5770385F-C22A-43E0-BF4C-06F5698FFBD9}'/><EventID>13</EventID><Version>2</Version><Level>4</Level><Task>13</Task><Opcode>0</Opcode><Keywords>0x8000000000000000</Keywords><TimeCreated SystemTime='2023-09-14T09:17:50.264725300Z'/><EventRecordID>60175</EventRecordID><Correlation/><Execution ProcessID='2444' ThreadID='2820'/><Channel>Microsoft-Windows-Sysmon/Operational</Channel><Computer>ar-win-dc.attackrange.local</Computer><Security UserID='S-1-5-18'/></System><EventData><Data Name='RuleName'>T1060,RunKey</Data><Data Name='EventType'>SetValue</Data><Data Name='UtcTime'>2023-09-14 09:17:50.264</Data><Data Name='ProcessGuid'>{8814F3F5-CD65-6502-6A02-000000000F03}</Data><Data Name='ProcessId'>3764</Data><Data Name='Image'>C:\Users\Administrator\AppData\Local\Temp\server.com</Data><Data Name='TargetObject'>HKU\S-1-5-21-2571799417-433382502-1180051742-500\SOFTWARE\Microsoft\Windows\CurrentVersion\Run\0ff91641118b8ba71feb1aa87725fe56</Data><Data Name='Details'>"C:\Users\Administrator\AppData\Local\Temp\server.com" ..</Data><Data Name='User'>ATTACKRANGE\Administrator</Data></EventData></Event>
<Event xmlns='http://schemas.microsoft.com/win/2004/08/events/event'><System><Provider Name='Microsoft-Windows-Sysmon' Guid='{5770385F-C22A-43E0-BF4C-06F5698FFBD9}'/><EventID>13</EventID><Version>2</Version><Level>4</Level><Task>13</Task><Opcode>0</Opcode><Keywords>0x8000000000000000</Keywords><TimeCreated SystemTime='2023-09-14T09:17:49.249153300Z'/><EventRecordID>60173</EventRecordID><Correlation/><Execution ProcessID='2444' ThreadID='2820'/><Channel>Microsoft-Windows-Sysmon/Operational</Channel><Computer>ar-win-dc.attackrange.local</Computer><Security UserID='S-1-5-18'/></System><EventData><Data Name='RuleName'>T1060,RunKey</Data><Data Name='EventType'>SetValue</Data><Data Name='UtcTime'>2023-09-14 09:17:49.248</Data><Data Name='ProcessGuid'>{8814F3F5-CD65-6502-6A02-000000000F03}</Data><Data Name='ProcessId'>3764</Data><Data Name='Image'>C:\Users\Administrator\AppData\Local\Temp\server.com</Data><Data Name='TargetObject'>HKLM\SOFTWARE\WOW6432Node\Microsoft\Windows\CurrentVersion\Run\0ff91641118b8ba71feb1aa87725fe56</Data><Data Name='Details'>"C:\Users\Administrator\AppData\Local\Temp\server.com" ..</Data><Data Name='User'>ATTACKRANGE\Administrator</Data></EventData></Event>
<Event xmlns='http://schemas.microsoft.com/win/2004/08/events/event'><System><Provider Name='Microsoft-Windows-Sysmon' Guid='{5770385F-C22A-43E0-BF4C-06F5698FFBD9}'/><EventID>13</EventID><Version>2</Version><Level>4</Level><Task>13</Task><Opcode>0</Opcode><Keywords>0x8000000000000000</Keywords><TimeCreated SystemTime='2023-09-14T09:17:49.249050500Z'/><EventRecordID>60172</EventRecordID><Correlation/><Execution ProcessID='2444' ThreadID='2820'/><Channel>Microsoft-Windows-Sysmon/Operational</Channel><Computer>ar-win-dc.attackrange.local</Computer><Security UserID='S-1-5-18'/></System><EventData><Data Name='RuleName'>T1060,RunKey</Data><Data Name='EventType'>SetValue</Data><Data Name='UtcTime'>2023-09-14 09:17:49.248</Data><Data Name='ProcessGuid'>{8814F3F5-CD65-6502-6A02-000000000F03}</Data><Data Name='ProcessId'>3764</Data><Data Name='Image'>C:\Users\Administrator\AppData\Local\Temp\server.com</Data><Data Name='TargetObject'>HKU\S-1-5-21-2571799417-433382502-1180051742-500\SOFTWARE\Microsoft\Windows\CurrentVersion\Run\0ff91641118b8ba71feb1aa87725fe56</Data><Data Name='Details'>"C:\Users\Administrator\AppData\Local\Temp\server.com" ..</Data><Data Name='User'>ATTACKRANGE\Administrator</Data></EventData></Event>
<Event xmlns='http://schemas.microsoft.com/win/2004/08/events/event'><System><Provider Name='Microsoft-Windows-Sysmon' Guid='{5770385F-C22A-43E0-BF4C-06F5698FFBD9}'/><EventID>13</EventID><Version>2</Version><Level>4</Level><Task>13</Task><Opcode>0</Opcode><Keywords>0x8000000000000000</Keywords><TimeCreated SystemTime='2023-09-14T09:17:48.239780700Z'/><EventRecordID>60171</EventRecordID><Correlation/><Execution ProcessID='2444' ThreadID='2820'/><Channel>Microsoft-Windows-Sysmon/Operational</Channel><Computer>ar-win-dc.attackrange.local</Computer><Security UserID='S-1-5-18'/></System><EventData><Data Name='RuleName'>T1060,RunKey</Data><Data Name='EventType'>SetValue</Data><Data Name='UtcTime'>2023-09-14 09:17:48.238</Data><Data Name='ProcessGuid'>{8814F3F5-CD65-6502-6A02-000000000F03}</Data><Data Name='ProcessId'>3764</Data><Data Name='Image'>C:\Users\Administrator\AppData\Local\Temp\server.com</Data><Data Name='TargetObject'>HKLM\SOFTWARE\WOW6432Node\Microsoft\Windows\CurrentVersion\Run\0ff91641118b8ba71feb1aa87725fe56</Data><Data Name='Details'>"C:\Users\Administrator\AppData\Local\Temp\server.com" ..</Data><Data Name='User'>ATTACKRANGE\Administrator</Data></EventData></Event>
<Event xmlns='http://schemas.microsoft.com/win/2004/08/events/event'><System><Provider Name='Microsoft-Windows-Sysmon' Guid='{5770385F-C22A-43E0-BF4C-06F5698FFBD9}'/><EventID>13</EventID><Version>2</Version><Level>4</Level><Task>13</Task><Opcode>0</Opcode><Keywords>0x8000000000000000</Keywords><TimeCreated SystemTime='2023-09-14T09:17:48.239548900Z'/><EventRecordID>60170</EventRecordID><Correlation/><Execution ProcessID='2444' ThreadID='2820'/><Channel>Microsoft-Windows-Sysmon/Operational</Channel><Computer>ar-win-dc.attackrange.local</Computer><Security UserID='S-1-5-18'/></System><EventData><Data Name='RuleName'>T1060,RunKey</Data><Data Name='EventType'>SetValue</Data><Data Name='UtcTime'>2023-09-14 09:17:48.238</Data><Data Name='ProcessGuid'>{8814F3F5-CD65-6502-6A02-000000000F03}</Data><Data Name='ProcessId'>3764</Data><Data Name='Image'>C:\Users\Administrator\AppData\Local\Temp\server.com</Data><Data Name='TargetObject'>HKU\S-1-5-21-2571799417-433382502-1180051742-500\SOFTWARE\Microsoft\Windows\CurrentVersion\Run\0ff91641118b8ba71feb1aa87725fe56</Data><Data Name='Details'>"C:\Users\Administrator\AppData\Local\Temp\server.com" ..</Data><Data Name='User'>ATTACKRANGE\Administrator</Data></EventData></Event>
<Event xmlns='http://schemas.microsoft.com/win/2004/08/events/event'><System><Provider Name='Microsoft-Windows-Sysmon' Guid='{5770385F-C22A-43E0-BF4C-06F5698FFBD9}'/><EventID>13</EventID><Version>2</Version><Level>4</Level><Task>13</Task><Opcode>0</Opcode><Keywords>0x8000000000000000</Keywords><TimeCreated SystemTime='2023-09-14T09:17:47.223492900Z'/><EventRecordID>60169</EventRecordID><Correlation/><Execution ProcessID='2444' ThreadID='2820'/><Channel>Microsoft-Windows-Sysmon/Operational</Channel><Computer>ar-win-dc.attackrange.local</Computer><Security UserID='S-1-5-18'/></System><EventData><Data Name='RuleName'>T1060,RunKey</Data><Data Name='EventType'>SetValue</Data><Data Name='UtcTime'>2023-09-14 09:17:47.222</Data><Data Name='ProcessGuid'>{8814F3F5-CD65-6502-6A02-000000000F03}</Data><Data Name='ProcessId'>3764</Data><Data Name='Image'>C:\Users\Administrator\AppData\Local\Temp\server.com</Data><Data Name='TargetObject'>HKLM\SOFTWARE\WOW6432Node\Microsoft\Windows\CurrentVersion\Run\0ff91641118b8ba71feb1aa87725fe56</Data><Data Name='Details'>"C:\Users\Administrator\AppData\Local\Temp\server.com" ..</Data><Data Name='User'>ATTACKRANGE\Administrator</Data></EventData></Event>
<Event xmlns='http://schemas.microsoft.com/win/2004/08/events/event'><System><Provider Name='Microsoft-Windows-Sysmon' Guid='{5770385F-C22A-43E0-BF4C-06F5698FFBD9}'/><EventID>13</EventID><Version>2</Version><Level>4</Level><Task>13</Task><Opcode>0</Opcode><Keywords>0x8000000000000000</Keywords><TimeCreated SystemTime='2023-09-14T09:17:47.223424500Z'/><EventRecordID>60168</EventRecordID><Correlation/><Execution ProcessID='2444' ThreadID='2820'/><Channel>Microsoft-Windows-Sysmon/Operational</Channel><Computer>ar-win-dc.attackrange.local</Computer><Security UserID='S-1-5-18'/></System><EventData><Data Name='RuleName'>T1060,RunKey</Data><Data Name='EventType'>SetValue</Data><Data Name='UtcTime'>2023-09-14 09:17:47.222</Data><Data Name='ProcessGuid'>{8814F3F5-CD65-6502-6A02-000000000F03}</Data><Data Name='ProcessId'>3764</Data><Data Name='Image'>C:\Users\Administrator\AppData\Local\Temp\server.com</Data><Data Name='TargetObject'>HKU\S-1-5-21-2571799417-433382502-1180051742-500\SOFTWARE\Microsoft\Windows\CurrentVersion\Run\0ff91641118b8ba71feb1aa87725fe56</Data><Data Name='Details'>"C:\Users\Administrator\AppData\Local\Temp\server.com" ..</Data><Data Name='User'>ATTACKRANGE\Administrator</Data></EventData></Event>
<Event xmlns='http://schemas.microsoft.com/win/2004/08/events/event'><System><Provider Name='Microsoft-Windows-Sysmon' Guid='{5770385F-C22A-43E0-BF4C-06F5698FFBD9}'/><EventID>13</EventID><Version>2</Version><Level>4</Level><Task>13</Task><Opcode>0</Opcode><Keywords>0x8000000000000000</Keywords><TimeCreated SystemTime='2023-09-14T09:17:46.207814400Z'/><EventRecordID>60167</EventRecordID><Correlation/><Execution ProcessID='2444' ThreadID='2820'/><Channel>Microsoft-Windows-Sysmon/Operational</Channel><Computer>ar-win-dc.attackrange.local</Computer><Security UserID='S-1-5-18'/></System><EventData><Data Name='RuleName'>T1060,RunKey</Data><Data Name='EventType'>SetValue</Data><Data Name='UtcTime'>2023-09-14 09:17:46.207</Data><Data Name='ProcessGuid'>{8814F3F5-CD65-6502-6A02-000000000F03}</Data><Data Name='ProcessId'>3764</Data><Data Name='Image'>C:\Users\Administrator\AppData\Local\Temp\server.com</Data><Data Name='TargetObject'>HKLM\SOFTWARE\WOW6432Node\Microsoft\Windows\CurrentVersion\Run\0ff91641118b8ba71feb1aa87725fe56</Data><Data Name='Details'>"C:\Users\Administrator\AppData\Local\Temp\server.com" ..</Data><Data Name='User'>ATTACKRANGE\Administrator</Data></EventData></Event>
<Event xmlns='http://schemas.microsoft.com/win/2004/08/events/event'><System><Provider Name='Microsoft-Windows-Sysmon' Guid='{5770385F-C22A-43E0-BF4C-06F5698FFBD9}'/><EventID>13</EventID><Version>2</Version><Level>4</Level><Task>13</Task><Opcode>0</Opcode><Keywords>0x8000000000000000</Keywords><TimeCreated SystemTime='2023-09-14T09:17:46.207612500Z'/><EventRecordID>60166</EventRecordID><Correlation/><Execution ProcessID='2444' ThreadID='2820'/><Channel>Microsoft-Windows-Sysmon/Operational</Channel><Computer>ar-win-dc.attackrange.local</Computer><Security UserID='S-1-5-18'/></System><EventData><Data Name='RuleName'>T1060,RunKey</Data><Data Name='EventType'>SetValue</Data><Data Name='UtcTime'>2023-09-14 09:17:46.207</Data><Data Name='ProcessGuid'>{8814F3F5-CD65-6502-6A02-000000000F03}</Data><Data Name='ProcessId'>3764</Data><Data Name='Image'>C:\Users\Administrator\AppData\Local\Temp\server.com</Data><Data Name='TargetObject'>HKU\S-1-5-21-2571799417-433382502-1180051742-500\SOFTWARE\Microsoft\Windows\CurrentVersion\Run\0ff91641118b8ba71feb1aa87725fe56</Data><Data Name='Details'>"C:\Users\Administrator\AppData\Local\Temp\server.com" ..</Data><Data Name='User'>ATTACKRANGE\Administrator</Data></EventData></Event>
<Event xmlns='http://schemas.microsoft.com/win/2004/08/events/event'><System><Provider Name='Microsoft-Windows-Sysmon' Guid='{5770385F-C22A-43E0-BF4C-06F5698FFBD9}'/><EventID>13</EventID><Version>2</Version><Level>4</Level><Task>13</Task><Opcode>0</Opcode><Keywords>0x8000000000000000</Keywords><TimeCreated SystemTime='2023-09-14T09:17:45.194085400Z'/><EventRecordID>60165</EventRecordID><Correlation/><Execution ProcessID='2444' ThreadID='2820'/><Channel>Microsoft-Windows-Sysmon/Operational</Channel><Computer>ar-win-dc.attackrange.local</Computer><Security UserID='S-1-5-18'/></System><EventData><Data Name='RuleName'>T1060,RunKey</Data><Data Name='EventType'>SetValue</Data><Data Name='UtcTime'>2023-09-14 09:17:45.191</Data><Data Name='ProcessGuid'>{8814F3F5-CD65-6502-6A02-000000000F03}</Data><Data Name='ProcessId'>3764</Data><Data Name='Image'>C:\Users\Administrator\AppData\Local\Temp\server.com</Data><Data Name='TargetObject'>HKLM\SOFTWARE\WOW6432Node\Microsoft\Windows\CurrentVersion\Run\0ff91641118b8ba71feb1aa87725fe56</Data><Data Name='Details'>"C:\Users\Administrator\AppData\Local\Temp\server.com" ..</Data><Data Name='User'>ATTACKRANGE\Administrator</Data></EventData></Event>
<Event xmlns='http://schemas.microsoft.com/win/2004/08/events/event'><System><Provider Name='Microsoft-Windows-Sysmon' Guid='{5770385F-C22A-43E0-BF4C-06F5698FFBD9}'/><EventID>13</EventID><Version>2</Version><Level>4</Level><Task>13</Task><Opcode>0</Opcode><Keywords>0x8000000000000000</Keywords><TimeCreated SystemTime='2023-09-14T09:17:45.193901100Z'/><EventRecordID>60164</EventRecordID><Correlation/><Execution ProcessID='2444' ThreadID='2820'/><Channel>Microsoft-Windows-Sysmon/Operational</Channel><Computer>ar-win-dc.attackrange.local</Computer><Security UserID='S-1-5-18'/></System><EventData><Data Name='RuleName'>T1060,RunKey</Data><Data Name='EventType'>SetValue</Data><Data Name='UtcTime'>2023-09-14 09:17:45.191</Data><Data Name='ProcessGuid'>{8814F3F5-CD65-6502-6A02-000000000F03}</Data><Data Name='ProcessId'>3764</Data><Data Name='Image'>C:\Users\Administrator\AppData\Local\Temp\server.com</Data><Data Name='TargetObject'>HKU\S-1-5-21-2571799417-433382502-1180051742-500\SOFTWARE\Microsoft\Windows\CurrentVersion\Run\0ff91641118b8ba71feb1aa87725fe56</Data><Data Name='Details'>"C:\Users\Administrator\AppData\Local\Temp\server.com" ..</Data><Data Name='User'>ATTACKRANGE\Administrator</Data></EventData></Event>
<Event xmlns='http://schemas.microsoft.com/win/2004/08/events/event'><System><Provider Name='Microsoft-Windows-Sysmon' Guid='{5770385F-C22A-43E0-BF4C-06F5698FFBD9}'/><EventID>13</EventID><Version>2</Version><Level>4</Level><Task>13</Task><Opcode>0</Opcode><Keywords>0x8000000000000000</Keywords><TimeCreated SystemTime='2023-09-14T09:17:44.473190900Z'/><EventRecordID>60163</EventRecordID><Correlation/><Execution ProcessID='2444' ThreadID='2820'/><Channel>Microsoft-Windows-Sysmon/Operational</Channel><Computer>ar-win-dc.attackrange.local</Computer><Security UserID='S-1-5-18'/></System><EventData><Data Name='RuleName'>T1484</Data><Data Name='EventType'>SetValue</Data><Data Name='UtcTime'>2023-09-14 09:17:44.472</Data><Data Name='ProcessGuid'>{8814F3F5-CD65-6502-6A02-000000000F03}</Data><Data Name='ProcessId'>3764</Data><Data Name='Image'>C:\Users\Administrator\AppData\Local\Temp\server.com</Data><Data Name='TargetObject'>HKU\S-1-5-21-2571799417-433382502-1180051742-500\SOFTWARE\0ff91641118b8ba71feb1aa87725fe56\[kl]</Data><Data Name='Details'>%%temp%%[ENTER]
r%%[Back][Back][Back]e
\x0123/09/12 notepad++ *C:\Program Files\ansible\SwiftOnSecurity.xml - Notepad++ [Administrator]\x01
[ENTER]
[Back][Back][Back]com
\x0123/09/12 cmd Administrator: C:\Windows\system32\cmd.exe\x01
Sysmon64[TAP]
 -c 
\x0123/09/12 cmd Administrator: C:\Windows\system32\cmd.exe - Sysmon64.exe  -c "C:\Program Files\ansible\SwiftOnSecurity.xml"\x01
[ENTER]
rregedit[ENTER]

\x0123/09/14 notepad++ *C:\Program Files\ansible\SwiftOnSecurity.xml - Notepad++ [Administrator]\x01
[Back][
\x0123/09/14 cmd Administrator: C:\Windows\system32\cmd.exe\x01
Sysmon6[TAP]
 -c 
\x0123/09/14 cmd Administrator: C:\Windows\system32\cmd.exe - Sysmon64.exe  -c "C:\Program Files\ansible\SwiftOnSecurity.xml"\x01
[ENTER]
</Data><Data Name='User'>ATTACKRANGE\Administrator</Data></EventData></Event>
<Event xmlns='http://schemas.microsoft.com/win/2004/08/events/event'><System><Provider Name='Microsoft-Windows-Sysmon' Guid='{5770385F-C22A-43E0-BF4C-06F5698FFBD9}'/><EventID>13</EventID><Version>2</Version><Level>4</Level><Task>13</Task><Opcode>0</Opcode><Keywords>0x8000000000000000</Keywords><TimeCreated SystemTime='2023-09-14T09:17:44.180667600Z'/><EventRecordID>60162</EventRecordID><Correlation/><Execution ProcessID='2444' ThreadID='2820'/><Channel>Microsoft-Windows-Sysmon/Operational</Channel><Computer>ar-win-dc.attackrange.local</Computer><Security UserID='S-1-5-18'/></System><EventData><Data Name='RuleName'>T1060,RunKey</Data><Data Name='EventType'>SetValue</Data><Data Name='UtcTime'>2023-09-14 09:17:44.180</Data><Data Name='ProcessGuid'>{8814F3F5-CD65-6502-6A02-000000000F03}</Data><Data Name='ProcessId'>3764</Data><Data Name='Image'>C:\Users\Administrator\AppData\Local\Temp\server.com</Data><Data Name='TargetObject'>HKLM\SOFTWARE\WOW6432Node\Microsoft\Windows\CurrentVersion\Run\0ff91641118b8ba71feb1aa87725fe56</Data><Data Name='Details'>"C:\Users\Administrator\AppData\Local\Temp\server.com" ..</Data><Data Name='User'>ATTACKRANGE\Administrator</Data></EventData></Event>
<Event xmlns='http://schemas.microsoft.com/win/2004/08/events/event'><System><Provider Name='Microsoft-Windows-Sysmon' Guid='{5770385F-C22A-43E0-BF4C-06F5698FFBD9}'/><EventID>13</EventID><Version>2</Version><Level>4</Level><Task>13</Task><Opcode>0</Opcode><Keywords>0x8000000000000000</Keywords><TimeCreated SystemTime='2023-09-14T09:17:44.180607400Z'/><EventRecordID>60161</EventRecordID><Correlation/><Execution ProcessID='2444' ThreadID='2820'/><Channel>Microsoft-Windows-Sysmon/Operational</Channel><Computer>ar-win-dc.attackrange.local</Computer><Security UserID='S-1-5-18'/></System><EventData><Data Name='RuleName'>T1060,RunKey</Data><Data Name='EventType'>SetValue</Data><Data Name='UtcTime'>2023-09-14 09:17:44.180</Data><Data Name='ProcessGuid'>{8814F3F5-CD65-6502-6A02-000000000F03}</Data><Data Name='ProcessId'>3764</Data><Data Name='Image'>C:\Users\Administrator\AppData\Local\Temp\server.com</Data><Data Name='TargetObject'>HKU\S-1-5-21-2571799417-433382502-1180051742-500\SOFTWARE\Microsoft\Windows\CurrentVersion\Run\0ff91641118b8ba71feb1aa87725fe56</Data><Data Name='Details'>"C:\Users\Administrator\AppData\Local\Temp\server.com" ..</Data><Data Name='User'>ATTACKRANGE\Administrator</Data></EventData></Event>
<Event xmlns='http://schemas.microsoft.com/win/2004/08/events/event'><System><Provider Name='Microsoft-Windows-Sysmon' Guid='{5770385F-C22A-43E0-BF4C-06F5698FFBD9}'/><EventID>13</EventID><Version>2</Version><Level>4</Level><Task>13</Task><Opcode>0</Opcode><Keywords>0x8000000000000000</Keywords><TimeCreated SystemTime='2023-09-14T09:17:43.160881300Z'/><EventRecordID>60160</EventRecordID><Correlation/><Execution ProcessID='2444' ThreadID='2820'/><Channel>Microsoft-Windows-Sysmon/Operational</Channel><Computer>ar-win-dc.attackrange.local</Computer><Security UserID='S-1-5-18'/></System><EventData><Data Name='RuleName'>T1060,RunKey</Data><Data Name='EventType'>SetValue</Data><Data Name='UtcTime'>2023-09-14 09:17:43.160</Data><Data Name='ProcessGuid'>{8814F3F5-CD65-6502-6A02-000000000F03}</Data><Data Name='ProcessId'>3764</Data><Data Name='Image'>C:\Users\Administrator\AppData\Local\Temp\server.com</Data><Data Name='TargetObject'>HKLM\SOFTWARE\WOW6432Node\Microsoft\Windows\CurrentVersion\Run\0ff91641118b8ba71feb1aa87725fe56</Data><Data Name='Details'>"C:\Users\Administrator\AppData\Local\Temp\server.com" ..</Data><Data Name='User'>ATTACKRANGE\Administrator</Data></EventData></Event>
<Event xmlns='http://schemas.microsoft.com/win/2004/08/events/event'><System><Provider Name='Microsoft-Windows-Sysmon' Guid='{5770385F-C22A-43E0-BF4C-06F5698FFBD9}'/><EventID>13</EventID><Version>2</Version><Level>4</Level><Task>13</Task><Opcode>0</Opcode><Keywords>0x8000000000000000</Keywords><TimeCreated SystemTime='2023-09-14T09:17:43.160635500Z'/><EventRecordID>60159</EventRecordID><Correlation/><Execution ProcessID='2444' ThreadID='2820'/><Channel>Microsoft-Windows-Sysmon/Operational</Channel><Computer>ar-win-dc.attackrange.local</Computer><Security UserID='S-1-5-18'/></System><EventData><Data Name='RuleName'>T1060,RunKey</Data><Data Name='EventType'>SetValue</Data><Data Name='UtcTime'>2023-09-14 09:17:43.160</Data><Data Name='ProcessGuid'>{8814F3F5-CD65-6502-6A02-000000000F03}</Data><Data Name='ProcessId'>3764</Data><Data Name='Image'>C:\Users\Administrator\AppData\Local\Temp\server.com</Data><Data Name='TargetObject'>HKU\S-1-5-21-2571799417-433382502-1180051742-500\SOFTWARE\Microsoft\Windows\CurrentVersion\Run\0ff91641118b8ba71feb1aa87725fe56</Data><Data Name='Details'>"C:\Users\Administrator\AppData\Local\Temp\server.com" ..</Data><Data Name='User'>ATTACKRANGE\Administrator</Data></EventData></Event>
<Event xmlns='http://schemas.microsoft.com/win/2004/08/events/event'><System><Provider Name='Microsoft-Windows-Sysmon' Guid='{5770385F-C22A-43E0-BF4C-06F5698FFBD9}'/><EventID>13</EventID><Version>2</Version><Level>4</Level><Task>13</Task><Opcode>0</Opcode><Keywords>0x8000000000000000</Keywords><TimeCreated SystemTime='2023-09-14T09:17:42.146562400Z'/><EventRecordID>60158</EventRecordID><Correlation/><Execution ProcessID='2444' ThreadID='2820'/><Channel>Microsoft-Windows-Sysmon/Operational</Channel><Computer>ar-win-dc.attackrange.local</Computer><Security UserID='S-1-5-18'/></System><EventData><Data Name='RuleName'>T1060,RunKey</Data><Data Name='EventType'>SetValue</Data><Data Name='UtcTime'>2023-09-14 09:17:42.144</Data><Data Name='ProcessGuid'>{8814F3F5-CD65-6502-6A02-000000000F03}</Data><Data Name='ProcessId'>3764</Data><Data Name='Image'>C:\Users\Administrator\AppData\Local\Temp\server.com</Data><Data Name='TargetObject'>HKLM\SOFTWARE\WOW6432Node\Microsoft\Windows\CurrentVersion\Run\0ff91641118b8ba71feb1aa87725fe56</Data><Data Name='Details'>"C:\Users\Administrator\AppData\Local\Temp\server.com" ..</Data><Data Name='User'>ATTACKRANGE\Administrator</Data></EventData></Event>
<Event xmlns='http://schemas.microsoft.com/win/2004/08/events/event'><System><Provider Name='Microsoft-Windows-Sysmon' Guid='{5770385F-C22A-43E0-BF4C-06F5698FFBD9}'/><EventID>13</EventID><Version>2</Version><Level>4</Level><Task>13</Task><Opcode>0</Opcode><Keywords>0x8000000000000000</Keywords><TimeCreated SystemTime='2023-09-14T09:17:42.145070600Z'/><EventRecordID>60157</EventRecordID><Correlation/><Execution ProcessID='2444' ThreadID='2820'/><Channel>Microsoft-Windows-Sysmon/Operational</Channel><Computer>ar-win-dc.attackrange.local</Computer><Security UserID='S-1-5-18'/></System><EventData><Data Name='RuleName'>T1060,RunKey</Data><Data Name='EventType'>SetValue</Data><Data Name='UtcTime'>2023-09-14 09:17:42.144</Data><Data Name='ProcessGuid'>{8814F3F5-CD65-6502-6A02-000000000F03}</Data><Data Name='ProcessId'>3764</Data><Data Name='Image'>C:\Users\Administrator\AppData\Local\Temp\server.com</Data><Data Name='TargetObject'>HKU\S-1-5-21-2571799417-433382502-1180051742-500\SOFTWARE\Microsoft\Windows\CurrentVersion\Run\0ff91641118b8ba71feb1aa87725fe56</Data><Data Name='Details'>"C:\Users\Administrator\AppData\Local\Temp\server.com" ..</Data><Data Name='User'>ATTACKRANGE\Administrator</Data></EventData></Event>
<Event xmlns='http://schemas.microsoft.com/win/2004/08/events/event'><System><Provider Name='Microsoft-Windows-Sysmon' Guid='{5770385F-C22A-43E0-BF4C-06F5698FFBD9}'/><EventID>13</EventID><Version>2</Version><Level>4</Level><Task>13</Task><Opcode>0</Opcode><Keywords>0x8000000000000000</Keywords><TimeCreated SystemTime='2023-09-14T09:17:41.129461500Z'/><EventRecordID>60156</EventRecordID><Correlation/><Execution ProcessID='2444' ThreadID='2820'/><Channel>Microsoft-Windows-Sysmon/Operational</Channel><Computer>ar-win-dc.attackrange.local</Computer><Security UserID='S-1-5-18'/></System><EventData><Data Name='RuleName'>T1060,RunKey</Data><Data Name='EventType'>SetValue</Data><Data Name='UtcTime'>2023-09-14 09:17:41.128</Data><Data Name='ProcessGuid'>{8814F3F5-CD65-6502-6A02-000000000F03}</Data><Data Name='ProcessId'>3764</Data><Data Name='Image'>C:\Users\Administrator\AppData\Local\Temp\server.com</Data><Data Name='TargetObject'>HKLM\SOFTWARE\WOW6432Node\Microsoft\Windows\CurrentVersion\Run\0ff91641118b8ba71feb1aa87725fe56</Data><Data Name='Details'>"C:\Users\Administrator\AppData\Local\Temp\server.com" ..</Data><Data Name='User'>ATTACKRANGE\Administrator</Data></EventData></Event>
<Event xmlns='http://schemas.microsoft.com/win/2004/08/events/event'><System><Provider Name='Microsoft-Windows-Sysmon' Guid='{5770385F-C22A-43E0-BF4C-06F5698FFBD9}'/><EventID>13</EventID><Version>2</Version><Level>4</Level><Task>13</Task><Opcode>0</Opcode><Keywords>0x8000000000000000</Keywords><TimeCreated SystemTime='2023-09-14T09:17:41.129404100Z'/><EventRecordID>60155</EventRecordID><Correlation/><Execution ProcessID='2444' ThreadID='2820'/><Channel>Microsoft-Windows-Sysmon/Operational</Channel><Computer>ar-win-dc.attackrange.local</Computer><Security UserID='S-1-5-18'/></System><EventData><Data Name='RuleName'>T1060,RunKey</Data><Data Name='EventType'>SetValue</Data><Data Name='UtcTime'>2023-09-14 09:17:41.128</Data><Data Name='ProcessGuid'>{8814F3F5-CD65-6502-6A02-000000000F03}</Data><Data Name='ProcessId'>3764</Data><Data Name='Image'>C:\Users\Administrator\AppData\Local\Temp\server.com</Data><Data Name='TargetObject'>HKU\S-1-5-21-2571799417-433382502-1180051742-500\SOFTWARE\Microsoft\Windows\CurrentVersion\Run\0ff91641118b8ba71feb1aa87725fe56</Data><Data Name='Details'>"C:\Users\Administrator\AppData\Local\Temp\server.com" ..</Data><Data Name='User'>ATTACKRANGE\Administrator</Data></EventData></Event>
