<Event xmlns='http://schemas.microsoft.com/win/2004/08/events/event'><System><Provider Name='Microsoft-Windows-Sysmon' Guid='{5770385F-C22A-43E0-BF4C-06F5698FFBD9}'/><EventID>11</EventID><Version>2</Version><Level>4</Level><Task>11</Task><Opcode>0</Opcode><Keywords>0x8000000000000000</Keywords><TimeCreated SystemTime='2024-04-30T15:37:18.543315800Z'/><EventRecordID>586116</EventRecordID><Correlation/><Execution ProcessID='2508' ThreadID='4412'/><Channel>Microsoft-Windows-Sysmon/Operational</Channel><Computer>AttackBox-Win10</Computer><Security UserID='S-1-5-18'/></System><EventData><Data Name='RuleName'>-</Data><Data Name='UtcTime'>2024-04-30 15:37:18.536</Data><Data Name='ProcessGuid'>{51A89197-3B89-654E-1600-000000001D00}</Data><Data Name='ProcessId'>700</Data><Data Name='Image'>C:\Windows\System32\svchost.exe</Data><Data Name='TargetFilename'>C:\Windows\Prefetch\CMDRENAMED.EXE-7BF57504.pf</Data><Data Name='CreationUtcTime'>2024-04-30 15:37:18.536</Data><Data Name='User'>NT AUTHORITY\SYSTEM</Data></EventData></Event>
<Event xmlns='http://schemas.microsoft.com/win/2004/08/events/event'><System><Provider Name='Microsoft-Windows-Sysmon' Guid='{5770385F-C22A-43E0-BF4C-06F5698FFBD9}'/><EventID>13</EventID><Version>2</Version><Level>4</Level><Task>13</Task><Opcode>0</Opcode><Keywords>0x8000000000000000</Keywords><TimeCreated SystemTime='2024-04-30T15:37:18.524796400Z'/><EventRecordID>586088</EventRecordID><Correlation/><Execution ProcessID='2508' ThreadID='4412'/><Channel>Microsoft-Windows-Sysmon/Operational</Channel><Computer>AttackBox-Win10</Computer><Security UserID='S-1-5-18'/></System><EventData><Data Name='RuleName'>-</Data><Data Name='EventType'>SetValue</Data><Data Name='UtcTime'>2024-04-30 15:37:18.474</Data><Data Name='ProcessGuid'>{51A89197-1026-6631-1406-000000001D00}</Data><Data Name='ProcessId'>5828</Data><Data Name='Image'>C:\temp\cmdrenamed.exe</Data><Data Name='TargetObject'>HKLM\System\CurrentControlSet\Services\bam\UserSettings\S-1-5-21-1854396824-2342670854-3736740652-1000\\Device\HarddiskVolume1\Temp\cmdrenamed.exe</Data><Data Name='Details'>Binary Data</Data><Data Name='User'>ATTACKBOX-WIN10\attacker</Data></EventData></Event>
<Event xmlns='http://schemas.microsoft.com/win/2004/08/events/event'><System><Provider Name='Microsoft-Windows-Sysmon' Guid='{5770385F-C22A-43E0-BF4C-06F5698FFBD9}'/><EventID>5</EventID><Version>3</Version><Level>4</Level><Task>5</Task><Opcode>0</Opcode><Keywords>0x8000000000000000</Keywords><TimeCreated SystemTime='2024-04-30T15:37:18.524654400Z'/><EventRecordID>586087</EventRecordID><Correlation/><Execution ProcessID='2508' ThreadID='4412'/><Channel>Microsoft-Windows-Sysmon/Operational</Channel><Computer>AttackBox-Win10</Computer><Security UserID='S-1-5-18'/></System><EventData><Data Name='RuleName'>-</Data><Data Name='UtcTime'>2024-04-30 15:37:18.474</Data><Data Name='ProcessGuid'>{51A89197-1026-6631-1406-000000001D00}</Data><Data Name='ProcessId'>5828</Data><Data Name='Image'>C:\Temp\cmdrenamed.exe</Data><Data Name='User'>ATTACKBOX-WIN10\attacker</Data></EventData></Event>
<Event xmlns='http://schemas.microsoft.com/win/2004/08/events/event'><System><Provider Name='Microsoft-Windows-Sysmon' Guid='{5770385F-C22A-43E0-BF4C-06F5698FFBD9}'/><EventID>8</EventID><Version>2</Version><Level>4</Level><Task>8</Task><Opcode>0</Opcode><Keywords>0x8000000000000000</Keywords><TimeCreated SystemTime='2024-04-30T15:37:18.479430900Z'/><EventRecordID>586086</EventRecordID><Correlation/><Execution ProcessID='2508' ThreadID='4412'/><Channel>Microsoft-Windows-Sysmon/Operational</Channel><Computer>AttackBox-Win10</Computer><Security UserID='S-1-5-18'/></System><EventData><Data Name='RuleName'>-</Data><Data Name='UtcTime'>2024-04-30 15:37:18.474</Data><Data Name='SourceProcessGuid'>{51A89197-3B87-654E-0900-000000001D00}</Data><Data Name='SourceProcessId'>500</Data><Data Name='SourceImage'>C:\Windows\System32\csrss.exe</Data><Data Name='TargetProcessGuid'>{51A89197-1026-6631-1406-000000001D00}</Data><Data Name='TargetProcessId'>5828</Data><Data Name='TargetImage'>C:\Temp\cmdrenamed.exe</Data><Data Name='NewThreadId'>2584</Data><Data Name='StartAddress'>0x00007FFF52045660</Data><Data Name='StartModule'>C:\Windows\System32\KERNELBASE.dll</Data><Data Name='StartFunction'>CtrlRoutine</Data><Data Name='SourceUser'>NT AUTHORITY\SYSTEM</Data><Data Name='TargetUser'>ATTACKBOX-WIN10\attacker</Data></EventData></Event>
<Event xmlns='http://schemas.microsoft.com/win/2004/08/events/event'><System><Provider Name='Microsoft-Windows-Sysmon' Guid='{5770385F-C22A-43E0-BF4C-06F5698FFBD9}'/><EventID>10</EventID><Version>3</Version><Level>4</Level><Task>10</Task><Opcode>0</Opcode><Keywords>0x8000000000000000</Keywords><TimeCreated SystemTime='2024-04-30T15:37:17.106703100Z'/><EventRecordID>586034</EventRecordID><Correlation/><Execution ProcessID='2508' ThreadID='4412'/><Channel>Microsoft-Windows-Sysmon/Operational</Channel><Computer>AttackBox-Win10</Computer><Security UserID='S-1-5-18'/></System><EventData><Data Name='RuleName'>-</Data><Data Name='UtcTime'>2024-04-30 15:37:17.084</Data><Data Name='SourceProcessGUID'>{51A89197-3B96-654E-5D00-000000001D00}</Data><Data Name='SourceProcessId'>4372</Data><Data Name='SourceThreadId'>912</Data><Data Name='SourceImage'>C:\Windows\Explorer.EXE</Data><Data Name='TargetProcessGUID'>{51A89197-1026-6631-1406-000000001D00}</Data><Data Name='TargetProcessId'>5828</Data><Data Name='TargetImage'>C:\temp\cmdrenamed.exe</Data><Data Name='GrantedAccess'>0x1000</Data><Data Name='CallTrace'>C:\Windows\SYSTEM32\ntdll.dll+9ae64|C:\Windows\System32\KERNELBASE.dll+2fd5d|C:\Windows\System32\TaskFlowDataEngine.dll+78e25|C:\Windows\System32\TaskFlowDataEngine.dll+785cb|C:\Windows\System32\TaskFlowDataEngine.dll+78129|C:\Windows\System32\TaskFlowDataEngine.dll+77c3d|C:\Windows\System32\TaskFlowDataEngine.dll+75eb3|C:\Windows\System32\TaskFlowDataEngine.dll+74f32|C:\Windows\System32\TaskFlowDataEngine.dll+7fbd1|C:\Windows\System32\TaskFlowDataEngine.dll+16ae5|C:\Windows\System32\TaskFlowDataEngine.dll+16d2d|C:\Windows\System32\TaskFlowDataEngine.dll+16d69|C:\Windows\System32\KERNEL32.DLL+14034|C:\Windows\SYSTEM32\ntdll.dll+73691</Data><Data Name='SourceUser'>ATTACKBOX-WIN10\attacker</Data><Data Name='TargetUser'>ATTACKBOX-WIN10\attacker</Data></EventData></Event>
<Event xmlns='http://schemas.microsoft.com/win/2004/08/events/event'><System><Provider Name='Microsoft-Windows-Sysmon' Guid='{5770385F-C22A-43E0-BF4C-06F5698FFBD9}'/><EventID>10</EventID><Version>3</Version><Level>4</Level><Task>10</Task><Opcode>0</Opcode><Keywords>0x8000000000000000</Keywords><TimeCreated SystemTime='2024-04-30T15:37:17.080297300Z'/><EventRecordID>586032</EventRecordID><Correlation/><Execution ProcessID='2508' ThreadID='4412'/><Channel>Microsoft-Windows-Sysmon/Operational</Channel><Computer>AttackBox-Win10</Computer><Security UserID='S-1-5-18'/></System><EventData><Data Name='RuleName'>-</Data><Data Name='UtcTime'>2024-04-30 15:37:17.052</Data><Data Name='SourceProcessGUID'>{51A89197-3B96-654E-5D00-000000001D00}</Data><Data Name='SourceProcessId'>4372</Data><Data Name='SourceThreadId'>4944</Data><Data Name='SourceImage'>C:\Windows\Explorer.EXE</Data><Data Name='TargetProcessGUID'>{51A89197-1026-6631-1406-000000001D00}</Data><Data Name='TargetProcessId'>5828</Data><Data Name='TargetImage'>C:\temp\cmdrenamed.exe</Data><Data Name='GrantedAccess'>0x1000</Data><Data Name='CallTrace'>C:\Windows\SYSTEM32\ntdll.dll+9ae64|C:\Windows\System32\KERNELBASE.dll+2fd5d|C:\Windows\System32\NPSMDesktopProvider.dll+1e84e|C:\Windows\System32\NPSMDesktopProvider.dll+14882|C:\Windows\System32\NPSMDesktopProvider.dll+15001|C:\Windows\System32\NPSMDesktopProvider.dll+8f45|C:\Windows\system32\twinui.pcshell.dll+70c31|C:\Windows\system32\twinui.pcshell.dll+15606|C:\Windows\System32\user32.dll+16d41|C:\Windows\System32\user32.dll+16713|C:\Windows\System32\windows.immersiveshell.serviceprovider.dll+2e21b|C:\Windows\System32\windows.immersiveshell.serviceprovider.dll+2d7a4|C:\Windows\System32\windows.immersiveshell.serviceprovider.dll+2d2c0|C:\Windows\System32\windows.immersiveshell.serviceprovider.dll+2c772|C:\Windows\System32\KERNEL32.DLL+14034|C:\Windows\SYSTEM32\ntdll.dll+73691</Data><Data Name='SourceUser'>ATTACKBOX-WIN10\attacker</Data><Data Name='TargetUser'>ATTACKBOX-WIN10\attacker</Data></EventData></Event>
<Event xmlns='http://schemas.microsoft.com/win/2004/08/events/event'><System><Provider Name='Microsoft-Windows-Sysmon' Guid='{5770385F-C22A-43E0-BF4C-06F5698FFBD9}'/><EventID>10</EventID><Version>3</Version><Level>4</Level><Task>10</Task><Opcode>0</Opcode><Keywords>0x8000000000000000</Keywords><TimeCreated SystemTime='2024-04-30T15:37:17.080183600Z'/><EventRecordID>586031</EventRecordID><Correlation/><Execution ProcessID='2508' ThreadID='4412'/><Channel>Microsoft-Windows-Sysmon/Operational</Channel><Computer>AttackBox-Win10</Computer><Security UserID='S-1-5-18'/></System><EventData><Data Name='RuleName'>-</Data><Data Name='UtcTime'>2024-04-30 15:37:17.052</Data><Data Name='SourceProcessGUID'>{51A89197-3B96-654E-5D00-000000001D00}</Data><Data Name='SourceProcessId'>4372</Data><Data Name='SourceThreadId'>4944</Data><Data Name='SourceImage'>C:\Windows\Explorer.EXE</Data><Data Name='TargetProcessGUID'>{51A89197-1026-6631-1406-000000001D00}</Data><Data Name='TargetProcessId'>5828</Data><Data Name='TargetImage'>C:\temp\cmdrenamed.exe</Data><Data Name='GrantedAccess'>0x1000</Data><Data Name='CallTrace'>C:\Windows\SYSTEM32\ntdll.dll+9ae64|C:\Windows\System32\KERNELBASE.dll+2fd5d|C:\Windows\system32\twinui.pcshell.dll+7bf9c|C:\Windows\system32\twinui.pcshell.dll+2f390|C:\Windows\system32\twinui.pcshell.dll+2f4aa|C:\Windows\system32\twinui.pcshell.dll+70c31|C:\Windows\system32\twinui.pcshell.dll+15606|C:\Windows\System32\user32.dll+16d41|C:\Windows\System32\user32.dll+16713|C:\Windows\System32\windows.immersiveshell.serviceprovider.dll+2e21b|C:\Windows\System32\windows.immersiveshell.serviceprovider.dll+2d7a4|C:\Windows\System32\windows.immersiveshell.serviceprovider.dll+2d2c0|C:\Windows\System32\windows.immersiveshell.serviceprovider.dll+2c772|C:\Windows\System32\KERNEL32.DLL+14034|C:\Windows\SYSTEM32\ntdll.dll+73691</Data><Data Name='SourceUser'>ATTACKBOX-WIN10\attacker</Data><Data Name='TargetUser'>ATTACKBOX-WIN10\attacker</Data></EventData></Event>
<Event xmlns='http://schemas.microsoft.com/win/2004/08/events/event'><System><Provider Name='Microsoft-Windows-Sysmon' Guid='{5770385F-C22A-43E0-BF4C-06F5698FFBD9}'/><EventID>10</EventID><Version>3</Version><Level>4</Level><Task>10</Task><Opcode>0</Opcode><Keywords>0x8000000000000000</Keywords><TimeCreated SystemTime='2024-04-30T15:37:17.079908800Z'/><EventRecordID>586029</EventRecordID><Correlation/><Execution ProcessID='2508' ThreadID='4412'/><Channel>Microsoft-Windows-Sysmon/Operational</Channel><Computer>AttackBox-Win10</Computer><Security UserID='S-1-5-18'/></System><EventData><Data Name='RuleName'>-</Data><Data Name='UtcTime'>2024-04-30 15:37:17.052</Data><Data Name='SourceProcessGUID'>{51A89197-3B96-654E-5D00-000000001D00}</Data><Data Name='SourceProcessId'>4372</Data><Data Name='SourceThreadId'>4944</Data><Data Name='SourceImage'>C:\Windows\Explorer.EXE</Data><Data Name='TargetProcessGUID'>{51A89197-1026-6631-1406-000000001D00}</Data><Data Name='TargetProcessId'>5828</Data><Data Name='TargetImage'>C:\temp\cmdrenamed.exe</Data><Data Name='GrantedAccess'>0x2000</Data><Data Name='CallTrace'>C:\Windows\SYSTEM32\ntdll.dll+9ae64|C:\Windows\System32\KERNELBASE.dll+2fd5d|C:\Windows\system32\twinui.dll+2721c|C:\Windows\system32\twinui.dll+26569|C:\Windows\System32\user32.dll+16d41|C:\Windows\System32\user32.dll+16713|C:\Windows\System32\windows.immersiveshell.serviceprovider.dll+2e21b|C:\Windows\System32\windows.immersiveshell.serviceprovider.dll+2d7a4|C:\Windows\System32\windows.immersiveshell.serviceprovider.dll+2d2c0|C:\Windows\System32\windows.immersiveshell.serviceprovider.dll+2c772|C:\Windows\System32\KERNEL32.DLL+14034|C:\Windows\SYSTEM32\ntdll.dll+73691</Data><Data Name='SourceUser'>ATTACKBOX-WIN10\attacker</Data><Data Name='TargetUser'>ATTACKBOX-WIN10\attacker</Data></EventData></Event>
<Event xmlns='http://schemas.microsoft.com/win/2004/08/events/event'><System><Provider Name='Microsoft-Windows-Sysmon' Guid='{5770385F-C22A-43E0-BF4C-06F5698FFBD9}'/><EventID>10</EventID><Version>3</Version><Level>4</Level><Task>10</Task><Opcode>0</Opcode><Keywords>0x8000000000000000</Keywords><TimeCreated SystemTime='2024-04-30T15:37:17.079757300Z'/><EventRecordID>586028</EventRecordID><Correlation/><Execution ProcessID='2508' ThreadID='4412'/><Channel>Microsoft-Windows-Sysmon/Operational</Channel><Computer>AttackBox-Win10</Computer><Security UserID='S-1-5-18'/></System><EventData><Data Name='RuleName'>-</Data><Data Name='UtcTime'>2024-04-30 15:37:17.052</Data><Data Name='SourceProcessGUID'>{51A89197-3B96-654E-5D00-000000001D00}</Data><Data Name='SourceProcessId'>4372</Data><Data Name='SourceThreadId'>4944</Data><Data Name='SourceImage'>C:\Windows\Explorer.EXE</Data><Data Name='TargetProcessGUID'>{51A89197-1026-6631-1406-000000001D00}</Data><Data Name='TargetProcessId'>5828</Data><Data Name='TargetImage'>C:\temp\cmdrenamed.exe</Data><Data Name='GrantedAccess'>0x1000</Data><Data Name='CallTrace'>C:\Windows\SYSTEM32\ntdll.dll+9ae64|C:\Windows\System32\KERNELBASE.dll+2fd5d|C:\Windows\SYSTEM32\TWINAPI.dll+5fd1|C:\Windows\system32\twinui.pcshell.dll+37a43|C:\Windows\system32\twinui.pcshell.dll+3c009|C:\Windows\system32\twinui.dll+26542|C:\Windows\System32\user32.dll+16d41|C:\Windows\System32\user32.dll+16713|C:\Windows\System32\windows.immersiveshell.serviceprovider.dll+2e21b|C:\Windows\System32\windows.immersiveshell.serviceprovider.dll+2d7a4|C:\Windows\System32\windows.immersiveshell.serviceprovider.dll+2d2c0|C:\Windows\System32\windows.immersiveshell.serviceprovider.dll+2c772|C:\Windows\System32\KERNEL32.DLL+14034|C:\Windows\SYSTEM32\ntdll.dll+73691</Data><Data Name='SourceUser'>ATTACKBOX-WIN10\attacker</Data><Data Name='TargetUser'>ATTACKBOX-WIN10\attacker</Data></EventData></Event>
<Event xmlns='http://schemas.microsoft.com/win/2004/08/events/event'><System><Provider Name='Microsoft-Windows-Sysmon' Guid='{5770385F-C22A-43E0-BF4C-06F5698FFBD9}'/><EventID>10</EventID><Version>3</Version><Level>4</Level><Task>10</Task><Opcode>0</Opcode><Keywords>0x8000000000000000</Keywords><TimeCreated SystemTime='2024-04-30T15:37:17.043646700Z'/><EventRecordID>586021</EventRecordID><Correlation/><Execution ProcessID='2508' ThreadID='4412'/><Channel>Microsoft-Windows-Sysmon/Operational</Channel><Computer>AttackBox-Win10</Computer><Security UserID='S-1-5-18'/></System><EventData><Data Name='RuleName'>-</Data><Data Name='UtcTime'>2024-04-30 15:37:17.005</Data><Data Name='SourceProcessGUID'>{51A89197-3B96-654E-5D00-000000001D00}</Data><Data Name='SourceProcessId'>4372</Data><Data Name='SourceThreadId'>3968</Data><Data Name='SourceImage'>C:\Windows\Explorer.EXE</Data><Data Name='TargetProcessGUID'>{51A89197-1026-6631-1406-000000001D00}</Data><Data Name='TargetProcessId'>5828</Data><Data Name='TargetImage'>C:\temp\cmdrenamed.exe</Data><Data Name='GrantedAccess'>0x1410</Data><Data Name='CallTrace'>C:\Windows\SYSTEM32\ntdll.dll+9ae64|C:\Windows\System32\KERNELBASE.dll+2fd5d|C:\Windows\System32\appresolver.dll+215b0|C:\Windows\System32\appresolver.dll+1e7c5|C:\Windows\System32\appresolver.dll+1e4cf|C:\Windows\Explorer.EXE+60515|C:\Windows\Explorer.EXE+60304|C:\Windows\Explorer.EXE+6028d|C:\Windows\System32\windows.storage.dll+13ebf4|C:\Windows\System32\windows.storage.dll+13d943|C:\Windows\System32\windows.storage.dll+13d64f|C:\Windows\System32\shcore.dll+37056|C:\Windows\SYSTEM32\ntdll.dll+46975|C:\Windows\SYSTEM32\ntdll.dll+26a60|C:\Windows\System32\KERNEL32.DLL+14034|C:\Windows\SYSTEM32\ntdll.dll+73691</Data><Data Name='SourceUser'>ATTACKBOX-WIN10\attacker</Data><Data Name='TargetUser'>ATTACKBOX-WIN10\attacker</Data></EventData></Event>
<Event xmlns='http://schemas.microsoft.com/win/2004/08/events/event'><System><Provider Name='Microsoft-Windows-Sysmon' Guid='{5770385F-C22A-43E0-BF4C-06F5698FFBD9}'/><EventID>10</EventID><Version>3</Version><Level>4</Level><Task>10</Task><Opcode>0</Opcode><Keywords>0x8000000000000000</Keywords><TimeCreated SystemTime='2024-04-30T15:37:17.043535000Z'/><EventRecordID>586020</EventRecordID><Correlation/><Execution ProcessID='2508' ThreadID='4412'/><Channel>Microsoft-Windows-Sysmon/Operational</Channel><Computer>AttackBox-Win10</Computer><Security UserID='S-1-5-18'/></System><EventData><Data Name='RuleName'>-</Data><Data Name='UtcTime'>2024-04-30 15:37:17.005</Data><Data Name='SourceProcessGUID'>{51A89197-3B96-654E-5D00-000000001D00}</Data><Data Name='SourceProcessId'>4372</Data><Data Name='SourceThreadId'>3968</Data><Data Name='SourceImage'>C:\Windows\Explorer.EXE</Data><Data Name='TargetProcessGUID'>{51A89197-1026-6631-1406-000000001D00}</Data><Data Name='TargetProcessId'>5828</Data><Data Name='TargetImage'>C:\temp\cmdrenamed.exe</Data><Data Name='GrantedAccess'>0x1000</Data><Data Name='CallTrace'>C:\Windows\SYSTEM32\ntdll.dll+9ae64|C:\Windows\System32\KERNELBASE.dll+2fd5d|C:\Windows\System32\appresolver.dll+1e70f|C:\Windows\System32\appresolver.dll+1e4cf|C:\Windows\Explorer.EXE+60515|C:\Windows\Explorer.EXE+60304|C:\Windows\Explorer.EXE+6028d|C:\Windows\System32\windows.storage.dll+13ebf4|C:\Windows\System32\windows.storage.dll+13d943|C:\Windows\System32\windows.storage.dll+13d64f|C:\Windows\System32\shcore.dll+37056|C:\Windows\SYSTEM32\ntdll.dll+46975|C:\Windows\SYSTEM32\ntdll.dll+26a60|C:\Windows\System32\KERNEL32.DLL+14034|C:\Windows\SYSTEM32\ntdll.dll+73691</Data><Data Name='SourceUser'>ATTACKBOX-WIN10\attacker</Data><Data Name='TargetUser'>ATTACKBOX-WIN10\attacker</Data></EventData></Event>
<Event xmlns='http://schemas.microsoft.com/win/2004/08/events/event'><System><Provider Name='Microsoft-Windows-Sysmon' Guid='{5770385F-C22A-43E0-BF4C-06F5698FFBD9}'/><EventID>10</EventID><Version>3</Version><Level>4</Level><Task>10</Task><Opcode>0</Opcode><Keywords>0x8000000000000000</Keywords><TimeCreated SystemTime='2024-04-30T15:37:17.043424300Z'/><EventRecordID>586019</EventRecordID><Correlation/><Execution ProcessID='2508' ThreadID='4412'/><Channel>Microsoft-Windows-Sysmon/Operational</Channel><Computer>AttackBox-Win10</Computer><Security UserID='S-1-5-18'/></System><EventData><Data Name='RuleName'>-</Data><Data Name='UtcTime'>2024-04-30 15:37:17.005</Data><Data Name='SourceProcessGUID'>{51A89197-3B96-654E-5D00-000000001D00}</Data><Data Name='SourceProcessId'>4372</Data><Data Name='SourceThreadId'>3968</Data><Data Name='SourceImage'>C:\Windows\Explorer.EXE</Data><Data Name='TargetProcessGUID'>{51A89197-1026-6631-1406-000000001D00}</Data><Data Name='TargetProcessId'>5828</Data><Data Name='TargetImage'>C:\temp\cmdrenamed.exe</Data><Data Name='GrantedAccess'>0x1000</Data><Data Name='CallTrace'>C:\Windows\SYSTEM32\ntdll.dll+9ae64|C:\Windows\System32\KERNELBASE.dll+2fd5d|C:\Windows\System32\appresolver.dll+218a2|C:\Windows\System32\appresolver.dll+1e5de|C:\Windows\System32\appresolver.dll+1e4cf|C:\Windows\Explorer.EXE+60515|C:\Windows\Explorer.EXE+60304|C:\Windows\Explorer.EXE+6028d|C:\Windows\System32\windows.storage.dll+13ebf4|C:\Windows\System32\windows.storage.dll+13d943|C:\Windows\System32\windows.storage.dll+13d64f|C:\Windows\System32\shcore.dll+37056|C:\Windows\SYSTEM32\ntdll.dll+46975|C:\Windows\SYSTEM32\ntdll.dll+26a60|C:\Windows\System32\KERNEL32.DLL+14034|C:\Windows\SYSTEM32\ntdll.dll+73691</Data><Data Name='SourceUser'>ATTACKBOX-WIN10\attacker</Data><Data Name='TargetUser'>ATTACKBOX-WIN10\attacker</Data></EventData></Event>
<Event xmlns='http://schemas.microsoft.com/win/2004/08/events/event'><System><Provider Name='Microsoft-Windows-Sysmon' Guid='{5770385F-C22A-43E0-BF4C-06F5698FFBD9}'/><EventID>10</EventID><Version>3</Version><Level>4</Level><Task>10</Task><Opcode>0</Opcode><Keywords>0x8000000000000000</Keywords><TimeCreated SystemTime='2024-04-30T15:37:16.230605600Z'/><EventRecordID>585974</EventRecordID><Correlation/><Execution ProcessID='2508' ThreadID='4412'/><Channel>Microsoft-Windows-Sysmon/Operational</Channel><Computer>AttackBox-Win10</Computer><Security UserID='S-1-5-18'/></System><EventData><Data Name='RuleName'>-</Data><Data Name='UtcTime'>2024-04-30 15:37:16.224</Data><Data Name='SourceProcessGUID'>{51A89197-3B96-654E-5D00-000000001D00}</Data><Data Name='SourceProcessId'>4372</Data><Data Name='SourceThreadId'>5108</Data><Data Name='SourceImage'>C:\Windows\Explorer.EXE</Data><Data Name='TargetProcessGUID'>{51A89197-1026-6631-1406-000000001D00}</Data><Data Name='TargetProcessId'>5828</Data><Data Name='TargetImage'>C:\temp\cmdrenamed.exe</Data><Data Name='GrantedAccess'>0x2000</Data><Data Name='CallTrace'>C:\Windows\SYSTEM32\ntdll.dll+9ae64|C:\Windows\System32\KERNELBASE.dll+2fd5d|C:\Windows\system32\twinui.dll+27d39|C:\Windows\SYSTEM32\ntdll.dll+2a205|C:\Windows\SYSTEM32\ntdll.dll+26a3d|C:\Windows\System32\KERNEL32.DLL+14034|C:\Windows\SYSTEM32\ntdll.dll+73691</Data><Data Name='SourceUser'>ATTACKBOX-WIN10\attacker</Data><Data Name='TargetUser'>ATTACKBOX-WIN10\attacker</Data></EventData></Event>
<Event xmlns='http://schemas.microsoft.com/win/2004/08/events/event'><System><Provider Name='Microsoft-Windows-Sysmon' Guid='{5770385F-C22A-43E0-BF4C-06F5698FFBD9}'/><EventID>10</EventID><Version>3</Version><Level>4</Level><Task>10</Task><Opcode>0</Opcode><Keywords>0x8000000000000000</Keywords><TimeCreated SystemTime='2024-04-30T15:37:13.201186600Z'/><EventRecordID>585935</EventRecordID><Correlation/><Execution ProcessID='2508' ThreadID='4412'/><Channel>Microsoft-Windows-Sysmon/Operational</Channel><Computer>AttackBox-Win10</Computer><Security UserID='S-1-5-18'/></System><EventData><Data Name='RuleName'>-</Data><Data Name='UtcTime'>2024-04-30 15:37:13.177</Data><Data Name='SourceProcessGUID'>{51A89197-3B96-654E-5D00-000000001D00}</Data><Data Name='SourceProcessId'>4372</Data><Data Name='SourceThreadId'>4944</Data><Data Name='SourceImage'>C:\Windows\Explorer.EXE</Data><Data Name='TargetProcessGUID'>{51A89197-1026-6631-1406-000000001D00}</Data><Data Name='TargetProcessId'>5828</Data><Data Name='TargetImage'>C:\temp\cmdrenamed.exe</Data><Data Name='GrantedAccess'>0x1000</Data><Data Name='CallTrace'>C:\Windows\SYSTEM32\ntdll.dll+9ae64|C:\Windows\System32\KERNELBASE.dll+2fd5d|C:\Windows\system32\twinui.pcshell.dll+7bf9c|C:\Windows\system32\twinui.pcshell.dll+2f390|C:\Windows\system32\twinui.pcshell.dll+2f615|C:\Windows\system32\twinui.pcshell.dll+70c31|C:\Windows\system32\twinui.pcshell.dll+15606|C:\Windows\System32\user32.dll+16d41|C:\Windows\System32\user32.dll+16713|C:\Windows\System32\windows.immersiveshell.serviceprovider.dll+2e21b|C:\Windows\System32\windows.immersiveshell.serviceprovider.dll+2d7a4|C:\Windows\System32\windows.immersiveshell.serviceprovider.dll+2d2c0|C:\Windows\System32\windows.immersiveshell.serviceprovider.dll+2c772|C:\Windows\System32\KERNEL32.DLL+14034|C:\Windows\SYSTEM32\ntdll.dll+73691</Data><Data Name='SourceUser'>ATTACKBOX-WIN10\attacker</Data><Data Name='TargetUser'>ATTACKBOX-WIN10\attacker</Data></EventData></Event>
<Event xmlns='http://schemas.microsoft.com/win/2004/08/events/event'><System><Provider Name='Microsoft-Windows-Sysmon' Guid='{5770385F-C22A-43E0-BF4C-06F5698FFBD9}'/><EventID>10</EventID><Version>3</Version><Level>4</Level><Task>10</Task><Opcode>0</Opcode><Keywords>0x8000000000000000</Keywords><TimeCreated SystemTime='2024-04-30T15:37:11.543078400Z'/><EventRecordID>585897</EventRecordID><Correlation/><Execution ProcessID='2508' ThreadID='4412'/><Channel>Microsoft-Windows-Sysmon/Operational</Channel><Computer>AttackBox-Win10</Computer><Security UserID='S-1-5-18'/></System><EventData><Data Name='RuleName'>-</Data><Data Name='UtcTime'>2024-04-30 15:37:11.536</Data><Data Name='SourceProcessGUID'>{51A89197-3B96-654E-5D00-000000001D00}</Data><Data Name='SourceProcessId'>4372</Data><Data Name='SourceThreadId'>4624</Data><Data Name='SourceImage'>C:\Windows\Explorer.EXE</Data><Data Name='TargetProcessGUID'>{51A89197-1026-6631-1406-000000001D00}</Data><Data Name='TargetProcessId'>5828</Data><Data Name='TargetImage'>C:\temp\cmdrenamed.exe</Data><Data Name='GrantedAccess'>0x1000</Data><Data Name='CallTrace'>C:\Windows\SYSTEM32\ntdll.dll+9ae64|C:\Windows\System32\KERNELBASE.dll+2fd5d|C:\Windows\Explorer.EXE+5ce10|C:\Windows\Explorer.EXE+474ab|C:\Windows\Explorer.EXE+45c22|C:\Windows\System32\user32.dll+16d41|C:\Windows\System32\user32.dll+1690b|C:\Windows\WinSxS\amd64_microsoft.windows.common-controls_6595b64144ccf1df_6.0.17134.706_none_fb43a2cb30647007\comctl32.dll+2d96b|C:\Windows\WinSxS\amd64_microsoft.windows.common-controls_6595b64144ccf1df_6.0.17134.706_none_fb43a2cb30647007\comctl32.dll+2d737|C:\Program Files\Open-Shell\StartMenuDLL.dll+1b4ef|C:\Windows\WinSxS\amd64_microsoft.windows.common-controls_6595b64144ccf1df_6.0.17134.706_none_fb43a2cb30647007\comctl32.dll+2d9c7|C:\Windows\WinSxS\amd64_microsoft.windows.common-controls_6595b64144ccf1df_6.0.17134.706_none_fb43a2cb30647007\comctl32.dll+2d802|C:\Windows\System32\user32.dll+16d41|C:\Windows\System32\user32.dll+16713|C:\Windows\Explorer.EXE+4a2d2|C:\Windows\Explorer.EXE+937a3|C:\Windows\System32\shcore.dll+33fb5|C:\Windows\System32\KERNEL32.DLL+14034|C:\Windows\SYSTEM32\ntdll.dll+73691</Data><Data Name='SourceUser'>ATTACKBOX-WIN10\attacker</Data><Data Name='TargetUser'>ATTACKBOX-WIN10\attacker</Data></EventData></Event>
<Event xmlns='http://schemas.microsoft.com/win/2004/08/events/event'><System><Provider Name='Microsoft-Windows-Sysmon' Guid='{5770385F-C22A-43E0-BF4C-06F5698FFBD9}'/><EventID>7</EventID><Version>3</Version><Level>4</Level><Task>7</Task><Opcode>0</Opcode><Keywords>0x8000000000000000</Keywords><TimeCreated SystemTime='2024-04-30T15:37:11.439075800Z'/><EventRecordID>585881</EventRecordID><Correlation/><Execution ProcessID='2508' ThreadID='4412'/><Channel>Microsoft-Windows-Sysmon/Operational</Channel><Computer>AttackBox-Win10</Computer><Security UserID='S-1-5-18'/></System><EventData><Data Name='RuleName'>-</Data><Data Name='UtcTime'>2024-04-30 15:37:11.427</Data><Data Name='ProcessGuid'>{51A89197-1026-6631-1406-000000001D00}</Data><Data Name='ProcessId'>5828</Data><Data Name='Image'>C:\Temp\cmdrenamed.exe</Data><Data Name='ImageLoaded'>C:\Windows\System32\advapi32.dll</Data><Data Name='FileVersion'>10.0.17134.471 (WinBuild.160101.0800)</Data><Data Name='Description'>Advanced Windows 32 Base API</Data><Data Name='Product'>Microsoft® Windows® Operating System</Data><Data Name='Company'>Microsoft Corporation</Data><Data Name='OriginalFileName'>advapi32.dll</Data><Data Name='Hashes'>SHA1=86DE00DCF65B3AC656158B829053AFC368BD647F,MD5=C102A6FF0FE651242BE9A4BE3E579106,SHA256=EF117B762C2C680D181CF4119FF611C9DE46FCEA6B60775E746541F5DD8F1CD0,IMPHASH=0475FE4DD54AD7F28E679FF261C67BF3</Data><Data Name='Signed'>true</Data><Data Name='Signature'>Microsoft Windows</Data><Data Name='SignatureStatus'>Valid</Data><Data Name='User'>ATTACKBOX-WIN10\attacker</Data></EventData></Event>
<Event xmlns='http://schemas.microsoft.com/win/2004/08/events/event'><System><Provider Name='Microsoft-Windows-Sysmon' Guid='{5770385F-C22A-43E0-BF4C-06F5698FFBD9}'/><EventID>7</EventID><Version>3</Version><Level>4</Level><Task>7</Task><Opcode>0</Opcode><Keywords>0x8000000000000000</Keywords><TimeCreated SystemTime='2024-04-30T15:37:11.438803700Z'/><EventRecordID>585880</EventRecordID><Correlation/><Execution ProcessID='2508' ThreadID='4412'/><Channel>Microsoft-Windows-Sysmon/Operational</Channel><Computer>AttackBox-Win10</Computer><Security UserID='S-1-5-18'/></System><EventData><Data Name='RuleName'>-</Data><Data Name='UtcTime'>2024-04-30 15:37:11.427</Data><Data Name='ProcessGuid'>{51A89197-1026-6631-1406-000000001D00}</Data><Data Name='ProcessId'>5828</Data><Data Name='Image'>C:\Temp\cmdrenamed.exe</Data><Data Name='ImageLoaded'>C:\Windows\System32\wintrust.dll</Data><Data Name='FileVersion'>10.0.17134.556 (WinBuild.160101.0800)</Data><Data Name='Description'>Microsoft Trust Verification APIs</Data><Data Name='Product'>Microsoft® Windows® Operating System</Data><Data Name='Company'>Microsoft Corporation</Data><Data Name='OriginalFileName'>WINTRUST.DLL</Data><Data Name='Hashes'>SHA1=9CC7DA2B533952E7F4F6CC730871C5297326E2E9,MD5=642F9E6EBD059A9DE2E4C88DA02A2B33,SHA256=CCBDABCEDE143A2352B3FAB8A8E2A02B871CFFA826318E379B82ADD6C586D1C2,IMPHASH=A67EC84098A89C564A7957E55727E43F</Data><Data Name='Signed'>true</Data><Data Name='Signature'>Microsoft Windows</Data><Data Name='SignatureStatus'>Valid</Data><Data Name='User'>ATTACKBOX-WIN10\attacker</Data></EventData></Event>
<Event xmlns='http://schemas.microsoft.com/win/2004/08/events/event'><System><Provider Name='Microsoft-Windows-Sysmon' Guid='{5770385F-C22A-43E0-BF4C-06F5698FFBD9}'/><EventID>7</EventID><Version>3</Version><Level>4</Level><Task>7</Task><Opcode>0</Opcode><Keywords>0x8000000000000000</Keywords><TimeCreated SystemTime='2024-04-30T15:37:11.438514100Z'/><EventRecordID>585879</EventRecordID><Correlation/><Execution ProcessID='2508' ThreadID='4412'/><Channel>Microsoft-Windows-Sysmon/Operational</Channel><Computer>AttackBox-Win10</Computer><Security UserID='S-1-5-18'/></System><EventData><Data Name='RuleName'>-</Data><Data Name='UtcTime'>2024-04-30 15:37:11.427</Data><Data Name='ProcessGuid'>{51A89197-1026-6631-1406-000000001D00}</Data><Data Name='ProcessId'>5828</Data><Data Name='Image'>C:\Temp\cmdrenamed.exe</Data><Data Name='ImageLoaded'>C:\Windows\System32\msasn1.dll</Data><Data Name='FileVersion'>10.0.17134.1 (WinBuild.160101.0800)</Data><Data Name='Description'>ASN.1 Runtime APIs</Data><Data Name='Product'>Microsoft® Windows® Operating System</Data><Data Name='Company'>Microsoft Corporation</Data><Data Name='OriginalFileName'>msasn1.dll</Data><Data Name='Hashes'>SHA1=45822B434605A4D1C60C814263F341C9D4D5A84C,MD5=31F9783D0EC7C6ED7E7C1A964C4E3614,SHA256=21AED93FAFDFDA3049D77EA8D4C14369A6157A9AAC6ABA86E9A56DAE500BD5DD,IMPHASH=BDACB2E2B23E3493547E6859F06D493F</Data><Data Name='Signed'>true</Data><Data Name='Signature'>Microsoft Windows</Data><Data Name='SignatureStatus'>Valid</Data><Data Name='User'>ATTACKBOX-WIN10\attacker</Data></EventData></Event>
<Event xmlns='http://schemas.microsoft.com/win/2004/08/events/event'><System><Provider Name='Microsoft-Windows-Sysmon' Guid='{5770385F-C22A-43E0-BF4C-06F5698FFBD9}'/><EventID>7</EventID><Version>3</Version><Level>4</Level><Task>7</Task><Opcode>0</Opcode><Keywords>0x8000000000000000</Keywords><TimeCreated SystemTime='2024-04-30T15:37:11.438242200Z'/><EventRecordID>585878</EventRecordID><Correlation/><Execution ProcessID='2508' ThreadID='4412'/><Channel>Microsoft-Windows-Sysmon/Operational</Channel><Computer>AttackBox-Win10</Computer><Security UserID='S-1-5-18'/></System><EventData><Data Name='RuleName'>-</Data><Data Name='UtcTime'>2024-04-30 15:37:11.427</Data><Data Name='ProcessGuid'>{51A89197-1026-6631-1406-000000001D00}</Data><Data Name='ProcessId'>5828</Data><Data Name='Image'>C:\Temp\cmdrenamed.exe</Data><Data Name='ImageLoaded'>C:\Windows\System32\crypt32.dll</Data><Data Name='FileVersion'>10.0.17134.1 (WinBuild.160101.0800)</Data><Data Name='Description'>Crypto API32</Data><Data Name='Product'>Microsoft® Windows® Operating System</Data><Data Name='Company'>Microsoft Corporation</Data><Data Name='OriginalFileName'>CRYPT32.DLL</Data><Data Name='Hashes'>SHA1=42B8241C53758256244017D89752932C57581C80,MD5=04B1E9B60F8ABDF718135BD62D8E554D,SHA256=332B99071E6D8A0DD110C6C1F0A76898773E6661840FED804101DD7173B6C577,IMPHASH=D2996D954533896638CFB94FD38EEE56</Data><Data Name='Signed'>true</Data><Data Name='Signature'>Microsoft Windows</Data><Data Name='SignatureStatus'>Valid</Data><Data Name='User'>ATTACKBOX-WIN10\attacker</Data></EventData></Event>
<Event xmlns='http://schemas.microsoft.com/win/2004/08/events/event'><System><Provider Name='Microsoft-Windows-Sysmon' Guid='{5770385F-C22A-43E0-BF4C-06F5698FFBD9}'/><EventID>7</EventID><Version>3</Version><Level>4</Level><Task>7</Task><Opcode>0</Opcode><Keywords>0x8000000000000000</Keywords><TimeCreated SystemTime='2024-04-30T15:37:11.437939400Z'/><EventRecordID>585877</EventRecordID><Correlation/><Execution ProcessID='2508' ThreadID='4412'/><Channel>Microsoft-Windows-Sysmon/Operational</Channel><Computer>AttackBox-Win10</Computer><Security UserID='S-1-5-18'/></System><EventData><Data Name='RuleName'>-</Data><Data Name='UtcTime'>2024-04-30 15:37:11.427</Data><Data Name='ProcessGuid'>{51A89197-1026-6631-1406-000000001D00}</Data><Data Name='ProcessId'>5828</Data><Data Name='Image'>C:\Temp\cmdrenamed.exe</Data><Data Name='ImageLoaded'>C:\Windows\System32\sechost.dll</Data><Data Name='FileVersion'>10.0.17134.319 (WinBuild.160101.0800)</Data><Data Name='Description'>Host for SCM/SDDL/LSA Lookup APIs</Data><Data Name='Product'>Microsoft® Windows® Operating System</Data><Data Name='Company'>Microsoft Corporation</Data><Data Name='OriginalFileName'>sechost.dll</Data><Data Name='Hashes'>SHA1=136453020D3A1C3F87829F7BD83C7B36C0A27805,MD5=AB7AA9E1AE57362E4E78703E3A2D5A7D,SHA256=8198A73682BA00568EDAFD2091E4AFAC6F33C361CCBADC5BD23154B362911CA8,IMPHASH=1ABE74A44180732951AB6EDFA1AA0282</Data><Data Name='Signed'>true</Data><Data Name='Signature'>Microsoft Windows</Data><Data Name='SignatureStatus'>Valid</Data><Data Name='User'>ATTACKBOX-WIN10\attacker</Data></EventData></Event>
<Event xmlns='http://schemas.microsoft.com/win/2004/08/events/event'><System><Provider Name='Microsoft-Windows-Sysmon' Guid='{5770385F-C22A-43E0-BF4C-06F5698FFBD9}'/><EventID>7</EventID><Version>3</Version><Level>4</Level><Task>7</Task><Opcode>0</Opcode><Keywords>0x8000000000000000</Keywords><TimeCreated SystemTime='2024-04-30T15:37:11.437326300Z'/><EventRecordID>585876</EventRecordID><Correlation/><Execution ProcessID='2508' ThreadID='4412'/><Channel>Microsoft-Windows-Sysmon/Operational</Channel><Computer>AttackBox-Win10</Computer><Security UserID='S-1-5-18'/></System><EventData><Data Name='RuleName'>-</Data><Data Name='UtcTime'>2024-04-30 15:37:11.427</Data><Data Name='ProcessGuid'>{51A89197-1026-6631-1406-000000001D00}</Data><Data Name='ProcessId'>5828</Data><Data Name='Image'>C:\Temp\cmdrenamed.exe</Data><Data Name='ImageLoaded'>C:\Windows\System32\bcryptprimitives.dll</Data><Data Name='FileVersion'>10.0.17134.1 (WinBuild.160101.0800)</Data><Data Name='Description'>Windows Cryptographic Primitives Library</Data><Data Name='Product'>Microsoft® Windows® Operating System</Data><Data Name='Company'>Microsoft Corporation</Data><Data Name='OriginalFileName'>bcryptprimitives.dll</Data><Data Name='Hashes'>SHA1=77017C919E2B8BFF4624E7C91CB8E3360B64E963,MD5=211D98BDF8BB67866F169DC23ECABA5B,SHA256=60B16451000BF1DDC1E1CF1CE27526A259987E712D80D49C87A448E9FB70DE5C,IMPHASH=C7FCD14944F90184E7A61DBD9322926B</Data><Data Name='Signed'>true</Data><Data Name='Signature'>Microsoft Windows</Data><Data Name='SignatureStatus'>Valid</Data><Data Name='User'>ATTACKBOX-WIN10\attacker</Data></EventData></Event>
<Event xmlns='http://schemas.microsoft.com/win/2004/08/events/event'><System><Provider Name='Microsoft-Windows-Sysmon' Guid='{5770385F-C22A-43E0-BF4C-06F5698FFBD9}'/><EventID>7</EventID><Version>3</Version><Level>4</Level><Task>7</Task><Opcode>0</Opcode><Keywords>0x8000000000000000</Keywords><TimeCreated SystemTime='2024-04-30T15:37:11.437030100Z'/><EventRecordID>585875</EventRecordID><Correlation/><Execution ProcessID='2508' ThreadID='4412'/><Channel>Microsoft-Windows-Sysmon/Operational</Channel><Computer>AttackBox-Win10</Computer><Security UserID='S-1-5-18'/></System><EventData><Data Name='RuleName'>-</Data><Data Name='UtcTime'>2024-04-30 15:37:11.427</Data><Data Name='ProcessGuid'>{51A89197-1026-6631-1406-000000001D00}</Data><Data Name='ProcessId'>5828</Data><Data Name='Image'>C:\Temp\cmdrenamed.exe</Data><Data Name='ImageLoaded'>C:\Windows\System32\rpcrt4.dll</Data><Data Name='FileVersion'>10.0.17134.648 (WinBuild.160101.0800)</Data><Data Name='Description'>Remote Procedure Call Runtime</Data><Data Name='Product'>Microsoft® Windows® Operating System</Data><Data Name='Company'>Microsoft Corporation</Data><Data Name='OriginalFileName'>rpcrt4.dll</Data><Data Name='Hashes'>SHA1=95466888B0062EE59588D02F897FEEB2D6AE5E7C,MD5=B76F8A048F5A0A05018D2413694D4DAA,SHA256=C5C37A2000626137DCDFF1D3D895C2CAE55C31925A787621783F2B750A05CE4C,IMPHASH=8D57648E6B44F7EEB8EC42A52C4DE444</Data><Data Name='Signed'>true</Data><Data Name='Signature'>Microsoft Windows</Data><Data Name='SignatureStatus'>Valid</Data><Data Name='User'>ATTACKBOX-WIN10\attacker</Data></EventData></Event>
<Event xmlns='http://schemas.microsoft.com/win/2004/08/events/event'><System><Provider Name='Microsoft-Windows-Sysmon' Guid='{5770385F-C22A-43E0-BF4C-06F5698FFBD9}'/><EventID>7</EventID><Version>3</Version><Level>4</Level><Task>7</Task><Opcode>0</Opcode><Keywords>0x8000000000000000</Keywords><TimeCreated SystemTime='2024-04-30T15:37:11.436718900Z'/><EventRecordID>585874</EventRecordID><Correlation/><Execution ProcessID='2508' ThreadID='4412'/><Channel>Microsoft-Windows-Sysmon/Operational</Channel><Computer>AttackBox-Win10</Computer><Security UserID='S-1-5-18'/></System><EventData><Data Name='RuleName'>-</Data><Data Name='UtcTime'>2024-04-30 15:37:11.427</Data><Data Name='ProcessGuid'>{51A89197-1026-6631-1406-000000001D00}</Data><Data Name='ProcessId'>5828</Data><Data Name='Image'>C:\Temp\cmdrenamed.exe</Data><Data Name='ImageLoaded'>C:\Windows\System32\ucrtbase.dll</Data><Data Name='FileVersion'>10.0.17134.677 (WinBuild.160101.0800)</Data><Data Name='Description'>Microsoft® C Runtime Library</Data><Data Name='Product'>Microsoft® Windows® Operating System</Data><Data Name='Company'>Microsoft Corporation</Data><Data Name='OriginalFileName'>ucrtbase.dll</Data><Data Name='Hashes'>SHA1=14205F96B616C35F66B36978C1868D13FB0D5598,MD5=1F7D0DEFBA3C793F018F7D10ECDEAB8D,SHA256=0797F4A5EAA5BA3C35287F0D75084A9E7805596D199B66EB00DED9D865E275B6,IMPHASH=EA4D5E085D5BBDBD19DCCE14D926B29E</Data><Data Name='Signed'>true</Data><Data Name='Signature'>Microsoft Windows</Data><Data Name='SignatureStatus'>Valid</Data><Data Name='User'>ATTACKBOX-WIN10\attacker</Data></EventData></Event>
<Event xmlns='http://schemas.microsoft.com/win/2004/08/events/event'><System><Provider Name='Microsoft-Windows-Sysmon' Guid='{5770385F-C22A-43E0-BF4C-06F5698FFBD9}'/><EventID>7</EventID><Version>3</Version><Level>4</Level><Task>7</Task><Opcode>0</Opcode><Keywords>0x8000000000000000</Keywords><TimeCreated SystemTime='2024-04-30T15:37:11.436387400Z'/><EventRecordID>585873</EventRecordID><Correlation/><Execution ProcessID='2508' ThreadID='4412'/><Channel>Microsoft-Windows-Sysmon/Operational</Channel><Computer>AttackBox-Win10</Computer><Security UserID='S-1-5-18'/></System><EventData><Data Name='RuleName'>-</Data><Data Name='UtcTime'>2024-04-30 15:37:11.427</Data><Data Name='ProcessGuid'>{51A89197-1026-6631-1406-000000001D00}</Data><Data Name='ProcessId'>5828</Data><Data Name='Image'>C:\Temp\cmdrenamed.exe</Data><Data Name='ImageLoaded'>C:\Windows\System32\combase.dll</Data><Data Name='FileVersion'>10.0.17134.619 (WinBuild.160101.0800)</Data><Data Name='Description'>Microsoft COM for Windows</Data><Data Name='Product'>Microsoft® Windows® Operating System</Data><Data Name='Company'>Microsoft Corporation</Data><Data Name='OriginalFileName'>COMBASE.DLL</Data><Data Name='Hashes'>SHA1=77A271F5B8DECC7D668F833B3769AC3A7637874D,MD5=2471D4FEEFD93183284363E012C04C7C,SHA256=88BEE99EAE4A1A97E10D749D807DD03C7B092B4CAFFA78DDCAEB0FCFC5E3E661,IMPHASH=FE529835066894B316B2106B974FB01B</Data><Data Name='Signed'>true</Data><Data Name='Signature'>Microsoft Windows</Data><Data Name='SignatureStatus'>Valid</Data><Data Name='User'>ATTACKBOX-WIN10\attacker</Data></EventData></Event>
<Event xmlns='http://schemas.microsoft.com/win/2004/08/events/event'><System><Provider Name='Microsoft-Windows-Sysmon' Guid='{5770385F-C22A-43E0-BF4C-06F5698FFBD9}'/><EventID>7</EventID><Version>3</Version><Level>4</Level><Task>7</Task><Opcode>0</Opcode><Keywords>0x8000000000000000</Keywords><TimeCreated SystemTime='2024-04-30T15:37:11.436069100Z'/><EventRecordID>585872</EventRecordID><Correlation/><Execution ProcessID='2508' ThreadID='4412'/><Channel>Microsoft-Windows-Sysmon/Operational</Channel><Computer>AttackBox-Win10</Computer><Security UserID='S-1-5-18'/></System><EventData><Data Name='RuleName'>-</Data><Data Name='UtcTime'>2024-04-30 15:37:11.412</Data><Data Name='ProcessGuid'>{51A89197-1026-6631-1406-000000001D00}</Data><Data Name='ProcessId'>5828</Data><Data Name='Image'>C:\Temp\cmdrenamed.exe</Data><Data Name='ImageLoaded'>C:\Windows\System32\wldp.dll</Data><Data Name='FileVersion'>10.0.17134.556 (WinBuild.160101.0800)</Data><Data Name='Description'>Windows Lockdown Policy</Data><Data Name='Product'>Microsoft® Windows® Operating System</Data><Data Name='Company'>Microsoft Corporation</Data><Data Name='OriginalFileName'>wldp.dll</Data><Data Name='Hashes'>SHA1=79B0DE9E4E786D09F54E8700D31DD87D6341F30C,MD5=1342AF5B645A8BC05F6DFB8C8FA3EE42,SHA256=66930691B0C88337669DF46E90FED30C85141A3CB5C35C3D310CA6831CAD969D,IMPHASH=EE81985E2FFC06F215A4F96631CAEC8C</Data><Data Name='Signed'>true</Data><Data Name='Signature'>Microsoft Windows</Data><Data Name='SignatureStatus'>Valid</Data><Data Name='User'>ATTACKBOX-WIN10\attacker</Data></EventData></Event>
<Event xmlns='http://schemas.microsoft.com/win/2004/08/events/event'><System><Provider Name='Microsoft-Windows-Sysmon' Guid='{5770385F-C22A-43E0-BF4C-06F5698FFBD9}'/><EventID>7</EventID><Version>3</Version><Level>4</Level><Task>7</Task><Opcode>0</Opcode><Keywords>0x8000000000000000</Keywords><TimeCreated SystemTime='2024-04-30T15:37:11.435504600Z'/><EventRecordID>585871</EventRecordID><Correlation/><Execution ProcessID='2508' ThreadID='4412'/><Channel>Microsoft-Windows-Sysmon/Operational</Channel><Computer>AttackBox-Win10</Computer><Security UserID='S-1-5-18'/></System><EventData><Data Name='RuleName'>-</Data><Data Name='UtcTime'>2024-04-30 15:37:11.412</Data><Data Name='ProcessGuid'>{51A89197-1026-6631-1406-000000001D00}</Data><Data Name='ProcessId'>5828</Data><Data Name='Image'>C:\Temp\cmdrenamed.exe</Data><Data Name='ImageLoaded'>C:\Windows\System32\winbrand.dll</Data><Data Name='FileVersion'>10.0.17134.1 (WinBuild.160101.0800)</Data><Data Name='Description'>Windows Branding Resources</Data><Data Name='Product'>Microsoft® Windows® Operating System</Data><Data Name='Company'>Microsoft Corporation</Data><Data Name='OriginalFileName'>winbrand.dll</Data><Data Name='Hashes'>SHA1=6673C69B90E4B398C9997CB6AA0D73BD8E8E43C7,MD5=FB6DFED4E3B62D2AD496A779A997CE1B,SHA256=8008EB72EFE222EFFE3E6C0DDA810799D6D3C7B435F66562B6F51987A110E5EB,IMPHASH=42C25F6F081B2AC2B17D50AB1EB7388B</Data><Data Name='Signed'>true</Data><Data Name='Signature'>Microsoft Windows</Data><Data Name='SignatureStatus'>Valid</Data><Data Name='User'>ATTACKBOX-WIN10\attacker</Data></EventData></Event>
<Event xmlns='http://schemas.microsoft.com/win/2004/08/events/event'><System><Provider Name='Microsoft-Windows-Sysmon' Guid='{5770385F-C22A-43E0-BF4C-06F5698FFBD9}'/><EventID>10</EventID><Version>3</Version><Level>4</Level><Task>10</Task><Opcode>0</Opcode><Keywords>0x8000000000000000</Keywords><TimeCreated SystemTime='2024-04-30T15:37:11.384610000Z'/><EventRecordID>585852</EventRecordID><Correlation/><Execution ProcessID='2508' ThreadID='4412'/><Channel>Microsoft-Windows-Sysmon/Operational</Channel><Computer>AttackBox-Win10</Computer><Security UserID='S-1-5-18'/></System><EventData><Data Name='RuleName'>-</Data><Data Name='UtcTime'>2024-04-30 15:37:11.365</Data><Data Name='SourceProcessGUID'>{51A89197-3B96-654E-5D00-000000001D00}</Data><Data Name='SourceProcessId'>4372</Data><Data Name='SourceThreadId'>912</Data><Data Name='SourceImage'>C:\Windows\Explorer.EXE</Data><Data Name='TargetProcessGUID'>{51A89197-1026-6631-1406-000000001D00}</Data><Data Name='TargetProcessId'>5828</Data><Data Name='TargetImage'>C:\temp\cmdrenamed.exe</Data><Data Name='GrantedAccess'>0x1000</Data><Data Name='CallTrace'>C:\Windows\SYSTEM32\ntdll.dll+9ae64|C:\Windows\System32\KERNELBASE.dll+2fd5d|C:\Windows\System32\TaskFlowDataEngine.dll+78e25|C:\Windows\System32\TaskFlowDataEngine.dll+78abe|C:\Windows\System32\TaskFlowDataEngine.dll+7b24d|C:\Windows\System32\TaskFlowDataEngine.dll+7b5c2|C:\Windows\System32\TaskFlowDataEngine.dll+77c69|C:\Windows\System32\TaskFlowDataEngine.dll+75eb3|C:\Windows\System32\TaskFlowDataEngine.dll+74f32|C:\Windows\System32\TaskFlowDataEngine.dll+7fbd1|C:\Windows\System32\TaskFlowDataEngine.dll+16ae5|C:\Windows\System32\TaskFlowDataEngine.dll+16d2d|C:\Windows\System32\TaskFlowDataEngine.dll+16d69|C:\Windows\System32\KERNEL32.DLL+14034|C:\Windows\SYSTEM32\ntdll.dll+73691</Data><Data Name='SourceUser'>ATTACKBOX-WIN10\attacker</Data><Data Name='TargetUser'>ATTACKBOX-WIN10\attacker</Data></EventData></Event>
<Event xmlns='http://schemas.microsoft.com/win/2004/08/events/event'><System><Provider Name='Microsoft-Windows-Sysmon' Guid='{5770385F-C22A-43E0-BF4C-06F5698FFBD9}'/><EventID>10</EventID><Version>3</Version><Level>4</Level><Task>10</Task><Opcode>0</Opcode><Keywords>0x8000000000000000</Keywords><TimeCreated SystemTime='2024-04-30T15:37:11.384325500Z'/><EventRecordID>585850</EventRecordID><Correlation/><Execution ProcessID='2508' ThreadID='4412'/><Channel>Microsoft-Windows-Sysmon/Operational</Channel><Computer>AttackBox-Win10</Computer><Security UserID='S-1-5-18'/></System><EventData><Data Name='RuleName'>-</Data><Data Name='UtcTime'>2024-04-30 15:37:11.365</Data><Data Name='SourceProcessGUID'>{51A89197-3B96-654E-5D00-000000001D00}</Data><Data Name='SourceProcessId'>4372</Data><Data Name='SourceThreadId'>912</Data><Data Name='SourceImage'>C:\Windows\Explorer.EXE</Data><Data Name='TargetProcessGUID'>{51A89197-1026-6631-1406-000000001D00}</Data><Data Name='TargetProcessId'>5828</Data><Data Name='TargetImage'>C:\temp\cmdrenamed.exe</Data><Data Name='GrantedAccess'>0x1000</Data><Data Name='CallTrace'>C:\Windows\SYSTEM32\ntdll.dll+9ae64|C:\Windows\System32\KERNELBASE.dll+2fd5d|C:\Windows\System32\TaskFlowDataEngine.dll+78e25|C:\Windows\System32\TaskFlowDataEngine.dll+785cb|C:\Windows\System32\TaskFlowDataEngine.dll+78129|C:\Windows\System32\TaskFlowDataEngine.dll+77c3d|C:\Windows\System32\TaskFlowDataEngine.dll+75eb3|C:\Windows\System32\TaskFlowDataEngine.dll+74f32|C:\Windows\System32\TaskFlowDataEngine.dll+7fbd1|C:\Windows\System32\TaskFlowDataEngine.dll+16ae5|C:\Windows\System32\TaskFlowDataEngine.dll+16d2d|C:\Windows\System32\TaskFlowDataEngine.dll+16d69|C:\Windows\System32\KERNEL32.DLL+14034|C:\Windows\SYSTEM32\ntdll.dll+73691</Data><Data Name='SourceUser'>ATTACKBOX-WIN10\attacker</Data><Data Name='TargetUser'>ATTACKBOX-WIN10\attacker</Data></EventData></Event>
<Event xmlns='http://schemas.microsoft.com/win/2004/08/events/event'><System><Provider Name='Microsoft-Windows-Sysmon' Guid='{5770385F-C22A-43E0-BF4C-06F5698FFBD9}'/><EventID>7</EventID><Version>3</Version><Level>4</Level><Task>7</Task><Opcode>0</Opcode><Keywords>0x8000000000000000</Keywords><TimeCreated SystemTime='2024-04-30T15:37:11.368862100Z'/><EventRecordID>585845</EventRecordID><Correlation/><Execution ProcessID='2508' ThreadID='4412'/><Channel>Microsoft-Windows-Sysmon/Operational</Channel><Computer>AttackBox-Win10</Computer><Security UserID='S-1-5-18'/></System><EventData><Data Name='RuleName'>-</Data><Data Name='UtcTime'>2024-04-30 15:37:11.349</Data><Data Name='ProcessGuid'>{51A89197-1026-6631-1406-000000001D00}</Data><Data Name='ProcessId'>5828</Data><Data Name='Image'>C:\Temp\cmdrenamed.exe</Data><Data Name='ImageLoaded'>C:\Windows\System32\msvcrt.dll</Data><Data Name='FileVersion'>7.0.17134.1 (WinBuild.160101.0800)</Data><Data Name='Description'>Windows NT CRT DLL</Data><Data Name='Product'>Microsoft® Windows® Operating System</Data><Data Name='Company'>Microsoft Corporation</Data><Data Name='OriginalFileName'>msvcrt.dll</Data><Data Name='Hashes'>SHA1=5BB0FC89E614BCD1903D702ECA6CF79DBC25D661,MD5=7FCD4654FC7F16FDA52848E2D0AAFA9D,SHA256=995F25E8380D924C98DBE44F68D6BF2B0A62244BFE817A22D91B9586E3B479F6,IMPHASH=4BA50461B0B5FF3404B4A5B55C6A08B4</Data><Data Name='Signed'>true</Data><Data Name='Signature'>Microsoft Windows</Data><Data Name='SignatureStatus'>Valid</Data><Data Name='User'>ATTACKBOX-WIN10\attacker</Data></EventData></Event>
