<Event xmlns='http://schemas.microsoft.com/win/2004/08/events/event'><System><Provider Name='Microsoft-Windows-Sysmon' Guid='{5770385F-C22A-43E0-BF4C-06F5698FFBD9}'/><EventID>3</EventID><Version>5</Version><Level>4</Level><Task>3</Task><Opcode>0</Opcode><Keywords>0x8000000000000000</Keywords><TimeCreated SystemTime='2022-03-15T16:59:15.528012600Z'/><EventRecordID>1493264</EventRecordID><Correlation/><Execution ProcessID='2132' ThreadID='3100'/><Channel>Microsoft-Windows-Sysmon/Operational</Channel><Computer>win-dc-mhaag-attack-range-464.attackrange.local</Computer><Security UserID='S-1-5-18'/></System><EventData><Data Name='RuleName'>-</Data><Data Name='UtcTime'>2022-03-15 16:59:12.747</Data><Data Name='ProcessGuid'>{F4C444F1-C30C-6230-D602-000000004402}</Data><Data Name='ProcessId'>896</Data><Data Name='Image'>C:\Windows\SysWOW64\rundll32.exe</Data><Data Name='User'>NT AUTHORITY\SYSTEM</Data><Data Name='Protocol'>tcp</Data><Data Name='Initiated'>true</Data><Data Name='SourceIsIpv6'>false</Data><Data Name='SourceIp'>10.0.1.14</Data><Data Name='SourceHostname'>win-dc-mhaag-attack-range-464.attackrange.local</Data><Data Name='SourcePort'>51994</Data><Data Name='SourcePortName'>-</Data><Data Name='DestinationIsIpv6'>false</Data><Data Name='DestinationIp'>54.188.59.68</Data><Data Name='DestinationHostname'>ec2-54-188-59-68.us-west-2.compute.amazonaws.com</Data><Data Name='DestinationPort'>80</Data><Data Name='DestinationPortName'>http</Data></EventData></Event>
<Event xmlns='http://schemas.microsoft.com/win/2004/08/events/event'><System><Provider Name='Microsoft-Windows-Sysmon' Guid='{5770385F-C22A-43E0-BF4C-06F5698FFBD9}'/><EventID>3</EventID><Version>5</Version><Level>4</Level><Task>3</Task><Opcode>0</Opcode><Keywords>0x8000000000000000</Keywords><TimeCreated SystemTime='2022-03-15T16:59:00.243043400Z'/><EventRecordID>1492702</EventRecordID><Correlation/><Execution ProcessID='2132' ThreadID='3100'/><Channel>Microsoft-Windows-Sysmon/Operational</Channel><Computer>win-dc-mhaag-attack-range-464.attackrange.local</Computer><Security UserID='S-1-5-18'/></System><EventData><Data Name='RuleName'>-</Data><Data Name='UtcTime'>2022-03-15 16:58:57.828</Data><Data Name='ProcessGuid'>{F4C444F1-C199-6230-9702-000000004402}</Data><Data Name='ProcessId'>5428</Data><Data Name='Image'>C:\Windows\System32\rundll32.exe</Data><Data Name='User'>NT AUTHORITY\SYSTEM</Data><Data Name='Protocol'>tcp</Data><Data Name='Initiated'>true</Data><Data Name='SourceIsIpv6'>false</Data><Data Name='SourceIp'>10.0.1.14</Data><Data Name='SourceHostname'>win-dc-mhaag-attack-range-464.attackrange.local</Data><Data Name='SourcePort'>51493</Data><Data Name='SourcePortName'>-</Data><Data Name='DestinationIsIpv6'>false</Data><Data Name='DestinationIp'>54.188.59.68</Data><Data Name='DestinationHostname'>ec2-54-188-59-68.us-west-2.compute.amazonaws.com</Data><Data Name='DestinationPort'>80</Data><Data Name='DestinationPortName'>http</Data></EventData></Event>
<Event xmlns='http://schemas.microsoft.com/win/2004/08/events/event'><System><Provider Name='Microsoft-Windows-Sysmon' Guid='{5770385F-C22A-43E0-BF4C-06F5698FFBD9}'/><EventID>3</EventID><Version>5</Version><Level>4</Level><Task>3</Task><Opcode>0</Opcode><Keywords>0x8000000000000000</Keywords><TimeCreated SystemTime='2022-03-15T16:58:50.214763500Z'/><EventRecordID>1492295</EventRecordID><Correlation/><Execution ProcessID='2132' ThreadID='3100'/><Channel>Microsoft-Windows-Sysmon/Operational</Channel><Computer>win-dc-mhaag-attack-range-464.attackrange.local</Computer><Security UserID='S-1-5-18'/></System><EventData><Data Name='RuleName'>-</Data><Data Name='UtcTime'>2022-03-15 16:58:47.156</Data><Data Name='ProcessGuid'>{F4C444F1-C2FE-6230-D402-000000004402}</Data><Data Name='ProcessId'>5160</Data><Data Name='Image'>C:\Windows\System32\rundll32.exe</Data><Data Name='User'>NT AUTHORITY\SYSTEM</Data><Data Name='Protocol'>tcp</Data><Data Name='Initiated'>true</Data><Data Name='SourceIsIpv6'>false</Data><Data Name='SourceIp'>10.0.1.14</Data><Data Name='SourceHostname'>win-dc-mhaag-attack-range-464.attackrange.local</Data><Data Name='SourcePort'>51126</Data><Data Name='SourcePortName'>-</Data><Data Name='DestinationIsIpv6'>false</Data><Data Name='DestinationIp'>54.188.59.68</Data><Data Name='DestinationHostname'>ec2-54-188-59-68.us-west-2.compute.amazonaws.com</Data><Data Name='DestinationPort'>80</Data><Data Name='DestinationPortName'>http</Data></EventData></Event>
<Event xmlns='http://schemas.microsoft.com/win/2004/08/events/event'><System><Provider Name='Microsoft-Windows-Sysmon' Guid='{5770385F-C22A-43E0-BF4C-06F5698FFBD9}'/><EventID>3</EventID><Version>5</Version><Level>4</Level><Task>3</Task><Opcode>0</Opcode><Keywords>0x8000000000000000</Keywords><TimeCreated SystemTime='2022-03-15T16:58:47.205005700Z'/><EventRecordID>1492192</EventRecordID><Correlation/><Execution ProcessID='2132' ThreadID='3100'/><Channel>Microsoft-Windows-Sysmon/Operational</Channel><Computer>win-dc-mhaag-attack-range-464.attackrange.local</Computer><Security UserID='S-1-5-18'/></System><EventData><Data Name='RuleName'>-</Data><Data Name='UtcTime'>2022-03-15 16:58:44.243</Data><Data Name='ProcessGuid'>{F4C444F1-C335-6230-DE02-000000004402}</Data><Data Name='ProcessId'>2752</Data><Data Name='Image'>C:\Windows\SysWOW64\dllhost.exe</Data><Data Name='User'>NT AUTHORITY\SYSTEM</Data><Data Name='Protocol'>tcp</Data><Data Name='Initiated'>true</Data><Data Name='SourceIsIpv6'>false</Data><Data Name='SourceIp'>10.0.1.14</Data><Data Name='SourceHostname'>win-dc-mhaag-attack-range-464.attackrange.local</Data><Data Name='SourcePort'>51030</Data><Data Name='SourcePortName'>-</Data><Data Name='DestinationIsIpv6'>false</Data><Data Name='DestinationIp'>54.188.59.68</Data><Data Name='DestinationHostname'>ec2-54-188-59-68.us-west-2.compute.amazonaws.com</Data><Data Name='DestinationPort'>80</Data><Data Name='DestinationPortName'>http</Data></EventData></Event>
<Event xmlns='http://schemas.microsoft.com/win/2004/08/events/event'><System><Provider Name='Microsoft-Windows-Sysmon' Guid='{5770385F-C22A-43E0-BF4C-06F5698FFBD9}'/><EventID>3</EventID><Version>5</Version><Level>4</Level><Task>3</Task><Opcode>0</Opcode><Keywords>0x8000000000000000</Keywords><TimeCreated SystemTime='2022-03-15T16:58:44.200197200Z'/><EventRecordID>1492099</EventRecordID><Correlation/><Execution ProcessID='2132' ThreadID='3100'/><Channel>Microsoft-Windows-Sysmon/Operational</Channel><Computer>win-dc-mhaag-attack-range-464.attackrange.local</Computer><Security UserID='S-1-5-18'/></System><EventData><Data Name='RuleName'>-</Data><Data Name='UtcTime'>2022-03-15 16:58:41.547</Data><Data Name='ProcessGuid'>{F4C444F1-C30C-6230-D602-000000004402}</Data><Data Name='ProcessId'>896</Data><Data Name='Image'>C:\Windows\SysWOW64\rundll32.exe</Data><Data Name='User'>NT AUTHORITY\SYSTEM</Data><Data Name='Protocol'>tcp</Data><Data Name='Initiated'>true</Data><Data Name='SourceIsIpv6'>false</Data><Data Name='SourceIp'>10.0.1.14</Data><Data Name='SourceHostname'>win-dc-mhaag-attack-range-464.attackrange.local</Data><Data Name='SourcePort'>50939</Data><Data Name='SourcePortName'>-</Data><Data Name='DestinationIsIpv6'>false</Data><Data Name='DestinationIp'>54.188.59.68</Data><Data Name='DestinationHostname'>ec2-54-188-59-68.us-west-2.compute.amazonaws.com</Data><Data Name='DestinationPort'>80</Data><Data Name='DestinationPortName'>http</Data></EventData></Event>
<Event xmlns='http://schemas.microsoft.com/win/2004/08/events/event'><System><Provider Name='Microsoft-Windows-Sysmon' Guid='{5770385F-C22A-43E0-BF4C-06F5698FFBD9}'/><EventID>3</EventID><Version>5</Version><Level>4</Level><Task>3</Task><Opcode>0</Opcode><Keywords>0x8000000000000000</Keywords><TimeCreated SystemTime='2022-03-15T16:58:40.189319100Z'/><EventRecordID>1491938</EventRecordID><Correlation/><Execution ProcessID='2132' ThreadID='3100'/><Channel>Microsoft-Windows-Sysmon/Operational</Channel><Computer>win-dc-mhaag-attack-range-464.attackrange.local</Computer><Security UserID='S-1-5-18'/></System><EventData><Data Name='RuleName'>-</Data><Data Name='UtcTime'>2022-03-15 16:58:37.893</Data><Data Name='ProcessGuid'>{F4C444F1-C347-6230-DF02-000000004402}</Data><Data Name='ProcessId'>2572</Data><Data Name='Image'>C:\Windows\System32\dllhost.exe</Data><Data Name='User'>ATTACKRANGE\Administrator</Data><Data Name='Protocol'>tcp</Data><Data Name='Initiated'>true</Data><Data Name='SourceIsIpv6'>false</Data><Data Name='SourceIp'>10.0.1.14</Data><Data Name='SourceHostname'>win-dc-mhaag-attack-range-464.attackrange.local</Data><Data Name='SourcePort'>50818</Data><Data Name='SourcePortName'>-</Data><Data Name='DestinationIsIpv6'>false</Data><Data Name='DestinationIp'>54.188.59.68</Data><Data Name='DestinationHostname'>ec2-54-188-59-68.us-west-2.compute.amazonaws.com</Data><Data Name='DestinationPort'>80</Data><Data Name='DestinationPortName'>http</Data></EventData></Event>
<Event xmlns='http://schemas.microsoft.com/win/2004/08/events/event'><System><Provider Name='Microsoft-Windows-Sysmon' Guid='{5770385F-C22A-43E0-BF4C-06F5698FFBD9}'/><EventID>3</EventID><Version>5</Version><Level>4</Level><Task>3</Task><Opcode>0</Opcode><Keywords>0x8000000000000000</Keywords><TimeCreated SystemTime='2022-03-15T16:58:38.183872300Z'/><EventRecordID>1491807</EventRecordID><Correlation/><Execution ProcessID='2132' ThreadID='3100'/><Channel>Microsoft-Windows-Sysmon/Operational</Channel><Computer>win-dc-mhaag-attack-range-464.attackrange.local</Computer><Security UserID='S-1-5-18'/></System><EventData><Data Name='RuleName'>-</Data><Data Name='UtcTime'>2022-03-15 16:58:35.097</Data><Data Name='ProcessGuid'>{F4C444F1-C2BE-6230-CB02-000000004402}</Data><Data Name='ProcessId'>5224</Data><Data Name='Image'>C:\Windows\SysWOW64\rundll32.exe</Data><Data Name='User'>NT AUTHORITY\SYSTEM</Data><Data Name='Protocol'>tcp</Data><Data Name='Initiated'>true</Data><Data Name='SourceIsIpv6'>false</Data><Data Name='SourceIp'>10.0.1.14</Data><Data Name='SourceHostname'>win-dc-mhaag-attack-range-464.attackrange.local</Data><Data Name='SourcePort'>50716</Data><Data Name='SourcePortName'>-</Data><Data Name='DestinationIsIpv6'>false</Data><Data Name='DestinationIp'>54.188.59.68</Data><Data Name='DestinationHostname'>ec2-54-188-59-68.us-west-2.compute.amazonaws.com</Data><Data Name='DestinationPort'>80</Data><Data Name='DestinationPortName'>http</Data></EventData></Event>
<Event xmlns='http://schemas.microsoft.com/win/2004/08/events/event'><System><Provider Name='Microsoft-Windows-Sysmon' Guid='{5770385F-C22A-43E0-BF4C-06F5698FFBD9}'/><EventID>3</EventID><Version>5</Version><Level>4</Level><Task>3</Task><Opcode>0</Opcode><Keywords>0x8000000000000000</Keywords><TimeCreated SystemTime='2022-03-15T16:58:26.150536600Z'/><EventRecordID>1491130</EventRecordID><Correlation/><Execution ProcessID='2132' ThreadID='3100'/><Channel>Microsoft-Windows-Sysmon/Operational</Channel><Computer>win-dc-mhaag-attack-range-464.attackrange.local</Computer><Security UserID='S-1-5-18'/></System><EventData><Data Name='RuleName'>-</Data><Data Name='UtcTime'>2022-03-15 16:58:23.611</Data><Data Name='ProcessGuid'>{F4C444F1-C1B3-6230-9902-000000004402}</Data><Data Name='ProcessId'>1760</Data><Data Name='Image'>C:\Windows\System32\rundll32.exe</Data><Data Name='User'>ATTACKRANGE\Administrator</Data><Data Name='Protocol'>tcp</Data><Data Name='Initiated'>true</Data><Data Name='SourceIsIpv6'>false</Data><Data Name='SourceIp'>10.0.1.14</Data><Data Name='SourceHostname'>win-dc-mhaag-attack-range-464.attackrange.local</Data><Data Name='SourcePort'>50335</Data><Data Name='SourcePortName'>-</Data><Data Name='DestinationIsIpv6'>false</Data><Data Name='DestinationIp'>54.188.59.68</Data><Data Name='DestinationHostname'>ec2-54-188-59-68.us-west-2.compute.amazonaws.com</Data><Data Name='DestinationPort'>80</Data><Data Name='DestinationPortName'>http</Data></EventData></Event>
<Event xmlns='http://schemas.microsoft.com/win/2004/08/events/event'><System><Provider Name='Microsoft-Windows-Sysmon' Guid='{5770385F-C22A-43E0-BF4C-06F5698FFBD9}'/><EventID>3</EventID><Version>5</Version><Level>4</Level><Task>3</Task><Opcode>0</Opcode><Keywords>0x8000000000000000</Keywords><TimeCreated SystemTime='2022-03-15T16:58:14.124646000Z'/><EventRecordID>1490516</EventRecordID><Correlation/><Execution ProcessID='2132' ThreadID='3100'/><Channel>Microsoft-Windows-Sysmon/Operational</Channel><Computer>win-dc-mhaag-attack-range-464.attackrange.local</Computer><Security UserID='S-1-5-18'/></System><EventData><Data Name='RuleName'>-</Data><Data Name='UtcTime'>2022-03-15 16:58:11.197</Data><Data Name='ProcessGuid'>{F4C444F1-C335-6230-DE02-000000004402}</Data><Data Name='ProcessId'>2752</Data><Data Name='Image'>C:\Windows\SysWOW64\dllhost.exe</Data><Data Name='User'>NT AUTHORITY\SYSTEM</Data><Data Name='Protocol'>tcp</Data><Data Name='Initiated'>true</Data><Data Name='SourceIsIpv6'>false</Data><Data Name='SourceIp'>10.0.1.14</Data><Data Name='SourceHostname'>win-dc-mhaag-attack-range-464.attackrange.local</Data><Data Name='SourcePort'>49912</Data><Data Name='SourcePortName'>-</Data><Data Name='DestinationIsIpv6'>false</Data><Data Name='DestinationIp'>54.188.59.68</Data><Data Name='DestinationHostname'>ec2-54-188-59-68.us-west-2.compute.amazonaws.com</Data><Data Name='DestinationPort'>80</Data><Data Name='DestinationPortName'>http</Data></EventData></Event>
<Event xmlns='http://schemas.microsoft.com/win/2004/08/events/event'><System><Provider Name='Microsoft-Windows-Sysmon' Guid='{5770385F-C22A-43E0-BF4C-06F5698FFBD9}'/><EventID>3</EventID><Version>5</Version><Level>4</Level><Task>3</Task><Opcode>0</Opcode><Keywords>0x8000000000000000</Keywords><TimeCreated SystemTime='2022-03-15T16:58:13.122794600Z'/><EventRecordID>1490498</EventRecordID><Correlation/><Execution ProcessID='2132' ThreadID='3100'/><Channel>Microsoft-Windows-Sysmon/Operational</Channel><Computer>win-dc-mhaag-attack-range-464.attackrange.local</Computer><Security UserID='S-1-5-18'/></System><EventData><Data Name='RuleName'>-</Data><Data Name='UtcTime'>2022-03-15 16:58:10.751</Data><Data Name='ProcessGuid'>{F4C444F1-C2FE-6230-D402-000000004402}</Data><Data Name='ProcessId'>5160</Data><Data Name='Image'>C:\Windows\System32\rundll32.exe</Data><Data Name='User'>NT AUTHORITY\SYSTEM</Data><Data Name='Protocol'>tcp</Data><Data Name='Initiated'>true</Data><Data Name='SourceIsIpv6'>false</Data><Data Name='SourceIp'>10.0.1.14</Data><Data Name='SourceHostname'>win-dc-mhaag-attack-range-464.attackrange.local</Data><Data Name='SourcePort'>49895</Data><Data Name='SourcePortName'>-</Data><Data Name='DestinationIsIpv6'>false</Data><Data Name='DestinationIp'>54.188.59.68</Data><Data Name='DestinationHostname'>ec2-54-188-59-68.us-west-2.compute.amazonaws.com</Data><Data Name='DestinationPort'>80</Data><Data Name='DestinationPortName'>http</Data></EventData></Event>
<Event xmlns='http://schemas.microsoft.com/win/2004/08/events/event'><System><Provider Name='Microsoft-Windows-Sysmon' Guid='{5770385F-C22A-43E0-BF4C-06F5698FFBD9}'/><EventID>3</EventID><Version>5</Version><Level>4</Level><Task>3</Task><Opcode>0</Opcode><Keywords>0x8000000000000000</Keywords><TimeCreated SystemTime='2022-03-15T16:58:11.120396800Z'/><EventRecordID>1490376</EventRecordID><Correlation/><Execution ProcessID='2132' ThreadID='3100'/><Channel>Microsoft-Windows-Sysmon/Operational</Channel><Computer>win-dc-mhaag-attack-range-464.attackrange.local</Computer><Security UserID='S-1-5-18'/></System><EventData><Data Name='RuleName'>-</Data><Data Name='UtcTime'>2022-03-15 16:58:08.425</Data><Data Name='ProcessGuid'>{F4C444F1-C30C-6230-D602-000000004402}</Data><Data Name='ProcessId'>896</Data><Data Name='Image'>C:\Windows\SysWOW64\rundll32.exe</Data><Data Name='User'>NT AUTHORITY\SYSTEM</Data><Data Name='Protocol'>tcp</Data><Data Name='Initiated'>true</Data><Data Name='SourceIsIpv6'>false</Data><Data Name='SourceIp'>10.0.1.14</Data><Data Name='SourceHostname'>win-dc-mhaag-attack-range-464.attackrange.local</Data><Data Name='SourcePort'>49813</Data><Data Name='SourcePortName'>-</Data><Data Name='DestinationIsIpv6'>false</Data><Data Name='DestinationIp'>54.188.59.68</Data><Data Name='DestinationHostname'>ec2-54-188-59-68.us-west-2.compute.amazonaws.com</Data><Data Name='DestinationPort'>80</Data><Data Name='DestinationPortName'>http</Data></EventData></Event>
<Event xmlns='http://schemas.microsoft.com/win/2004/08/events/event'><System><Provider Name='Microsoft-Windows-Sysmon' Guid='{5770385F-C22A-43E0-BF4C-06F5698FFBD9}'/><EventID>3</EventID><Version>5</Version><Level>4</Level><Task>3</Task><Opcode>0</Opcode><Keywords>0x8000000000000000</Keywords><TimeCreated SystemTime='2022-03-15T16:58:11.120268200Z'/><EventRecordID>1490360</EventRecordID><Correlation/><Execution ProcessID='2132' ThreadID='3100'/><Channel>Microsoft-Windows-Sysmon/Operational</Channel><Computer>win-dc-mhaag-attack-range-464.attackrange.local</Computer><Security UserID='S-1-5-18'/></System><EventData><Data Name='RuleName'>-</Data><Data Name='UtcTime'>2022-03-15 16:58:07.982</Data><Data Name='ProcessGuid'>{F4C444F1-C347-6230-DF02-000000004402}</Data><Data Name='ProcessId'>2572</Data><Data Name='Image'>C:\Windows\System32\dllhost.exe</Data><Data Name='User'>ATTACKRANGE\Administrator</Data><Data Name='Protocol'>tcp</Data><Data Name='Initiated'>true</Data><Data Name='SourceIsIpv6'>false</Data><Data Name='SourceIp'>10.0.1.14</Data><Data Name='SourceHostname'>win-dc-mhaag-attack-range-464.attackrange.local</Data><Data Name='SourcePort'>49797</Data><Data Name='SourcePortName'>-</Data><Data Name='DestinationIsIpv6'>false</Data><Data Name='DestinationIp'>54.188.59.68</Data><Data Name='DestinationHostname'>ec2-54-188-59-68.us-west-2.compute.amazonaws.com</Data><Data Name='DestinationPort'>80</Data><Data Name='DestinationPortName'>http</Data></EventData></Event>
<Event xmlns='http://schemas.microsoft.com/win/2004/08/events/event'><System><Provider Name='Microsoft-Windows-Sysmon' Guid='{5770385F-C22A-43E0-BF4C-06F5698FFBD9}'/><EventID>3</EventID><Version>5</Version><Level>4</Level><Task>3</Task><Opcode>0</Opcode><Keywords>0x8000000000000000</Keywords><TimeCreated SystemTime='2022-03-15T16:58:02.098346400Z'/><EventRecordID>1490029</EventRecordID><Correlation/><Execution ProcessID='2132' ThreadID='3100'/><Channel>Microsoft-Windows-Sysmon/Operational</Channel><Computer>win-dc-mhaag-attack-range-464.attackrange.local</Computer><Security UserID='S-1-5-18'/></System><EventData><Data Name='RuleName'>-</Data><Data Name='UtcTime'>2022-03-15 16:57:59.467</Data><Data Name='ProcessGuid'>{F4C444F1-C2BE-6230-CB02-000000004402}</Data><Data Name='ProcessId'>5224</Data><Data Name='Image'>C:\Windows\SysWOW64\rundll32.exe</Data><Data Name='User'>NT AUTHORITY\SYSTEM</Data><Data Name='Protocol'>tcp</Data><Data Name='Initiated'>true</Data><Data Name='SourceIsIpv6'>false</Data><Data Name='SourceIp'>10.0.1.14</Data><Data Name='SourceHostname'>win-dc-mhaag-attack-range-464.attackrange.local</Data><Data Name='SourcePort'>49502</Data><Data Name='SourcePortName'>-</Data><Data Name='DestinationIsIpv6'>false</Data><Data Name='DestinationIp'>54.188.59.68</Data><Data Name='DestinationHostname'>ec2-54-188-59-68.us-west-2.compute.amazonaws.com</Data><Data Name='DestinationPort'>80</Data><Data Name='DestinationPortName'>http</Data></EventData></Event>
<Event xmlns='http://schemas.microsoft.com/win/2004/08/events/event'><System><Provider Name='Microsoft-Windows-Sysmon' Guid='{5770385F-C22A-43E0-BF4C-06F5698FFBD9}'/><EventID>3</EventID><Version>5</Version><Level>4</Level><Task>3</Task><Opcode>0</Opcode><Keywords>0x8000000000000000</Keywords><TimeCreated SystemTime='2022-03-15T16:58:00.090167200Z'/><EventRecordID>1489968</EventRecordID><Correlation/><Execution ProcessID='2132' ThreadID='3100'/><Channel>Microsoft-Windows-Sysmon/Operational</Channel><Computer>win-dc-mhaag-attack-range-464.attackrange.local</Computer><Security UserID='S-1-5-18'/></System><EventData><Data Name='RuleName'>-</Data><Data Name='UtcTime'>2022-03-15 16:57:57.823</Data><Data Name='ProcessGuid'>{F4C444F1-C199-6230-9702-000000004402}</Data><Data Name='ProcessId'>5428</Data><Data Name='Image'>C:\Windows\System32\rundll32.exe</Data><Data Name='User'>NT AUTHORITY\SYSTEM</Data><Data Name='Protocol'>tcp</Data><Data Name='Initiated'>true</Data><Data Name='SourceIsIpv6'>false</Data><Data Name='SourceIp'>10.0.1.14</Data><Data Name='SourceHostname'>win-dc-mhaag-attack-range-464.attackrange.local</Data><Data Name='SourcePort'>49446</Data><Data Name='SourcePortName'>-</Data><Data Name='DestinationIsIpv6'>false</Data><Data Name='DestinationIp'>54.188.59.68</Data><Data Name='DestinationHostname'>ec2-54-188-59-68.us-west-2.compute.amazonaws.com</Data><Data Name='DestinationPort'>80</Data><Data Name='DestinationPortName'>http</Data></EventData></Event>
<Event xmlns='http://schemas.microsoft.com/win/2004/08/events/event'><System><Provider Name='Microsoft-Windows-Sysmon' Guid='{5770385F-C22A-43E0-BF4C-06F5698FFBD9}'/><EventID>3</EventID><Version>5</Version><Level>4</Level><Task>3</Task><Opcode>0</Opcode><Keywords>0x8000000000000000</Keywords><TimeCreated SystemTime='2022-03-15T16:57:43.038725200Z'/><EventRecordID>1489276</EventRecordID><Correlation/><Execution ProcessID='2132' ThreadID='3100'/><Channel>Microsoft-Windows-Sysmon/Operational</Channel><Computer>win-dc-mhaag-attack-range-464.attackrange.local</Computer><Security UserID='S-1-5-18'/></System><EventData><Data Name='RuleName'>-</Data><Data Name='UtcTime'>2022-03-15 16:57:39.931</Data><Data Name='ProcessGuid'>{F4C444F1-C2FE-6230-D402-000000004402}</Data><Data Name='ProcessId'>5160</Data><Data Name='Image'>C:\Windows\System32\rundll32.exe</Data><Data Name='User'>NT AUTHORITY\SYSTEM</Data><Data Name='Protocol'>tcp</Data><Data Name='Initiated'>true</Data><Data Name='SourceIsIpv6'>false</Data><Data Name='SourceIp'>10.0.1.14</Data><Data Name='SourceHostname'>win-dc-mhaag-attack-range-464.attackrange.local</Data><Data Name='SourcePort'>65215</Data><Data Name='SourcePortName'>-</Data><Data Name='DestinationIsIpv6'>false</Data><Data Name='DestinationIp'>54.188.59.68</Data><Data Name='DestinationHostname'>ec2-54-188-59-68.us-west-2.compute.amazonaws.com</Data><Data Name='DestinationPort'>80</Data><Data Name='DestinationPortName'>http</Data></EventData></Event>
<Event xmlns='http://schemas.microsoft.com/win/2004/08/events/event'><System><Provider Name='Microsoft-Windows-Sysmon' Guid='{5770385F-C22A-43E0-BF4C-06F5698FFBD9}'/><EventID>3</EventID><Version>5</Version><Level>4</Level><Task>3</Task><Opcode>0</Opcode><Keywords>0x8000000000000000</Keywords><TimeCreated SystemTime='2022-03-15T16:57:39.028976000Z'/><EventRecordID>1489092</EventRecordID><Correlation/><Execution ProcessID='2132' ThreadID='3100'/><Channel>Microsoft-Windows-Sysmon/Operational</Channel><Computer>win-dc-mhaag-attack-range-464.attackrange.local</Computer><Security UserID='S-1-5-18'/></System><EventData><Data Name='RuleName'>-</Data><Data Name='UtcTime'>2022-03-15 16:57:36.490</Data><Data Name='ProcessGuid'>{F4C444F1-C347-6230-DF02-000000004402}</Data><Data Name='ProcessId'>2572</Data><Data Name='Image'>C:\Windows\System32\dllhost.exe</Data><Data Name='User'>ATTACKRANGE\Administrator</Data><Data Name='Protocol'>tcp</Data><Data Name='Initiated'>true</Data><Data Name='SourceIsIpv6'>false</Data><Data Name='SourceIp'>10.0.1.14</Data><Data Name='SourceHostname'>win-dc-mhaag-attack-range-464.attackrange.local</Data><Data Name='SourcePort'>65096</Data><Data Name='SourcePortName'>-</Data><Data Name='DestinationIsIpv6'>false</Data><Data Name='DestinationIp'>54.188.59.68</Data><Data Name='DestinationHostname'>ec2-54-188-59-68.us-west-2.compute.amazonaws.com</Data><Data Name='DestinationPort'>80</Data><Data Name='DestinationPortName'>http</Data></EventData></Event>
<Event xmlns='http://schemas.microsoft.com/win/2004/08/events/event'><System><Provider Name='Microsoft-Windows-Sysmon' Guid='{5770385F-C22A-43E0-BF4C-06F5698FFBD9}'/><EventID>3</EventID><Version>5</Version><Level>4</Level><Task>3</Task><Opcode>0</Opcode><Keywords>0x8000000000000000</Keywords><TimeCreated SystemTime='2022-03-15T16:57:39.028968200Z'/><EventRecordID>1489091</EventRecordID><Correlation/><Execution ProcessID='2132' ThreadID='3100'/><Channel>Microsoft-Windows-Sysmon/Operational</Channel><Computer>win-dc-mhaag-attack-range-464.attackrange.local</Computer><Security UserID='S-1-5-18'/></System><EventData><Data Name='RuleName'>-</Data><Data Name='UtcTime'>2022-03-15 16:57:36.453</Data><Data Name='ProcessGuid'>{F4C444F1-C335-6230-DE02-000000004402}</Data><Data Name='ProcessId'>2752</Data><Data Name='Image'>C:\Windows\SysWOW64\dllhost.exe</Data><Data Name='User'>NT AUTHORITY\SYSTEM</Data><Data Name='Protocol'>tcp</Data><Data Name='Initiated'>true</Data><Data Name='SourceIsIpv6'>false</Data><Data Name='SourceIp'>10.0.1.14</Data><Data Name='SourceHostname'>win-dc-mhaag-attack-range-464.attackrange.local</Data><Data Name='SourcePort'>65095</Data><Data Name='SourcePortName'>-</Data><Data Name='DestinationIsIpv6'>false</Data><Data Name='DestinationIp'>54.188.59.68</Data><Data Name='DestinationHostname'>ec2-54-188-59-68.us-west-2.compute.amazonaws.com</Data><Data Name='DestinationPort'>80</Data><Data Name='DestinationPortName'>http</Data></EventData></Event>
<Event xmlns='http://schemas.microsoft.com/win/2004/08/events/event'><System><Provider Name='Microsoft-Windows-Sysmon' Guid='{5770385F-C22A-43E0-BF4C-06F5698FFBD9}'/><EventID>3</EventID><Version>5</Version><Level>4</Level><Task>3</Task><Opcode>0</Opcode><Keywords>0x8000000000000000</Keywords><TimeCreated SystemTime='2022-03-15T16:57:35.771875800Z'/><EventRecordID>1488924</EventRecordID><Correlation/><Execution ProcessID='2132' ThreadID='3100'/><Channel>Microsoft-Windows-Sysmon/Operational</Channel><Computer>win-dc-mhaag-attack-range-464.attackrange.local</Computer><Security UserID='S-1-5-18'/></System><EventData><Data Name='RuleName'>-</Data><Data Name='UtcTime'>2022-03-15 16:57:33.375</Data><Data Name='ProcessGuid'>{F4C444F1-C30C-6230-D602-000000004402}</Data><Data Name='ProcessId'>896</Data><Data Name='Image'>C:\Windows\SysWOW64\rundll32.exe</Data><Data Name='User'>NT AUTHORITY\SYSTEM</Data><Data Name='Protocol'>tcp</Data><Data Name='Initiated'>true</Data><Data Name='SourceIsIpv6'>false</Data><Data Name='SourceIp'>10.0.1.14</Data><Data Name='SourceHostname'>win-dc-mhaag-attack-range-464.attackrange.local</Data><Data Name='SourcePort'>64988</Data><Data Name='SourcePortName'>-</Data><Data Name='DestinationIsIpv6'>false</Data><Data Name='DestinationIp'>54.188.59.68</Data><Data Name='DestinationHostname'>ec2-54-188-59-68.us-west-2.compute.amazonaws.com</Data><Data Name='DestinationPort'>80</Data><Data Name='DestinationPortName'>http</Data></EventData></Event>
<Event xmlns='http://schemas.microsoft.com/win/2004/08/events/event'><System><Provider Name='Microsoft-Windows-Sysmon' Guid='{5770385F-C22A-43E0-BF4C-06F5698FFBD9}'/><EventID>3</EventID><Version>5</Version><Level>4</Level><Task>3</Task><Opcode>0</Opcode><Keywords>0x8000000000000000</Keywords><TimeCreated SystemTime='2022-03-15T16:57:27.754795000Z'/><EventRecordID>1488635</EventRecordID><Correlation/><Execution ProcessID='2132' ThreadID='3100'/><Channel>Microsoft-Windows-Sysmon/Operational</Channel><Computer>win-dc-mhaag-attack-range-464.attackrange.local</Computer><Security UserID='S-1-5-18'/></System><EventData><Data Name='RuleName'>-</Data><Data Name='UtcTime'>2022-03-15 16:57:25.105</Data><Data Name='ProcessGuid'>{F4C444F1-C2BE-6230-CB02-000000004402}</Data><Data Name='ProcessId'>5224</Data><Data Name='Image'>C:\Windows\SysWOW64\rundll32.exe</Data><Data Name='User'>NT AUTHORITY\SYSTEM</Data><Data Name='Protocol'>tcp</Data><Data Name='Initiated'>true</Data><Data Name='SourceIsIpv6'>false</Data><Data Name='SourceIp'>10.0.1.14</Data><Data Name='SourceHostname'>win-dc-mhaag-attack-range-464.attackrange.local</Data><Data Name='SourcePort'>64705</Data><Data Name='SourcePortName'>-</Data><Data Name='DestinationIsIpv6'>false</Data><Data Name='DestinationIp'>54.188.59.68</Data><Data Name='DestinationHostname'>ec2-54-188-59-68.us-west-2.compute.amazonaws.com</Data><Data Name='DestinationPort'>80</Data><Data Name='DestinationPortName'>http</Data></EventData></Event>
<Event xmlns='http://schemas.microsoft.com/win/2004/08/events/event'><System><Provider Name='Microsoft-Windows-Sysmon' Guid='{5770385F-C22A-43E0-BF4C-06F5698FFBD9}'/><EventID>3</EventID><Version>5</Version><Level>4</Level><Task>3</Task><Opcode>0</Opcode><Keywords>0x8000000000000000</Keywords><TimeCreated SystemTime='2022-03-15T16:57:26.753109900Z'/><EventRecordID>1488526</EventRecordID><Correlation/><Execution ProcessID='2132' ThreadID='3100'/><Channel>Microsoft-Windows-Sysmon/Operational</Channel><Computer>win-dc-mhaag-attack-range-464.attackrange.local</Computer><Security UserID='S-1-5-18'/></System><EventData><Data Name='RuleName'>-</Data><Data Name='UtcTime'>2022-03-15 16:57:23.608</Data><Data Name='ProcessGuid'>{F4C444F1-C1B3-6230-9902-000000004402}</Data><Data Name='ProcessId'>1760</Data><Data Name='Image'>C:\Windows\System32\rundll32.exe</Data><Data Name='User'>ATTACKRANGE\Administrator</Data><Data Name='Protocol'>tcp</Data><Data Name='Initiated'>true</Data><Data Name='SourceIsIpv6'>false</Data><Data Name='SourceIp'>10.0.1.14</Data><Data Name='SourceHostname'>win-dc-mhaag-attack-range-464.attackrange.local</Data><Data Name='SourcePort'>64654</Data><Data Name='SourcePortName'>-</Data><Data Name='DestinationIsIpv6'>false</Data><Data Name='DestinationIp'>54.188.59.68</Data><Data Name='DestinationHostname'>ec2-54-188-59-68.us-west-2.compute.amazonaws.com</Data><Data Name='DestinationPort'>80</Data><Data Name='DestinationPortName'>http</Data></EventData></Event>
<Event xmlns='http://schemas.microsoft.com/win/2004/08/events/event'><System><Provider Name='Microsoft-Windows-Sysmon' Guid='{5770385F-C22A-43E0-BF4C-06F5698FFBD9}'/><EventID>3</EventID><Version>5</Version><Level>4</Level><Task>3</Task><Opcode>0</Opcode><Keywords>0x8000000000000000</Keywords><TimeCreated SystemTime='2022-03-15T16:57:06.209886100Z'/><EventRecordID>1487429</EventRecordID><Correlation/><Execution ProcessID='2132' ThreadID='3100'/><Channel>Microsoft-Windows-Sysmon/Operational</Channel><Computer>win-dc-mhaag-attack-range-464.attackrange.local</Computer><Security UserID='S-1-5-18'/></System><EventData><Data Name='RuleName'>-</Data><Data Name='UtcTime'>2022-03-15 16:57:03.910</Data><Data Name='ProcessGuid'>{F4C444F1-C2FE-6230-D402-000000004402}</Data><Data Name='ProcessId'>5160</Data><Data Name='Image'>C:\Windows\System32\rundll32.exe</Data><Data Name='User'>NT AUTHORITY\SYSTEM</Data><Data Name='Protocol'>tcp</Data><Data Name='Initiated'>true</Data><Data Name='SourceIsIpv6'>false</Data><Data Name='SourceIp'>10.0.1.14</Data><Data Name='SourceHostname'>win-dc-mhaag-attack-range-464.attackrange.local</Data><Data Name='SourcePort'>63989</Data><Data Name='SourcePortName'>-</Data><Data Name='DestinationIsIpv6'>false</Data><Data Name='DestinationIp'>54.188.59.68</Data><Data Name='DestinationHostname'>ec2-54-188-59-68.us-west-2.compute.amazonaws.com</Data><Data Name='DestinationPort'>80</Data><Data Name='DestinationPortName'>http</Data></EventData></Event>
<Event xmlns='http://schemas.microsoft.com/win/2004/08/events/event'><System><Provider Name='Microsoft-Windows-Sysmon' Guid='{5770385F-C22A-43E0-BF4C-06F5698FFBD9}'/><EventID>3</EventID><Version>5</Version><Level>4</Level><Task>3</Task><Opcode>0</Opcode><Keywords>0x8000000000000000</Keywords><TimeCreated SystemTime='2022-03-15T16:57:04.206832600Z'/><EventRecordID>1487350</EventRecordID><Correlation/><Execution ProcessID='2132' ThreadID='3100'/><Channel>Microsoft-Windows-Sysmon/Operational</Channel><Computer>win-dc-mhaag-attack-range-464.attackrange.local</Computer><Security UserID='S-1-5-18'/></System><EventData><Data Name='RuleName'>-</Data><Data Name='UtcTime'>2022-03-15 16:57:01.782</Data><Data Name='ProcessGuid'>{F4C444F1-C347-6230-DF02-000000004402}</Data><Data Name='ProcessId'>2572</Data><Data Name='Image'>C:\Windows\System32\dllhost.exe</Data><Data Name='User'>ATTACKRANGE\Administrator</Data><Data Name='Protocol'>tcp</Data><Data Name='Initiated'>true</Data><Data Name='SourceIsIpv6'>false</Data><Data Name='SourceIp'>10.0.1.14</Data><Data Name='SourceHostname'>win-dc-mhaag-attack-range-464.attackrange.local</Data><Data Name='SourcePort'>63913</Data><Data Name='SourcePortName'>-</Data><Data Name='DestinationIsIpv6'>false</Data><Data Name='DestinationIp'>54.188.59.68</Data><Data Name='DestinationHostname'>ec2-54-188-59-68.us-west-2.compute.amazonaws.com</Data><Data Name='DestinationPort'>80</Data><Data Name='DestinationPortName'>http</Data></EventData></Event>
<Event xmlns='http://schemas.microsoft.com/win/2004/08/events/event'><System><Provider Name='Microsoft-Windows-Sysmon' Guid='{5770385F-C22A-43E0-BF4C-06F5698FFBD9}'/><EventID>3</EventID><Version>5</Version><Level>4</Level><Task>3</Task><Opcode>0</Opcode><Keywords>0x8000000000000000</Keywords><TimeCreated SystemTime='2022-03-15T16:57:00.198858600Z'/><EventRecordID>1487174</EventRecordID><Correlation/><Execution ProcessID='2132' ThreadID='3100'/><Channel>Microsoft-Windows-Sysmon/Operational</Channel><Computer>win-dc-mhaag-attack-range-464.attackrange.local</Computer><Security UserID='S-1-5-18'/></System><EventData><Data Name='RuleName'>-</Data><Data Name='UtcTime'>2022-03-15 16:56:57.820</Data><Data Name='ProcessGuid'>{F4C444F1-C199-6230-9702-000000004402}</Data><Data Name='ProcessId'>5428</Data><Data Name='Image'>C:\Windows\System32\rundll32.exe</Data><Data Name='User'>NT AUTHORITY\SYSTEM</Data><Data Name='Protocol'>tcp</Data><Data Name='Initiated'>true</Data><Data Name='SourceIsIpv6'>false</Data><Data Name='SourceIp'>10.0.1.14</Data><Data Name='SourceHostname'>win-dc-mhaag-attack-range-464.attackrange.local</Data><Data Name='SourcePort'>63778</Data><Data Name='SourcePortName'>-</Data><Data Name='DestinationIsIpv6'>false</Data><Data Name='DestinationIp'>54.188.59.68</Data><Data Name='DestinationHostname'>ec2-54-188-59-68.us-west-2.compute.amazonaws.com</Data><Data Name='DestinationPort'>80</Data><Data Name='DestinationPortName'>http</Data></EventData></Event>
<Event xmlns='http://schemas.microsoft.com/win/2004/08/events/event'><System><Provider Name='Microsoft-Windows-Sysmon' Guid='{5770385F-C22A-43E0-BF4C-06F5698FFBD9}'/><EventID>3</EventID><Version>5</Version><Level>4</Level><Task>3</Task><Opcode>0</Opcode><Keywords>0x8000000000000000</Keywords><TimeCreated SystemTime='2022-03-15T16:57:00.198739800Z'/><EventRecordID>1487159</EventRecordID><Correlation/><Execution ProcessID='2132' ThreadID='3100'/><Channel>Microsoft-Windows-Sysmon/Operational</Channel><Computer>win-dc-mhaag-attack-range-464.attackrange.local</Computer><Security UserID='S-1-5-18'/></System><EventData><Data Name='RuleName'>-</Data><Data Name='UtcTime'>2022-03-15 16:56:57.459</Data><Data Name='ProcessGuid'>{F4C444F1-C30C-6230-D602-000000004402}</Data><Data Name='ProcessId'>896</Data><Data Name='Image'>C:\Windows\SysWOW64\rundll32.exe</Data><Data Name='User'>NT AUTHORITY\SYSTEM</Data><Data Name='Protocol'>tcp</Data><Data Name='Initiated'>true</Data><Data Name='SourceIsIpv6'>false</Data><Data Name='SourceIp'>10.0.1.14</Data><Data Name='SourceHostname'>win-dc-mhaag-attack-range-464.attackrange.local</Data><Data Name='SourcePort'>63763</Data><Data Name='SourcePortName'>-</Data><Data Name='DestinationIsIpv6'>false</Data><Data Name='DestinationIp'>54.188.59.68</Data><Data Name='DestinationHostname'>ec2-54-188-59-68.us-west-2.compute.amazonaws.com</Data><Data Name='DestinationPort'>80</Data><Data Name='DestinationPortName'>http</Data></EventData></Event>
<Event xmlns='http://schemas.microsoft.com/win/2004/08/events/event'><System><Provider Name='Microsoft-Windows-Sysmon' Guid='{5770385F-C22A-43E0-BF4C-06F5698FFBD9}'/><EventID>3</EventID><Version>5</Version><Level>4</Level><Task>3</Task><Opcode>0</Opcode><Keywords>0x8000000000000000</Keywords><TimeCreated SystemTime='2022-03-15T16:56:57.190788400Z'/><EventRecordID>1487025</EventRecordID><Correlation/><Execution ProcessID='2132' ThreadID='3100'/><Channel>Microsoft-Windows-Sysmon/Operational</Channel><Computer>win-dc-mhaag-attack-range-464.attackrange.local</Computer><Security UserID='S-1-5-18'/></System><EventData><Data Name='RuleName'>-</Data><Data Name='UtcTime'>2022-03-15 16:56:54.597</Data><Data Name='ProcessGuid'>{F4C444F1-C335-6230-DE02-000000004402}</Data><Data Name='ProcessId'>2752</Data><Data Name='Image'>C:\Windows\SysWOW64\dllhost.exe</Data><Data Name='User'>NT AUTHORITY\SYSTEM</Data><Data Name='Protocol'>tcp</Data><Data Name='Initiated'>true</Data><Data Name='SourceIsIpv6'>false</Data><Data Name='SourceIp'>10.0.1.14</Data><Data Name='SourceHostname'>win-dc-mhaag-attack-range-464.attackrange.local</Data><Data Name='SourcePort'>63661</Data><Data Name='SourcePortName'>-</Data><Data Name='DestinationIsIpv6'>false</Data><Data Name='DestinationIp'>54.188.59.68</Data><Data Name='DestinationHostname'>ec2-54-188-59-68.us-west-2.compute.amazonaws.com</Data><Data Name='DestinationPort'>80</Data><Data Name='DestinationPortName'>http</Data></EventData></Event>
<Event xmlns='http://schemas.microsoft.com/win/2004/08/events/event'><System><Provider Name='Microsoft-Windows-Sysmon' Guid='{5770385F-C22A-43E0-BF4C-06F5698FFBD9}'/><EventID>3</EventID><Version>5</Version><Level>4</Level><Task>3</Task><Opcode>0</Opcode><Keywords>0x8000000000000000</Keywords><TimeCreated SystemTime='2022-03-15T16:56:43.663441200Z'/><EventRecordID>1486524</EventRecordID><Correlation/><Execution ProcessID='2132' ThreadID='3100'/><Channel>Microsoft-Windows-Sysmon/Operational</Channel><Computer>win-dc-mhaag-attack-range-464.attackrange.local</Computer><Security UserID='S-1-5-18'/></System><EventData><Data Name='RuleName'>-</Data><Data Name='UtcTime'>2022-03-15 16:56:40.384</Data><Data Name='ProcessGuid'>{F4C444F1-C2BE-6230-CB02-000000004402}</Data><Data Name='ProcessId'>5224</Data><Data Name='Image'>C:\Windows\SysWOW64\rundll32.exe</Data><Data Name='User'>NT AUTHORITY\SYSTEM</Data><Data Name='Protocol'>tcp</Data><Data Name='Initiated'>true</Data><Data Name='SourceIsIpv6'>false</Data><Data Name='SourceIp'>10.0.1.14</Data><Data Name='SourceHostname'>win-dc-mhaag-attack-range-464.attackrange.local</Data><Data Name='SourcePort'>63189</Data><Data Name='SourcePortName'>-</Data><Data Name='DestinationIsIpv6'>false</Data><Data Name='DestinationIp'>54.188.59.68</Data><Data Name='DestinationHostname'>ec2-54-188-59-68.us-west-2.compute.amazonaws.com</Data><Data Name='DestinationPort'>80</Data><Data Name='DestinationPortName'>http</Data></EventData></Event>
<Event xmlns='http://schemas.microsoft.com/win/2004/08/events/event'><System><Provider Name='Microsoft-Windows-Sysmon' Guid='{5770385F-C22A-43E0-BF4C-06F5698FFBD9}'/><EventID>3</EventID><Version>5</Version><Level>4</Level><Task>3</Task><Opcode>0</Opcode><Keywords>0x8000000000000000</Keywords><TimeCreated SystemTime='2022-03-15T16:56:28.130890200Z'/><EventRecordID>1485944</EventRecordID><Correlation/><Execution ProcessID='2132' ThreadID='3100'/><Channel>Microsoft-Windows-Sysmon/Operational</Channel><Computer>win-dc-mhaag-attack-range-464.attackrange.local</Computer><Security UserID='S-1-5-18'/></System><EventData><Data Name='RuleName'>-</Data><Data Name='UtcTime'>2022-03-15 16:56:25.456</Data><Data Name='ProcessGuid'>{F4C444F1-C2FE-6230-D402-000000004402}</Data><Data Name='ProcessId'>5160</Data><Data Name='Image'>C:\Windows\System32\rundll32.exe</Data><Data Name='User'>NT AUTHORITY\SYSTEM</Data><Data Name='Protocol'>tcp</Data><Data Name='Initiated'>true</Data><Data Name='SourceIsIpv6'>false</Data><Data Name='SourceIp'>10.0.1.14</Data><Data Name='SourceHostname'>win-dc-mhaag-attack-range-464.attackrange.local</Data><Data Name='SourcePort'>62683</Data><Data Name='SourcePortName'>-</Data><Data Name='DestinationIsIpv6'>false</Data><Data Name='DestinationIp'>54.188.59.68</Data><Data Name='DestinationHostname'>ec2-54-188-59-68.us-west-2.compute.amazonaws.com</Data><Data Name='DestinationPort'>80</Data><Data Name='DestinationPortName'>http</Data></EventData></Event>
<Event xmlns='http://schemas.microsoft.com/win/2004/08/events/event'><System><Provider Name='Microsoft-Windows-Sysmon' Guid='{5770385F-C22A-43E0-BF4C-06F5698FFBD9}'/><EventID>3</EventID><Version>5</Version><Level>4</Level><Task>3</Task><Opcode>0</Opcode><Keywords>0x8000000000000000</Keywords><TimeCreated SystemTime='2022-03-15T16:56:26.127067100Z'/><EventRecordID>1485877</EventRecordID><Correlation/><Execution ProcessID='2132' ThreadID='3100'/><Channel>Microsoft-Windows-Sysmon/Operational</Channel><Computer>win-dc-mhaag-attack-range-464.attackrange.local</Computer><Security UserID='S-1-5-18'/></System><EventData><Data Name='RuleName'>-</Data><Data Name='UtcTime'>2022-03-15 16:56:23.605</Data><Data Name='ProcessGuid'>{F4C444F1-C1B3-6230-9902-000000004402}</Data><Data Name='ProcessId'>1760</Data><Data Name='Image'>C:\Windows\System32\rundll32.exe</Data><Data Name='User'>ATTACKRANGE\Administrator</Data><Data Name='Protocol'>tcp</Data><Data Name='Initiated'>true</Data><Data Name='SourceIsIpv6'>false</Data><Data Name='SourceIp'>10.0.1.14</Data><Data Name='SourceHostname'>win-dc-mhaag-attack-range-464.attackrange.local</Data><Data Name='SourcePort'>62619</Data><Data Name='SourcePortName'>-</Data><Data Name='DestinationIsIpv6'>false</Data><Data Name='DestinationIp'>54.188.59.68</Data><Data Name='DestinationHostname'>ec2-54-188-59-68.us-west-2.compute.amazonaws.com</Data><Data Name='DestinationPort'>80</Data><Data Name='DestinationPortName'>http</Data></EventData></Event>
<Event xmlns='http://schemas.microsoft.com/win/2004/08/events/event'><System><Provider Name='Microsoft-Windows-Sysmon' Guid='{5770385F-C22A-43E0-BF4C-06F5698FFBD9}'/><EventID>3</EventID><Version>5</Version><Level>4</Level><Task>3</Task><Opcode>0</Opcode><Keywords>0x8000000000000000</Keywords><TimeCreated SystemTime='2022-03-15T16:56:22.866254000Z'/><EventRecordID>1485731</EventRecordID><Correlation/><Execution ProcessID='2132' ThreadID='3100'/><Channel>Microsoft-Windows-Sysmon/Operational</Channel><Computer>win-dc-mhaag-attack-range-464.attackrange.local</Computer><Security UserID='S-1-5-18'/></System><EventData><Data Name='RuleName'>-</Data><Data Name='UtcTime'>2022-03-15 16:56:20.170</Data><Data Name='ProcessGuid'>{F4C444F1-C347-6230-DF02-000000004402}</Data><Data Name='ProcessId'>2572</Data><Data Name='Image'>C:\Windows\System32\dllhost.exe</Data><Data Name='User'>ATTACKRANGE\Administrator</Data><Data Name='Protocol'>tcp</Data><Data Name='Initiated'>true</Data><Data Name='SourceIsIpv6'>false</Data><Data Name='SourceIp'>10.0.1.14</Data><Data Name='SourceHostname'>win-dc-mhaag-attack-range-464.attackrange.local</Data><Data Name='SourcePort'>62504</Data><Data Name='SourcePortName'>-</Data><Data Name='DestinationIsIpv6'>false</Data><Data Name='DestinationIp'>54.188.59.68</Data><Data Name='DestinationHostname'>ec2-54-188-59-68.us-west-2.compute.amazonaws.com</Data><Data Name='DestinationPort'>80</Data><Data Name='DestinationPortName'>http</Data></EventData></Event>
<Event xmlns='http://schemas.microsoft.com/win/2004/08/events/event'><System><Provider Name='Microsoft-Windows-Sysmon' Guid='{5770385F-C22A-43E0-BF4C-06F5698FFBD9}'/><EventID>3</EventID><Version>5</Version><Level>4</Level><Task>3</Task><Opcode>0</Opcode><Keywords>0x8000000000000000</Keywords><TimeCreated SystemTime='2022-03-15T16:56:22.866165900Z'/><EventRecordID>1485720</EventRecordID><Correlation/><Execution ProcessID='2132' ThreadID='3100'/><Channel>Microsoft-Windows-Sysmon/Operational</Channel><Computer>win-dc-mhaag-attack-range-464.attackrange.local</Computer><Security UserID='S-1-5-18'/></System><EventData><Data Name='RuleName'>-</Data><Data Name='UtcTime'>2022-03-15 16:56:19.878</Data><Data Name='ProcessGuid'>{F4C444F1-C30C-6230-D602-000000004402}</Data><Data Name='ProcessId'>896</Data><Data Name='Image'>C:\Windows\SysWOW64\rundll32.exe</Data><Data Name='User'>NT AUTHORITY\SYSTEM</Data><Data Name='Protocol'>tcp</Data><Data Name='Initiated'>true</Data><Data Name='SourceIsIpv6'>false</Data><Data Name='SourceIp'>10.0.1.14</Data><Data Name='SourceHostname'>win-dc-mhaag-attack-range-464.attackrange.local</Data><Data Name='SourcePort'>62493</Data><Data Name='SourcePortName'>-</Data><Data Name='DestinationIsIpv6'>false</Data><Data Name='DestinationIp'>54.188.59.68</Data><Data Name='DestinationHostname'>ec2-54-188-59-68.us-west-2.compute.amazonaws.com</Data><Data Name='DestinationPort'>80</Data><Data Name='DestinationPortName'>http</Data></EventData></Event>
<Event xmlns='http://schemas.microsoft.com/win/2004/08/events/event'><System><Provider Name='Microsoft-Windows-Sysmon' Guid='{5770385F-C22A-43E0-BF4C-06F5698FFBD9}'/><EventID>3</EventID><Version>5</Version><Level>4</Level><Task>3</Task><Opcode>0</Opcode><Keywords>0x8000000000000000</Keywords><TimeCreated SystemTime='2022-03-15T16:56:15.598411700Z'/><EventRecordID>1485429</EventRecordID><Correlation/><Execution ProcessID='2132' ThreadID='3100'/><Channel>Microsoft-Windows-Sysmon/Operational</Channel><Computer>win-dc-mhaag-attack-range-464.attackrange.local</Computer><Security UserID='S-1-5-18'/></System><EventData><Data Name='RuleName'>-</Data><Data Name='UtcTime'>2022-03-15 16:56:13.003</Data><Data Name='ProcessGuid'>{F4C444F1-C335-6230-DE02-000000004402}</Data><Data Name='ProcessId'>2752</Data><Data Name='Image'>C:\Windows\SysWOW64\dllhost.exe</Data><Data Name='User'>NT AUTHORITY\SYSTEM</Data><Data Name='Protocol'>tcp</Data><Data Name='Initiated'>true</Data><Data Name='SourceIsIpv6'>false</Data><Data Name='SourceIp'>10.0.1.14</Data><Data Name='SourceHostname'>win-dc-mhaag-attack-range-464.attackrange.local</Data><Data Name='SourcePort'>62247</Data><Data Name='SourcePortName'>-</Data><Data Name='DestinationIsIpv6'>false</Data><Data Name='DestinationIp'>54.188.59.68</Data><Data Name='DestinationHostname'>ec2-54-188-59-68.us-west-2.compute.amazonaws.com</Data><Data Name='DestinationPort'>80</Data><Data Name='DestinationPortName'>http</Data></EventData></Event>
<Event xmlns='http://schemas.microsoft.com/win/2004/08/events/event'><System><Provider Name='Microsoft-Windows-Sysmon' Guid='{5770385F-C22A-43E0-BF4C-06F5698FFBD9}'/><EventID>3</EventID><Version>5</Version><Level>4</Level><Task>3</Task><Opcode>0</Opcode><Keywords>0x8000000000000000</Keywords><TimeCreated SystemTime='2022-03-15T16:56:12.842169400Z'/><EventRecordID>1485319</EventRecordID><Correlation/><Execution ProcessID='2132' ThreadID='3100'/><Channel>Microsoft-Windows-Sysmon/Operational</Channel><Computer>win-dc-mhaag-attack-range-464.attackrange.local</Computer><Security UserID='S-1-5-18'/></System><EventData><Data Name='RuleName'>-</Data><Data Name='UtcTime'>2022-03-15 16:56:09.933</Data><Data Name='ProcessGuid'>{F4C444F1-C2BE-6230-CB02-000000004402}</Data><Data Name='ProcessId'>5224</Data><Data Name='Image'>C:\Windows\SysWOW64\rundll32.exe</Data><Data Name='User'>NT AUTHORITY\SYSTEM</Data><Data Name='Protocol'>tcp</Data><Data Name='Initiated'>true</Data><Data Name='SourceIsIpv6'>false</Data><Data Name='SourceIp'>10.0.1.14</Data><Data Name='SourceHostname'>win-dc-mhaag-attack-range-464.attackrange.local</Data><Data Name='SourcePort'>62139</Data><Data Name='SourcePortName'>-</Data><Data Name='DestinationIsIpv6'>false</Data><Data Name='DestinationIp'>54.188.59.68</Data><Data Name='DestinationHostname'>ec2-54-188-59-68.us-west-2.compute.amazonaws.com</Data><Data Name='DestinationPort'>80</Data><Data Name='DestinationPortName'>http</Data></EventData></Event>
<Event xmlns='http://schemas.microsoft.com/win/2004/08/events/event'><System><Provider Name='Microsoft-Windows-Sysmon' Guid='{5770385F-C22A-43E0-BF4C-06F5698FFBD9}'/><EventID>3</EventID><Version>5</Version><Level>4</Level><Task>3</Task><Opcode>0</Opcode><Keywords>0x8000000000000000</Keywords><TimeCreated SystemTime='2022-03-15T16:56:00.569676700Z'/><EventRecordID>1484833</EventRecordID><Correlation/><Execution ProcessID='2132' ThreadID='3100'/><Channel>Microsoft-Windows-Sysmon/Operational</Channel><Computer>win-dc-mhaag-attack-range-464.attackrange.local</Computer><Security UserID='S-1-5-18'/></System><EventData><Data Name='RuleName'>-</Data><Data Name='UtcTime'>2022-03-15 16:55:57.811</Data><Data Name='ProcessGuid'>{F4C444F1-C199-6230-9702-000000004402}</Data><Data Name='ProcessId'>5428</Data><Data Name='Image'>C:\Windows\System32\rundll32.exe</Data><Data Name='User'>NT AUTHORITY\SYSTEM</Data><Data Name='Protocol'>tcp</Data><Data Name='Initiated'>true</Data><Data Name='SourceIsIpv6'>false</Data><Data Name='SourceIp'>10.0.1.14</Data><Data Name='SourceHostname'>win-dc-mhaag-attack-range-464.attackrange.local</Data><Data Name='SourcePort'>61738</Data><Data Name='SourcePortName'>-</Data><Data Name='DestinationIsIpv6'>false</Data><Data Name='DestinationIp'>54.188.59.68</Data><Data Name='DestinationHostname'>ec2-54-188-59-68.us-west-2.compute.amazonaws.com</Data><Data Name='DestinationPort'>80</Data><Data Name='DestinationPortName'>http</Data></EventData></Event>
