{"preview":false,"result":{"_raw":"{\"Computer\":\"win-dc-jhernandez-17500-200\",\"Correlation_ActivityID\":\"{28083AC2-3AE2-0003-903E-0828E23AD801}\",\"EventID\":\"4104\",\"Execution_ProcessID\":\"2836\",\"Execution_ThreadID\":\"4812\",\"Keywords\":\"0x0\",\"Level\":\"3\",\"Match_Strings\":\"kernel32 in ScriptBlockText\",\"MessageNumber\":\"1\",\"MessageTotal\":\"1\",\"Module\":\"Sigma\",\"Opcode\":\"15\",\"Path\":\"\",\"Provider_Guid\":\"{A0C1853B-5C40-4B15-8766-3CF1C58F985A}\",\"Provider_Name\":\"Microsoft-Windows-PowerShell\",\"Rule_Author\":\"Nikita Nazarov, oscd.community\",\"Rule_Description\":\"Detecting use WinAPI Functions in PowerShell\",\"Rule_FalsePositives\":\"Carbon PowerShell Module (https://github.com/webmd-health-services/Carbon)\",\"Rule_Id\":\"03d83090-8cba-44a0-b02f-0b756a050306\",\"Rule_Level\":\"high\",\"Rule_Link\":\"https://github.com/SigmaHQ/sigma/blob/0.20-3312-gfbf1b845/rules/windows/powershell/powershell_script/posh_ps_accessing_win_api.yml\",\"Rule_Modified\":\"2022/02/23\",\"Rule_Path\":\"public\\\\windows\\\\powershell\\\\powershell_script\\\\posh_ps_accessing_win_api.yml\",\"Rule_References\":\"https://speakerdeck.com/heirhabarov/hunting-for-powershell-abuse\",\"Rule_Sigtype\":\"public\",\"Rule_Title\":\"Accessing WinAPI in PowerShell\",\"ScriptBlockId\":\"7391bb1c-4ba2-478b-8a6c-c8683a8da22b\",\"ScriptBlockText\":\"begin {\\r\\n    $DebugPreference = \\\"Continue\\\"\\r\\n    $ProgressPreference = \\\"SilentlyContinue\\\"\\r\\n    $ErrorActionPreference = \\\"Stop\\\"\\r\\n    Set-StrictMode -Version 2\\r\\n    $script:common_functions = {\\r\\n        Function ConvertFrom-AnsibleJson {\\r\\n            param(\\r\\n                [Parameter(Mandatory=$true, Position=0)][String]$InputObject\\r\\n            )\\r\\n            $cmdlet = Get-Command -Name ConvertFrom-Json -CommandType Cmdlet\\r\\n            if (\\\"AsHashtable\\\" -in $cmdlet.Parameters.Keys) {\\r\\n                return ,(ConvertFrom-Json -InputObject $InputObject -AsHashtable)\\r\\n            } else {\\r\\n                $raw_obj = ConvertFrom-Json -InputObject $InputObject\\r\\n                Function ConvertTo-Hashtable {\\r\\n                    param($InputObject)\\r\\n                    if ($null -eq $InputObject) {\\r\\n                        return $null\\r\\n                    }\\r\\n                    if ($InputObject -is [PSCustomObject]) {\\r\\n                        $new_value = @{}\\r\\n                        foreach ($prop in $InputObject.PSObject.Properties.GetEnumerator()) {\\r\\n                            $new_value.($prop.Name) = (ConvertTo-Hashtable -InputObject $prop.Value)\\r\\n                        }\\r\\n                        return ,$new_value\\r\\n                    } elseif ($InputObject -is [Array]) {\\r\\n                        $new_value = [System.Collections.ArrayList]@()\\r\\n                        foreach ($val in $InputObject) {\\r\\n                            $new_value.Add((ConvertTo-Hashtable -InputObject $val)) \\u003e $null\\r\\n                        }\\r\\n                        return ,$new_value.ToArray()\\r\\n                    } else {\\r\\n                        return ,$InputObject\\r\\n                    }\\r\\n                }\\r\\n                return ,(ConvertTo-Hashtable -InputObject $raw_obj)\\r\\n            }\\r\\n        }\\r\\n        Function Format-AnsibleException {\\r\\n            param([System.Management.Automation.ErrorRecord]$ErrorRecord)\\r\\n            $exception = @\\\"\\r\\n$($ErrorRecord.ToString())\\r\\n$($ErrorRecord.InvocationInfo.PositionMessage)\\r\\n    + CategoryInfo          : $($ErrorRecord.CategoryInfo.ToString())\\r\\n    + FullyQualifiedErrorId : $($ErrorRecord.FullyQualifiedErrorId.ToString())\\r\\n\\\"@\\r\\n            $exception += \\\"`r`n`r`nScriptStackTrace:`r`n$($ErrorRecord.ScriptStackTrace)`r`n\\\"\\r\\n            if ($null -ne $ErrorRecord.Exception.StackTrace) {\\r\\n                $exception += \\\"`r`n$($ErrorRecord.Exception.ToString())\\\"\\r\\n            }\\r\\n            return $exception\\r\\n        }\\r\\n    }\\r\\n    .$common_functions\\r\\n    $script:wrapper_functions = {\\r\\n        Function Write-AnsibleError {\\r\\n            param(\\r\\n                [Parameter(Mandatory=$true)][String]$Message,\\r\\n                [System.Management.Automation.ErrorRecord]$ErrorRecord = $null\\r\\n            )\\r\\n            $result = @{\\r\\n                msg = $Message\\r\\n                failed = $true\\r\\n            }\\r\\n            if ($null -ne $ErrorRecord) {\\r\\n                $result.msg += \\\": $($ErrorRecord.Exception.Message)\\\"\\r\\n                $result.exception = (Format-AnsibleException -ErrorRecord $ErrorRecord)\\r\\n            }\\r\\n            Write-Output -InputObject (ConvertTo-Json -InputObject $result -Depth 99 -Compress)\\r\\n        }\\r\\n        Function Write-AnsibleLog {\\r\\n            param(\\r\\n                [Parameter(Mandatory=$true, Position=0)][String]$Message,\\r\\n                [Parameter(Position=1)][String]$Wrapper\\r\\n            )\\r\\n            $log_path = $env:ANSIBLE_EXEC_DEBUG\\r\\n            if ($log_path) {\\r\\n                $log_path = [System.Environment]::ExpandEnvironmentVariables($log_path)\\r\\n                $parent_path = [System.IO.Path]::GetDirectoryName($log_path)\\r\\n                if (Test-Path -LiteralPath $parent_path -PathType Container) {\\r\\n                    $msg = \\\"{0:u} - {1} - {2} - \\\" -f (Get-Date), $pid, ([System.Security.Principal.WindowsIdentity]::GetCurrent().Name)\\r\\n                    if ($null -ne $Wrapper) {\\r\\n                        $msg += \\\"$Wrapper - \\\"\\r\\n                    }\\r\\n                    $msg += $Message + \\\"`r`n\\\"\\r\\n                    $msg_bytes = [System.Text.Encoding]::UTF8.GetBytes($msg)\\r\\n                    $fs = [System.IO.File]::Open($log_path, [System.IO.FileMode]::Append,\\r\\n                        [System.IO.FileAccess]::Write, [System.IO.FileShare]::ReadWrite)\\r\\n                    try {\\r\\n                        $fs.Write($msg_bytes, 0, $msg_bytes.Length)\\r\\n                    } finally {\\r\\n                        $fs.Close()\\r\\n                    }\\r\\n                }\\r\\n            }\\r\\n        }\\r\\n    }\\r\\n    .$wrapper_functions\\r\\n    if (-not $(Get-Variable \\\"json_raw\\\" -ErrorAction SilentlyContinue)) {\\r\\n        $json_raw = ''\\r\\n    }\\r\\n} process {\\r\\n    $json_raw += [String]$input\\r\\n} end {\\r\\n    Write-AnsibleLog \\\"INFO - starting exec_wrapper\\\" \\\"exec_wrapper\\\"\\r\\n    if (-not $json_raw) {\\r\\n        Write-AnsibleError -Message \\\"internal error: no input given to PowerShell exec wrapper\\\"\\r\\n        exit 1\\r\\n    }\\r\\n    Write-AnsibleLog \\\"INFO - converting json raw to a payload\\\" \\\"exec_wrapper\\\"\\r\\n    $payload = ConvertFrom-AnsibleJson -InputObject $json_raw\\r\\n    if ($payload.min_os_version) {\\r\\n        $min_os_version = [Version]$payload.min_os_version\\r\\n        $actual_os_version = [Version](Get-Item -Path $env:SystemRoot\\\\System32\\\\kernel32.dll).VersionInfo.ProductVersion\\r\\n        Write-AnsibleLog \\\"INFO - checking if actual os version '$actual_os_version' is less than the min os version '$min_os_version'\\\" \\\"exec_wrapper\\\"\\r\\n        if ($actual_os_version -lt $min_os_version) {\\r\\n            Write-AnsibleError -Message \\\"internal error: This module cannot run on this OS as it requires a minimum version of $min_os_version, actual was $actual_os_version\\\"\\r\\n            exit 1\\r\\n        }\\r\\n    }\\r\\n    if ($payload.min_ps_version) {\\r\\n        $min_ps_version = [Version]$payload.min_ps_version\\r\\n        $actual_ps_version = $PSVersionTable.PSVersion\\r\\n        Write-AnsibleLog \\\"INFO - checking if actual PS version '$actual_ps_version' is less than the min PS version '$min_ps_version'\\\" \\\"exec_wrapper\\\"\\r\\n        if ($actual_ps_version -lt $min_ps_version) {\\r\\n            Write-AnsibleError -Message \\\"internal error: This module cannot run as it requires a minimum PowerShell version of $min_ps_version, actual was $actual_ps_version\\\"\\r\\n            exit 1\\r\\n        }\\r\\n    }\\r\\n    $action = $payload.actions[0]\\r\\n    Write-AnsibleLog \\\"INFO - running action $action\\\" \\\"exec_wrapper\\\"\\r\\n    $entrypoint = [System.Text.Encoding]::UTF8.GetString([System.Convert]::FromBase64String($payload.($action)))\\r\\n    $entrypoint = [ScriptBlock]::Create($entrypoint)\\r\\n    $encoded_output = $payload.encoded_output\\r\\n    try {\\r\\n        $output = \\u0026$entrypoint -Payload $payload\\r\\n        if ($encoded_output -and $null -ne $output) {\\r\\n            $b64_output = [System.Convert]::ToBase64String([System.Text.Encoding]::UTF8.GetBytes($output))\\r\\n            Write-Output -InputObject $b64_output\\r\\n        } else {\\r\\n            $output\\r\\n        }\\r\\n    } catch {\\r\\n        Write-AnsibleError -Message \\\"internal error: failed to run exec_wrapper action $action\\\" -ErrorRecord $_\\r\\n        exit 1\\r\\n    }\\r\\n    Write-AnsibleLog \\\"INFO - ending exec_wrapper\\\" \\\"exec_wrapper\\\"\\r\\n}\\r\\n\\r\\n\",\"Security_UserID\":\"S-1-5-21-3651310434-676309764-3668584008-500\",\"Task\":\"2\",\"TimeCreated_SystemTime\":\"2022-03-18T16:09:53.8026253Z\",\"Version\":\"1\",\"level\":\"warning\",\"msg\":\"Sigma match found\",\"time\":\"2022-03-18T16:09:56Z\"}","_time":"2022-03-18T16:09:55.000+0000","eventtype":["err0r","nix-all-logs","nix_errors"],"host":"WIN-DC-JHERNAND","index":"win","linecount":"1","punct":"{\"\":\"----\",\"\":\"{----}\",\"\":\"\",\"\":\"\",\"\":\"\",\"\":\"\",\"\":","source":"C:\\aurora-agent-lite-win-pack\\aurora_alerts.json.log","sourcetype":"aurora-edr","splunk_server":"splunk-server-jhernandez-17500-9244","tag":"error","tag::eventtype":"error","timestamp":"none"}}
{"preview":false,"result":{"_raw":"{\"CommandLine\":\"\\\"C:\\\\Windows\\\\Microsoft.NET\\\\Framework64\\\\v4.0.30319\\\\csc.exe\\\" /noconfig /fullpaths @\\\"C:\\\\Users\\\\Administrator\\\\AppData\\\\Local\\\\Temp\\\\udhklqco\\\\udhklqco.cmdline\\\"\",\"Computer\":\"win-dc-jhernandez-17500-200.attackrange.local\",\"Correlation_ActivityID\":\"\",\"EventID\":\"4688\",\"EventRecordID\":\"304719\",\"Execution_ProcessID\":\"4\",\"Execution_ThreadID\":\"288\",\"Image\":\"C:\\\\Windows\\\\Microsoft.NET\\\\Framework64\\\\v4.0.30319\\\\csc.exe\",\"Keywords\":\"0\",\"Level\":\"0\",\"MandatoryLabel\":\"S-1-16-12288\",\"Match_Strings\":\"\\\\AppData\\\\ in CommandLine, \\\\csc.exe in Image\",\"Module\":\"Sigma\",\"NewProcessId\":\"4868\",\"Opcode\":\"0\",\"ParentImage\":\"C:\\\\Windows\\\\System32\\\\WindowsPowerShell\\\\v1.0\\\\powershell.exe\",\"ProcessId\":\"2836\",\"Provider_Guid\":\"{54849625-5478-4994-A5BA-3E3B0328C30D}\",\"Provider_Name\":\"Microsoft-Windows-Security-Auditing\",\"Rule_Author\":\"Florian Roth\",\"Rule_Description\":\"Detects a suspicious execution of csc.exe, which uses a source in a suspicious folder (e.g. AppData)\",\"Rule_FalsePositives\":\"https://twitter.com/gN3mes1s/status/1206874118282448897, https://twitter.com/gabriele_pippi/status/1206907900268072962\",\"Rule_Id\":\"dcaa3f04-70c3-427a-80b4-b870d73c94c4\",\"Rule_Level\":\"medium\",\"Rule_Link\":\"https://github.com/SigmaHQ/sigma/blob/0.20-3312-gfbf1b845/rules/windows/process_creation/proc_creation_win_susp_csc_folder.yml\",\"Rule_Modified\":\"2021/02/01\",\"Rule_Path\":\"public\\\\windows\\\\process_creation\\\\proc_creation_win_susp_csc_folder.yml\",\"Rule_References\":\"https://securityboulevard.com/2019/08/agent-tesla-evading-edr-by-removing-api-hooks/, https://www.clearskysec.com/wp-content/uploads/2018/11/MuddyWater-Operations-in-Lebanon-and-Oman.pdf, https://app.any.run/tasks/c6993447-d1d8-414e-b856-675325e5aa09/, https://twitter.com/gN3mes1s/status/1206874118282448897\",\"Rule_Sigtype\":\"public\",\"Rule_Title\":\"Suspicious Csc.exe Source File Folder\",\"Security_UserID\":\"\",\"Source\":\"Security\",\"SubjectDomainName\":\"ATTACKRANGE\",\"SubjectLogonId\":\"0xede69\",\"SubjectUserName\":\"Administrator\",\"SubjectUserSid\":\"S-1-5-21-3651310434-676309764-3668584008-500\",\"TargetDomainName\":\"-\",\"TargetLogonId\":\"0x0\",\"TargetUserName\":\"-\",\"TargetUserSid\":\"S-1-0-0\",\"Task\":\"13312\",\"TimeCreated_SystemTime\":\"2022-03-18T16:09:54.4710713Z\",\"TokenElevationType\":\"%%1936\",\"Version\":\"2\",\"level\":\"notice\",\"msg\":\"Sigma match found\",\"time\":\"2022-03-18T16:09:55Z\"}","_time":"2022-03-18T16:09:55.000+0000","eventtype":"nix-all-logs","host":"WIN-DC-JHERNAND","index":"win","linecount":"1","punct":"{\"\":\"\\\":\\\\\\\\.\\\\\\\\..\\\\.\\\"_/_/_@\\\":\\\\\\\\\\\\\\\\\\\\\\\\\\\\.\\\"","source":"C:\\aurora-agent-lite-win-pack\\aurora_alerts.json.log","sourcetype":"aurora-edr","splunk_server":"splunk-server-jhernandez-17500-9244","timestamp":"none"}}
{"preview":false,"result":{"_raw":"{\"CommandLine\":\"\\\"C:\\\\Windows\\\\Microsoft.NET\\\\Framework64\\\\v4.0.30319\\\\csc.exe\\\" /noconfig /fullpaths @\\\"C:\\\\Users\\\\ADMINI~1\\\\AppData\\\\Local\\\\Temp\\\\aajdvhyv.cmdline\\\"\",\"Computer\":\"win-dc-jhernandez-17500-200.attackrange.local\",\"Correlation_ActivityID\":\"\",\"EventID\":\"4688\",\"EventRecordID\":\"304717\",\"Execution_ProcessID\":\"4\",\"Execution_ThreadID\":\"340\",\"Image\":\"C:\\\\Windows\\\\Microsoft.NET\\\\Framework64\\\\v4.0.30319\\\\csc.exe\",\"Keywords\":\"0\",\"Level\":\"0\",\"MandatoryLabel\":\"S-1-16-12288\",\"Match_Strings\":\"\\\\AppData\\\\ in CommandLine, \\\\csc.exe in Image\",\"Module\":\"Sigma\",\"NewProcessId\":\"3752\",\"Opcode\":\"0\",\"ParentImage\":\"C:\\\\Windows\\\\System32\\\\WindowsPowerShell\\\\v1.0\\\\powershell.exe\",\"ProcessId\":\"2836\",\"Provider_Guid\":\"{54849625-5478-4994-A5BA-3E3B0328C30D}\",\"Provider_Name\":\"Microsoft-Windows-Security-Auditing\",\"Rule_Author\":\"Florian Roth\",\"Rule_Description\":\"Detects a suspicious execution of csc.exe, which uses a source in a suspicious folder (e.g. AppData)\",\"Rule_FalsePositives\":\"https://twitter.com/gN3mes1s/status/1206874118282448897, https://twitter.com/gabriele_pippi/status/1206907900268072962\",\"Rule_Id\":\"dcaa3f04-70c3-427a-80b4-b870d73c94c4\",\"Rule_Level\":\"medium\",\"Rule_Link\":\"https://github.com/SigmaHQ/sigma/blob/0.20-3312-gfbf1b845/rules/windows/process_creation/proc_creation_win_susp_csc_folder.yml\",\"Rule_Modified\":\"2021/02/01\",\"Rule_Path\":\"public\\\\windows\\\\process_creation\\\\proc_creation_win_susp_csc_folder.yml\",\"Rule_References\":\"https://securityboulevard.com/2019/08/agent-tesla-evading-edr-by-removing-api-hooks/, https://www.clearskysec.com/wp-content/uploads/2018/11/MuddyWater-Operations-in-Lebanon-and-Oman.pdf, https://app.any.run/tasks/c6993447-d1d8-414e-b856-675325e5aa09/, https://twitter.com/gN3mes1s/status/1206874118282448897\",\"Rule_Sigtype\":\"public\",\"Rule_Title\":\"Suspicious Csc.exe Source File Folder\",\"Security_UserID\":\"\",\"Source\":\"Security\",\"SubjectDomainName\":\"ATTACKRANGE\",\"SubjectLogonId\":\"0xede69\",\"SubjectUserName\":\"Administrator\",\"SubjectUserSid\":\"S-1-5-21-3651310434-676309764-3668584008-500\",\"TargetDomainName\":\"-\",\"TargetLogonId\":\"0x0\",\"TargetUserName\":\"-\",\"TargetUserSid\":\"S-1-0-0\",\"Task\":\"13312\",\"TimeCreated_SystemTime\":\"2022-03-18T16:09:54.1322757Z\",\"TokenElevationType\":\"%%1936\",\"Version\":\"2\",\"level\":\"notice\",\"msg\":\"Sigma match found\",\"time\":\"2022-03-18T16:09:55Z\"}","_time":"2022-03-18T16:09:55.000+0000","eventtype":"nix-all-logs","host":"WIN-DC-JHERNAND","index":"win","linecount":"1","punct":"{\"\":\"\\\":\\\\\\\\.\\\\\\\\..\\\\.\\\"_/_/_@\\\":\\\\\\\\\\\\\\\\\\\\\\\\.\\\"\",","source":"C:\\aurora-agent-lite-win-pack\\aurora_alerts.json.log","sourcetype":"aurora-edr","splunk_server":"splunk-server-jhernandez-17500-9244","timestamp":"none"}}
{"preview":false,"result":{"_raw":"{\"CommandLine\":\"\\\"C:\\\\Windows\\\\System32\\\\WindowsPowerShell\\\\v1.0\\\\powershell.exe\\\" -NoProfile -NonInteractive -ExecutionPolicy Unrestricted -EncodedCommand JgBjAGgAYwBwAC4AYwBvAG0AIAA2ADUAMAAwADEAIAA+ACAAJABuAHUAbABsAAoAJABlAHgAZQBjAF8AdwByAGEAcABwAGUAcgBfAHMAdAByACAAPQAgACQAaQBuAHAAdQB0ACAAfAAgAE8AdQB0AC0AUwB0AHIAaQBuAGcACgAkAHMAcABsAGkAdABfAHAAYQByAHQAcwAgAD0AIAAkAGUAeABlAGMAXwB3AHIAYQBwAHAAZQByAF8AcwB0AHIALgBTAHAAbABpAHQAKABAACgAIgBgADAAYAAwAGAAMABgADAAIgApACwAIAAyACwAIABbAFMAdAByAGkAbgBnAFMAcABsAGkAdABPAHAAdABpAG8AbgBzAF0AOgA6AFIAZQBtAG8AdgBlAEUAbQBwAHQAeQBFAG4AdAByAGkAZQBzACkACgBJAGYAIAAoAC0AbgBvAHQAIAAkAHMAcABsAGkAdABfAHAAYQByAHQAcwAuAEwAZQBuAGcAdABoACAALQBlAHEAIAAyACkAIAB7ACAAdABoAHIAbwB3ACAAIgBpAG4AdgBhAGwAaQBkACAAcABhAHkAbABvAGEAZAAiACAAfQAKAFMAZQB0AC0AVgBhAHIAaQBhAGIAbABlACAALQBOAGEAbQBlACAAagBzAG8AbgBfAHIAYQB3ACAALQBWAGEAbAB1AGUAIAAkAHMAcABsAGkAdABfAHAAYQByAHQAcwBbADEAXQAKACQAZQB4AGUAYwBfAHcAcgBhAHAAcABlAHIAIAA9ACAAWwBTAGMAcgBpAHAAdABCAGwAbwBjAGsAXQA6ADoAQwByAGUAYQB0AGUAKAAkAHMAcABsAGkAdABfAHAAYQByAHQAcwBbADAAXQApAAoAJgAkAGUAeABlAGMAXwB3AHIAYQBwAHAAZQByAA==\",\"Computer\":\"win-dc-jhernandez-17500-200.attackrange.local\",\"Correlation_ActivityID\":\"\",\"EventID\":\"4688\",\"EventRecordID\":\"304710\",\"Execution_ProcessID\":\"4\",\"Execution_ThreadID\":\"464\",\"Image\":\"C:\\\\Windows\\\\System32\\\\WindowsPowerShell\\\\v1.0\\\\powershell.exe\",\"Keywords\":\"0\",\"Level\":\"0\",\"MandatoryLabel\":\"S-1-16-12288\",\"Match_Strings\":\"'\\\"C:\\\\\\\\Windows\\\\\\\\System32\\\\\\\\WindowsPowerShell\\\\\\\\v1.0\\\\\\\\powershell.exe\\\" -NoProfile -NonInteractive -ExecutionPolicy Unrestricted -EncodedCommand JgBjAGgAYwBwAC4AYwBvAG0AIAA2ADUAMAAwADEAIAA+ACAAJABuAHUAbABsAAoAJABlAHgAZQBjAF8AdwByAGEAcABwAGUAcgBfAHMAdAByACAAPQAgACQAaQBuAHAAdQB0ACAAfAAgAE8AdQB0AC0AUwB0AHIAaQBuAGcACgAkAHMAcABsAGkAdABfAHAAYQByAHQAcwAgAD0AIAAkAGUAeABlAGMAXwB3AHIAYQBwAHAAZQByAF8AcwB0AHIALgBTAHAAbABpAHQAKABAACgAIgBgADAAYAAwAGAAMABgADAAIgApACwAIAAyACwAIABbAFMAdAByAGkAbgBnAFMAcABsAGkAdABPAHAAdABpAG8AbgBzAF0AOgA6AFIAZQBtAG8AdgBlAEUAbQBwAHQAeQBFAG4AdAByAGkAZQBzACkACgBJAGYAIAAoAC0AbgBvAHQAIAAkAHMAcABsAGkAdABfAHAAYQByAHQAcwAuAEwAZQBuAGcAdABoACAALQBlAHEAIAAyACkAIAB7ACAAdABoAHIAbwB3ACAAIgBpAG4AdgBhAGwAaQBkACAAcABhAHkAbABvAGEAZAAiACAAfQAKAFMAZQB0AC0AVgBhAHIAaQBhAGIAbABlACAALQBOAGEAbQBlACAAagBzAG8AbgBfAHIAYQB3ACAALQBWAGEAbAB1AGUAIAAkAHMAcABsAGkAdABfAHAAYQByAHQAcwBbADEAXQAKACQAZQB4AGUAYwBfAHcAcgBhAHAAcABlAHIAIAA9ACAAWwBTAGMAcgBpAHAAdABCAGwAbwBjAGsAXQA6ADoAQwByAGUAYQB0AGUAKAAkAHMAcABsAGkAdABfAHAAYQByAHQAcwBbADAAXQApAAoAJgAkAGUAeABlAGMAXwB3AHIAYQBwAHAAZQByAA==' in CommandLine, PowerShell in CommandLine, powershell in CommandLine\",\"Module\":\"Sigma\",\"NewProcessId\":\"2836\",\"Opcode\":\"0\",\"ParentImage\":\"C:\\\\Windows\\\\System32\\\\WindowsPowerShell\\\\v1.0\\\\powershell.exe\",\"ProcessId\":\"4840\",\"Provider_Guid\":\"{54849625-5478-4994-A5BA-3E3B0328C30D}\",\"Provider_Name\":\"Microsoft-Windows-Security-Auditing\",\"Rule_Author\":\"oscd.community, Natalia Shornikova\",\"Rule_Description\":\"Detects Too long PowerShell command lines\",\"Rule_FalsePositives\":\"Unknown\",\"Rule_Id\":\"d0d28567-4b9a-45e2-8bbc-fb1b66a1f7f6\",\"Rule_Level\":\"medium\",\"Rule_Link\":\"https://github.com/SigmaHQ/sigma/blob/0.20-3312-gfbf1b845/rules/windows/process_creation/proc_creation_win_long_powershell_commandline.yml\",\"Rule_Modified\":\"2021/12/02\",\"Rule_Path\":\"public\\\\windows\\\\process_creation\\\\proc_creation_win_long_powershell_commandline.yml\",\"Rule_References\":\"https://speakerdeck.com/heirhabarov/hunting-for-powershell-abuse\",\"Rule_Sigtype\":\"public\",\"Rule_Title\":\"Too Long PowerShell Commandlines\",\"Security_UserID\":\"\",\"Source\":\"Security\",\"SubjectDomainName\":\"ATTACKRANGE\",\"SubjectLogonId\":\"0xede69\",\"SubjectUserName\":\"Administrator\",\"SubjectUserSid\":\"S-1-5-21-3651310434-676309764-3668584008-500\",\"TargetDomainName\":\"-\",\"TargetLogonId\":\"0x0\",\"TargetUserName\":\"-\",\"TargetUserSid\":\"S-1-0-0\",\"Task\":\"13312\",\"TimeCreated_SystemTime\":\"2022-03-18T16:09:52.8721247Z\",\"TokenElevationType\":\"%%1936\",\"Version\":\"2\",\"level\":\"notice\",\"msg\":\"Sigma match found\",\"time\":\"2022-03-18T16:09:55Z\"}","_time":"2022-03-18T16:09:55.000+0000","eventtype":"nix-all-logs","host":"WIN-DC-JHERNAND","index":"win","linecount":"1","punct":"{\"\":\"\\\":\\\\\\\\\\\\\\\\.\\\\.\\\"_-_-_-__-_+==\",\"\":\"----..\",\"","source":"C:\\aurora-agent-lite-win-pack\\aurora_alerts.json.log","sourcetype":"aurora-edr","splunk_server":"splunk-server-jhernandez-17500-9244","timestamp":"none"}}
{"preview":false,"result":{"_raw":"{\"CommandLine\":\"\\\"C:\\\\Windows\\\\System32\\\\WindowsPowerShell\\\\v1.0\\\\powershell.exe\\\" -NoProfile -NonInteractive -ExecutionPolicy Unrestricted -EncodedCommand JgBjAGgAYwBwAC4AYwBvAG0AIAA2ADUAMAAwADEAIAA+ACAAJABuAHUAbABsAAoAJABlAHgAZQBjAF8AdwByAGEAcABwAGUAcgBfAHMAdAByACAAPQAgACQAaQBuAHAAdQB0ACAAfAAgAE8AdQB0AC0AUwB0AHIAaQBuAGcACgAkAHMAcABsAGkAdABfAHAAYQByAHQAcwAgAD0AIAAkAGUAeABlAGMAXwB3AHIAYQBwAHAAZQByAF8AcwB0AHIALgBTAHAAbABpAHQAKABAACgAIgBgADAAYAAwAGAAMABgADAAIgApACwAIAAyACwAIABbAFMAdAByAGkAbgBnAFMAcABsAGkAdABPAHAAdABpAG8AbgBzAF0AOgA6AFIAZQBtAG8AdgBlAEUAbQBwAHQAeQBFAG4AdAByAGkAZQBzACkACgBJAGYAIAAoAC0AbgBvAHQAIAAkAHMAcABsAGkAdABfAHAAYQByAHQAcwAuAEwAZQBuAGcAdABoACAALQBlAHEAIAAyACkAIAB7ACAAdABoAHIAbwB3ACAAIgBpAG4AdgBhAGwAaQBkACAAcABhAHkAbABvAGEAZAAiACAAfQAKAFMAZQB0AC0AVgBhAHIAaQBhAGIAbABlACAALQBOAGEAbQBlACAAagBzAG8AbgBfAHIAYQB3ACAALQBWAGEAbAB1AGUAIAAkAHMAcABsAGkAdABfAHAAYQByAHQAcwBbADEAXQAKACQAZQB4AGUAYwBfAHcAcgBhAHAAcABlAHIAIAA9ACAAWwBTAGMAcgBpAHAAdABCAGwAbwBjAGsAXQA6ADoAQwByAGUAYQB0AGUAKAAkAHMAcABsAGkAdABfAHAAYQByAHQAcwBbADAAXQApAAoAJgAkAGUAeABlAGMAXwB3AHIAYQBwAHAAZQByAA==\",\"Computer\":\"win-dc-jhernandez-17500-200.attackrange.local\",\"Correlation_ActivityID\":\"\",\"EventID\":\"4688\",\"EventRecordID\":\"304710\",\"Execution_ProcessID\":\"4\",\"Execution_ThreadID\":\"464\",\"Image\":\"C:\\\\Windows\\\\System32\\\\WindowsPowerShell\\\\v1.0\\\\powershell.exe\",\"Keywords\":\"0\",\"Level\":\"0\",\"MandatoryLabel\":\"S-1-16-12288\",\"Match_Strings\":\"' -Enco' in CommandLine, \\\\powershell.exe in Image\",\"Module\":\"Sigma\",\"NewProcessId\":\"2836\",\"Opcode\":\"0\",\"ParentImage\":\"C:\\\\Windows\\\\System32\\\\WindowsPowerShell\\\\v1.0\\\\powershell.exe\",\"ProcessId\":\"4840\",\"Provider_Guid\":\"{54849625-5478-4994-A5BA-3E3B0328C30D}\",\"Provider_Name\":\"Microsoft-Windows-Security-Auditing\",\"Rule_Author\":\"frack113\",\"Rule_Description\":\"Commandline to lauch powershell with a base64 payload\",\"Rule_FalsePositives\":\"Unknown\",\"Rule_Id\":\"fb843269-508c-4b76-8b8d-88679db22ce7\",\"Rule_Level\":\"medium\",\"Rule_Link\":\"https://github.com/SigmaHQ/sigma/blob/0.20-3312-gfbf1b845/rules/windows/process_creation/proc_creation_win_susp_powershell_encode.yml\",\"Rule_Modified\":\"2022/02/10\",\"Rule_Path\":\"public\\\\windows\\\\process_creation\\\\proc_creation_win_susp_powershell_encode.yml\",\"Rule_References\":\"https://github.com/redcanaryco/atomic-red-team/blob/master/atomics/T1059.001/T1059.001.md#atomic-test-20---powershell-invoke-known-malicious-cmdlets, https://unit42.paloaltonetworks.com/unit42-pulling-back-the-curtains-on-encodedcommand-powershell-attacks/, https://mikefrobbins.com/2017/06/15/simple-obfuscation-with-powershell-using-base64-encoding/\",\"Rule_Sigtype\":\"public\",\"Rule_Title\":\"Suspicious Execution of Powershell with Base64\",\"Security_UserID\":\"\",\"Source\":\"Security\",\"SubjectDomainName\":\"ATTACKRANGE\",\"SubjectLogonId\":\"0xede69\",\"SubjectUserName\":\"Administrator\",\"SubjectUserSid\":\"S-1-5-21-3651310434-676309764-3668584008-500\",\"TargetDomainName\":\"-\",\"TargetLogonId\":\"0x0\",\"TargetUserName\":\"-\",\"TargetUserSid\":\"S-1-0-0\",\"Task\":\"13312\",\"TimeCreated_SystemTime\":\"2022-03-18T16:09:52.8721247Z\",\"TokenElevationType\":\"%%1936\",\"Version\":\"2\",\"level\":\"notice\",\"msg\":\"Sigma match found\",\"time\":\"2022-03-18T16:09:55Z\"}","_time":"2022-03-18T16:09:55.000+0000","eventtype":"nix-all-logs","host":"WIN-DC-JHERNAND","index":"win","linecount":"1","punct":"{\"\":\"\\\":\\\\\\\\\\\\\\\\.\\\\.\\\"_-_-_-__-_+==\",\"\":\"----..\",\"","source":"C:\\aurora-agent-lite-win-pack\\aurora_alerts.json.log","sourcetype":"aurora-edr","splunk_server":"splunk-server-jhernandez-17500-9244","timestamp":"none"}}
{"preview":false,"result":{"_raw":"{\"CommandLine\":\"\\\"C:\\\\Windows\\\\System32\\\\WindowsPowerShell\\\\v1.0\\\\powershell.exe\\\" -NoProfile -NonInteractive -ExecutionPolicy Unrestricted -EncodedCommand JgBjAGgAYwBwAC4AYwBvAG0AIAA2ADUAMAAwADEAIAA+ACAAJABuAHUAbABsAAoAJABlAHgAZQBjAF8AdwByAGEAcABwAGUAcgBfAHMAdAByACAAPQAgACQAaQBuAHAAdQB0ACAAfAAgAE8AdQB0AC0AUwB0AHIAaQBuAGcACgAkAHMAcABsAGkAdABfAHAAYQByAHQAcwAgAD0AIAAkAGUAeABlAGMAXwB3AHIAYQBwAHAAZQByAF8AcwB0AHIALgBTAHAAbABpAHQAKABAACgAIgBgADAAYAAwAGAAMABgADAAIgApACwAIAAyACwAIABbAFMAdAByAGkAbgBnAFMAcABsAGkAdABPAHAAdABpAG8AbgBzAF0AOgA6AFIAZQBtAG8AdgBlAEUAbQBwAHQAeQBFAG4AdAByAGkAZQBzACkACgBJAGYAIAAoAC0AbgBvAHQAIAAkAHMAcABsAGkAdABfAHAAYQByAHQAcwAuAEwAZQBuAGcAdABoACAALQBlAHEAIAAyACkAIAB7ACAAdABoAHIAbwB3ACAAIgBpAG4AdgBhAGwAaQBkACAAcABhAHkAbABvAGEAZAAiACAAfQAKAFMAZQB0AC0AVgBhAHIAaQBhAGIAbABlACAALQBOAGEAbQBlACAAagBzAG8AbgBfAHIAYQB3ACAALQBWAGEAbAB1AGUAIAAkAHMAcABsAGkAdABfAHAAYQByAHQAcwBbADEAXQAKACQAZQB4AGUAYwBfAHcAcgBhAHAAcABlAHIAIAA9ACAAWwBTAGMAcgBpAHAAdABCAGwAbwBjAGsAXQA6ADoAQwByAGUAYQB0AGUAKAAkAHMAcABsAGkAdABfAHAAYQByAHQAcwBbADAAXQApAAoAJgAkAGUAeABlAGMAXwB3AHIAYQBwAHAAZQByAA==\",\"Computer\":\"win-dc-jhernandez-17500-200.attackrange.local\",\"Correlation_ActivityID\":\"\",\"EventID\":\"4688\",\"EventRecordID\":\"304710\",\"Execution_ProcessID\":\"4\",\"Execution_ThreadID\":\"464\",\"Image\":\"C:\\\\Windows\\\\System32\\\\WindowsPowerShell\\\\v1.0\\\\powershell.exe\",\"Keywords\":\"0\",\"Level\":\"0\",\"MandatoryLabel\":\"S-1-16-12288\",\"Match_Strings\":\"' -ExecutionPolicy ' in CommandLine, Unrestricted in CommandLine\",\"Module\":\"Sigma\",\"NewProcessId\":\"2836\",\"Opcode\":\"0\",\"ParentImage\":\"C:\\\\Windows\\\\System32\\\\WindowsPowerShell\\\\v1.0\\\\powershell.exe\",\"ProcessId\":\"4840\",\"Provider_Guid\":\"{54849625-5478-4994-A5BA-3E3B0328C30D}\",\"Provider_Name\":\"Microsoft-Windows-Security-Auditing\",\"Rule_Author\":\"frack113\",\"Rule_Description\":\"Detects use of executionpolicy option to set a unsecure policies\",\"Rule_FalsePositives\":\"Administrator script\",\"Rule_Id\":\"87e3c4e8-a6a8-4ad9-bb4f-46e7ff99a180\",\"Rule_Level\":\"medium\",\"Rule_Link\":\"https://github.com/SigmaHQ/sigma/blob/0.20-3312-gfbf1b845/rules/windows/process_creation/proc_creation_win_set_policies_to_unsecure_level.yml\",\"Rule_Modified\":\"2022/02/23\",\"Rule_Path\":\"public\\\\windows\\\\process_creation\\\\proc_creation_win_set_policies_to_unsecure_level.yml\",\"Rule_References\":\"https://docs.microsoft.com/en-us/powershell/module/microsoft.powershell.security/set-executionpolicy?view=powershell-7.1, https://docs.microsoft.com/en-us/powershell/module/microsoft.powershell.core/about/about_execution_policies?view=powershell-7.1, https://adsecurity.org/?p=2604, https://thedfirreport.com/2021/11/01/from-zero-to-domain-admin/\",\"Rule_Sigtype\":\"public\",\"Rule_Title\":\"Change PowerShell Policies to an Unsecure Level\",\"Security_UserID\":\"\",\"Source\":\"Security\",\"SubjectDomainName\":\"ATTACKRANGE\",\"SubjectLogonId\":\"0xede69\",\"SubjectUserName\":\"Administrator\",\"SubjectUserSid\":\"S-1-5-21-3651310434-676309764-3668584008-500\",\"TargetDomainName\":\"-\",\"TargetLogonId\":\"0x0\",\"TargetUserName\":\"-\",\"TargetUserSid\":\"S-1-0-0\",\"Task\":\"13312\",\"TimeCreated_SystemTime\":\"2022-03-18T16:09:52.8721247Z\",\"TokenElevationType\":\"%%1936\",\"Version\":\"2\",\"level\":\"notice\",\"msg\":\"Sigma match found\",\"time\":\"2022-03-18T16:09:55Z\"}","_time":"2022-03-18T16:09:55.000+0000","eventtype":"nix-all-logs","host":"WIN-DC-JHERNAND","index":"win","linecount":"1","punct":"{\"\":\"\\\":\\\\\\\\\\\\\\\\.\\\\.\\\"_-_-_-__-_+==\",\"\":\"----..\",\"","source":"C:\\aurora-agent-lite-win-pack\\aurora_alerts.json.log","sourcetype":"aurora-edr","splunk_server":"splunk-server-jhernandez-17500-9244","timestamp":"none"}}
{"preview":false,"result":{"_raw":"{\"CommandLine\":\"PowerShell  -NoProfile -NonInteractive -ExecutionPolicy Unrestricted -EncodedCommand UABvAHcAZQByAFMAaABlAGwAbAAgAC0ATgBvAFAAcgBvAGYAaQBsAGUAIAAtAE4AbwBuAEkAbgB0AGUAcgBhAGMAdABpAHYAZQAgAC0ARQB4AGUAYwB1AHQAaQBvAG4AUABvAGwAaQBjAHkAIABVAG4AcgBlAHMAdAByAGkAYwB0AGUAZAAgAC0ARQBuAGMAbwBkAGUAZABDAG8AbQBtAGEAbgBkACAASgBnAEIAagBBAEcAZwBBAFkAdwBCAHcAQQBDADQAQQBZAHcAQgB2AEEARwAwAEEASQBBAEEAMgBBAEQAVQBBAE0AQQBBAHcAQQBEAEUAQQBJAEEAQQArAEEAQwBBAEEASgBBAEIAdQBBAEgAVQBBAGIAQQBCAHMAQQBBAG8AQQBKAEEAQgBsAEEASABnAEEAWgBRAEIAagBBAEYAOABBAGQAdwBCAHkAQQBHAEUAQQBjAEEAQgB3AEEARwBVAEEAYwBnAEIAZgBBAEgATQBBAGQAQQBCAHkAQQBDAEEAQQBQAFEAQQBnAEEAQwBRAEEAYQBRAEIAdQBBAEgAQQBBAGQAUQBCADAAQQBDAEEAQQBmAEEAQQBnAEEARQA4AEEAZABRAEIAMABBAEMAMABBAFUAdwBCADAAQQBIAEkAQQBhAFEAQgB1AEEARwBjAEEAQwBnAEEAawBBAEgATQBBAGMAQQBCAHMAQQBHAGsAQQBkAEEAQgBmAEEASABBAEEAWQBRAEIAeQBBAEgAUQBBAGMAdwBBAGcAQQBEADAAQQBJAEEAQQBrAEEARwBVAEEAZQBBAEIAbABBAEcATQBBAFgAdwBCADMAQQBIAEkAQQBZAFEAQgB3AEEASABBAEEAWgBRAEIAeQBBAEYAOABBAGMAdwBCADAAQQBIAEkAQQBMAGcAQgBUAEEASABBAEEAYgBBAEIAcABBAEgAUQBBAEsAQQBCAEEAQQBDAGcAQQBJAGcAQgBnAEEARABBAEEAWQBBAEEAdwBBAEcAQQBBAE0AQQBCAGcAQQBEAEEAQQBJAGcAQQBwAEEAQwB3AEEASQBBAEEAeQBBAEMAdwBBAEkAQQBCAGIAQQBGAE0AQQBkAEEAQgB5AEEARwBrAEEAYgBnAEIAbgBBAEYATQBBAGMAQQBCAHMAQQBHAGsAQQBkAEEAQgBQAEEASABBAEEAZABBAEIAcABBAEcAOABBAGIAZwBCAHoAQQBGADAAQQBPAGcAQQA2AEEARgBJAEEAWgBRAEIAdABBAEcAOABBAGQAZwBCAGwAQQBFAFUAQQBiAFEAQgB3AEEASABRAEEAZQBRAEIARgBBAEcANABBAGQAQQBCAHkAQQBHAGsAQQBaAFEAQgB6AEEAQwBrAEEAQwBnAEIASgBBAEcAWQBBAEkAQQBBAG8AQQBDADAAQQBiAGcAQgB2AEEASABRAEEASQBBAEEAawBBAEgATQBBAGMAQQBCAHMAQQBHAGsAQQBkAEEAQgBmAEEASABBAEEAWQBRAEIAeQBBAEgAUQBBAGMAdwBBAHUAQQBFAHcAQQBaAFEAQgB1AEEARwBjAEEAZABBAEIAbwBBAEMAQQBBAEwAUQBCAGwAQQBIAEUAQQBJAEEAQQB5AEEAQwBrAEEASQBBAEIANwBBAEMAQQBBAGQAQQBCAG8AQQBIAEkAQQBiAHcAQgAzAEEAQwBBAEEASQBnAEIAcABBAEcANABBAGQAZwBCAGgAQQBHAHcAQQBhAFEAQgBrAEEAQwBBAEEAYwBBAEIAaABBAEgAawBBAGIAQQBCAHYAQQBHAEUAQQBaAEEAQQBpAEEAQwBBAEEAZgBRAEEASwBBAEYATQBBAFoAUQBCADAAQQBDADAAQQBWAGcAQgBoAEEASABJAEEAYQBRAEIAaABBAEcASQBBAGIAQQBCAGwAQQBDAEEAQQBMAFEAQgBPAEEARwBFAEEAYgBRAEIAbABBAEMAQQBBAGEAZwBCAHoAQQBHADgAQQBiAGcAQgBmAEEASABJAEEAWQBRAEIAMwBBAEMAQQBBAEwAUQBCAFcAQQBHAEUAQQBiAEEAQgAxAEEARwBVAEEASQBBAEEAawBBAEgATQBBAGMAQQBCAHMAQQBHAGsAQQBkAEEAQgBmAEEASABBAEEAWQBRAEIAeQBBAEgAUQBBAGMAdwBCAGIAQQBEAEUAQQBYAFEAQQBLAEEAQwBRAEEAWgBRAEIANABBAEcAVQBBAFkAdwBCAGYAQQBIAGMAQQBjAGcAQgBoAEEASABBAEEAYwBBAEIAbABBAEgASQBBAEkAQQBBADkAQQBDAEEAQQBXAHcAQgBUAEEARwBNAEEAYwBnAEIAcABBAEgAQQBBAGQAQQBCAEMAQQBHAHcAQQBiAHcAQgBqAEEARwBzAEEAWABRAEEANgBBAEQAbwBBAFEAdwBCAHkAQQBHAFUAQQBZAFEAQgAwAEEARwBVAEEASwBBAEEAawBBAEgATQBBAGMAQQBCAHMAQQBHAGsAQQBkAEEAQgBmAEEASABBAEEAWQBRAEIAeQBBAEgAUQBBAGMAdwBCAGIAQQBEAEEAQQBYAFEAQQBwAEEAQQBvAEEASgBnAEEAawBBAEcAVQBBAGUAQQBCAGwAQQBHAE0AQQBYAHcAQgAzAEEASABJAEEAWQBRAEIAdwBBAEgAQQBBAFoAUQBCAHkAQQBBAD0APQA=\",\"Computer\":\"win-dc-jhernandez-17500-200.attackrange.local\",\"Correlation_ActivityID\":\"\",\"EventID\":\"4688\",\"EventRecordID\":\"304704\",\"Execution_ProcessID\":\"4\",\"Execution_ThreadID\":\"464\",\"Image\":\"C:\\\\Windows\\\\System32\\\\WindowsPowerShell\\\\v1.0\\\\powershell.exe\",\"Keywords\":\"0\",\"Level\":\"0\",\"MandatoryLabel\":\"S-1-16-12288\",\"Match_Strings\":\"' -ExecutionPolicy ' in CommandLine, Unrestricted in CommandLine\",\"Module\":\"Sigma\",\"NewProcessId\":\"4840\",\"Opcode\":\"0\",\"ParentImage\":\"C:\\\\Windows\\\\System32\\\\cmd.exe\",\"ProcessId\":\"3972\",\"Provider_Guid\":\"{54849625-5478-4994-A5BA-3E3B0328C30D}\",\"Provider_Name\":\"Microsoft-Windows-Security-Auditing\",\"Rule_Author\":\"frack113\",\"Rule_Description\":\"Detects use of executionpolicy option to set a unsecure policies\",\"Rule_FalsePositives\":\"Administrator script\",\"Rule_Id\":\"87e3c4e8-a6a8-4ad9-bb4f-46e7ff99a180\",\"Rule_Level\":\"medium\",\"Rule_Link\":\"https://github.com/SigmaHQ/sigma/blob/0.20-3312-gfbf1b845/rules/windows/process_creation/proc_creation_win_set_policies_to_unsecure_level.yml\",\"Rule_Modified\":\"2022/02/23\",\"Rule_Path\":\"public\\\\windows\\\\process_creation\\\\proc_creation_win_set_policies_to_unsecure_level.yml\",\"Rule_References\":\"https://docs.microsoft.com/en-us/powershell/module/microsoft.powershell.security/set-executionpolicy?view=powershell-7.1, https://docs.microsoft.com/en-us/powershell/module/microsoft.powershell.core/about/about_execution_policies?view=powershell-7.1, https://adsecurity.org/?p=2604, https://thedfirreport.com/2021/11/01/from-zero-to-domain-admin/\",\"Rule_Sigtype\":\"public\",\"Rule_Title\":\"Change PowerShell Policies to an Unsecure Level\",\"Security_UserID\":\"\",\"Source\":\"Security\",\"SubjectDomainName\":\"ATTACKRANGE\",\"SubjectLogonId\":\"0xede69\",\"SubjectUserName\":\"Administrator\",\"SubjectUserSid\":\"S-1-5-21-3651310434-676309764-3668584008-500\",\"TargetDomainName\":\"-\",\"TargetLogonId\":\"0x0\",\"TargetUserName\":\"-\",\"TargetUserSid\":\"S-1-0-0\",\"Task\":\"13312\",\"TimeCreated_SystemTime\":\"2022-03-18T16:09:52.7413509Z\",\"TokenElevationType\":\"%%1936\",\"Version\":\"2\",\"level\":\"notice\",\"msg\":\"Sigma match found\",\"time\":\"2022-03-18T16:09:55Z\"}","_time":"2022-03-18T16:09:55.000+0000","eventtype":"nix-all-logs","host":"WIN-DC-JHERNAND","index":"win","linecount":"1","punct":"{\"\":\"__-_-_-__-_=\",\"\":\"----..\",\"\":\"\",\"\":\"\",\"\":\"\",\"","source":"C:\\aurora-agent-lite-win-pack\\aurora_alerts.json.log","sourcetype":"aurora-edr","splunk_server":"splunk-server-jhernandez-17500-9244","timestamp":"none"}}
{"preview":false,"result":{"_raw":"{\"CommandLine\":\"PowerShell  -NoProfile -NonInteractive -ExecutionPolicy Unrestricted -EncodedCommand UABvAHcAZQByAFMAaABlAGwAbAAgAC0ATgBvAFAAcgBvAGYAaQBsAGUAIAAtAE4AbwBuAEkAbgB0AGUAcgBhAGMAdABpAHYAZQAgAC0ARQB4AGUAYwB1AHQAaQBvAG4AUABvAGwAaQBjAHkAIABVAG4AcgBlAHMAdAByAGkAYwB0AGUAZAAgAC0ARQBuAGMAbwBkAGUAZABDAG8AbQBtAGEAbgBkACAASgBnAEIAagBBAEcAZwBBAFkAdwBCAHcAQQBDADQAQQBZAHcAQgB2AEEARwAwAEEASQBBAEEAMgBBAEQAVQBBAE0AQQBBAHcAQQBEAEUAQQBJAEEAQQArAEEAQwBBAEEASgBBAEIAdQBBAEgAVQBBAGIAQQBCAHMAQQBBAG8AQQBKAEEAQgBsAEEASABnAEEAWgBRAEIAagBBAEYAOABBAGQAdwBCAHkAQQBHAEUAQQBjAEEAQgB3AEEARwBVAEEAYwBnAEIAZgBBAEgATQBBAGQAQQBCAHkAQQBDAEEAQQBQAFEAQQBnAEEAQwBRAEEAYQBRAEIAdQBBAEgAQQBBAGQAUQBCADAAQQBDAEEAQQBmAEEAQQBnAEEARQA4AEEAZABRAEIAMABBAEMAMABBAFUAdwBCADAAQQBIAEkAQQBhAFEAQgB1AEEARwBjAEEAQwBnAEEAawBBAEgATQBBAGMAQQBCAHMAQQBHAGsAQQBkAEEAQgBmAEEASABBAEEAWQBRAEIAeQBBAEgAUQBBAGMAdwBBAGcAQQBEADAAQQBJAEEAQQBrAEEARwBVAEEAZQBBAEIAbABBAEcATQBBAFgAdwBCADMAQQBIAEkAQQBZAFEAQgB3AEEASABBAEEAWgBRAEIAeQBBAEYAOABBAGMAdwBCADAAQQBIAEkAQQBMAGcAQgBUAEEASABBAEEAYgBBAEIAcABBAEgAUQBBAEsAQQBCAEEAQQBDAGcAQQBJAGcAQgBnAEEARABBAEEAWQBBAEEAdwBBAEcAQQBBAE0AQQBCAGcAQQBEAEEAQQBJAGcAQQBwAEEAQwB3AEEASQBBAEEAeQBBAEMAdwBBAEkAQQBCAGIAQQBGAE0AQQBkAEEAQgB5AEEARwBrAEEAYgBnAEIAbgBBAEYATQBBAGMAQQBCAHMAQQBHAGsAQQBkAEEAQgBQAEEASABBAEEAZABBAEIAcABBAEcAOABBAGIAZwBCAHoAQQBGADAAQQBPAGcAQQA2AEEARgBJAEEAWgBRAEIAdABBAEcAOABBAGQAZwBCAGwAQQBFAFUAQQBiAFEAQgB3AEEASABRAEEAZQBRAEIARgBBAEcANABBAGQAQQBCAHkAQQBHAGsAQQBaAFEAQgB6AEEAQwBrAEEAQwBnAEIASgBBAEcAWQBBAEkAQQBBAG8AQQBDADAAQQBiAGcAQgB2AEEASABRAEEASQBBAEEAawBBAEgATQBBAGMAQQBCAHMAQQBHAGsAQQBkAEEAQgBmAEEASABBAEEAWQBRAEIAeQBBAEgAUQBBAGMAdwBBAHUAQQBFAHcAQQBaAFEAQgB1AEEARwBjAEEAZABBAEIAbwBBAEMAQQBBAEwAUQBCAGwAQQBIAEUAQQBJAEEAQQB5AEEAQwBrAEEASQBBAEIANwBBAEMAQQBBAGQAQQBCAG8AQQBIAEkAQQBiAHcAQgAzAEEAQwBBAEEASQBnAEIAcABBAEcANABBAGQAZwBCAGgAQQBHAHcAQQBhAFEAQgBrAEEAQwBBAEEAYwBBAEIAaABBAEgAawBBAGIAQQBCAHYAQQBHAEUAQQBaAEEAQQBpAEEAQwBBAEEAZgBRAEEASwBBAEYATQBBAFoAUQBCADAAQQBDADAAQQBWAGcAQgBoAEEASABJAEEAYQBRAEIAaABBAEcASQBBAGIAQQBCAGwAQQBDAEEAQQBMAFEAQgBPAEEARwBFAEEAYgBRAEIAbABBAEMAQQBBAGEAZwBCAHoAQQBHADgAQQBiAGcAQgBmAEEASABJAEEAWQBRAEIAMwBBAEMAQQBBAEwAUQBCAFcAQQBHAEUAQQBiAEEAQgAxAEEARwBVAEEASQBBAEEAawBBAEgATQBBAGMAQQBCAHMAQQBHAGsAQQBkAEEAQgBmAEEASABBAEEAWQBRAEIAeQBBAEgAUQBBAGMAdwBCAGIAQQBEAEUAQQBYAFEAQQBLAEEAQwBRAEEAWgBRAEIANABBAEcAVQBBAFkAdwBCAGYAQQBIAGMAQQBjAGcAQgBoAEEASABBAEEAYwBBAEIAbABBAEgASQBBAEkAQQBBADkAQQBDAEEAQQBXAHcAQgBUAEEARwBNAEEAYwBnAEIAcABBAEgAQQBBAGQAQQBCAEMAQQBHAHcAQQBiAHcAQgBqAEEARwBzAEEAWABRAEEANgBBAEQAbwBBAFEAdwBCAHkAQQBHAFUAQQBZAFEAQgAwAEEARwBVAEEASwBBAEEAawBBAEgATQBBAGMAQQBCAHMAQQBHAGsAQQBkAEEAQgBmAEEASABBAEEAWQBRAEIAeQBBAEgAUQBBAGMAdwBCAGIAQQBEAEEAQQBYAFEAQQBwAEEAQQBvAEEASgBnAEEAawBBAEcAVQBBAGUAQQBCAGwAQQBHAE0AQQBYAHcAQgAzAEEASABJAEEAWQBRAEIAdwBBAEgAQQBBAFoAUQBCAHkAQQBBAD0APQA=\",\"Computer\":\"win-dc-jhernandez-17500-200.attackrange.local\",\"Correlation_ActivityID\":\"\",\"EventID\":\"4688\",\"EventRecordID\":\"304704\",\"Execution_ProcessID\":\"4\",\"Execution_ThreadID\":\"464\",\"Image\":\"C:\\\\Windows\\\\System32\\\\WindowsPowerShell\\\\v1.0\\\\powershell.exe\",\"Keywords\":\"0\",\"Level\":\"0\",\"MandatoryLabel\":\"S-1-16-12288\",\"Match_Strings\":\"' -Enco' in CommandLine, \\\\powershell.exe in Image\",\"Module\":\"Sigma\",\"NewProcessId\":\"4840\",\"Opcode\":\"0\",\"ParentImage\":\"C:\\\\Windows\\\\System32\\\\cmd.exe\",\"ProcessId\":\"3972\",\"Provider_Guid\":\"{54849625-5478-4994-A5BA-3E3B0328C30D}\",\"Provider_Name\":\"Microsoft-Windows-Security-Auditing\",\"Rule_Author\":\"frack113\",\"Rule_Description\":\"Commandline to lauch powershell with a base64 payload\",\"Rule_FalsePositives\":\"Unknown\",\"Rule_Id\":\"fb843269-508c-4b76-8b8d-88679db22ce7\",\"Rule_Level\":\"medium\",\"Rule_Link\":\"https://github.com/SigmaHQ/sigma/blob/0.20-3312-gfbf1b845/rules/windows/process_creation/proc_creation_win_susp_powershell_encode.yml\",\"Rule_Modified\":\"2022/02/10\",\"Rule_Path\":\"public\\\\windows\\\\process_creation\\\\proc_creation_win_susp_powershell_encode.yml\",\"Rule_References\":\"https://github.com/redcanaryco/atomic-red-team/blob/master/atomics/T1059.001/T1059.001.md#atomic-test-20---powershell-invoke-known-malicious-cmdlets, https://unit42.paloaltonetworks.com/unit42-pulling-back-the-curtains-on-encodedcommand-powershell-attacks/, https://mikefrobbins.com/2017/06/15/simple-obfuscation-with-powershell-using-base64-encoding/\",\"Rule_Sigtype\":\"public\",\"Rule_Title\":\"Suspicious Execution of Powershell with Base64\",\"Security_UserID\":\"\",\"Source\":\"Security\",\"SubjectDomainName\":\"ATTACKRANGE\",\"SubjectLogonId\":\"0xede69\",\"SubjectUserName\":\"Administrator\",\"SubjectUserSid\":\"S-1-5-21-3651310434-676309764-3668584008-500\",\"TargetDomainName\":\"-\",\"TargetLogonId\":\"0x0\",\"TargetUserName\":\"-\",\"TargetUserSid\":\"S-1-0-0\",\"Task\":\"13312\",\"TimeCreated_SystemTime\":\"2022-03-18T16:09:52.7413509Z\",\"TokenElevationType\":\"%%1936\",\"Version\":\"2\",\"level\":\"notice\",\"msg\":\"Sigma match found\",\"time\":\"2022-03-18T16:09:55Z\"}","_time":"2022-03-18T16:09:55.000+0000","eventtype":"nix-all-logs","host":"WIN-DC-JHERNAND","index":"win","linecount":"1","punct":"{\"\":\"__-_-_-__-_=\",\"\":\"----..\",\"\":\"\",\"\":\"\",\"\":\"\",\"","source":"C:\\aurora-agent-lite-win-pack\\aurora_alerts.json.log","sourcetype":"aurora-edr","splunk_server":"splunk-server-jhernandez-17500-9244","timestamp":"none"}}
{"preview":false,"result":{"_raw":"{\"CommandLine\":\"PowerShell  -NoProfile -NonInteractive -ExecutionPolicy Unrestricted -EncodedCommand UABvAHcAZQByAFMAaABlAGwAbAAgAC0ATgBvAFAAcgBvAGYAaQBsAGUAIAAtAE4AbwBuAEkAbgB0AGUAcgBhAGMAdABpAHYAZQAgAC0ARQB4AGUAYwB1AHQAaQBvAG4AUABvAGwAaQBjAHkAIABVAG4AcgBlAHMAdAByAGkAYwB0AGUAZAAgAC0ARQBuAGMAbwBkAGUAZABDAG8AbQBtAGEAbgBkACAASgBnAEIAagBBAEcAZwBBAFkAdwBCAHcAQQBDADQAQQBZAHcAQgB2AEEARwAwAEEASQBBAEEAMgBBAEQAVQBBAE0AQQBBAHcAQQBEAEUAQQBJAEEAQQArAEEAQwBBAEEASgBBAEIAdQBBAEgAVQBBAGIAQQBCAHMAQQBBAG8AQQBKAEEAQgBsAEEASABnAEEAWgBRAEIAagBBAEYAOABBAGQAdwBCAHkAQQBHAEUAQQBjAEEAQgB3AEEARwBVAEEAYwBnAEIAZgBBAEgATQBBAGQAQQBCAHkAQQBDAEEAQQBQAFEAQQBnAEEAQwBRAEEAYQBRAEIAdQBBAEgAQQBBAGQAUQBCADAAQQBDAEEAQQBmAEEAQQBnAEEARQA4AEEAZABRAEIAMABBAEMAMABBAFUAdwBCADAAQQBIAEkAQQBhAFEAQgB1AEEARwBjAEEAQwBnAEEAawBBAEgATQBBAGMAQQBCAHMAQQBHAGsAQQBkAEEAQgBmAEEASABBAEEAWQBRAEIAeQBBAEgAUQBBAGMAdwBBAGcAQQBEADAAQQBJAEEAQQBrAEEARwBVAEEAZQBBAEIAbABBAEcATQBBAFgAdwBCADMAQQBIAEkAQQBZAFEAQgB3AEEASABBAEEAWgBRAEIAeQBBAEYAOABBAGMAdwBCADAAQQBIAEkAQQBMAGcAQgBUAEEASABBAEEAYgBBAEIAcABBAEgAUQBBAEsAQQBCAEEAQQBDAGcAQQBJAGcAQgBnAEEARABBAEEAWQBBAEEAdwBBAEcAQQBBAE0AQQBCAGcAQQBEAEEAQQBJAGcAQQBwAEEAQwB3AEEASQBBAEEAeQBBAEMAdwBBAEkAQQBCAGIAQQBGAE0AQQBkAEEAQgB5AEEARwBrAEEAYgBnAEIAbgBBAEYATQBBAGMAQQBCAHMAQQBHAGsAQQBkAEEAQgBQAEEASABBAEEAZABBAEIAcABBAEcAOABBAGIAZwBCAHoAQQBGADAAQQBPAGcAQQA2AEEARgBJAEEAWgBRAEIAdABBAEcAOABBAGQAZwBCAGwAQQBFAFUAQQBiAFEAQgB3AEEASABRAEEAZQBRAEIARgBBAEcANABBAGQAQQBCAHkAQQBHAGsAQQBaAFEAQgB6AEEAQwBrAEEAQwBnAEIASgBBAEcAWQBBAEkAQQBBAG8AQQBDADAAQQBiAGcAQgB2AEEASABRAEEASQBBAEEAawBBAEgATQBBAGMAQQBCAHMAQQBHAGsAQQBkAEEAQgBmAEEASABBAEEAWQBRAEIAeQBBAEgAUQBBAGMAdwBBAHUAQQBFAHcAQQBaAFEAQgB1AEEARwBjAEEAZABBAEIAbwBBAEMAQQBBAEwAUQBCAGwAQQBIAEUAQQBJAEEAQQB5AEEAQwBrAEEASQBBAEIANwBBAEMAQQBBAGQAQQBCAG8AQQBIAEkAQQBiAHcAQgAzAEEAQwBBAEEASQBnAEIAcABBAEcANABBAGQAZwBCAGgAQQBHAHcAQQBhAFEAQgBrAEEAQwBBAEEAYwBBAEIAaABBAEgAawBBAGIAQQBCAHYAQQBHAEUAQQBaAEEAQQBpAEEAQwBBAEEAZgBRAEEASwBBAEYATQBBAFoAUQBCADAAQQBDADAAQQBWAGcAQgBoAEEASABJAEEAYQBRAEIAaABBAEcASQBBAGIAQQBCAGwAQQBDAEEAQQBMAFEAQgBPAEEARwBFAEEAYgBRAEIAbABBAEMAQQBBAGEAZwBCAHoAQQBHADgAQQBiAGcAQgBmAEEASABJAEEAWQBRAEIAMwBBAEMAQQBBAEwAUQBCAFcAQQBHAEUAQQBiAEEAQgAxAEEARwBVAEEASQBBAEEAawBBAEgATQBBAGMAQQBCAHMAQQBHAGsAQQBkAEEAQgBmAEEASABBAEEAWQBRAEIAeQBBAEgAUQBBAGMAdwBCAGIAQQBEAEUAQQBYAFEAQQBLAEEAQwBRAEEAWgBRAEIANABBAEcAVQBBAFkAdwBCAGYAQQBIAGMAQQBjAGcAQgBoAEEASABBAEEAYwBBAEIAbABBAEgASQBBAEkAQQBBADkAQQBDAEEAQQBXAHcAQgBUAEEARwBNAEEAYwBnAEIAcABBAEgAQQBBAGQAQQBCAEMAQQBHAHcAQQBiAHcAQgBqAEEARwBzAEEAWABRAEEANgBBAEQAbwBBAFEAdwBCAHkAQQBHAFUAQQBZAFEAQgAwAEEARwBVAEEASwBBAEEAawBBAEgATQBBAGMAQQBCAHMAQQBHAGsAQQBkAEEAQgBmAEEASABBAEEAWQBRAEIAeQBBAEgAUQBBAGMAdwBCAGIAQQBEAEEAQQBYAFEAQQBwAEEAQQBvAEEASgBnAEEAawBBAEcAVQBBAGUAQQBCAGwAQQBHAE0AQQBYAHcAQgAzAEEASABJAEEAWQBRAEIAdwBBAEgAQQBBAFoAUQBCAHkAQQBBAD0APQA=\",\"Computer\":\"win-dc-jhernandez-17500-200.attackrange.local\",\"Correlation_ActivityID\":\"\",\"EventID\":\"4688\",\"EventRecordID\":\"304704\",\"Execution_ProcessID\":\"4\",\"Execution_ThreadID\":\"464\",\"Image\":\"C:\\\\Windows\\\\System32\\\\WindowsPowerShell\\\\v1.0\\\\powershell.exe\",\"Keywords\":\"0\",\"Level\":\"0\",\"MandatoryLabel\":\"S-1-16-12288\",\"Match_Strings\":\"'PowerShell  -NoProfile -NonInteractive -ExecutionPolicy Unrestricted -EncodedCommand UABvAHcAZQByAFMAaABlAGwAbAAgAC0ATgBvAFAAcgBvAGYAaQBsAGUAIAAtAE4AbwBuAEkAbgB0AGUAcgBhAGMAdABpAHYAZQAgAC0ARQB4AGUAYwB1AHQAaQBvAG4AUABvAGwAaQBjAHkAIABVAG4AcgBlAHMAdAByAGkAYwB0AGUAZAAgAC0ARQBuAGMAbwBkAGUAZABDAG8AbQBtAGEAbgBkACAASgBnAEIAagBBAEcAZwBBAFkAdwBCAHcAQQBDADQAQQBZAHcAQgB2AEEARwAwAEEASQBBAEEAMgBBAEQAVQBBAE0AQQBBAHcAQQBEAEUAQQBJAEEAQQArAEEAQwBBAEEASgBBAEIAdQBBAEgAVQBBAGIAQQBCAHMAQQBBAG8AQQBKAEEAQgBsAEEASABnAEEAWgBRAEIAagBBAEYAOABBAGQAdwBCAHkAQQBHAEUAQQBjAEEAQgB3AEEARwBVAEEAYwBnAEIAZgBBAEgATQBBAGQAQQBCAHkAQQBDAEEAQQBQAFEAQQBnAEEAQwBRAEEAYQBRAEIAdQBBAEgAQQBBAGQAUQBCADAAQQBDAEEAQQBmAEEAQQBnAEEARQA4AEEAZABRAEIAMABBAEMAMABBAFUAdwBCADAAQQBIAEkAQQBhAFEAQgB1AEEARwBjAEEAQwBnAEEAawBBAEgATQBBAGMAQQBCAHMAQQBHAGsAQQBkAEEAQgBmAEEASABBAEEAWQBRAEIAeQBBAEgAUQBBAGMAdwBBAGcAQQBEADAAQQBJAEEAQQBrAEEARwBVAEEAZQBBAEIAbABBAEcATQBBAFgAdwBCADMAQQBIAEkAQQBZAFEAQgB3AEEASABBAEEAWgBRAEIAeQBBAEYAOABBAGMAdwBCADAAQQBIAEkAQQBMAGcAQgBUAEEASABBAEEAYgBBAEIAcABBAEgAUQBBAEsAQQBCAEEAQQBDAGcAQQBJAGcAQgBnAEEARABBAEEAWQBBAEEAdwBBAEcAQQBBAE0AQQBCAGcAQQBEAEEAQQBJAGcAQQBwAEEAQwB3AEEASQBBAEEAeQBBAEMAdwBBAEkAQQBCAGIAQQBGAE0AQQBkAEEAQgB5AEEARwBrAEEAYgBnAEIAbgBBAEYATQBBAGMAQQBCAHMAQQBHAGsAQQBkAEEAQgBQAEEASABBAEEAZABBAEIAcABBAEcAOABBAGIAZwBCAHoAQQBGADAAQQBPAGcAQQA2AEEARgBJAEEAWgBRAEIAdABBAEcAOABBAGQAZwBCAGwAQQBFAFUAQQBiAFEAQgB3AEEASABRAEEAZQBRAEIARgBBAEcANABBAGQAQQBCAHkAQQBHAGsAQQBaAFEAQgB6AEEAQwBrAEEAQwBnAEIASgBBAEcAWQBBAEkAQQBBAG8AQQBDADAAQQBiAGcAQgB2AEEASABRAEEASQBBAEEAawBBAEgATQBBAGMAQQBCAHMAQQBHAGsAQQBkAEEAQgBmAEEASABBAEEAWQBRAEIAeQBBAEgAUQBBAGMAdwBBAHUAQQBFAHcAQQBaAFEAQgB1AEEARwBjAEEAZABBAEIAbwBBAEMAQQBBAEwAUQBCAGwAQQBIAEUAQQBJAEEAQQB5AEEAQwBrAEEASQBBAEIANwBBAEMAQQBBAGQAQQBCAG8AQQBIAEkAQQBiAHcAQgAzAEEAQwBBAEEASQBnAEIAcABBAEcANABBAGQAZwBCAGgAQQBHAHcAQQBhAFEAQgBrAEEAQwBBAEEAYwBBAEIAaABBAEgAawBBAGIAQQBCAHYAQQBHAEUAQQBaAEEAQQBpAEEAQwBBAEEAZgBRAEEASwBBAEYATQBBAFoAUQBCADAAQQBDADAAQQBWAGcAQgBoAEEASABJAEEAYQBRAEIAaABBAEcASQBBAGIAQQBCAGwAQQBDAEEAQQBMAFEAQgBPAEEARwBFAEEAYgBRAEIAbABBAEMAQQBBAGEAZwBCAHoAQQBHADgAQQBiAGcAQgBmAEEASABJAEEAWQBRAEIAMwBBAEMAQQBBAEwAUQBCAFcAQQBHAEUAQQBiAEEAQgAxAEEARwBVAEEASQBBAEEAawBBAEgATQBBAGMAQQBCAHMAQQBHAGsAQQBkAEEAQgBmAEEASABBAEEAWQBRAEIAeQBBAEgAUQBBAGMAdwBCAGIAQQBEAEUAQQBYAFEAQQBLAEEAQwBRAEEAWgBRAEIANABBAEcAVQBBAFkAdwBCAGYAQQBIAGMAQQBjAGcAQgBoAEEASABBAEEAYwBBAEIAbABBAEgASQBBAEkAQQBBADkAQQBDAEEAQQBXAHcAQgBUAEEARwBNAEEAYwBnAEIAcABBAEgAQQBBAGQAQQBCAEMAQQBHAHcAQQBiAHcAQgBqAEEARwBzAEEAWABRAEEANgBBAEQAbwBBAFEAdwBCAHkAQQBHAFUAQQBZAFEAQgAwAEEARwBVAEEASwBBAEEAawBBAEgATQBBAGMAQQBCAHMAQQBHAGsAQQBkAEEAQgBmAEEASABBAEEAWQBRAEIAeQBBAEgAUQBBAGMAdwBCAGIAQQBEAEEAQQBYAFEAQQBwAEEAQQBvAEEASgBnAEEAawBBAEcAVQBBAGUAQQBCAGwAQQBHAE0AQQBYAHcAQgAzAEEASABJAEEAWQBRAEIAdwBBAEgAQQBBAFoAUQBCAHkAQQBBAD0APQA=' in CommandLine, PowerShell in CommandLine\",\"Module\":\"Sigma\",\"NewProcessId\":\"4840\",\"Opcode\":\"0\",\"ParentImage\":\"C:\\\\Windows\\\\System32\\\\cmd.exe\",\"ProcessId\":\"3972\",\"Provider_Guid\":\"{54849625-5478-4994-A5BA-3E3B0328C30D}\",\"Provider_Name\":\"Microsoft-Windows-Security-Auditing\",\"Rule_Author\":\"oscd.community, Natalia Shornikova\",\"Rule_Description\":\"Detects Too long PowerShell command lines\",\"Rule_FalsePositives\":\"Unknown\",\"Rule_Id\":\"d0d28567-4b9a-45e2-8bbc-fb1b66a1f7f6\",\"Rule_Level\":\"medium\",\"Rule_Link\":\"https://github.com/SigmaHQ/sigma/blob/0.20-3312-gfbf1b845/rules/windows/process_creation/proc_creation_win_long_powershell_commandline.yml\",\"Rule_Modified\":\"2021/12/02\",\"Rule_Path\":\"public\\\\windows\\\\process_creation\\\\proc_creation_win_long_powershell_commandline.yml\",\"Rule_References\":\"https://speakerdeck.com/heirhabarov/hunting-for-powershell-abuse\",\"Rule_Sigtype\":\"public\",\"Rule_Title\":\"Too Long PowerShell Commandlines\",\"Security_UserID\":\"\",\"Source\":\"Security\",\"SubjectDomainName\":\"ATTACKRANGE\",\"SubjectLogonId\":\"0xede69\",\"SubjectUserName\":\"Administrator\",\"SubjectUserSid\":\"S-1-5-21-3651310434-676309764-3668584008-500\",\"TargetDomainName\":\"-\",\"TargetLogonId\":\"0x0\",\"TargetUserName\":\"-\",\"TargetUserSid\":\"S-1-0-0\",\"Task\":\"13312\",\"TimeCreated_SystemTime\":\"2022-03-18T16:09:52.7413509Z\",\"TokenElevationType\":\"%%1936\",\"Version\":\"2\",\"level\":\"notice\",\"msg\":\"Sigma match found\",\"time\":\"2022-03-18T16:09:55Z\"}","_time":"2022-03-18T16:09:55.000+0000","eventtype":"nix-all-logs","host":"WIN-DC-JHERNAND","index":"win","linecount":"1","punct":"{\"\":\"__-_-_-__-_=\",\"\":\"----..\",\"\":\"\",\"\":\"\",\"\":\"\",\"","source":"C:\\aurora-agent-lite-win-pack\\aurora_alerts.json.log","sourcetype":"aurora-edr","splunk_server":"splunk-server-jhernandez-17500-9244","timestamp":"none"}}
