<Event xmlns='http://schemas.microsoft.com/win/2004/08/events/event'><System><Provider Name='Microsoft-Windows-Sysmon' Guid='{5770385F-C22A-43E0-BF4C-06F5698FFBD9}'/><EventID>12</EventID><Version>2</Version><Level>4</Level><Task>12</Task><Opcode>0</Opcode><Keywords>0x8000000000000000</Keywords><TimeCreated SystemTime='2023-11-08T21:00:29.589699400Z'/><EventRecordID>206701</EventRecordID><Correlation/><Execution ProcessID='1184' ThreadID='2468'/><Channel>Microsoft-Windows-Sysmon/Operational</Channel><Computer>ar-win-2.attackrange.local</Computer><Security UserID='S-1-5-18'/></System><EventData><Data Name='RuleName'>-</Data><Data Name='EventType'>CreateKey</Data><Data Name='UtcTime'>2023-11-08 21:00:29.585</Data><Data Name='ProcessGuid'>{6CA7D817-C8F8-654B-BB22-000000000A03}</Data><Data Name='ProcessId'>2608</Data><Data Name='Image'>C:\Windows\Explorer.EXE</Data><Data Name='TargetObject'>HKU\S-1-5-21-1570081662-2631104095-3404167468-500\SOFTWARE\Microsoft\Windows\CurrentVersion\Explorer\FileExts\.cab\OpenWithList</Data><Data Name='User'>AR-WIN-2\Administrator</Data></EventData></Event>
<Event xmlns='http://schemas.microsoft.com/win/2004/08/events/event'><System><Provider Name='Microsoft-Windows-Sysmon' Guid='{5770385F-C22A-43E0-BF4C-06F5698FFBD9}'/><EventID>13</EventID><Version>2</Version><Level>4</Level><Task>13</Task><Opcode>0</Opcode><Keywords>0x8000000000000000</Keywords><TimeCreated SystemTime='2023-11-08T21:00:29.589381500Z'/><EventRecordID>206698</EventRecordID><Correlation/><Execution ProcessID='1184' ThreadID='2468'/><Channel>Microsoft-Windows-Sysmon/Operational</Channel><Computer>ar-win-2.attackrange.local</Computer><Security UserID='S-1-5-18'/></System><EventData><Data Name='RuleName'>-</Data><Data Name='EventType'>SetValue</Data><Data Name='UtcTime'>2023-11-08 21:00:29.585</Data><Data Name='ProcessGuid'>{6CA7D817-C8F8-654B-BB22-000000000A03}</Data><Data Name='ProcessId'>2608</Data><Data Name='Image'>C:\Windows\Explorer.EXE</Data><Data Name='TargetObject'>HKU\S-1-5-21-1570081662-2631104095-3404167468-500\SOFTWARE\Microsoft\Windows\CurrentVersion\Explorer\FileExts\.cab\OpenWithProgids\CABFolder</Data><Data Name='Details'>Binary Data</Data><Data Name='User'>AR-WIN-2\Administrator</Data></EventData></Event>
<Event xmlns='http://schemas.microsoft.com/win/2004/08/events/event'><System><Provider Name='Microsoft-Windows-Sysmon' Guid='{5770385F-C22A-43E0-BF4C-06F5698FFBD9}'/><EventID>12</EventID><Version>2</Version><Level>4</Level><Task>12</Task><Opcode>0</Opcode><Keywords>0x8000000000000000</Keywords><TimeCreated SystemTime='2023-11-08T21:00:29.589294300Z'/><EventRecordID>206697</EventRecordID><Correlation/><Execution ProcessID='1184' ThreadID='2468'/><Channel>Microsoft-Windows-Sysmon/Operational</Channel><Computer>ar-win-2.attackrange.local</Computer><Security UserID='S-1-5-18'/></System><EventData><Data Name='RuleName'>-</Data><Data Name='EventType'>CreateKey</Data><Data Name='UtcTime'>2023-11-08 21:00:29.585</Data><Data Name='ProcessGuid'>{6CA7D817-C8F8-654B-BB22-000000000A03}</Data><Data Name='ProcessId'>2608</Data><Data Name='Image'>C:\Windows\Explorer.EXE</Data><Data Name='TargetObject'>HKU\S-1-5-21-1570081662-2631104095-3404167468-500\SOFTWARE\Microsoft\Windows\CurrentVersion\Explorer\FileExts\.cab\OpenWithProgids</Data><Data Name='User'>AR-WIN-2\Administrator</Data></EventData></Event>
<Event xmlns='http://schemas.microsoft.com/win/2004/08/events/event'><System><Provider Name='Microsoft-Windows-Sysmon' Guid='{5770385F-C22A-43E0-BF4C-06F5698FFBD9}'/><EventID>11</EventID><Version>2</Version><Level>4</Level><Task>11</Task><Opcode>0</Opcode><Keywords>0x8000000000000000</Keywords><TimeCreated SystemTime='2023-11-08T20:59:31.386288500Z'/><EventRecordID>204866</EventRecordID><Correlation/><Execution ProcessID='1184' ThreadID='2468'/><Channel>Microsoft-Windows-Sysmon/Operational</Channel><Computer>ar-win-2.attackrange.local</Computer><Security UserID='S-1-5-18'/></System><EventData><Data Name='RuleName'>-</Data><Data Name='UtcTime'>2023-11-08 20:59:31.379</Data><Data Name='ProcessGuid'>{6CA7D817-C8F8-654B-BB22-000000000A03}</Data><Data Name='ProcessId'>2608</Data><Data Name='Image'>C:\Windows\Explorer.EXE</Data><Data Name='TargetFilename'>C:\Users\Administrator\Desktop\thisisyourinvoice.cab</Data><Data Name='CreationUtcTime'>2023-11-08 20:59:31.379</Data><Data Name='User'>AR-WIN-2\Administrator</Data></EventData></Event>
<Event xmlns='http://schemas.microsoft.com/win/2004/08/events/event'><System><Provider Name='Microsoft-Windows-Sysmon' Guid='{5770385F-C22A-43E0-BF4C-06F5698FFBD9}'/><EventID>1</EventID><Version>5</Version><Level>4</Level><Task>1</Task><Opcode>0</Opcode><Keywords>0x8000000000000000</Keywords><TimeCreated SystemTime='2023-11-08T19:16:33.170991300Z'/><EventRecordID>24270</EventRecordID><Correlation/><Execution ProcessID='1184' ThreadID='2468'/><Channel>Microsoft-Windows-Sysmon/Operational</Channel><Computer>ar-win-2.attackrange.local</Computer><Security UserID='S-1-5-18'/></System><EventData><Data Name='RuleName'>-</Data><Data Name='UtcTime'>2023-11-08 19:16:33.170</Data><Data Name='ProcessGuid'>{6CA7D817-DE91-654B-7125-000000000A03}</Data><Data Name='ProcessId'>2080</Data><Data Name='Image'>C:\Windows\System32\conhost.exe</Data><Data Name='FileVersion'>10.0.14393.0 (rs1_release.160715-1616)</Data><Data Name='Description'>Console Window Host</Data><Data Name='Product'>Microsoft® Windows® Operating System</Data><Data Name='Company'>Microsoft Corporation</Data><Data Name='OriginalFileName'>CONHOST.EXE</Data><Data Name='CommandLine'>\??\C:\Windows\system32\conhost.exe 0xffffffff -ForceV1</Data><Data Name='CurrentDirectory'>C:\Windows</Data><Data Name='User'>AR-WIN-2\Administrator</Data><Data Name='LogonGuid'>{6CA7D817-C8F6-654B-7D62-110200000000}</Data><Data Name='LogonId'>0x211627d</Data><Data Name='TerminalSessionId'>2</Data><Data Name='IntegrityLevel'>High</Data><Data Name='Hashes'>MD5=D752C96401E2540A443C599154FC6FA9,SHA256=046F7A1B4DE67562547ED9A180A72F481FC41E803DE49A96D7D7C731964D53A0</Data><Data Name='ParentProcessGuid'>{6CA7D817-DE91-654B-7025-000000000A03}</Data><Data Name='ParentProcessId'>3760</Data><Data Name='ParentImage'>C:\Windows\SysWOW64\expand.exe</Data><Data Name='ParentCommandLine'>"C:\Windows\system32\EXPAND.EXE" -R files.cab -F:* files</Data><Data Name='ParentUser'>AR-WIN-2\Administrator</Data></EventData></Event>
<Event xmlns='http://schemas.microsoft.com/win/2004/08/events/event'><System><Provider Name='Microsoft-Windows-Sysmon' Guid='{5770385F-C22A-43E0-BF4C-06F5698FFBD9}'/><EventID>1</EventID><Version>5</Version><Level>4</Level><Task>1</Task><Opcode>0</Opcode><Keywords>0x8000000000000000</Keywords><TimeCreated SystemTime='2023-11-08T19:16:33.161514700Z'/><EventRecordID>24253</EventRecordID><Correlation/><Execution ProcessID='1184' ThreadID='2468'/><Channel>Microsoft-Windows-Sysmon/Operational</Channel><Computer>ar-win-2.attackrange.local</Computer><Security UserID='S-1-5-18'/></System><EventData><Data Name='RuleName'>-</Data><Data Name='UtcTime'>2023-11-08 19:16:33.159</Data><Data Name='ProcessGuid'>{6CA7D817-DE91-654B-7025-000000000A03}</Data><Data Name='ProcessId'>3760</Data><Data Name='Image'>C:\Windows\SysWOW64\expand.exe</Data><Data Name='FileVersion'>5.00 (rs1_release.160715-1616)</Data><Data Name='Description'>LZ Expansion Utility</Data><Data Name='Product'>Microsoft® Windows® Operating System</Data><Data Name='Company'>Microsoft Corporation</Data><Data Name='OriginalFileName'>expand</Data><Data Name='CommandLine'>"C:\Windows\system32\EXPAND.EXE" -R files.cab -F:* files</Data><Data Name='CurrentDirectory'>C:\Users\ADMINI~1\AppData\Local\Temp\MW-180f9688-8ac3-4403-88a4-5a09c8ffa5e1\</Data><Data Name='User'>AR-WIN-2\Administrator</Data><Data Name='LogonGuid'>{6CA7D817-C8F6-654B-7D62-110200000000}</Data><Data Name='LogonId'>0x211627d</Data><Data Name='TerminalSessionId'>2</Data><Data Name='IntegrityLevel'>High</Data><Data Name='Hashes'>MD5=C5A28F44F47524452C188ED74E754095,SHA256=8082B8A2CE8DFCA365A669CE94C439E91D2D5291A513702C0FC93273F2CF9C9C</Data><Data Name='ParentProcessGuid'>{6CA7D817-DE8F-654B-6D25-000000000A03}</Data><Data Name='ParentProcessId'>5348</Data><Data Name='ParentImage'>C:\Windows\SysWOW64\msiexec.exe</Data><Data Name='ParentCommandLine'>C:\Windows\syswow64\MsiExec.exe -Embedding F6223A6898B62DCDD086283F6AE20858</Data><Data Name='ParentUser'>AR-WIN-2\Administrator</Data></EventData></Event>
<Event xmlns='http://schemas.microsoft.com/win/2004/08/events/event'><System><Provider Name='Microsoft-Windows-Sysmon' Guid='{5770385F-C22A-43E0-BF4C-06F5698FFBD9}'/><EventID>11</EventID><Version>2</Version><Level>4</Level><Task>11</Task><Opcode>0</Opcode><Keywords>0x8000000000000000</Keywords><TimeCreated SystemTime='2023-11-08T19:16:32.374649700Z'/><EventRecordID>23695</EventRecordID><Correlation/><Execution ProcessID='1184' ThreadID='2468'/><Channel>Microsoft-Windows-Sysmon/Operational</Channel><Computer>ar-win-2.attackrange.local</Computer><Security UserID='S-1-5-18'/></System><EventData><Data Name='RuleName'>-</Data><Data Name='UtcTime'>2023-11-08 19:16:32.368</Data><Data Name='ProcessGuid'>{6CA7D817-DE8F-654B-6D25-000000000A03}</Data><Data Name='ProcessId'>5348</Data><Data Name='Image'>C:\Windows\syswow64\MsiExec.exe</Data><Data Name='TargetFilename'>C:\Users\ADMINI~1\AppData\Local\Temp\MW-180f9688-8ac3-4403-88a4-5a09c8ffa5e1\files.cab</Data><Data Name='CreationUtcTime'>2023-11-08 19:16:32.368</Data><Data Name='User'>AR-WIN-2\Administrator</Data></EventData></Event>
