<Event xmlns='http://schemas.microsoft.com/win/2004/08/events/event'><System><Provider Name='Microsoft-Windows-Sysmon' Guid='{5770385F-C22A-43E0-BF4C-06F5698FFBD9}'/><EventID>1</EventID><Version>5</Version><Level>4</Level><Task>1</Task><Opcode>0</Opcode><Keywords>0x8000000000000000</Keywords><TimeCreated SystemTime='2025-08-20T12:20:17.565024400Z'/><EventRecordID>13084</EventRecordID><Correlation/><Execution ProcessID='300' ThreadID='2428'/><Channel>Microsoft-Windows-Sysmon/Operational</Channel><Computer>ar-win-dc2</Computer><Security UserID='S-1-5-18'/></System><EventData><Data Name='RuleName'>-</Data><Data Name='UtcTime'>2025-08-20 12:20:17.563</Data><Data Name='ProcessGuid'>{53FBDF3C-BD81-68A5-AB08-00000000EE03}</Data><Data Name='ProcessId'>1916</Data><Data Name='Image'>C:\Windows\System32\win32calc.exe</Data><Data Name='FileVersion'>10.0.14393.0 (rs1_release.160715-1616)</Data><Data Name='Description'>Windows Calculator</Data><Data Name='Product'>Microsoft® Windows® Operating System</Data><Data Name='Company'>Microsoft Corporation</Data><Data Name='OriginalFileName'>WIN32CALC.EXE</Data><Data Name='CommandLine'>"C:\Windows\System32\win32calc.exe" </Data><Data Name='CurrentDirectory'>C:\Windows\system32\</Data><Data Name='User'>AR-WIN-DC2\Administrator</Data><Data Name='LogonGuid'>{53FBDF3C-A44D-68A5-1341-5E0000000000}</Data><Data Name='LogonId'>0x5e4113</Data><Data Name='TerminalSessionId'>2</Data><Data Name='IntegrityLevel'>High</Data><Data Name='Hashes'>MD5=B31A19BA38F110838119299B50517073,SHA256=D7B378A4BC4DEAE748462D216D14A20CCB1BAC1D3FFBC67711DB2CC1D8B182B7,IMPHASH=83A6FF176255FE0F3F902360860DA5F8</Data><Data Name='ParentProcessGuid'>{53FBDF3C-BD81-68A5-AA08-00000000EE03}</Data><Data Name='ParentProcessId'>4928</Data><Data Name='ParentImage'>C:\Windows\WINPROJ.EXE</Data><Data Name='ParentCommandLine'>WINPROJ.EXE</Data><Data Name='ParentUser'>AR-WIN-DC2\Administrator</Data></EventData></Event>
<Event xmlns='http://schemas.microsoft.com/win/2004/08/events/event'><System><Provider Name='Microsoft-Windows-Sysmon' Guid='{5770385F-C22A-43E0-BF4C-06F5698FFBD9}'/><EventID>1</EventID><Version>5</Version><Level>4</Level><Task>1</Task><Opcode>0</Opcode><Keywords>0x8000000000000000</Keywords><TimeCreated SystemTime='2025-08-20T12:20:17.419750500Z'/><EventRecordID>13083</EventRecordID><Correlation/><Execution ProcessID='300' ThreadID='2428'/><Channel>Microsoft-Windows-Sysmon/Operational</Channel><Computer>ar-win-dc2</Computer><Security UserID='S-1-5-18'/></System><EventData><Data Name='RuleName'>-</Data><Data Name='UtcTime'>2025-08-20 12:20:17.417</Data><Data Name='ProcessGuid'>{53FBDF3C-BD81-68A5-AA08-00000000EE03}</Data><Data Name='ProcessId'>4928</Data><Data Name='Image'>C:\Windows\WINPROJ.EXE</Data><Data Name='FileVersion'>10.0.14393.4169 (rs1_release.210107-1130)</Data><Data Name='Description'>Windows Calculator</Data><Data Name='Product'>Microsoft® Windows® Operating System</Data><Data Name='Company'>Microsoft Corporation</Data><Data Name='OriginalFileName'>CALC.EXE</Data><Data Name='CommandLine'>WINPROJ.EXE</Data><Data Name='CurrentDirectory'>C:\Windows\system32\</Data><Data Name='User'>AR-WIN-DC2\Administrator</Data><Data Name='LogonGuid'>{53FBDF3C-A44D-68A5-1341-5E0000000000}</Data><Data Name='LogonId'>0x5e4113</Data><Data Name='TerminalSessionId'>2</Data><Data Name='IntegrityLevel'>High</Data><Data Name='Hashes'>MD5=2A5CC198FEFC04C2B6B95207A91D3668,SHA256=04FA16D1FBB5F047E7BF9756E8DDC1365AFEAAB22DD4A2C3F03E067B75BED8EA,IMPHASH=3843C3D4A5A7D1045ABE9A4BFCFAAB28</Data><Data Name='ParentProcessGuid'>{53FBDF3C-BD80-68A5-A908-00000000EE03}</Data><Data Name='ParentProcessId'>5492</Data><Data Name='ParentImage'>C:\Program Files\Microsoft Office\root\Office16\EXCEL.EXE</Data><Data Name='ParentCommandLine'>"C:\Program Files\Microsoft Office\Root\Office16\EXCEL.EXE" /automation -Embedding</Data><Data Name='ParentUser'>AR-WIN-DC2\Administrator</Data></EventData></Event>
<Event xmlns='http://schemas.microsoft.com/win/2004/08/events/event'><System><Provider Name='Microsoft-Windows-Sysmon' Guid='{5770385F-C22A-43E0-BF4C-06F5698FFBD9}'/><EventID>1</EventID><Version>5</Version><Level>4</Level><Task>1</Task><Opcode>0</Opcode><Keywords>0x8000000000000000</Keywords><TimeCreated SystemTime='2025-08-20T12:19:50.944485600Z'/><EventRecordID>13069</EventRecordID><Correlation/><Execution ProcessID='300' ThreadID='2428'/><Channel>Microsoft-Windows-Sysmon/Operational</Channel><Computer>ar-win-dc2</Computer><Security UserID='S-1-5-18'/></System><EventData><Data Name='RuleName'>-</Data><Data Name='UtcTime'>2025-08-20 12:19:50.942</Data><Data Name='ProcessGuid'>{53FBDF3C-BD66-68A5-A508-00000000EE03}</Data><Data Name='ProcessId'>5712</Data><Data Name='Image'>C:\Windows\System32\win32calc.exe</Data><Data Name='FileVersion'>10.0.14393.0 (rs1_release.160715-1616)</Data><Data Name='Description'>Windows Calculator</Data><Data Name='Product'>Microsoft® Windows® Operating System</Data><Data Name='Company'>Microsoft Corporation</Data><Data Name='OriginalFileName'>WIN32CALC.EXE</Data><Data Name='CommandLine'>"C:\Windows\System32\win32calc.exe" </Data><Data Name='CurrentDirectory'>C:\Windows\system32\</Data><Data Name='User'>AR-WIN-DC2\Administrator</Data><Data Name='LogonGuid'>{53FBDF3C-A44D-68A5-1341-5E0000000000}</Data><Data Name='LogonId'>0x5e4113</Data><Data Name='TerminalSessionId'>2</Data><Data Name='IntegrityLevel'>High</Data><Data Name='Hashes'>MD5=B31A19BA38F110838119299B50517073,SHA256=D7B378A4BC4DEAE748462D216D14A20CCB1BAC1D3FFBC67711DB2CC1D8B182B7,IMPHASH=83A6FF176255FE0F3F902360860DA5F8</Data><Data Name='ParentProcessGuid'>{53FBDF3C-BD66-68A5-A308-00000000EE03}</Data><Data Name='ParentProcessId'>5536</Data><Data Name='ParentImage'>C:\Windows\WINPROJ.EXE</Data><Data Name='ParentCommandLine'>WINPROJ.EXE</Data><Data Name='ParentUser'>AR-WIN-DC2\Administrator</Data></EventData></Event>
<Event xmlns='http://schemas.microsoft.com/win/2004/08/events/event'><System><Provider Name='Microsoft-Windows-Sysmon' Guid='{5770385F-C22A-43E0-BF4C-06F5698FFBD9}'/><EventID>1</EventID><Version>5</Version><Level>4</Level><Task>1</Task><Opcode>0</Opcode><Keywords>0x8000000000000000</Keywords><TimeCreated SystemTime='2025-08-20T12:19:50.715591100Z'/><EventRecordID>13068</EventRecordID><Correlation/><Execution ProcessID='300' ThreadID='2428'/><Channel>Microsoft-Windows-Sysmon/Operational</Channel><Computer>ar-win-dc2</Computer><Security UserID='S-1-5-18'/></System><EventData><Data Name='RuleName'>-</Data><Data Name='UtcTime'>2025-08-20 12:19:50.713</Data><Data Name='ProcessGuid'>{53FBDF3C-BD66-68A5-A308-00000000EE03}</Data><Data Name='ProcessId'>5536</Data><Data Name='Image'>C:\Windows\WINPROJ.EXE</Data><Data Name='FileVersion'>10.0.14393.4169 (rs1_release.210107-1130)</Data><Data Name='Description'>Windows Calculator</Data><Data Name='Product'>Microsoft® Windows® Operating System</Data><Data Name='Company'>Microsoft Corporation</Data><Data Name='OriginalFileName'>CALC.EXE</Data><Data Name='CommandLine'>WINPROJ.EXE</Data><Data Name='CurrentDirectory'>C:\Windows\system32\</Data><Data Name='User'>AR-WIN-DC2\Administrator</Data><Data Name='LogonGuid'>{53FBDF3C-A44D-68A5-1341-5E0000000000}</Data><Data Name='LogonId'>0x5e4113</Data><Data Name='TerminalSessionId'>2</Data><Data Name='IntegrityLevel'>High</Data><Data Name='Hashes'>MD5=2A5CC198FEFC04C2B6B95207A91D3668,SHA256=04FA16D1FBB5F047E7BF9756E8DDC1365AFEAAB22DD4A2C3F03E067B75BED8EA,IMPHASH=3843C3D4A5A7D1045ABE9A4BFCFAAB28</Data><Data Name='ParentProcessGuid'>{53FBDF3C-BD66-68A5-A108-00000000EE03}</Data><Data Name='ParentProcessId'>5488</Data><Data Name='ParentImage'>C:\Program Files\Microsoft Office\root\Office16\EXCEL.EXE</Data><Data Name='ParentCommandLine'>"C:\Program Files\Microsoft Office\Root\Office16\EXCEL.EXE" /automation -Embedding</Data><Data Name='ParentUser'>AR-WIN-DC2\Administrator</Data></EventData></Event>
<Event xmlns='http://schemas.microsoft.com/win/2004/08/events/event'><System><Provider Name='Microsoft-Windows-Sysmon' Guid='{5770385F-C22A-43E0-BF4C-06F5698FFBD9}'/><EventID>1</EventID><Version>5</Version><Level>4</Level><Task>1</Task><Opcode>0</Opcode><Keywords>0x8000000000000000</Keywords><TimeCreated SystemTime='2025-08-20T12:10:47.918385900Z'/><EventRecordID>12988</EventRecordID><Correlation/><Execution ProcessID='300' ThreadID='2428'/><Channel>Microsoft-Windows-Sysmon/Operational</Channel><Computer>ar-win-dc2</Computer><Security UserID='S-1-5-18'/></System><EventData><Data Name='RuleName'>-</Data><Data Name='UtcTime'>2025-08-20 12:10:47.902</Data><Data Name='ProcessGuid'>{53FBDF3C-BB47-68A5-6508-00000000EE03}</Data><Data Name='ProcessId'>4112</Data><Data Name='Image'>C:\Windows\System32\win32calc.exe</Data><Data Name='FileVersion'>10.0.14393.0 (rs1_release.160715-1616)</Data><Data Name='Description'>Windows Calculator</Data><Data Name='Product'>Microsoft® Windows® Operating System</Data><Data Name='Company'>Microsoft Corporation</Data><Data Name='OriginalFileName'>WIN32CALC.EXE</Data><Data Name='CommandLine'>"C:\Windows\System32\win32calc.exe" </Data><Data Name='CurrentDirectory'>C:\Windows\system32\</Data><Data Name='User'>AR-WIN-DC2\Administrator</Data><Data Name='LogonGuid'>{53FBDF3C-A44D-68A5-1341-5E0000000000}</Data><Data Name='LogonId'>0x5e4113</Data><Data Name='TerminalSessionId'>2</Data><Data Name='IntegrityLevel'>High</Data><Data Name='Hashes'>MD5=B31A19BA38F110838119299B50517073,SHA256=D7B378A4BC4DEAE748462D216D14A20CCB1BAC1D3FFBC67711DB2CC1D8B182B7,IMPHASH=83A6FF176255FE0F3F902360860DA5F8</Data><Data Name='ParentProcessGuid'>{53FBDF3C-BB47-68A5-6408-00000000EE03}</Data><Data Name='ParentProcessId'>5108</Data><Data Name='ParentImage'>C:\Windows\WINPROJ.EXE</Data><Data Name='ParentCommandLine'>WINPROJ.EXE</Data><Data Name='ParentUser'>AR-WIN-DC2\Administrator</Data></EventData></Event>
<Event xmlns='http://schemas.microsoft.com/win/2004/08/events/event'><System><Provider Name='Microsoft-Windows-Sysmon' Guid='{5770385F-C22A-43E0-BF4C-06F5698FFBD9}'/><EventID>1</EventID><Version>5</Version><Level>4</Level><Task>1</Task><Opcode>0</Opcode><Keywords>0x8000000000000000</Keywords><TimeCreated SystemTime='2025-08-20T12:10:47.703557600Z'/><EventRecordID>12987</EventRecordID><Correlation/><Execution ProcessID='300' ThreadID='2428'/><Channel>Microsoft-Windows-Sysmon/Operational</Channel><Computer>ar-win-dc2</Computer><Security UserID='S-1-5-18'/></System><EventData><Data Name='RuleName'>-</Data><Data Name='UtcTime'>2025-08-20 12:10:47.701</Data><Data Name='ProcessGuid'>{53FBDF3C-BB47-68A5-6408-00000000EE03}</Data><Data Name='ProcessId'>5108</Data><Data Name='Image'>C:\Windows\WINPROJ.EXE</Data><Data Name='FileVersion'>10.0.14393.4169 (rs1_release.210107-1130)</Data><Data Name='Description'>Windows Calculator</Data><Data Name='Product'>Microsoft® Windows® Operating System</Data><Data Name='Company'>Microsoft Corporation</Data><Data Name='OriginalFileName'>CALC.EXE</Data><Data Name='CommandLine'>WINPROJ.EXE</Data><Data Name='CurrentDirectory'>C:\Windows\system32\</Data><Data Name='User'>AR-WIN-DC2\Administrator</Data><Data Name='LogonGuid'>{53FBDF3C-A44D-68A5-1341-5E0000000000}</Data><Data Name='LogonId'>0x5e4113</Data><Data Name='TerminalSessionId'>2</Data><Data Name='IntegrityLevel'>High</Data><Data Name='Hashes'>MD5=2A5CC198FEFC04C2B6B95207A91D3668,SHA256=04FA16D1FBB5F047E7BF9756E8DDC1365AFEAAB22DD4A2C3F03E067B75BED8EA,IMPHASH=3843C3D4A5A7D1045ABE9A4BFCFAAB28</Data><Data Name='ParentProcessGuid'>{53FBDF3C-BB47-68A5-6308-00000000EE03}</Data><Data Name='ParentProcessId'>4800</Data><Data Name='ParentImage'>C:\Program Files\Microsoft Office\root\Office16\EXCEL.EXE</Data><Data Name='ParentCommandLine'>"C:\Program Files\Microsoft Office\Root\Office16\EXCEL.EXE" /automation -Embedding</Data><Data Name='ParentUser'>AR-WIN-DC2\Administrator</Data></EventData></Event>
