09/10/2021 03:09:35 PM
LogName=Microsoft-Windows-PowerShell/Operational
SourceName=Microsoft-Windows-PowerShell
EventCode=4106
EventType=5
Type=Verbose
ComputerName=win-host-987.attackrange.local
User=NOT_TRANSLATED
Sid=S-1-5-21-1166625382-1442148322-2337405042-2397
SidType=0
TaskCategory=Stopping Command
OpCode=On create calls
RecordNumber=2137737
Keywords=None
Message=Completed invocation of ScriptBlock ID: d4a74703-fad6-4428-b0e5-caafad48ac1d
Runspace ID: c0a71f6f-f218-409f-87f9-a7e84bc3d0fa
09/10/2021 03:09:35 PM
LogName=Microsoft-Windows-PowerShell/Operational
SourceName=Microsoft-Windows-PowerShell
EventCode=4105
EventType=5
Type=Verbose
ComputerName=win-host-987.attackrange.local
User=NOT_TRANSLATED
Sid=S-1-5-21-1166625382-1442148322-2337405042-2397
SidType=0
TaskCategory=Starting Command
OpCode=On create calls
RecordNumber=2137736
Keywords=None
Message=Started invocation of ScriptBlock ID: d4a74703-fad6-4428-b0e5-caafad48ac1d
Runspace ID: c0a71f6f-f218-409f-87f9-a7e84bc3d0fa
09/10/2021 03:09:35 PM
LogName=Microsoft-Windows-PowerShell/Operational
SourceName=Microsoft-Windows-PowerShell
EventCode=4105
EventType=5
Type=Verbose
ComputerName=win-host-987.attackrange.local
User=NOT_TRANSLATED
Sid=S-1-5-21-1166625382-1442148322-2337405042-2397
SidType=0
TaskCategory=Starting Command
OpCode=On create calls
RecordNumber=2137735
Keywords=None
Message=Started invocation of ScriptBlock ID: 5f2a070f-30fe-41c4-a783-e46202d37577
Runspace ID: c0a71f6f-f218-409f-87f9-a7e84bc3d0fa
09/10/2021 03:09:35 PM
LogName=Microsoft-Windows-PowerShell/Operational
SourceName=Microsoft-Windows-PowerShell
EventCode=4106
EventType=5
Type=Verbose
ComputerName=win-host-987.attackrange.local
User=NOT_TRANSLATED
Sid=S-1-5-21-1166625382-1442148322-2337405042-2397
SidType=0
TaskCategory=Stopping Command
OpCode=On create calls
RecordNumber=2137734
Keywords=None
Message=Completed invocation of ScriptBlock ID: 642ed007-c5d4-4d5c-9014-4f4fa368ff56
Runspace ID: c0a71f6f-f218-409f-87f9-a7e84bc3d0fa
09/10/2021 03:09:35 PM
LogName=Microsoft-Windows-PowerShell/Operational
SourceName=Microsoft-Windows-PowerShell
EventCode=4106
EventType=5
Type=Verbose
ComputerName=win-host-987.attackrange.local
User=NOT_TRANSLATED
Sid=S-1-5-21-1166625382-1442148322-2337405042-2397
SidType=0
TaskCategory=Stopping Command
OpCode=On create calls
RecordNumber=2137733
Keywords=None
Message=Completed invocation of ScriptBlock ID: d4a74703-fad6-4428-b0e5-caafad48ac1d
Runspace ID: c0a71f6f-f218-409f-87f9-a7e84bc3d0fa
09/10/2021 03:09:35 PM
LogName=Microsoft-Windows-PowerShell/Operational
SourceName=Microsoft-Windows-PowerShell
EventCode=4105
EventType=5
Type=Verbose
ComputerName=win-host-987.attackrange.local
User=NOT_TRANSLATED
Sid=S-1-5-21-1166625382-1442148322-2337405042-2397
SidType=0
TaskCategory=Starting Command
OpCode=On create calls
RecordNumber=2137732
Keywords=None
Message=Started invocation of ScriptBlock ID: d4a74703-fad6-4428-b0e5-caafad48ac1d
Runspace ID: c0a71f6f-f218-409f-87f9-a7e84bc3d0fa
09/10/2021 03:09:35 PM
LogName=Microsoft-Windows-PowerShell/Operational
SourceName=Microsoft-Windows-PowerShell
EventCode=4105
EventType=5
Type=Verbose
ComputerName=win-host-987.attackrange.local
User=NOT_TRANSLATED
Sid=S-1-5-21-1166625382-1442148322-2337405042-2397
SidType=0
TaskCategory=Starting Command
OpCode=On create calls
RecordNumber=2137731
Keywords=None
Message=Started invocation of ScriptBlock ID: 642ed007-c5d4-4d5c-9014-4f4fa368ff56
Runspace ID: c0a71f6f-f218-409f-87f9-a7e84bc3d0fa
09/10/2021 03:09:35 PM
LogName=Microsoft-Windows-PowerShell/Operational
SourceName=Microsoft-Windows-PowerShell
EventCode=4105
EventType=5
Type=Verbose
ComputerName=win-host-987.attackrange.local
User=NOT_TRANSLATED
Sid=S-1-5-21-1166625382-1442148322-2337405042-2397
SidType=0
TaskCategory=Starting Command
OpCode=On create calls
RecordNumber=2137730
Keywords=None
Message=Started invocation of ScriptBlock ID: 9217efeb-7d82-4c7b-a9df-8144b1ab2909
Runspace ID: c0a71f6f-f218-409f-87f9-a7e84bc3d0fa
09/10/2021 03:09:35 PM
LogName=Microsoft-Windows-PowerShell/Operational
SourceName=Microsoft-Windows-PowerShell
EventCode=4106
EventType=5
Type=Verbose
ComputerName=win-host-987.attackrange.local
User=NOT_TRANSLATED
Sid=S-1-5-21-1166625382-1442148322-2337405042-2397
SidType=0
TaskCategory=Stopping Command
OpCode=On create calls
RecordNumber=2137729
Keywords=None
Message=Completed invocation of ScriptBlock ID: 226fd2d7-f781-407a-8dc8-80d2487e5ccd
Runspace ID: c0a71f6f-f218-409f-87f9-a7e84bc3d0fa
09/10/2021 03:09:35 PM
LogName=Microsoft-Windows-PowerShell/Operational
SourceName=Microsoft-Windows-PowerShell
EventCode=4105
EventType=5
Type=Verbose
ComputerName=win-host-987.attackrange.local
User=NOT_TRANSLATED
Sid=S-1-5-21-1166625382-1442148322-2337405042-2397
SidType=0
TaskCategory=Starting Command
OpCode=On create calls
RecordNumber=2137728
Keywords=None
Message=Started invocation of ScriptBlock ID: 226fd2d7-f781-407a-8dc8-80d2487e5ccd
Runspace ID: c0a71f6f-f218-409f-87f9-a7e84bc3d0fa
09/10/2021 03:09:35 PM
LogName=Microsoft-Windows-PowerShell/Operational
SourceName=Microsoft-Windows-PowerShell
EventCode=4104
EventType=5
Type=Verbose
ComputerName=win-host-987.attackrange.local
User=NOT_TRANSLATED
Sid=S-1-5-21-1166625382-1442148322-2337405042-2397
SidType=0
TaskCategory=Execute a Remote Command
OpCode=On create calls
RecordNumber=2137727
Keywords=None
Message=Creating Scriptblock text (1 of 1):
netstat -ano

ScriptBlock ID: 226fd2d7-f781-407a-8dc8-80d2487e5ccd
Path:
09/10/2021 03:09:35 PM
LogName=Microsoft-Windows-PowerShell/Operational
SourceName=Microsoft-Windows-PowerShell
EventCode=4106
EventType=5
Type=Verbose
ComputerName=win-host-987.attackrange.local
User=NOT_TRANSLATED
Sid=S-1-5-21-1166625382-1442148322-2337405042-2397
SidType=0
TaskCategory=Stopping Command
OpCode=On create calls
RecordNumber=2137726
Keywords=None
Message=Completed invocation of ScriptBlock ID: 52a2683a-ff39-4e9b-bbd9-f6ddd86cb52e
Runspace ID: c0a71f6f-f218-409f-87f9-a7e84bc3d0fa
09/10/2021 03:09:35 PM
LogName=Microsoft-Windows-PowerShell/Operational
SourceName=Microsoft-Windows-PowerShell
EventCode=4105
EventType=5
Type=Verbose
ComputerName=win-host-987.attackrange.local
User=NOT_TRANSLATED
Sid=S-1-5-21-1166625382-1442148322-2337405042-2397
SidType=0
TaskCategory=Starting Command
OpCode=On create calls
RecordNumber=2137725
Keywords=None
Message=Started invocation of ScriptBlock ID: 52a2683a-ff39-4e9b-bbd9-f6ddd86cb52e
Runspace ID: c0a71f6f-f218-409f-87f9-a7e84bc3d0fa
09/10/2021 03:09:35 PM
LogName=Microsoft-Windows-PowerShell/Operational
SourceName=Microsoft-Windows-PowerShell
EventCode=4106
EventType=5
Type=Verbose
ComputerName=win-host-987.attackrange.local
User=NOT_TRANSLATED
Sid=S-1-5-21-1166625382-1442148322-2337405042-2397
SidType=0
TaskCategory=Stopping Command
OpCode=On create calls
RecordNumber=2137724
Keywords=None
Message=Completed invocation of ScriptBlock ID: 2394b1ee-8edd-421a-ab65-1527ea0df67e
Runspace ID: c0a71f6f-f218-409f-87f9-a7e84bc3d0fa
09/10/2021 03:09:35 PM
LogName=Microsoft-Windows-PowerShell/Operational
SourceName=Microsoft-Windows-PowerShell
EventCode=4106
EventType=5
Type=Verbose
ComputerName=win-host-987.attackrange.local
User=NOT_TRANSLATED
Sid=S-1-5-21-1166625382-1442148322-2337405042-2397
SidType=0
TaskCategory=Stopping Command
OpCode=On create calls
RecordNumber=2137723
Keywords=None
Message=Completed invocation of ScriptBlock ID: d4a74703-fad6-4428-b0e5-caafad48ac1d
Runspace ID: c0a71f6f-f218-409f-87f9-a7e84bc3d0fa
09/10/2021 03:09:35 PM
LogName=Microsoft-Windows-PowerShell/Operational
SourceName=Microsoft-Windows-PowerShell
EventCode=4105
EventType=5
Type=Verbose
ComputerName=win-host-987.attackrange.local
User=NOT_TRANSLATED
Sid=S-1-5-21-1166625382-1442148322-2337405042-2397
SidType=0
TaskCategory=Starting Command
OpCode=On create calls
RecordNumber=2137722
Keywords=None
Message=Started invocation of ScriptBlock ID: d4a74703-fad6-4428-b0e5-caafad48ac1d
Runspace ID: c0a71f6f-f218-409f-87f9-a7e84bc3d0fa
09/10/2021 03:09:35 PM
LogName=Microsoft-Windows-PowerShell/Operational
SourceName=Microsoft-Windows-PowerShell
EventCode=4105
EventType=5
Type=Verbose
ComputerName=win-host-987.attackrange.local
User=NOT_TRANSLATED
Sid=S-1-5-21-1166625382-1442148322-2337405042-2397
SidType=0
TaskCategory=Starting Command
OpCode=On create calls
RecordNumber=2137721
Keywords=None
Message=Started invocation of ScriptBlock ID: 2394b1ee-8edd-421a-ab65-1527ea0df67e
Runspace ID: c0a71f6f-f218-409f-87f9-a7e84bc3d0fa
09/10/2021 03:09:35 PM
LogName=Microsoft-Windows-PowerShell/Operational
SourceName=Microsoft-Windows-PowerShell
EventCode=4106
EventType=5
Type=Verbose
ComputerName=win-host-987.attackrange.local
User=NOT_TRANSLATED
Sid=S-1-5-21-1166625382-1442148322-2337405042-2397
SidType=0
TaskCategory=Stopping Command
OpCode=On create calls
RecordNumber=2137720
Keywords=None
Message=Completed invocation of ScriptBlock ID: 52a2683a-ff39-4e9b-bbd9-f6ddd86cb52e
Runspace ID: c0a71f6f-f218-409f-87f9-a7e84bc3d0fa
09/10/2021 03:09:35 PM
LogName=Microsoft-Windows-PowerShell/Operational
SourceName=Microsoft-Windows-PowerShell
EventCode=4105
EventType=5
Type=Verbose
ComputerName=win-host-987.attackrange.local
User=NOT_TRANSLATED
Sid=S-1-5-21-1166625382-1442148322-2337405042-2397
SidType=0
TaskCategory=Starting Command
OpCode=On create calls
RecordNumber=2137719
Keywords=None
Message=Started invocation of ScriptBlock ID: 52a2683a-ff39-4e9b-bbd9-f6ddd86cb52e
Runspace ID: c0a71f6f-f218-409f-87f9-a7e84bc3d0fa
09/10/2021 03:09:35 PM
LogName=Microsoft-Windows-PowerShell/Operational
SourceName=Microsoft-Windows-PowerShell
EventCode=4106
EventType=5
Type=Verbose
ComputerName=win-host-987.attackrange.local
User=NOT_TRANSLATED
Sid=S-1-5-21-1166625382-1442148322-2337405042-2397
SidType=0
TaskCategory=Stopping Command
OpCode=On create calls
RecordNumber=2137718
Keywords=None
Message=Completed invocation of ScriptBlock ID: 05c95d33-f989-43da-98b0-0935e9b9d787
Runspace ID: c0a71f6f-f218-409f-87f9-a7e84bc3d0fa
09/10/2021 03:09:35 PM
LogName=Microsoft-Windows-PowerShell/Operational
SourceName=Microsoft-Windows-PowerShell
EventCode=4105
EventType=5
Type=Verbose
ComputerName=win-host-987.attackrange.local
User=NOT_TRANSLATED
Sid=S-1-5-21-1166625382-1442148322-2337405042-2397
SidType=0
TaskCategory=Starting Command
OpCode=On create calls
RecordNumber=2137717
Keywords=None
Message=Started invocation of ScriptBlock ID: 05c95d33-f989-43da-98b0-0935e9b9d787
Runspace ID: c0a71f6f-f218-409f-87f9-a7e84bc3d0fa
09/10/2021 03:09:35 PM
LogName=Microsoft-Windows-PowerShell/Operational
SourceName=Microsoft-Windows-PowerShell
EventCode=4106
EventType=5
Type=Verbose
ComputerName=win-host-987.attackrange.local
User=NOT_TRANSLATED
Sid=S-1-5-21-1166625382-1442148322-2337405042-2397
SidType=0
TaskCategory=Stopping Command
OpCode=On create calls
RecordNumber=2137716
Keywords=None
Message=Completed invocation of ScriptBlock ID: 814708c6-dacd-4473-87cf-ec01b4626b2a
Runspace ID: c0a71f6f-f218-409f-87f9-a7e84bc3d0fa
09/10/2021 03:09:35 PM
LogName=Microsoft-Windows-PowerShell/Operational
SourceName=Microsoft-Windows-PowerShell
EventCode=4105
EventType=5
Type=Verbose
ComputerName=win-host-987.attackrange.local
User=NOT_TRANSLATED
Sid=S-1-5-21-1166625382-1442148322-2337405042-2397
SidType=0
TaskCategory=Starting Command
OpCode=On create calls
RecordNumber=2137715
Keywords=None
Message=Started invocation of ScriptBlock ID: 814708c6-dacd-4473-87cf-ec01b4626b2a
Runspace ID: c0a71f6f-f218-409f-87f9-a7e84bc3d0fa
09/10/2021 03:09:35 PM
LogName=Microsoft-Windows-PowerShell/Operational
SourceName=Microsoft-Windows-PowerShell
EventCode=4106
EventType=5
Type=Verbose
ComputerName=win-host-987.attackrange.local
User=NOT_TRANSLATED
Sid=S-1-5-21-1166625382-1442148322-2337405042-2397
SidType=0
TaskCategory=Stopping Command
OpCode=On create calls
RecordNumber=2137714
Keywords=None
Message=Completed invocation of ScriptBlock ID: 52a2683a-ff39-4e9b-bbd9-f6ddd86cb52e
Runspace ID: c0a71f6f-f218-409f-87f9-a7e84bc3d0fa
09/10/2021 03:09:35 PM
LogName=Microsoft-Windows-PowerShell/Operational
SourceName=Microsoft-Windows-PowerShell
EventCode=4105
EventType=5
Type=Verbose
ComputerName=win-host-987.attackrange.local
User=NOT_TRANSLATED
Sid=S-1-5-21-1166625382-1442148322-2337405042-2397
SidType=0
TaskCategory=Starting Command
OpCode=On create calls
RecordNumber=2137713
Keywords=None
Message=Started invocation of ScriptBlock ID: 52a2683a-ff39-4e9b-bbd9-f6ddd86cb52e
Runspace ID: c0a71f6f-f218-409f-87f9-a7e84bc3d0fa
09/10/2021 03:09:39 PM
LogName=Microsoft-Windows-PowerShell/Operational
SourceName=Microsoft-Windows-PowerShell
EventCode=4106
EventType=5
Type=Verbose
ComputerName=win-host-987.attackrange.local
User=NOT_TRANSLATED
Sid=S-1-5-21-1166625382-1442148322-2337405042-2397
SidType=0
TaskCategory=Stopping Command
OpCode=On create calls
RecordNumber=2137757
Keywords=None
Message=Completed invocation of ScriptBlock ID: 2394b1ee-8edd-421a-ab65-1527ea0df67e
Runspace ID: c0a71f6f-f218-409f-87f9-a7e84bc3d0fa
09/10/2021 03:09:39 PM
LogName=Microsoft-Windows-PowerShell/Operational
SourceName=Microsoft-Windows-PowerShell
EventCode=4105
EventType=5
Type=Verbose
ComputerName=win-host-987.attackrange.local
User=NOT_TRANSLATED
Sid=S-1-5-21-1166625382-1442148322-2337405042-2397
SidType=0
TaskCategory=Starting Command
OpCode=On create calls
RecordNumber=2137756
Keywords=None
Message=Started invocation of ScriptBlock ID: 2394b1ee-8edd-421a-ab65-1527ea0df67e
Runspace ID: c0a71f6f-f218-409f-87f9-a7e84bc3d0fa
09/10/2021 03:09:39 PM
LogName=Microsoft-Windows-PowerShell/Operational
SourceName=Microsoft-Windows-PowerShell
EventCode=4106
EventType=5
Type=Verbose
ComputerName=win-host-987.attackrange.local
User=NOT_TRANSLATED
Sid=S-1-5-21-1166625382-1442148322-2337405042-2397
SidType=0
TaskCategory=Stopping Command
OpCode=On create calls
RecordNumber=2137755
Keywords=None
Message=Completed invocation of ScriptBlock ID: 52a2683a-ff39-4e9b-bbd9-f6ddd86cb52e
Runspace ID: c0a71f6f-f218-409f-87f9-a7e84bc3d0fa
09/10/2021 03:09:39 PM
LogName=Microsoft-Windows-PowerShell/Operational
SourceName=Microsoft-Windows-PowerShell
EventCode=4105
EventType=5
Type=Verbose
ComputerName=win-host-987.attackrange.local
User=NOT_TRANSLATED
Sid=S-1-5-21-1166625382-1442148322-2337405042-2397
SidType=0
TaskCategory=Starting Command
OpCode=On create calls
RecordNumber=2137754
Keywords=None
Message=Started invocation of ScriptBlock ID: 52a2683a-ff39-4e9b-bbd9-f6ddd86cb52e
Runspace ID: c0a71f6f-f218-409f-87f9-a7e84bc3d0fa
09/10/2021 03:09:39 PM
LogName=Microsoft-Windows-PowerShell/Operational
SourceName=Microsoft-Windows-PowerShell
EventCode=4106
EventType=5
Type=Verbose
ComputerName=win-host-987.attackrange.local
User=NOT_TRANSLATED
Sid=S-1-5-21-1166625382-1442148322-2337405042-2397
SidType=0
TaskCategory=Stopping Command
OpCode=On create calls
RecordNumber=2137753
Keywords=None
Message=Completed invocation of ScriptBlock ID: 05c95d33-f989-43da-98b0-0935e9b9d787
Runspace ID: c0a71f6f-f218-409f-87f9-a7e84bc3d0fa
09/10/2021 03:09:39 PM
LogName=Microsoft-Windows-PowerShell/Operational
SourceName=Microsoft-Windows-PowerShell
EventCode=4105
EventType=5
Type=Verbose
ComputerName=win-host-987.attackrange.local
User=NOT_TRANSLATED
Sid=S-1-5-21-1166625382-1442148322-2337405042-2397
SidType=0
TaskCategory=Starting Command
OpCode=On create calls
RecordNumber=2137752
Keywords=None
Message=Started invocation of ScriptBlock ID: 05c95d33-f989-43da-98b0-0935e9b9d787
Runspace ID: c0a71f6f-f218-409f-87f9-a7e84bc3d0fa
09/10/2021 03:09:39 PM
LogName=Microsoft-Windows-PowerShell/Operational
SourceName=Microsoft-Windows-PowerShell
EventCode=4106
EventType=5
Type=Verbose
ComputerName=win-host-987.attackrange.local
User=NOT_TRANSLATED
Sid=S-1-5-21-1166625382-1442148322-2337405042-2397
SidType=0
TaskCategory=Stopping Command
OpCode=On create calls
RecordNumber=2137751
Keywords=None
Message=Completed invocation of ScriptBlock ID: 814708c6-dacd-4473-87cf-ec01b4626b2a
Runspace ID: c0a71f6f-f218-409f-87f9-a7e84bc3d0fa
09/10/2021 03:09:39 PM
LogName=Microsoft-Windows-PowerShell/Operational
SourceName=Microsoft-Windows-PowerShell
EventCode=4105
EventType=5
Type=Verbose
ComputerName=win-host-987.attackrange.local
User=NOT_TRANSLATED
Sid=S-1-5-21-1166625382-1442148322-2337405042-2397
SidType=0
TaskCategory=Starting Command
OpCode=On create calls
RecordNumber=2137750
Keywords=None
Message=Started invocation of ScriptBlock ID: 814708c6-dacd-4473-87cf-ec01b4626b2a
Runspace ID: c0a71f6f-f218-409f-87f9-a7e84bc3d0fa
09/10/2021 03:09:39 PM
LogName=Microsoft-Windows-PowerShell/Operational
SourceName=Microsoft-Windows-PowerShell
EventCode=4106
EventType=5
Type=Verbose
ComputerName=win-host-987.attackrange.local
User=NOT_TRANSLATED
Sid=S-1-5-21-1166625382-1442148322-2337405042-2397
SidType=0
TaskCategory=Stopping Command
OpCode=On create calls
RecordNumber=2137749
Keywords=None
Message=Completed invocation of ScriptBlock ID: 52a2683a-ff39-4e9b-bbd9-f6ddd86cb52e
Runspace ID: c0a71f6f-f218-409f-87f9-a7e84bc3d0fa
09/10/2021 03:09:39 PM
LogName=Microsoft-Windows-PowerShell/Operational
SourceName=Microsoft-Windows-PowerShell
EventCode=4105
EventType=5
Type=Verbose
ComputerName=win-host-987.attackrange.local
User=NOT_TRANSLATED
Sid=S-1-5-21-1166625382-1442148322-2337405042-2397
SidType=0
TaskCategory=Starting Command
OpCode=On create calls
RecordNumber=2137748
Keywords=None
Message=Started invocation of ScriptBlock ID: 52a2683a-ff39-4e9b-bbd9-f6ddd86cb52e
Runspace ID: c0a71f6f-f218-409f-87f9-a7e84bc3d0fa
09/10/2021 03:09:43 PM
LogName=Microsoft-Windows-PowerShell/Operational
SourceName=Microsoft-Windows-PowerShell
EventCode=4106
EventType=5
Type=Verbose
ComputerName=win-host-987.attackrange.local
User=NOT_TRANSLATED
Sid=S-1-5-21-1166625382-1442148322-2337405042-2397
SidType=0
TaskCategory=Stopping Command
OpCode=On create calls
RecordNumber=2137767
Keywords=None
Message=Completed invocation of ScriptBlock ID: 2394b1ee-8edd-421a-ab65-1527ea0df67e
Runspace ID: c0a71f6f-f218-409f-87f9-a7e84bc3d0fa
09/10/2021 03:09:43 PM
LogName=Microsoft-Windows-PowerShell/Operational
SourceName=Microsoft-Windows-PowerShell
EventCode=4105
EventType=5
Type=Verbose
ComputerName=win-host-987.attackrange.local
User=NOT_TRANSLATED
Sid=S-1-5-21-1166625382-1442148322-2337405042-2397
SidType=0
TaskCategory=Starting Command
OpCode=On create calls
RecordNumber=2137766
Keywords=None
Message=Started invocation of ScriptBlock ID: 2394b1ee-8edd-421a-ab65-1527ea0df67e
Runspace ID: c0a71f6f-f218-409f-87f9-a7e84bc3d0fa
09/10/2021 03:09:43 PM
LogName=Microsoft-Windows-PowerShell/Operational
SourceName=Microsoft-Windows-PowerShell
EventCode=4106
EventType=5
Type=Verbose
ComputerName=win-host-987.attackrange.local
User=NOT_TRANSLATED
Sid=S-1-5-21-1166625382-1442148322-2337405042-2397
SidType=0
TaskCategory=Stopping Command
OpCode=On create calls
RecordNumber=2137765
Keywords=None
Message=Completed invocation of ScriptBlock ID: 52a2683a-ff39-4e9b-bbd9-f6ddd86cb52e
Runspace ID: c0a71f6f-f218-409f-87f9-a7e84bc3d0fa
09/10/2021 03:09:43 PM
LogName=Microsoft-Windows-PowerShell/Operational
SourceName=Microsoft-Windows-PowerShell
EventCode=4105
EventType=5
Type=Verbose
ComputerName=win-host-987.attackrange.local
User=NOT_TRANSLATED
Sid=S-1-5-21-1166625382-1442148322-2337405042-2397
SidType=0
TaskCategory=Starting Command
OpCode=On create calls
RecordNumber=2137764
Keywords=None
Message=Started invocation of ScriptBlock ID: 52a2683a-ff39-4e9b-bbd9-f6ddd86cb52e
Runspace ID: c0a71f6f-f218-409f-87f9-a7e84bc3d0fa
09/10/2021 03:09:43 PM
LogName=Microsoft-Windows-PowerShell/Operational
SourceName=Microsoft-Windows-PowerShell
EventCode=4106
EventType=5
Type=Verbose
ComputerName=win-host-987.attackrange.local
User=NOT_TRANSLATED
Sid=S-1-5-21-1166625382-1442148322-2337405042-2397
SidType=0
TaskCategory=Stopping Command
OpCode=On create calls
RecordNumber=2137763
Keywords=None
Message=Completed invocation of ScriptBlock ID: 05c95d33-f989-43da-98b0-0935e9b9d787
Runspace ID: c0a71f6f-f218-409f-87f9-a7e84bc3d0fa
09/10/2021 03:09:43 PM
LogName=Microsoft-Windows-PowerShell/Operational
SourceName=Microsoft-Windows-PowerShell
EventCode=4105
EventType=5
Type=Verbose
ComputerName=win-host-987.attackrange.local
User=NOT_TRANSLATED
Sid=S-1-5-21-1166625382-1442148322-2337405042-2397
SidType=0
TaskCategory=Starting Command
OpCode=On create calls
RecordNumber=2137762
Keywords=None
Message=Started invocation of ScriptBlock ID: 05c95d33-f989-43da-98b0-0935e9b9d787
Runspace ID: c0a71f6f-f218-409f-87f9-a7e84bc3d0fa
09/10/2021 03:09:43 PM
LogName=Microsoft-Windows-PowerShell/Operational
SourceName=Microsoft-Windows-PowerShell
EventCode=4106
EventType=5
Type=Verbose
ComputerName=win-host-987.attackrange.local
User=NOT_TRANSLATED
Sid=S-1-5-21-1166625382-1442148322-2337405042-2397
SidType=0
TaskCategory=Stopping Command
OpCode=On create calls
RecordNumber=2137761
Keywords=None
Message=Completed invocation of ScriptBlock ID: 814708c6-dacd-4473-87cf-ec01b4626b2a
Runspace ID: c0a71f6f-f218-409f-87f9-a7e84bc3d0fa
09/10/2021 03:09:43 PM
LogName=Microsoft-Windows-PowerShell/Operational
SourceName=Microsoft-Windows-PowerShell
EventCode=4105
EventType=5
Type=Verbose
ComputerName=win-host-987.attackrange.local
User=NOT_TRANSLATED
Sid=S-1-5-21-1166625382-1442148322-2337405042-2397
SidType=0
TaskCategory=Starting Command
OpCode=On create calls
RecordNumber=2137760
Keywords=None
Message=Started invocation of ScriptBlock ID: 814708c6-dacd-4473-87cf-ec01b4626b2a
Runspace ID: c0a71f6f-f218-409f-87f9-a7e84bc3d0fa
09/10/2021 03:09:43 PM
LogName=Microsoft-Windows-PowerShell/Operational
SourceName=Microsoft-Windows-PowerShell
EventCode=4106
EventType=5
Type=Verbose
ComputerName=win-host-987.attackrange.local
User=NOT_TRANSLATED
Sid=S-1-5-21-1166625382-1442148322-2337405042-2397
SidType=0
TaskCategory=Stopping Command
OpCode=On create calls
RecordNumber=2137759
Keywords=None
Message=Completed invocation of ScriptBlock ID: 52a2683a-ff39-4e9b-bbd9-f6ddd86cb52e
Runspace ID: c0a71f6f-f218-409f-87f9-a7e84bc3d0fa
09/10/2021 03:09:43 PM
LogName=Microsoft-Windows-PowerShell/Operational
SourceName=Microsoft-Windows-PowerShell
EventCode=4105
EventType=5
Type=Verbose
ComputerName=win-host-987.attackrange.local
User=NOT_TRANSLATED
Sid=S-1-5-21-1166625382-1442148322-2337405042-2397
SidType=0
TaskCategory=Starting Command
OpCode=On create calls
RecordNumber=2137758
Keywords=None
Message=Started invocation of ScriptBlock ID: 52a2683a-ff39-4e9b-bbd9-f6ddd86cb52e
Runspace ID: c0a71f6f-f218-409f-87f9-a7e84bc3d0fa
09/10/2021 03:09:47 PM
LogName=Microsoft-Windows-PowerShell/Operational
SourceName=Microsoft-Windows-PowerShell
EventCode=53504
EventType=4
Type=Information
ComputerName=win-host-987.attackrange.local
User=NOT_TRANSLATED
Sid=S-1-5-21-1166625382-1442148322-2337405042-2397
SidType=0
TaskCategory=PowerShell Named Pipe IPC
OpCode=Open (async)
RecordNumber=2137785
Keywords=None
Message=Windows PowerShell has started an IPC listening thread on process: 5688 in AppDomain: DefaultAppDomain.
09/10/2021 03:09:47 PM
LogName=Microsoft-Windows-PowerShell/Operational
SourceName=Microsoft-Windows-PowerShell
EventCode=40961
EventType=4
Type=Information
ComputerName=win-host-987.attackrange.local
User=NOT_TRANSLATED
Sid=S-1-5-21-1166625382-1442148322-2337405042-2397
SidType=0
TaskCategory=PowerShell Console Startup
OpCode=Start
RecordNumber=2137784
Keywords=None
Message=PowerShell console is starting up
09/10/2021 03:09:47 PM
LogName=Microsoft-Windows-PowerShell/Operational
SourceName=Microsoft-Windows-PowerShell
EventCode=4105
EventType=5
Type=Verbose
ComputerName=win-host-987.attackrange.local
User=NOT_TRANSLATED
Sid=S-1-5-21-1166625382-1442148322-2337405042-2397
SidType=0
TaskCategory=Starting Command
OpCode=On create calls
RecordNumber=2137783
Keywords=None
Message=Started invocation of ScriptBlock ID: 7e163f9b-d174-46d3-b543-256c4e6db95a
Runspace ID: c0a71f6f-f218-409f-87f9-a7e84bc3d0fa
09/10/2021 03:09:47 PM
LogName=Microsoft-Windows-PowerShell/Operational
SourceName=Microsoft-Windows-PowerShell
EventCode=4104
EventType=5
Type=Verbose
ComputerName=win-host-987.attackrange.local
User=NOT_TRANSLATED
Sid=S-1-5-21-1166625382-1442148322-2337405042-2397
SidType=0
TaskCategory=Execute a Remote Command
OpCode=On create calls
RecordNumber=2137782
Keywords=None
Message=Creating Scriptblock text (1 of 1):
cmd.exe /c powershell.exe Get-NetTcpConnection

ScriptBlock ID: 7e163f9b-d174-46d3-b543-256c4e6db95a
Path:
09/10/2021 03:09:47 PM
LogName=Microsoft-Windows-PowerShell/Operational
SourceName=Microsoft-Windows-PowerShell
EventCode=4106
EventType=5
Type=Verbose
ComputerName=win-host-987.attackrange.local
User=NOT_TRANSLATED
Sid=S-1-5-21-1166625382-1442148322-2337405042-2397
SidType=0
TaskCategory=Stopping Command
OpCode=On create calls
RecordNumber=2137781
Keywords=None
Message=Completed invocation of ScriptBlock ID: 52a2683a-ff39-4e9b-bbd9-f6ddd86cb52e
Runspace ID: c0a71f6f-f218-409f-87f9-a7e84bc3d0fa
09/10/2021 03:09:47 PM
LogName=Microsoft-Windows-PowerShell/Operational
SourceName=Microsoft-Windows-PowerShell
EventCode=4105
EventType=5
Type=Verbose
ComputerName=win-host-987.attackrange.local
User=NOT_TRANSLATED
Sid=S-1-5-21-1166625382-1442148322-2337405042-2397
SidType=0
TaskCategory=Starting Command
OpCode=On create calls
RecordNumber=2137780
Keywords=None
Message=Started invocation of ScriptBlock ID: 52a2683a-ff39-4e9b-bbd9-f6ddd86cb52e
Runspace ID: c0a71f6f-f218-409f-87f9-a7e84bc3d0fa
09/10/2021 03:09:47 PM
LogName=Microsoft-Windows-PowerShell/Operational
SourceName=Microsoft-Windows-PowerShell
EventCode=4106
EventType=5
Type=Verbose
ComputerName=win-host-987.attackrange.local
User=NOT_TRANSLATED
Sid=S-1-5-21-1166625382-1442148322-2337405042-2397
SidType=0
TaskCategory=Stopping Command
OpCode=On create calls
RecordNumber=2137779
Keywords=None
Message=Completed invocation of ScriptBlock ID: 2394b1ee-8edd-421a-ab65-1527ea0df67e
Runspace ID: c0a71f6f-f218-409f-87f9-a7e84bc3d0fa
09/10/2021 03:09:47 PM
LogName=Microsoft-Windows-PowerShell/Operational
SourceName=Microsoft-Windows-PowerShell
EventCode=4106
EventType=5
Type=Verbose
ComputerName=win-host-987.attackrange.local
User=NOT_TRANSLATED
Sid=S-1-5-21-1166625382-1442148322-2337405042-2397
SidType=0
TaskCategory=Stopping Command
OpCode=On create calls
RecordNumber=2137778
Keywords=None
Message=Completed invocation of ScriptBlock ID: d4a74703-fad6-4428-b0e5-caafad48ac1d
Runspace ID: c0a71f6f-f218-409f-87f9-a7e84bc3d0fa
09/10/2021 03:09:47 PM
LogName=Microsoft-Windows-PowerShell/Operational
SourceName=Microsoft-Windows-PowerShell
EventCode=4105
EventType=5
Type=Verbose
ComputerName=win-host-987.attackrange.local
User=NOT_TRANSLATED
Sid=S-1-5-21-1166625382-1442148322-2337405042-2397
SidType=0
TaskCategory=Starting Command
OpCode=On create calls
RecordNumber=2137777
Keywords=None
Message=Started invocation of ScriptBlock ID: d4a74703-fad6-4428-b0e5-caafad48ac1d
Runspace ID: c0a71f6f-f218-409f-87f9-a7e84bc3d0fa
09/10/2021 03:09:47 PM
LogName=Microsoft-Windows-PowerShell/Operational
SourceName=Microsoft-Windows-PowerShell
EventCode=4105
EventType=5
Type=Verbose
ComputerName=win-host-987.attackrange.local
User=NOT_TRANSLATED
Sid=S-1-5-21-1166625382-1442148322-2337405042-2397
SidType=0
TaskCategory=Starting Command
OpCode=On create calls
RecordNumber=2137776
Keywords=None
Message=Started invocation of ScriptBlock ID: 2394b1ee-8edd-421a-ab65-1527ea0df67e
Runspace ID: c0a71f6f-f218-409f-87f9-a7e84bc3d0fa
09/10/2021 03:09:47 PM
LogName=Microsoft-Windows-PowerShell/Operational
SourceName=Microsoft-Windows-PowerShell
EventCode=4106
EventType=5
Type=Verbose
ComputerName=win-host-987.attackrange.local
User=NOT_TRANSLATED
Sid=S-1-5-21-1166625382-1442148322-2337405042-2397
SidType=0
TaskCategory=Stopping Command
OpCode=On create calls
RecordNumber=2137775
Keywords=None
Message=Completed invocation of ScriptBlock ID: 52a2683a-ff39-4e9b-bbd9-f6ddd86cb52e
Runspace ID: c0a71f6f-f218-409f-87f9-a7e84bc3d0fa
09/10/2021 03:09:47 PM
LogName=Microsoft-Windows-PowerShell/Operational
SourceName=Microsoft-Windows-PowerShell
EventCode=4105
EventType=5
Type=Verbose
ComputerName=win-host-987.attackrange.local
User=NOT_TRANSLATED
Sid=S-1-5-21-1166625382-1442148322-2337405042-2397
SidType=0
TaskCategory=Starting Command
OpCode=On create calls
RecordNumber=2137774
Keywords=None
Message=Started invocation of ScriptBlock ID: 52a2683a-ff39-4e9b-bbd9-f6ddd86cb52e
Runspace ID: c0a71f6f-f218-409f-87f9-a7e84bc3d0fa
09/10/2021 03:09:47 PM
LogName=Microsoft-Windows-PowerShell/Operational
SourceName=Microsoft-Windows-PowerShell
EventCode=4106
EventType=5
Type=Verbose
ComputerName=win-host-987.attackrange.local
User=NOT_TRANSLATED
Sid=S-1-5-21-1166625382-1442148322-2337405042-2397
SidType=0
TaskCategory=Stopping Command
OpCode=On create calls
RecordNumber=2137773
Keywords=None
Message=Completed invocation of ScriptBlock ID: 05c95d33-f989-43da-98b0-0935e9b9d787
Runspace ID: c0a71f6f-f218-409f-87f9-a7e84bc3d0fa
09/10/2021 03:09:47 PM
LogName=Microsoft-Windows-PowerShell/Operational
SourceName=Microsoft-Windows-PowerShell
EventCode=4105
EventType=5
Type=Verbose
ComputerName=win-host-987.attackrange.local
User=NOT_TRANSLATED
Sid=S-1-5-21-1166625382-1442148322-2337405042-2397
SidType=0
TaskCategory=Starting Command
OpCode=On create calls
RecordNumber=2137772
Keywords=None
Message=Started invocation of ScriptBlock ID: 05c95d33-f989-43da-98b0-0935e9b9d787
Runspace ID: c0a71f6f-f218-409f-87f9-a7e84bc3d0fa
09/10/2021 03:09:47 PM
LogName=Microsoft-Windows-PowerShell/Operational
SourceName=Microsoft-Windows-PowerShell
EventCode=4106
EventType=5
Type=Verbose
ComputerName=win-host-987.attackrange.local
User=NOT_TRANSLATED
Sid=S-1-5-21-1166625382-1442148322-2337405042-2397
SidType=0
TaskCategory=Stopping Command
OpCode=On create calls
RecordNumber=2137771
Keywords=None
Message=Completed invocation of ScriptBlock ID: 814708c6-dacd-4473-87cf-ec01b4626b2a
Runspace ID: c0a71f6f-f218-409f-87f9-a7e84bc3d0fa
09/10/2021 03:09:47 PM
LogName=Microsoft-Windows-PowerShell/Operational
SourceName=Microsoft-Windows-PowerShell
EventCode=4105
EventType=5
Type=Verbose
ComputerName=win-host-987.attackrange.local
User=NOT_TRANSLATED
Sid=S-1-5-21-1166625382-1442148322-2337405042-2397
SidType=0
TaskCategory=Starting Command
OpCode=On create calls
RecordNumber=2137770
Keywords=None
Message=Started invocation of ScriptBlock ID: 814708c6-dacd-4473-87cf-ec01b4626b2a
Runspace ID: c0a71f6f-f218-409f-87f9-a7e84bc3d0fa
09/10/2021 03:09:47 PM
LogName=Microsoft-Windows-PowerShell/Operational
SourceName=Microsoft-Windows-PowerShell
EventCode=4106
EventType=5
Type=Verbose
ComputerName=win-host-987.attackrange.local
User=NOT_TRANSLATED
Sid=S-1-5-21-1166625382-1442148322-2337405042-2397
SidType=0
TaskCategory=Stopping Command
OpCode=On create calls
RecordNumber=2137769
Keywords=None
Message=Completed invocation of ScriptBlock ID: 52a2683a-ff39-4e9b-bbd9-f6ddd86cb52e
Runspace ID: c0a71f6f-f218-409f-87f9-a7e84bc3d0fa
09/10/2021 03:09:47 PM
LogName=Microsoft-Windows-PowerShell/Operational
SourceName=Microsoft-Windows-PowerShell
EventCode=4105
EventType=5
Type=Verbose
ComputerName=win-host-987.attackrange.local
User=NOT_TRANSLATED
Sid=S-1-5-21-1166625382-1442148322-2337405042-2397
SidType=0
TaskCategory=Starting Command
OpCode=On create calls
RecordNumber=2137768
Keywords=None
Message=Started invocation of ScriptBlock ID: 52a2683a-ff39-4e9b-bbd9-f6ddd86cb52e
Runspace ID: c0a71f6f-f218-409f-87f9-a7e84bc3d0fa
09/10/2021 03:09:48 PM
LogName=Microsoft-Windows-PowerShell/Operational
SourceName=Microsoft-Windows-PowerShell
EventCode=4106
EventType=5
Type=Verbose
ComputerName=win-host-987.attackrange.local
User=NOT_TRANSLATED
Sid=S-1-5-21-1166625382-1442148322-2337405042-2397
SidType=0
TaskCategory=Stopping Command
OpCode=On create calls
RecordNumber=2138262
Keywords=None
Message=Completed invocation of ScriptBlock ID: 9217efeb-7d82-4c7b-a9df-8144b1ab2909
Runspace ID: c0a71f6f-f218-409f-87f9-a7e84bc3d0fa
09/10/2021 03:09:48 PM
LogName=Microsoft-Windows-PowerShell/Operational
SourceName=Microsoft-Windows-PowerShell
EventCode=4106
EventType=5
Type=Verbose
ComputerName=win-host-987.attackrange.local
User=NOT_TRANSLATED
Sid=S-1-5-21-1166625382-1442148322-2337405042-2397
SidType=0
TaskCategory=Stopping Command
OpCode=On create calls
RecordNumber=2138261
Keywords=None
Message=Completed invocation of ScriptBlock ID: 05c95d33-f989-43da-98b0-0935e9b9d787
Runspace ID: c0a71f6f-f218-409f-87f9-a7e84bc3d0fa
09/10/2021 03:09:48 PM
LogName=Microsoft-Windows-PowerShell/Operational
SourceName=Microsoft-Windows-PowerShell
EventCode=4105
EventType=5
Type=Verbose
ComputerName=win-host-987.attackrange.local
User=NOT_TRANSLATED
Sid=S-1-5-21-1166625382-1442148322-2337405042-2397
SidType=0
TaskCategory=Starting Command
OpCode=On create calls
RecordNumber=2138260
Keywords=None
Message=Started invocation of ScriptBlock ID: 05c95d33-f989-43da-98b0-0935e9b9d787
Runspace ID: c0a71f6f-f218-409f-87f9-a7e84bc3d0fa
09/10/2021 03:09:48 PM
LogName=Microsoft-Windows-PowerShell/Operational
SourceName=Microsoft-Windows-PowerShell
EventCode=4106
EventType=5
Type=Verbose
ComputerName=win-host-987.attackrange.local
User=NOT_TRANSLATED
Sid=S-1-5-21-1166625382-1442148322-2337405042-2397
SidType=0
TaskCategory=Stopping Command
OpCode=On create calls
RecordNumber=2138259
Keywords=None
Message=Completed invocation of ScriptBlock ID: 814708c6-dacd-4473-87cf-ec01b4626b2a
Runspace ID: c0a71f6f-f218-409f-87f9-a7e84bc3d0fa
09/10/2021 03:09:48 PM
LogName=Microsoft-Windows-PowerShell/Operational
SourceName=Microsoft-Windows-PowerShell
EventCode=4105
EventType=5
Type=Verbose
ComputerName=win-host-987.attackrange.local
User=NOT_TRANSLATED
Sid=S-1-5-21-1166625382-1442148322-2337405042-2397
SidType=0
TaskCategory=Starting Command
OpCode=On create calls
RecordNumber=2138258
Keywords=None
Message=Started invocation of ScriptBlock ID: 814708c6-dacd-4473-87cf-ec01b4626b2a
Runspace ID: c0a71f6f-f218-409f-87f9-a7e84bc3d0fa
09/10/2021 03:09:48 PM
LogName=Microsoft-Windows-PowerShell/Operational
SourceName=Microsoft-Windows-PowerShell
EventCode=4106
EventType=5
Type=Verbose
ComputerName=win-host-987.attackrange.local
User=NOT_TRANSLATED
Sid=S-1-5-21-1166625382-1442148322-2337405042-2397
SidType=0
TaskCategory=Stopping Command
OpCode=On create calls
RecordNumber=2138257
Keywords=None
Message=Completed invocation of ScriptBlock ID: 9e63a023-5d0c-4272-bb10-075e68f84cf1
Runspace ID: c0a71f6f-f218-409f-87f9-a7e84bc3d0fa
09/10/2021 03:09:48 PM
LogName=Microsoft-Windows-PowerShell/Operational
SourceName=Microsoft-Windows-PowerShell
EventCode=4106
EventType=5
Type=Verbose
ComputerName=win-host-987.attackrange.local
User=NOT_TRANSLATED
Sid=S-1-5-21-1166625382-1442148322-2337405042-2397
SidType=0
TaskCategory=Stopping Command
OpCode=On create calls
RecordNumber=2138256
Keywords=None
Message=Completed invocation of ScriptBlock ID: e961f72a-85ab-4191-bc40-ac9c3afaebf0
Runspace ID: c0a71f6f-f218-409f-87f9-a7e84bc3d0fa
09/10/2021 03:09:48 PM
LogName=Microsoft-Windows-PowerShell/Operational
SourceName=Microsoft-Windows-PowerShell
EventCode=4105
EventType=5
Type=Verbose
ComputerName=win-host-987.attackrange.local
User=NOT_TRANSLATED
Sid=S-1-5-21-1166625382-1442148322-2337405042-2397
SidType=0
TaskCategory=Starting Command
OpCode=On create calls
RecordNumber=2138255
Keywords=None
Message=Started invocation of ScriptBlock ID: e961f72a-85ab-4191-bc40-ac9c3afaebf0
Runspace ID: c0a71f6f-f218-409f-87f9-a7e84bc3d0fa
09/10/2021 03:09:48 PM
LogName=Microsoft-Windows-PowerShell/Operational
SourceName=Microsoft-Windows-PowerShell
EventCode=4105
EventType=5
Type=Verbose
ComputerName=win-host-987.attackrange.local
User=NOT_TRANSLATED
Sid=S-1-5-21-1166625382-1442148322-2337405042-2397
SidType=0
TaskCategory=Starting Command
OpCode=On create calls
RecordNumber=2138254
Keywords=None
Message=Started invocation of ScriptBlock ID: 9e63a023-5d0c-4272-bb10-075e68f84cf1
Runspace ID: c0a71f6f-f218-409f-87f9-a7e84bc3d0fa
09/10/2021 03:09:48 PM
LogName=Microsoft-Windows-PowerShell/Operational
SourceName=Microsoft-Windows-PowerShell
EventCode=4106
EventType=5
Type=Verbose
ComputerName=win-host-987.attackrange.local
User=NOT_TRANSLATED
Sid=S-1-5-21-1166625382-1442148322-2337405042-2397
SidType=0
TaskCategory=Stopping Command
OpCode=On create calls
RecordNumber=2138253
Keywords=None
Message=Completed invocation of ScriptBlock ID: 5f2a070f-30fe-41c4-a783-e46202d37577
Runspace ID: c0a71f6f-f218-409f-87f9-a7e84bc3d0fa
09/10/2021 03:09:48 PM
LogName=Microsoft-Windows-PowerShell/Operational
SourceName=Microsoft-Windows-PowerShell
EventCode=4106
EventType=5
Type=Verbose
ComputerName=win-host-987.attackrange.local
User=NOT_TRANSLATED
Sid=S-1-5-21-1166625382-1442148322-2337405042-2397
SidType=0
TaskCategory=Stopping Command
OpCode=On create calls
RecordNumber=2138252
Keywords=None
Message=Completed invocation of ScriptBlock ID: d4a74703-fad6-4428-b0e5-caafad48ac1d
Runspace ID: c0a71f6f-f218-409f-87f9-a7e84bc3d0fa
09/10/2021 03:09:48 PM
LogName=Microsoft-Windows-PowerShell/Operational
SourceName=Microsoft-Windows-PowerShell
EventCode=4105
EventType=5
Type=Verbose
ComputerName=win-host-987.attackrange.local
User=NOT_TRANSLATED
Sid=S-1-5-21-1166625382-1442148322-2337405042-2397
SidType=0
TaskCategory=Starting Command
OpCode=On create calls
RecordNumber=2138251
Keywords=None
Message=Started invocation of ScriptBlock ID: d4a74703-fad6-4428-b0e5-caafad48ac1d
Runspace ID: c0a71f6f-f218-409f-87f9-a7e84bc3d0fa
09/10/2021 03:09:48 PM
LogName=Microsoft-Windows-PowerShell/Operational
SourceName=Microsoft-Windows-PowerShell
EventCode=4105
EventType=5
Type=Verbose
ComputerName=win-host-987.attackrange.local
User=NOT_TRANSLATED
Sid=S-1-5-21-1166625382-1442148322-2337405042-2397
SidType=0
TaskCategory=Starting Command
OpCode=On create calls
RecordNumber=2138250
Keywords=None
Message=Started invocation of ScriptBlock ID: 5f2a070f-30fe-41c4-a783-e46202d37577
Runspace ID: c0a71f6f-f218-409f-87f9-a7e84bc3d0fa
09/10/2021 03:09:48 PM
LogName=Microsoft-Windows-PowerShell/Operational
SourceName=Microsoft-Windows-PowerShell
EventCode=4106
EventType=5
Type=Verbose
ComputerName=win-host-987.attackrange.local
User=NOT_TRANSLATED
Sid=S-1-5-21-1166625382-1442148322-2337405042-2397
SidType=0
TaskCategory=Stopping Command
OpCode=On create calls
RecordNumber=2138249
Keywords=None
Message=Completed invocation of ScriptBlock ID: 642ed007-c5d4-4d5c-9014-4f4fa368ff56
Runspace ID: c0a71f6f-f218-409f-87f9-a7e84bc3d0fa
09/10/2021 03:09:48 PM
LogName=Microsoft-Windows-PowerShell/Operational
SourceName=Microsoft-Windows-PowerShell
EventCode=4106
EventType=5
Type=Verbose
ComputerName=win-host-987.attackrange.local
User=NOT_TRANSLATED
Sid=S-1-5-21-1166625382-1442148322-2337405042-2397
SidType=0
TaskCategory=Stopping Command
OpCode=On create calls
RecordNumber=2138248
Keywords=None
Message=Completed invocation of ScriptBlock ID: d4a74703-fad6-4428-b0e5-caafad48ac1d
Runspace ID: c0a71f6f-f218-409f-87f9-a7e84bc3d0fa
09/10/2021 03:09:48 PM
LogName=Microsoft-Windows-PowerShell/Operational
SourceName=Microsoft-Windows-PowerShell
EventCode=4105
EventType=5
Type=Verbose
ComputerName=win-host-987.attackrange.local
User=NOT_TRANSLATED
Sid=S-1-5-21-1166625382-1442148322-2337405042-2397
SidType=0
TaskCategory=Starting Command
OpCode=On create calls
RecordNumber=2138247
Keywords=None
Message=Started invocation of ScriptBlock ID: d4a74703-fad6-4428-b0e5-caafad48ac1d
Runspace ID: c0a71f6f-f218-409f-87f9-a7e84bc3d0fa
09/10/2021 03:09:48 PM
LogName=Microsoft-Windows-PowerShell/Operational
SourceName=Microsoft-Windows-PowerShell
EventCode=4105
EventType=5
Type=Verbose
ComputerName=win-host-987.attackrange.local
User=NOT_TRANSLATED
Sid=S-1-5-21-1166625382-1442148322-2337405042-2397
SidType=0
TaskCategory=Starting Command
OpCode=On create calls
RecordNumber=2138246
Keywords=None
Message=Started invocation of ScriptBlock ID: 642ed007-c5d4-4d5c-9014-4f4fa368ff56
Runspace ID: c0a71f6f-f218-409f-87f9-a7e84bc3d0fa
09/10/2021 03:09:48 PM
LogName=Microsoft-Windows-PowerShell/Operational
SourceName=Microsoft-Windows-PowerShell
EventCode=4105
EventType=5
Type=Verbose
ComputerName=win-host-987.attackrange.local
User=NOT_TRANSLATED
Sid=S-1-5-21-1166625382-1442148322-2337405042-2397
SidType=0
TaskCategory=Starting Command
OpCode=On create calls
RecordNumber=2138245
Keywords=None
Message=Started invocation of ScriptBlock ID: 9217efeb-7d82-4c7b-a9df-8144b1ab2909
Runspace ID: c0a71f6f-f218-409f-87f9-a7e84bc3d0fa
09/10/2021 03:09:48 PM
LogName=Microsoft-Windows-PowerShell/Operational
SourceName=Microsoft-Windows-PowerShell
EventCode=4106
EventType=5
Type=Verbose
ComputerName=win-host-987.attackrange.local
User=NOT_TRANSLATED
Sid=S-1-5-21-1166625382-1442148322-2337405042-2397
SidType=0
TaskCategory=Stopping Command
OpCode=On create calls
RecordNumber=2138244
Keywords=None
Message=Completed invocation of ScriptBlock ID: 7e163f9b-d174-46d3-b543-256c4e6db95a
Runspace ID: c0a71f6f-f218-409f-87f9-a7e84bc3d0fa
09/10/2021 03:09:48 PM
LogName=Microsoft-Windows-PowerShell/Operational
SourceName=Microsoft-Windows-PowerShell
EventCode=4106
EventType=5
Type=Verbose
ComputerName=win-host-987.attackrange.local
User=NOT_TRANSLATED
Sid=S-1-5-21-1166625382-1442148322-2337405042-2397
SidType=0
TaskCategory=Stopping Command
OpCode=On create calls
RecordNumber=2138243
Keywords=None
Message=Completed invocation of ScriptBlock ID: 5055cd90-1134-406a-a4e0-0167f200691b
Runspace ID: 6f3eb055-e094-4e5b-94ce-5eca3a1856b6
09/10/2021 03:09:48 PM
LogName=Microsoft-Windows-PowerShell/Operational
SourceName=Microsoft-Windows-PowerShell
EventCode=4105
EventType=5
Type=Verbose
ComputerName=win-host-987.attackrange.local
User=NOT_TRANSLATED
Sid=S-1-5-21-1166625382-1442148322-2337405042-2397
SidType=0
TaskCategory=Starting Command
OpCode=On create calls
RecordNumber=2138242
Keywords=None
Message=Started invocation of ScriptBlock ID: 5055cd90-1134-406a-a4e0-0167f200691b
Runspace ID: 6f3eb055-e094-4e5b-94ce-5eca3a1856b6
09/10/2021 03:09:48 PM
LogName=Microsoft-Windows-PowerShell/Operational
SourceName=Microsoft-Windows-PowerShell
EventCode=4104
EventType=5
Type=Verbose
ComputerName=win-host-987.attackrange.local
User=NOT_TRANSLATED
Sid=S-1-5-21-1166625382-1442148322-2337405042-2397
SidType=0
TaskCategory=Execute a Remote Command
OpCode=On create calls
RecordNumber=2138241
Keywords=None
Message=Creating Scriptblock text (1 of 1):
$global:?

ScriptBlock ID: 5055cd90-1134-406a-a4e0-0167f200691b
Path:
09/10/2021 03:09:48 PM
LogName=Microsoft-Windows-PowerShell/Operational
SourceName=Microsoft-Windows-PowerShell
EventCode=4106
EventType=5
Type=Verbose
ComputerName=win-host-987.attackrange.local
User=NOT_TRANSLATED
Sid=S-1-5-21-1166625382-1442148322-2337405042-2397
SidType=0
TaskCategory=Stopping Command
OpCode=On create calls
RecordNumber=2138240
Keywords=None
Message=Completed invocation of ScriptBlock ID: f4c3dcf8-071d-42d9-9805-1ee066031172
Runspace ID: 6f3eb055-e094-4e5b-94ce-5eca3a1856b6
09/10/2021 03:09:48 PM
LogName=Microsoft-Windows-PowerShell/Operational
SourceName=Microsoft-Windows-PowerShell
EventCode=4106
EventType=5
Type=Verbose
ComputerName=win-host-987.attackrange.local
User=NOT_TRANSLATED
Sid=S-1-5-21-1166625382-1442148322-2337405042-2397
SidType=0
TaskCategory=Stopping Command
OpCode=On create calls
RecordNumber=2138239
Keywords=None
Message=Completed invocation of ScriptBlock ID: f6a4beed-b28b-43ca-b4c2-0713e0d67ccd
Runspace ID: 6f3eb055-e094-4e5b-94ce-5eca3a1856b6
09/10/2021 03:09:48 PM
LogName=Microsoft-Windows-PowerShell/Operational
SourceName=Microsoft-Windows-PowerShell
EventCode=4105
EventType=5
Type=Verbose
ComputerName=win-host-987.attackrange.local
User=NOT_TRANSLATED
Sid=S-1-5-21-1166625382-1442148322-2337405042-2397
SidType=0
TaskCategory=Starting Command
OpCode=On create calls
RecordNumber=2138238
Keywords=None
Message=Started invocation of ScriptBlock ID: f6a4beed-b28b-43ca-b4c2-0713e0d67ccd
Runspace ID: 6f3eb055-e094-4e5b-94ce-5eca3a1856b6
09/10/2021 03:09:48 PM
LogName=Microsoft-Windows-PowerShell/Operational
SourceName=Microsoft-Windows-PowerShell
EventCode=4106
EventType=5
Type=Verbose
ComputerName=win-host-987.attackrange.local
User=NOT_TRANSLATED
Sid=S-1-5-21-1166625382-1442148322-2337405042-2397
SidType=0
TaskCategory=Stopping Command
OpCode=On create calls
RecordNumber=2138237
Keywords=None
Message=Completed invocation of ScriptBlock ID: 7b473814-9fb1-4312-8697-223797692163
Runspace ID: 6f3eb055-e094-4e5b-94ce-5eca3a1856b6
09/10/2021 03:09:48 PM
LogName=Microsoft-Windows-PowerShell/Operational
SourceName=Microsoft-Windows-PowerShell
EventCode=4105
EventType=5
Type=Verbose
ComputerName=win-host-987.attackrange.local
User=NOT_TRANSLATED
Sid=S-1-5-21-1166625382-1442148322-2337405042-2397
SidType=0
TaskCategory=Starting Command
OpCode=On create calls
RecordNumber=2138236
Keywords=None
Message=Started invocation of ScriptBlock ID: 7b473814-9fb1-4312-8697-223797692163
Runspace ID: 6f3eb055-e094-4e5b-94ce-5eca3a1856b6
09/10/2021 03:09:48 PM
LogName=Microsoft-Windows-PowerShell/Operational
SourceName=Microsoft-Windows-PowerShell
EventCode=4106
EventType=5
Type=Verbose
ComputerName=win-host-987.attackrange.local
User=NOT_TRANSLATED
Sid=S-1-5-21-1166625382-1442148322-2337405042-2397
SidType=0
TaskCategory=Stopping Command
OpCode=On create calls
RecordNumber=2138235
Keywords=None
Message=Completed invocation of ScriptBlock ID: f6a4beed-b28b-43ca-b4c2-0713e0d67ccd
Runspace ID: 6f3eb055-e094-4e5b-94ce-5eca3a1856b6
09/10/2021 03:09:48 PM
LogName=Microsoft-Windows-PowerShell/Operational
SourceName=Microsoft-Windows-PowerShell
EventCode=4105
EventType=5
Type=Verbose
ComputerName=win-host-987.attackrange.local
User=NOT_TRANSLATED
Sid=S-1-5-21-1166625382-1442148322-2337405042-2397
SidType=0
TaskCategory=Starting Command
OpCode=On create calls
RecordNumber=2138234
Keywords=None
Message=Started invocation of ScriptBlock ID: f6a4beed-b28b-43ca-b4c2-0713e0d67ccd
Runspace ID: 6f3eb055-e094-4e5b-94ce-5eca3a1856b6
09/10/2021 03:09:48 PM
LogName=Microsoft-Windows-PowerShell/Operational
SourceName=Microsoft-Windows-PowerShell
EventCode=4106
EventType=5
Type=Verbose
ComputerName=win-host-987.attackrange.local
User=NOT_TRANSLATED
Sid=S-1-5-21-1166625382-1442148322-2337405042-2397
SidType=0
TaskCategory=Stopping Command
OpCode=On create calls
RecordNumber=2138233
Keywords=None
Message=Completed invocation of ScriptBlock ID: 7b473814-9fb1-4312-8697-223797692163
Runspace ID: 6f3eb055-e094-4e5b-94ce-5eca3a1856b6
09/10/2021 03:09:48 PM
LogName=Microsoft-Windows-PowerShell/Operational
SourceName=Microsoft-Windows-PowerShell
EventCode=4105
EventType=5
Type=Verbose
ComputerName=win-host-987.attackrange.local
User=NOT_TRANSLATED
Sid=S-1-5-21-1166625382-1442148322-2337405042-2397
SidType=0
TaskCategory=Starting Command
OpCode=On create calls
RecordNumber=2138232
Keywords=None
Message=Started invocation of ScriptBlock ID: 7b473814-9fb1-4312-8697-223797692163
Runspace ID: 6f3eb055-e094-4e5b-94ce-5eca3a1856b6
09/10/2021 03:09:48 PM
LogName=Microsoft-Windows-PowerShell/Operational
SourceName=Microsoft-Windows-PowerShell
EventCode=4106
EventType=5
Type=Verbose
ComputerName=win-host-987.attackrange.local
User=NOT_TRANSLATED
Sid=S-1-5-21-1166625382-1442148322-2337405042-2397
SidType=0
TaskCategory=Stopping Command
OpCode=On create calls
RecordNumber=2138231
Keywords=None
Message=Completed invocation of ScriptBlock ID: f6a4beed-b28b-43ca-b4c2-0713e0d67ccd
Runspace ID: 6f3eb055-e094-4e5b-94ce-5eca3a1856b6
09/10/2021 03:09:48 PM
LogName=Microsoft-Windows-PowerShell/Operational
SourceName=Microsoft-Windows-PowerShell
EventCode=4105
EventType=5
Type=Verbose
ComputerName=win-host-987.attackrange.local
User=NOT_TRANSLATED
Sid=S-1-5-21-1166625382-1442148322-2337405042-2397
SidType=0
TaskCategory=Starting Command
OpCode=On create calls
RecordNumber=2138230
Keywords=None
Message=Started invocation of ScriptBlock ID: f6a4beed-b28b-43ca-b4c2-0713e0d67ccd
Runspace ID: 6f3eb055-e094-4e5b-94ce-5eca3a1856b6
09/10/2021 03:09:48 PM
LogName=Microsoft-Windows-PowerShell/Operational
SourceName=Microsoft-Windows-PowerShell
EventCode=4106
EventType=5
Type=Verbose
ComputerName=win-host-987.attackrange.local
User=NOT_TRANSLATED
Sid=S-1-5-21-1166625382-1442148322-2337405042-2397
SidType=0
TaskCategory=Stopping Command
OpCode=On create calls
RecordNumber=2138229
Keywords=None
Message=Completed invocation of ScriptBlock ID: 7b473814-9fb1-4312-8697-223797692163
Runspace ID: 6f3eb055-e094-4e5b-94ce-5eca3a1856b6
09/10/2021 03:09:48 PM
LogName=Microsoft-Windows-PowerShell/Operational
SourceName=Microsoft-Windows-PowerShell
EventCode=4105
EventType=5
Type=Verbose
ComputerName=win-host-987.attackrange.local
User=NOT_TRANSLATED
Sid=S-1-5-21-1166625382-1442148322-2337405042-2397
SidType=0
TaskCategory=Starting Command
OpCode=On create calls
RecordNumber=2138228
Keywords=None
Message=Started invocation of ScriptBlock ID: 7b473814-9fb1-4312-8697-223797692163
Runspace ID: 6f3eb055-e094-4e5b-94ce-5eca3a1856b6
09/10/2021 03:09:48 PM
LogName=Microsoft-Windows-PowerShell/Operational
SourceName=Microsoft-Windows-PowerShell
EventCode=4106
EventType=5
Type=Verbose
ComputerName=win-host-987.attackrange.local
User=NOT_TRANSLATED
Sid=S-1-5-21-1166625382-1442148322-2337405042-2397
SidType=0
TaskCategory=Stopping Command
OpCode=On create calls
RecordNumber=2138227
Keywords=None
Message=Completed invocation of ScriptBlock ID: f6a4beed-b28b-43ca-b4c2-0713e0d67ccd
Runspace ID: 6f3eb055-e094-4e5b-94ce-5eca3a1856b6
09/10/2021 03:09:48 PM
LogName=Microsoft-Windows-PowerShell/Operational
SourceName=Microsoft-Windows-PowerShell
EventCode=4105
EventType=5
Type=Verbose
ComputerName=win-host-987.attackrange.local
User=NOT_TRANSLATED
Sid=S-1-5-21-1166625382-1442148322-2337405042-2397
SidType=0
TaskCategory=Starting Command
OpCode=On create calls
RecordNumber=2138226
Keywords=None
Message=Started invocation of ScriptBlock ID: f6a4beed-b28b-43ca-b4c2-0713e0d67ccd
Runspace ID: 6f3eb055-e094-4e5b-94ce-5eca3a1856b6
