09/10/2021 03:09:48 PM
LogName=Microsoft-Windows-PowerShell/Operational
SourceName=Microsoft-Windows-PowerShell
EventCode=4104
EventType=3
Type=Warning
ComputerName=win-host-987.attackrange.local
User=NOT_TRANSLATED
Sid=S-1-5-21-1166625382-1442148322-2337405042-2397
SidType=0
TaskCategory=Execute a Remote Command
OpCode=On create calls
RecordNumber=2137851
Keywords=None
Message=Creating Scriptblock text (1 of 1):

#requires -version 3.0

try { Microsoft.PowerShell.Core\Set-StrictMode -Off } catch { }

$script:MyModule = $MyInvocation.MyCommand.ScriptBlock.Module

$script:ClassName = 'ROOT/StandardCimv2/MSFT_NetUDPEndpoint'
$script:ClassVersion = '1.0.0'
$script:ModuleVersion = '1.0.0'
$script:ObjectModelWrapper = [Microsoft.PowerShell.Cmdletization.Cim.CimCmdletAdapter]

$script:PrivateData = [System.Collections.Generic.Dictionary[string,string]]::new()

Microsoft.PowerShell.Core\Export-ModuleMember -Function @()
        

function __cmdletization_BindCommonParameters
{
    param(
        $__cmdletization_objectModelWrapper,
        $myPSBoundParameters
    )       
                

        if ($myPSBoundParameters.ContainsKey('CimSession')) { 
            $__cmdletization_objectModelWrapper.PSObject.Properties['CimSession'].Value = $myPSBoundParameters['CimSession'] 
        }
                    

        if ($myPSBoundParameters.ContainsKey('ThrottleLimit')) { 
            $__cmdletization_objectModelWrapper.PSObject.Properties['ThrottleLimit'].Value = $myPSBoundParameters['ThrottleLimit'] 
        }
                    

        if ($myPSBoundParameters.ContainsKey('AsJob')) { 
            $__cmdletization_objectModelWrapper.PSObject.Properties['AsJob'].Value = $myPSBoundParameters['AsJob'] 
        }
                    

}
                

function Get-NetUDPEndpoint
{
    [CmdletBinding(DefaultParameterSetName='ByName', PositionalBinding=$false)]
    
    [OutputType([Microsoft.Management.Infrastructure.CimInstance])]
[OutputType('Microsoft.Management.Infrastructure.CimInstance#ROOT/StandardCimv2/MSFT_NetUDPEndpoint')]

    param(
    
    [Parameter(ParameterSetName='ByName', Position=0, ValueFromPipelineByPropertyName=$true)]
    [Alias('IPAddress')]
    [ValidateNotNull()]
    [string[]]
    ${LocalAddress},

    [Parameter(ParameterSetName='ByName', Position=1)]
    [ValidateNotNull()]
    [uint16[]]
    ${LocalPort},

    [Parameter(ParameterSetName='ByName')]
    [ValidateNotNull()]
    [uint32[]]
    ${OwningProcess},

    [Parameter(ParameterSetName='ByName')]
    [ValidateNotNull()]
    [datetime[]]
    ${CreationTime},

    [Parameter(ParameterSetName='ByName')]
    [Alias('Session')]
    [ValidateNotNullOrEmpty()]
    [CimSession[]]
    ${CimSession},

    [Parameter(ParameterSetName='ByName')]
    [int]
    ${ThrottleLimit},

    [Parameter(ParameterSetName='ByName')]
    [switch]
    ${AsJob})

    DynamicParam {
        try 
        {
            if (-not $__cmdletization_exceptionHasBeenThrown)
            {
                $__cmdletization_objectModelWrapper = $script:ObjectModelWrapper::new()
                $__cmdletization_objectModelWrapper.Initialize($PSCmdlet, $script:ClassName, $script:ClassVersion, $script:ModuleVersion, $script:PrivateData)

                if ($__cmdletization_objectModelWrapper -is [System.Management.Automation.IDynamicParameters])
                {
                    ([System.Management.Automation.IDynamicParameters]$__cmdletization_objectModelWrapper).GetDynamicParameters()
                }
            }
        }
        catch
        {
            $__cmdletization_exceptionHasBeenThrown = $true
            throw
        }
    }

    Begin {
        $__cmdletization_exceptionHasBeenThrown = $false
        try 
        {
            __cmdletization_BindCommonParameters $__cmdletization_objectModelWrapper $PSBoundParameters
            $__cmdletization_objectModelWrapper.BeginProcessing()
        }
        catch
        {
            $__cmdletization_exceptionHasBeenThrown = $true
            throw
        }
    }
        

    Process {
        try 
        {
            if (-not $__cmdletization_exceptionHasBeenThrown)
            {
    $__cmdletization_queryBuilder = $__cmdletization_objectModelWrapper.GetQueryBuilder()
    if ($PSBoundParameters.ContainsKey('LocalAddress') -and (@('ByName') -contains $PSCmdlet.ParameterSetName )) {
        $__cmdletization_values = @(${LocalAddress})
        $__cmdletization_queryBuilder.FilterByProperty('LocalAddress', $__cmdletization_values, $true, 'Default')
    }
    if ($PSBoundParameters.ContainsKey('LocalPort') -and (@('ByName') -contains $PSCmdlet.ParameterSetName )) {
        $__cmdletization_values = @(${LocalPort})
        $__cmdletization_queryBuilder.FilterByProperty('LocalPort', $__cmdletization_values, $false, 'Default')
    }
    if ($PSBoundParameters.ContainsKey('OwningProcess') -and (@('ByName') -contains $PSCmdlet.ParameterSetName )) {
        $__cmdletization_values = @(${OwningProcess})
        $__cmdletization_queryBuilder.FilterByProperty('OwningProcess', $__cmdletization_values, $false, 'Default')
    }
    if ($PSBoundParameters.ContainsKey('CreationTime') -and (@('ByName') -contains $PSCmdlet.ParameterSetName )) {
        $__cmdletization_values = @(${CreationTime})
        $__cmdletization_queryBuilder.FilterByProperty('CreationTime', $__cmdletization_values, $false, 'Default')
    }


    $__cmdletization_objectModelWrapper.ProcessRecord($__cmdletization_queryBuilder)
            }
        }
        catch
        {
            $__cmdletization_exceptionHasBeenThrown = $true
            throw
        }
    }
        

    End {
        try
        {
            if (-not $__cmdletization_exceptionHasBeenThrown)
            {
                $__cmdletization_objectModelWrapper.EndProcessing()
            }
        }
        catch
        {
            throw
        }
    }

    # .EXTERNALHELP MSFT_NetUDPEndpoint.cdxml-Help.xml
}
Microsoft.PowerShell.Core\Export-ModuleMember -Function 'Get-NetUDPEndpoint' -Alias '*'
        


ScriptBlock ID: 9fb7d7f9-8a8b-4b6f-a12f-12e2ab443522
Path:
09/10/2021 03:09:48 PM
LogName=Microsoft-Windows-PowerShell/Operational
SourceName=Microsoft-Windows-PowerShell
EventCode=4106
EventType=5
Type=Verbose
ComputerName=win-host-987.attackrange.local
User=NOT_TRANSLATED
Sid=S-1-5-21-1166625382-1442148322-2337405042-2397
SidType=0
TaskCategory=Stopping Command
OpCode=On create calls
RecordNumber=2137850
Keywords=None
Message=Completed invocation of ScriptBlock ID: e63c1a8e-2e97-428c-8daf-a99bc08e055d
Runspace ID: 6f3eb055-e094-4e5b-94ce-5eca3a1856b6
09/10/2021 03:09:48 PM
LogName=Microsoft-Windows-PowerShell/Operational
SourceName=Microsoft-Windows-PowerShell
EventCode=4105
EventType=5
Type=Verbose
ComputerName=win-host-987.attackrange.local
User=NOT_TRANSLATED
Sid=S-1-5-21-1166625382-1442148322-2337405042-2397
SidType=0
TaskCategory=Starting Command
OpCode=On create calls
RecordNumber=2137849
Keywords=None
Message=Started invocation of ScriptBlock ID: e63c1a8e-2e97-428c-8daf-a99bc08e055d
Runspace ID: 6f3eb055-e094-4e5b-94ce-5eca3a1856b6
09/10/2021 03:09:48 PM
LogName=Microsoft-Windows-PowerShell/Operational
SourceName=Microsoft-Windows-PowerShell
EventCode=4104
EventType=3
Type=Warning
ComputerName=win-host-987.attackrange.local
User=NOT_TRANSLATED
Sid=S-1-5-21-1166625382-1442148322-2337405042-2397
SidType=0
TaskCategory=Execute a Remote Command
OpCode=On create calls
RecordNumber=2137848
Keywords=None
Message=Creating Scriptblock text (3 of 3):
erByProperty('LocalPortStart', $__cmdletization_values, $false, 'Default')
    }
    if ($PSBoundParameters.ContainsKey('LocalPortEnd') -and (@('ByName') -contains $PSCmdlet.ParameterSetName )) {
        $__cmdletization_values = @(${LocalPortEnd})
        $__cmdletization_queryBuilder.FilterByProperty('LocalPortEnd', $__cmdletization_values, $false, 'Default')
    }
    if ($PSBoundParameters.ContainsKey('RemotePortStart') -and (@('ByName') -contains $PSCmdlet.ParameterSetName )) {
        $__cmdletization_values = @(${RemotePortStart})
        $__cmdletization_queryBuilder.FilterByProperty('RemotePortStart', $__cmdletization_values, $false, 'Default')
    }
    if ($PSBoundParameters.ContainsKey('RemotePortEnd') -and (@('ByName') -contains $PSCmdlet.ParameterSetName )) {
        $__cmdletization_values = @(${RemotePortEnd})
        $__cmdletization_queryBuilder.FilterByProperty('RemotePortEnd', $__cmdletization_values, $false, 'Default')
    }
    if ($PSBoundParameters.ContainsKey('DestinationPrefix') -and (@('ByName') -contains $PSCmdlet.ParameterSetName )) {
        $__cmdletization_values = @(${DestinationPrefix})
        $__cmdletization_queryBuilder.FilterByProperty('DestinationPrefix', $__cmdletization_values, $true, 'Default')
    }
    if ($PSBoundParameters.ContainsKey('AssociatedTCPSetting') -and (@('ByName') -contains $PSCmdlet.ParameterSetName )) {
    $__cmdletization_queryBuilder.FilterByAssociatedInstance(${AssociatedTCPSetting}, 'MSFT_NetTransportFilterTCPSetting', 'Dependent', 'Antecedent', 'Default')
    }


    $__cmdletization_methodParameters = [System.Collections.Generic.List[Microsoft.PowerShell.Cmdletization.MethodParameter]]::new()
    switch -exact ($PSCmdlet.ParameterSetName) { 
        { @('ByName', 'InputObject (cdxml)') -contains $_ } {
      $__cmdletization_returnValue = $null
      $__cmdletization_methodInvocationInfo = [Microsoft.PowerShell.Cmdletization.MethodInvocationInfo]::new('cim:DeleteInstance', $__cmdletization_methodParameters, $__cmdletization_returnValue)
      $__cmdletization_passThru = $PSBoundParameters.ContainsKey('PassThru') -and $PassThru
            if ($PSBoundParameters.ContainsKey('InputObject')) {
                foreach ($x in $InputObject) { $__cmdletization_objectModelWrapper.ProcessRecord($x, $__cmdletization_methodInvocationInfo, $__cmdletization_PassThru) }
            } else {
                $__cmdletization_objectModelWrapper.ProcessRecord($__cmdletization_queryBuilder, $__cmdletization_methodInvocationInfo, $__cmdletization_PassThru)
            }
        }
    }

            }
        }
        catch
        {
            $__cmdletization_exceptionHasBeenThrown = $true
            throw
        }
    }
        

    End {
        try
        {
            if (-not $__cmdletization_exceptionHasBeenThrown)
            {
                $__cmdletization_objectModelWrapper.EndProcessing()
            }
        }
        catch
        {
            throw
        }
    }

    # .EXTERNALHELP MSFT_NetTransportFilter.cdxml-Help.xml
}
Microsoft.PowerShell.Core\Export-ModuleMember -Function 'Remove-NetTransportFilter' -Alias '*'
        


ScriptBlock ID: e63c1a8e-2e97-428c-8daf-a99bc08e055d
Path:
09/10/2021 03:09:48 PM
LogName=Microsoft-Windows-PowerShell/Operational
SourceName=Microsoft-Windows-PowerShell
EventCode=4104
EventType=3
Type=Warning
ComputerName=win-host-987.attackrange.local
User=NOT_TRANSLATED
Sid=S-1-5-21-1166625382-1442148322-2337405042-2397
SidType=0
TaskCategory=Execute a Remote Command
OpCode=On create calls
RecordNumber=2137847
Keywords=None
Message=Creating Scriptblock text (2 of 3):
Thrown)
            {
                $__cmdletization_objectModelWrapper.EndProcessing()
            }
        }
        catch
        {
            throw
        }
    }

    # .EXTERNALHELP MSFT_NetTransportFilter.cdxml-Help.xml
}
Microsoft.PowerShell.Core\Export-ModuleMember -Function 'New-NetTransportFilter' -Alias '*'
        

function Get-NetTransportFilter
{
    [CmdletBinding(PositionalBinding=$false)]
    
    [OutputType([Microsoft.Management.Infrastructure.CimInstance])]
[OutputType('Microsoft.Management.Infrastructure.CimInstance#ROOT/StandardCimv2/MSFT_NetTransportFilter')]

    param(
    
    [Parameter(ParameterSetName='ByName')]
    [ValidateNotNull()]
    [string[]]
    ${SettingName},

    [Parameter(ParameterSetName='ByName')]
    [ValidateNotNull()]
    [Microsoft.PowerShell.Cmdletization.GeneratedTypes.NetTransportFilter.Protocol[]]
    ${Protocol},

    [Parameter(ParameterSetName='ByName')]
    [ValidateNotNull()]
    [uint16[]]
    ${LocalPortStart},

    [Parameter(ParameterSetName='ByName')]
    [ValidateNotNull()]
    [uint16[]]
    ${LocalPortEnd},

    [Parameter(ParameterSetName='ByName')]
    [ValidateNotNull()]
    [uint16[]]
    ${RemotePortStart},

    [Parameter(ParameterSetName='ByName')]
    [ValidateNotNull()]
    [uint16[]]
    ${RemotePortEnd},

    [Parameter(ParameterSetName='ByName')]
    [ValidateNotNull()]
    [string[]]
    ${DestinationPrefix},

    [Parameter(ParameterSetName='ByName', ValueFromPipeline=$true)]
    [PSTypeName('Microsoft.Management.Infrastructure.CimInstance#root/standardcimv2/MSFT_NetTCPSetting')]
    [ValidateNotNull()]
    [ciminstance]
    ${AssociatedTCPSetting},

    [Parameter(ParameterSetName='ByName')]
    [Alias('Session')]
    [ValidateNotNullOrEmpty()]
    [CimSession[]]
    ${CimSession},

    [Parameter(ParameterSetName='ByName')]
    [int]
    ${ThrottleLimit},

    [Parameter(ParameterSetName='ByName')]
    [switch]
    ${AsJob})

    DynamicParam {
        try 
        {
            if (-not $__cmdletization_exceptionHasBeenThrown)
            {
                $__cmdletization_objectModelWrapper = $script:ObjectModelWrapper::new()
                $__cmdletization_objectModelWrapper.Initialize($PSCmdlet, $script:ClassName, $script:ClassVersion, $script:ModuleVersion, $script:PrivateData)

                if ($__cmdletization_objectModelWrapper -is [System.Management.Automation.IDynamicParameters])
                {
                    ([System.Management.Automation.IDynamicParameters]$__cmdletization_objectModelWrapper).GetDynamicParameters()
                }
            }
        }
        catch
        {
            $__cmdletization_exceptionHasBeenThrown = $true
            throw
        }
    }

    Begin {
        $__cmdletization_exceptionHasBeenThrown = $false
        try 
        {
            __cmdletization_BindCommonParameters $__cmdletization_objectModelWrapper $PSBoundParameters
            $__cmdletization_objectModelWrapper.BeginProcessing()
        }
        catch
        {
            $__cmdletization_exceptionHasBeenThrown = $true
            throw
        }
    }
        

    Process {
        try 
        {
            if (-not $__cmdletization_exceptionHasBeenThrown)
            {
    $__cmdletization_queryBuilder = $__cmdletization_objectModelWrapper.GetQueryBuilder()
    if ($PSBoundParameters.ContainsKey('SettingName') -and (@('ByName') -contains $PSCmdlet.ParameterSetName )) {
        $__cmdletization_values = @(${SettingName})
        $__cmdletization_queryBuilder.FilterByProperty('SettingName', $__cmdletization_values, $true, 'Default')
    }
    if ($PSBoundParameters.ContainsKey('Protocol') -and (@('ByName') -contains $PSCmdlet.ParameterSetName )) {
        $__cmdletization_values = @(${Protocol})
        $__cmdletization_queryBuilder.FilterByProperty('Protocol', $__cmdletization_values, $false, 'Default')
    }
    if ($PSBoundParameters.ContainsKey('LocalPortStart') -and (@('ByName') -contains $PSCmdlet.ParameterSetName )) {
        $__cmdletization_values = @(${LocalPortStart})
        $__cmdletization_queryBuilder.FilterByProperty('LocalPortStart', $__cmdletization_values, $false, 'Default')
    }
    if ($PSBoundParameters.ContainsKey('LocalPortEnd') -and (@('ByName') -contains $PSCmdlet.ParameterSetName )) {
        $__cmdletization_values = @(${LocalPortEnd})
        $__cmdletization_queryBuilder.FilterByProperty('LocalPortEnd', $__cmdletization_values, $false, 'Default')
    }
    if ($PSBoundParameters.ContainsKey('RemotePortStart') -and (@('ByName') -contains $PSCmdlet.ParameterSetName )) {
        $__cmdletization_values = @(${RemotePortStart})
        $__cmdletization_queryBuilder.FilterByProperty('RemotePortStart', $__cmdletization_values, $false, 'Default')
    }
    if ($PSBoundParameters.ContainsKey('RemotePortEnd') -and (@('ByName') -contains $PSCmdlet.ParameterSetName )) {
        $__cmdletization_values = @(${RemotePortEnd})
        $__cmdletization_queryBuilder.FilterByProperty('RemotePortEnd', $__cmdletization_values, $false, 'Default')
    }
    if ($PSBoundParameters.ContainsKey('DestinationPrefix') -and (@('ByName') -contains $PSCmdlet.ParameterSetName )) {
        $__cmdletization_values = @(${DestinationPrefix})
        $__cmdletization_queryBuilder.FilterByProperty('DestinationPrefix', $__cmdletization_values, $true, 'Default')
    }
    if ($PSBoundParameters.ContainsKey('AssociatedTCPSetting') -and (@('ByName') -contains $PSCmdlet.ParameterSetName )) {
    $__cmdletization_queryBuilder.FilterByAssociatedInstance(${AssociatedTCPSetting}, 'MSFT_NetTransportFilterTCPSetting', 'Dependent', 'Antecedent', 'Default')
    }


    $__cmdletization_objectModelWrapper.ProcessRecord($__cmdletization_queryBuilder)
            }
        }
        catch
        {
            $__cmdletization_exceptionHasBeenThrown = $true
            throw
        }
    }
        

    End {
        try
        {
            if (-not $__cmdletization_exceptionHasBeenThrown)
            {
                $__cmdletization_objectModelWrapper.EndProcessing()
            }
        }
        catch
        {
            throw
        }
    }

    # .EXTERNALHELP MSFT_NetTransportFilter.cdxml-Help.xml
}
Microsoft.PowerShell.Core\Export-ModuleMember -Function 'Get-NetTransportFilter' -Alias '*'
        

function Remove-NetTransportFilter
{
    [CmdletBinding(SupportsShouldProcess=$true, ConfirmImpact='High', PositionalBinding=$false)]
    
    [OutputType([Microsoft.Management.Infrastructure.CimInstance])]
[OutputType('Microsoft.Management.Infrastructure.CimInstance#ROOT/StandardCimv2/MSFT_NetTransportFilter')]

    param(
    
    [Parameter(ParameterSetName='ByName')]
    [ValidateNotNull()]
    [string[]]
    ${SettingName},

    [Parameter(ParameterSetName='ByName')]
    [ValidateNotNull()]
    [Microsoft.PowerShell.Cmdletization.GeneratedTypes.NetTransportFilter.Protocol[]]
    ${Protocol},

    [Parameter(ParameterSetName='ByName')]
    [ValidateNotNull()]
    [uint16[]]
    ${LocalPortStart},

    [Parameter(ParameterSetName='ByName')]
    [ValidateNotNull()]
    [uint16[]]
    ${LocalPortEnd},

    [Parameter(ParameterSetName='ByName')]
    [ValidateNotNull()]
    [uint16[]]
    ${RemotePortStart},

    [Parameter(ParameterSetName='ByName')]
    [ValidateNotNull()]
    [uint16[]]
    ${RemotePortEnd},

    [Parameter(ParameterSetName='ByName')]
    [ValidateNotNull()]
    [string[]]
    ${DestinationPrefix},

    [Parameter(ParameterSetName='ByName', ValueFromPipeline=$true)]
    [PSTypeName('Microsoft.Management.Infrastructure.CimInstance#root/standardcimv2/MSFT_NetTCPSetting')]
    [ValidateNotNull()]
    [ciminstance]
    ${AssociatedTCPSetting},

    [Parameter(ParameterSetName='InputObject (cdxml)', Mandatory=$true, ValueFromPipeline=$true)]
    [PSTypeName('Microsoft.Management.Infrastructure.CimInstance#MSFT_NetTransportFilter')]
    [ValidateNotNull()]
    [ciminstance[]]
    ${InputObject},

    [Parameter(ParameterSetName='ByName')]
    [Parameter(ParameterSetName='InputObject (cdxml)')]
    [Alias('Session')]
    [ValidateNotNullOrEmpty()]
    [CimSession[]]
    ${CimSession},

    [Parameter(ParameterSetName='ByName')]
    [Parameter(ParameterSetName='InputObject (cdxml)')]
    [int]
    ${ThrottleLimit},

    [Parameter(ParameterSetName='ByName')]
    [Parameter(ParameterSetName='InputObject (cdxml)')]
    [switch]
    ${AsJob},

    [Parameter(ParameterSetName='ByName')]
    [Parameter(ParameterSetName='InputObject (cdxml)')]
    [switch]
    ${PassThru})

    DynamicParam {
        try 
        {
            if (-not $__cmdletization_exceptionHasBeenThrown)
            {
                $__cmdletization_objectModelWrapper = $script:ObjectModelWrapper::new()
                $__cmdletization_objectModelWrapper.Initialize($PSCmdlet, $script:ClassName, $script:ClassVersion, $script:ModuleVersion, $script:PrivateData)

                if ($__cmdletization_objectModelWrapper -is [System.Management.Automation.IDynamicParameters])
                {
                    ([System.Management.Automation.IDynamicParameters]$__cmdletization_objectModelWrapper).GetDynamicParameters()
                }
            }
        }
        catch
        {
            $__cmdletization_exceptionHasBeenThrown = $true
            throw
        }
    }

    Begin {
        $__cmdletization_exceptionHasBeenThrown = $false
        try 
        {
            __cmdletization_BindCommonParameters $__cmdletization_objectModelWrapper $PSBoundParameters
            $__cmdletization_objectModelWrapper.BeginProcessing()
        }
        catch
        {
            $__cmdletization_exceptionHasBeenThrown = $true
            throw
        }
    }
        

    Process {
        try 
        {
            if (-not $__cmdletization_exceptionHasBeenThrown)
            {
    $__cmdletization_queryBuilder = $__cmdletization_objectModelWrapper.GetQueryBuilder()
    if ($PSBoundParameters.ContainsKey('SettingName') -and (@('ByName') -contains $PSCmdlet.ParameterSetName )) {
        $__cmdletization_values = @(${SettingName})
        $__cmdletization_queryBuilder.FilterByProperty('SettingName', $__cmdletization_values, $true, 'Default')
    }
    if ($PSBoundParameters.ContainsKey('Protocol') -and (@('ByName') -contains $PSCmdlet.ParameterSetName )) {
        $__cmdletization_values = @(${Protocol})
        $__cmdletization_queryBuilder.FilterByProperty('Protocol', $__cmdletization_values, $false, 'Default')
    }
    if ($PSBoundParameters.ContainsKey('LocalPortStart') -and (@('ByName') -contains $PSCmdlet.ParameterSetName )) {
        $__cmdletization_values = @(${LocalPortStart})
        $__cmdletization_queryBuilder.Filt

ScriptBlock ID: e63c1a8e-2e97-428c-8daf-a99bc08e055d
Path:
09/10/2021 03:09:48 PM
LogName=Microsoft-Windows-PowerShell/Operational
SourceName=Microsoft-Windows-PowerShell
EventCode=4104
EventType=3
Type=Warning
ComputerName=win-host-987.attackrange.local
User=NOT_TRANSLATED
Sid=S-1-5-21-1166625382-1442148322-2337405042-2397
SidType=0
TaskCategory=Execute a Remote Command
OpCode=On create calls
RecordNumber=2137846
Keywords=None
Message=Creating Scriptblock text (1 of 3):

#requires -version 3.0

try { Microsoft.PowerShell.Core\Set-StrictMode -Off } catch { }

$script:MyModule = $MyInvocation.MyCommand.ScriptBlock.Module

$script:ClassName = 'ROOT/StandardCimv2/MSFT_NetTransportFilter'
$script:ClassVersion = '1.0.0'
$script:ModuleVersion = '1.0.0'
$script:ObjectModelWrapper = [Microsoft.PowerShell.Cmdletization.Cim.CimCmdletAdapter]

$script:PrivateData = [System.Collections.Generic.Dictionary[string,string]]::new()

Microsoft.PowerShell.Core\Export-ModuleMember -Function @()
        

function __cmdletization_BindCommonParameters
{
    param(
        $__cmdletization_objectModelWrapper,
        $myPSBoundParameters
    )       
                

        if ($myPSBoundParameters.ContainsKey('CimSession')) { 
            $__cmdletization_objectModelWrapper.PSObject.Properties['CimSession'].Value = $myPSBoundParameters['CimSession'] 
        }
                    

        if ($myPSBoundParameters.ContainsKey('ThrottleLimit')) { 
            $__cmdletization_objectModelWrapper.PSObject.Properties['ThrottleLimit'].Value = $myPSBoundParameters['ThrottleLimit'] 
        }
                    

        if ($myPSBoundParameters.ContainsKey('AsJob')) { 
            $__cmdletization_objectModelWrapper.PSObject.Properties['AsJob'].Value = $myPSBoundParameters['AsJob'] 
        }
                    

}
                

function New-NetTransportFilter
{
    [CmdletBinding(SupportsShouldProcess=$true, ConfirmImpact='Medium', PositionalBinding=$false)]
    
    
    param(
    
    [Parameter(ParameterSetName='cim:CreateInstance0', Mandatory=$true)]
    [string]
    ${SettingName},

    [Parameter(ParameterSetName='cim:CreateInstance0')]
    [Microsoft.PowerShell.Cmdletization.GeneratedTypes.NetTransportFilter.Protocol]
    ${Protocol},

    [Parameter(ParameterSetName='cim:CreateInstance0')]
    [uint16]
    ${LocalPortStart},

    [Parameter(ParameterSetName='cim:CreateInstance0')]
    [uint16]
    ${LocalPortEnd},

    [Parameter(ParameterSetName='cim:CreateInstance0')]
    [uint16]
    ${RemotePortStart},

    [Parameter(ParameterSetName='cim:CreateInstance0')]
    [uint16]
    ${RemotePortEnd},

    [Parameter(ParameterSetName='cim:CreateInstance0')]
    [string]
    ${DestinationPrefix},

    [Parameter(ParameterSetName='cim:CreateInstance0')]
    [Alias('Session')]
    [ValidateNotNullOrEmpty()]
    [CimSession[]]
    ${CimSession},

    [Parameter(ParameterSetName='cim:CreateInstance0')]
    [int]
    ${ThrottleLimit},

    [Parameter(ParameterSetName='cim:CreateInstance0')]
    [switch]
    ${AsJob})

    DynamicParam {
        try 
        {
            if (-not $__cmdletization_exceptionHasBeenThrown)
            {
                $__cmdletization_objectModelWrapper = $script:ObjectModelWrapper::new()
                $__cmdletization_objectModelWrapper.Initialize($PSCmdlet, $script:ClassName, $script:ClassVersion, $script:ModuleVersion, $script:PrivateData)

                if ($__cmdletization_objectModelWrapper -is [System.Management.Automation.IDynamicParameters])
                {
                    ([System.Management.Automation.IDynamicParameters]$__cmdletization_objectModelWrapper).GetDynamicParameters()
                }
            }
        }
        catch
        {
            $__cmdletization_exceptionHasBeenThrown = $true
            throw
        }
    }

    Begin {
        $__cmdletization_exceptionHasBeenThrown = $false
        try 
        {
            __cmdletization_BindCommonParameters $__cmdletization_objectModelWrapper $PSBoundParameters
            $__cmdletization_objectModelWrapper.BeginProcessing()
        }
        catch
        {
            $__cmdletization_exceptionHasBeenThrown = $true
            throw
        }
    }
        

    Process {
        try 
        {
            if (-not $__cmdletization_exceptionHasBeenThrown)
            {
      $__cmdletization_methodParameters = [System.Collections.Generic.List[Microsoft.PowerShell.Cmdletization.MethodParameter]]::new()

        [object]$__cmdletization_defaultValue = $null
        [object]$__cmdletization_defaultValueIsPresent = $false
        if ($PSBoundParameters.ContainsKey('SettingName')) {
          [object]$__cmdletization_value = ${SettingName}
          $__cmdletization_methodParameter = [Microsoft.PowerShell.Cmdletization.MethodParameter]@{Name = 'SettingName'; ParameterType = 'System.String'; Bindings = 'In'; Value = $__cmdletization_value; IsValuePresent = $true}
        } else {
          $__cmdletization_methodParameter = [Microsoft.PowerShell.Cmdletization.MethodParameter]@{Name = 'SettingName'; ParameterType = 'System.String'; Bindings = 'In'; Value = $__cmdletization_defaultValue; IsValuePresent = $__cmdletization_defaultValueIsPresent}
        }
        $__cmdletization_methodParameters.Add($__cmdletization_methodParameter)

        [object]$__cmdletization_defaultValue = $null
        [object]$__cmdletization_defaultValueIsPresent = $false
        if ($PSBoundParameters.ContainsKey('Protocol')) {
          [object]$__cmdletization_value = ${Protocol}
          $__cmdletization_methodParameter = [Microsoft.PowerShell.Cmdletization.MethodParameter]@{Name = 'Protocol'; ParameterType = 'Microsoft.PowerShell.Cmdletization.GeneratedTypes.NetTransportFilter.Protocol'; Bindings = 'In'; Value = $__cmdletization_value; IsValuePresent = $true}
        } else {
          $__cmdletization_methodParameter = [Microsoft.PowerShell.Cmdletization.MethodParameter]@{Name = 'Protocol'; ParameterType = 'Microsoft.PowerShell.Cmdletization.GeneratedTypes.NetTransportFilter.Protocol'; Bindings = 'In'; Value = $__cmdletization_defaultValue; IsValuePresent = $__cmdletization_defaultValueIsPresent}
        }
        $__cmdletization_methodParameters.Add($__cmdletization_methodParameter)

        [object]$__cmdletization_defaultValue = $null
        [object]$__cmdletization_defaultValueIsPresent = $false
        if ($PSBoundParameters.ContainsKey('LocalPortStart')) {
          [object]$__cmdletization_value = ${LocalPortStart}
          $__cmdletization_methodParameter = [Microsoft.PowerShell.Cmdletization.MethodParameter]@{Name = 'LocalPortStart'; ParameterType = 'System.UInt16'; Bindings = 'In'; Value = $__cmdletization_value; IsValuePresent = $true}
        } else {
          $__cmdletization_methodParameter = [Microsoft.PowerShell.Cmdletization.MethodParameter]@{Name = 'LocalPortStart'; ParameterType = 'System.UInt16'; Bindings = 'In'; Value = $__cmdletization_defaultValue; IsValuePresent = $__cmdletization_defaultValueIsPresent}
        }
        $__cmdletization_methodParameters.Add($__cmdletization_methodParameter)

        [object]$__cmdletization_defaultValue = $null
        [object]$__cmdletization_defaultValueIsPresent = $false
        if ($PSBoundParameters.ContainsKey('LocalPortEnd')) {
          [object]$__cmdletization_value = ${LocalPortEnd}
          $__cmdletization_methodParameter = [Microsoft.PowerShell.Cmdletization.MethodParameter]@{Name = 'LocalPortEnd'; ParameterType = 'System.UInt16'; Bindings = 'In'; Value = $__cmdletization_value; IsValuePresent = $true}
        } else {
          $__cmdletization_methodParameter = [Microsoft.PowerShell.Cmdletization.MethodParameter]@{Name = 'LocalPortEnd'; ParameterType = 'System.UInt16'; Bindings = 'In'; Value = $__cmdletization_defaultValue; IsValuePresent = $__cmdletization_defaultValueIsPresent}
        }
        $__cmdletization_methodParameters.Add($__cmdletization_methodParameter)

        [object]$__cmdletization_defaultValue = $null
        [object]$__cmdletization_defaultValueIsPresent = $false
        if ($PSBoundParameters.ContainsKey('RemotePortStart')) {
          [object]$__cmdletization_value = ${RemotePortStart}
          $__cmdletization_methodParameter = [Microsoft.PowerShell.Cmdletization.MethodParameter]@{Name = 'RemotePortStart'; ParameterType = 'System.UInt16'; Bindings = 'In'; Value = $__cmdletization_value; IsValuePresent = $true}
        } else {
          $__cmdletization_methodParameter = [Microsoft.PowerShell.Cmdletization.MethodParameter]@{Name = 'RemotePortStart'; ParameterType = 'System.UInt16'; Bindings = 'In'; Value = $__cmdletization_defaultValue; IsValuePresent = $__cmdletization_defaultValueIsPresent}
        }
        $__cmdletization_methodParameters.Add($__cmdletization_methodParameter)

        [object]$__cmdletization_defaultValue = $null
        [object]$__cmdletization_defaultValueIsPresent = $false
        if ($PSBoundParameters.ContainsKey('RemotePortEnd')) {
          [object]$__cmdletization_value = ${RemotePortEnd}
          $__cmdletization_methodParameter = [Microsoft.PowerShell.Cmdletization.MethodParameter]@{Name = 'RemotePortEnd'; ParameterType = 'System.UInt16'; Bindings = 'In'; Value = $__cmdletization_value; IsValuePresent = $true}
        } else {
          $__cmdletization_methodParameter = [Microsoft.PowerShell.Cmdletization.MethodParameter]@{Name = 'RemotePortEnd'; ParameterType = 'System.UInt16'; Bindings = 'In'; Value = $__cmdletization_defaultValue; IsValuePresent = $__cmdletization_defaultValueIsPresent}
        }
        $__cmdletization_methodParameters.Add($__cmdletization_methodParameter)

        [object]$__cmdletization_defaultValue = $null
        [object]$__cmdletization_defaultValueIsPresent = $false
        if ($PSBoundParameters.ContainsKey('DestinationPrefix')) {
          [object]$__cmdletization_value = ${DestinationPrefix}
          $__cmdletization_methodParameter = [Microsoft.PowerShell.Cmdletization.MethodParameter]@{Name = 'DestinationPrefix'; ParameterType = 'System.String'; Bindings = 'In'; Value = $__cmdletization_value; IsValuePresent = $true}
        } else {
          $__cmdletization_methodParameter = [Microsoft.PowerShell.Cmdletization.MethodParameter]@{Name = 'DestinationPrefix'; ParameterType = 'System.String'; Bindings = 'In'; Value = $__cmdletization_defaultValue; IsValuePresent = $__cmdletization_defaultValueIsPresent}
        }
        $__cmdletization_methodParameters.Add($__cmdletization_methodParameter)

      $__cmdletization_returnValue = [Microsoft.PowerShell.Cmdletization.MethodParameter]@{ Name = 'ReturnValue'; ParameterType = 'System.Int32'; Bindings = 'Error'; Value = $null; IsValuePresent = $false }
      $__cmdletization_methodInvocationInfo = [Microsoft.PowerShell.Cmdletization.MethodInvocationInfo]::new('cim:CreateInstance', $__cmdletization_methodParameters, $__cmdletization_returnValue)
      $__cmdletization_objectModelWrapper.ProcessRecord($__cmdletization_methodInvocationInfo)

            }
        }
        catch
        {
            $__cmdletization_exceptionHasBeenThrown = $true
            throw
        }
    }
        

    End {
        try
        {
            if (-not $__cmdletization_exceptionHasBeen

ScriptBlock ID: e63c1a8e-2e97-428c-8daf-a99bc08e055d
Path:
09/10/2021 03:09:48 PM
LogName=Microsoft-Windows-PowerShell/Operational
SourceName=Microsoft-Windows-PowerShell
EventCode=4106
EventType=5
Type=Verbose
ComputerName=win-host-987.attackrange.local
User=NOT_TRANSLATED
Sid=S-1-5-21-1166625382-1442148322-2337405042-2397
SidType=0
TaskCategory=Stopping Command
OpCode=On create calls
RecordNumber=2137845
Keywords=None
Message=Completed invocation of ScriptBlock ID: 404550ef-3624-4e1e-a7be-7b91139e4d27
Runspace ID: 6f3eb055-e094-4e5b-94ce-5eca3a1856b6
09/10/2021 03:09:48 PM
LogName=Microsoft-Windows-PowerShell/Operational
SourceName=Microsoft-Windows-PowerShell
EventCode=4105
EventType=5
Type=Verbose
ComputerName=win-host-987.attackrange.local
User=NOT_TRANSLATED
Sid=S-1-5-21-1166625382-1442148322-2337405042-2397
SidType=0
TaskCategory=Starting Command
OpCode=On create calls
RecordNumber=2137844
Keywords=None
Message=Started invocation of ScriptBlock ID: 404550ef-3624-4e1e-a7be-7b91139e4d27
Runspace ID: 6f3eb055-e094-4e5b-94ce-5eca3a1856b6
09/10/2021 03:09:48 PM
LogName=Microsoft-Windows-PowerShell/Operational
SourceName=Microsoft-Windows-PowerShell
EventCode=4104
EventType=3
Type=Warning
ComputerName=win-host-987.attackrange.local
User=NOT_TRANSLATED
Sid=S-1-5-21-1166625382-1442148322-2337405042-2397
SidType=0
TaskCategory=Execute a Remote Command
OpCode=On create calls
RecordNumber=2137843
Keywords=None
Message=Creating Scriptblock text (4 of 4):
_defaultValue; IsValuePresent = $__cmdletization_defaultValueIsPresent}
          }
          $__cmdletization_methodParameters.Add($__cmdletization_methodParameter)

          [object]$__cmdletization_defaultValue = $null
          [object]$__cmdletization_defaultValueIsPresent = $false
          if ($PSBoundParameters.ContainsKey('ScalingHeuristics')) {
            [object]$__cmdletization_value = ${ScalingHeuristics}
            $__cmdletization_methodParameter = [Microsoft.PowerShell.Cmdletization.MethodParameter]@{Name = 'ScalingHeuristics'; ParameterType = 'Microsoft.PowerShell.Cmdletization.GeneratedTypes.NetTCPSetting.ScalingHeuristics'; Bindings = 'In'; Value = $__cmdletization_value; IsValuePresent = $true}
          } else {
            $__cmdletization_methodParameter = [Microsoft.PowerShell.Cmdletization.MethodParameter]@{Name = 'ScalingHeuristics'; ParameterType = 'Microsoft.PowerShell.Cmdletization.GeneratedTypes.NetTCPSetting.ScalingHeuristics'; Bindings = 'In'; Value = $__cmdletization_defaultValue; IsValuePresent = $__cmdletization_defaultValueIsPresent}
          }
          $__cmdletization_methodParameters.Add($__cmdletization_methodParameter)

          [object]$__cmdletization_defaultValue = $null
          [object]$__cmdletization_defaultValueIsPresent = $false
          if ($PSBoundParameters.ContainsKey('DynamicPortRangeStartPort')) {
            [object]$__cmdletization_value = ${DynamicPortRangeStartPort}
            $__cmdletization_methodParameter = [Microsoft.PowerShell.Cmdletization.MethodParameter]@{Name = 'DynamicPortRangeStartPort'; ParameterType = 'System.UInt16'; Bindings = 'In'; Value = $__cmdletization_value; IsValuePresent = $true}
          } else {
            $__cmdletization_methodParameter = [Microsoft.PowerShell.Cmdletization.MethodParameter]@{Name = 'DynamicPortRangeStartPort'; ParameterType = 'System.UInt16'; Bindings = 'In'; Value = $__cmdletization_defaultValue; IsValuePresent = $__cmdletization_defaultValueIsPresent}
          }
          $__cmdletization_methodParameters.Add($__cmdletization_methodParameter)

          [object]$__cmdletization_defaultValue = $null
          [object]$__cmdletization_defaultValueIsPresent = $false
          if ($PSBoundParameters.ContainsKey('DynamicPortRangeNumberOfPorts')) {
            [object]$__cmdletization_value = ${DynamicPortRangeNumberOfPorts}
            $__cmdletization_methodParameter = [Microsoft.PowerShell.Cmdletization.MethodParameter]@{Name = 'DynamicPortRangeNumberOfPorts'; ParameterType = 'System.UInt16'; Bindings = 'In'; Value = $__cmdletization_value; IsValuePresent = $true}
          } else {
            $__cmdletization_methodParameter = [Microsoft.PowerShell.Cmdletization.MethodParameter]@{Name = 'DynamicPortRangeNumberOfPorts'; ParameterType = 'System.UInt16'; Bindings = 'In'; Value = $__cmdletization_defaultValue; IsValuePresent = $__cmdletization_defaultValueIsPresent}
          }
          $__cmdletization_methodParameters.Add($__cmdletization_methodParameter)

          [object]$__cmdletization_defaultValue = $null
          [object]$__cmdletization_defaultValueIsPresent = $false
          if ($PSBoundParameters.ContainsKey('AutomaticUseCustom')) {
            [object]$__cmdletization_value = ${AutomaticUseCustom}
            $__cmdletization_methodParameter = [Microsoft.PowerShell.Cmdletization.MethodParameter]@{Name = 'AutomaticUseCustom'; ParameterType = 'Microsoft.PowerShell.Cmdletization.GeneratedTypes.NetTCPSetting.AutomaticUseCustom'; Bindings = 'In'; Value = $__cmdletization_value; IsValuePresent = $true}
          } else {
            $__cmdletization_methodParameter = [Microsoft.PowerShell.Cmdletization.MethodParameter]@{Name = 'AutomaticUseCustom'; ParameterType = 'Microsoft.PowerShell.Cmdletization.GeneratedTypes.NetTCPSetting.AutomaticUseCustom'; Bindings = 'In'; Value = $__cmdletization_defaultValue; IsValuePresent = $__cmdletization_defaultValueIsPresent}
          }
          $__cmdletization_methodParameters.Add($__cmdletization_methodParameter)

          [object]$__cmdletization_defaultValue = $null
          [object]$__cmdletization_defaultValueIsPresent = $false
          if ($PSBoundParameters.ContainsKey('NonSackRttResiliency')) {
            [object]$__cmdletization_value = ${NonSackRttResiliency}
            $__cmdletization_methodParameter = [Microsoft.PowerShell.Cmdletization.MethodParameter]@{Name = 'NonSackRttResiliency'; ParameterType = 'Microsoft.PowerShell.Cmdletization.GeneratedTypes.NetTCPSetting.NonSackRttResiliency'; Bindings = 'In'; Value = $__cmdletization_value; IsValuePresent = $true}
          } else {
            $__cmdletization_methodParameter = [Microsoft.PowerShell.Cmdletization.MethodParameter]@{Name = 'NonSackRttResiliency'; ParameterType = 'Microsoft.PowerShell.Cmdletization.GeneratedTypes.NetTCPSetting.NonSackRttResiliency'; Bindings = 'In'; Value = $__cmdletization_defaultValue; IsValuePresent = $__cmdletization_defaultValueIsPresent}
          }
          $__cmdletization_methodParameters.Add($__cmdletization_methodParameter)

          [object]$__cmdletization_defaultValue = $null
          [object]$__cmdletization_defaultValueIsPresent = $false
          if ($PSBoundParameters.ContainsKey('ForceWS')) {
            [object]$__cmdletization_value = ${ForceWS}
            $__cmdletization_methodParameter = [Microsoft.PowerShell.Cmdletization.MethodParameter]@{Name = 'ForceWS'; ParameterType = 'Microsoft.PowerShell.Cmdletization.GeneratedTypes.NetTCPSetting.ForceWS'; Bindings = 'In'; Value = $__cmdletization_value; IsValuePresent = $true}
          } else {
            $__cmdletization_methodParameter = [Microsoft.PowerShell.Cmdletization.MethodParameter]@{Name = 'ForceWS'; ParameterType = 'Microsoft.PowerShell.Cmdletization.GeneratedTypes.NetTCPSetting.ForceWS'; Bindings = 'In'; Value = $__cmdletization_defaultValue; IsValuePresent = $__cmdletization_defaultValueIsPresent}
          }
          $__cmdletization_methodParameters.Add($__cmdletization_methodParameter)

          [object]$__cmdletization_defaultValue = $null
          [object]$__cmdletization_defaultValueIsPresent = $false
          if ($PSBoundParameters.ContainsKey('MaxSynRetransmissions')) {
            [object]$__cmdletization_value = ${MaxSynRetransmissions}
            $__cmdletization_methodParameter = [Microsoft.PowerShell.Cmdletization.MethodParameter]@{Name = 'MaxSynRetransmissions'; ParameterType = 'System.Byte'; Bindings = 'In'; Value = $__cmdletization_value; IsValuePresent = $true}
          } else {
            $__cmdletization_methodParameter = [Microsoft.PowerShell.Cmdletization.MethodParameter]@{Name = 'MaxSynRetransmissions'; ParameterType = 'System.Byte'; Bindings = 'In'; Value = $__cmdletization_defaultValue; IsValuePresent = $__cmdletization_defaultValueIsPresent}
          }
          $__cmdletization_methodParameters.Add($__cmdletization_methodParameter)

          [object]$__cmdletization_defaultValue = $null
          [object]$__cmdletization_defaultValueIsPresent = $false
          if ($PSBoundParameters.ContainsKey('AutoReusePortRangeStartPort')) {
            [object]$__cmdletization_value = ${AutoReusePortRangeStartPort}
            $__cmdletization_methodParameter = [Microsoft.PowerShell.Cmdletization.MethodParameter]@{Name = 'AutoReusePortRangeStartPort'; ParameterType = 'System.UInt16'; Bindings = 'In'; Value = $__cmdletization_value; IsValuePresent = $true}
          } else {
            $__cmdletization_methodParameter = [Microsoft.PowerShell.Cmdletization.MethodParameter]@{Name = 'AutoReusePortRangeStartPort'; ParameterType = 'System.UInt16'; Bindings = 'In'; Value = $__cmdletization_defaultValue; IsValuePresent = $__cmdletization_defaultValueIsPresent}
          }
          $__cmdletization_methodParameters.Add($__cmdletization_methodParameter)

          [object]$__cmdletization_defaultValue = $null
          [object]$__cmdletization_defaultValueIsPresent = $false
          if ($PSBoundParameters.ContainsKey('AutoReusePortRangeNumberOfPorts')) {
            [object]$__cmdletization_value = ${AutoReusePortRangeNumberOfPorts}
            $__cmdletization_methodParameter = [Microsoft.PowerShell.Cmdletization.MethodParameter]@{Name = 'AutoReusePortRangeNumberOfPorts'; ParameterType = 'System.UInt16'; Bindings = 'In'; Value = $__cmdletization_value; IsValuePresent = $true}
          } else {
            $__cmdletization_methodParameter = [Microsoft.PowerShell.Cmdletization.MethodParameter]@{Name = 'AutoReusePortRangeNumberOfPorts'; ParameterType = 'System.UInt16'; Bindings = 'In'; Value = $__cmdletization_defaultValue; IsValuePresent = $__cmdletization_defaultValueIsPresent}
          }
          $__cmdletization_methodParameters.Add($__cmdletization_methodParameter)

      $__cmdletization_returnValue = $null
      $__cmdletization_methodInvocationInfo = [Microsoft.PowerShell.Cmdletization.MethodInvocationInfo]::new('cim:ModifyInstance', $__cmdletization_methodParameters, $__cmdletization_returnValue)
      $__cmdletization_passThru = $PSBoundParameters.ContainsKey('PassThru') -and $PassThru
            if ($PSBoundParameters.ContainsKey('InputObject')) {
                foreach ($x in $InputObject) { $__cmdletization_objectModelWrapper.ProcessRecord($x, $__cmdletization_methodInvocationInfo, $__cmdletization_PassThru) }
            } else {
                $__cmdletization_objectModelWrapper.ProcessRecord($__cmdletization_queryBuilder, $__cmdletization_methodInvocationInfo, $__cmdletization_PassThru)
            }
        }
    }

            }
        }
        catch
        {
            $__cmdletization_exceptionHasBeenThrown = $true
            throw
        }
    }
        

    End {
        try
        {
            if (-not $__cmdletization_exceptionHasBeenThrown)
            {
                $__cmdletization_objectModelWrapper.EndProcessing()
            }
        }
        catch
        {
            throw
        }
    }

    # .EXTERNALHELP MSFT_NetTCPSetting.cdxml-Help.xml
}
Microsoft.PowerShell.Core\Export-ModuleMember -Function 'Set-NetTCPSetting' -Alias '*'
        


ScriptBlock ID: 404550ef-3624-4e1e-a7be-7b91139e4d27
Path:
