{"preview":false,"result":{"_raw":"{\"Computer\":\"win-dc-jhernandez-17500-200\",\"Correlation_ActivityID\":\"{BF6FE7CE-3AE2-0003-2AED-6FBFE23AD801}\",\"EventID\":\"4104\",\"Execution_ProcessID\":\"6772\",\"Execution_ThreadID\":\"6884\",\"Keywords\":\"0x0\",\"Level\":\"3\",\"Match_Strings\":\"advapi32 in ScriptBlockText, advapi32 in ScriptBlockText\",\"MessageNumber\":\"1\",\"MessageTotal\":\"1\",\"Module\":\"Sigma\",\"Opcode\":\"15\",\"Path\":\"C:\\\\ProgramData\\\\Amazon\\\\EC2-Windows\\\\Launch\\\\Module\\\\Scripts\\\\Import-RunCmdUtil.ps1\",\"Provider_Guid\":\"{A0C1853B-5C40-4B15-8766-3CF1C58F985A}\",\"Provider_Name\":\"Microsoft-Windows-PowerShell\",\"Rule_Author\":\"Nikita Nazarov, oscd.community\",\"Rule_Description\":\"Detecting use WinAPI Functions in PowerShell\",\"Rule_FalsePositives\":\"Carbon PowerShell Module (https://github.com/webmd-health-services/Carbon)\",\"Rule_Id\":\"03d83090-8cba-44a0-b02f-0b756a050306\",\"Rule_Level\":\"high\",\"Rule_Link\":\"https://github.com/SigmaHQ/sigma/blob/0.20-3312-gfbf1b845/rules/windows/powershell/powershell_script/posh_ps_accessing_win_api.yml\",\"Rule_Modified\":\"2022/02/23\",\"Rule_Path\":\"public\\\\windows\\\\powershell\\\\powershell_script\\\\posh_ps_accessing_win_api.yml\",\"Rule_References\":\"https://speakerdeck.com/heirhabarov/hunting-for-powershell-abuse\",\"Rule_Sigtype\":\"public\",\"Rule_Title\":\"Accessing WinAPI in PowerShell\",\"ScriptBlockId\":\"ac6b2708-4021-4693-8a9e-dec6bb7a0a35\",\"ScriptBlockText\":\"# Copyright 2016 Amazon.com, Inc. or its affiliates. All Rights Reserved.\\r\\n#\\r\\n# Licensed under the Amazon Software License (the \\\"License\\\").\\r\\n# You may not use this file except in compliance with the License.\\r\\n# A copy of the License is located at\\r\\n#\\r\\n# http://aws.amazon.com/asl/\\r\\n#\\r\\n# or in the \\\"license\\\" file accompanying this file. This file is distributed\\r\\n# on an \\\"AS IS\\\" BASIS, WITHOUT WARRANTIES OR CONDITIONS OF ANY KIND, either\\r\\n# express or implied. See the License for the specific language governing\\r\\n# permissions and limitations under the License.\\r\\n\\r\\nfunction Import-RunCmdUtil\\r\\n{\\r\\n  try\\r\\n  {\\r\\n    # Check if type is already added.\\r\\n    $check = [RunCmdUtil]\\r\\n  }\\r\\n  catch\\r\\n  {\\r\\n    Add-Type -TypeDefinition @'\\r\\n            using System;\\r\\n            using System.Collections.Generic;\\r\\n            using System.Runtime.InteropServices;\\r\\n            namespace RunCmdUtil {\\r\\n\\r\\n                [StructLayout(LayoutKind.Sequential, CharSet=CharSet.Unicode)]\\r\\n                public struct ProfileInfo {\\r\\n                    public int dwSize;\\r\\n                    public int dwFlags;\\r\\n                    public string lpUserName;\\r\\n                    public string lpProfilePath;\\r\\n                    public string lpDefaultPath;\\r\\n                    public string lpServerName;\\r\\n                    public string lpPolicyPath;\\r\\n                    public IntPtr hProfile;\\r\\n                }\\r\\n\\r\\n                [StructLayout(LayoutKind.Sequential, CharSet=CharSet.Unicode)]\\r\\n                public struct ProcessInformation {\\r\\n                    public IntPtr Process;\\r\\n                    public IntPtr Thread;\\r\\n                    public int ProcessId;\\r\\n                    public int ThreadId;\\r\\n                }\\r\\n\\r\\n                [StructLayout(LayoutKind.Sequential, CharSet=CharSet.Unicode)]\\r\\n                public struct StartupInfo {\\r\\n                    public Int32 Size;\\r\\n                    public string Reserved;\\r\\n                    public string Desktop;\\r\\n                    public string Title;\\r\\n                    public Int32 X;\\r\\n                    public Int32 Y;\\r\\n                    public Int32 XSize;\\r\\n                    public Int32 YSize;\\r\\n                    public Int32 XCountChars;\\r\\n                    public Int32 YCountChars;\\r\\n                    public Int32 FillAttribute;\\r\\n                    public Int32 Flags;\\r\\n                    public Int16 ShowWindow;\\r\\n                    public Int16 sReserved2;\\r\\n                    public Int32 Reserved2;\\r\\n                    public Int32 StdInput;\\r\\n                    public Int32 StdOutput;\\r\\n                    public Int32 StdError;\\r\\n                }\\r\\n\\r\\n                public static class PInvoke {\\r\\n\\r\\n                    [DllImport(\\\"advapi32.dll\\\", SetLastError=true, CharSet=CharSet.Unicode)]\\r\\n                    public static extern bool LogonUser(\\r\\n                        string userName,\\r\\n                        string domainName,\\r\\n                        IntPtr password,\\r\\n                        int logonType,\\r\\n                        int logonProvider,\\r\\n                        out IntPtr userToken);\\r\\n\\r\\n                    [DllImport(\\\"advapi32.dll\\\", SetLastError=true, CharSet=CharSet.Unicode)]\\r\\n                    public static extern bool CreateProcessAsUser(\\r\\n                        IntPtr userToken,\\r\\n                        string applicationName,\\r\\n                        string commandLine,\\r\\n                        IntPtr processAttributes,\\r\\n                        IntPtr threadAttributes,\\r\\n                        bool inheritHandles,\\r\\n                        int creationFlags,\\r\\n                        IntPtr environment,\\r\\n                        string currentDirectory,\\r\\n                        ref StartupInfo startupInfo,\\r\\n                        out ProcessInformation processInformation);\\r\\n\\r\\n                    [DllImport(\\\"userenv.dll\\\", SetLastError=true, CharSet=CharSet.Unicode)]\\r\\n                    public static extern bool LoadUserProfile(IntPtr hToken, ref ProfileInfo lpProfileInfo);\\r\\n\\r\\n                    [DllImport(\\\"userenv.dll\\\", SetLastError=true, CharSet=CharSet.Unicode)]\\r\\n                    public static extern bool UnloadUserProfile(IntPtr hToken, IntPtr hProfile);\\r\\n\\r\\n                    [DllImport(\\\"userenv.dll\\\", SetLastError=true, CharSet=CharSet.Unicode)]\\r\\n                    public static extern bool CreateEnvironmentBlock(out IntPtr lpEnvironment, IntPtr hToken, bool bInherit);\\r\\n\\r\\n                    [DllImport(\\\"userenv.dll\\\", SetLastError=true, CharSet=CharSet.Unicode)]\\r\\n                    [return: MarshalAs(UnmanagedType.Bool)]\\r\\n                    public static extern bool DestroyEnvironmentBlock(IntPtr lpEnvironment);\\r\\n\\r\\n                }\\r\\n            }\\r\\n'@\\r\\n  }\\r\\n}\\r\\n\\r\\n# SIG # Begin signature block\\r\\n# MIIfJgYJKoZIhvcNAQcCoIIfFzCCHxMCAQExDzANBglghkgBZQMEAgEFADB5Bgor\\r\\n# BgEEAYI3AgEEoGswaTA0BgorBgEEAYI3AgEeMCYCAwEAAAQQH8w7YFlLCE63JNLG\\r\\n# KX7zUQIBAAIBAAIBAAIBAAIBADAxMA0GCWCGSAFlAwQCAQUABCAiYasqFSBVvEgS\\r\\n# 06ECMSJqw6sXkIpTP3950HBbSPgWgqCCDlUwggawMIIEmKADAgECAhAIrUCyYNKc\\r\\n# TJ9ezam9k67ZMA0GCSqGSIb3DQEBDAUAMGIxCzAJBgNVBAYTAlVTMRUwEwYDVQQK\\r\\n# EwxEaWdpQ2VydCBJbmMxGTAXBgNVBAsTEHd3dy5kaWdpY2VydC5jb20xITAfBgNV\\r\\n# BAMTGERpZ2lDZXJ0IFRydXN0ZWQgUm9vdCBHNDAeFw0yMTA0MjkwMDAwMDBaFw0z\\r\\n# NjA0MjgyMzU5NTlaMGkxCzAJBgNVBAYTAlVTMRcwFQYDVQQKEw5EaWdpQ2VydCwg\\r\\n# SW5jLjFBMD8GA1UEAxM4RGlnaUNlcnQgVHJ1c3RlZCBHNCBDb2RlIFNpZ25pbmcg\\r\\n# UlNBNDA5NiBTSEEzODQgMjAyMSBDQTEwggIiMA0GCSqGSIb3DQEBAQUAA4ICDwAw\\r\\n# ggIKAoICAQDVtC9C0CiteLdd1TlZG7GIQvUzjOs9gZdwxbvEhSYwn6SOaNhc9es0\\r\\n# JAfhS0/TeEP0F9ce2vnS1WcaUk8OoVf8iJnBkcyBAz5NcCRks43iCH00fUyAVxJr\\r\\n# Q5qZ8sU7H/Lvy0daE6ZMswEgJfMQ04uy+wjwiuCdCcBlp/qYgEk1hz1RGeiQIXhF\\r\\n# LqGfLOEYwhrMxe6TSXBCMo/7xuoc82VokaJNTIIRSFJo3hC9FFdd6BgTZcV/sk+F\\r\\n# LEikVoQ11vkunKoAFdE3/hoGlMJ8yOobMubKwvSnowMOdKWvObarYBLj6Na59zHh\\r\\n# 3K3kGKDYwSNHR7OhD26jq22YBoMbt2pnLdK9RBqSEIGPsDsJ18ebMlrC/2pgVItJ\\r\\n# wZPt4bRc4G/rJvmM1bL5OBDm6s6R9b7T+2+TYTRcvJNFKIM2KmYoX7BzzosmJQay\\r\\n# g9Rc9hUZTO1i4F4z8ujo7AqnsAMrkbI2eb73rQgedaZlzLvjSFDzd5Ea/ttQokbI\\r\\n# YViY9XwCFjyDKK05huzUtw1T0PhH5nUwjewwk3YUpltLXXRhTT8SkXbev1jLchAp\\r\\n# QfDVxW0mdmgRQRNYmtwmKwH0iU1Z23jPgUo+QEdfyYFQc4UQIyFZYIpkVMHMIRro\\r\\n# OBl8ZhzNeDhFMJlP/2NPTLuqDQhTQXxYPUez+rbsjDIJAsxsPAxWEQIDAQABo4IB\\r\\n# WTCCAVUwEgYDVR0TAQH/BAgwBgEB/wIBADAdBgNVHQ4EFgQUaDfg67Y7+F8Rhvv+\\r\\n# YXsIiGX0TkIwHwYDVR0jBBgwFoAU7NfjgtJxXWRM3y5nP+e6mK4cD08wDgYDVR0P\\r\\n# AQH/BAQDAgGGMBMGA1UdJQQMMAoGCCsGAQUFBwMDMHcGCCsGAQUFBwEBBGswaTAk\\r\\n# BggrBgEFBQcwAYYYaHR0cDovL29jc3AuZGlnaWNlcnQuY29tMEEGCCsGAQUFBzAC\\r\\n# hjVodHRwOi8vY2FjZXJ0cy5kaWdpY2VydC5jb20vRGlnaUNlcnRUcnVzdGVkUm9v\\r\\n# dEc0LmNydDBDBgNVHR8EPDA6MDigNqA0hjJodHRwOi8vY3JsMy5kaWdpY2VydC5j\\r\\n# b20vRGlnaUNlcnRUcnVzdGVkUm9vdEc0LmNybDAcBgNVHSAEFTATMAcGBWeBDAED\\r\\n# MAgGBmeBDAEEATANBgkqhkiG9w0BAQwFAAOCAgEAOiNEPY0Idu6PvDqZ01bgAhql\\r\\n# +Eg08yy25nRm95RysQDKr2wwJxMSnpBEn0v9nqN8JtU3vDpdSG2V1T9J9Ce7FoFF\\r\\n# UP2cvbaF4HZ+N3HLIvdaqpDP9ZNq4+sg0dVQeYiaiorBtr2hSBh+3NiAGhEZGM1h\\r\\n# mYFW9snjdufE5BtfQ/g+lP92OT2e1JnPSt0o618moZVYSNUa/tcnP/2Q0XaG3Ryw\\r\\n# YFzzDaju4ImhvTnhOE7abrs2nfvlIVNaw8rpavGiPttDuDPITzgUkpn13c5Ubdld\\r\\n# AhQfQDN8A+KVssIhdXNSy0bYxDQcoqVLjc1vdjcshT8azibpGL6QB7BDf5WIIIJw\\r\\n# 8MzK7/0pNVwfiThV9zeKiwmhywvpMRr/LhlcOXHhvpynCgbWJme3kuZOX956rEnP\\r\\n# LqR0kq3bPKSchh/jwVYbKyP/j7XqiHtwa+aguv06P0WmxOgWkVKLQcBIhEuWTatE\\r\\n# QOON8BUozu3xGFYHKi8QxAwIZDwzj64ojDzLj4gLDb879M4ee47vtevLt/B3E+bn\\r\\n# KD+sEq6lLyJsQfmCXBVmzGwOysWGw/YmMwwHS6DTBwJqakAwSEs0qFEgu60bhQji\\r\\n# WQ1tygVQK+pKHJ6l/aCnHwZ05/LWUpD9r4VIIflXO7ScA+2GRfS0YW6/aOImYIbq\\r\\n# yK+p/pQd52MbOoZWeE4wggedMIIFhaADAgECAhABe4J3F0ijMMT66O5gzQEfMA0G\\r\\n# CSqGSIb3DQEBCwUAMGkxCzAJBgNVBAYTAlVTMRcwFQYDVQQKEw5EaWdpQ2VydCwg\\r\\n# SW5jLjFBMD8GA1UEAxM4RGlnaUNlcnQgVHJ1c3RlZCBHNCBDb2RlIFNpZ25pbmcg\\r\\n# UlNBNDA5NiBTSEEzODQgMjAyMSBDQTEwHhcNMjExMjI4MDAwMDAwWhcNMjMwMTAz\\r\\n# MjM1OTU5WjCB8jEdMBsGA1UEDwwUUHJpdmF0ZSBPcmdhbml6YXRpb24xEzARBgsr\\r\\n# BgEEAYI3PAIBAxMCVVMxGTAXBgsrBgEEAYI3PAIBAhMIRGVsYXdhcmUxEDAOBgNV\\r\\n# BAUTBzQxNTI5NTQxCzAJBgNVBAYTAlVTMRMwEQYDVQQIEwpXYXNoaW5ndG9uMRAw\\r\\n# DgYDVQQHEwdTZWF0dGxlMSIwIAYDVQQKExlBbWF6b24gV2ViIFNlcnZpY2VzLCBJ\\r\\n# bmMuMRMwEQYDVQQLEwpBbWF6b24gRUMyMSIwIAYDVQQDExlBbWF6b24gV2ViIFNl\\r\\n# cnZpY2VzLCBJbmMuMIIBojANBgkqhkiG9w0BAQEFAAOCAY8AMIIBigKCAYEAtCrQ\\r\\n# u3fd3L+RmFVifX8P7XsFoqdsNC6J9Gnnw9tIzGwRU5ke3UKljLvIMed9kvTZ196W\\r\\n# JZf/GT6WJIbq2QVRHBFrNzQ24vOtdDJp4vEJN2zTWNoMx2IMrP3u7Arlh8BEuORU\\r\\n# faeZjTFrxG1ZOn2BG8RcaeST+YINZoM6F+tPEzEg7UPbCe6yu1Wztkzj1nadwO9J\\r\\n# A0vPHL","_time":"2022-03-18T16:27:39.000+0000","eventtype":"nix-all-logs","host":"WIN-DC-JHERNAND","index":"win","linecount":"1","meta":"truncated","punct":"{\"\":\"----\",\"\":\"{----}\",\"\":\"\",\"\":\"\",\"\":\"\",\"\":\"\",\"\":","source":"C:\\aurora-agent-lite-win-pack\\aurora_alerts.json.log","sourcetype":"aurora-edr","splunk_server":"splunk-server-jhernandez-17500-9244","timestamp":"none"}}
{"preview":false,"result":{"_raw":"{\"Computer\":\"win-dc-jhernandez-17500-200\",\"Correlation_ActivityID\":\"{BF6FE7CE-3AE2-0003-29ED-6FBFE23AD801}\",\"EventID\":\"4104\",\"Execution_ProcessID\":\"6772\",\"Execution_ThreadID\":\"6884\",\"Keywords\":\"0x0\",\"Level\":\"3\",\"Match_Strings\":\"CloseHandle in ScriptBlockText\",\"MessageNumber\":\"1\",\"MessageTotal\":\"1\",\"Module\":\"Sigma\",\"Opcode\":\"15\",\"Path\":\"C:\\\\ProgramData\\\\Amazon\\\\EC2-Windows\\\\Launch\\\\Module\\\\Scripts\\\\Close-SerialPort.ps1\",\"Provider_Guid\":\"{A0C1853B-5C40-4B15-8766-3CF1C58F985A}\",\"Provider_Name\":\"Microsoft-Windows-PowerShell\",\"Rule_Author\":\"Nikita Nazarov, oscd.community\",\"Rule_Description\":\"Detecting use WinAPI Functions in PowerShell\",\"Rule_FalsePositives\":\"Carbon PowerShell Module (https://github.com/webmd-health-services/Carbon)\",\"Rule_Id\":\"03d83090-8cba-44a0-b02f-0b756a050306\",\"Rule_Level\":\"high\",\"Rule_Link\":\"https://github.com/SigmaHQ/sigma/blob/0.20-3312-gfbf1b845/rules/windows/powershell/powershell_script/posh_ps_accessing_win_api.yml\",\"Rule_Modified\":\"2022/02/23\",\"Rule_Path\":\"public\\\\windows\\\\powershell\\\\powershell_script\\\\posh_ps_accessing_win_api.yml\",\"Rule_References\":\"https://speakerdeck.com/heirhabarov/hunting-for-powershell-abuse\",\"Rule_Sigtype\":\"public\",\"Rule_Title\":\"Accessing WinAPI in PowerShell\",\"ScriptBlockId\":\"e1714fa9-5035-4fe7-98b0-359149b83db2\",\"ScriptBlockText\":\"# Copyright 2016 Amazon.com, Inc. or its affiliates. All Rights Reserved.\\r\\n#\\r\\n# Licensed under the Amazon Software License (the \\\"License\\\").\\r\\n# You may not use this file except in compliance with the License.\\r\\n# A copy of the License is located at\\r\\n#\\r\\n# http://aws.amazon.com/asl/\\r\\n#\\r\\n# or in the \\\"license\\\" file accompanying this file. This file is distributed\\r\\n# on an \\\"AS IS\\\" BASIS, WITHOUT WARRANTIES OR CONDITIONS OF ANY KIND, either\\r\\n# express or implied. See the License for the specific language governing\\r\\n# permissions and limitations under the License.\\r\\n\\r\\n\\u003c#-----------------------------------------------------------------------------------------------------------\\r\\n    Close-SerialPort closes COM port and must be done before script finishes.\\r\\n-------------------------------------------------------------------------------------------------------------#\\u003e\\r\\nfunction Close-SerialPort\\r\\n{\\r\\n  if ($script:spStream)\\r\\n  {\\r\\n    $script:spStream.Dispose()\\r\\n  }\\r\\n  if ($script:spFileHandle)\\r\\n  {\\r\\n    Import-SerialPortUtil\\r\\n    [SerialPortUtil.PInvoke]::CloseHandle($script:spFileHandle)\\r\\n  }\\r\\n}\\r\\n\\r\\n# SIG # Begin signature block\\r\\n# MIIfJgYJKoZIhvcNAQcCoIIfFzCCHxMCAQExDzANBglghkgBZQMEAgEFADB5Bgor\\r\\n# BgEEAYI3AgEEoGswaTA0BgorBgEEAYI3AgEeMCYCAwEAAAQQH8w7YFlLCE63JNLG\\r\\n# KX7zUQIBAAIBAAIBAAIBAAIBADAxMA0GCWCGSAFlAwQCAQUABCAxmu+/5et1PYWp\\r\\n# aHn4vut1wTTuxPzVA2S6eJWt4qLTjaCCDlUwggawMIIEmKADAgECAhAIrUCyYNKc\\r\\n# TJ9ezam9k67ZMA0GCSqGSIb3DQEBDAUAMGIxCzAJBgNVBAYTAlVTMRUwEwYDVQQK\\r\\n# EwxEaWdpQ2VydCBJbmMxGTAXBgNVBAsTEHd3dy5kaWdpY2VydC5jb20xITAfBgNV\\r\\n# BAMTGERpZ2lDZXJ0IFRydXN0ZWQgUm9vdCBHNDAeFw0yMTA0MjkwMDAwMDBaFw0z\\r\\n# NjA0MjgyMzU5NTlaMGkxCzAJBgNVBAYTAlVTMRcwFQYDVQQKEw5EaWdpQ2VydCwg\\r\\n# SW5jLjFBMD8GA1UEAxM4RGlnaUNlcnQgVHJ1c3RlZCBHNCBDb2RlIFNpZ25pbmcg\\r\\n# UlNBNDA5NiBTSEEzODQgMjAyMSBDQTEwggIiMA0GCSqGSIb3DQEBAQUAA4ICDwAw\\r\\n# ggIKAoICAQDVtC9C0CiteLdd1TlZG7GIQvUzjOs9gZdwxbvEhSYwn6SOaNhc9es0\\r\\n# JAfhS0/TeEP0F9ce2vnS1WcaUk8OoVf8iJnBkcyBAz5NcCRks43iCH00fUyAVxJr\\r\\n# Q5qZ8sU7H/Lvy0daE6ZMswEgJfMQ04uy+wjwiuCdCcBlp/qYgEk1hz1RGeiQIXhF\\r\\n# LqGfLOEYwhrMxe6TSXBCMo/7xuoc82VokaJNTIIRSFJo3hC9FFdd6BgTZcV/sk+F\\r\\n# LEikVoQ11vkunKoAFdE3/hoGlMJ8yOobMubKwvSnowMOdKWvObarYBLj6Na59zHh\\r\\n# 3K3kGKDYwSNHR7OhD26jq22YBoMbt2pnLdK9RBqSEIGPsDsJ18ebMlrC/2pgVItJ\\r\\n# wZPt4bRc4G/rJvmM1bL5OBDm6s6R9b7T+2+TYTRcvJNFKIM2KmYoX7BzzosmJQay\\r\\n# g9Rc9hUZTO1i4F4z8ujo7AqnsAMrkbI2eb73rQgedaZlzLvjSFDzd5Ea/ttQokbI\\r\\n# YViY9XwCFjyDKK05huzUtw1T0PhH5nUwjewwk3YUpltLXXRhTT8SkXbev1jLchAp\\r\\n# QfDVxW0mdmgRQRNYmtwmKwH0iU1Z23jPgUo+QEdfyYFQc4UQIyFZYIpkVMHMIRro\\r\\n# OBl8ZhzNeDhFMJlP/2NPTLuqDQhTQXxYPUez+rbsjDIJAsxsPAxWEQIDAQABo4IB\\r\\n# WTCCAVUwEgYDVR0TAQH/BAgwBgEB/wIBADAdBgNVHQ4EFgQUaDfg67Y7+F8Rhvv+\\r\\n# YXsIiGX0TkIwHwYDVR0jBBgwFoAU7NfjgtJxXWRM3y5nP+e6mK4cD08wDgYDVR0P\\r\\n# AQH/BAQDAgGGMBMGA1UdJQQMMAoGCCsGAQUFBwMDMHcGCCsGAQUFBwEBBGswaTAk\\r\\n# BggrBgEFBQcwAYYYaHR0cDovL29jc3AuZGlnaWNlcnQuY29tMEEGCCsGAQUFBzAC\\r\\n# hjVodHRwOi8vY2FjZXJ0cy5kaWdpY2VydC5jb20vRGlnaUNlcnRUcnVzdGVkUm9v\\r\\n# dEc0LmNydDBDBgNVHR8EPDA6MDigNqA0hjJodHRwOi8vY3JsMy5kaWdpY2VydC5j\\r\\n# b20vRGlnaUNlcnRUcnVzdGVkUm9vdEc0LmNybDAcBgNVHSAEFTATMAcGBWeBDAED\\r\\n# MAgGBmeBDAEEATANBgkqhkiG9w0BAQwFAAOCAgEAOiNEPY0Idu6PvDqZ01bgAhql\\r\\n# +Eg08yy25nRm95RysQDKr2wwJxMSnpBEn0v9nqN8JtU3vDpdSG2V1T9J9Ce7FoFF\\r\\n# UP2cvbaF4HZ+N3HLIvdaqpDP9ZNq4+sg0dVQeYiaiorBtr2hSBh+3NiAGhEZGM1h\\r\\n# mYFW9snjdufE5BtfQ/g+lP92OT2e1JnPSt0o618moZVYSNUa/tcnP/2Q0XaG3Ryw\\r\\n# YFzzDaju4ImhvTnhOE7abrs2nfvlIVNaw8rpavGiPttDuDPITzgUkpn13c5Ubdld\\r\\n# AhQfQDN8A+KVssIhdXNSy0bYxDQcoqVLjc1vdjcshT8azibpGL6QB7BDf5WIIIJw\\r\\n# 8MzK7/0pNVwfiThV9zeKiwmhywvpMRr/LhlcOXHhvpynCgbWJme3kuZOX956rEnP\\r\\n# LqR0kq3bPKSchh/jwVYbKyP/j7XqiHtwa+aguv06P0WmxOgWkVKLQcBIhEuWTatE\\r\\n# QOON8BUozu3xGFYHKi8QxAwIZDwzj64ojDzLj4gLDb879M4ee47vtevLt/B3E+bn\\r\\n# KD+sEq6lLyJsQfmCXBVmzGwOysWGw/YmMwwHS6DTBwJqakAwSEs0qFEgu60bhQji\\r\\n# WQ1tygVQK+pKHJ6l/aCnHwZ05/LWUpD9r4VIIflXO7ScA+2GRfS0YW6/aOImYIbq\\r\\n# yK+p/pQd52MbOoZWeE4wggedMIIFhaADAgECAhABe4J3F0ijMMT66O5gzQEfMA0G\\r\\n# CSqGSIb3DQEBCwUAMGkxCzAJBgNVBAYTAlVTMRcwFQYDVQQKEw5EaWdpQ2VydCwg\\r\\n# SW5jLjFBMD8GA1UEAxM4RGlnaUNlcnQgVHJ1c3RlZCBHNCBDb2RlIFNpZ25pbmcg\\r\\n# UlNBNDA5NiBTSEEzODQgMjAyMSBDQTEwHhcNMjExMjI4MDAwMDAwWhcNMjMwMTAz\\r\\n# MjM1OTU5WjCB8jEdMBsGA1UEDwwUUHJpdmF0ZSBPcmdhbml6YXRpb24xEzARBgsr\\r\\n# BgEEAYI3PAIBAxMCVVMxGTAXBgsrBgEEAYI3PAIBAhMIRGVsYXdhcmUxEDAOBgNV\\r\\n# BAUTBzQxNTI5NTQxCzAJBgNVBAYTAlVTMRMwEQYDVQQIEwpXYXNoaW5ndG9uMRAw\\r\\n# DgYDVQQHEwdTZWF0dGxlMSIwIAYDVQQKExlBbWF6b24gV2ViIFNlcnZpY2VzLCBJ\\r\\n# bmMuMRMwEQYDVQQLEwpBbWF6b24gRUMyMSIwIAYDVQQDExlBbWF6b24gV2ViIFNl\\r\\n# cnZpY2VzLCBJbmMuMIIBojANBgkqhkiG9w0BAQEFAAOCAY8AMIIBigKCAYEAtCrQ\\r\\n# u3fd3L+RmFVifX8P7XsFoqdsNC6J9Gnnw9tIzGwRU5ke3UKljLvIMed9kvTZ196W\\r\\n# JZf/GT6WJIbq2QVRHBFrNzQ24vOtdDJp4vEJN2zTWNoMx2IMrP3u7Arlh8BEuORU\\r\\n# faeZjTFrxG1ZOn2BG8RcaeST+YINZoM6F+tPEzEg7UPbCe6yu1Wztkzj1nadwO9J\\r\\n# A0vPHLsldeSgo5bqXS3KgTkUZQXgNyB7+DtgjFH+slV1CfzA5B20O3CuZq916q7s\\r\\n# 1XaVjtCirDjDXIqeULzLUd6F4gvcHCtPIsPLm9q9vNn9Z7YTXcfbTfIMI/Q5OQKF\\r\\n# i2f5LTEAYwMuQC963rAqSamLxs8u6EMHentmXPpTN7T/iMSRXMsDMn61XCDwkJG0\\r\\n# IAkyzjfL8NgBn0kc5VZTztnstjwoWvTWHTXUXDPtyIg12vfg5hzLdc1GJhqt1AVA\\r\\n# DDgp4d/k0tvICm1UQMoHqGrZ59zIWEBHq3aNdIiAl2ckMiLYsaf5Tn+FmvRdAgMB\\r\\n# AAGjggI1MIICMTAfBgNVHSMEGDAWgBRoN+Drtjv4XxGG+/5hewiIZfROQjAdBgNV\\r\\n# HQ4EFgQUsPO2uKK+TDLSX5Ez4DXbRIGMdIkwLgYDVR0RBCcwJaAjBggrBgEFBQcI\\r\\n# A6AXMBUME1VTLURFTEFXQVJFLTQxNTI5NTQwDgYDVR0PAQH/BAQDAgeAMBMGA1Ud\\r\\n# JQQMMAoGCCsGAQUFBwMDMIG1BgNVHR8Ega0wgaowU6BRoE+GTWh0dHA6Ly9jcmwz\\r\\n# LmRpZ2ljZXJ0LmNvbS9EaWdpQ2VydFRydXN0ZWRHNENvZGVTaWduaW5nUlNBNDA5\\r\\n# NlNIQTM4NDIwMjFDQTEuY3JsMFOgUaBPhk1odHRwOi8vY3JsNC5kaWdpY2VydC5j\\r\\n# b20vRGlnaUNlcnRUcnVzdGVkRzRDb2RlU2lnbmluZ1JTQTQwOTZTSEEzODQyMDIx\\r\\n# Q0ExLmNybDA9BgNVHSAENjA0MDIGBWeBDAEDMCkwJwYIKwYBBQUHAgEWG2h0dHA6\\r\\n# Ly93d3cuZGlnaWNlcnQuY29tL0NQUzCBlAYIKwYBBQUHAQEEgYcwgYQwJAYIKwYB\\r\\n# BQUHMAGGGGh0dHA6Ly9vY3NwLmRpZ2ljZXJ0LmNvbTBcBggrBgEFBQcwAoZQaHR0\\r\\n# cDovL2NhY2VydHMuZGlnaWNlcnQuY29tL0RpZ2lDZXJ0VHJ1c3RlZEc0Q29kZVNp\\r\\n# Z25pbmdSU0E0MDk2U0hBMzg0MjAyMUNBMS5jcnQwDAYDVR0TAQH/BAIwADANBgkq\\r\\n# hkiG9w0BAQsFAAOCAgEAOLIzfXbFw3b1+5oTm9q/ovV5uSCa26vf0QR+auJmfcaZ\\r\\n# 24S2C3Mlc/TQ9NEodiJd8SJdNGlpGObtQdzi61ykbUGcxR6i4YI8kZ4WerMr5fCd\\r\\n# 4NGRToXmn7ZC9qxhHoMRDOH59W+NY4XkouE79XfQgnNjwVyAorb0oSJ94DS0eBAk\\r\\n# S5Z/aNHeoHSND7CL/BGMKZIfy5oeQudafNOM8dyt9hAqJf+nOrpvOwlLpJgXTYNH\\r\\n# eGxP4cyb3EQTDMrXYxHckSi4usUq1iW5pCdPA/pQt5BNmGoB0azVdA73Vym/UyR5\\r\\n# vIz+v1OAWaPdvRvm/26hGyr+WzsR6WIzIBg2GB9k0uv+1bKdqL0yu1gNmcV8LZHR\\r\\n# LNTMx1DX85RKjXNcHcQYjDH2R5oy0CHmV7QSwFJAc2a4+h+7TcmZsbdKlPHi6bFW\\r\\n# /G5HDPWt/F9oQ3OZknWdTigo4vuYl7jcpoSMZgBVGv9EXTrpkLaoCxBn48i7UJ8O\\r\\n# gZzskxcjBx9dObtu9kEA1IndCHoqiqFGakdYI2+LjIr+cPT58XvMQjm7sfeeTTTy\\r\\n# +amZ+ONAscTa1y8jOHIycnMZSKjh/OGw0iApuTUREPB68c6tdsjODU5GF8u5k28M\\r\\n# QVuSQzZbKN+t8FyPh2F4HT9tfvTJxSJxArh/YiXqyyjc/B5AIpwxMIHyw22EzbYx\\r\\n# ghAnMIIQIwIBATB9MGkxCzAJBgNVBAYTAlVTMRcwFQYDVQQKEw5EaWdpQ2VydCwg\\r\\n# SW5jLjFBMD8GA1UEAxM4RGlnaUNlcnQgVHJ1c3RlZCBHNCBDb2RlIFNpZ25pbmcg\\r\\n# UlNBNDA5NiBTSEEzODQgMjAyMSBDQTECEAF7gncXSKMwxPro7mDNAR8wDQYJYIZI\\r\\n# AWUDBAIBBQCgfDAQBgorBgEEAYI3AgEMMQIwADAZBgkqhkiG9w0BCQMxDAYKKwYB\\r\\n# BAGCNwIBBDAcBgorBgEEAYI3AgELMQ4wDAYKKwYBBAGCNwIBFTAvBgkqhkiG9w0B\\r\\n# CQQxIgQg+IdLCUSVrRjDOmJQsFwfEtaykpqvIxtz+SZoIcxZDTowDQYJKoZIhvcN\\r\\n# AQEBBQAEggGAYAXpNV4dc2n2Pr/1huandKuYfV1OK3zwYRG/N0orRj/gKI8KDupt\\r\\n# ybZwM4chxJi4Uv2NAvK50ldkCAfNnpdIfzx+iOgFTHB7lgfpT/3FKbMZR/KYHdVX\\r\\n# 5DU8qJXFEBs33W5MTPYL9QtEPdTWM7Nmys6qLjvzDVeKJRkjWOrtKRM1nxkKlC9E\\r\\n# PhJY+xnJc2bLGT0sdjaRstzegrms44At2Lpx8aZAE99Rxjk04NVN7fwvCjWZPQDt\\r\\n# yiHVnjpqYYWmdLqp6Ht3NqpnOruIdOE4PSHgqk1LObzOys1xJFZoLtZtJRvXt5Df\\r\\n# F19SUaPykBsynUpmwH6WpwAhHkG5qOFb7ldklS3DUsAe6a12Dn6QD9IAak+z0rxh\\r\\n# jHh4hrfkuP6+YMbgu2ji2HAPPO8s/sY1oqwV5OzrvLhUUpD2SDKHmUOI4Aiz3Yji\\r\\n# axpxjpNYEthTO+Str6AqA7j9i5+BceCfaZ0s0y9wtT4FU3sG+6Pk5q8aXrN0Uwou\\r\\n# aK4dlqm/kbtCoYINfTCCDXkGCisGAQQBgjcDAwExgg1pMIINZQYJKoZIhvcNAQcC\\r\\n# oIINVjCCDVICAQMxDzANBglghkgBZQMEAgEFADB3BgsqhkiG9w0BCRABBKBoBGYw\\r\\n# ZAIBAQYJYIZIAYb9bAcBMDEwDQYJYIZIAWUDBAIBBQAEIAsus37T1qoDW7L3RcaY\\r\\n# IWNifpyEMYfs2L//G+TQmf7lAhBldNwnWrRJj+QUwWP6mPAmGA8yMDIyMDEzMTE4\\r\\n# NDk0Mlqgggo3MIIE/jCCA+agAwIBAgIQDUJK4L46iP9gQCHOFADw3TANBgkqhkiG\\r\\n# 9w0BAQsFADByMQswCQYDVQQGEwJVUzEVMBMGA1UEChMMRGlnaUNlcnQgSW5jMRkw\\r\\n# FwYDVQQLExB3d3cuZGlnaWNlcnQuY29tMTEwLwYDVQQDEyhEaWdpQ2VydCBTSEEy\\r\\n# IEFzc3VyZWQgSUQgVGltZXN0YW1waW5nIENBMB4XDTIxMDEwMTAwMDAwMFoXDTMx\\r\\n# MDEwNjAwMDAwMFowSDELMAkGA1UEBhMCVVMxFzAVBgNVBAoTDkRpZ2lDZXJ0LCBJ\\r\\n# bmMuMSAwHgYDVQQDExdEaWdpQ2VydCBUaW1lc3RhbXAgMjAyMTCCASIwDQYJKoZI\\r\\n# hvcNAQEBBQADggEPADCCAQoCggEBAMLmYYRnxYr1DQikRcpja1HXOhFCvQp1dU2U\\r\\n# tAxQtSYQ/h3Ib5FrDJbnGlxI70Tlv5thzRWRYlq4/2cLnGP9NmqB+in43Stwhd4C\\r\\n# GPN4bbx9+cdtCT2+anaH6Yq9+IRdHnbJ5MZ2djpT0dHTWjaPxqPhLxs6t2HWc+xO\\r\\","_time":"2022-03-18T16:27:39.000+0000","eventtype":"nix-all-logs","host":"WIN-DC-JHERNAND","index":"win","linecount":"1","meta":"truncated","punct":"{\"\":\"----\",\"\":\"{----}\",\"\":\"\",\"\":\"\",\"\":\"\",\"\":\"\",\"\":","source":"C:\\aurora-agent-lite-win-pack\\aurora_alerts.json.log","sourcetype":"aurora-edr","splunk_server":"splunk-server-jhernandez-17500-9244","timestamp":"none"}}
{"preview":false,"result":{"_raw":"{\"Computer\":\"win-dc-jhernandez-17500-200\",\"Correlation_ActivityID\":\"{BF6FE7CE-3AE2-0006-93EC-6FBFE23AD801}\",\"EventID\":\"4104\",\"Execution_ProcessID\":\"6772\",\"Execution_ThreadID\":\"6884\",\"Keywords\":\"0x0\",\"Level\":\"5\",\"Match_Strings\":\"Set-Wallpaper in ScriptBlockText\",\"MessageNumber\":\"1\",\"MessageTotal\":\"1\",\"Module\":\"Sigma\",\"Opcode\":\"15\",\"Path\":\"\",\"Provider_Guid\":\"{A0C1853B-5C40-4B15-8766-3CF1C58F985A}\",\"Provider_Name\":\"Microsoft-Windows-PowerShell\",\"Rule_Author\":\"Sean Metcalf (source), Florian Roth (rule), Bartlomiej Czyz @bczyz1 (update), oscd.community (update)\",\"Rule_Description\":\"Detects Commandlet names from well-known PowerShell exploitation frameworks\",\"Rule_FalsePositives\":\"Unknown\",\"Rule_Id\":\"89819aa4-bbd6-46bc-88ec-c7f7fe30efa6\",\"Rule_Level\":\"high\",\"Rule_Link\":\"https://github.com/SigmaHQ/sigma/blob/0.20-3312-gfbf1b845/rules/windows/powershell/powershell_script/posh_ps_malicious_commandlets.yml\",\"Rule_Modified\":\"2021/11/29\",\"Rule_Path\":\"public\\\\windows\\\\powershell\\\\powershell_script\\\\posh_ps_malicious_commandlets.yml\",\"Rule_References\":\"https://adsecurity.org/?p=2921\",\"Rule_Sigtype\":\"public\",\"Rule_Title\":\"Malicious PowerShell Commandlets\",\"ScriptBlockId\":\"7c5f7f26-2824-4c9a-9e50-f48b9395917e\",\"ScriptBlockText\":\"Import-Module C:\\\\ProgramData\\\\Amazon\\\\EC2-Windows\\\\Launch\\\\Module\\\\Ec2Launch.psd1; Set-Wallpaper -Initial\",\"Security_UserID\":\"S-1-5-21-3651310434-676309764-3668584008-500\",\"Task\":\"2\",\"TimeCreated_SystemTime\":\"2022-03-18T16:27:36.6714045Z\",\"Version\":\"1\",\"level\":\"warning\",\"msg\":\"Sigma match found\",\"time\":\"2022-03-18T16:27:37Z\"}","_time":"2022-03-18T16:27:39.000+0000","eventtype":"nix-all-logs","host":"WIN-DC-JHERNAND","index":"win","linecount":"1","punct":"{\"\":\"----\",\"\":\"{----}\",\"\":\"\",\"\":\"\",\"\":\"\",\"\":\"\",\"\":","source":"C:\\aurora-agent-lite-win-pack\\aurora_alerts.json.log","sourcetype":"aurora-edr","splunk_server":"splunk-server-jhernandez-17500-9244","timestamp":"none"}}
{"preview":false,"result":{"_raw":"{\"CommandLine\":\"C:\\\\Windows\\\\System32\\\\WindowsPowerShell\\\\v1.0\\\\powershell.exe  -NoProfile -NonInteractive -NoLogo -WindowStyle hidden -ExecutionPolicy Unrestricted \\\"Import-Module \\\"C:\\\\ProgramData\\\\Amazon\\\\EC2-Windows\\\\Launch\\\\Module\\\\Ec2Launch.psd1\\\"; Set-Wallpaper -Initial\\\" \",\"Company\":\"Microsoft Corporation\",\"Computer\":\"win-dc-jhernandez-17500-200\",\"Correlation_ActivityID\":\"{00000000-0000-0000-0000-000000000000}\",\"CurrentDirectory\":\"C:\\\\Windows\\\\system32\\\\\",\"Description\":\"Windows PowerShell\",\"EventID\":\"1\",\"Execution_ProcessID\":\"2832\",\"Execution_ThreadID\":\"2320\",\"FileVersion\":\"10.0.14393.206 (rs1_release.160915-0644)\",\"Hashes\":\"MD5=097CE5761C89434367598B34FE32893B,SHA256=BA4038FD20E474C047BE8AAD5BFACDB1BFC1DDBE12F803F473B7918D8D819436,IMPHASH=CAEE994F79D85E47C06E5FA9CDEAE453\",\"Image\":\"C:\\\\Windows\\\\System32\\\\WindowsPowerShell\\\\v1.0\\\\powershell.exe\",\"IntegrityLevel\":\"High\",\"Keywords\":\"0x8000000000000000\",\"Level\":\"4\",\"LogonGuid\":\"{ffdf7e68-b2dc-6234-1c51-410000000000}\",\"LogonId\":\"0x41511C\",\"Match_Strings\":\"' -ExecutionPolicy ' in CommandLine, Unrestricted in CommandLine\",\"Module\":\"Sigma\",\"Opcode\":\"0\",\"OriginalFileName\":\"PowerShell.EXE\",\"ParentCommandLine\":\"C:\\\\Windows\\\\system32\\\\cmd.exe /c \\\"\\\"C:\\\\Users\\\\Administrator\\\\AppData\\\\Roaming\\\\Microsoft\\\\Windows\\\\Start Menu\\\\Programs\\\\Startup\\\\RunWallpaperSetupInit.cmd\\\" \\\"\",\"ParentImage\":\"C:\\\\Windows\\\\System32\\\\cmd.exe\",\"ParentProcessGuid\":\"{ffdf7e68-b2f7-6234-a104-000000004102}\",\"ParentProcessId\":\"6704\",\"ProcessGuid\":\"{ffdf7e68-b2f7-6234-a304-000000004102}\",\"ProcessId\":\"6772\",\"Product\":\"Microsoft® Windows® Operating System\",\"Provider_Guid\":\"{5770385F-C22A-43E0-BF4C-06F5698FFBD9}\",\"Provider_Name\":\"Microsoft-Windows-Sysmon\",\"RuleName\":\"-\",\"Rule_Author\":\"frack113\",\"Rule_Description\":\"Detects use of executionpolicy option to set a unsecure policies\",\"Rule_FalsePositives\":\"Administrator script\",\"Rule_Id\":\"87e3c4e8-a6a8-4ad9-bb4f-46e7ff99a180\",\"Rule_Level\":\"medium\",\"Rule_Link\":\"https://github.com/SigmaHQ/sigma/blob/0.20-3312-gfbf1b845/rules/windows/process_creation/proc_creation_win_set_policies_to_unsecure_level.yml\",\"Rule_Modified\":\"2022/02/23\",\"Rule_Path\":\"public\\\\windows\\\\process_creation\\\\proc_creation_win_set_policies_to_unsecure_level.yml\",\"Rule_References\":\"https://docs.microsoft.com/en-us/powershell/module/microsoft.powershell.security/set-executionpolicy?view=powershell-7.1, https://docs.microsoft.com/en-us/powershell/module/microsoft.powershell.core/about/about_execution_policies?view=powershell-7.1, https://adsecurity.org/?p=2604, https://thedfirreport.com/2021/11/01/from-zero-to-domain-admin/\",\"Rule_Sigtype\":\"public\",\"Rule_Title\":\"Change PowerShell Policies to an Unsecure Level\",\"Security_UserID\":\"S-1-5-18\",\"Task\":\"1\",\"TerminalSessionId\":\"2\",\"TimeCreated_SystemTime\":\"2022-03-18T16:27:35.9139036Z\",\"User\":\"ATTACKRANGE\\\\Administrator\",\"UtcTime\":\"2022-03-18 16:27:35.906\",\"Version\":\"5\",\"level\":\"notice\",\"msg\":\"Sigma match found\",\"time\":\"2022-03-18T16:27:37Z\"}","_time":"2022-03-18T16:27:39.000+0000","eventtype":"nix-all-logs","host":"WIN-DC-JHERNAND","index":"win","linecount":"1","punct":"{\"\":\":\\\\\\\\\\\\\\\\.\\\\.__-_-_-_-__-__\\\"-_\\\":\\\\\\\\\\\\-\\\\\\\\","source":"C:\\aurora-agent-lite-win-pack\\aurora_alerts.json.log","sourcetype":"aurora-edr","splunk_server":"splunk-server-jhernandez-17500-9244","timestamp":"none"}}
{"preview":false,"result":{"_raw":"{\"CommandLine\":\"C:\\\\Windows\\\\System32\\\\WindowsPowerShell\\\\v1.0\\\\powershell.exe  -NoProfile -NonInteractive -NoLogo -WindowStyle hidden -ExecutionPolicy Unrestricted \\\"Import-Module \\\"C:\\\\ProgramData\\\\Amazon\\\\EC2-Windows\\\\Launch\\\\Module\\\\Ec2Launch.psd1\\\"; Set-Wallpaper -Initial\\\" \",\"Computer\":\"win-dc-jhernandez-17500-200.attackrange.local\",\"Correlation_ActivityID\":\"\",\"EventID\":\"4688\",\"EventRecordID\":\"307497\",\"Execution_ProcessID\":\"4\",\"Execution_ThreadID\":\"948\",\"Image\":\"C:\\\\Windows\\\\System32\\\\WindowsPowerShell\\\\v1.0\\\\powershell.exe\",\"Keywords\":\"0\",\"Level\":\"0\",\"MandatoryLabel\":\"S-1-16-12288\",\"Match_Strings\":\"' -ExecutionPolicy ' in CommandLine, Unrestricted in CommandLine\",\"Module\":\"Sigma\",\"NewProcessId\":\"6772\",\"Opcode\":\"0\",\"ParentImage\":\"C:\\\\Windows\\\\System32\\\\cmd.exe\",\"ProcessId\":\"6704\",\"Provider_Guid\":\"{54849625-5478-4994-A5BA-3E3B0328C30D}\",\"Provider_Name\":\"Microsoft-Windows-Security-Auditing\",\"Rule_Author\":\"frack113\",\"Rule_Description\":\"Detects use of executionpolicy option to set a unsecure policies\",\"Rule_FalsePositives\":\"Administrator script\",\"Rule_Id\":\"87e3c4e8-a6a8-4ad9-bb4f-46e7ff99a180\",\"Rule_Level\":\"medium\",\"Rule_Link\":\"https://github.com/SigmaHQ/sigma/blob/0.20-3312-gfbf1b845/rules/windows/process_creation/proc_creation_win_set_policies_to_unsecure_level.yml\",\"Rule_Modified\":\"2022/02/23\",\"Rule_Path\":\"public\\\\windows\\\\process_creation\\\\proc_creation_win_set_policies_to_unsecure_level.yml\",\"Rule_References\":\"https://docs.microsoft.com/en-us/powershell/module/microsoft.powershell.security/set-executionpolicy?view=powershell-7.1, https://docs.microsoft.com/en-us/powershell/module/microsoft.powershell.core/about/about_execution_policies?view=powershell-7.1, https://adsecurity.org/?p=2604, https://thedfirreport.com/2021/11/01/from-zero-to-domain-admin/\",\"Rule_Sigtype\":\"public\",\"Rule_Title\":\"Change PowerShell Policies to an Unsecure Level\",\"Security_UserID\":\"\",\"Source\":\"Security\",\"SubjectDomainName\":\"ATTACKRANGE\",\"SubjectLogonId\":\"0x41511c\",\"SubjectUserName\":\"Administrator\",\"SubjectUserSid\":\"S-1-5-21-3651310434-676309764-3668584008-500\",\"TargetDomainName\":\"-\",\"TargetLogonId\":\"0x0\",\"TargetUserName\":\"-\",\"TargetUserSid\":\"S-1-0-0\",\"Task\":\"13312\",\"TimeCreated_SystemTime\":\"2022-03-18T16:27:35.9061821Z\",\"TokenElevationType\":\"%%1936\",\"Version\":\"2\",\"level\":\"notice\",\"msg\":\"Sigma match found\",\"time\":\"2022-03-18T16:27:37Z\"}","_time":"2022-03-18T16:27:30.000+0000","eventtype":"nix-all-logs","host":"WIN-DC-JHERNAND","index":"win","linecount":"1","punct":"{\"\":\":\\\\\\\\\\\\\\\\.\\\\.__-_-_-_-__-__\\\"-_\\\":\\\\\\\\\\\\-\\\\\\\\","source":"C:\\aurora-agent-lite-win-pack\\aurora_alerts.json.log","sourcetype":"aurora-edr","splunk_server":"splunk-server-jhernandez-17500-9244","timestamp":"none"}}
{"preview":false,"result":{"_raw":"{\"active-modules\":\"ApplyIOCs, Rescontrol, Sigma, ETW-Provider, ETW-Kernel-Provider, Eventlog-Provider, Handle-Polling\",\"false-positive-filters\":0,\"inactive-modules\":\"LsassDumpDetector, BeaconHunter, EtwCanary, CommandLineMismatchDetector, ProcessTamperingDetector, TemporaryDriverLoadDetector\",\"json\":true,\"level\":\"info\",\"license-owner\":\"Jose Hernandez (jhernandez@splunk.com)\",\"license-valid-from\":\"2022/02/16\",\"license-valid-to\":\"2023/02/24\",\"logfile\":\"C:\\\\aurora-agent-lite-win-pack\\\\aurora_alerts.json.log\",\"msg\":\"Aurora Agent started\",\"no-stdout\":true,\"process-excludes\":0,\"rules\":1263,\"time\":\"2022-03-18T16:27:28Z\",\"version\":\"Aurora Agent Lite Version 0.8.3 (b2bb22e26beda), Signature Revision 2022/03/18-100025 (Sigma 0.20-3312-gfbf1b845)\"}","_time":"2022-03-18T16:27:30.000+0000","eventtype":["nix-all-logs","nix_kernel_attached"],"host":"WIN-DC-JHERNAND","index":"win","linecount":"1","punct":"{\"-\":\",_,_,_-,_--,_-,_-\",\"--\":,\"-\":\",_,_,_,_,_\",\"\"","source":"C:\\aurora-agent-lite-win-pack\\aurora_alerts.json.log","sourcetype":"aurora-edr","splunk_server":"splunk-server-jhernandez-17500-9244","tag":["kernel","os","unix"],"tag::eventtype":["kernel","os","unix"],"timestamp":"none"}}
{"preview":false,"result":{"_raw":"{\"Module\":\"EventDistributor\",\"level\":\"info\",\"msg\":\"Some sources are not available on this system\",\"sources\":\"WinEventLog:Microsoft-Windows-VHDMP/Activity, WinEventLog:MSExchange Management, WinEventLog:Microsoft-Windows-DHCP-Server/Operational, WinEventLog:Microsoft-Windows-Windows Defender/Operational\",\"time\":\"2022-03-18T16:27:28Z\"}","_time":"2022-03-18T16:27:30.000+0000","eventtype":"nix-all-logs","host":"WIN-DC-JHERNAND","index":"win","linecount":"1","punct":"{\"\":\"\",\"\":\"\",\"\":\"_______\",\"\":\":--/,_:_,_:---/,_:--","source":"C:\\aurora-agent-lite-win-pack\\aurora_alerts.json.log","sourcetype":"aurora-edr","splunk_server":"splunk-server-jhernandez-17500-9244","timestamp":"none"}}
{"preview":false,"result":{"_raw":"{\"Module\":\"EventDistributor\",\"error\":\"could not register for kernel flag Process: failed to set flags; TraceQueryInformation failed; The request is not supported.\",\"level\":\"info\",\"msg\":\"Could not register for source\",\"source\":\"SystemLogger:Process\",\"time\":\"2022-03-18T16:27:26Z\"}","_time":"2022-03-18T16:27:27.000+0000","eventtype":["err0r","nix-all-logs","nix_errors","nix_kernel_attached"],"host":"WIN-DC-JHERNAND","index":"win","linecount":"1","punct":"{\"\":\"\",\"\":\"______:____;__;_____.\",\"\":\"\",\"\":\"____\",","source":"C:\\aurora-agent-lite-win-pack\\aurora_alerts.json.log","sourcetype":"aurora-edr","splunk_server":"splunk-server-jhernandez-17500-9244","tag":["error","kernel","os","unix"],"tag::eventtype":["error","kernel","os","unix"],"timestamp":"none"}}
{"preview":false,"result":{"_raw":"{\"level\":\"info\",\"msg\":\"Aurora Agent stopped\",\"time\":\"2022-03-18T16:27:13Z\"}","_time":"2022-03-18T16:27:13.000+0000","eventtype":"nix-all-logs","host":"WIN-DC-JHERNAND","index":"win","linecount":"1","punct":"{\"\":\"\",\"\":\"__\",\"\":\"--::\"}","source":"C:\\aurora-agent-lite-win-pack\\aurora_alerts.json.log","sourcetype":"aurora-edr","splunk_server":"splunk-server-jhernandez-17500-9244","timestamp":"none"}}
{"preview":false,"result":{"_raw":"{\"CommandLine\":\"C:\\\\Windows\\\\Explorer.EXE /NOUACCHECK\",\"Computer\":\"win-dc-jhernandez-17500-200.attackrange.local\",\"Correlation_ActivityID\":\"\",\"EventID\":\"4688\",\"EventRecordID\":\"307352\",\"Execution_ProcessID\":\"4\",\"Execution_ThreadID\":\"948\",\"Image\":\"C:\\\\Windows\\\\explorer.exe\",\"Keywords\":\"0\",\"Level\":\"0\",\"MandatoryLabel\":\"S-1-16-12288\",\"Match_Strings\":\"/NOUACCHECK in CommandLine, \\\\explorer.exe in Image\",\"Module\":\"Sigma\",\"NewProcessId\":\"4736\",\"Opcode\":\"0\",\"ParentImage\":\"C:\\\\Windows\\\\System32\\\\svchost.exe\",\"ProcessId\":\"1284\",\"Provider_Guid\":\"{54849625-5478-4994-A5BA-3E3B0328C30D}\",\"Provider_Name\":\"Microsoft-Windows-Security-Auditing\",\"Rule_Author\":\"Florian Roth\",\"Rule_Description\":\"Detects suspicious starts of explorer.exe that use the /NOUACCHECK flag that allows to run all sub processes of that newly started explorer.exe without any UAC checks\",\"Rule_FalsePositives\":\"Unknown how many legitimate software products use that method\",\"Rule_Id\":\"534f2ef7-e8a2-4433-816d-c91bccde289b\",\"Rule_Level\":\"high\",\"Rule_Link\":\"https://github.com/SigmaHQ/sigma/blob/0.20-3312-gfbf1b845/rules/windows/process_creation/proc_creation_win_susp_explorer_nouaccheck.yml\",\"Rule_Modified\":\"2022/02/23\",\"Rule_Path\":\"public\\\\windows\\\\process_creation\\\\proc_creation_win_susp_explorer_nouaccheck.yml\",\"Rule_References\":\"https://twitter.com/ORCA6665/status/1496478087244095491\",\"Rule_Sigtype\":\"public\",\"Rule_Title\":\"Explorer NOUACCHECK Flag\",\"Security_UserID\":\"\",\"Source\":\"Security\",\"SubjectDomainName\":\"ATTACKRANGE\",\"SubjectLogonId\":\"0x3e7\",\"SubjectUserName\":\"WIN-DC-JHERNAND$\",\"SubjectUserSid\":\"S-1-5-18\",\"TargetDomainName\":\"ATTACKRANGE\",\"TargetLogonId\":\"0x41511c\",\"TargetUserName\":\"Administrator\",\"TargetUserSid\":\"S-1-0-0\",\"Task\":\"13312\",\"TimeCreated_SystemTime\":\"2022-03-18T16:27:10.0075315Z\",\"TokenElevationType\":\"%%1936\",\"Version\":\"2\",\"level\":\"warning\",\"msg\":\"Sigma match found\",\"time\":\"2022-03-18T16:27:11Z\"}","_time":"2022-03-18T16:27:10.000+0000","eventtype":"nix-all-logs","host":"WIN-DC-JHERNAND","index":"win","linecount":"1","punct":"{\"\":\":\\\\\\\\._/\",\"\":\"----..\",\"\":\"\",\"\":\"\",\"\":\"\",\"\":\"\"","source":"C:\\aurora-agent-lite-win-pack\\aurora_alerts.json.log","sourcetype":"aurora-edr","splunk_server":"splunk-server-jhernandez-17500-9244","timestamp":"none"}}
{"preview":false,"result":{"_raw":"{\"CommandLine\":\"efsui.exe /efs /installdra\",\"Company\":\"Microsoft Corporation\",\"Computer\":\"win-dc-jhernandez-17500-200\",\"Correlation_ActivityID\":\"{00000000-0000-0000-0000-000000000000}\",\"CreateAttributes\":\"0x80\",\"CreateOptions\":\"0x5000060\",\"Description\":\"EFS UI Application\",\"EventID\":\"30\",\"Execution_ThreadID\":\"4308\",\"FileCreationDate\":\"2016-07-16T13:18:35\",\"FileName\":\"\\\\Device\\\\HarddiskVolume1\\\\Users\\\\Administrator\\\\AppData\\\\Local\\\\Microsoft\\\\Windows\\\\SchCache\\\\win-dc-jhernandez-17500-200.attackrange.local.sch\",\"FileObject\":\"0xFFFF9689736AED60\",\"FileVersion\":\"10.0.14393.0 (rs1_release.160715-1616)\",\"Hashes\":\"MD5=6DFA1BBB4D2F89DC46BACABC83B6AB95,SHA1=9F6277D1AFA76FEC3C85DFBF61E222E27F106C8E,SHA256=1106CE6AE6EDFFA752D71F5EFF9FAAB53360CFFC6B224957760FBDC0A7D4FF17,IMPHASH=B865E978ADDB9A939A91896A60E81464\",\"Image\":\"C:\\\\Windows\\\\System32\\\\efsui.exe\",\"ImageAge\":\"2071d03h08m33s\",\"Irp\":\"0xFFFF96897371CD58\",\"IssuingThreadId\":\"4308\",\"Keywords\":\"0x8000000000001000\",\"Level\":\"4\",\"Match_Strings\":\"\\\\Local\\\\Microsoft\\\\Windows\\\\SchCache\\\\ in TargetFilename, .sch in TargetFilename\",\"Module\":\"Sigma\",\"Opcode\":\"0\",\"OriginalFileName\":\"efsui.exe\",\"ParentCommandLine\":\"C:\\\\Windows\\\\system32\\\\lsass.exe\",\"ParentImage\":\"C:\\\\Windows\\\\System32\\\\lsass.exe\",\"ProcessId\":\"1192\",\"Product\":\"Microsoft® Windows® Operating System\",\"Provider_Guid\":\"{EDD08927-9CC4-4E65-B970-C2560FB5C289}\",\"Provider_Name\":\"Microsoft-Windows-Kernel-File\",\"Rule_Author\":\"xknow @xknow_infosec\",\"Rule_Description\":\"Detects the usage of ADSI (LDAP) operations by tools. This may also detect tools like LDAPFragger.\",\"Rule_FalsePositives\":\"Other legimate tools, which do ADSI (LDAP) operations, e.g. any remoting activity by MMC, Powershell, Windows etc.\",\"Rule_Id\":\"75bf09fa-1dd7-4d18-9af9-dd9e492562eb\",\"Rule_Level\":\"high\",\"Rule_Link\":\"https://github.com/SigmaHQ/sigma/blob/0.20-3312-gfbf1b845/rules/windows/file_event/file_event_win_susp_adsi_cache_usage.yml\",\"Rule_Modified\":\"2022/02/21\",\"Rule_Path\":\"public\\\\windows\\\\file_event\\\\file_event_win_susp_adsi_cache_usage.yml\",\"Rule_References\":\"https://medium.com/@ivecodoe/detecting-ldapfragger-a-newly-released-cobalt-strike-beacon-using-ldap-for-c2-communication-c274a7f00961, https://blog.fox-it.com/2020/03/19/ldapfragger-command-and-control-over-ldap-attributes/, https://github.com/fox-it/LDAPFragger\",\"Rule_Sigtype\":\"public\",\"Rule_Title\":\"Suspicious ADSI-Cache Usage By Unknown Tool\",\"Security_UserID\":\"S-1-5-21-3651310434-676309764-3668584008-500\",\"ShareAccess\":\"0x0\",\"TargetFilename\":\"C:\\\\Users\\\\Administrator\\\\AppData\\\\Local\\\\Microsoft\\\\Windows\\\\SchCache\\\\win-dc-jhernandez-17500-200.attackrange.local.sch\",\"Task\":\"30\",\"TimeCreated_SystemTime\":\"2022-03-18T16:27:09.6088435Z\",\"Timestamp\":\"2016-07-16T02:27:52\",\"User\":\"ATTACKRANGE\\\\Administrator\",\"Version\":\"1\",\"level\":\"warning\",\"msg\":\"Sigma match found\",\"time\":\"2022-03-18T16:27:10Z\"}","_time":"2022-03-18T16:27:10.000+0000","eventtype":["nix-all-logs","nix_kernel_attached"],"host":"WIN-DC-JHERNAND","index":"win","linecount":"1","punct":"{\"\":\"._/_/\",\"\":\"_\",\"\":\"----\",\"\":\"{----}\",\"\":\"\",\"\":","source":"C:\\aurora-agent-lite-win-pack\\aurora_alerts.json.log","sourcetype":"aurora-edr","splunk_server":"splunk-server-jhernandez-17500-9244","tag":["kernel","os","unix"],"tag::eventtype":["kernel","os","unix"],"timestamp":"none"}}
{"preview":false,"result":{"_raw":"{\"AccountExpires\":\"-\",\"AllowedToDelegateTo\":\"-\",\"Computer\":\"win-dc-jhernandez-17500-200.attackrange.local\",\"ComputerAccountChange\":\"-\",\"Correlation_ActivityID\":\"\",\"DisplayName\":\"-\",\"DnsHostName\":\"-\",\"EventID\":\"4742\",\"EventRecordID\":\"306359\",\"Execution_ProcessID\":\"624\",\"Execution_ThreadID\":\"664\",\"HomeDirectory\":\"-\",\"HomePath\":\"-\",\"Keywords\":\"0\",\"Level\":\"0\",\"LogonHours\":\"-\",\"Match_Strings\":\"4742 in EventID, GC/ in ServicePrincipalNames\",\"Module\":\"Sigma\",\"NewUacValue\":\"-\",\"OldUacValue\":\"-\",\"Opcode\":\"0\",\"PasswordLastSet\":\"-\",\"PrimaryGroupId\":\"-\",\"PrivilegeList\":\"-\",\"ProfilePath\":\"-\",\"Provider_Guid\":\"{54849625-5478-4994-A5BA-3E3B0328C30D}\",\"Provider_Name\":\"Microsoft-Windows-Security-Auditing\",\"Rule_Author\":\"Ilyas Ochkov, oscd.community, Chakib Gzenayi (@Chak092), Hosni Mribah\",\"Rule_Description\":\"Detects DCShadow via create new SPN\",\"Rule_FalsePositives\":\"Exclude known DCs\",\"Rule_Id\":\"32e19d25-4aed-4860-a55a-be99cb0bf7ed\",\"Rule_Level\":\"high\",\"Rule_Link\":\"https://github.com/SigmaHQ/sigma/blob/0.20-3312-gfbf1b845/rules/windows/builtin/security/win_possible_dc_shadow.yml\",\"Rule_Modified\":\"2021/07/06\",\"Rule_Path\":\"public\\\\windows\\\\builtin\\\\security\\\\win_possible_dc_shadow.yml\",\"Rule_References\":\"https://github.com/Neo23x0/sigma/blob/ec5bb710499caae6667c7f7311ca9e92c03b9039/rules/windows/builtin/win_dcsync.yml, https://twitter.com/gentilkiwi/status/1003236624925413376, https://gist.github.com/gentilkiwi/dcc132457408cf11ad2061340dcb53c2, https://blog.alsid.eu/dcshadow-explained-4510f52fc19d\",\"Rule_Sigtype\":\"public\",\"Rule_Title\":\"Possible DC Shadow\",\"SamAccountName\":\"-\",\"ScriptPath\":\"-\",\"Security_UserID\":\"\",\"ServicePrincipalNames\":\"\\n\\t\\tldap/win-dc-jhernandez-17500-200.attackrange.local/attackrange.local\\n\\t\\tldap/win-dc-jhernandez-17500-200.attackrange.local\\n\\t\\tldap/WIN-DC-JHERNAND\\n\\t\\tldap/win-dc-jhernandez-17500-200.attackrange.local/ATTACKRANGE\\n\\t\\tldap/1cefbee1-92d9-4302-a2d7-e7012e085d66._msdcs.attackrange.local\\n\\t\\tldap/WIN-DC-JHERNAND/ATTACKRANGE\\n\\t\\tE3514235-4B06-11D1-AB04-00C04FC2DCD2/1cefbee1-92d9-4302-a2d7-e7012e085d66/attackrange.local\\n\\t\\tHOST/win-dc-jhernandez-17500-200.attackrange.local/attackrange.local\\n\\t\\tHOST/win-dc-jhernandez-17500-200.attackrange.local\\n\\t\\tHOST/WIN-DC-JHERNAND\\n\\t\\tHOST/win-dc-jhernandez-17500-200.attackrange.local/ATTACKRANGE\\n\\t\\tHOST/WIN-DC-JHERNAND/ATTACKRANGE\\n\\t\\tRPC/1cefbee1-92d9-4302-a2d7-e7012e085d66._msdcs.attackrange.local\\n\\t\\tRestrictedKrbHost/WIN-DC-JHERNAND\\n\\t\\tRestrictedKrbHost/win-dc-jhernandez-17500-200.attackrange.local\\n\\t\\tGC/win-dc-jhernandez-17500-200.attackrange.local/attackrange.local\\n\\t\\tDNS/win-dc-jhernandez-17500-200.attackrange.local\\n\\t\\tTERMSRV/win-dc-jhernandez-17500-200.attackrange.local\\n\\t\\tTERMSRV/WIN-DC-JHERNAND\\n\\t\\tldap/win-dc-jhernandez-17500-200.attackrange.local/DomainDnsZones.attackrange.local\\n\\t\\tldap/win-dc-jhernandez-17500-200.attackrange.local/ForestDnsZones.attackrange.local\\n\\t\\tDfsr-12F9A27C-BF97-4787-9364-D31B6C55EB04/win-dc-jhernandez-17500-200.attackrange.local\",\"SidHistory\":\"-\",\"Source\":\"Security\",\"SubjectDomainName\":\"ATTACKRANGE\",\"SubjectLogonId\":\"0x11fbc1\",\"SubjectUserName\":\"WIN-DC-JHERNAND$\",\"SubjectUserSid\":\"S-1-5-18\",\"TargetDomainName\":\"ATTACKRANGE\",\"TargetSid\":\"S-1-5-21-3651310434-676309764-3668584008-1008\",\"TargetUserName\":\"WIN-DC-JHERNAND$\",\"Task\":\"13825\",\"TimeCreated_SystemTime\":\"2022-03-18T16:16:32.5788375Z\",\"UserAccountControl\":\"-\",\"UserParameters\":\"-\",\"UserPrincipalName\":\"-\",\"UserWorkstations\":\"-\",\"Version\":\"0\",\"level\":\"warning\",\"msg\":\"Sigma match found\",\"time\":\"2022-03-18T16:16:39Z\"}","_time":"2022-03-18T16:16:02.000+0000","eventtype":"nix-all-logs","host":"WIN-DC-JHERNAND","index":"win","linecount":"1","punct":"{\"\":\"-\",\"\":\"-\",\"\":\"----..\",\"\":\"-\",\"\":\"\",\"\":\"-\",\"\":","source":"C:\\aurora-agent-lite-win-pack\\aurora_alerts.json.log","sourcetype":"aurora-edr","splunk_server":"splunk-server-jhernandez-17500-9244","timestamp":"none"}}
