<Event xmlns='http://schemas.microsoft.com/win/2004/08/events/event'><System><Provider Name='Microsoft-Windows-Sysmon' Guid='{5770385F-C22A-43E0-BF4C-06F5698FFBD9}'/><EventID>13</EventID><Version>2</Version><Level>4</Level><Task>13</Task><Opcode>0</Opcode><Keywords>0x8000000000000000</Keywords><TimeCreated SystemTime='2023-09-14T09:17:40.113885000Z'/><EventRecordID>60154</EventRecordID><Correlation/><Execution ProcessID='2444' ThreadID='2820'/><Channel>Microsoft-Windows-Sysmon/Operational</Channel><Computer>ar-win-dc.attackrange.local</Computer><Security UserID='S-1-5-18'/></System><EventData><Data Name='RuleName'>T1060,RunKey</Data><Data Name='EventType'>SetValue</Data><Data Name='UtcTime'>2023-09-14 09:17:40.113</Data><Data Name='ProcessGuid'>{8814F3F5-CD65-6502-6A02-000000000F03}</Data><Data Name='ProcessId'>3764</Data><Data Name='Image'>C:\Users\Administrator\AppData\Local\Temp\server.com</Data><Data Name='TargetObject'>HKLM\SOFTWARE\WOW6432Node\Microsoft\Windows\CurrentVersion\Run\0ff91641118b8ba71feb1aa87725fe56</Data><Data Name='Details'>"C:\Users\Administrator\AppData\Local\Temp\server.com" ..</Data><Data Name='User'>ATTACKRANGE\Administrator</Data></EventData></Event>
<Event xmlns='http://schemas.microsoft.com/win/2004/08/events/event'><System><Provider Name='Microsoft-Windows-Sysmon' Guid='{5770385F-C22A-43E0-BF4C-06F5698FFBD9}'/><EventID>13</EventID><Version>2</Version><Level>4</Level><Task>13</Task><Opcode>0</Opcode><Keywords>0x8000000000000000</Keywords><TimeCreated SystemTime='2023-09-14T09:17:40.113826400Z'/><EventRecordID>60153</EventRecordID><Correlation/><Execution ProcessID='2444' ThreadID='2820'/><Channel>Microsoft-Windows-Sysmon/Operational</Channel><Computer>ar-win-dc.attackrange.local</Computer><Security UserID='S-1-5-18'/></System><EventData><Data Name='RuleName'>T1060,RunKey</Data><Data Name='EventType'>SetValue</Data><Data Name='UtcTime'>2023-09-14 09:17:40.113</Data><Data Name='ProcessGuid'>{8814F3F5-CD65-6502-6A02-000000000F03}</Data><Data Name='ProcessId'>3764</Data><Data Name='Image'>C:\Users\Administrator\AppData\Local\Temp\server.com</Data><Data Name='TargetObject'>HKU\S-1-5-21-2571799417-433382502-1180051742-500\SOFTWARE\Microsoft\Windows\CurrentVersion\Run\0ff91641118b8ba71feb1aa87725fe56</Data><Data Name='Details'>"C:\Users\Administrator\AppData\Local\Temp\server.com" ..</Data><Data Name='User'>ATTACKRANGE\Administrator</Data></EventData></Event>
<Event xmlns='http://schemas.microsoft.com/win/2004/08/events/event'><System><Provider Name='Microsoft-Windows-Sysmon' Guid='{5770385F-C22A-43E0-BF4C-06F5698FFBD9}'/><EventID>13</EventID><Version>2</Version><Level>4</Level><Task>13</Task><Opcode>0</Opcode><Keywords>0x8000000000000000</Keywords><TimeCreated SystemTime='2023-09-14T09:17:39.098121000Z'/><EventRecordID>60152</EventRecordID><Correlation/><Execution ProcessID='2444' ThreadID='2820'/><Channel>Microsoft-Windows-Sysmon/Operational</Channel><Computer>ar-win-dc.attackrange.local</Computer><Security UserID='S-1-5-18'/></System><EventData><Data Name='RuleName'>T1060,RunKey</Data><Data Name='EventType'>SetValue</Data><Data Name='UtcTime'>2023-09-14 09:17:39.097</Data><Data Name='ProcessGuid'>{8814F3F5-CD65-6502-6A02-000000000F03}</Data><Data Name='ProcessId'>3764</Data><Data Name='Image'>C:\Users\Administrator\AppData\Local\Temp\server.com</Data><Data Name='TargetObject'>HKLM\SOFTWARE\WOW6432Node\Microsoft\Windows\CurrentVersion\Run\0ff91641118b8ba71feb1aa87725fe56</Data><Data Name='Details'>"C:\Users\Administrator\AppData\Local\Temp\server.com" ..</Data><Data Name='User'>ATTACKRANGE\Administrator</Data></EventData></Event>
<Event xmlns='http://schemas.microsoft.com/win/2004/08/events/event'><System><Provider Name='Microsoft-Windows-Sysmon' Guid='{5770385F-C22A-43E0-BF4C-06F5698FFBD9}'/><EventID>13</EventID><Version>2</Version><Level>4</Level><Task>13</Task><Opcode>0</Opcode><Keywords>0x8000000000000000</Keywords><TimeCreated SystemTime='2023-09-14T09:17:39.098062500Z'/><EventRecordID>60151</EventRecordID><Correlation/><Execution ProcessID='2444' ThreadID='2820'/><Channel>Microsoft-Windows-Sysmon/Operational</Channel><Computer>ar-win-dc.attackrange.local</Computer><Security UserID='S-1-5-18'/></System><EventData><Data Name='RuleName'>T1060,RunKey</Data><Data Name='EventType'>SetValue</Data><Data Name='UtcTime'>2023-09-14 09:17:39.097</Data><Data Name='ProcessGuid'>{8814F3F5-CD65-6502-6A02-000000000F03}</Data><Data Name='ProcessId'>3764</Data><Data Name='Image'>C:\Users\Administrator\AppData\Local\Temp\server.com</Data><Data Name='TargetObject'>HKU\S-1-5-21-2571799417-433382502-1180051742-500\SOFTWARE\Microsoft\Windows\CurrentVersion\Run\0ff91641118b8ba71feb1aa87725fe56</Data><Data Name='Details'>"C:\Users\Administrator\AppData\Local\Temp\server.com" ..</Data><Data Name='User'>ATTACKRANGE\Administrator</Data></EventData></Event>
<Event xmlns='http://schemas.microsoft.com/win/2004/08/events/event'><System><Provider Name='Microsoft-Windows-Sysmon' Guid='{5770385F-C22A-43E0-BF4C-06F5698FFBD9}'/><EventID>13</EventID><Version>2</Version><Level>4</Level><Task>13</Task><Opcode>0</Opcode><Keywords>0x8000000000000000</Keywords><TimeCreated SystemTime='2023-09-14T09:17:38.082638800Z'/><EventRecordID>60150</EventRecordID><Correlation/><Execution ProcessID='2444' ThreadID='2820'/><Channel>Microsoft-Windows-Sysmon/Operational</Channel><Computer>ar-win-dc.attackrange.local</Computer><Security UserID='S-1-5-18'/></System><EventData><Data Name='RuleName'>T1060,RunKey</Data><Data Name='EventType'>SetValue</Data><Data Name='UtcTime'>2023-09-14 09:17:38.082</Data><Data Name='ProcessGuid'>{8814F3F5-CD65-6502-6A02-000000000F03}</Data><Data Name='ProcessId'>3764</Data><Data Name='Image'>C:\Users\Administrator\AppData\Local\Temp\server.com</Data><Data Name='TargetObject'>HKLM\SOFTWARE\WOW6432Node\Microsoft\Windows\CurrentVersion\Run\0ff91641118b8ba71feb1aa87725fe56</Data><Data Name='Details'>"C:\Users\Administrator\AppData\Local\Temp\server.com" ..</Data><Data Name='User'>ATTACKRANGE\Administrator</Data></EventData></Event>
<Event xmlns='http://schemas.microsoft.com/win/2004/08/events/event'><System><Provider Name='Microsoft-Windows-Sysmon' Guid='{5770385F-C22A-43E0-BF4C-06F5698FFBD9}'/><EventID>13</EventID><Version>2</Version><Level>4</Level><Task>13</Task><Opcode>0</Opcode><Keywords>0x8000000000000000</Keywords><TimeCreated SystemTime='2023-09-14T09:17:38.082570000Z'/><EventRecordID>60149</EventRecordID><Correlation/><Execution ProcessID='2444' ThreadID='2820'/><Channel>Microsoft-Windows-Sysmon/Operational</Channel><Computer>ar-win-dc.attackrange.local</Computer><Security UserID='S-1-5-18'/></System><EventData><Data Name='RuleName'>T1060,RunKey</Data><Data Name='EventType'>SetValue</Data><Data Name='UtcTime'>2023-09-14 09:17:38.082</Data><Data Name='ProcessGuid'>{8814F3F5-CD65-6502-6A02-000000000F03}</Data><Data Name='ProcessId'>3764</Data><Data Name='Image'>C:\Users\Administrator\AppData\Local\Temp\server.com</Data><Data Name='TargetObject'>HKU\S-1-5-21-2571799417-433382502-1180051742-500\SOFTWARE\Microsoft\Windows\CurrentVersion\Run\0ff91641118b8ba71feb1aa87725fe56</Data><Data Name='Details'>"C:\Users\Administrator\AppData\Local\Temp\server.com" ..</Data><Data Name='User'>ATTACKRANGE\Administrator</Data></EventData></Event>
<Event xmlns='http://schemas.microsoft.com/win/2004/08/events/event'><System><Provider Name='Microsoft-Windows-Sysmon' Guid='{5770385F-C22A-43E0-BF4C-06F5698FFBD9}'/><EventID>13</EventID><Version>2</Version><Level>4</Level><Task>13</Task><Opcode>0</Opcode><Keywords>0x8000000000000000</Keywords><TimeCreated SystemTime='2023-09-14T09:17:37.068084800Z'/><EventRecordID>60148</EventRecordID><Correlation/><Execution ProcessID='2444' ThreadID='2820'/><Channel>Microsoft-Windows-Sysmon/Operational</Channel><Computer>ar-win-dc.attackrange.local</Computer><Security UserID='S-1-5-18'/></System><EventData><Data Name='RuleName'>T1060,RunKey</Data><Data Name='EventType'>SetValue</Data><Data Name='UtcTime'>2023-09-14 09:17:37.066</Data><Data Name='ProcessGuid'>{8814F3F5-CD65-6502-6A02-000000000F03}</Data><Data Name='ProcessId'>3764</Data><Data Name='Image'>C:\Users\Administrator\AppData\Local\Temp\server.com</Data><Data Name='TargetObject'>HKLM\SOFTWARE\WOW6432Node\Microsoft\Windows\CurrentVersion\Run\0ff91641118b8ba71feb1aa87725fe56</Data><Data Name='Details'>"C:\Users\Administrator\AppData\Local\Temp\server.com" ..</Data><Data Name='User'>ATTACKRANGE\Administrator</Data></EventData></Event>
<Event xmlns='http://schemas.microsoft.com/win/2004/08/events/event'><System><Provider Name='Microsoft-Windows-Sysmon' Guid='{5770385F-C22A-43E0-BF4C-06F5698FFBD9}'/><EventID>13</EventID><Version>2</Version><Level>4</Level><Task>13</Task><Opcode>0</Opcode><Keywords>0x8000000000000000</Keywords><TimeCreated SystemTime='2023-09-14T09:17:37.067942300Z'/><EventRecordID>60147</EventRecordID><Correlation/><Execution ProcessID='2444' ThreadID='2820'/><Channel>Microsoft-Windows-Sysmon/Operational</Channel><Computer>ar-win-dc.attackrange.local</Computer><Security UserID='S-1-5-18'/></System><EventData><Data Name='RuleName'>T1060,RunKey</Data><Data Name='EventType'>SetValue</Data><Data Name='UtcTime'>2023-09-14 09:17:37.066</Data><Data Name='ProcessGuid'>{8814F3F5-CD65-6502-6A02-000000000F03}</Data><Data Name='ProcessId'>3764</Data><Data Name='Image'>C:\Users\Administrator\AppData\Local\Temp\server.com</Data><Data Name='TargetObject'>HKU\S-1-5-21-2571799417-433382502-1180051742-500\SOFTWARE\Microsoft\Windows\CurrentVersion\Run\0ff91641118b8ba71feb1aa87725fe56</Data><Data Name='Details'>"C:\Users\Administrator\AppData\Local\Temp\server.com" ..</Data><Data Name='User'>ATTACKRANGE\Administrator</Data></EventData></Event>
<Event xmlns='http://schemas.microsoft.com/win/2004/08/events/event'><System><Provider Name='Microsoft-Windows-Sysmon' Guid='{5770385F-C22A-43E0-BF4C-06F5698FFBD9}'/><EventID>13</EventID><Version>2</Version><Level>4</Level><Task>13</Task><Opcode>0</Opcode><Keywords>0x8000000000000000</Keywords><TimeCreated SystemTime='2023-09-14T09:17:36.051332400Z'/><EventRecordID>60146</EventRecordID><Correlation/><Execution ProcessID='2444' ThreadID='2820'/><Channel>Microsoft-Windows-Sysmon/Operational</Channel><Computer>ar-win-dc.attackrange.local</Computer><Security UserID='S-1-5-18'/></System><EventData><Data Name='RuleName'>T1060,RunKey</Data><Data Name='EventType'>SetValue</Data><Data Name='UtcTime'>2023-09-14 09:17:36.050</Data><Data Name='ProcessGuid'>{8814F3F5-CD65-6502-6A02-000000000F03}</Data><Data Name='ProcessId'>3764</Data><Data Name='Image'>C:\Users\Administrator\AppData\Local\Temp\server.com</Data><Data Name='TargetObject'>HKLM\SOFTWARE\WOW6432Node\Microsoft\Windows\CurrentVersion\Run\0ff91641118b8ba71feb1aa87725fe56</Data><Data Name='Details'>"C:\Users\Administrator\AppData\Local\Temp\server.com" ..</Data><Data Name='User'>ATTACKRANGE\Administrator</Data></EventData></Event>
<Event xmlns='http://schemas.microsoft.com/win/2004/08/events/event'><System><Provider Name='Microsoft-Windows-Sysmon' Guid='{5770385F-C22A-43E0-BF4C-06F5698FFBD9}'/><EventID>13</EventID><Version>2</Version><Level>4</Level><Task>13</Task><Opcode>0</Opcode><Keywords>0x8000000000000000</Keywords><TimeCreated SystemTime='2023-09-14T09:17:36.051236200Z'/><EventRecordID>60145</EventRecordID><Correlation/><Execution ProcessID='2444' ThreadID='2820'/><Channel>Microsoft-Windows-Sysmon/Operational</Channel><Computer>ar-win-dc.attackrange.local</Computer><Security UserID='S-1-5-18'/></System><EventData><Data Name='RuleName'>T1060,RunKey</Data><Data Name='EventType'>SetValue</Data><Data Name='UtcTime'>2023-09-14 09:17:36.050</Data><Data Name='ProcessGuid'>{8814F3F5-CD65-6502-6A02-000000000F03}</Data><Data Name='ProcessId'>3764</Data><Data Name='Image'>C:\Users\Administrator\AppData\Local\Temp\server.com</Data><Data Name='TargetObject'>HKU\S-1-5-21-2571799417-433382502-1180051742-500\SOFTWARE\Microsoft\Windows\CurrentVersion\Run\0ff91641118b8ba71feb1aa87725fe56</Data><Data Name='Details'>"C:\Users\Administrator\AppData\Local\Temp\server.com" ..</Data><Data Name='User'>ATTACKRANGE\Administrator</Data></EventData></Event>
<Event xmlns='http://schemas.microsoft.com/win/2004/08/events/event'><System><Provider Name='Microsoft-Windows-Sysmon' Guid='{5770385F-C22A-43E0-BF4C-06F5698FFBD9}'/><EventID>13</EventID><Version>2</Version><Level>4</Level><Task>13</Task><Opcode>0</Opcode><Keywords>0x8000000000000000</Keywords><TimeCreated SystemTime='2023-09-14T09:17:35.035604000Z'/><EventRecordID>60144</EventRecordID><Correlation/><Execution ProcessID='2444' ThreadID='2820'/><Channel>Microsoft-Windows-Sysmon/Operational</Channel><Computer>ar-win-dc.attackrange.local</Computer><Security UserID='S-1-5-18'/></System><EventData><Data Name='RuleName'>T1060,RunKey</Data><Data Name='EventType'>SetValue</Data><Data Name='UtcTime'>2023-09-14 09:17:35.035</Data><Data Name='ProcessGuid'>{8814F3F5-CD65-6502-6A02-000000000F03}</Data><Data Name='ProcessId'>3764</Data><Data Name='Image'>C:\Users\Administrator\AppData\Local\Temp\server.com</Data><Data Name='TargetObject'>HKLM\SOFTWARE\WOW6432Node\Microsoft\Windows\CurrentVersion\Run\0ff91641118b8ba71feb1aa87725fe56</Data><Data Name='Details'>"C:\Users\Administrator\AppData\Local\Temp\server.com" ..</Data><Data Name='User'>ATTACKRANGE\Administrator</Data></EventData></Event>
<Event xmlns='http://schemas.microsoft.com/win/2004/08/events/event'><System><Provider Name='Microsoft-Windows-Sysmon' Guid='{5770385F-C22A-43E0-BF4C-06F5698FFBD9}'/><EventID>13</EventID><Version>2</Version><Level>4</Level><Task>13</Task><Opcode>0</Opcode><Keywords>0x8000000000000000</Keywords><TimeCreated SystemTime='2023-09-14T09:17:35.035544200Z'/><EventRecordID>60143</EventRecordID><Correlation/><Execution ProcessID='2444' ThreadID='2820'/><Channel>Microsoft-Windows-Sysmon/Operational</Channel><Computer>ar-win-dc.attackrange.local</Computer><Security UserID='S-1-5-18'/></System><EventData><Data Name='RuleName'>T1060,RunKey</Data><Data Name='EventType'>SetValue</Data><Data Name='UtcTime'>2023-09-14 09:17:35.035</Data><Data Name='ProcessGuid'>{8814F3F5-CD65-6502-6A02-000000000F03}</Data><Data Name='ProcessId'>3764</Data><Data Name='Image'>C:\Users\Administrator\AppData\Local\Temp\server.com</Data><Data Name='TargetObject'>HKU\S-1-5-21-2571799417-433382502-1180051742-500\SOFTWARE\Microsoft\Windows\CurrentVersion\Run\0ff91641118b8ba71feb1aa87725fe56</Data><Data Name='Details'>"C:\Users\Administrator\AppData\Local\Temp\server.com" ..</Data><Data Name='User'>ATTACKRANGE\Administrator</Data></EventData></Event>
<Event xmlns='http://schemas.microsoft.com/win/2004/08/events/event'><System><Provider Name='Microsoft-Windows-Sysmon' Guid='{5770385F-C22A-43E0-BF4C-06F5698FFBD9}'/><EventID>13</EventID><Version>2</Version><Level>4</Level><Task>13</Task><Opcode>0</Opcode><Keywords>0x8000000000000000</Keywords><TimeCreated SystemTime='2023-09-14T09:17:34.020174600Z'/><EventRecordID>60142</EventRecordID><Correlation/><Execution ProcessID='2444' ThreadID='2820'/><Channel>Microsoft-Windows-Sysmon/Operational</Channel><Computer>ar-win-dc.attackrange.local</Computer><Security UserID='S-1-5-18'/></System><EventData><Data Name='RuleName'>T1060,RunKey</Data><Data Name='EventType'>SetValue</Data><Data Name='UtcTime'>2023-09-14 09:17:34.019</Data><Data Name='ProcessGuid'>{8814F3F5-CD65-6502-6A02-000000000F03}</Data><Data Name='ProcessId'>3764</Data><Data Name='Image'>C:\Users\Administrator\AppData\Local\Temp\server.com</Data><Data Name='TargetObject'>HKLM\SOFTWARE\WOW6432Node\Microsoft\Windows\CurrentVersion\Run\0ff91641118b8ba71feb1aa87725fe56</Data><Data Name='Details'>"C:\Users\Administrator\AppData\Local\Temp\server.com" ..</Data><Data Name='User'>ATTACKRANGE\Administrator</Data></EventData></Event>
<Event xmlns='http://schemas.microsoft.com/win/2004/08/events/event'><System><Provider Name='Microsoft-Windows-Sysmon' Guid='{5770385F-C22A-43E0-BF4C-06F5698FFBD9}'/><EventID>13</EventID><Version>2</Version><Level>4</Level><Task>13</Task><Opcode>0</Opcode><Keywords>0x8000000000000000</Keywords><TimeCreated SystemTime='2023-09-14T09:17:34.020099700Z'/><EventRecordID>60141</EventRecordID><Correlation/><Execution ProcessID='2444' ThreadID='2820'/><Channel>Microsoft-Windows-Sysmon/Operational</Channel><Computer>ar-win-dc.attackrange.local</Computer><Security UserID='S-1-5-18'/></System><EventData><Data Name='RuleName'>T1060,RunKey</Data><Data Name='EventType'>SetValue</Data><Data Name='UtcTime'>2023-09-14 09:17:34.019</Data><Data Name='ProcessGuid'>{8814F3F5-CD65-6502-6A02-000000000F03}</Data><Data Name='ProcessId'>3764</Data><Data Name='Image'>C:\Users\Administrator\AppData\Local\Temp\server.com</Data><Data Name='TargetObject'>HKU\S-1-5-21-2571799417-433382502-1180051742-500\SOFTWARE\Microsoft\Windows\CurrentVersion\Run\0ff91641118b8ba71feb1aa87725fe56</Data><Data Name='Details'>"C:\Users\Administrator\AppData\Local\Temp\server.com" ..</Data><Data Name='User'>ATTACKRANGE\Administrator</Data></EventData></Event>
<Event xmlns='http://schemas.microsoft.com/win/2004/08/events/event'><System><Provider Name='Microsoft-Windows-Sysmon' Guid='{5770385F-C22A-43E0-BF4C-06F5698FFBD9}'/><EventID>13</EventID><Version>2</Version><Level>4</Level><Task>13</Task><Opcode>0</Opcode><Keywords>0x8000000000000000</Keywords><TimeCreated SystemTime='2023-09-14T09:17:33.004396300Z'/><EventRecordID>60140</EventRecordID><Correlation/><Execution ProcessID='2444' ThreadID='2820'/><Channel>Microsoft-Windows-Sysmon/Operational</Channel><Computer>ar-win-dc.attackrange.local</Computer><Security UserID='S-1-5-18'/></System><EventData><Data Name='RuleName'>T1060,RunKey</Data><Data Name='EventType'>SetValue</Data><Data Name='UtcTime'>2023-09-14 09:17:33.003</Data><Data Name='ProcessGuid'>{8814F3F5-CD65-6502-6A02-000000000F03}</Data><Data Name='ProcessId'>3764</Data><Data Name='Image'>C:\Users\Administrator\AppData\Local\Temp\server.com</Data><Data Name='TargetObject'>HKLM\SOFTWARE\WOW6432Node\Microsoft\Windows\CurrentVersion\Run\0ff91641118b8ba71feb1aa87725fe56</Data><Data Name='Details'>"C:\Users\Administrator\AppData\Local\Temp\server.com" ..</Data><Data Name='User'>ATTACKRANGE\Administrator</Data></EventData></Event>
<Event xmlns='http://schemas.microsoft.com/win/2004/08/events/event'><System><Provider Name='Microsoft-Windows-Sysmon' Guid='{5770385F-C22A-43E0-BF4C-06F5698FFBD9}'/><EventID>13</EventID><Version>2</Version><Level>4</Level><Task>13</Task><Opcode>0</Opcode><Keywords>0x8000000000000000</Keywords><TimeCreated SystemTime='2023-09-14T09:17:33.004334500Z'/><EventRecordID>60139</EventRecordID><Correlation/><Execution ProcessID='2444' ThreadID='2820'/><Channel>Microsoft-Windows-Sysmon/Operational</Channel><Computer>ar-win-dc.attackrange.local</Computer><Security UserID='S-1-5-18'/></System><EventData><Data Name='RuleName'>T1060,RunKey</Data><Data Name='EventType'>SetValue</Data><Data Name='UtcTime'>2023-09-14 09:17:33.003</Data><Data Name='ProcessGuid'>{8814F3F5-CD65-6502-6A02-000000000F03}</Data><Data Name='ProcessId'>3764</Data><Data Name='Image'>C:\Users\Administrator\AppData\Local\Temp\server.com</Data><Data Name='TargetObject'>HKU\S-1-5-21-2571799417-433382502-1180051742-500\SOFTWARE\Microsoft\Windows\CurrentVersion\Run\0ff91641118b8ba71feb1aa87725fe56</Data><Data Name='Details'>"C:\Users\Administrator\AppData\Local\Temp\server.com" ..</Data><Data Name='User'>ATTACKRANGE\Administrator</Data></EventData></Event>
<Event xmlns='http://schemas.microsoft.com/win/2004/08/events/event'><System><Provider Name='Microsoft-Windows-Sysmon' Guid='{5770385F-C22A-43E0-BF4C-06F5698FFBD9}'/><EventID>13</EventID><Version>2</Version><Level>4</Level><Task>13</Task><Opcode>0</Opcode><Keywords>0x8000000000000000</Keywords><TimeCreated SystemTime='2023-09-14T09:17:31.988813400Z'/><EventRecordID>60138</EventRecordID><Correlation/><Execution ProcessID='2444' ThreadID='2820'/><Channel>Microsoft-Windows-Sysmon/Operational</Channel><Computer>ar-win-dc.attackrange.local</Computer><Security UserID='S-1-5-18'/></System><EventData><Data Name='RuleName'>T1060,RunKey</Data><Data Name='EventType'>SetValue</Data><Data Name='UtcTime'>2023-09-14 09:17:31.988</Data><Data Name='ProcessGuid'>{8814F3F5-CD65-6502-6A02-000000000F03}</Data><Data Name='ProcessId'>3764</Data><Data Name='Image'>C:\Users\Administrator\AppData\Local\Temp\server.com</Data><Data Name='TargetObject'>HKLM\SOFTWARE\WOW6432Node\Microsoft\Windows\CurrentVersion\Run\0ff91641118b8ba71feb1aa87725fe56</Data><Data Name='Details'>"C:\Users\Administrator\AppData\Local\Temp\server.com" ..</Data><Data Name='User'>ATTACKRANGE\Administrator</Data></EventData></Event>
<Event xmlns='http://schemas.microsoft.com/win/2004/08/events/event'><System><Provider Name='Microsoft-Windows-Sysmon' Guid='{5770385F-C22A-43E0-BF4C-06F5698FFBD9}'/><EventID>13</EventID><Version>2</Version><Level>4</Level><Task>13</Task><Opcode>0</Opcode><Keywords>0x8000000000000000</Keywords><TimeCreated SystemTime='2023-09-14T09:17:31.988752800Z'/><EventRecordID>60137</EventRecordID><Correlation/><Execution ProcessID='2444' ThreadID='2820'/><Channel>Microsoft-Windows-Sysmon/Operational</Channel><Computer>ar-win-dc.attackrange.local</Computer><Security UserID='S-1-5-18'/></System><EventData><Data Name='RuleName'>T1060,RunKey</Data><Data Name='EventType'>SetValue</Data><Data Name='UtcTime'>2023-09-14 09:17:31.988</Data><Data Name='ProcessGuid'>{8814F3F5-CD65-6502-6A02-000000000F03}</Data><Data Name='ProcessId'>3764</Data><Data Name='Image'>C:\Users\Administrator\AppData\Local\Temp\server.com</Data><Data Name='TargetObject'>HKU\S-1-5-21-2571799417-433382502-1180051742-500\SOFTWARE\Microsoft\Windows\CurrentVersion\Run\0ff91641118b8ba71feb1aa87725fe56</Data><Data Name='Details'>"C:\Users\Administrator\AppData\Local\Temp\server.com" ..</Data><Data Name='User'>ATTACKRANGE\Administrator</Data></EventData></Event>
<Event xmlns='http://schemas.microsoft.com/win/2004/08/events/event'><System><Provider Name='Microsoft-Windows-Sysmon' Guid='{5770385F-C22A-43E0-BF4C-06F5698FFBD9}'/><EventID>13</EventID><Version>2</Version><Level>4</Level><Task>13</Task><Opcode>0</Opcode><Keywords>0x8000000000000000</Keywords><TimeCreated SystemTime='2023-09-14T09:17:30.973305000Z'/><EventRecordID>60136</EventRecordID><Correlation/><Execution ProcessID='2444' ThreadID='2820'/><Channel>Microsoft-Windows-Sysmon/Operational</Channel><Computer>ar-win-dc.attackrange.local</Computer><Security UserID='S-1-5-18'/></System><EventData><Data Name='RuleName'>T1060,RunKey</Data><Data Name='EventType'>SetValue</Data><Data Name='UtcTime'>2023-09-14 09:17:30.972</Data><Data Name='ProcessGuid'>{8814F3F5-CD65-6502-6A02-000000000F03}</Data><Data Name='ProcessId'>3764</Data><Data Name='Image'>C:\Users\Administrator\AppData\Local\Temp\server.com</Data><Data Name='TargetObject'>HKLM\SOFTWARE\WOW6432Node\Microsoft\Windows\CurrentVersion\Run\0ff91641118b8ba71feb1aa87725fe56</Data><Data Name='Details'>"C:\Users\Administrator\AppData\Local\Temp\server.com" ..</Data><Data Name='User'>ATTACKRANGE\Administrator</Data></EventData></Event>
<Event xmlns='http://schemas.microsoft.com/win/2004/08/events/event'><System><Provider Name='Microsoft-Windows-Sysmon' Guid='{5770385F-C22A-43E0-BF4C-06F5698FFBD9}'/><EventID>13</EventID><Version>2</Version><Level>4</Level><Task>13</Task><Opcode>0</Opcode><Keywords>0x8000000000000000</Keywords><TimeCreated SystemTime='2023-09-14T09:17:30.973226300Z'/><EventRecordID>60135</EventRecordID><Correlation/><Execution ProcessID='2444' ThreadID='2820'/><Channel>Microsoft-Windows-Sysmon/Operational</Channel><Computer>ar-win-dc.attackrange.local</Computer><Security UserID='S-1-5-18'/></System><EventData><Data Name='RuleName'>T1060,RunKey</Data><Data Name='EventType'>SetValue</Data><Data Name='UtcTime'>2023-09-14 09:17:30.972</Data><Data Name='ProcessGuid'>{8814F3F5-CD65-6502-6A02-000000000F03}</Data><Data Name='ProcessId'>3764</Data><Data Name='Image'>C:\Users\Administrator\AppData\Local\Temp\server.com</Data><Data Name='TargetObject'>HKU\S-1-5-21-2571799417-433382502-1180051742-500\SOFTWARE\Microsoft\Windows\CurrentVersion\Run\0ff91641118b8ba71feb1aa87725fe56</Data><Data Name='Details'>"C:\Users\Administrator\AppData\Local\Temp\server.com" ..</Data><Data Name='User'>ATTACKRANGE\Administrator</Data></EventData></Event>
<Event xmlns='http://schemas.microsoft.com/win/2004/08/events/event'><System><Provider Name='Microsoft-Windows-Sysmon' Guid='{5770385F-C22A-43E0-BF4C-06F5698FFBD9}'/><EventID>13</EventID><Version>2</Version><Level>4</Level><Task>13</Task><Opcode>0</Opcode><Keywords>0x8000000000000000</Keywords><TimeCreated SystemTime='2023-09-14T09:17:29.961475200Z'/><EventRecordID>60134</EventRecordID><Correlation/><Execution ProcessID='2444' ThreadID='2820'/><Channel>Microsoft-Windows-Sysmon/Operational</Channel><Computer>ar-win-dc.attackrange.local</Computer><Security UserID='S-1-5-18'/></System><EventData><Data Name='RuleName'>T1060,RunKey</Data><Data Name='EventType'>SetValue</Data><Data Name='UtcTime'>2023-09-14 09:17:29.957</Data><Data Name='ProcessGuid'>{8814F3F5-CD65-6502-6A02-000000000F03}</Data><Data Name='ProcessId'>3764</Data><Data Name='Image'>C:\Users\Administrator\AppData\Local\Temp\server.com</Data><Data Name='TargetObject'>HKLM\SOFTWARE\WOW6432Node\Microsoft\Windows\CurrentVersion\Run\0ff91641118b8ba71feb1aa87725fe56</Data><Data Name='Details'>"C:\Users\Administrator\AppData\Local\Temp\server.com" ..</Data><Data Name='User'>ATTACKRANGE\Administrator</Data></EventData></Event>
<Event xmlns='http://schemas.microsoft.com/win/2004/08/events/event'><System><Provider Name='Microsoft-Windows-Sysmon' Guid='{5770385F-C22A-43E0-BF4C-06F5698FFBD9}'/><EventID>13</EventID><Version>2</Version><Level>4</Level><Task>13</Task><Opcode>0</Opcode><Keywords>0x8000000000000000</Keywords><TimeCreated SystemTime='2023-09-14T09:17:29.960933700Z'/><EventRecordID>60133</EventRecordID><Correlation/><Execution ProcessID='2444' ThreadID='2820'/><Channel>Microsoft-Windows-Sysmon/Operational</Channel><Computer>ar-win-dc.attackrange.local</Computer><Security UserID='S-1-5-18'/></System><EventData><Data Name='RuleName'>T1060,RunKey</Data><Data Name='EventType'>SetValue</Data><Data Name='UtcTime'>2023-09-14 09:17:29.957</Data><Data Name='ProcessGuid'>{8814F3F5-CD65-6502-6A02-000000000F03}</Data><Data Name='ProcessId'>3764</Data><Data Name='Image'>C:\Users\Administrator\AppData\Local\Temp\server.com</Data><Data Name='TargetObject'>HKU\S-1-5-21-2571799417-433382502-1180051742-500\SOFTWARE\Microsoft\Windows\CurrentVersion\Run\0ff91641118b8ba71feb1aa87725fe56</Data><Data Name='Details'>"C:\Users\Administrator\AppData\Local\Temp\server.com" ..</Data><Data Name='User'>ATTACKRANGE\Administrator</Data></EventData></Event>
<Event xmlns='http://schemas.microsoft.com/win/2004/08/events/event'><System><Provider Name='Microsoft-Windows-Sysmon' Guid='{5770385F-C22A-43E0-BF4C-06F5698FFBD9}'/><EventID>13</EventID><Version>2</Version><Level>4</Level><Task>13</Task><Opcode>0</Opcode><Keywords>0x8000000000000000</Keywords><TimeCreated SystemTime='2023-09-14T09:17:28.942687500Z'/><EventRecordID>60132</EventRecordID><Correlation/><Execution ProcessID='2444' ThreadID='2820'/><Channel>Microsoft-Windows-Sysmon/Operational</Channel><Computer>ar-win-dc.attackrange.local</Computer><Security UserID='S-1-5-18'/></System><EventData><Data Name='RuleName'>T1060,RunKey</Data><Data Name='EventType'>SetValue</Data><Data Name='UtcTime'>2023-09-14 09:17:28.941</Data><Data Name='ProcessGuid'>{8814F3F5-CD65-6502-6A02-000000000F03}</Data><Data Name='ProcessId'>3764</Data><Data Name='Image'>C:\Users\Administrator\AppData\Local\Temp\server.com</Data><Data Name='TargetObject'>HKLM\SOFTWARE\WOW6432Node\Microsoft\Windows\CurrentVersion\Run\0ff91641118b8ba71feb1aa87725fe56</Data><Data Name='Details'>"C:\Users\Administrator\AppData\Local\Temp\server.com" ..</Data><Data Name='User'>ATTACKRANGE\Administrator</Data></EventData></Event>
<Event xmlns='http://schemas.microsoft.com/win/2004/08/events/event'><System><Provider Name='Microsoft-Windows-Sysmon' Guid='{5770385F-C22A-43E0-BF4C-06F5698FFBD9}'/><EventID>13</EventID><Version>2</Version><Level>4</Level><Task>13</Task><Opcode>0</Opcode><Keywords>0x8000000000000000</Keywords><TimeCreated SystemTime='2023-09-14T09:17:28.942577400Z'/><EventRecordID>60131</EventRecordID><Correlation/><Execution ProcessID='2444' ThreadID='2820'/><Channel>Microsoft-Windows-Sysmon/Operational</Channel><Computer>ar-win-dc.attackrange.local</Computer><Security UserID='S-1-5-18'/></System><EventData><Data Name='RuleName'>T1060,RunKey</Data><Data Name='EventType'>SetValue</Data><Data Name='UtcTime'>2023-09-14 09:17:28.941</Data><Data Name='ProcessGuid'>{8814F3F5-CD65-6502-6A02-000000000F03}</Data><Data Name='ProcessId'>3764</Data><Data Name='Image'>C:\Users\Administrator\AppData\Local\Temp\server.com</Data><Data Name='TargetObject'>HKU\S-1-5-21-2571799417-433382502-1180051742-500\SOFTWARE\Microsoft\Windows\CurrentVersion\Run\0ff91641118b8ba71feb1aa87725fe56</Data><Data Name='Details'>"C:\Users\Administrator\AppData\Local\Temp\server.com" ..</Data><Data Name='User'>ATTACKRANGE\Administrator</Data></EventData></Event>
<Event xmlns='http://schemas.microsoft.com/win/2004/08/events/event'><System><Provider Name='Microsoft-Windows-Sysmon' Guid='{5770385F-C22A-43E0-BF4C-06F5698FFBD9}'/><EventID>13</EventID><Version>2</Version><Level>4</Level><Task>13</Task><Opcode>0</Opcode><Keywords>0x8000000000000000</Keywords><TimeCreated SystemTime='2023-09-14T09:17:28.566814800Z'/><EventRecordID>60130</EventRecordID><Correlation/><Execution ProcessID='2444' ThreadID='2820'/><Channel>Microsoft-Windows-Sysmon/Operational</Channel><Computer>ar-win-dc.attackrange.local</Computer><Security UserID='S-1-5-18'/></System><EventData><Data Name='RuleName'>T1484</Data><Data Name='EventType'>SetValue</Data><Data Name='UtcTime'>2023-09-14 09:17:28.566</Data><Data Name='ProcessGuid'>{8814F3F5-CD65-6502-6A02-000000000F03}</Data><Data Name='ProcessId'>3764</Data><Data Name='Image'>C:\Users\Administrator\AppData\Local\Temp\server.com</Data><Data Name='TargetObject'>HKU\S-1-5-21-2571799417-433382502-1180051742-500\SOFTWARE\0ff91641118b8ba71feb1aa87725fe56\[kl]</Data><Data Name='Details'>%%temp%%[ENTER]
r%%[Back][Back][Back]e
\x0123/09/12 notepad++ *C:\Program Files\ansible\SwiftOnSecurity.xml - Notepad++ [Administrator]\x01
[ENTER]
[Back][Back][Back]com
\x0123/09/12 cmd Administrator: C:\Windows\system32\cmd.exe\x01
Sysmon64[TAP]
 -c 
\x0123/09/12 cmd Administrator: C:\Windows\system32\cmd.exe - Sysmon64.exe  -c "C:\Program Files\ansible\SwiftOnSecurity.xml"\x01
[ENTER]
rregedit[ENTER]

\x0123/09/14 notepad++ *C:\Program Files\ansible\SwiftOnSecurity.xml - Notepad++ [Administrator]\x01
[Back][
\x0123/09/14 cmd Administrator: C:\Windows\system32\cmd.exe\x01
Sysmon6[TAP]
 -c 
\x0123/09/14 cmd Administrator: C:\Windows\system32\cmd.exe - Sysmon64.exe  -c "C:\Program Files\ansible\SwiftOnSecurity.xml"\x01
[ENTER]
</Data><Data Name='User'>ATTACKRANGE\Administrator</Data></EventData></Event>
<Event xmlns='http://schemas.microsoft.com/win/2004/08/events/event'><System><Provider Name='Microsoft-Windows-Sysmon' Guid='{5770385F-C22A-43E0-BF4C-06F5698FFBD9}'/><EventID>13</EventID><Version>2</Version><Level>4</Level><Task>13</Task><Opcode>0</Opcode><Keywords>0x8000000000000000</Keywords><TimeCreated SystemTime='2023-09-14T09:17:27.926398400Z'/><EventRecordID>60129</EventRecordID><Correlation/><Execution ProcessID='2444' ThreadID='2820'/><Channel>Microsoft-Windows-Sysmon/Operational</Channel><Computer>ar-win-dc.attackrange.local</Computer><Security UserID='S-1-5-18'/></System><EventData><Data Name='RuleName'>T1060,RunKey</Data><Data Name='EventType'>SetValue</Data><Data Name='UtcTime'>2023-09-14 09:17:27.925</Data><Data Name='ProcessGuid'>{8814F3F5-CD65-6502-6A02-000000000F03}</Data><Data Name='ProcessId'>3764</Data><Data Name='Image'>C:\Users\Administrator\AppData\Local\Temp\server.com</Data><Data Name='TargetObject'>HKLM\SOFTWARE\WOW6432Node\Microsoft\Windows\CurrentVersion\Run\0ff91641118b8ba71feb1aa87725fe56</Data><Data Name='Details'>"C:\Users\Administrator\AppData\Local\Temp\server.com" ..</Data><Data Name='User'>ATTACKRANGE\Administrator</Data></EventData></Event>
<Event xmlns='http://schemas.microsoft.com/win/2004/08/events/event'><System><Provider Name='Microsoft-Windows-Sysmon' Guid='{5770385F-C22A-43E0-BF4C-06F5698FFBD9}'/><EventID>13</EventID><Version>2</Version><Level>4</Level><Task>13</Task><Opcode>0</Opcode><Keywords>0x8000000000000000</Keywords><TimeCreated SystemTime='2023-09-14T09:17:27.926297600Z'/><EventRecordID>60128</EventRecordID><Correlation/><Execution ProcessID='2444' ThreadID='2820'/><Channel>Microsoft-Windows-Sysmon/Operational</Channel><Computer>ar-win-dc.attackrange.local</Computer><Security UserID='S-1-5-18'/></System><EventData><Data Name='RuleName'>T1060,RunKey</Data><Data Name='EventType'>SetValue</Data><Data Name='UtcTime'>2023-09-14 09:17:27.925</Data><Data Name='ProcessGuid'>{8814F3F5-CD65-6502-6A02-000000000F03}</Data><Data Name='ProcessId'>3764</Data><Data Name='Image'>C:\Users\Administrator\AppData\Local\Temp\server.com</Data><Data Name='TargetObject'>HKU\S-1-5-21-2571799417-433382502-1180051742-500\SOFTWARE\Microsoft\Windows\CurrentVersion\Run\0ff91641118b8ba71feb1aa87725fe56</Data><Data Name='Details'>"C:\Users\Administrator\AppData\Local\Temp\server.com" ..</Data><Data Name='User'>ATTACKRANGE\Administrator</Data></EventData></Event>
<Event xmlns='http://schemas.microsoft.com/win/2004/08/events/event'><System><Provider Name='Microsoft-Windows-Sysmon' Guid='{5770385F-C22A-43E0-BF4C-06F5698FFBD9}'/><EventID>13</EventID><Version>2</Version><Level>4</Level><Task>13</Task><Opcode>0</Opcode><Keywords>0x8000000000000000</Keywords><TimeCreated SystemTime='2023-09-14T09:17:26.910763800Z'/><EventRecordID>60127</EventRecordID><Correlation/><Execution ProcessID='2444' ThreadID='2820'/><Channel>Microsoft-Windows-Sysmon/Operational</Channel><Computer>ar-win-dc.attackrange.local</Computer><Security UserID='S-1-5-18'/></System><EventData><Data Name='RuleName'>T1060,RunKey</Data><Data Name='EventType'>SetValue</Data><Data Name='UtcTime'>2023-09-14 09:17:26.910</Data><Data Name='ProcessGuid'>{8814F3F5-CD65-6502-6A02-000000000F03}</Data><Data Name='ProcessId'>3764</Data><Data Name='Image'>C:\Users\Administrator\AppData\Local\Temp\server.com</Data><Data Name='TargetObject'>HKLM\SOFTWARE\WOW6432Node\Microsoft\Windows\CurrentVersion\Run\0ff91641118b8ba71feb1aa87725fe56</Data><Data Name='Details'>"C:\Users\Administrator\AppData\Local\Temp\server.com" ..</Data><Data Name='User'>ATTACKRANGE\Administrator</Data></EventData></Event>
<Event xmlns='http://schemas.microsoft.com/win/2004/08/events/event'><System><Provider Name='Microsoft-Windows-Sysmon' Guid='{5770385F-C22A-43E0-BF4C-06F5698FFBD9}'/><EventID>13</EventID><Version>2</Version><Level>4</Level><Task>13</Task><Opcode>0</Opcode><Keywords>0x8000000000000000</Keywords><TimeCreated SystemTime='2023-09-14T09:17:26.910659400Z'/><EventRecordID>60126</EventRecordID><Correlation/><Execution ProcessID='2444' ThreadID='2820'/><Channel>Microsoft-Windows-Sysmon/Operational</Channel><Computer>ar-win-dc.attackrange.local</Computer><Security UserID='S-1-5-18'/></System><EventData><Data Name='RuleName'>T1060,RunKey</Data><Data Name='EventType'>SetValue</Data><Data Name='UtcTime'>2023-09-14 09:17:26.910</Data><Data Name='ProcessGuid'>{8814F3F5-CD65-6502-6A02-000000000F03}</Data><Data Name='ProcessId'>3764</Data><Data Name='Image'>C:\Users\Administrator\AppData\Local\Temp\server.com</Data><Data Name='TargetObject'>HKU\S-1-5-21-2571799417-433382502-1180051742-500\SOFTWARE\Microsoft\Windows\CurrentVersion\Run\0ff91641118b8ba71feb1aa87725fe56</Data><Data Name='Details'>"C:\Users\Administrator\AppData\Local\Temp\server.com" ..</Data><Data Name='User'>ATTACKRANGE\Administrator</Data></EventData></Event>
<Event xmlns='http://schemas.microsoft.com/win/2004/08/events/event'><System><Provider Name='Microsoft-Windows-Sysmon' Guid='{5770385F-C22A-43E0-BF4C-06F5698FFBD9}'/><EventID>13</EventID><Version>2</Version><Level>4</Level><Task>13</Task><Opcode>0</Opcode><Keywords>0x8000000000000000</Keywords><TimeCreated SystemTime='2023-09-14T09:17:25.895072300Z'/><EventRecordID>60125</EventRecordID><Correlation/><Execution ProcessID='2444' ThreadID='2820'/><Channel>Microsoft-Windows-Sysmon/Operational</Channel><Computer>ar-win-dc.attackrange.local</Computer><Security UserID='S-1-5-18'/></System><EventData><Data Name='RuleName'>T1060,RunKey</Data><Data Name='EventType'>SetValue</Data><Data Name='UtcTime'>2023-09-14 09:17:25.894</Data><Data Name='ProcessGuid'>{8814F3F5-CD65-6502-6A02-000000000F03}</Data><Data Name='ProcessId'>3764</Data><Data Name='Image'>C:\Users\Administrator\AppData\Local\Temp\server.com</Data><Data Name='TargetObject'>HKLM\SOFTWARE\WOW6432Node\Microsoft\Windows\CurrentVersion\Run\0ff91641118b8ba71feb1aa87725fe56</Data><Data Name='Details'>"C:\Users\Administrator\AppData\Local\Temp\server.com" ..</Data><Data Name='User'>ATTACKRANGE\Administrator</Data></EventData></Event>
<Event xmlns='http://schemas.microsoft.com/win/2004/08/events/event'><System><Provider Name='Microsoft-Windows-Sysmon' Guid='{5770385F-C22A-43E0-BF4C-06F5698FFBD9}'/><EventID>13</EventID><Version>2</Version><Level>4</Level><Task>13</Task><Opcode>0</Opcode><Keywords>0x8000000000000000</Keywords><TimeCreated SystemTime='2023-09-14T09:17:25.894940400Z'/><EventRecordID>60124</EventRecordID><Correlation/><Execution ProcessID='2444' ThreadID='2820'/><Channel>Microsoft-Windows-Sysmon/Operational</Channel><Computer>ar-win-dc.attackrange.local</Computer><Security UserID='S-1-5-18'/></System><EventData><Data Name='RuleName'>T1060,RunKey</Data><Data Name='EventType'>SetValue</Data><Data Name='UtcTime'>2023-09-14 09:17:25.894</Data><Data Name='ProcessGuid'>{8814F3F5-CD65-6502-6A02-000000000F03}</Data><Data Name='ProcessId'>3764</Data><Data Name='Image'>C:\Users\Administrator\AppData\Local\Temp\server.com</Data><Data Name='TargetObject'>HKU\S-1-5-21-2571799417-433382502-1180051742-500\SOFTWARE\Microsoft\Windows\CurrentVersion\Run\0ff91641118b8ba71feb1aa87725fe56</Data><Data Name='Details'>"C:\Users\Administrator\AppData\Local\Temp\server.com" ..</Data><Data Name='User'>ATTACKRANGE\Administrator</Data></EventData></Event>
<Event xmlns='http://schemas.microsoft.com/win/2004/08/events/event'><System><Provider Name='Microsoft-Windows-Sysmon' Guid='{5770385F-C22A-43E0-BF4C-06F5698FFBD9}'/><EventID>13</EventID><Version>2</Version><Level>4</Level><Task>13</Task><Opcode>0</Opcode><Keywords>0x8000000000000000</Keywords><TimeCreated SystemTime='2023-09-14T09:17:24.879971000Z'/><EventRecordID>60123</EventRecordID><Correlation/><Execution ProcessID='2444' ThreadID='2820'/><Channel>Microsoft-Windows-Sysmon/Operational</Channel><Computer>ar-win-dc.attackrange.local</Computer><Security UserID='S-1-5-18'/></System><EventData><Data Name='RuleName'>T1060,RunKey</Data><Data Name='EventType'>SetValue</Data><Data Name='UtcTime'>2023-09-14 09:17:24.878</Data><Data Name='ProcessGuid'>{8814F3F5-CD65-6502-6A02-000000000F03}</Data><Data Name='ProcessId'>3764</Data><Data Name='Image'>C:\Users\Administrator\AppData\Local\Temp\server.com</Data><Data Name='TargetObject'>HKLM\SOFTWARE\WOW6432Node\Microsoft\Windows\CurrentVersion\Run\0ff91641118b8ba71feb1aa87725fe56</Data><Data Name='Details'>"C:\Users\Administrator\AppData\Local\Temp\server.com" ..</Data><Data Name='User'>ATTACKRANGE\Administrator</Data></EventData></Event>
<Event xmlns='http://schemas.microsoft.com/win/2004/08/events/event'><System><Provider Name='Microsoft-Windows-Sysmon' Guid='{5770385F-C22A-43E0-BF4C-06F5698FFBD9}'/><EventID>13</EventID><Version>2</Version><Level>4</Level><Task>13</Task><Opcode>0</Opcode><Keywords>0x8000000000000000</Keywords><TimeCreated SystemTime='2023-09-14T09:17:24.879876800Z'/><EventRecordID>60122</EventRecordID><Correlation/><Execution ProcessID='2444' ThreadID='2820'/><Channel>Microsoft-Windows-Sysmon/Operational</Channel><Computer>ar-win-dc.attackrange.local</Computer><Security UserID='S-1-5-18'/></System><EventData><Data Name='RuleName'>T1060,RunKey</Data><Data Name='EventType'>SetValue</Data><Data Name='UtcTime'>2023-09-14 09:17:24.878</Data><Data Name='ProcessGuid'>{8814F3F5-CD65-6502-6A02-000000000F03}</Data><Data Name='ProcessId'>3764</Data><Data Name='Image'>C:\Users\Administrator\AppData\Local\Temp\server.com</Data><Data Name='TargetObject'>HKU\S-1-5-21-2571799417-433382502-1180051742-500\SOFTWARE\Microsoft\Windows\CurrentVersion\Run\0ff91641118b8ba71feb1aa87725fe56</Data><Data Name='Details'>"C:\Users\Administrator\AppData\Local\Temp\server.com" ..</Data><Data Name='User'>ATTACKRANGE\Administrator</Data></EventData></Event>
<Event xmlns='http://schemas.microsoft.com/win/2004/08/events/event'><System><Provider Name='Microsoft-Windows-Sysmon' Guid='{5770385F-C22A-43E0-BF4C-06F5698FFBD9}'/><EventID>13</EventID><Version>2</Version><Level>4</Level><Task>13</Task><Opcode>0</Opcode><Keywords>0x8000000000000000</Keywords><TimeCreated SystemTime='2023-09-14T09:17:23.864361100Z'/><EventRecordID>60121</EventRecordID><Correlation/><Execution ProcessID='2444' ThreadID='2820'/><Channel>Microsoft-Windows-Sysmon/Operational</Channel><Computer>ar-win-dc.attackrange.local</Computer><Security UserID='S-1-5-18'/></System><EventData><Data Name='RuleName'>T1060,RunKey</Data><Data Name='EventType'>SetValue</Data><Data Name='UtcTime'>2023-09-14 09:17:23.863</Data><Data Name='ProcessGuid'>{8814F3F5-CD65-6502-6A02-000000000F03}</Data><Data Name='ProcessId'>3764</Data><Data Name='Image'>C:\Users\Administrator\AppData\Local\Temp\server.com</Data><Data Name='TargetObject'>HKLM\SOFTWARE\WOW6432Node\Microsoft\Windows\CurrentVersion\Run\0ff91641118b8ba71feb1aa87725fe56</Data><Data Name='Details'>"C:\Users\Administrator\AppData\Local\Temp\server.com" ..</Data><Data Name='User'>ATTACKRANGE\Administrator</Data></EventData></Event>
<Event xmlns='http://schemas.microsoft.com/win/2004/08/events/event'><System><Provider Name='Microsoft-Windows-Sysmon' Guid='{5770385F-C22A-43E0-BF4C-06F5698FFBD9}'/><EventID>13</EventID><Version>2</Version><Level>4</Level><Task>13</Task><Opcode>0</Opcode><Keywords>0x8000000000000000</Keywords><TimeCreated SystemTime='2023-09-14T09:17:23.864302900Z'/><EventRecordID>60120</EventRecordID><Correlation/><Execution ProcessID='2444' ThreadID='2820'/><Channel>Microsoft-Windows-Sysmon/Operational</Channel><Computer>ar-win-dc.attackrange.local</Computer><Security UserID='S-1-5-18'/></System><EventData><Data Name='RuleName'>T1060,RunKey</Data><Data Name='EventType'>SetValue</Data><Data Name='UtcTime'>2023-09-14 09:17:23.863</Data><Data Name='ProcessGuid'>{8814F3F5-CD65-6502-6A02-000000000F03}</Data><Data Name='ProcessId'>3764</Data><Data Name='Image'>C:\Users\Administrator\AppData\Local\Temp\server.com</Data><Data Name='TargetObject'>HKU\S-1-5-21-2571799417-433382502-1180051742-500\SOFTWARE\Microsoft\Windows\CurrentVersion\Run\0ff91641118b8ba71feb1aa87725fe56</Data><Data Name='Details'>"C:\Users\Administrator\AppData\Local\Temp\server.com" ..</Data><Data Name='User'>ATTACKRANGE\Administrator</Data></EventData></Event>
<Event xmlns='http://schemas.microsoft.com/win/2004/08/events/event'><System><Provider Name='Microsoft-Windows-Sysmon' Guid='{5770385F-C22A-43E0-BF4C-06F5698FFBD9}'/><EventID>13</EventID><Version>2</Version><Level>4</Level><Task>13</Task><Opcode>0</Opcode><Keywords>0x8000000000000000</Keywords><TimeCreated SystemTime='2023-09-14T09:17:22.848156100Z'/><EventRecordID>60119</EventRecordID><Correlation/><Execution ProcessID='2444' ThreadID='2820'/><Channel>Microsoft-Windows-Sysmon/Operational</Channel><Computer>ar-win-dc.attackrange.local</Computer><Security UserID='S-1-5-18'/></System><EventData><Data Name='RuleName'>T1060,RunKey</Data><Data Name='EventType'>SetValue</Data><Data Name='UtcTime'>2023-09-14 09:17:22.847</Data><Data Name='ProcessGuid'>{8814F3F5-CD65-6502-6A02-000000000F03}</Data><Data Name='ProcessId'>3764</Data><Data Name='Image'>C:\Users\Administrator\AppData\Local\Temp\server.com</Data><Data Name='TargetObject'>HKLM\SOFTWARE\WOW6432Node\Microsoft\Windows\CurrentVersion\Run\0ff91641118b8ba71feb1aa87725fe56</Data><Data Name='Details'>"C:\Users\Administrator\AppData\Local\Temp\server.com" ..</Data><Data Name='User'>ATTACKRANGE\Administrator</Data></EventData></Event>
<Event xmlns='http://schemas.microsoft.com/win/2004/08/events/event'><System><Provider Name='Microsoft-Windows-Sysmon' Guid='{5770385F-C22A-43E0-BF4C-06F5698FFBD9}'/><EventID>13</EventID><Version>2</Version><Level>4</Level><Task>13</Task><Opcode>0</Opcode><Keywords>0x8000000000000000</Keywords><TimeCreated SystemTime='2023-09-14T09:17:22.848006600Z'/><EventRecordID>60118</EventRecordID><Correlation/><Execution ProcessID='2444' ThreadID='2820'/><Channel>Microsoft-Windows-Sysmon/Operational</Channel><Computer>ar-win-dc.attackrange.local</Computer><Security UserID='S-1-5-18'/></System><EventData><Data Name='RuleName'>T1060,RunKey</Data><Data Name='EventType'>SetValue</Data><Data Name='UtcTime'>2023-09-14 09:17:22.847</Data><Data Name='ProcessGuid'>{8814F3F5-CD65-6502-6A02-000000000F03}</Data><Data Name='ProcessId'>3764</Data><Data Name='Image'>C:\Users\Administrator\AppData\Local\Temp\server.com</Data><Data Name='TargetObject'>HKU\S-1-5-21-2571799417-433382502-1180051742-500\SOFTWARE\Microsoft\Windows\CurrentVersion\Run\0ff91641118b8ba71feb1aa87725fe56</Data><Data Name='Details'>"C:\Users\Administrator\AppData\Local\Temp\server.com" ..</Data><Data Name='User'>ATTACKRANGE\Administrator</Data></EventData></Event>
<Event xmlns='http://schemas.microsoft.com/win/2004/08/events/event'><System><Provider Name='Microsoft-Windows-Sysmon' Guid='{5770385F-C22A-43E0-BF4C-06F5698FFBD9}'/><EventID>13</EventID><Version>2</Version><Level>4</Level><Task>13</Task><Opcode>0</Opcode><Keywords>0x8000000000000000</Keywords><TimeCreated SystemTime='2023-09-14T09:17:21.832961600Z'/><EventRecordID>60117</EventRecordID><Correlation/><Execution ProcessID='2444' ThreadID='2820'/><Channel>Microsoft-Windows-Sysmon/Operational</Channel><Computer>ar-win-dc.attackrange.local</Computer><Security UserID='S-1-5-18'/></System><EventData><Data Name='RuleName'>T1060,RunKey</Data><Data Name='EventType'>SetValue</Data><Data Name='UtcTime'>2023-09-14 09:17:21.832</Data><Data Name='ProcessGuid'>{8814F3F5-CD65-6502-6A02-000000000F03}</Data><Data Name='ProcessId'>3764</Data><Data Name='Image'>C:\Users\Administrator\AppData\Local\Temp\server.com</Data><Data Name='TargetObject'>HKLM\SOFTWARE\WOW6432Node\Microsoft\Windows\CurrentVersion\Run\0ff91641118b8ba71feb1aa87725fe56</Data><Data Name='Details'>"C:\Users\Administrator\AppData\Local\Temp\server.com" ..</Data><Data Name='User'>ATTACKRANGE\Administrator</Data></EventData></Event>
<Event xmlns='http://schemas.microsoft.com/win/2004/08/events/event'><System><Provider Name='Microsoft-Windows-Sysmon' Guid='{5770385F-C22A-43E0-BF4C-06F5698FFBD9}'/><EventID>13</EventID><Version>2</Version><Level>4</Level><Task>13</Task><Opcode>0</Opcode><Keywords>0x8000000000000000</Keywords><TimeCreated SystemTime='2023-09-14T09:17:21.832904700Z'/><EventRecordID>60116</EventRecordID><Correlation/><Execution ProcessID='2444' ThreadID='2820'/><Channel>Microsoft-Windows-Sysmon/Operational</Channel><Computer>ar-win-dc.attackrange.local</Computer><Security UserID='S-1-5-18'/></System><EventData><Data Name='RuleName'>T1060,RunKey</Data><Data Name='EventType'>SetValue</Data><Data Name='UtcTime'>2023-09-14 09:17:21.832</Data><Data Name='ProcessGuid'>{8814F3F5-CD65-6502-6A02-000000000F03}</Data><Data Name='ProcessId'>3764</Data><Data Name='Image'>C:\Users\Administrator\AppData\Local\Temp\server.com</Data><Data Name='TargetObject'>HKU\S-1-5-21-2571799417-433382502-1180051742-500\SOFTWARE\Microsoft\Windows\CurrentVersion\Run\0ff91641118b8ba71feb1aa87725fe56</Data><Data Name='Details'>"C:\Users\Administrator\AppData\Local\Temp\server.com" ..</Data><Data Name='User'>ATTACKRANGE\Administrator</Data></EventData></Event>
<Event xmlns='http://schemas.microsoft.com/win/2004/08/events/event'><System><Provider Name='Microsoft-Windows-Sysmon' Guid='{5770385F-C22A-43E0-BF4C-06F5698FFBD9}'/><EventID>13</EventID><Version>2</Version><Level>4</Level><Task>13</Task><Opcode>0</Opcode><Keywords>0x8000000000000000</Keywords><TimeCreated SystemTime='2023-09-14T09:17:20.817822300Z'/><EventRecordID>60115</EventRecordID><Correlation/><Execution ProcessID='2444' ThreadID='2820'/><Channel>Microsoft-Windows-Sysmon/Operational</Channel><Computer>ar-win-dc.attackrange.local</Computer><Security UserID='S-1-5-18'/></System><EventData><Data Name='RuleName'>T1060,RunKey</Data><Data Name='EventType'>SetValue</Data><Data Name='UtcTime'>2023-09-14 09:17:20.816</Data><Data Name='ProcessGuid'>{8814F3F5-CD65-6502-6A02-000000000F03}</Data><Data Name='ProcessId'>3764</Data><Data Name='Image'>C:\Users\Administrator\AppData\Local\Temp\server.com</Data><Data Name='TargetObject'>HKLM\SOFTWARE\WOW6432Node\Microsoft\Windows\CurrentVersion\Run\0ff91641118b8ba71feb1aa87725fe56</Data><Data Name='Details'>"C:\Users\Administrator\AppData\Local\Temp\server.com" ..</Data><Data Name='User'>ATTACKRANGE\Administrator</Data></EventData></Event>
