<Event xmlns='http://schemas.microsoft.com/win/2004/08/events/event'><System><Provider Name='Microsoft-Windows-PowerShell' Guid='{a0c1853b-5c40-4b15-8766-3cf1c58f985a}'/><EventID>4104</EventID><Version>1</Version><Level>5</Level><Task>2</Task><Opcode>15</Opcode><Keywords>0x0</Keywords><TimeCreated SystemTime='2025-02-04T16:26:18.6726591Z'/><EventRecordID>513646</EventRecordID><Correlation ActivityID='{12356087-7406-0000-a8b4-36120674db01}'/><Execution ProcessID='1712' ThreadID='6924'/><Channel>Microsoft-Windows-PowerShell/Operational</Channel><Computer>ar-win-dc.attackrange.local</Computer><Security UserID='S-1-5-21-26273642-2342717390-2342477205-500'/></System><EventData><Data Name='MessageNumber'>1</Data><Data Name='MessageTotal'>1</Data><Data Name='ScriptBlockText'>$ErrorActionPreference = 'Continue'
Write-Host 'Running: Authentication test'
Invoke-Sqlcmd -ServerInstance 'localhost' -Database 'master' -Username 'sa' -Password 'ComplexPass123!' -Query 'SELECT SYSTEM_USER AS CurrentUser' -TrustServerCertificate</Data><Data Name='ScriptBlockId'>c227dd60-eeba-4102-b862-14a5ad041da8</Data><Data Name='Path'></Data></EventData></Event>
<Event xmlns='http://schemas.microsoft.com/win/2004/08/events/event'><System><Provider Name='Microsoft-Windows-PowerShell' Guid='{a0c1853b-5c40-4b15-8766-3cf1c58f985a}'/><EventID>4104</EventID><Version>1</Version><Level>5</Level><Task>2</Task><Opcode>15</Opcode><Keywords>0x0</Keywords><TimeCreated SystemTime='2025-02-04T16:26:15.6459643Z'/><EventRecordID>513439</EventRecordID><Correlation ActivityID='{12356087-7406-0003-2693-35120674db01}'/><Execution ProcessID='1076' ThreadID='2584'/><Channel>Microsoft-Windows-PowerShell/Operational</Channel><Computer>ar-win-dc.attackrange.local</Computer><Security UserID='S-1-5-21-26273642-2342717390-2342477205-500'/></System><EventData><Data Name='MessageNumber'>1</Data><Data Name='MessageTotal'>1</Data><Data Name='ScriptBlockText'>$ErrorActionPreference = 'Continue'
Write-Host 'Running: Basic version query'
Invoke-Sqlcmd -ServerInstance 'localhost' -Database 'master' -Username 'sa' -Password 'ComplexPass123!' -Query 'SELECT @@version' -TrustServerCertificate</Data><Data Name='ScriptBlockId'>a2ead146-d2dd-4ca9-8389-db53c2ad93a8</Data><Data Name='Path'></Data></EventData></Event>
<Event xmlns='http://schemas.microsoft.com/win/2004/08/events/event'><System><Provider Name='Microsoft-Windows-PowerShell' Guid='{a0c1853b-5c40-4b15-8766-3cf1c58f985a}'/><EventID>4104</EventID><Version>1</Version><Level>5</Level><Task>2</Task><Opcode>15</Opcode><Keywords>0x0</Keywords><TimeCreated SystemTime='2025-02-04T16:03:00.4808026Z'/><EventRecordID>513117</EventRecordID><Correlation ActivityID='{12356087-7406-0002-e03c-37120674db01}'/><Execution ProcessID='2348' ThreadID='7788'/><Channel>Microsoft-Windows-PowerShell/Operational</Channel><Computer>ar-win-dc.attackrange.local</Computer><Security UserID='S-1-5-21-26273642-2342717390-2342477205-500'/></System><EventData><Data Name='MessageNumber'>1</Data><Data Name='MessageTotal'>1</Data><Data Name='ScriptBlockText'>function Invoke-SqlTest {
    param (
        [string]$Query,
        [string]$Description,
        [ValidateSet('Invoke-Sqlcmd', 'sqlcmd.exe')]
        [string]$Method
    )
    
    Write-Host "`nExecuting: $Description using $Method" -ForegroundColor Cyan
    try {
        if ($Method -eq 'sqlcmd.exe') {
            &amp; sqlcmd -S $Server -d $Database -U $Username -P $Password -Q $Query -b
            Write-Host "Test completed successfully" -ForegroundColor Green
            return $true
        } else {
            Invoke-Sqlcmd -ServerInstance $Server -Database $Database -Username $Username -Password $Password `
                -Query $Query -TrustServerCertificate
            Write-Host "Test completed successfully" -ForegroundColor Green
            return $true
        }
    }
    catch {
        Write-Host "Test failed: $_" -ForegroundColor Red
        return $false
    }
}</Data><Data Name='ScriptBlockId'>b26b41b0-4b6c-4ff8-a27d-8b67d956190d</Data><Data Name='Path'>C:\Users\Administrator\Desktop\sqlcmd.ps1</Data></EventData></Event>
<Event xmlns='http://schemas.microsoft.com/win/2004/08/events/event'><System><Provider Name='Microsoft-Windows-PowerShell' Guid='{a0c1853b-5c40-4b15-8766-3cf1c58f985a}'/><EventID>4104</EventID><Version>1</Version><Level>5</Level><Task>2</Task><Opcode>15</Opcode><Keywords>0x0</Keywords><TimeCreated SystemTime='2025-02-04T16:02:57.9260849Z'/><EventRecordID>513036</EventRecordID><Correlation ActivityID='{12356087-7406-0000-b4ab-36120674db01}'/><Execution ProcessID='7660' ThreadID='6108'/><Channel>Microsoft-Windows-PowerShell/Operational</Channel><Computer>ar-win-dc.attackrange.local</Computer><Security UserID='S-1-5-21-26273642-2342717390-2342477205-500'/></System><EventData><Data Name='MessageNumber'>1</Data><Data Name='MessageTotal'>1</Data><Data Name='ScriptBlockText'>$ErrorActionPreference = 'Continue'
Write-Host 'Running: System principals query'
Invoke-Sqlcmd -ServerInstance 'localhost' -Database 'master' -Username 'sa' -Password 'ComplexPass123!' -Query 'SELECT name, type_desc FROM sys.server_principals' -TrustServerCertificate</Data><Data Name='ScriptBlockId'>35cb4e4a-3b0e-4cbb-96cc-c090c404d29e</Data><Data Name='Path'></Data></EventData></Event>
<Event xmlns='http://schemas.microsoft.com/win/2004/08/events/event'><System><Provider Name='Microsoft-Windows-PowerShell' Guid='{a0c1853b-5c40-4b15-8766-3cf1c58f985a}'/><EventID>4104</EventID><Version>1</Version><Level>5</Level><Task>2</Task><Opcode>15</Opcode><Keywords>0x0</Keywords><TimeCreated SystemTime='2025-02-04T16:02:54.9446436Z'/><EventRecordID>512834</EventRecordID><Correlation ActivityID='{12356087-7406-0002-363c-37120674db01}'/><Execution ProcessID='6960' ThreadID='176'/><Channel>Microsoft-Windows-PowerShell/Operational</Channel><Computer>ar-win-dc.attackrange.local</Computer><Security UserID='S-1-5-21-26273642-2342717390-2342477205-500'/></System><EventData><Data Name='MessageNumber'>1</Data><Data Name='MessageTotal'>3</Data><Data Name='ScriptBlockText'># Copyright (c) Microsoft Corporation.
# Licensed under the MIT license.

Set-StrictMode -Version Latest

function Invoke-SqlNotebook {

    [CmdletBinding(DefaultParameterSetName="ByConnectionParameters")]

    [Diagnostics.CodeAnalysis.SuppressMessageAttribute("PSUsePSCredentialType", "Username", Justification="Intentionally allowing User/Password, in addition to a PSCredential parameter.")]
    [Diagnostics.CodeAnalysis.SuppressMessageAttribute("PSAvoidUsingPlainTextForPassword", "Password", Justification="Intentionally allowing User/Password, in addition to a PSCredential parameter.")]
    [Diagnostics.CodeAnalysis.SuppressMessageAttribute("PSAvoidUsingUsernameAndPasswordParams", "", Justification="Intentionally allowing User/Password, in addition to a PSCredential parameter.")]

    # Parameters
    param(
        [Parameter(Mandatory = $false, ParameterSetName = 'ByConnectionParameters')]$ServerInstance,
        [Parameter(Mandatory = $false, ParameterSetName = 'ByConnectionParameters')]$Database,
        [Parameter(Mandatory = $false, ParameterSetName = 'ByConnectionParameters')][ValidateNotNullorEmpty()]$Username,
        [Parameter(Mandatory = $false, ParameterSetName = 'ByConnectionParameters')][ValidateNotNullorEmpty()]$Password,

        [Parameter(Mandatory = $false, ParameterSetName = 'ByConnectionString')][ValidateNotNullorEmpty()]$ConnectionString,
        [Parameter(Mandatory = $false, ParameterSetName = 'ByConnectionParameters')][ValidateNotNullorEmpty()][PSCredential]$Credential,
        [Parameter(Mandatory = $true, ParameterSetName='ByInputFile')]
        [Parameter(ParameterSetName = 'ByConnectionParameters')]
        [Parameter(ParameterSetName = 'ByConnectionString')]$InputFile,
        [Parameter(Mandatory = $true, ParameterSetName='ByInputObject')]
        [Parameter(ParameterSetName = 'ByConnectionParameters')]
        [Parameter(ParameterSetName = 'ByConnectionString')]$InputObject,
        [Parameter(Mandatory = $false)][ValidateNotNullorEmpty()]$OutputFile,

        [Parameter(Mandatory = $false, ParameterSetName = 'ByConnectionParameters')][ValidateNotNullorEmpty()][PSObject]$AccessToken,
        [Parameter(Mandatory = $false, ParameterSetName = 'ByConnectionParameters')][Switch]$TrustServerCertificate,
        [Parameter(Mandatory = $false, ParameterSetName = 'ByConnectionParameters')][ValidateSet("Mandatory", "Optional", "Strict")][string]$Encrypt,
        [Parameter(Mandatory = $false, ParameterSetName = 'ByConnectionParameters')][ValidateNotNull()][string]$HostNameInCertificate,

        [Switch]$Force
    )

    #Checks to see if OutputFile is given
    #If it is, checks to see if extension is there
    function getOutputFile($inputFile,$outputFile) {
        if($outputFile) {
            $extn = [IO.Path]::GetExtension($outputFile)
            if ($extn.Length -eq 0) {
                $outputFile = ($outputFile + ".ipynb")
            }
            $outputFile
        }
        else {
            #If User does not define Output it will use the inputFile file location
            $fileinfo = Get-Item $inputFile

            # Create an output file based on the file path of input and name
            Join-Path $fileinfo.DirectoryName ($fileinfo.BaseName + "_out" + $fileinfo.Extension)
        }
    }

    #Validates InputFile and Converts InputFile to Json Object
    function getFileContents($inputfile) {

        if (-not (Test-Path -Path $inputfile)) {
            Throw New-Object System.IO.FileNotFoundException ($inputfile + " does not exist")
        }

        $fileItem = Get-Item $inputfile

        #Checking if file is a python notebook
        if ($fileItem.Extension -ne ".ipynb") {
            Throw New-Object System.FormatException "Only ipynb files are supported"
        }

        $fileContent = Get-Content $inputfile
        try {
            $fileContentJson = ($fileContent | ConvertFrom-Json)
        }
        catch {
            Throw New-Object System.FormatException "Malformed Json file"
        }
        $fileContentJson
    }

    #Validate SQL Kernel Notebook
    function validateKernelType($fileContentJson) {
        if ($fileContentJson.metadata.kernelspec.name -ne "SQL") {
            Throw New-Object System.NotSupportedException "Kernel type '$($fileContentJson.metadata.kernelspec.name)' not supported."
        }
    }

    #Validate non-existing output file
    #If file exists and $throwifexists, an exception is thrown.
    function validateExistingOutputFile($outputfile, $throwifexists) {
        if ($outputfile -and (Test-Path $outputfile) -and $throwifexists) {
            Throw New-Object System.IO.IOException "The file '$($outputfile)' already exists. Please, specify -Force to overwrite it."
        }
    }

    #Parsing Notebook Data to Notebook Output
    function ParseTableToNotebookOutput {
        param (
            [System.Data.DataTable]
            $DataTable,

            [int]
            $CellExecutionCount
        )
        $TableHTMLText = "&lt;table&gt;"
        $TableSchemaFeilds = @()
        $TableHTMLText += "&lt;tr&gt;"
        foreach ($ColumnName in $DataTable.Columns) {
            $TableSchemaFeilds += @(@{name = $ColumnName.toString() })
            $TableHTMLText += "&lt;th&gt;" + $ColumnName.toString() + "&lt;/th&gt;"
        }
        $TableHTMLText += "&lt;/tr&gt;"
        $TableSchema = @{ }
        $TableSchema["fields"] = $TableSchemaFeilds

        $TableDataRows = @()
        foreach ($Row in $DataTable) {
            $TableDataRow = [ordered]@{ }
            $TableHTMLText += "&lt;tr&gt;"
            $i = 0
            foreach ($Cell in $Row.ItemArray) {
                $TableDataRow[$i.ToString()] = $Cell.toString()
                $TableHTMLText += "&lt;td&gt;" + $Cell.toString() + "&lt;/td&gt;"
                $i++
            }
            $TableHTMLText += "&lt;/tr&gt;"
            $TableDataRows += $TableDataRow
        }

        $TableDataResource = @{ }
        $TableDataResource["schema"] = $TableSchema
        $TableDataResource["data"] = $TableDataRows
        $TableData = @{ }
        $TableData["application/vnd.dataresource+json"] = $TableDataResource
        $TableData["text/html"] = $TableHTMLText
        $TableOutput = @{ }
        $TableOutput["output_type"] = "execute_result"
        $TableOutput["data"] = $TableData
        $TableOutput["metadata"] = @{ }
        $TableOutput["execution_count"] = $CellExecutionCount
        return $TableOutput
    }

    #Parsing the Error Messages to Notebook Output
    function ParseQueryErrorToNotebookOutput {
        param (
            $QueryError
        )
        &lt;#
        Following the current syntax of errors in T-SQL notebooks from ADS
        #&gt;
        $ErrorString = "Msg " + $QueryError.Exception.InnerException.Number +
        ", Level " + $QueryError.Exception.InnerException.Class +
        ", State " + $QueryError.Exception.InnerException.State +
        ", Line " + $QueryError.Exception.InnerException.LineNumber +
        "`r`n" + $QueryError.Exception.Message

        $ErrorOutput = @{ }
        $ErrorOutput["output_type"] = "error"
        $ErrorOutput["traceback"] = @()
        $ErrorOutput["evalue"] = $ErrorString
        return $ErrorOutput
    }

    #Parsing Messages to Notebook Output
    function ParseStringToNotebookOutput {
        param (
            [System.String]
            $InputString
        )
        &lt;#
        Parsing the string to notebook cell output.
        It's the standard Jupyter Syntax
        #&gt;
        $StringOutputData = @{ }
        $StringOutputData["text/html"] = $InputString
        $StringOutput = @{ }
        $StringOutput["output_type"] = "display_data"
        $StringOutput["data"] = $StringOutputData
        $StringOutput["metadata"] = @{ }
        return $StringOutput
    }

    #Start of Script
    #Checks to see if InputFile or InputObject was entered

    #Checks to InputFile Type and initializes OutputFile
    if ($InputFile -is [System.String]) {
        $fileInformation = getFileContents($InputFile)
        $fileContent = $fileInformation[0]
        $OutputFile = getOutputFile $InputFile $OutputFile
    } elseif ($InputFile -is [System.IO.FileInfo]) {
        $fileInformation = getFileContents($InputFile.FullName)
        $fileContent = $fileInformation[0]
        $OutputFile = getOutputFile $InputFile $OutputFile
    } else {
        $fileContent = $InputObject
    }

    #Checks InputObject and converts that to appropriate Json object
    if ($InputObject -is [System.String]) {
        $fileContentJson = ($InputObject | ConvertFrom-Json)
        $fileContent = $fileContentJson[0]
    }

    #Validates only SQL Notebooks
    validateKernelType $fileContent

    #Validate that $OutputFile does not exist, or, if it exists a -Force was passed in.
    validateExistingOutputFile $OutputFile (-not $Force)

    #Setting params for Invoke-Sqlcmd
    $DatabaseQueryHashTable = @{ }

    #Checks to see if User entered ConnectionString or individual parameters
    if ($ConnectionString) {
        $DatabaseQueryHashTable["ConnectionString"] = $ConnectionString
    } else {
        if ($ServerInstance) {
            $DatabaseQueryHashTable["ServerInstance"] = $ServerInstance
        }
        if ($Database) {
            $DatabaseQueryHashTable["Database"] = $Database
        }
        #Checks to see if User entered AccessToken, Credential, or individual parameters
        if ($AccessToken) {
            # Currently, Invoke-Sqlcmd only supports an -AccessToken of type [string]
            if ($AccessToken -is [string]) {
                $DatabaseQueryHashTable["AccessToken"] = $AccessToken
            } else {
                # Assume $AccessToken has a 'Token' member that is a string
                $DatabaseQueryHashTable["AccessToken"] = $AccessToken.Token
            }
        } else {
            if ($Credential) {
                $DatabaseQueryHashTable["Credential"] = $Credential
            } else {
                if ($Username) {
                    $DatabaseQueryHashTable["Username"] = $Username
                }
                if ($Password) {
                    $DatabaseQueryHashTable["Password"] = $Password
                }
            }
        }
        if ($Encrypt) {
            $DatabaseQueryHashTable["Encrypt"] = $Encrypt
        }
        if ($TrustServerCertificate) {
            $DatabaseQueryHashTable["TrustServerCertificate"] = $TrustServerCertificate
        }
        if ($HostNameInCertificate) {
            $DatabaseQueryHashTable["HostNameInCertificate"] = $HostNameInCertificate
        }
    }

    #Setting additional parameters for Invoke-SQLCMD to get
    #all the information from Notebook execution to output
    $DatabaseQueryHashTable["Verbose"] = $true
    $DatabaseQueryHashTable["ErrorVariable"] = "SqlQueryError"
    $DatabaseQueryHashTable["OutputAs"] = "DataTables"

    #The first code cell number
    $cellExecutionCount = 1
    #Iterate through Notebook Cells
    $fileContent.cells | Where-Object {
        # Ignoring Markdown or raw cells
        $_.cell_ty</Data><Data Name='ScriptBlockId'>f96cc309-d873-4988-8c5e-d3f3f327ece2</Data><Data Name='Path'>C:\Program Files\WindowsPowerShell\Modules\SqlServer\22.3.0\SqlNotebook.psm1</Data></EventData></Event>
<Event xmlns='http://schemas.microsoft.com/win/2004/08/events/event'><System><Provider Name='Microsoft-Windows-PowerShell' Guid='{a0c1853b-5c40-4b15-8766-3cf1c58f985a}'/><EventID>4104</EventID><Version>1</Version><Level>5</Level><Task>2</Task><Opcode>15</Opcode><Keywords>0x0</Keywords><TimeCreated SystemTime='2025-02-04T16:02:54.9063365Z'/><EventRecordID>512828</EventRecordID><Correlation ActivityID='{12356087-7406-0000-70ab-36120674db01}'/><Execution ProcessID='6960' ThreadID='176'/><Channel>Microsoft-Windows-PowerShell/Operational</Channel><Computer>ar-win-dc.attackrange.local</Computer><Security UserID='S-1-5-21-26273642-2342717390-2342477205-500'/></System><EventData><Data Name='MessageNumber'>1</Data><Data Name='MessageTotal'>1</Data><Data Name='ScriptBlockText'>$ErrorActionPreference = 'Continue'
Write-Host 'Running: DataSet output test'
Invoke-Sqlcmd -ServerInstance 'localhost' -Database 'master' -Username 'sa' -Password 'ComplexPass123!' -Query 'SELECT name, database_id FROM sys.databases' -OutputAs DataSet -TrustServerCertificate</Data><Data Name='ScriptBlockId'>62a776e8-fcbb-401f-8642-158493d2cabc</Data><Data Name='Path'></Data></EventData></Event>
<Event xmlns='http://schemas.microsoft.com/win/2004/08/events/event'><System><Provider Name='Microsoft-Windows-PowerShell' Guid='{a0c1853b-5c40-4b15-8766-3cf1c58f985a}'/><EventID>4104</EventID><Version>1</Version><Level>5</Level><Task>2</Task><Opcode>15</Opcode><Keywords>0x0</Keywords><TimeCreated SystemTime='2025-02-04T16:02:51.9318884Z'/><EventRecordID>512627</EventRecordID><Correlation ActivityID='{12356087-7406-0000-20ab-36120674db01}'/><Execution ProcessID='5380' ThreadID='3456'/><Channel>Microsoft-Windows-PowerShell/Operational</Channel><Computer>ar-win-dc.attackrange.local</Computer><Security UserID='S-1-5-21-26273642-2342717390-2342477205-500'/></System><EventData><Data Name='MessageNumber'>1</Data><Data Name='MessageTotal'>2</Data><Data Name='ScriptBlockText'># Copyright (c) Microsoft Corporation.
# Licensed under the MIT license.

Set-StrictMode -Version Latest

function Invoke-SqlNotebook {

    [CmdletBinding(DefaultParameterSetName="ByConnectionParameters")]

    [Diagnostics.CodeAnalysis.SuppressMessageAttribute("PSUsePSCredentialType", "Username", Justification="Intentionally allowing User/Password, in addition to a PSCredential parameter.")]
    [Diagnostics.CodeAnalysis.SuppressMessageAttribute("PSAvoidUsingPlainTextForPassword", "Password", Justification="Intentionally allowing User/Password, in addition to a PSCredential parameter.")]
    [Diagnostics.CodeAnalysis.SuppressMessageAttribute("PSAvoidUsingUsernameAndPasswordParams", "", Justification="Intentionally allowing User/Password, in addition to a PSCredential parameter.")]

    # Parameters
    param(
        [Parameter(Mandatory = $false, ParameterSetName = 'ByConnectionParameters')]$ServerInstance,
        [Parameter(Mandatory = $false, ParameterSetName = 'ByConnectionParameters')]$Database,
        [Parameter(Mandatory = $false, ParameterSetName = 'ByConnectionParameters')][ValidateNotNullorEmpty()]$Username,
        [Parameter(Mandatory = $false, ParameterSetName = 'ByConnectionParameters')][ValidateNotNullorEmpty()]$Password,

        [Parameter(Mandatory = $false, ParameterSetName = 'ByConnectionString')][ValidateNotNullorEmpty()]$ConnectionString,
        [Parameter(Mandatory = $false, ParameterSetName = 'ByConnectionParameters')][ValidateNotNullorEmpty()][PSCredential]$Credential,
        [Parameter(Mandatory = $true, ParameterSetName='ByInputFile')]
        [Parameter(ParameterSetName = 'ByConnectionParameters')]
        [Parameter(ParameterSetName = 'ByConnectionString')]$InputFile,
        [Parameter(Mandatory = $true, ParameterSetName='ByInputObject')]
        [Parameter(ParameterSetName = 'ByConnectionParameters')]
        [Parameter(ParameterSetName = 'ByConnectionString')]$InputObject,
        [Parameter(Mandatory = $false)][ValidateNotNullorEmpty()]$OutputFile,

        [Parameter(Mandatory = $false, ParameterSetName = 'ByConnectionParameters')][ValidateNotNullorEmpty()][PSObject]$AccessToken,
        [Parameter(Mandatory = $false, ParameterSetName = 'ByConnectionParameters')][Switch]$TrustServerCertificate,
        [Parameter(Mandatory = $false, ParameterSetName = 'ByConnectionParameters')][ValidateSet("Mandatory", "Optional", "Strict")][string]$Encrypt,
        [Parameter(Mandatory = $false, ParameterSetName = 'ByConnectionParameters')][ValidateNotNull()][string]$HostNameInCertificate,

        [Switch]$Force
    )

    #Checks to see if OutputFile is given
    #If it is, checks to see if extension is there
    function getOutputFile($inputFile,$outputFile) {
        if($outputFile) {
            $extn = [IO.Path]::GetExtension($outputFile)
            if ($extn.Length -eq 0) {
                $outputFile = ($outputFile + ".ipynb")
            }
            $outputFile
        }
        else {
            #If User does not define Output it will use the inputFile file location
            $fileinfo = Get-Item $inputFile

            # Create an output file based on the file path of input and name
            Join-Path $fileinfo.DirectoryName ($fileinfo.BaseName + "_out" + $fileinfo.Extension)
        }
    }

    #Validates InputFile and Converts InputFile to Json Object
    function getFileContents($inputfile) {

        if (-not (Test-Path -Path $inputfile)) {
            Throw New-Object System.IO.FileNotFoundException ($inputfile + " does not exist")
        }

        $fileItem = Get-Item $inputfile

        #Checking if file is a python notebook
        if ($fileItem.Extension -ne ".ipynb") {
            Throw New-Object System.FormatException "Only ipynb files are supported"
        }

        $fileContent = Get-Content $inputfile
        try {
            $fileContentJson = ($fileContent | ConvertFrom-Json)
        }
        catch {
            Throw New-Object System.FormatException "Malformed Json file"
        }
        $fileContentJson
    }

    #Validate SQL Kernel Notebook
    function validateKernelType($fileContentJson) {
        if ($fileContentJson.metadata.kernelspec.name -ne "SQL") {
            Throw New-Object System.NotSupportedException "Kernel type '$($fileContentJson.metadata.kernelspec.name)' not supported."
        }
    }

    #Validate non-existing output file
    #If file exists and $throwifexists, an exception is thrown.
    function validateExistingOutputFile($outputfile, $throwifexists) {
        if ($outputfile -and (Test-Path $outputfile) -and $throwifexists) {
            Throw New-Object System.IO.IOException "The file '$($outputfile)' already exists. Please, specify -Force to overwrite it."
        }
    }

    #Parsing Notebook Data to Notebook Output
    function ParseTableToNotebookOutput {
        param (
            [System.Data.DataTable]
            $DataTable,

            [int]
            $CellExecutionCount
        )
        $TableHTMLText = "&lt;table&gt;"
        $TableSchemaFeilds = @()
        $TableHTMLText += "&lt;tr&gt;"
        foreach ($ColumnName in $DataTable.Columns) {
            $TableSchemaFeilds += @(@{name = $ColumnName.toString() })
            $TableHTMLText += "&lt;th&gt;" + $ColumnName.toString() + "&lt;/th&gt;"
        }
        $TableHTMLText += "&lt;/tr&gt;"
        $TableSchema = @{ }
        $TableSchema["fields"] = $TableSchemaFeilds

        $TableDataRows = @()
        foreach ($Row in $DataTable) {
            $TableDataRow = [ordered]@{ }
            $TableHTMLText += "&lt;tr&gt;"
            $i = 0
            foreach ($Cell in $Row.ItemArray) {
                $TableDataRow[$i.ToString()] = $Cell.toString()
                $TableHTMLText += "&lt;td&gt;" + $Cell.toString() + "&lt;/td&gt;"
                $i++
            }
            $TableHTMLText += "&lt;/tr&gt;"
            $TableDataRows += $TableDataRow
        }

        $TableDataResource = @{ }
        $TableDataResource["schema"] = $TableSchema
        $TableDataResource["data"] = $TableDataRows
        $TableData = @{ }
        $TableData["application/vnd.dataresource+json"] = $TableDataResource
        $TableData["text/html"] = $TableHTMLText
        $TableOutput = @{ }
        $TableOutput["output_type"] = "execute_result"
        $TableOutput["data"] = $TableData
        $TableOutput["metadata"] = @{ }
        $TableOutput["execution_count"] = $CellExecutionCount
        return $TableOutput
    }

    #Parsing the Error Messages to Notebook Output
    function ParseQueryErrorToNotebookOutput {
        param (
            $QueryError
        )
        &lt;#
        Following the current syntax of errors in T-SQL notebooks from ADS
        #&gt;
        $ErrorString = "Msg " + $QueryError.Exception.InnerException.Number +
        ", Level " + $QueryError.Exception.InnerException.Class +
        ", State " + $QueryError.Exception.InnerException.State +
        ", Line " + $QueryError.Exception.InnerException.LineNumber +
        "`r`n" + $QueryError.Exception.Message

        $ErrorOutput = @{ }
        $ErrorOutput["output_type"] = "error"
        $ErrorOutput["traceback"] = @()
        $ErrorOutput["evalue"] = $ErrorString
        return $ErrorOutput
    }

    #Parsing Messages to Notebook Output
    function ParseStringToNotebookOutput {
        param (
            [System.String]
            $InputString
        )
        &lt;#
        Parsing the string to notebook cell output.
        It's the standard Jupyter Syntax
        #&gt;
        $StringOutputData = @{ }
        $StringOutputData["text/html"] = $InputString
        $StringOutput = @{ }
        $StringOutput["output_type"] = "display_data"
        $StringOutput["data"] = $StringOutputData
        $StringOutput["metadata"] = @{ }
        return $StringOutput
    }

    #Start of Script
    #Checks to see if InputFile or InputObject was entered

    #Checks to InputFile Type and initializes OutputFile
    if ($InputFile -is [System.String]) {
        $fileInformation = getFileContents($InputFile)
        $fileContent = $fileInformation[0]
        $OutputFile = getOutputFile $InputFile $OutputFile
    } elseif ($InputFile -is [System.IO.FileInfo]) {
        $fileInformation = getFileContents($InputFile.FullName)
        $fileContent = $fileInformation[0]
        $OutputFile = getOutputFile $InputFile $OutputFile
    } else {
        $fileContent = $InputObject
    }

    #Checks InputObject and converts that to appropriate Json object
    if ($InputObject -is [System.String]) {
        $fileContentJson = ($InputObject | ConvertFrom-Json)
        $fileContent = $fileContentJson[0]
    }

    #Validates only SQL Notebooks
    validateKernelType $fileContent

    #Validate that $OutputFile does not exist, or, if it exists a -Force was passed in.
    validateExistingOutputFile $OutputFile (-not $Force)

    #Setting params for Invoke-Sqlcmd
    $DatabaseQueryHashTable = @{ }

    #Checks to see if User entered ConnectionString or individual parameters
    if ($ConnectionString) {
        $DatabaseQueryHashTable["ConnectionString"] = $ConnectionString
    } else {
        if ($ServerInstance) {
            $DatabaseQueryHashTable["ServerInstance"] = $ServerInstance
        }
        if ($Database) {
            $DatabaseQueryHashTable["Database"] = $Database
        }
        #Checks to see if User entered AccessToken, Credential, or individual parameters
        if ($AccessToken) {
            # Currently, Invoke-Sqlcmd only supports an -AccessToken of type [string]
            if ($AccessToken -is [string]) {
                $DatabaseQueryHashTable["AccessToken"] = $AccessToken
            } else {
                # Assume $AccessToken has a 'Token' member that is a string
                $DatabaseQueryHashTable["AccessToken"] = $AccessToken.Token
            }
        } else {
            if ($Credential) {
                $DatabaseQueryHashTable["Credential"] = $Credential
            } else {
                if ($Username) {
                    $DatabaseQueryHashTable["Username"] = $Username
                }
                if ($Password) {
                    $DatabaseQueryHashTable["Password"] = $Password
                }
            }
        }
        if ($Encrypt) {
            $DatabaseQueryHashTable["Encrypt"] = $Encrypt
        }
        if ($TrustServerCertificate) {
            $DatabaseQueryHashTable["TrustServerCertificate"] = $TrustServerCertificate
        }
        if ($HostNameInCertificate) {
            $DatabaseQueryHashTable["HostNameInCertificate"] = $HostNameInCertificate
        }
    }

    #Setting additional parameters for Invoke-SQLCMD to get
    #all the information from Notebook execution to output
    $DatabaseQueryHashTable["Verbose"] = $true
    $DatabaseQueryHashTable["ErrorVariable"] = "SqlQueryError"
    $DatabaseQueryHashTable["OutputAs"] = "DataTables"

    #The first code cell number
    $cellExecutionCount = 1
    #Iterate through Notebook Cells
    $fileContent.cells | Where-Object {
        # Ignoring Markdown or raw cells
        $_.cell_type -ne "markdown" -and $_.cell_type -ne "raw" -and $_.source -ne ""
    } | ForEach-Object {
        $NotebookCellOutputs = @()

        # Getting the source T-SQL from the cell
        # Note that the cell's source field can be
        # an array (or strings) or a scalar (string).
        # If an array, elements are properly terminated with CR/LF.
        $DatabaseQueryHashTable["Query"] = $_.source -join ''

        # Executing the T-SQL Query and storing the result and the time taken to execute
        $SqlQueryExecutionTime = Measure-Command {
            [Diagnostics.CodeAnalysis.SuppressMessageAttribute("PSUseDeclaredVarsMoreThanAssignments", "SqlQueryResult", Justification="Suppressing false warning.")]
            $SqlQueryResult = @( Invoke-Sqlcmd @DatabaseQueryHashTable -ErrorAction SilentlyContinue 4&gt;&amp;1)
        }

        # Setting the Notebook Cell Execution Count to increase count of each code cell
        # Note: handle the case where the 'execution_count' property is missing.
        if (-not ($_ | Get-Member execution_count)) {
            $_ | Add-Member -Name execution_count -Value $null -MemberType NoteProperty
        }
        $_.execution_count = $cellExecutionCount++

        $NotebookCellTableOutputs = @()

        &lt;#
        Iterating over the results by Invoke-Sqlcmd
        There are 2 types of errors:
        1. Verbose Output: Print Statements:
            These needs to be added to the beginning of the cell outputs
        2. Datatables from the database
            These needs to be added to the end of cell outputs
        #&gt;
        $SqlQueryResult | ForEach-Object {
            if ($_ -is [System.Management.Automation.VerboseRecord]) {
                # Adding the print statments to the cell outputs
                $NotebookCellOutputs += $(ParseStringToNotebookOutput($_.Message))
            } elseif ($_ -is [System.Data.DataTable]) {
                # Storing the print Tables into an array to be added later to the cell output
                $NotebookCellTableOutputs += $(ParseTableToNotebookOutput $_  $CellExecutionCount)
            } elseif ($_ -is [System.Data.DataRow]) {
                # Storing the print row into an array to be added later to the cell output
                $NotebookCellTableOutputs += $(ParseTableToNotebookOutput $_.Table  $CellExecutionCount)
            }
        }

        if ($SqlQueryError) {
            # Adding the parsed query error from Invoke-Sqlcmd
            $NotebookCellOutputs += $(ParseQueryErrorToNotebookOutput($SqlQueryError))
        }

        if ($SqlQueryExecutionTime) {
            # Adding the parsed execution time from Measure-Command
            $NotebookCellExcutionTimeString = "Total execution time: " + $SqlQueryExecutionTime.ToString()
            $NotebookCellOutputs += $(ParseStringToNotebookOutput($NotebookCellExcutionTimeString))
        }

        # Adding the data tables
        $NotebookCellOutputs += $NotebookCellTableOutputs

        # In the unlikely case the 'outputs' property is missing from the JSON
        # object, we add it.
        if (-not ($_ | Get-Member outputs)) {
            $_ | Add-Member -Name outputs -Value $null -MemberType NoteProperty
        }
        $_.outputs = $NotebookCellOutputs
    }

    # This will update the Output file according to the executed output of the notebook
    if ($OutputFile) {
        ($fileContent | ConvertTo-Json -Depth 100 ) | Out-File  -Encoding Ascii -FilePath $OutputFile
        Get-Item $OutputFile
    }
    else {
        $fileContent | ConvertTo-Json -Depth 100
</Data><Data Name='ScriptBlockId'>66685efb-c667-420f-b623-67e9a8230fd3</Data><Data Name='Path'>C:\Program Files\WindowsPowerShell\Modules\SqlServer\22.3.0\SqlNotebook.psm1</Data></EventData></Event>
<Event xmlns='http://schemas.microsoft.com/win/2004/08/events/event'><System><Provider Name='Microsoft-Windows-PowerShell' Guid='{a0c1853b-5c40-4b15-8766-3cf1c58f985a}'/><EventID>4104</EventID><Version>1</Version><Level>5</Level><Task>2</Task><Opcode>15</Opcode><Keywords>0x0</Keywords><TimeCreated SystemTime='2025-02-04T16:02:51.8941236Z'/><EventRecordID>512621</EventRecordID><Correlation ActivityID='{12356087-7406-0000-1eab-36120674db01}'/><Execution ProcessID='5380' ThreadID='3456'/><Channel>Microsoft-Windows-PowerShell/Operational</Channel><Computer>ar-win-dc.attackrange.local</Computer><Security UserID='S-1-5-21-26273642-2342717390-2342477205-500'/></System><EventData><Data Name='MessageNumber'>1</Data><Data Name='MessageTotal'>1</Data><Data Name='ScriptBlockText'>$ErrorActionPreference = 'Continue'
Write-Host 'Running: Authentication test'
Invoke-Sqlcmd -ServerInstance 'localhost' -Database 'master' -Username 'sa' -Password 'ComplexPass123!' -Query 'SELECT SYSTEM_USER AS CurrentUser' -TrustServerCertificate</Data><Data Name='ScriptBlockId'>8fe34b40-ff1d-4b15-9a6f-34811f5c2ece</Data><Data Name='Path'></Data></EventData></Event>
<Event xmlns='http://schemas.microsoft.com/win/2004/08/events/event'><System><Provider Name='Microsoft-Windows-PowerShell' Guid='{a0c1853b-5c40-4b15-8766-3cf1c58f985a}'/><EventID>4104</EventID><Version>1</Version><Level>5</Level><Task>2</Task><Opcode>15</Opcode><Keywords>0x0</Keywords><TimeCreated SystemTime='2025-02-04T16:02:48.8624133Z'/><EventRecordID>512414</EventRecordID><Correlation ActivityID='{12356087-7406-0000-90aa-36120674db01}'/><Execution ProcessID='3516' ThreadID='6428'/><Channel>Microsoft-Windows-PowerShell/Operational</Channel><Computer>ar-win-dc.attackrange.local</Computer><Security UserID='S-1-5-21-26273642-2342717390-2342477205-500'/></System><EventData><Data Name='MessageNumber'>1</Data><Data Name='MessageTotal'>1</Data><Data Name='ScriptBlockText'>$ErrorActionPreference = 'Continue'
Write-Host 'Running: Basic version query'
Invoke-Sqlcmd -ServerInstance 'localhost' -Database 'master' -Username 'sa' -Password 'ComplexPass123!' -Query 'SELECT @@version' -TrustServerCertificate</Data><Data Name='ScriptBlockId'>857f0b66-54d5-4916-b364-633fa4ae8425</Data><Data Name='Path'></Data></EventData></Event>
<Event xmlns='http://schemas.microsoft.com/win/2004/08/events/event'><System><Provider Name='Microsoft-Windows-PowerShell' Guid='{a0c1853b-5c40-4b15-8766-3cf1c58f985a}'/><EventID>4104</EventID><Version>1</Version><Level>5</Level><Task>2</Task><Opcode>15</Opcode><Keywords>0x0</Keywords><TimeCreated SystemTime='2025-02-04T15:59:12.8494312Z'/><EventRecordID>512039</EventRecordID><Correlation ActivityID='{12356087-7406-0003-cb8f-35120674db01}'/><Execution ProcessID='2348' ThreadID='7788'/><Channel>Microsoft-Windows-PowerShell/Operational</Channel><Computer>ar-win-dc.attackrange.local</Computer><Security UserID='S-1-5-21-26273642-2342717390-2342477205-500'/></System><EventData><Data Name='MessageNumber'>1</Data><Data Name='MessageTotal'>1</Data><Data Name='ScriptBlockText'>function Invoke-SqlTest {
    param (
        [string]$Query,
        [string]$Description,
        [ValidateSet('Invoke-Sqlcmd', 'sqlcmd.exe')]
        [string]$Method
    )
    
    Write-Host "`nExecuting: $Description using $Method" -ForegroundColor Cyan
    try {
        if ($Method -eq 'sqlcmd.exe') {
            &amp; sqlcmd -S $Server -d $Database -U $Username -P $Password -Q $Query -b
            Write-Host "Test completed successfully" -ForegroundColor Green
            return $true
        } else {
            Invoke-Sqlcmd -ServerInstance $Server -Database $Database -Username $Username -Password $Password `
                -Query $Query -TrustServerCertificate
            Write-Host "Test completed successfully" -ForegroundColor Green
            return $true
        }
    }
    catch {
        Write-Host "Test failed: $_" -ForegroundColor Red
        return $false
    }
}</Data><Data Name='ScriptBlockId'>9a825273-c430-49ff-9f13-5e11baa6fab4</Data><Data Name='Path'>C:\Users\Administrator\Desktop\sqlcmd.ps1</Data></EventData></Event>
