<Event xmlns='http://schemas.microsoft.com/win/2004/08/events/event'><System><Provider Name='Microsoft-Windows-Sysmon' Guid='{5770385F-C22A-43E0-BF4C-06F5698FFBD9}'/><EventID>3</EventID><Version>5</Version><Level>4</Level><Task>3</Task><Opcode>0</Opcode><Keywords>0x8000000000000000</Keywords><TimeCreated SystemTime='2022-03-15T17:12:05.038939700Z'/><EventRecordID>1529656</EventRecordID><Correlation/><Execution ProcessID='2132' ThreadID='3100'/><Channel>Microsoft-Windows-Sysmon/Operational</Channel><Computer>win-dc-mhaag-attack-range-464.attackrange.local</Computer><Security UserID='S-1-5-18'/></System><EventData><Data Name='RuleName'>-</Data><Data Name='UtcTime'>2022-03-15 17:12:02.128</Data><Data Name='ProcessGuid'>{F4C444F1-C2FE-6230-D402-000000004402}</Data><Data Name='ProcessId'>5160</Data><Data Name='Image'>C:\Windows\System32\rundll32.exe</Data><Data Name='User'>NT AUTHORITY\SYSTEM</Data><Data Name='Protocol'>tcp</Data><Data Name='Initiated'>true</Data><Data Name='SourceIsIpv6'>false</Data><Data Name='SourceIp'>10.0.1.14</Data><Data Name='SourceHostname'>win-dc-mhaag-attack-range-464.attackrange.local</Data><Data Name='SourcePort'>57628</Data><Data Name='SourcePortName'>-</Data><Data Name='DestinationIsIpv6'>false</Data><Data Name='DestinationIp'>54.188.59.68</Data><Data Name='DestinationHostname'>ec2-54-188-59-68.us-west-2.compute.amazonaws.com</Data><Data Name='DestinationPort'>80</Data><Data Name='DestinationPortName'>http</Data></EventData></Event>
<Event xmlns='http://schemas.microsoft.com/win/2004/08/events/event'><System><Provider Name='Microsoft-Windows-Sysmon' Guid='{5770385F-C22A-43E0-BF4C-06F5698FFBD9}'/><EventID>3</EventID><Version>5</Version><Level>4</Level><Task>3</Task><Opcode>0</Opcode><Keywords>0x8000000000000000</Keywords><TimeCreated SystemTime='2022-03-15T17:12:01.025051700Z'/><EventRecordID>1529463</EventRecordID><Correlation/><Execution ProcessID='2132' ThreadID='3100'/><Channel>Microsoft-Windows-Sysmon/Operational</Channel><Computer>win-dc-mhaag-attack-range-464.attackrange.local</Computer><Security UserID='S-1-5-18'/></System><EventData><Data Name='RuleName'>-</Data><Data Name='UtcTime'>2022-03-15 17:11:57.875</Data><Data Name='ProcessGuid'>{F4C444F1-C199-6230-9702-000000004402}</Data><Data Name='ProcessId'>5428</Data><Data Name='Image'>C:\Windows\System32\rundll32.exe</Data><Data Name='User'>NT AUTHORITY\SYSTEM</Data><Data Name='Protocol'>tcp</Data><Data Name='Initiated'>true</Data><Data Name='SourceIsIpv6'>false</Data><Data Name='SourceIp'>10.0.1.14</Data><Data Name='SourceHostname'>win-dc-mhaag-attack-range-464.attackrange.local</Data><Data Name='SourcePort'>57483</Data><Data Name='SourcePortName'>-</Data><Data Name='DestinationIsIpv6'>false</Data><Data Name='DestinationIp'>54.188.59.68</Data><Data Name='DestinationHostname'>ec2-54-188-59-68.us-west-2.compute.amazonaws.com</Data><Data Name='DestinationPort'>80</Data><Data Name='DestinationPortName'>http</Data></EventData></Event>
<Event xmlns='http://schemas.microsoft.com/win/2004/08/events/event'><System><Provider Name='Microsoft-Windows-Sysmon' Guid='{5770385F-C22A-43E0-BF4C-06F5698FFBD9}'/><EventID>3</EventID><Version>5</Version><Level>4</Level><Task>3</Task><Opcode>0</Opcode><Keywords>0x8000000000000000</Keywords><TimeCreated SystemTime='2022-03-15T17:11:55.010441300Z'/><EventRecordID>1529224</EventRecordID><Correlation/><Execution ProcessID='2132' ThreadID='3100'/><Channel>Microsoft-Windows-Sysmon/Operational</Channel><Computer>win-dc-mhaag-attack-range-464.attackrange.local</Computer><Security UserID='S-1-5-18'/></System><EventData><Data Name='RuleName'>-</Data><Data Name='UtcTime'>2022-03-15 17:11:52.313</Data><Data Name='ProcessGuid'>{F4C444F1-C2BE-6230-CB02-000000004402}</Data><Data Name='ProcessId'>5224</Data><Data Name='Image'>C:\Windows\SysWOW64\rundll32.exe</Data><Data Name='User'>NT AUTHORITY\SYSTEM</Data><Data Name='Protocol'>tcp</Data><Data Name='Initiated'>true</Data><Data Name='SourceIsIpv6'>false</Data><Data Name='SourceIp'>10.0.1.14</Data><Data Name='SourceHostname'>win-dc-mhaag-attack-range-464.attackrange.local</Data><Data Name='SourcePort'>57288</Data><Data Name='SourcePortName'>-</Data><Data Name='DestinationIsIpv6'>false</Data><Data Name='DestinationIp'>54.188.59.68</Data><Data Name='DestinationHostname'>ec2-54-188-59-68.us-west-2.compute.amazonaws.com</Data><Data Name='DestinationPort'>80</Data><Data Name='DestinationPortName'>http</Data></EventData></Event>
<Event xmlns='http://schemas.microsoft.com/win/2004/08/events/event'><System><Provider Name='Microsoft-Windows-Sysmon' Guid='{5770385F-C22A-43E0-BF4C-06F5698FFBD9}'/><EventID>3</EventID><Version>5</Version><Level>4</Level><Task>3</Task><Opcode>0</Opcode><Keywords>0x8000000000000000</Keywords><TimeCreated SystemTime='2022-03-15T17:11:42.734002200Z'/><EventRecordID>1528723</EventRecordID><Correlation/><Execution ProcessID='2132' ThreadID='3100'/><Channel>Microsoft-Windows-Sysmon/Operational</Channel><Computer>win-dc-mhaag-attack-range-464.attackrange.local</Computer><Security UserID='S-1-5-18'/></System><EventData><Data Name='RuleName'>-</Data><Data Name='UtcTime'>2022-03-15 17:11:39.836</Data><Data Name='ProcessGuid'>{F4C444F1-C335-6230-DE02-000000004402}</Data><Data Name='ProcessId'>2752</Data><Data Name='Image'>C:\Windows\SysWOW64\dllhost.exe</Data><Data Name='User'>NT AUTHORITY\SYSTEM</Data><Data Name='Protocol'>tcp</Data><Data Name='Initiated'>true</Data><Data Name='SourceIsIpv6'>false</Data><Data Name='SourceIp'>10.0.1.14</Data><Data Name='SourceHostname'>win-dc-mhaag-attack-range-464.attackrange.local</Data><Data Name='SourcePort'>56845</Data><Data Name='SourcePortName'>-</Data><Data Name='DestinationIsIpv6'>false</Data><Data Name='DestinationIp'>54.188.59.68</Data><Data Name='DestinationHostname'>ec2-54-188-59-68.us-west-2.compute.amazonaws.com</Data><Data Name='DestinationPort'>80</Data><Data Name='DestinationPortName'>http</Data></EventData></Event>
<Event xmlns='http://schemas.microsoft.com/win/2004/08/events/event'><System><Provider Name='Microsoft-Windows-Sysmon' Guid='{5770385F-C22A-43E0-BF4C-06F5698FFBD9}'/><EventID>3</EventID><Version>5</Version><Level>4</Level><Task>3</Task><Opcode>0</Opcode><Keywords>0x8000000000000000</Keywords><TimeCreated SystemTime='2022-03-15T17:11:41.732249600Z'/><EventRecordID>1528693</EventRecordID><Correlation/><Execution ProcessID='2132' ThreadID='3100'/><Channel>Microsoft-Windows-Sysmon/Operational</Channel><Computer>win-dc-mhaag-attack-range-464.attackrange.local</Computer><Security UserID='S-1-5-18'/></System><EventData><Data Name='RuleName'>-</Data><Data Name='UtcTime'>2022-03-15 17:11:39.327</Data><Data Name='ProcessGuid'>{F4C444F1-C347-6230-DF02-000000004402}</Data><Data Name='ProcessId'>2572</Data><Data Name='Image'>C:\Windows\System32\dllhost.exe</Data><Data Name='User'>ATTACKRANGE\Administrator</Data><Data Name='Protocol'>tcp</Data><Data Name='Initiated'>true</Data><Data Name='SourceIsIpv6'>false</Data><Data Name='SourceIp'>10.0.1.14</Data><Data Name='SourceHostname'>win-dc-mhaag-attack-range-464.attackrange.local</Data><Data Name='SourcePort'>56827</Data><Data Name='SourcePortName'>-</Data><Data Name='DestinationIsIpv6'>false</Data><Data Name='DestinationIp'>54.188.59.68</Data><Data Name='DestinationHostname'>ec2-54-188-59-68.us-west-2.compute.amazonaws.com</Data><Data Name='DestinationPort'>80</Data><Data Name='DestinationPortName'>http</Data></EventData></Event>
<Event xmlns='http://schemas.microsoft.com/win/2004/08/events/event'><System><Provider Name='Microsoft-Windows-Sysmon' Guid='{5770385F-C22A-43E0-BF4C-06F5698FFBD9}'/><EventID>3</EventID><Version>5</Version><Level>4</Level><Task>3</Task><Opcode>0</Opcode><Keywords>0x8000000000000000</Keywords><TimeCreated SystemTime='2022-03-15T17:11:27.706295500Z'/><EventRecordID>1527998</EventRecordID><Correlation/><Execution ProcessID='2132' ThreadID='3100'/><Channel>Microsoft-Windows-Sysmon/Operational</Channel><Computer>win-dc-mhaag-attack-range-464.attackrange.local</Computer><Security UserID='S-1-5-18'/></System><EventData><Data Name='RuleName'>-</Data><Data Name='UtcTime'>2022-03-15 17:11:25.042</Data><Data Name='ProcessGuid'>{F4C444F1-C2FE-6230-D402-000000004402}</Data><Data Name='ProcessId'>5160</Data><Data Name='Image'>C:\Windows\System32\rundll32.exe</Data><Data Name='User'>NT AUTHORITY\SYSTEM</Data><Data Name='Protocol'>tcp</Data><Data Name='Initiated'>true</Data><Data Name='SourceIsIpv6'>false</Data><Data Name='SourceIp'>10.0.1.14</Data><Data Name='SourceHostname'>win-dc-mhaag-attack-range-464.attackrange.local</Data><Data Name='SourcePort'>56366</Data><Data Name='SourcePortName'>-</Data><Data Name='DestinationIsIpv6'>false</Data><Data Name='DestinationIp'>54.188.59.68</Data><Data Name='DestinationHostname'>ec2-54-188-59-68.us-west-2.compute.amazonaws.com</Data><Data Name='DestinationPort'>80</Data><Data Name='DestinationPortName'>http</Data></EventData></Event>
<Event xmlns='http://schemas.microsoft.com/win/2004/08/events/event'><System><Provider Name='Microsoft-Windows-Sysmon' Guid='{5770385F-C22A-43E0-BF4C-06F5698FFBD9}'/><EventID>3</EventID><Version>5</Version><Level>4</Level><Task>3</Task><Opcode>0</Opcode><Keywords>0x8000000000000000</Keywords><TimeCreated SystemTime='2022-03-15T17:11:26.705162200Z'/><EventRecordID>1527882</EventRecordID><Correlation/><Execution ProcessID='2132' ThreadID='3100'/><Channel>Microsoft-Windows-Sysmon/Operational</Channel><Computer>win-dc-mhaag-attack-range-464.attackrange.local</Computer><Security UserID='S-1-5-18'/></System><EventData><Data Name='RuleName'>-</Data><Data Name='UtcTime'>2022-03-15 17:11:23.659</Data><Data Name='ProcessGuid'>{F4C444F1-C1B3-6230-9902-000000004402}</Data><Data Name='ProcessId'>1760</Data><Data Name='Image'>C:\Windows\System32\rundll32.exe</Data><Data Name='User'>ATTACKRANGE\Administrator</Data><Data Name='Protocol'>tcp</Data><Data Name='Initiated'>true</Data><Data Name='SourceIsIpv6'>false</Data><Data Name='SourceIp'>10.0.1.14</Data><Data Name='SourceHostname'>win-dc-mhaag-attack-range-464.attackrange.local</Data><Data Name='SourcePort'>56315</Data><Data Name='SourcePortName'>-</Data><Data Name='DestinationIsIpv6'>false</Data><Data Name='DestinationIp'>54.188.59.68</Data><Data Name='DestinationHostname'>ec2-54-188-59-68.us-west-2.compute.amazonaws.com</Data><Data Name='DestinationPort'>80</Data><Data Name='DestinationPortName'>http</Data></EventData></Event>
<Event xmlns='http://schemas.microsoft.com/win/2004/08/events/event'><System><Provider Name='Microsoft-Windows-Sysmon' Guid='{5770385F-C22A-43E0-BF4C-06F5698FFBD9}'/><EventID>3</EventID><Version>5</Version><Level>4</Level><Task>3</Task><Opcode>0</Opcode><Keywords>0x8000000000000000</Keywords><TimeCreated SystemTime='2022-03-15T17:11:25.701818200Z'/><EventRecordID>1527729</EventRecordID><Correlation/><Execution ProcessID='2132' ThreadID='3100'/><Channel>Microsoft-Windows-Sysmon/Operational</Channel><Computer>win-dc-mhaag-attack-range-464.attackrange.local</Computer><Security UserID='S-1-5-18'/></System><EventData><Data Name='RuleName'>-</Data><Data Name='UtcTime'>2022-03-15 17:11:22.492</Data><Data Name='ProcessGuid'>{F4C444F1-C2BE-6230-CB02-000000004402}</Data><Data Name='ProcessId'>5224</Data><Data Name='Image'>C:\Windows\SysWOW64\rundll32.exe</Data><Data Name='User'>NT AUTHORITY\SYSTEM</Data><Data Name='Protocol'>tcp</Data><Data Name='Initiated'>true</Data><Data Name='SourceIsIpv6'>false</Data><Data Name='SourceIp'>10.0.1.14</Data><Data Name='SourceHostname'>win-dc-mhaag-attack-range-464.attackrange.local</Data><Data Name='SourcePort'>56277</Data><Data Name='SourcePortName'>-</Data><Data Name='DestinationIsIpv6'>false</Data><Data Name='DestinationIp'>54.188.59.68</Data><Data Name='DestinationHostname'>ec2-54-188-59-68.us-west-2.compute.amazonaws.com</Data><Data Name='DestinationPort'>80</Data><Data Name='DestinationPortName'>http</Data></EventData></Event>
<Event xmlns='http://schemas.microsoft.com/win/2004/08/events/event'><System><Provider Name='Microsoft-Windows-Sysmon' Guid='{5770385F-C22A-43E0-BF4C-06F5698FFBD9}'/><EventID>3</EventID><Version>5</Version><Level>4</Level><Task>3</Task><Opcode>0</Opcode><Keywords>0x8000000000000000</Keywords><TimeCreated SystemTime='2022-03-15T17:11:23.697352400Z'/><EventRecordID>1527600</EventRecordID><Correlation/><Execution ProcessID='2132' ThreadID='3100'/><Channel>Microsoft-Windows-Sysmon/Operational</Channel><Computer>win-dc-mhaag-attack-range-464.attackrange.local</Computer><Security UserID='S-1-5-18'/></System><EventData><Data Name='RuleName'>-</Data><Data Name='UtcTime'>2022-03-15 17:11:20.492</Data><Data Name='ProcessGuid'>{F4C444F1-C30C-6230-D602-000000004402}</Data><Data Name='ProcessId'>896</Data><Data Name='Image'>C:\Windows\SysWOW64\rundll32.exe</Data><Data Name='User'>NT AUTHORITY\SYSTEM</Data><Data Name='Protocol'>tcp</Data><Data Name='Initiated'>true</Data><Data Name='SourceIsIpv6'>false</Data><Data Name='SourceIp'>10.0.1.14</Data><Data Name='SourceHostname'>win-dc-mhaag-attack-range-464.attackrange.local</Data><Data Name='SourcePort'>56213</Data><Data Name='SourcePortName'>-</Data><Data Name='DestinationIsIpv6'>false</Data><Data Name='DestinationIp'>54.188.59.68</Data><Data Name='DestinationHostname'>ec2-54-188-59-68.us-west-2.compute.amazonaws.com</Data><Data Name='DestinationPort'>80</Data><Data Name='DestinationPortName'>http</Data></EventData></Event>
<Event xmlns='http://schemas.microsoft.com/win/2004/08/events/event'><System><Provider Name='Microsoft-Windows-Sysmon' Guid='{5770385F-C22A-43E0-BF4C-06F5698FFBD9}'/><EventID>3</EventID><Version>5</Version><Level>4</Level><Task>3</Task><Opcode>0</Opcode><Keywords>0x8000000000000000</Keywords><TimeCreated SystemTime='2022-03-15T17:11:13.424900400Z'/><EventRecordID>1527136</EventRecordID><Correlation/><Execution ProcessID='2132' ThreadID='3100'/><Channel>Microsoft-Windows-Sysmon/Operational</Channel><Computer>win-dc-mhaag-attack-range-464.attackrange.local</Computer><Security UserID='S-1-5-18'/></System><EventData><Data Name='RuleName'>-</Data><Data Name='UtcTime'>2022-03-15 17:11:09.812</Data><Data Name='ProcessGuid'>{F4C444F1-C347-6230-DF02-000000004402}</Data><Data Name='ProcessId'>2572</Data><Data Name='Image'>C:\Windows\System32\dllhost.exe</Data><Data Name='User'>ATTACKRANGE\Administrator</Data><Data Name='Protocol'>tcp</Data><Data Name='Initiated'>true</Data><Data Name='SourceIsIpv6'>false</Data><Data Name='SourceIp'>10.0.1.14</Data><Data Name='SourceHostname'>win-dc-mhaag-attack-range-464.attackrange.local</Data><Data Name='SourcePort'>55846</Data><Data Name='SourcePortName'>-</Data><Data Name='DestinationIsIpv6'>false</Data><Data Name='DestinationIp'>54.188.59.68</Data><Data Name='DestinationHostname'>ec2-54-188-59-68.us-west-2.compute.amazonaws.com</Data><Data Name='DestinationPort'>80</Data><Data Name='DestinationPortName'>http</Data></EventData></Event>
<Event xmlns='http://schemas.microsoft.com/win/2004/08/events/event'><System><Provider Name='Microsoft-Windows-Sysmon' Guid='{5770385F-C22A-43E0-BF4C-06F5698FFBD9}'/><EventID>3</EventID><Version>5</Version><Level>4</Level><Task>3</Task><Opcode>0</Opcode><Keywords>0x8000000000000000</Keywords><TimeCreated SystemTime='2022-03-15T17:11:11.421298000Z'/><EventRecordID>1527097</EventRecordID><Correlation/><Execution ProcessID='2132' ThreadID='3100'/><Channel>Microsoft-Windows-Sysmon/Operational</Channel><Computer>win-dc-mhaag-attack-range-464.attackrange.local</Computer><Security UserID='S-1-5-18'/></System><EventData><Data Name='RuleName'>-</Data><Data Name='UtcTime'>2022-03-15 17:11:08.894</Data><Data Name='ProcessGuid'>{F4C444F1-C335-6230-DE02-000000004402}</Data><Data Name='ProcessId'>2752</Data><Data Name='Image'>C:\Windows\SysWOW64\dllhost.exe</Data><Data Name='User'>NT AUTHORITY\SYSTEM</Data><Data Name='Protocol'>tcp</Data><Data Name='Initiated'>true</Data><Data Name='SourceIsIpv6'>false</Data><Data Name='SourceIp'>10.0.1.14</Data><Data Name='SourceHostname'>win-dc-mhaag-attack-range-464.attackrange.local</Data><Data Name='SourcePort'>55812</Data><Data Name='SourcePortName'>-</Data><Data Name='DestinationIsIpv6'>false</Data><Data Name='DestinationIp'>54.188.59.68</Data><Data Name='DestinationHostname'>ec2-54-188-59-68.us-west-2.compute.amazonaws.com</Data><Data Name='DestinationPort'>80</Data><Data Name='DestinationPortName'>http</Data></EventData></Event>
<Event xmlns='http://schemas.microsoft.com/win/2004/08/events/event'><System><Provider Name='Microsoft-Windows-Sysmon' Guid='{5770385F-C22A-43E0-BF4C-06F5698FFBD9}'/><EventID>3</EventID><Version>5</Version><Level>4</Level><Task>3</Task><Opcode>0</Opcode><Keywords>0x8000000000000000</Keywords><TimeCreated SystemTime='2022-03-15T17:11:01.396673000Z'/><EventRecordID>1526664</EventRecordID><Correlation/><Execution ProcessID='2132' ThreadID='3100'/><Channel>Microsoft-Windows-Sysmon/Operational</Channel><Computer>win-dc-mhaag-attack-range-464.attackrange.local</Computer><Security UserID='S-1-5-18'/></System><EventData><Data Name='RuleName'>-</Data><Data Name='UtcTime'>2022-03-15 17:10:57.873</Data><Data Name='ProcessGuid'>{F4C444F1-C199-6230-9702-000000004402}</Data><Data Name='ProcessId'>5428</Data><Data Name='Image'>C:\Windows\System32\rundll32.exe</Data><Data Name='User'>NT AUTHORITY\SYSTEM</Data><Data Name='Protocol'>tcp</Data><Data Name='Initiated'>true</Data><Data Name='SourceIsIpv6'>false</Data><Data Name='SourceIp'>10.0.1.14</Data><Data Name='SourceHostname'>win-dc-mhaag-attack-range-464.attackrange.local</Data><Data Name='SourcePort'>55450</Data><Data Name='SourcePortName'>-</Data><Data Name='DestinationIsIpv6'>false</Data><Data Name='DestinationIp'>54.188.59.68</Data><Data Name='DestinationHostname'>ec2-54-188-59-68.us-west-2.compute.amazonaws.com</Data><Data Name='DestinationPort'>80</Data><Data Name='DestinationPortName'>http</Data></EventData></Event>
<Event xmlns='http://schemas.microsoft.com/win/2004/08/events/event'><System><Provider Name='Microsoft-Windows-Sysmon' Guid='{5770385F-C22A-43E0-BF4C-06F5698FFBD9}'/><EventID>3</EventID><Version>5</Version><Level>4</Level><Task>3</Task><Opcode>0</Opcode><Keywords>0x8000000000000000</Keywords><TimeCreated SystemTime='2022-03-15T17:10:58.389387300Z'/><EventRecordID>1526552</EventRecordID><Correlation/><Execution ProcessID='2132' ThreadID='3100'/><Channel>Microsoft-Windows-Sysmon/Operational</Channel><Computer>win-dc-mhaag-attack-range-464.attackrange.local</Computer><Security UserID='S-1-5-18'/></System><EventData><Data Name='RuleName'>-</Data><Data Name='UtcTime'>2022-03-15 17:10:55.707</Data><Data Name='ProcessGuid'>{F4C444F1-C2FE-6230-D402-000000004402}</Data><Data Name='ProcessId'>5160</Data><Data Name='Image'>C:\Windows\System32\rundll32.exe</Data><Data Name='User'>NT AUTHORITY\SYSTEM</Data><Data Name='Protocol'>tcp</Data><Data Name='Initiated'>true</Data><Data Name='SourceIsIpv6'>false</Data><Data Name='SourceIp'>10.0.1.14</Data><Data Name='SourceHostname'>win-dc-mhaag-attack-range-464.attackrange.local</Data><Data Name='SourcePort'>55376</Data><Data Name='SourcePortName'>-</Data><Data Name='DestinationIsIpv6'>false</Data><Data Name='DestinationIp'>54.188.59.68</Data><Data Name='DestinationHostname'>ec2-54-188-59-68.us-west-2.compute.amazonaws.com</Data><Data Name='DestinationPort'>80</Data><Data Name='DestinationPortName'>http</Data></EventData></Event>
<Event xmlns='http://schemas.microsoft.com/win/2004/08/events/event'><System><Provider Name='Microsoft-Windows-Sysmon' Guid='{5770385F-C22A-43E0-BF4C-06F5698FFBD9}'/><EventID>3</EventID><Version>5</Version><Level>4</Level><Task>3</Task><Opcode>0</Opcode><Keywords>0x8000000000000000</Keywords><TimeCreated SystemTime='2022-03-15T17:10:54.380590100Z'/><EventRecordID>1526400</EventRecordID><Correlation/><Execution ProcessID='2132' ThreadID='3100'/><Channel>Microsoft-Windows-Sysmon/Operational</Channel><Computer>win-dc-mhaag-attack-range-464.attackrange.local</Computer><Security UserID='S-1-5-18'/></System><EventData><Data Name='RuleName'>-</Data><Data Name='UtcTime'>2022-03-15 17:10:51.509</Data><Data Name='ProcessGuid'>{F4C444F1-C30C-6230-D602-000000004402}</Data><Data Name='ProcessId'>896</Data><Data Name='Image'>C:\Windows\SysWOW64\rundll32.exe</Data><Data Name='User'>NT AUTHORITY\SYSTEM</Data><Data Name='Protocol'>tcp</Data><Data Name='Initiated'>true</Data><Data Name='SourceIsIpv6'>false</Data><Data Name='SourceIp'>10.0.1.14</Data><Data Name='SourceHostname'>win-dc-mhaag-attack-range-464.attackrange.local</Data><Data Name='SourcePort'>55236</Data><Data Name='SourcePortName'>-</Data><Data Name='DestinationIsIpv6'>false</Data><Data Name='DestinationIp'>54.188.59.68</Data><Data Name='DestinationHostname'>ec2-54-188-59-68.us-west-2.compute.amazonaws.com</Data><Data Name='DestinationPort'>80</Data><Data Name='DestinationPortName'>http</Data></EventData></Event>
<Event xmlns='http://schemas.microsoft.com/win/2004/08/events/event'><System><Provider Name='Microsoft-Windows-Sysmon' Guid='{5770385F-C22A-43E0-BF4C-06F5698FFBD9}'/><EventID>3</EventID><Version>5</Version><Level>4</Level><Task>3</Task><Opcode>0</Opcode><Keywords>0x8000000000000000</Keywords><TimeCreated SystemTime='2022-03-15T17:10:45.357887300Z'/><EventRecordID>1526111</EventRecordID><Correlation/><Execution ProcessID='2132' ThreadID='3100'/><Channel>Microsoft-Windows-Sysmon/Operational</Channel><Computer>win-dc-mhaag-attack-range-464.attackrange.local</Computer><Security UserID='S-1-5-18'/></System><EventData><Data Name='RuleName'>-</Data><Data Name='UtcTime'>2022-03-15 17:10:43.052</Data><Data Name='ProcessGuid'>{F4C444F1-C2BE-6230-CB02-000000004402}</Data><Data Name='ProcessId'>5224</Data><Data Name='Image'>C:\Windows\SysWOW64\rundll32.exe</Data><Data Name='User'>NT AUTHORITY\SYSTEM</Data><Data Name='Protocol'>tcp</Data><Data Name='Initiated'>true</Data><Data Name='SourceIsIpv6'>false</Data><Data Name='SourceIp'>10.0.1.14</Data><Data Name='SourceHostname'>win-dc-mhaag-attack-range-464.attackrange.local</Data><Data Name='SourcePort'>54968</Data><Data Name='SourcePortName'>-</Data><Data Name='DestinationIsIpv6'>false</Data><Data Name='DestinationIp'>54.188.59.68</Data><Data Name='DestinationHostname'>ec2-54-188-59-68.us-west-2.compute.amazonaws.com</Data><Data Name='DestinationPort'>80</Data><Data Name='DestinationPortName'>http</Data></EventData></Event>
<Event xmlns='http://schemas.microsoft.com/win/2004/08/events/event'><System><Provider Name='Microsoft-Windows-Sysmon' Guid='{5770385F-C22A-43E0-BF4C-06F5698FFBD9}'/><EventID>3</EventID><Version>5</Version><Level>4</Level><Task>3</Task><Opcode>0</Opcode><Keywords>0x8000000000000000</Keywords><TimeCreated SystemTime='2022-03-15T17:10:34.331754600Z'/><EventRecordID>1525580</EventRecordID><Correlation/><Execution ProcessID='2132' ThreadID='3100'/><Channel>Microsoft-Windows-Sysmon/Operational</Channel><Computer>win-dc-mhaag-attack-range-464.attackrange.local</Computer><Security UserID='S-1-5-18'/></System><EventData><Data Name='RuleName'>-</Data><Data Name='UtcTime'>2022-03-15 17:10:31.162</Data><Data Name='ProcessGuid'>{F4C444F1-C347-6230-DF02-000000004402}</Data><Data Name='ProcessId'>2572</Data><Data Name='Image'>C:\Windows\System32\dllhost.exe</Data><Data Name='User'>ATTACKRANGE\Administrator</Data><Data Name='Protocol'>tcp</Data><Data Name='Initiated'>true</Data><Data Name='SourceIsIpv6'>false</Data><Data Name='SourceIp'>10.0.1.14</Data><Data Name='SourceHostname'>win-dc-mhaag-attack-range-464.attackrange.local</Data><Data Name='SourcePort'>54568</Data><Data Name='SourcePortName'>-</Data><Data Name='DestinationIsIpv6'>false</Data><Data Name='DestinationIp'>54.188.59.68</Data><Data Name='DestinationHostname'>ec2-54-188-59-68.us-west-2.compute.amazonaws.com</Data><Data Name='DestinationPort'>80</Data><Data Name='DestinationPortName'>http</Data></EventData></Event>
<Event xmlns='http://schemas.microsoft.com/win/2004/08/events/event'><System><Provider Name='Microsoft-Windows-Sysmon' Guid='{5770385F-C22A-43E0-BF4C-06F5698FFBD9}'/><EventID>3</EventID><Version>5</Version><Level>4</Level><Task>3</Task><Opcode>0</Opcode><Keywords>0x8000000000000000</Keywords><TimeCreated SystemTime='2022-03-15T17:10:27.317790800Z'/><EventRecordID>1525116</EventRecordID><Correlation/><Execution ProcessID='2132' ThreadID='3100'/><Channel>Microsoft-Windows-Sysmon/Operational</Channel><Computer>win-dc-mhaag-attack-range-464.attackrange.local</Computer><Security UserID='S-1-5-18'/></System><EventData><Data Name='RuleName'>-</Data><Data Name='UtcTime'>2022-03-15 17:10:24.818</Data><Data Name='ProcessGuid'>{F4C444F1-C335-6230-DE02-000000004402}</Data><Data Name='ProcessId'>2752</Data><Data Name='Image'>C:\Windows\SysWOW64\dllhost.exe</Data><Data Name='User'>NT AUTHORITY\SYSTEM</Data><Data Name='Protocol'>tcp</Data><Data Name='Initiated'>true</Data><Data Name='SourceIsIpv6'>false</Data><Data Name='SourceIp'>10.0.1.14</Data><Data Name='SourceHostname'>win-dc-mhaag-attack-range-464.attackrange.local</Data><Data Name='SourcePort'>54357</Data><Data Name='SourcePortName'>-</Data><Data Name='DestinationIsIpv6'>false</Data><Data Name='DestinationIp'>54.188.59.68</Data><Data Name='DestinationHostname'>ec2-54-188-59-68.us-west-2.compute.amazonaws.com</Data><Data Name='DestinationPort'>80</Data><Data Name='DestinationPortName'>http</Data></EventData></Event>
<Event xmlns='http://schemas.microsoft.com/win/2004/08/events/event'><System><Provider Name='Microsoft-Windows-Sysmon' Guid='{5770385F-C22A-43E0-BF4C-06F5698FFBD9}'/><EventID>3</EventID><Version>5</Version><Level>4</Level><Task>3</Task><Opcode>0</Opcode><Keywords>0x8000000000000000</Keywords><TimeCreated SystemTime='2022-03-15T17:10:26.315726900Z'/><EventRecordID>1525021</EventRecordID><Correlation/><Execution ProcessID='2132' ThreadID='3100'/><Channel>Microsoft-Windows-Sysmon/Operational</Channel><Computer>win-dc-mhaag-attack-range-464.attackrange.local</Computer><Security UserID='S-1-5-18'/></System><EventData><Data Name='RuleName'>-</Data><Data Name='UtcTime'>2022-03-15 17:10:23.655</Data><Data Name='ProcessGuid'>{F4C444F1-C1B3-6230-9902-000000004402}</Data><Data Name='ProcessId'>1760</Data><Data Name='Image'>C:\Windows\System32\rundll32.exe</Data><Data Name='User'>ATTACKRANGE\Administrator</Data><Data Name='Protocol'>tcp</Data><Data Name='Initiated'>true</Data><Data Name='SourceIsIpv6'>false</Data><Data Name='SourceIp'>10.0.1.14</Data><Data Name='SourceHostname'>win-dc-mhaag-attack-range-464.attackrange.local</Data><Data Name='SourcePort'>54321</Data><Data Name='SourcePortName'>-</Data><Data Name='DestinationIsIpv6'>false</Data><Data Name='DestinationIp'>54.188.59.68</Data><Data Name='DestinationHostname'>ec2-54-188-59-68.us-west-2.compute.amazonaws.com</Data><Data Name='DestinationPort'>80</Data><Data Name='DestinationPortName'>http</Data></EventData></Event>
<Event xmlns='http://schemas.microsoft.com/win/2004/08/events/event'><System><Provider Name='Microsoft-Windows-Sysmon' Guid='{5770385F-C22A-43E0-BF4C-06F5698FFBD9}'/><EventID>3</EventID><Version>5</Version><Level>4</Level><Task>3</Task><Opcode>0</Opcode><Keywords>0x8000000000000000</Keywords><TimeCreated SystemTime='2022-03-15T17:10:16.032677100Z'/><EventRecordID>1524439</EventRecordID><Correlation/><Execution ProcessID='2132' ThreadID='3100'/><Channel>Microsoft-Windows-Sysmon/Operational</Channel><Computer>win-dc-mhaag-attack-range-464.attackrange.local</Computer><Security UserID='S-1-5-18'/></System><EventData><Data Name='RuleName'>-</Data><Data Name='UtcTime'>2022-03-15 17:10:13.332</Data><Data Name='ProcessGuid'>{F4C444F1-C30C-6230-D602-000000004402}</Data><Data Name='ProcessId'>896</Data><Data Name='Image'>C:\Windows\SysWOW64\rundll32.exe</Data><Data Name='User'>NT AUTHORITY\SYSTEM</Data><Data Name='Protocol'>tcp</Data><Data Name='Initiated'>true</Data><Data Name='SourceIsIpv6'>false</Data><Data Name='SourceIp'>10.0.1.14</Data><Data Name='SourceHostname'>win-dc-mhaag-attack-range-464.attackrange.local</Data><Data Name='SourcePort'>53952</Data><Data Name='SourcePortName'>-</Data><Data Name='DestinationIsIpv6'>false</Data><Data Name='DestinationIp'>54.188.59.68</Data><Data Name='DestinationHostname'>ec2-54-188-59-68.us-west-2.compute.amazonaws.com</Data><Data Name='DestinationPort'>80</Data><Data Name='DestinationPortName'>http</Data></EventData></Event>
<Event xmlns='http://schemas.microsoft.com/win/2004/08/events/event'><System><Provider Name='Microsoft-Windows-Sysmon' Guid='{5770385F-C22A-43E0-BF4C-06F5698FFBD9}'/><EventID>3</EventID><Version>5</Version><Level>4</Level><Task>3</Task><Opcode>0</Opcode><Keywords>0x8000000000000000</Keywords><TimeCreated SystemTime='2022-03-15T17:10:14.028407100Z'/><EventRecordID>1524357</EventRecordID><Correlation/><Execution ProcessID='2132' ThreadID='3100'/><Channel>Microsoft-Windows-Sysmon/Operational</Channel><Computer>win-dc-mhaag-attack-range-464.attackrange.local</Computer><Security UserID='S-1-5-18'/></System><EventData><Data Name='RuleName'>-</Data><Data Name='UtcTime'>2022-03-15 17:10:10.982</Data><Data Name='ProcessGuid'>{F4C444F1-C2FE-6230-D402-000000004402}</Data><Data Name='ProcessId'>5160</Data><Data Name='Image'>C:\Windows\System32\rundll32.exe</Data><Data Name='User'>NT AUTHORITY\SYSTEM</Data><Data Name='Protocol'>tcp</Data><Data Name='Initiated'>true</Data><Data Name='SourceIsIpv6'>false</Data><Data Name='SourceIp'>10.0.1.14</Data><Data Name='SourceHostname'>win-dc-mhaag-attack-range-464.attackrange.local</Data><Data Name='SourcePort'>53878</Data><Data Name='SourcePortName'>-</Data><Data Name='DestinationIsIpv6'>false</Data><Data Name='DestinationIp'>54.188.59.68</Data><Data Name='DestinationHostname'>ec2-54-188-59-68.us-west-2.compute.amazonaws.com</Data><Data Name='DestinationPort'>80</Data><Data Name='DestinationPortName'>http</Data></EventData></Event>
<Event xmlns='http://schemas.microsoft.com/win/2004/08/events/event'><System><Provider Name='Microsoft-Windows-Sysmon' Guid='{5770385F-C22A-43E0-BF4C-06F5698FFBD9}'/><EventID>3</EventID><Version>5</Version><Level>4</Level><Task>3</Task><Opcode>0</Opcode><Keywords>0x8000000000000000</Keywords><TimeCreated SystemTime='2022-03-15T17:10:13.025849600Z'/><EventRecordID>1524320</EventRecordID><Correlation/><Execution ProcessID='2132' ThreadID='3100'/><Channel>Microsoft-Windows-Sysmon/Operational</Channel><Computer>win-dc-mhaag-attack-range-464.attackrange.local</Computer><Security UserID='S-1-5-18'/></System><EventData><Data Name='RuleName'>-</Data><Data Name='UtcTime'>2022-03-15 17:10:09.976</Data><Data Name='ProcessGuid'>{F4C444F1-C2BE-6230-CB02-000000004402}</Data><Data Name='ProcessId'>5224</Data><Data Name='Image'>C:\Windows\SysWOW64\rundll32.exe</Data><Data Name='User'>NT AUTHORITY\SYSTEM</Data><Data Name='Protocol'>tcp</Data><Data Name='Initiated'>true</Data><Data Name='SourceIsIpv6'>false</Data><Data Name='SourceIp'>10.0.1.14</Data><Data Name='SourceHostname'>win-dc-mhaag-attack-range-464.attackrange.local</Data><Data Name='SourcePort'>53844</Data><Data Name='SourcePortName'>-</Data><Data Name='DestinationIsIpv6'>false</Data><Data Name='DestinationIp'>54.188.59.68</Data><Data Name='DestinationHostname'>ec2-54-188-59-68.us-west-2.compute.amazonaws.com</Data><Data Name='DestinationPort'>80</Data><Data Name='DestinationPortName'>http</Data></EventData></Event>
<Event xmlns='http://schemas.microsoft.com/win/2004/08/events/event'><System><Provider Name='Microsoft-Windows-Sysmon' Guid='{5770385F-C22A-43E0-BF4C-06F5698FFBD9}'/><EventID>3</EventID><Version>5</Version><Level>4</Level><Task>3</Task><Opcode>0</Opcode><Keywords>0x8000000000000000</Keywords><TimeCreated SystemTime='2022-03-15T17:10:00.996606500Z'/><EventRecordID>1523843</EventRecordID><Correlation/><Execution ProcessID='2132' ThreadID='3100'/><Channel>Microsoft-Windows-Sysmon/Operational</Channel><Computer>win-dc-mhaag-attack-range-464.attackrange.local</Computer><Security UserID='S-1-5-18'/></System><EventData><Data Name='RuleName'>-</Data><Data Name='UtcTime'>2022-03-15 17:09:57.869</Data><Data Name='ProcessGuid'>{F4C444F1-C199-6230-9702-000000004402}</Data><Data Name='ProcessId'>5428</Data><Data Name='Image'>C:\Windows\System32\rundll32.exe</Data><Data Name='User'>NT AUTHORITY\SYSTEM</Data><Data Name='Protocol'>tcp</Data><Data Name='Initiated'>true</Data><Data Name='SourceIsIpv6'>false</Data><Data Name='SourceIp'>10.0.1.14</Data><Data Name='SourceHostname'>win-dc-mhaag-attack-range-464.attackrange.local</Data><Data Name='SourcePort'>53442</Data><Data Name='SourcePortName'>-</Data><Data Name='DestinationIsIpv6'>false</Data><Data Name='DestinationIp'>54.188.59.68</Data><Data Name='DestinationHostname'>ec2-54-188-59-68.us-west-2.compute.amazonaws.com</Data><Data Name='DestinationPort'>80</Data><Data Name='DestinationPortName'>http</Data></EventData></Event>
<Event xmlns='http://schemas.microsoft.com/win/2004/08/events/event'><System><Provider Name='Microsoft-Windows-Sysmon' Guid='{5770385F-C22A-43E0-BF4C-06F5698FFBD9}'/><EventID>3</EventID><Version>5</Version><Level>4</Level><Task>3</Task><Opcode>0</Opcode><Keywords>0x8000000000000000</Keywords><TimeCreated SystemTime='2022-03-15T17:09:49.969242900Z'/><EventRecordID>1523435</EventRecordID><Correlation/><Execution ProcessID='2132' ThreadID='3100'/><Channel>Microsoft-Windows-Sysmon/Operational</Channel><Computer>win-dc-mhaag-attack-range-464.attackrange.local</Computer><Security UserID='S-1-5-18'/></System><EventData><Data Name='RuleName'>-</Data><Data Name='UtcTime'>2022-03-15 17:09:47.287</Data><Data Name='ProcessGuid'>{F4C444F1-C347-6230-DF02-000000004402}</Data><Data Name='ProcessId'>2572</Data><Data Name='Image'>C:\Windows\System32\dllhost.exe</Data><Data Name='User'>ATTACKRANGE\Administrator</Data><Data Name='Protocol'>tcp</Data><Data Name='Initiated'>true</Data><Data Name='SourceIsIpv6'>false</Data><Data Name='SourceIp'>10.0.1.14</Data><Data Name='SourceHostname'>win-dc-mhaag-attack-range-464.attackrange.local</Data><Data Name='SourcePort'>53096</Data><Data Name='SourcePortName'>-</Data><Data Name='DestinationIsIpv6'>false</Data><Data Name='DestinationIp'>54.188.59.68</Data><Data Name='DestinationHostname'>ec2-54-188-59-68.us-west-2.compute.amazonaws.com</Data><Data Name='DestinationPort'>80</Data><Data Name='DestinationPortName'>http</Data></EventData></Event>
<Event xmlns='http://schemas.microsoft.com/win/2004/08/events/event'><System><Provider Name='Microsoft-Windows-Sysmon' Guid='{5770385F-C22A-43E0-BF4C-06F5698FFBD9}'/><EventID>3</EventID><Version>5</Version><Level>4</Level><Task>3</Task><Opcode>0</Opcode><Keywords>0x8000000000000000</Keywords><TimeCreated SystemTime='2022-03-15T17:09:42.954992300Z'/><EventRecordID>1523162</EventRecordID><Correlation/><Execution ProcessID='2132' ThreadID='3100'/><Channel>Microsoft-Windows-Sysmon/Operational</Channel><Computer>win-dc-mhaag-attack-range-464.attackrange.local</Computer><Security UserID='S-1-5-18'/></System><EventData><Data Name='RuleName'>-</Data><Data Name='UtcTime'>2022-03-15 17:09:40.671</Data><Data Name='ProcessGuid'>{F4C444F1-C335-6230-DE02-000000004402}</Data><Data Name='ProcessId'>2752</Data><Data Name='Image'>C:\Windows\SysWOW64\dllhost.exe</Data><Data Name='User'>NT AUTHORITY\SYSTEM</Data><Data Name='Protocol'>tcp</Data><Data Name='Initiated'>true</Data><Data Name='SourceIsIpv6'>false</Data><Data Name='SourceIp'>10.0.1.14</Data><Data Name='SourceHostname'>win-dc-mhaag-attack-range-464.attackrange.local</Data><Data Name='SourcePort'>52858</Data><Data Name='SourcePortName'>-</Data><Data Name='DestinationIsIpv6'>false</Data><Data Name='DestinationIp'>54.188.59.68</Data><Data Name='DestinationHostname'>ec2-54-188-59-68.us-west-2.compute.amazonaws.com</Data><Data Name='DestinationPort'>80</Data><Data Name='DestinationPortName'>http</Data></EventData></Event>
<Event xmlns='http://schemas.microsoft.com/win/2004/08/events/event'><System><Provider Name='Microsoft-Windows-Sysmon' Guid='{5770385F-C22A-43E0-BF4C-06F5698FFBD9}'/><EventID>3</EventID><Version>5</Version><Level>4</Level><Task>3</Task><Opcode>0</Opcode><Keywords>0x8000000000000000</Keywords><TimeCreated SystemTime='2022-03-15T17:09:42.954821100Z'/><EventRecordID>1523141</EventRecordID><Correlation/><Execution ProcessID='2132' ThreadID='3100'/><Channel>Microsoft-Windows-Sysmon/Operational</Channel><Computer>win-dc-mhaag-attack-range-464.attackrange.local</Computer><Security UserID='S-1-5-18'/></System><EventData><Data Name='RuleName'>-</Data><Data Name='UtcTime'>2022-03-15 17:09:40.091</Data><Data Name='ProcessGuid'>{F4C444F1-C2BE-6230-CB02-000000004402}</Data><Data Name='ProcessId'>5224</Data><Data Name='Image'>C:\Windows\SysWOW64\rundll32.exe</Data><Data Name='User'>NT AUTHORITY\SYSTEM</Data><Data Name='Protocol'>tcp</Data><Data Name='Initiated'>true</Data><Data Name='SourceIsIpv6'>false</Data><Data Name='SourceIp'>10.0.1.14</Data><Data Name='SourceHostname'>win-dc-mhaag-attack-range-464.attackrange.local</Data><Data Name='SourcePort'>52838</Data><Data Name='SourcePortName'>-</Data><Data Name='DestinationIsIpv6'>false</Data><Data Name='DestinationIp'>54.188.59.68</Data><Data Name='DestinationHostname'>ec2-54-188-59-68.us-west-2.compute.amazonaws.com</Data><Data Name='DestinationPort'>80</Data><Data Name='DestinationPortName'>http</Data></EventData></Event>
<Event xmlns='http://schemas.microsoft.com/win/2004/08/events/event'><System><Provider Name='Microsoft-Windows-Sysmon' Guid='{5770385F-C22A-43E0-BF4C-06F5698FFBD9}'/><EventID>3</EventID><Version>5</Version><Level>4</Level><Task>3</Task><Opcode>0</Opcode><Keywords>0x8000000000000000</Keywords><TimeCreated SystemTime='2022-03-15T17:09:35.687639800Z'/><EventRecordID>1522851</EventRecordID><Correlation/><Execution ProcessID='2132' ThreadID='3100'/><Channel>Microsoft-Windows-Sysmon/Operational</Channel><Computer>win-dc-mhaag-attack-range-464.attackrange.local</Computer><Security UserID='S-1-5-18'/></System><EventData><Data Name='RuleName'>-</Data><Data Name='UtcTime'>2022-03-15 17:09:33.218</Data><Data Name='ProcessGuid'>{F4C444F1-C30C-6230-D602-000000004402}</Data><Data Name='ProcessId'>896</Data><Data Name='Image'>C:\Windows\SysWOW64\rundll32.exe</Data><Data Name='User'>NT AUTHORITY\SYSTEM</Data><Data Name='Protocol'>tcp</Data><Data Name='Initiated'>true</Data><Data Name='SourceIsIpv6'>false</Data><Data Name='SourceIp'>10.0.1.14</Data><Data Name='SourceHostname'>win-dc-mhaag-attack-range-464.attackrange.local</Data><Data Name='SourcePort'>52614</Data><Data Name='SourcePortName'>-</Data><Data Name='DestinationIsIpv6'>false</Data><Data Name='DestinationIp'>54.188.59.68</Data><Data Name='DestinationHostname'>ec2-54-188-59-68.us-west-2.compute.amazonaws.com</Data><Data Name='DestinationPort'>80</Data><Data Name='DestinationPortName'>http</Data></EventData></Event>
<Event xmlns='http://schemas.microsoft.com/win/2004/08/events/event'><System><Provider Name='Microsoft-Windows-Sysmon' Guid='{5770385F-C22A-43E0-BF4C-06F5698FFBD9}'/><EventID>3</EventID><Version>5</Version><Level>4</Level><Task>3</Task><Opcode>0</Opcode><Keywords>0x8000000000000000</Keywords><TimeCreated SystemTime='2022-03-15T17:09:30.678980700Z'/><EventRecordID>1522656</EventRecordID><Correlation/><Execution ProcessID='2132' ThreadID='3100'/><Channel>Microsoft-Windows-Sysmon/Operational</Channel><Computer>win-dc-mhaag-attack-range-464.attackrange.local</Computer><Security UserID='S-1-5-18'/></System><EventData><Data Name='RuleName'>-</Data><Data Name='UtcTime'>2022-03-15 17:09:28.004</Data><Data Name='ProcessGuid'>{F4C444F1-C2FE-6230-D402-000000004402}</Data><Data Name='ProcessId'>5160</Data><Data Name='Image'>C:\Windows\System32\rundll32.exe</Data><Data Name='User'>NT AUTHORITY\SYSTEM</Data><Data Name='Protocol'>tcp</Data><Data Name='Initiated'>true</Data><Data Name='SourceIsIpv6'>false</Data><Data Name='SourceIp'>10.0.1.14</Data><Data Name='SourceHostname'>win-dc-mhaag-attack-range-464.attackrange.local</Data><Data Name='SourcePort'>52433</Data><Data Name='SourcePortName'>-</Data><Data Name='DestinationIsIpv6'>false</Data><Data Name='DestinationIp'>54.188.59.68</Data><Data Name='DestinationHostname'>ec2-54-188-59-68.us-west-2.compute.amazonaws.com</Data><Data Name='DestinationPort'>80</Data><Data Name='DestinationPortName'>http</Data></EventData></Event>
<Event xmlns='http://schemas.microsoft.com/win/2004/08/events/event'><System><Provider Name='Microsoft-Windows-Sysmon' Guid='{5770385F-C22A-43E0-BF4C-06F5698FFBD9}'/><EventID>3</EventID><Version>5</Version><Level>4</Level><Task>3</Task><Opcode>0</Opcode><Keywords>0x8000000000000000</Keywords><TimeCreated SystemTime='2022-03-15T17:09:26.668805800Z'/><EventRecordID>1522203</EventRecordID><Correlation/><Execution ProcessID='2132' ThreadID='3100'/><Channel>Microsoft-Windows-Sysmon/Operational</Channel><Computer>win-dc-mhaag-attack-range-464.attackrange.local</Computer><Security UserID='S-1-5-18'/></System><EventData><Data Name='RuleName'>-</Data><Data Name='UtcTime'>2022-03-15 17:09:23.653</Data><Data Name='ProcessGuid'>{F4C444F1-C1B3-6230-9902-000000004402}</Data><Data Name='ProcessId'>1760</Data><Data Name='Image'>C:\Windows\System32\rundll32.exe</Data><Data Name='User'>ATTACKRANGE\Administrator</Data><Data Name='Protocol'>tcp</Data><Data Name='Initiated'>true</Data><Data Name='SourceIsIpv6'>false</Data><Data Name='SourceIp'>10.0.1.14</Data><Data Name='SourceHostname'>win-dc-mhaag-attack-range-464.attackrange.local</Data><Data Name='SourcePort'>52279</Data><Data Name='SourcePortName'>-</Data><Data Name='DestinationIsIpv6'>false</Data><Data Name='DestinationIp'>54.188.59.68</Data><Data Name='DestinationHostname'>ec2-54-188-59-68.us-west-2.compute.amazonaws.com</Data><Data Name='DestinationPort'>80</Data><Data Name='DestinationPortName'>http</Data></EventData></Event>
<Event xmlns='http://schemas.microsoft.com/win/2004/08/events/event'><System><Provider Name='Microsoft-Windows-Sysmon' Guid='{5770385F-C22A-43E0-BF4C-06F5698FFBD9}'/><EventID>3</EventID><Version>5</Version><Level>4</Level><Task>3</Task><Opcode>0</Opcode><Keywords>0x8000000000000000</Keywords><TimeCreated SystemTime='2022-03-15T17:09:20.404130300Z'/><EventRecordID>1521832</EventRecordID><Correlation/><Execution ProcessID='2132' ThreadID='3100'/><Channel>Microsoft-Windows-Sysmon/Operational</Channel><Computer>win-dc-mhaag-attack-range-464.attackrange.local</Computer><Security UserID='S-1-5-18'/></System><EventData><Data Name='RuleName'>-</Data><Data Name='UtcTime'>2022-03-15 17:09:17.346</Data><Data Name='ProcessGuid'>{F4C444F1-C347-6230-DF02-000000004402}</Data><Data Name='ProcessId'>2572</Data><Data Name='Image'>C:\Windows\System32\dllhost.exe</Data><Data Name='User'>ATTACKRANGE\Administrator</Data><Data Name='Protocol'>tcp</Data><Data Name='Initiated'>true</Data><Data Name='SourceIsIpv6'>false</Data><Data Name='SourceIp'>10.0.1.14</Data><Data Name='SourceHostname'>win-dc-mhaag-attack-range-464.attackrange.local</Data><Data Name='SourcePort'>52073</Data><Data Name='SourcePortName'>-</Data><Data Name='DestinationIsIpv6'>false</Data><Data Name='DestinationIp'>54.188.59.68</Data><Data Name='DestinationHostname'>ec2-54-188-59-68.us-west-2.compute.amazonaws.com</Data><Data Name='DestinationPort'>80</Data><Data Name='DestinationPortName'>http</Data></EventData></Event>
<Event xmlns='http://schemas.microsoft.com/win/2004/08/events/event'><System><Provider Name='Microsoft-Windows-Sysmon' Guid='{5770385F-C22A-43E0-BF4C-06F5698FFBD9}'/><EventID>3</EventID><Version>5</Version><Level>4</Level><Task>3</Task><Opcode>0</Opcode><Keywords>0x8000000000000000</Keywords><TimeCreated SystemTime='2022-03-15T17:09:07.374637900Z'/><EventRecordID>1521337</EventRecordID><Correlation/><Execution ProcessID='2132' ThreadID='3100'/><Channel>Microsoft-Windows-Sysmon/Operational</Channel><Computer>win-dc-mhaag-attack-range-464.attackrange.local</Computer><Security UserID='S-1-5-18'/></System><EventData><Data Name='RuleName'>-</Data><Data Name='UtcTime'>2022-03-15 17:09:04.558</Data><Data Name='ProcessGuid'>{F4C444F1-C335-6230-DE02-000000004402}</Data><Data Name='ProcessId'>2752</Data><Data Name='Image'>C:\Windows\SysWOW64\dllhost.exe</Data><Data Name='User'>NT AUTHORITY\SYSTEM</Data><Data Name='Protocol'>tcp</Data><Data Name='Initiated'>true</Data><Data Name='SourceIsIpv6'>false</Data><Data Name='SourceIp'>10.0.1.14</Data><Data Name='SourceHostname'>win-dc-mhaag-attack-range-464.attackrange.local</Data><Data Name='SourcePort'>51650</Data><Data Name='SourcePortName'>-</Data><Data Name='DestinationIsIpv6'>false</Data><Data Name='DestinationIp'>54.188.59.68</Data><Data Name='DestinationHostname'>ec2-54-188-59-68.us-west-2.compute.amazonaws.com</Data><Data Name='DestinationPort'>80</Data><Data Name='DestinationPortName'>http</Data></EventData></Event>
<Event xmlns='http://schemas.microsoft.com/win/2004/08/events/event'><System><Provider Name='Microsoft-Windows-Sysmon' Guid='{5770385F-C22A-43E0-BF4C-06F5698FFBD9}'/><EventID>3</EventID><Version>5</Version><Level>4</Level><Task>3</Task><Opcode>0</Opcode><Keywords>0x8000000000000000</Keywords><TimeCreated SystemTime='2022-03-15T17:09:00.359947600Z'/><EventRecordID>1521053</EventRecordID><Correlation/><Execution ProcessID='2132' ThreadID='3100'/><Channel>Microsoft-Windows-Sysmon/Operational</Channel><Computer>win-dc-mhaag-attack-range-464.attackrange.local</Computer><Security UserID='S-1-5-18'/></System><EventData><Data Name='RuleName'>-</Data><Data Name='UtcTime'>2022-03-15 17:08:57.866</Data><Data Name='ProcessGuid'>{F4C444F1-C199-6230-9702-000000004402}</Data><Data Name='ProcessId'>5428</Data><Data Name='Image'>C:\Windows\System32\rundll32.exe</Data><Data Name='User'>NT AUTHORITY\SYSTEM</Data><Data Name='Protocol'>tcp</Data><Data Name='Initiated'>true</Data><Data Name='SourceIsIpv6'>false</Data><Data Name='SourceIp'>10.0.1.14</Data><Data Name='SourceHostname'>win-dc-mhaag-attack-range-464.attackrange.local</Data><Data Name='SourcePort'>51426</Data><Data Name='SourcePortName'>-</Data><Data Name='DestinationIsIpv6'>false</Data><Data Name='DestinationIp'>54.188.59.68</Data><Data Name='DestinationHostname'>ec2-54-188-59-68.us-west-2.compute.amazonaws.com</Data><Data Name='DestinationPort'>80</Data><Data Name='DestinationPortName'>http</Data></EventData></Event>
<Event xmlns='http://schemas.microsoft.com/win/2004/08/events/event'><System><Provider Name='Microsoft-Windows-Sysmon' Guid='{5770385F-C22A-43E0-BF4C-06F5698FFBD9}'/><EventID>3</EventID><Version>5</Version><Level>4</Level><Task>3</Task><Opcode>0</Opcode><Keywords>0x8000000000000000</Keywords><TimeCreated SystemTime='2022-03-15T17:08:58.355119000Z'/><EventRecordID>1520951</EventRecordID><Correlation/><Execution ProcessID='2132' ThreadID='3100'/><Channel>Microsoft-Windows-Sysmon/Operational</Channel><Computer>win-dc-mhaag-attack-range-464.attackrange.local</Computer><Security UserID='S-1-5-18'/></System><EventData><Data Name='RuleName'>-</Data><Data Name='UtcTime'>2022-03-15 17:08:55.860</Data><Data Name='ProcessGuid'>{F4C444F1-C2BE-6230-CB02-000000004402}</Data><Data Name='ProcessId'>5224</Data><Data Name='Image'>C:\Windows\SysWOW64\rundll32.exe</Data><Data Name='User'>NT AUTHORITY\SYSTEM</Data><Data Name='Protocol'>tcp</Data><Data Name='Initiated'>true</Data><Data Name='SourceIsIpv6'>false</Data><Data Name='SourceIp'>10.0.1.14</Data><Data Name='SourceHostname'>win-dc-mhaag-attack-range-464.attackrange.local</Data><Data Name='SourcePort'>51359</Data><Data Name='SourcePortName'>-</Data><Data Name='DestinationIsIpv6'>false</Data><Data Name='DestinationIp'>54.188.59.68</Data><Data Name='DestinationHostname'>ec2-54-188-59-68.us-west-2.compute.amazonaws.com</Data><Data Name='DestinationPort'>80</Data><Data Name='DestinationPortName'>http</Data></EventData></Event>
<Event xmlns='http://schemas.microsoft.com/win/2004/08/events/event'><System><Provider Name='Microsoft-Windows-Sysmon' Guid='{5770385F-C22A-43E0-BF4C-06F5698FFBD9}'/><EventID>3</EventID><Version>5</Version><Level>4</Level><Task>3</Task><Opcode>0</Opcode><Keywords>0x8000000000000000</Keywords><TimeCreated SystemTime='2022-03-15T17:08:56.350131000Z'/><EventRecordID>1520846</EventRecordID><Correlation/><Execution ProcessID='2132' ThreadID='3100'/><Channel>Microsoft-Windows-Sysmon/Operational</Channel><Computer>win-dc-mhaag-attack-range-464.attackrange.local</Computer><Security UserID='S-1-5-18'/></System><EventData><Data Name='RuleName'>-</Data><Data Name='UtcTime'>2022-03-15 17:08:53.216</Data><Data Name='ProcessGuid'>{F4C444F1-C30C-6230-D602-000000004402}</Data><Data Name='ProcessId'>896</Data><Data Name='Image'>C:\Windows\SysWOW64\rundll32.exe</Data><Data Name='User'>NT AUTHORITY\SYSTEM</Data><Data Name='Protocol'>tcp</Data><Data Name='Initiated'>true</Data><Data Name='SourceIsIpv6'>false</Data><Data Name='SourceIp'>10.0.1.14</Data><Data Name='SourceHostname'>win-dc-mhaag-attack-range-464.attackrange.local</Data><Data Name='SourcePort'>51262</Data><Data Name='SourcePortName'>-</Data><Data Name='DestinationIsIpv6'>false</Data><Data Name='DestinationIp'>54.188.59.68</Data><Data Name='DestinationHostname'>ec2-54-188-59-68.us-west-2.compute.amazonaws.com</Data><Data Name='DestinationPort'>80</Data><Data Name='DestinationPortName'>http</Data></EventData></Event>
