<Event xmlns='http://schemas.microsoft.com/win/2004/08/events/event'><System><Provider Name='Microsoft-Windows-Sysmon' Guid='{5770385F-C22A-43E0-BF4C-06F5698FFBD9}'/><EventID>3</EventID><Version>5</Version><Level>4</Level><Task>3</Task><Opcode>0</Opcode><Keywords>0x8000000000000000</Keywords><TimeCreated SystemTime='2022-03-15T17:21:39.870544400Z'/><EventRecordID>1557176</EventRecordID><Correlation/><Execution ProcessID='2132' ThreadID='3100'/><Channel>Microsoft-Windows-Sysmon/Operational</Channel><Computer>win-dc-mhaag-attack-range-464.attackrange.local</Computer><Security UserID='S-1-5-18'/></System><EventData><Data Name='RuleName'>-</Data><Data Name='UtcTime'>2022-03-15 17:21:36.884</Data><Data Name='ProcessGuid'>{F4C444F1-C335-6230-DE02-000000004402}</Data><Data Name='ProcessId'>2752</Data><Data Name='Image'>C:\Windows\SysWOW64\dllhost.exe</Data><Data Name='User'>NT AUTHORITY\SYSTEM</Data><Data Name='Protocol'>tcp</Data><Data Name='Initiated'>true</Data><Data Name='SourceIsIpv6'>false</Data><Data Name='SourceIp'>10.0.1.14</Data><Data Name='SourceHostname'>win-dc-mhaag-attack-range-464.attackrange.local</Data><Data Name='SourcePort'>60886</Data><Data Name='SourcePortName'>-</Data><Data Name='DestinationIsIpv6'>false</Data><Data Name='DestinationIp'>54.188.59.68</Data><Data Name='DestinationHostname'>ec2-54-188-59-68.us-west-2.compute.amazonaws.com</Data><Data Name='DestinationPort'>80</Data><Data Name='DestinationPortName'>http</Data></EventData></Event>
<Event xmlns='http://schemas.microsoft.com/win/2004/08/events/event'><System><Provider Name='Microsoft-Windows-Sysmon' Guid='{5770385F-C22A-43E0-BF4C-06F5698FFBD9}'/><EventID>3</EventID><Version>5</Version><Level>4</Level><Task>3</Task><Opcode>0</Opcode><Keywords>0x8000000000000000</Keywords><TimeCreated SystemTime='2022-03-15T17:21:38.869547000Z'/><EventRecordID>1557129</EventRecordID><Correlation/><Execution ProcessID='2132' ThreadID='3100'/><Channel>Microsoft-Windows-Sysmon/Operational</Channel><Computer>win-dc-mhaag-attack-range-464.attackrange.local</Computer><Security UserID='S-1-5-18'/></System><EventData><Data Name='RuleName'>-</Data><Data Name='UtcTime'>2022-03-15 17:21:36.495</Data><Data Name='ProcessGuid'>{F4C444F1-C2BE-6230-CB02-000000004402}</Data><Data Name='ProcessId'>5224</Data><Data Name='Image'>C:\Windows\SysWOW64\rundll32.exe</Data><Data Name='User'>NT AUTHORITY\SYSTEM</Data><Data Name='Protocol'>tcp</Data><Data Name='Initiated'>true</Data><Data Name='SourceIsIpv6'>false</Data><Data Name='SourceIp'>10.0.1.14</Data><Data Name='SourceHostname'>win-dc-mhaag-attack-range-464.attackrange.local</Data><Data Name='SourcePort'>60874</Data><Data Name='SourcePortName'>-</Data><Data Name='DestinationIsIpv6'>false</Data><Data Name='DestinationIp'>54.188.59.68</Data><Data Name='DestinationHostname'>ec2-54-188-59-68.us-west-2.compute.amazonaws.com</Data><Data Name='DestinationPort'>80</Data><Data Name='DestinationPortName'>http</Data></EventData></Event>
<Event xmlns='http://schemas.microsoft.com/win/2004/08/events/event'><System><Provider Name='Microsoft-Windows-Sysmon' Guid='{5770385F-C22A-43E0-BF4C-06F5698FFBD9}'/><EventID>3</EventID><Version>5</Version><Level>4</Level><Task>3</Task><Opcode>0</Opcode><Keywords>0x8000000000000000</Keywords><TimeCreated SystemTime='2022-03-15T17:21:31.852803200Z'/><EventRecordID>1556689</EventRecordID><Correlation/><Execution ProcessID='2132' ThreadID='3100'/><Channel>Microsoft-Windows-Sysmon/Operational</Channel><Computer>win-dc-mhaag-attack-range-464.attackrange.local</Computer><Security UserID='S-1-5-18'/></System><EventData><Data Name='RuleName'>-</Data><Data Name='UtcTime'>2022-03-15 17:21:29.213</Data><Data Name='ProcessGuid'>{F4C444F1-C347-6230-DF02-000000004402}</Data><Data Name='ProcessId'>2572</Data><Data Name='Image'>C:\Windows\System32\dllhost.exe</Data><Data Name='User'>ATTACKRANGE\Administrator</Data><Data Name='Protocol'>tcp</Data><Data Name='Initiated'>true</Data><Data Name='SourceIsIpv6'>false</Data><Data Name='SourceIp'>10.0.1.14</Data><Data Name='SourceHostname'>win-dc-mhaag-attack-range-464.attackrange.local</Data><Data Name='SourcePort'>60622</Data><Data Name='SourcePortName'>-</Data><Data Name='DestinationIsIpv6'>false</Data><Data Name='DestinationIp'>54.188.59.68</Data><Data Name='DestinationHostname'>ec2-54-188-59-68.us-west-2.compute.amazonaws.com</Data><Data Name='DestinationPort'>80</Data><Data Name='DestinationPortName'>http</Data></EventData></Event>
<Event xmlns='http://schemas.microsoft.com/win/2004/08/events/event'><System><Provider Name='Microsoft-Windows-Sysmon' Guid='{5770385F-C22A-43E0-BF4C-06F5698FFBD9}'/><EventID>3</EventID><Version>5</Version><Level>4</Level><Task>3</Task><Opcode>0</Opcode><Keywords>0x8000000000000000</Keywords><TimeCreated SystemTime='2022-03-15T17:21:30.850830600Z'/><EventRecordID>1556526</EventRecordID><Correlation/><Execution ProcessID='2132' ThreadID='3100'/><Channel>Microsoft-Windows-Sysmon/Operational</Channel><Computer>win-dc-mhaag-attack-range-464.attackrange.local</Computer><Security UserID='S-1-5-18'/></System><EventData><Data Name='RuleName'>-</Data><Data Name='UtcTime'>2022-03-15 17:21:27.983</Data><Data Name='ProcessGuid'>{F4C444F1-C2FE-6230-D402-000000004402}</Data><Data Name='ProcessId'>5160</Data><Data Name='Image'>C:\Windows\System32\rundll32.exe</Data><Data Name='User'>NT AUTHORITY\SYSTEM</Data><Data Name='Protocol'>tcp</Data><Data Name='Initiated'>true</Data><Data Name='SourceIsIpv6'>false</Data><Data Name='SourceIp'>10.0.1.14</Data><Data Name='SourceHostname'>win-dc-mhaag-attack-range-464.attackrange.local</Data><Data Name='SourcePort'>60579</Data><Data Name='SourcePortName'>-</Data><Data Name='DestinationIsIpv6'>false</Data><Data Name='DestinationIp'>54.188.59.68</Data><Data Name='DestinationHostname'>ec2-54-188-59-68.us-west-2.compute.amazonaws.com</Data><Data Name='DestinationPort'>80</Data><Data Name='DestinationPortName'>http</Data></EventData></Event>
<Event xmlns='http://schemas.microsoft.com/win/2004/08/events/event'><System><Provider Name='Microsoft-Windows-Sysmon' Guid='{5770385F-C22A-43E0-BF4C-06F5698FFBD9}'/><EventID>3</EventID><Version>5</Version><Level>4</Level><Task>3</Task><Opcode>0</Opcode><Keywords>0x8000000000000000</Keywords><TimeCreated SystemTime='2022-03-15T17:21:25.840890700Z'/><EventRecordID>1556256</EventRecordID><Correlation/><Execution ProcessID='2132' ThreadID='3100'/><Channel>Microsoft-Windows-Sysmon/Operational</Channel><Computer>win-dc-mhaag-attack-range-464.attackrange.local</Computer><Security UserID='S-1-5-18'/></System><EventData><Data Name='RuleName'>-</Data><Data Name='UtcTime'>2022-03-15 17:21:23.692</Data><Data Name='ProcessGuid'>{F4C444F1-C1B3-6230-9902-000000004402}</Data><Data Name='ProcessId'>1760</Data><Data Name='Image'>C:\Windows\System32\rundll32.exe</Data><Data Name='User'>ATTACKRANGE\Administrator</Data><Data Name='Protocol'>tcp</Data><Data Name='Initiated'>true</Data><Data Name='SourceIsIpv6'>false</Data><Data Name='SourceIp'>10.0.1.14</Data><Data Name='SourceHostname'>win-dc-mhaag-attack-range-464.attackrange.local</Data><Data Name='SourcePort'>60435</Data><Data Name='SourcePortName'>-</Data><Data Name='DestinationIsIpv6'>false</Data><Data Name='DestinationIp'>54.188.59.68</Data><Data Name='DestinationHostname'>ec2-54-188-59-68.us-west-2.compute.amazonaws.com</Data><Data Name='DestinationPort'>80</Data><Data Name='DestinationPortName'>http</Data></EventData></Event>
<Event xmlns='http://schemas.microsoft.com/win/2004/08/events/event'><System><Provider Name='Microsoft-Windows-Sysmon' Guid='{5770385F-C22A-43E0-BF4C-06F5698FFBD9}'/><EventID>3</EventID><Version>5</Version><Level>4</Level><Task>3</Task><Opcode>0</Opcode><Keywords>0x8000000000000000</Keywords><TimeCreated SystemTime='2022-03-15T17:21:19.824742500Z'/><EventRecordID>1555968</EventRecordID><Correlation/><Execution ProcessID='2132' ThreadID='3100'/><Channel>Microsoft-Windows-Sysmon/Operational</Channel><Computer>win-dc-mhaag-attack-range-464.attackrange.local</Computer><Security UserID='S-1-5-18'/></System><EventData><Data Name='RuleName'>-</Data><Data Name='UtcTime'>2022-03-15 17:21:17.158</Data><Data Name='ProcessGuid'>{F4C444F1-C30C-6230-D602-000000004402}</Data><Data Name='ProcessId'>896</Data><Data Name='Image'>C:\Windows\SysWOW64\rundll32.exe</Data><Data Name='User'>NT AUTHORITY\SYSTEM</Data><Data Name='Protocol'>tcp</Data><Data Name='Initiated'>true</Data><Data Name='SourceIsIpv6'>false</Data><Data Name='SourceIp'>10.0.1.14</Data><Data Name='SourceHostname'>win-dc-mhaag-attack-range-464.attackrange.local</Data><Data Name='SourcePort'>60199</Data><Data Name='SourcePortName'>-</Data><Data Name='DestinationIsIpv6'>false</Data><Data Name='DestinationIp'>54.188.59.68</Data><Data Name='DestinationHostname'>ec2-54-188-59-68.us-west-2.compute.amazonaws.com</Data><Data Name='DestinationPort'>80</Data><Data Name='DestinationPortName'>http</Data></EventData></Event>
<Event xmlns='http://schemas.microsoft.com/win/2004/08/events/event'><System><Provider Name='Microsoft-Windows-Sysmon' Guid='{5770385F-C22A-43E0-BF4C-06F5698FFBD9}'/><EventID>3</EventID><Version>5</Version><Level>4</Level><Task>3</Task><Opcode>0</Opcode><Keywords>0x8000000000000000</Keywords><TimeCreated SystemTime='2022-03-15T17:21:09.807621300Z'/><EventRecordID>1555558</EventRecordID><Correlation/><Execution ProcessID='2132' ThreadID='3100'/><Channel>Microsoft-Windows-Sysmon/Operational</Channel><Computer>win-dc-mhaag-attack-range-464.attackrange.local</Computer><Security UserID='S-1-5-18'/></System><EventData><Data Name='RuleName'>-</Data><Data Name='UtcTime'>2022-03-15 17:21:06.969</Data><Data Name='ProcessGuid'>{F4C444F1-C2BE-6230-CB02-000000004402}</Data><Data Name='ProcessId'>5224</Data><Data Name='Image'>C:\Windows\SysWOW64\rundll32.exe</Data><Data Name='User'>NT AUTHORITY\SYSTEM</Data><Data Name='Protocol'>tcp</Data><Data Name='Initiated'>true</Data><Data Name='SourceIsIpv6'>false</Data><Data Name='SourceIp'>10.0.1.14</Data><Data Name='SourceHostname'>win-dc-mhaag-attack-range-464.attackrange.local</Data><Data Name='SourcePort'>59851</Data><Data Name='SourcePortName'>-</Data><Data Name='DestinationIsIpv6'>false</Data><Data Name='DestinationIp'>54.188.59.68</Data><Data Name='DestinationHostname'>ec2-54-188-59-68.us-west-2.compute.amazonaws.com</Data><Data Name='DestinationPort'>80</Data><Data Name='DestinationPortName'>http</Data></EventData></Event>
<Event xmlns='http://schemas.microsoft.com/win/2004/08/events/event'><System><Provider Name='Microsoft-Windows-Sysmon' Guid='{5770385F-C22A-43E0-BF4C-06F5698FFBD9}'/><EventID>3</EventID><Version>5</Version><Level>4</Level><Task>3</Task><Opcode>0</Opcode><Keywords>0x8000000000000000</Keywords><TimeCreated SystemTime='2022-03-15T17:21:03.792282800Z'/><EventRecordID>1555367</EventRecordID><Correlation/><Execution ProcessID='2132' ThreadID='3100'/><Channel>Microsoft-Windows-Sysmon/Operational</Channel><Computer>win-dc-mhaag-attack-range-464.attackrange.local</Computer><Security UserID='S-1-5-18'/></System><EventData><Data Name='RuleName'>-</Data><Data Name='UtcTime'>2022-03-15 17:21:01.617</Data><Data Name='ProcessGuid'>{F4C444F1-C335-6230-DE02-000000004402}</Data><Data Name='ProcessId'>2752</Data><Data Name='Image'>C:\Windows\SysWOW64\dllhost.exe</Data><Data Name='User'>NT AUTHORITY\SYSTEM</Data><Data Name='Protocol'>tcp</Data><Data Name='Initiated'>true</Data><Data Name='SourceIsIpv6'>false</Data><Data Name='SourceIp'>10.0.1.14</Data><Data Name='SourceHostname'>win-dc-mhaag-attack-range-464.attackrange.local</Data><Data Name='SourcePort'>59675</Data><Data Name='SourcePortName'>-</Data><Data Name='DestinationIsIpv6'>false</Data><Data Name='DestinationIp'>54.188.59.68</Data><Data Name='DestinationHostname'>ec2-54-188-59-68.us-west-2.compute.amazonaws.com</Data><Data Name='DestinationPort'>80</Data><Data Name='DestinationPortName'>http</Data></EventData></Event>
<Event xmlns='http://schemas.microsoft.com/win/2004/08/events/event'><System><Provider Name='Microsoft-Windows-Sysmon' Guid='{5770385F-C22A-43E0-BF4C-06F5698FFBD9}'/><EventID>3</EventID><Version>5</Version><Level>4</Level><Task>3</Task><Opcode>0</Opcode><Keywords>0x8000000000000000</Keywords><TimeCreated SystemTime='2022-03-15T17:21:00.781926800Z'/><EventRecordID>1555191</EventRecordID><Correlation/><Execution ProcessID='2132' ThreadID='3100'/><Channel>Microsoft-Windows-Sysmon/Operational</Channel><Computer>win-dc-mhaag-attack-range-464.attackrange.local</Computer><Security UserID='S-1-5-18'/></System><EventData><Data Name='RuleName'>-</Data><Data Name='UtcTime'>2022-03-15 17:20:57.923</Data><Data Name='ProcessGuid'>{F4C444F1-C199-6230-9702-000000004402}</Data><Data Name='ProcessId'>5428</Data><Data Name='Image'>C:\Windows\System32\rundll32.exe</Data><Data Name='User'>NT AUTHORITY\SYSTEM</Data><Data Name='Protocol'>tcp</Data><Data Name='Initiated'>true</Data><Data Name='SourceIsIpv6'>false</Data><Data Name='SourceIp'>10.0.1.14</Data><Data Name='SourceHostname'>win-dc-mhaag-attack-range-464.attackrange.local</Data><Data Name='SourcePort'>59550</Data><Data Name='SourcePortName'>-</Data><Data Name='DestinationIsIpv6'>false</Data><Data Name='DestinationIp'>54.188.59.68</Data><Data Name='DestinationHostname'>ec2-54-188-59-68.us-west-2.compute.amazonaws.com</Data><Data Name='DestinationPort'>80</Data><Data Name='DestinationPortName'>http</Data></EventData></Event>
<Event xmlns='http://schemas.microsoft.com/win/2004/08/events/event'><System><Provider Name='Microsoft-Windows-Sysmon' Guid='{5770385F-C22A-43E0-BF4C-06F5698FFBD9}'/><EventID>3</EventID><Version>5</Version><Level>4</Level><Task>3</Task><Opcode>0</Opcode><Keywords>0x8000000000000000</Keywords><TimeCreated SystemTime='2022-03-15T17:20:56.770266400Z'/><EventRecordID>1555045</EventRecordID><Correlation/><Execution ProcessID='2132' ThreadID='3100'/><Channel>Microsoft-Windows-Sysmon/Operational</Channel><Computer>win-dc-mhaag-attack-range-464.attackrange.local</Computer><Security UserID='S-1-5-18'/></System><EventData><Data Name='RuleName'>-</Data><Data Name='UtcTime'>2022-03-15 17:20:54.574</Data><Data Name='ProcessGuid'>{F4C444F1-C2FE-6230-D402-000000004402}</Data><Data Name='ProcessId'>5160</Data><Data Name='Image'>C:\Windows\System32\rundll32.exe</Data><Data Name='User'>NT AUTHORITY\SYSTEM</Data><Data Name='Protocol'>tcp</Data><Data Name='Initiated'>true</Data><Data Name='SourceIsIpv6'>false</Data><Data Name='SourceIp'>10.0.1.14</Data><Data Name='SourceHostname'>win-dc-mhaag-attack-range-464.attackrange.local</Data><Data Name='SourcePort'>59444</Data><Data Name='SourcePortName'>-</Data><Data Name='DestinationIsIpv6'>false</Data><Data Name='DestinationIp'>54.188.59.68</Data><Data Name='DestinationHostname'>ec2-54-188-59-68.us-west-2.compute.amazonaws.com</Data><Data Name='DestinationPort'>80</Data><Data Name='DestinationPortName'>http</Data></EventData></Event>
<Event xmlns='http://schemas.microsoft.com/win/2004/08/events/event'><System><Provider Name='Microsoft-Windows-Sysmon' Guid='{5770385F-C22A-43E0-BF4C-06F5698FFBD9}'/><EventID>3</EventID><Version>5</Version><Level>4</Level><Task>3</Task><Opcode>0</Opcode><Keywords>0x8000000000000000</Keywords><TimeCreated SystemTime='2022-03-15T17:20:49.757360300Z'/><EventRecordID>1554785</EventRecordID><Correlation/><Execution ProcessID='2132' ThreadID='3100'/><Channel>Microsoft-Windows-Sysmon/Operational</Channel><Computer>win-dc-mhaag-attack-range-464.attackrange.local</Computer><Security UserID='S-1-5-18'/></System><EventData><Data Name='RuleName'>-</Data><Data Name='UtcTime'>2022-03-15 17:20:47.589</Data><Data Name='ProcessGuid'>{F4C444F1-C30C-6230-D602-000000004402}</Data><Data Name='ProcessId'>896</Data><Data Name='Image'>C:\Windows\SysWOW64\rundll32.exe</Data><Data Name='User'>NT AUTHORITY\SYSTEM</Data><Data Name='Protocol'>tcp</Data><Data Name='Initiated'>true</Data><Data Name='SourceIsIpv6'>false</Data><Data Name='SourceIp'>10.0.1.14</Data><Data Name='SourceHostname'>win-dc-mhaag-attack-range-464.attackrange.local</Data><Data Name='SourcePort'>59205</Data><Data Name='SourcePortName'>-</Data><Data Name='DestinationIsIpv6'>false</Data><Data Name='DestinationIp'>54.188.59.68</Data><Data Name='DestinationHostname'>ec2-54-188-59-68.us-west-2.compute.amazonaws.com</Data><Data Name='DestinationPort'>80</Data><Data Name='DestinationPortName'>http</Data></EventData></Event>
<Event xmlns='http://schemas.microsoft.com/win/2004/08/events/event'><System><Provider Name='Microsoft-Windows-Sysmon' Guid='{5770385F-C22A-43E0-BF4C-06F5698FFBD9}'/><EventID>3</EventID><Version>5</Version><Level>4</Level><Task>3</Task><Opcode>0</Opcode><Keywords>0x8000000000000000</Keywords><TimeCreated SystemTime='2022-03-15T17:20:47.752641100Z'/><EventRecordID>1554705</EventRecordID><Correlation/><Execution ProcessID='2132' ThreadID='3100'/><Channel>Microsoft-Windows-Sysmon/Operational</Channel><Computer>win-dc-mhaag-attack-range-464.attackrange.local</Computer><Security UserID='S-1-5-18'/></System><EventData><Data Name='RuleName'>-</Data><Data Name='UtcTime'>2022-03-15 17:20:45.338</Data><Data Name='ProcessGuid'>{F4C444F1-C347-6230-DF02-000000004402}</Data><Data Name='ProcessId'>2572</Data><Data Name='Image'>C:\Windows\System32\dllhost.exe</Data><Data Name='User'>ATTACKRANGE\Administrator</Data><Data Name='Protocol'>tcp</Data><Data Name='Initiated'>true</Data><Data Name='SourceIsIpv6'>false</Data><Data Name='SourceIp'>10.0.1.14</Data><Data Name='SourceHostname'>win-dc-mhaag-attack-range-464.attackrange.local</Data><Data Name='SourcePort'>59130</Data><Data Name='SourcePortName'>-</Data><Data Name='DestinationIsIpv6'>false</Data><Data Name='DestinationIp'>54.188.59.68</Data><Data Name='DestinationHostname'>ec2-54-188-59-68.us-west-2.compute.amazonaws.com</Data><Data Name='DestinationPort'>80</Data><Data Name='DestinationPortName'>http</Data></EventData></Event>
<Event xmlns='http://schemas.microsoft.com/win/2004/08/events/event'><System><Provider Name='Microsoft-Windows-Sysmon' Guid='{5770385F-C22A-43E0-BF4C-06F5698FFBD9}'/><EventID>3</EventID><Version>5</Version><Level>4</Level><Task>3</Task><Opcode>0</Opcode><Keywords>0x8000000000000000</Keywords><TimeCreated SystemTime='2022-03-15T17:20:36.483180800Z'/><EventRecordID>1554181</EventRecordID><Correlation/><Execution ProcessID='2132' ThreadID='3100'/><Channel>Microsoft-Windows-Sysmon/Operational</Channel><Computer>win-dc-mhaag-attack-range-464.attackrange.local</Computer><Security UserID='S-1-5-18'/></System><EventData><Data Name='RuleName'>-</Data><Data Name='UtcTime'>2022-03-15 17:20:34.156</Data><Data Name='ProcessGuid'>{F4C444F1-C2BE-6230-CB02-000000004402}</Data><Data Name='ProcessId'>5224</Data><Data Name='Image'>C:\Windows\SysWOW64\rundll32.exe</Data><Data Name='User'>NT AUTHORITY\SYSTEM</Data><Data Name='Protocol'>tcp</Data><Data Name='Initiated'>true</Data><Data Name='SourceIsIpv6'>false</Data><Data Name='SourceIp'>10.0.1.14</Data><Data Name='SourceHostname'>win-dc-mhaag-attack-range-464.attackrange.local</Data><Data Name='SourcePort'>58747</Data><Data Name='SourcePortName'>-</Data><Data Name='DestinationIsIpv6'>false</Data><Data Name='DestinationIp'>54.188.59.68</Data><Data Name='DestinationHostname'>ec2-54-188-59-68.us-west-2.compute.amazonaws.com</Data><Data Name='DestinationPort'>80</Data><Data Name='DestinationPortName'>http</Data></EventData></Event>
<Event xmlns='http://schemas.microsoft.com/win/2004/08/events/event'><System><Provider Name='Microsoft-Windows-Sysmon' Guid='{5770385F-C22A-43E0-BF4C-06F5698FFBD9}'/><EventID>3</EventID><Version>5</Version><Level>4</Level><Task>3</Task><Opcode>0</Opcode><Keywords>0x8000000000000000</Keywords><TimeCreated SystemTime='2022-03-15T17:20:33.477625600Z'/><EventRecordID>1553961</EventRecordID><Correlation/><Execution ProcessID='2132' ThreadID='3100'/><Channel>Microsoft-Windows-Sysmon/Operational</Channel><Computer>win-dc-mhaag-attack-range-464.attackrange.local</Computer><Security UserID='S-1-5-18'/></System><EventData><Data Name='RuleName'>-</Data><Data Name='UtcTime'>2022-03-15 17:20:31.194</Data><Data Name='ProcessGuid'>{F4C444F1-C335-6230-DE02-000000004402}</Data><Data Name='ProcessId'>2752</Data><Data Name='Image'>C:\Windows\SysWOW64\dllhost.exe</Data><Data Name='User'>NT AUTHORITY\SYSTEM</Data><Data Name='Protocol'>tcp</Data><Data Name='Initiated'>true</Data><Data Name='SourceIsIpv6'>false</Data><Data Name='SourceIp'>10.0.1.14</Data><Data Name='SourceHostname'>win-dc-mhaag-attack-range-464.attackrange.local</Data><Data Name='SourcePort'>58645</Data><Data Name='SourcePortName'>-</Data><Data Name='DestinationIsIpv6'>false</Data><Data Name='DestinationIp'>54.188.59.68</Data><Data Name='DestinationHostname'>ec2-54-188-59-68.us-west-2.compute.amazonaws.com</Data><Data Name='DestinationPort'>80</Data><Data Name='DestinationPortName'>http</Data></EventData></Event>
<Event xmlns='http://schemas.microsoft.com/win/2004/08/events/event'><System><Provider Name='Microsoft-Windows-Sysmon' Guid='{5770385F-C22A-43E0-BF4C-06F5698FFBD9}'/><EventID>3</EventID><Version>5</Version><Level>4</Level><Task>3</Task><Opcode>0</Opcode><Keywords>0x8000000000000000</Keywords><TimeCreated SystemTime='2022-03-15T17:20:26.464608200Z'/><EventRecordID>1553404</EventRecordID><Correlation/><Execution ProcessID='2132' ThreadID='3100'/><Channel>Microsoft-Windows-Sysmon/Operational</Channel><Computer>win-dc-mhaag-attack-range-464.attackrange.local</Computer><Security UserID='S-1-5-18'/></System><EventData><Data Name='RuleName'>-</Data><Data Name='UtcTime'>2022-03-15 17:20:23.690</Data><Data Name='ProcessGuid'>{F4C444F1-C1B3-6230-9902-000000004402}</Data><Data Name='ProcessId'>1760</Data><Data Name='Image'>C:\Windows\System32\rundll32.exe</Data><Data Name='User'>ATTACKRANGE\Administrator</Data><Data Name='Protocol'>tcp</Data><Data Name='Initiated'>true</Data><Data Name='SourceIsIpv6'>false</Data><Data Name='SourceIp'>10.0.1.14</Data><Data Name='SourceHostname'>win-dc-mhaag-attack-range-464.attackrange.local</Data><Data Name='SourcePort'>58387</Data><Data Name='SourcePortName'>-</Data><Data Name='DestinationIsIpv6'>false</Data><Data Name='DestinationIp'>54.188.59.68</Data><Data Name='DestinationHostname'>ec2-54-188-59-68.us-west-2.compute.amazonaws.com</Data><Data Name='DestinationPort'>80</Data><Data Name='DestinationPortName'>http</Data></EventData></Event>
<Event xmlns='http://schemas.microsoft.com/win/2004/08/events/event'><System><Provider Name='Microsoft-Windows-Sysmon' Guid='{5770385F-C22A-43E0-BF4C-06F5698FFBD9}'/><EventID>3</EventID><Version>5</Version><Level>4</Level><Task>3</Task><Opcode>0</Opcode><Keywords>0x8000000000000000</Keywords><TimeCreated SystemTime='2022-03-15T17:20:19.449512000Z'/><EventRecordID>1553102</EventRecordID><Correlation/><Execution ProcessID='2132' ThreadID='3100'/><Channel>Microsoft-Windows-Sysmon/Operational</Channel><Computer>win-dc-mhaag-attack-range-464.attackrange.local</Computer><Security UserID='S-1-5-18'/></System><EventData><Data Name='RuleName'>-</Data><Data Name='UtcTime'>2022-03-15 17:20:16.584</Data><Data Name='ProcessGuid'>{F4C444F1-C30C-6230-D602-000000004402}</Data><Data Name='ProcessId'>896</Data><Data Name='Image'>C:\Windows\SysWOW64\rundll32.exe</Data><Data Name='User'>NT AUTHORITY\SYSTEM</Data><Data Name='Protocol'>tcp</Data><Data Name='Initiated'>true</Data><Data Name='SourceIsIpv6'>false</Data><Data Name='SourceIp'>10.0.1.14</Data><Data Name='SourceHostname'>win-dc-mhaag-attack-range-464.attackrange.local</Data><Data Name='SourcePort'>58149</Data><Data Name='SourcePortName'>-</Data><Data Name='DestinationIsIpv6'>false</Data><Data Name='DestinationIp'>54.188.59.68</Data><Data Name='DestinationHostname'>ec2-54-188-59-68.us-west-2.compute.amazonaws.com</Data><Data Name='DestinationPort'>80</Data><Data Name='DestinationPortName'>http</Data></EventData></Event>
<Event xmlns='http://schemas.microsoft.com/win/2004/08/events/event'><System><Provider Name='Microsoft-Windows-Sysmon' Guid='{5770385F-C22A-43E0-BF4C-06F5698FFBD9}'/><EventID>3</EventID><Version>5</Version><Level>4</Level><Task>3</Task><Opcode>0</Opcode><Keywords>0x8000000000000000</Keywords><TimeCreated SystemTime='2022-03-15T17:20:18.447580500Z'/><EventRecordID>1553037</EventRecordID><Correlation/><Execution ProcessID='2132' ThreadID='3100'/><Channel>Microsoft-Windows-Sysmon/Operational</Channel><Computer>win-dc-mhaag-attack-range-464.attackrange.local</Computer><Security UserID='S-1-5-18'/></System><EventData><Data Name='RuleName'>-</Data><Data Name='UtcTime'>2022-03-15 17:20:15.500</Data><Data Name='ProcessGuid'>{F4C444F1-C2FE-6230-D402-000000004402}</Data><Data Name='ProcessId'>5160</Data><Data Name='Image'>C:\Windows\System32\rundll32.exe</Data><Data Name='User'>NT AUTHORITY\SYSTEM</Data><Data Name='Protocol'>tcp</Data><Data Name='Initiated'>true</Data><Data Name='SourceIsIpv6'>false</Data><Data Name='SourceIp'>10.0.1.14</Data><Data Name='SourceHostname'>win-dc-mhaag-attack-range-464.attackrange.local</Data><Data Name='SourcePort'>58111</Data><Data Name='SourcePortName'>-</Data><Data Name='DestinationIsIpv6'>false</Data><Data Name='DestinationIp'>54.188.59.68</Data><Data Name='DestinationHostname'>ec2-54-188-59-68.us-west-2.compute.amazonaws.com</Data><Data Name='DestinationPort'>80</Data><Data Name='DestinationPortName'>http</Data></EventData></Event>
<Event xmlns='http://schemas.microsoft.com/win/2004/08/events/event'><System><Provider Name='Microsoft-Windows-Sysmon' Guid='{5770385F-C22A-43E0-BF4C-06F5698FFBD9}'/><EventID>3</EventID><Version>5</Version><Level>4</Level><Task>3</Task><Opcode>0</Opcode><Keywords>0x8000000000000000</Keywords><TimeCreated SystemTime='2022-03-15T17:20:08.424425800Z'/><EventRecordID>1552652</EventRecordID><Correlation/><Execution ProcessID='2132' ThreadID='3100'/><Channel>Microsoft-Windows-Sysmon/Operational</Channel><Computer>win-dc-mhaag-attack-range-464.attackrange.local</Computer><Security UserID='S-1-5-18'/></System><EventData><Data Name='RuleName'>-</Data><Data Name='UtcTime'>2022-03-15 17:20:05.091</Data><Data Name='ProcessGuid'>{F4C444F1-C2BE-6230-CB02-000000004402}</Data><Data Name='ProcessId'>5224</Data><Data Name='Image'>C:\Windows\SysWOW64\rundll32.exe</Data><Data Name='User'>NT AUTHORITY\SYSTEM</Data><Data Name='Protocol'>tcp</Data><Data Name='Initiated'>true</Data><Data Name='SourceIsIpv6'>false</Data><Data Name='SourceIp'>10.0.1.14</Data><Data Name='SourceHostname'>win-dc-mhaag-attack-range-464.attackrange.local</Data><Data Name='SourcePort'>57754</Data><Data Name='SourcePortName'>-</Data><Data Name='DestinationIsIpv6'>false</Data><Data Name='DestinationIp'>54.188.59.68</Data><Data Name='DestinationHostname'>ec2-54-188-59-68.us-west-2.compute.amazonaws.com</Data><Data Name='DestinationPort'>80</Data><Data Name='DestinationPortName'>http</Data></EventData></Event>
<Event xmlns='http://schemas.microsoft.com/win/2004/08/events/event'><System><Provider Name='Microsoft-Windows-Sysmon' Guid='{5770385F-C22A-43E0-BF4C-06F5698FFBD9}'/><EventID>3</EventID><Version>5</Version><Level>4</Level><Task>3</Task><Opcode>0</Opcode><Keywords>0x8000000000000000</Keywords><TimeCreated SystemTime='2022-03-15T17:20:04.413446400Z'/><EventRecordID>1552527</EventRecordID><Correlation/><Execution ProcessID='2132' ThreadID='3100'/><Channel>Microsoft-Windows-Sysmon/Operational</Channel><Computer>win-dc-mhaag-attack-range-464.attackrange.local</Computer><Security UserID='S-1-5-18'/></System><EventData><Data Name='RuleName'>-</Data><Data Name='UtcTime'>2022-03-15 17:20:01.918</Data><Data Name='ProcessGuid'>{F4C444F1-C347-6230-DF02-000000004402}</Data><Data Name='ProcessId'>2572</Data><Data Name='Image'>C:\Windows\System32\dllhost.exe</Data><Data Name='User'>ATTACKRANGE\Administrator</Data><Data Name='Protocol'>tcp</Data><Data Name='Initiated'>true</Data><Data Name='SourceIsIpv6'>false</Data><Data Name='SourceIp'>10.0.1.14</Data><Data Name='SourceHostname'>win-dc-mhaag-attack-range-464.attackrange.local</Data><Data Name='SourcePort'>57644</Data><Data Name='SourcePortName'>-</Data><Data Name='DestinationIsIpv6'>false</Data><Data Name='DestinationIp'>54.188.59.68</Data><Data Name='DestinationHostname'>ec2-54-188-59-68.us-west-2.compute.amazonaws.com</Data><Data Name='DestinationPort'>80</Data><Data Name='DestinationPortName'>http</Data></EventData></Event>
<Event xmlns='http://schemas.microsoft.com/win/2004/08/events/event'><System><Provider Name='Microsoft-Windows-Sysmon' Guid='{5770385F-C22A-43E0-BF4C-06F5698FFBD9}'/><EventID>3</EventID><Version>5</Version><Level>4</Level><Task>3</Task><Opcode>0</Opcode><Keywords>0x8000000000000000</Keywords><TimeCreated SystemTime='2022-03-15T17:20:00.407117500Z'/><EventRecordID>1552340</EventRecordID><Correlation/><Execution ProcessID='2132' ThreadID='3100'/><Channel>Microsoft-Windows-Sysmon/Operational</Channel><Computer>win-dc-mhaag-attack-range-464.attackrange.local</Computer><Security UserID='S-1-5-18'/></System><EventData><Data Name='RuleName'>-</Data><Data Name='UtcTime'>2022-03-15 17:19:57.917</Data><Data Name='ProcessGuid'>{F4C444F1-C199-6230-9702-000000004402}</Data><Data Name='ProcessId'>5428</Data><Data Name='Image'>C:\Windows\System32\rundll32.exe</Data><Data Name='User'>NT AUTHORITY\SYSTEM</Data><Data Name='Protocol'>tcp</Data><Data Name='Initiated'>true</Data><Data Name='SourceIsIpv6'>false</Data><Data Name='SourceIp'>10.0.1.14</Data><Data Name='SourceHostname'>win-dc-mhaag-attack-range-464.attackrange.local</Data><Data Name='SourcePort'>57506</Data><Data Name='SourcePortName'>-</Data><Data Name='DestinationIsIpv6'>false</Data><Data Name='DestinationIp'>54.188.59.68</Data><Data Name='DestinationHostname'>ec2-54-188-59-68.us-west-2.compute.amazonaws.com</Data><Data Name='DestinationPort'>80</Data><Data Name='DestinationPortName'>http</Data></EventData></Event>
<Event xmlns='http://schemas.microsoft.com/win/2004/08/events/event'><System><Provider Name='Microsoft-Windows-Sysmon' Guid='{5770385F-C22A-43E0-BF4C-06F5698FFBD9}'/><EventID>3</EventID><Version>5</Version><Level>4</Level><Task>3</Task><Opcode>0</Opcode><Keywords>0x8000000000000000</Keywords><TimeCreated SystemTime='2022-03-15T17:19:56.398261000Z'/><EventRecordID>1552148</EventRecordID><Correlation/><Execution ProcessID='2132' ThreadID='3100'/><Channel>Microsoft-Windows-Sysmon/Operational</Channel><Computer>win-dc-mhaag-attack-range-464.attackrange.local</Computer><Security UserID='S-1-5-18'/></System><EventData><Data Name='RuleName'>-</Data><Data Name='UtcTime'>2022-03-15 17:19:53.254</Data><Data Name='ProcessGuid'>{F4C444F1-C335-6230-DE02-000000004402}</Data><Data Name='ProcessId'>2752</Data><Data Name='Image'>C:\Windows\SysWOW64\dllhost.exe</Data><Data Name='User'>NT AUTHORITY\SYSTEM</Data><Data Name='Protocol'>tcp</Data><Data Name='Initiated'>true</Data><Data Name='SourceIsIpv6'>false</Data><Data Name='SourceIp'>10.0.1.14</Data><Data Name='SourceHostname'>win-dc-mhaag-attack-range-464.attackrange.local</Data><Data Name='SourcePort'>57354</Data><Data Name='SourcePortName'>-</Data><Data Name='DestinationIsIpv6'>false</Data><Data Name='DestinationIp'>54.188.59.68</Data><Data Name='DestinationHostname'>ec2-54-188-59-68.us-west-2.compute.amazonaws.com</Data><Data Name='DestinationPort'>80</Data><Data Name='DestinationPortName'>http</Data></EventData></Event>
<Event xmlns='http://schemas.microsoft.com/win/2004/08/events/event'><System><Provider Name='Microsoft-Windows-Sysmon' Guid='{5770385F-C22A-43E0-BF4C-06F5698FFBD9}'/><EventID>3</EventID><Version>5</Version><Level>4</Level><Task>3</Task><Opcode>0</Opcode><Keywords>0x8000000000000000</Keywords><TimeCreated SystemTime='2022-03-15T17:19:35.353130500Z'/><EventRecordID>1551336</EventRecordID><Correlation/><Execution ProcessID='2132' ThreadID='3100'/><Channel>Microsoft-Windows-Sysmon/Operational</Channel><Computer>win-dc-mhaag-attack-range-464.attackrange.local</Computer><Security UserID='S-1-5-18'/></System><EventData><Data Name='RuleName'>-</Data><Data Name='UtcTime'>2022-03-15 17:19:32.380</Data><Data Name='ProcessGuid'>{F4C444F1-C2FE-6230-D402-000000004402}</Data><Data Name='ProcessId'>5160</Data><Data Name='Image'>C:\Windows\System32\rundll32.exe</Data><Data Name='User'>NT AUTHORITY\SYSTEM</Data><Data Name='Protocol'>tcp</Data><Data Name='Initiated'>true</Data><Data Name='SourceIsIpv6'>false</Data><Data Name='SourceIp'>10.0.1.14</Data><Data Name='SourceHostname'>win-dc-mhaag-attack-range-464.attackrange.local</Data><Data Name='SourcePort'>56667</Data><Data Name='SourcePortName'>-</Data><Data Name='DestinationIsIpv6'>false</Data><Data Name='DestinationIp'>54.188.59.68</Data><Data Name='DestinationHostname'>ec2-54-188-59-68.us-west-2.compute.amazonaws.com</Data><Data Name='DestinationPort'>80</Data><Data Name='DestinationPortName'>http</Data></EventData></Event>
<Event xmlns='http://schemas.microsoft.com/win/2004/08/events/event'><System><Provider Name='Microsoft-Windows-Sysmon' Guid='{5770385F-C22A-43E0-BF4C-06F5698FFBD9}'/><EventID>3</EventID><Version>5</Version><Level>4</Level><Task>3</Task><Opcode>0</Opcode><Keywords>0x8000000000000000</Keywords><TimeCreated SystemTime='2022-03-15T17:19:34.351774300Z'/><EventRecordID>1551315</EventRecordID><Correlation/><Execution ProcessID='2132' ThreadID='3100'/><Channel>Microsoft-Windows-Sysmon/Operational</Channel><Computer>win-dc-mhaag-attack-range-464.attackrange.local</Computer><Security UserID='S-1-5-18'/></System><EventData><Data Name='RuleName'>-</Data><Data Name='UtcTime'>2022-03-15 17:19:31.870</Data><Data Name='ProcessGuid'>{F4C444F1-C30C-6230-D602-000000004402}</Data><Data Name='ProcessId'>896</Data><Data Name='Image'>C:\Windows\SysWOW64\rundll32.exe</Data><Data Name='User'>NT AUTHORITY\SYSTEM</Data><Data Name='Protocol'>tcp</Data><Data Name='Initiated'>true</Data><Data Name='SourceIsIpv6'>false</Data><Data Name='SourceIp'>10.0.1.14</Data><Data Name='SourceHostname'>win-dc-mhaag-attack-range-464.attackrange.local</Data><Data Name='SourcePort'>56648</Data><Data Name='SourcePortName'>-</Data><Data Name='DestinationIsIpv6'>false</Data><Data Name='DestinationIp'>54.188.59.68</Data><Data Name='DestinationHostname'>ec2-54-188-59-68.us-west-2.compute.amazonaws.com</Data><Data Name='DestinationPort'>80</Data><Data Name='DestinationPortName'>http</Data></EventData></Event>
<Event xmlns='http://schemas.microsoft.com/win/2004/08/events/event'><System><Provider Name='Microsoft-Windows-Sysmon' Guid='{5770385F-C22A-43E0-BF4C-06F5698FFBD9}'/><EventID>3</EventID><Version>5</Version><Level>4</Level><Task>3</Task><Opcode>0</Opcode><Keywords>0x8000000000000000</Keywords><TimeCreated SystemTime='2022-03-15T17:19:29.341944200Z'/><EventRecordID>1550761</EventRecordID><Correlation/><Execution ProcessID='2132' ThreadID='3100'/><Channel>Microsoft-Windows-Sysmon/Operational</Channel><Computer>win-dc-mhaag-attack-range-464.attackrange.local</Computer><Security UserID='S-1-5-18'/></System><EventData><Data Name='RuleName'>-</Data><Data Name='UtcTime'>2022-03-15 17:19:26.195</Data><Data Name='ProcessGuid'>{F4C444F1-C347-6230-DF02-000000004402}</Data><Data Name='ProcessId'>2572</Data><Data Name='Image'>C:\Windows\System32\dllhost.exe</Data><Data Name='User'>ATTACKRANGE\Administrator</Data><Data Name='Protocol'>tcp</Data><Data Name='Initiated'>true</Data><Data Name='SourceIsIpv6'>false</Data><Data Name='SourceIp'>10.0.1.14</Data><Data Name='SourceHostname'>win-dc-mhaag-attack-range-464.attackrange.local</Data><Data Name='SourcePort'>56451</Data><Data Name='SourcePortName'>-</Data><Data Name='DestinationIsIpv6'>false</Data><Data Name='DestinationIp'>54.188.59.68</Data><Data Name='DestinationHostname'>ec2-54-188-59-68.us-west-2.compute.amazonaws.com</Data><Data Name='DestinationPort'>80</Data><Data Name='DestinationPortName'>http</Data></EventData></Event>
<Event xmlns='http://schemas.microsoft.com/win/2004/08/events/event'><System><Provider Name='Microsoft-Windows-Sysmon' Guid='{5770385F-C22A-43E0-BF4C-06F5698FFBD9}'/><EventID>3</EventID><Version>5</Version><Level>4</Level><Task>3</Task><Opcode>0</Opcode><Keywords>0x8000000000000000</Keywords><TimeCreated SystemTime='2022-03-15T17:19:26.337057500Z'/><EventRecordID>1550626</EventRecordID><Correlation/><Execution ProcessID='2132' ThreadID='3100'/><Channel>Microsoft-Windows-Sysmon/Operational</Channel><Computer>win-dc-mhaag-attack-range-464.attackrange.local</Computer><Security UserID='S-1-5-18'/></System><EventData><Data Name='RuleName'>-</Data><Data Name='UtcTime'>2022-03-15 17:19:24.055</Data><Data Name='ProcessGuid'>{F4C444F1-C2BE-6230-CB02-000000004402}</Data><Data Name='ProcessId'>5224</Data><Data Name='Image'>C:\Windows\SysWOW64\rundll32.exe</Data><Data Name='User'>NT AUTHORITY\SYSTEM</Data><Data Name='Protocol'>tcp</Data><Data Name='Initiated'>true</Data><Data Name='SourceIsIpv6'>false</Data><Data Name='SourceIp'>10.0.1.14</Data><Data Name='SourceHostname'>win-dc-mhaag-attack-range-464.attackrange.local</Data><Data Name='SourcePort'>56380</Data><Data Name='SourcePortName'>-</Data><Data Name='DestinationIsIpv6'>false</Data><Data Name='DestinationIp'>54.188.59.68</Data><Data Name='DestinationHostname'>ec2-54-188-59-68.us-west-2.compute.amazonaws.com</Data><Data Name='DestinationPort'>80</Data><Data Name='DestinationPortName'>http</Data></EventData></Event>
<Event xmlns='http://schemas.microsoft.com/win/2004/08/events/event'><System><Provider Name='Microsoft-Windows-Sysmon' Guid='{5770385F-C22A-43E0-BF4C-06F5698FFBD9}'/><EventID>3</EventID><Version>5</Version><Level>4</Level><Task>3</Task><Opcode>0</Opcode><Keywords>0x8000000000000000</Keywords><TimeCreated SystemTime='2022-03-15T17:19:26.336953900Z'/><EventRecordID>1550613</EventRecordID><Correlation/><Execution ProcessID='2132' ThreadID='3100'/><Channel>Microsoft-Windows-Sysmon/Operational</Channel><Computer>win-dc-mhaag-attack-range-464.attackrange.local</Computer><Security UserID='S-1-5-18'/></System><EventData><Data Name='RuleName'>-</Data><Data Name='UtcTime'>2022-03-15 17:19:23.687</Data><Data Name='ProcessGuid'>{F4C444F1-C1B3-6230-9902-000000004402}</Data><Data Name='ProcessId'>1760</Data><Data Name='Image'>C:\Windows\System32\rundll32.exe</Data><Data Name='User'>ATTACKRANGE\Administrator</Data><Data Name='Protocol'>tcp</Data><Data Name='Initiated'>true</Data><Data Name='SourceIsIpv6'>false</Data><Data Name='SourceIp'>10.0.1.14</Data><Data Name='SourceHostname'>win-dc-mhaag-attack-range-464.attackrange.local</Data><Data Name='SourcePort'>56367</Data><Data Name='SourcePortName'>-</Data><Data Name='DestinationIsIpv6'>false</Data><Data Name='DestinationIp'>54.188.59.68</Data><Data Name='DestinationHostname'>ec2-54-188-59-68.us-west-2.compute.amazonaws.com</Data><Data Name='DestinationPort'>80</Data><Data Name='DestinationPortName'>http</Data></EventData></Event>
<Event xmlns='http://schemas.microsoft.com/win/2004/08/events/event'><System><Provider Name='Microsoft-Windows-Sysmon' Guid='{5770385F-C22A-43E0-BF4C-06F5698FFBD9}'/><EventID>3</EventID><Version>5</Version><Level>4</Level><Task>3</Task><Opcode>0</Opcode><Keywords>0x8000000000000000</Keywords><TimeCreated SystemTime='2022-03-15T17:19:13.306192800Z'/><EventRecordID>1550023</EventRecordID><Correlation/><Execution ProcessID='2132' ThreadID='3100'/><Channel>Microsoft-Windows-Sysmon/Operational</Channel><Computer>win-dc-mhaag-attack-range-464.attackrange.local</Computer><Security UserID='S-1-5-18'/></System><EventData><Data Name='RuleName'>-</Data><Data Name='UtcTime'>2022-03-15 17:19:10.088</Data><Data Name='ProcessGuid'>{F4C444F1-C335-6230-DE02-000000004402}</Data><Data Name='ProcessId'>2752</Data><Data Name='Image'>C:\Windows\SysWOW64\dllhost.exe</Data><Data Name='User'>NT AUTHORITY\SYSTEM</Data><Data Name='Protocol'>tcp</Data><Data Name='Initiated'>true</Data><Data Name='SourceIsIpv6'>false</Data><Data Name='SourceIp'>10.0.1.14</Data><Data Name='SourceHostname'>win-dc-mhaag-attack-range-464.attackrange.local</Data><Data Name='SourcePort'>55885</Data><Data Name='SourcePortName'>-</Data><Data Name='DestinationIsIpv6'>false</Data><Data Name='DestinationIp'>54.188.59.68</Data><Data Name='DestinationHostname'>ec2-54-188-59-68.us-west-2.compute.amazonaws.com</Data><Data Name='DestinationPort'>80</Data><Data Name='DestinationPortName'>http</Data></EventData></Event>
<Event xmlns='http://schemas.microsoft.com/win/2004/08/events/event'><System><Provider Name='Microsoft-Windows-Sysmon' Guid='{5770385F-C22A-43E0-BF4C-06F5698FFBD9}'/><EventID>3</EventID><Version>5</Version><Level>4</Level><Task>3</Task><Opcode>0</Opcode><Keywords>0x8000000000000000</Keywords><TimeCreated SystemTime='2022-03-15T17:19:00.031545100Z'/><EventRecordID>1549533</EventRecordID><Correlation/><Execution ProcessID='2132' ThreadID='3100'/><Channel>Microsoft-Windows-Sysmon/Operational</Channel><Computer>win-dc-mhaag-attack-range-464.attackrange.local</Computer><Security UserID='S-1-5-18'/></System><EventData><Data Name='RuleName'>-</Data><Data Name='UtcTime'>2022-03-15 17:18:57.905</Data><Data Name='ProcessGuid'>{F4C444F1-C199-6230-9702-000000004402}</Data><Data Name='ProcessId'>5428</Data><Data Name='Image'>C:\Windows\System32\rundll32.exe</Data><Data Name='User'>NT AUTHORITY\SYSTEM</Data><Data Name='Protocol'>tcp</Data><Data Name='Initiated'>true</Data><Data Name='SourceIsIpv6'>false</Data><Data Name='SourceIp'>10.0.1.14</Data><Data Name='SourceHostname'>win-dc-mhaag-attack-range-464.attackrange.local</Data><Data Name='SourcePort'>55475</Data><Data Name='SourcePortName'>-</Data><Data Name='DestinationIsIpv6'>false</Data><Data Name='DestinationIp'>54.188.59.68</Data><Data Name='DestinationHostname'>ec2-54-188-59-68.us-west-2.compute.amazonaws.com</Data><Data Name='DestinationPort'>80</Data><Data Name='DestinationPortName'>http</Data></EventData></Event>
<Event xmlns='http://schemas.microsoft.com/win/2004/08/events/event'><System><Provider Name='Microsoft-Windows-Sysmon' Guid='{5770385F-C22A-43E0-BF4C-06F5698FFBD9}'/><EventID>3</EventID><Version>5</Version><Level>4</Level><Task>3</Task><Opcode>0</Opcode><Keywords>0x8000000000000000</Keywords><TimeCreated SystemTime='2022-03-15T17:19:00.031365300Z'/><EventRecordID>1549510</EventRecordID><Correlation/><Execution ProcessID='2132' ThreadID='3100'/><Channel>Microsoft-Windows-Sysmon/Operational</Channel><Computer>win-dc-mhaag-attack-range-464.attackrange.local</Computer><Security UserID='S-1-5-18'/></System><EventData><Data Name='RuleName'>-</Data><Data Name='UtcTime'>2022-03-15 17:18:57.319</Data><Data Name='ProcessGuid'>{F4C444F1-C30C-6230-D602-000000004402}</Data><Data Name='ProcessId'>896</Data><Data Name='Image'>C:\Windows\SysWOW64\rundll32.exe</Data><Data Name='User'>NT AUTHORITY\SYSTEM</Data><Data Name='Protocol'>tcp</Data><Data Name='Initiated'>true</Data><Data Name='SourceIsIpv6'>false</Data><Data Name='SourceIp'>10.0.1.14</Data><Data Name='SourceHostname'>win-dc-mhaag-attack-range-464.attackrange.local</Data><Data Name='SourcePort'>55452</Data><Data Name='SourcePortName'>-</Data><Data Name='DestinationIsIpv6'>false</Data><Data Name='DestinationIp'>54.188.59.68</Data><Data Name='DestinationHostname'>ec2-54-188-59-68.us-west-2.compute.amazonaws.com</Data><Data Name='DestinationPort'>80</Data><Data Name='DestinationPortName'>http</Data></EventData></Event>
<Event xmlns='http://schemas.microsoft.com/win/2004/08/events/event'><System><Provider Name='Microsoft-Windows-Sysmon' Guid='{5770385F-C22A-43E0-BF4C-06F5698FFBD9}'/><EventID>3</EventID><Version>5</Version><Level>4</Level><Task>3</Task><Opcode>0</Opcode><Keywords>0x8000000000000000</Keywords><TimeCreated SystemTime='2022-03-15T17:18:58.026685000Z'/><EventRecordID>1549406</EventRecordID><Correlation/><Execution ProcessID='2132' ThreadID='3100'/><Channel>Microsoft-Windows-Sysmon/Operational</Channel><Computer>win-dc-mhaag-attack-range-464.attackrange.local</Computer><Security UserID='S-1-5-18'/></System><EventData><Data Name='RuleName'>-</Data><Data Name='UtcTime'>2022-03-15 17:18:55.528</Data><Data Name='ProcessGuid'>{F4C444F1-C347-6230-DF02-000000004402}</Data><Data Name='ProcessId'>2572</Data><Data Name='Image'>C:\Windows\System32\dllhost.exe</Data><Data Name='User'>ATTACKRANGE\Administrator</Data><Data Name='Protocol'>tcp</Data><Data Name='Initiated'>true</Data><Data Name='SourceIsIpv6'>false</Data><Data Name='SourceIp'>10.0.1.14</Data><Data Name='SourceHostname'>win-dc-mhaag-attack-range-464.attackrange.local</Data><Data Name='SourcePort'>55389</Data><Data Name='SourcePortName'>-</Data><Data Name='DestinationIsIpv6'>false</Data><Data Name='DestinationIp'>54.188.59.68</Data><Data Name='DestinationHostname'>ec2-54-188-59-68.us-west-2.compute.amazonaws.com</Data><Data Name='DestinationPort'>80</Data><Data Name='DestinationPortName'>http</Data></EventData></Event>
<Event xmlns='http://schemas.microsoft.com/win/2004/08/events/event'><System><Provider Name='Microsoft-Windows-Sysmon' Guid='{5770385F-C22A-43E0-BF4C-06F5698FFBD9}'/><EventID>3</EventID><Version>5</Version><Level>4</Level><Task>3</Task><Opcode>0</Opcode><Keywords>0x8000000000000000</Keywords><TimeCreated SystemTime='2022-03-15T17:18:51.011814000Z'/><EventRecordID>1549151</EventRecordID><Correlation/><Execution ProcessID='2132' ThreadID='3100'/><Channel>Microsoft-Windows-Sysmon/Operational</Channel><Computer>win-dc-mhaag-attack-range-464.attackrange.local</Computer><Security UserID='S-1-5-18'/></System><EventData><Data Name='RuleName'>-</Data><Data Name='UtcTime'>2022-03-15 17:18:48.618</Data><Data Name='ProcessGuid'>{F4C444F1-C2FE-6230-D402-000000004402}</Data><Data Name='ProcessId'>5160</Data><Data Name='Image'>C:\Windows\System32\rundll32.exe</Data><Data Name='User'>NT AUTHORITY\SYSTEM</Data><Data Name='Protocol'>tcp</Data><Data Name='Initiated'>true</Data><Data Name='SourceIsIpv6'>false</Data><Data Name='SourceIp'>10.0.1.14</Data><Data Name='SourceHostname'>win-dc-mhaag-attack-range-464.attackrange.local</Data><Data Name='SourcePort'>55155</Data><Data Name='SourcePortName'>-</Data><Data Name='DestinationIsIpv6'>false</Data><Data Name='DestinationIp'>54.188.59.68</Data><Data Name='DestinationHostname'>ec2-54-188-59-68.us-west-2.compute.amazonaws.com</Data><Data Name='DestinationPort'>80</Data><Data Name='DestinationPortName'>http</Data></EventData></Event>
<Event xmlns='http://schemas.microsoft.com/win/2004/08/events/event'><System><Provider Name='Microsoft-Windows-Sysmon' Guid='{5770385F-C22A-43E0-BF4C-06F5698FFBD9}'/><EventID>3</EventID><Version>5</Version><Level>4</Level><Task>3</Task><Opcode>0</Opcode><Keywords>0x8000000000000000</Keywords><TimeCreated SystemTime='2022-03-15T17:18:48.004756400Z'/><EventRecordID>1549030</EventRecordID><Correlation/><Execution ProcessID='2132' ThreadID='3100'/><Channel>Microsoft-Windows-Sysmon/Operational</Channel><Computer>win-dc-mhaag-attack-range-464.attackrange.local</Computer><Security UserID='S-1-5-18'/></System><EventData><Data Name='RuleName'>-</Data><Data Name='UtcTime'>2022-03-15 17:18:45.309</Data><Data Name='ProcessGuid'>{F4C444F1-C2BE-6230-CB02-000000004402}</Data><Data Name='ProcessId'>5224</Data><Data Name='Image'>C:\Windows\SysWOW64\rundll32.exe</Data><Data Name='User'>NT AUTHORITY\SYSTEM</Data><Data Name='Protocol'>tcp</Data><Data Name='Initiated'>true</Data><Data Name='SourceIsIpv6'>false</Data><Data Name='SourceIp'>10.0.1.14</Data><Data Name='SourceHostname'>win-dc-mhaag-attack-range-464.attackrange.local</Data><Data Name='SourcePort'>55041</Data><Data Name='SourcePortName'>-</Data><Data Name='DestinationIsIpv6'>false</Data><Data Name='DestinationIp'>54.188.59.68</Data><Data Name='DestinationHostname'>ec2-54-188-59-68.us-west-2.compute.amazonaws.com</Data><Data Name='DestinationPort'>80</Data><Data Name='DestinationPortName'>http</Data></EventData></Event>
<Event xmlns='http://schemas.microsoft.com/win/2004/08/events/event'><System><Provider Name='Microsoft-Windows-Sysmon' Guid='{5770385F-C22A-43E0-BF4C-06F5698FFBD9}'/><EventID>3</EventID><Version>5</Version><Level>4</Level><Task>3</Task><Opcode>0</Opcode><Keywords>0x8000000000000000</Keywords><TimeCreated SystemTime='2022-03-15T17:18:31.963786300Z'/><EventRecordID>1548238</EventRecordID><Correlation/><Execution ProcessID='2132' ThreadID='3100'/><Channel>Microsoft-Windows-Sysmon/Operational</Channel><Computer>win-dc-mhaag-attack-range-464.attackrange.local</Computer><Security UserID='S-1-5-18'/></System><EventData><Data Name='RuleName'>-</Data><Data Name='UtcTime'>2022-03-15 17:18:28.925</Data><Data Name='ProcessGuid'>{F4C444F1-C30C-6230-D602-000000004402}</Data><Data Name='ProcessId'>896</Data><Data Name='Image'>C:\Windows\SysWOW64\rundll32.exe</Data><Data Name='User'>NT AUTHORITY\SYSTEM</Data><Data Name='Protocol'>tcp</Data><Data Name='Initiated'>true</Data><Data Name='SourceIsIpv6'>false</Data><Data Name='SourceIp'>10.0.1.14</Data><Data Name='SourceHostname'>win-dc-mhaag-attack-range-464.attackrange.local</Data><Data Name='SourcePort'>54473</Data><Data Name='SourcePortName'>-</Data><Data Name='DestinationIsIpv6'>false</Data><Data Name='DestinationIp'>54.188.59.68</Data><Data Name='DestinationHostname'>ec2-54-188-59-68.us-west-2.compute.amazonaws.com</Data><Data Name='DestinationPort'>80</Data><Data Name='DestinationPortName'>http</Data></EventData></Event>
