09/10/2021 03:09:48 PM
LogName=Microsoft-Windows-PowerShell/Operational
SourceName=Microsoft-Windows-PowerShell
EventCode=4104
EventType=3
Type=Warning
ComputerName=win-host-987.attackrange.local
User=NOT_TRANSLATED
Sid=S-1-5-21-1166625382-1442148322-2337405042-2397
SidType=0
TaskCategory=Execute a Remote Command
OpCode=On create calls
RecordNumber=2137831
Keywords=None
Message=Creating Scriptblock text (1 of 4):

#requires -version 3.0

try { Microsoft.PowerShell.Core\Set-StrictMode -Off } catch { }

$script:MyModule = $MyInvocation.MyCommand.ScriptBlock.Module

$script:ClassName = 'ROOT/StandardCimv2/MSFT_NetRoute'
$script:ClassVersion = '1.0.0'
$script:ModuleVersion = '1.0.0'
$script:ObjectModelWrapper = [Microsoft.PowerShell.Cmdletization.Cim.CimCmdletAdapter]

$script:PrivateData = [System.Collections.Generic.Dictionary[string,string]]::new()

Microsoft.PowerShell.Core\Export-ModuleMember -Function @()
        

function __cmdletization_BindCommonParameters
{
    param(
        $__cmdletization_objectModelWrapper,
        $myPSBoundParameters
    )       
                

        if ($myPSBoundParameters.ContainsKey('CimSession')) { 
            $__cmdletization_objectModelWrapper.PSObject.Properties['CimSession'].Value = $myPSBoundParameters['CimSession'] 
        }
                    

        if ($myPSBoundParameters.ContainsKey('ThrottleLimit')) { 
            $__cmdletization_objectModelWrapper.PSObject.Properties['ThrottleLimit'].Value = $myPSBoundParameters['ThrottleLimit'] 
        }
                    

        if ($myPSBoundParameters.ContainsKey('AsJob')) { 
            $__cmdletization_objectModelWrapper.PSObject.Properties['AsJob'].Value = $myPSBoundParameters['AsJob'] 
        }
                    

}
                

function New-NetRoute
{
    [CmdletBinding(DefaultParameterSetName='ByInterfaceAlias', SupportsShouldProcess=$true, ConfirmImpact='Medium', PositionalBinding=$false)]
    
    [OutputType([Microsoft.Management.Infrastructure.CimInstance[]])][OutputType([Microsoft.Management.Infrastructure.CimInstance[]])]
    param(
    
    [Parameter(ParameterSetName='ByInterfaceAlias', Mandatory=$true, Position=0)]
    [Parameter(ParameterSetName='ByInterfaceIndex', Mandatory=$true, Position=0)]
    [string]
    ${DestinationPrefix},

    [Parameter(ParameterSetName='ByInterfaceAlias', Mandatory=$true, ValueFromPipelineByPropertyName=$true)]
    [Alias('ifAlias')]
    [string]
    ${InterfaceAlias},

    [Parameter(ParameterSetName='ByInterfaceAlias')]
    [Parameter(ParameterSetName='ByInterfaceIndex')]
    [Microsoft.PowerShell.Cmdletization.GeneratedTypes.NetRoute.AddressFamily]
    ${AddressFamily},

    [Parameter(ParameterSetName='ByInterfaceAlias')]
    [Parameter(ParameterSetName='ByInterfaceIndex')]
    [string]
    ${NextHop},

    [Parameter(ParameterSetName='ByInterfaceAlias')]
    [Parameter(ParameterSetName='ByInterfaceIndex')]
    [string]
    ${PolicyStore},

    [Parameter(ParameterSetName='ByInterfaceAlias')]
    [Parameter(ParameterSetName='ByInterfaceIndex')]
    [Microsoft.PowerShell.Cmdletization.GeneratedTypes.NetRoute.Publish]
    ${Publish},

    [Parameter(ParameterSetName='ByInterfaceAlias')]
    [Parameter(ParameterSetName='ByInterfaceIndex')]
    [uint16]
    ${RouteMetric},

    [Parameter(ParameterSetName='ByInterfaceAlias')]
    [Parameter(ParameterSetName='ByInterfaceIndex')]
    [Microsoft.PowerShell.Cmdletization.GeneratedTypes.NetRoute.Protocol]
    ${Protocol},

    [Parameter(ParameterSetName='ByInterfaceAlias')]
    [Parameter(ParameterSetName='ByInterfaceIndex')]
    [timespan]
    ${ValidLifetime},

    [Parameter(ParameterSetName='ByInterfaceAlias')]
    [Parameter(ParameterSetName='ByInterfaceIndex')]
    [timespan]
    ${PreferredLifetime},

    [Parameter(ParameterSetName='ByInterfaceIndex', Mandatory=$true, ValueFromPipelineByPropertyName=$true)]
    [Alias('ifIndex')]
    [uint32]
    ${InterfaceIndex},

    [Parameter(ParameterSetName='ByInterfaceAlias')]
    [Parameter(ParameterSetName='ByInterfaceIndex')]
    [Alias('Session')]
    [ValidateNotNullOrEmpty()]
    [CimSession[]]
    ${CimSession},

    [Parameter(ParameterSetName='ByInterfaceAlias')]
    [Parameter(ParameterSetName='ByInterfaceIndex')]
    [int]
    ${ThrottleLimit},

    [Parameter(ParameterSetName='ByInterfaceAlias')]
    [Parameter(ParameterSetName='ByInterfaceIndex')]
    [switch]
    ${AsJob})

    DynamicParam {
        try 
        {
            if (-not $__cmdletization_exceptionHasBeenThrown)
            {
                $__cmdletization_objectModelWrapper = $script:ObjectModelWrapper::new()
                $__cmdletization_objectModelWrapper.Initialize($PSCmdlet, $script:ClassName, $script:ClassVersion, $script:ModuleVersion, $script:PrivateData)

                if ($__cmdletization_objectModelWrapper -is [System.Management.Automation.IDynamicParameters])
                {
                    ([System.Management.Automation.IDynamicParameters]$__cmdletization_objectModelWrapper).GetDynamicParameters()
                }
            }
        }
        catch
        {
            $__cmdletization_exceptionHasBeenThrown = $true
            throw
        }
    }

    Begin {
        $__cmdletization_exceptionHasBeenThrown = $false
        try 
        {
            __cmdletization_BindCommonParameters $__cmdletization_objectModelWrapper $PSBoundParameters
            $__cmdletization_objectModelWrapper.BeginProcessing()
        }
        catch
        {
            $__cmdletization_exceptionHasBeenThrown = $true
            throw
        }
    }
        

    Process {
        try 
        {
            if (-not $__cmdletization_exceptionHasBeenThrown)
            {
      $__cmdletization_methodParameters = [System.Collections.Generic.List[Microsoft.PowerShell.Cmdletization.MethodParameter]]::new()

      switch -exact ($PSCmdlet.ParameterSetName) { 
        { @('ByInterfaceAlias') -contains $_ } {
        [object]$__cmdletization_defaultValue = $null
        [object]$__cmdletization_defaultValueIsPresent = $false
        if ($PSBoundParameters.ContainsKey('DestinationPrefix')) {
          [object]$__cmdletization_value = ${DestinationPrefix}
          $__cmdletization_methodParameter = [Microsoft.PowerShell.Cmdletization.MethodParameter]@{Name = 'DestinationPrefix'; ParameterType = 'System.String'; Bindings = 'In'; Value = $__cmdletization_value; IsValuePresent = $true}
        } else {
          $__cmdletization_methodParameter = [Microsoft.PowerShell.Cmdletization.MethodParameter]@{Name = 'DestinationPrefix'; ParameterType = 'System.String'; Bindings = 'In'; Value = $__cmdletization_defaultValue; IsValuePresent = $__cmdletization_defaultValueIsPresent}
        }
        $__cmdletization_methodParameters.Add($__cmdletization_methodParameter)

        [object]$__cmdletization_defaultValue = $null
        [object]$__cmdletization_defaultValueIsPresent = $false
        if ($PSBoundParameters.ContainsKey('InterfaceAlias')) {
          [object]$__cmdletization_value = ${InterfaceAlias}
          $__cmdletization_methodParameter = [Microsoft.PowerShell.Cmdletization.MethodParameter]@{Name = 'InterfaceAlias'; ParameterType = 'System.String'; Bindings = 'In'; Value = $__cmdletization_value; IsValuePresent = $true}
        } else {
          $__cmdletization_methodParameter = [Microsoft.PowerShell.Cmdletization.MethodParameter]@{Name = 'InterfaceAlias'; ParameterType = 'System.String'; Bindings = 'In'; Value = $__cmdletization_defaultValue; IsValuePresent = $__cmdletization_defaultValueIsPresent}
        }
        $__cmdletization_methodParameters.Add($__cmdletization_methodParameter)

        [object]$__cmdletization_defaultValue = $null
        [object]$__cmdletization_defaultValueIsPresent = $false
        if ($PSBoundParameters.ContainsKey('AddressFamily')) {
          [object]$__cmdletization_value = ${AddressFamily}
          $__cmdletization_methodParameter = [Microsoft.PowerShell.Cmdletization.MethodParameter]@{Name = 'AddressFamily'; ParameterType = 'Microsoft.PowerShell.Cmdletization.GeneratedTypes.NetRoute.AddressFamily'; Bindings = 'In'; Value = $__cmdletization_value; IsValuePresent = $true}
        } else {
          $__cmdletization_methodParameter = [Microsoft.PowerShell.Cmdletization.MethodParameter]@{Name = 'AddressFamily'; ParameterType = 'Microsoft.PowerShell.Cmdletization.GeneratedTypes.NetRoute.AddressFamily'; Bindings = 'In'; Value = $__cmdletization_defaultValue; IsValuePresent = $__cmdletization_defaultValueIsPresent}
        }
        $__cmdletization_methodParameters.Add($__cmdletization_methodParameter)

        [object]$__cmdletization_defaultValue = $null
        [object]$__cmdletization_defaultValueIsPresent = $false
        if ($PSBoundParameters.ContainsKey('NextHop')) {
          [object]$__cmdletization_value = ${NextHop}
          $__cmdletization_methodParameter = [Microsoft.PowerShell.Cmdletization.MethodParameter]@{Name = 'NextHop'; ParameterType = 'System.String'; Bindings = 'In'; Value = $__cmdletization_value; IsValuePresent = $true}
        } else {
          $__cmdletization_methodParameter = [Microsoft.PowerShell.Cmdletization.MethodParameter]@{Name = 'NextHop'; ParameterType = 'System.String'; Bindings = 'In'; Value = $__cmdletization_defaultValue; IsValuePresent = $__cmdletization_defaultValueIsPresent}
        }
        $__cmdletization_methodParameters.Add($__cmdletization_methodParameter)

        [object]$__cmdletization_defaultValue = $null
        [object]$__cmdletization_defaultValueIsPresent = $false
        if ($PSBoundParameters.ContainsKey('PolicyStore')) {
          [object]$__cmdletization_value = ${PolicyStore}
          $__cmdletization_methodParameter = [Microsoft.PowerShell.Cmdletization.MethodParameter]@{Name = 'PolicyStore'; ParameterType = 'System.String'; Bindings = 'In'; Value = $__cmdletization_value; IsValuePresent = $true}
        } else {
          $__cmdletization_methodParameter = [Microsoft.PowerShell.Cmdletization.MethodParameter]@{Name = 'PolicyStore'; ParameterType = 'System.String'; Bindings = 'In'; Value = $__cmdletization_defaultValue; IsValuePresent = $__cmdletization_defaultValueIsPresent}
        }
        $__cmdletization_methodParameters.Add($__cmdletization_methodParameter)

        [object]$__cmdletization_defaultValue = $null
        [object]$__cmdletization_defaultValueIsPresent = $false
        if ($PSBoundParameters.ContainsKey('Publish')) {
          [object]$__cmdletization_value = ${Publish}
          $__cmdletization_methodParameter = [Microsoft.PowerShell.Cmdletization.MethodParameter]@{Name = 'Publish'; ParameterType = 'Microsoft.PowerShell.Cmdletization.GeneratedTypes.NetRoute.Publish'; Bindings = 'In'; Value = $__cmdletization_value; IsValuePresent = $true}
        } else {
          $__cmdletization_methodParameter = [Microsoft.PowerShell.Cmdletization.MethodParameter]@{Name = 'Publish'; ParameterType = 'Microsoft.PowerShell.Cmdletization.GeneratedTypes.NetRoute.Publish'; Bindings = 'In'; Value = $__cmdletization_defaultValue; IsValuePresent = $__cmdletization_defaultValueIsPresent}
        }
        $__cmdletization_methodParameters.Add($__cmdletization_methodParameter)

        [object]$__cmdletization_defaultValue = $null
        [object]$__cmdletization_defaultValueIsPresent = $false
        if ($PSBoundParameters.ContainsKey('RouteMetric')) {
          [object]$__cmdletization_value = ${RouteMetric}
          $__cmdletization_methodParameter = [Microsoft.PowerShell.Cmdletization.MethodParameter]@{Name = 'RouteMetric'; ParameterType = 'System.UInt16'; Bindings = 'In'; Value = $__cmdletization_value; IsValuePresent = $true}
        } else {
          $__cmdletization_methodParameter = [Microsoft.PowerShell.Cmdletization.MethodParameter]@{Name = 'RouteMetric'; ParameterType = 'System.UInt16'; Bindings = 'In'; Value = $__cmdletization_defaultValue; IsValuePresent = $__cmdletization_defaultValueIsPresent}
        }
        $__cmdletization_methodParameters.Add($__cmdletization_methodParameter)

        [object]$__cmdletization_defaultValue = $null
        [object]$__cmdletization_defaultValueIsPresent = $false
        if ($PSBoundParameters.ContainsKey('Protocol')) {
          [object]$__cmdletization_value = ${Protocol}
          $__cmdletization_methodParameter = [Microsoft.PowerShell.Cmdletization.MethodParameter]@{Name = 'Protocol'; ParameterType = 'Microsoft.PowerShell.Cmdletization.GeneratedTypes.NetRoute.Protocol'; Bindings = 'In'; Value = $__cmdletization_value; IsValuePresent = $true}
        } else {
          $__cmdletization_methodParameter = [Microsoft.PowerShell.Cmdletization.MethodParameter]@{Name = 'Protocol'; ParameterType = 'Microsoft.PowerShell.Cmdletization.GeneratedTypes.NetRoute.Protocol'; Bindings = 'In'; Value = $__cmdletization_defaultValue; IsValuePresent = $__cmdletization_defaultValueIsPresent}
        }
        $__cmdletization_methodParameters.Add($__cmdletization_methodParameter)

        [object]$__cmdletization_defaultValue = $null
        [object]$__cmdletization_defaultValueIsPresent = $false
        if ($PSBoundParameters.ContainsKey('ValidLifetime')) {
          [object]$__cmdletization_value = ${ValidLifetime}
          $__cmdletization_methodParameter = [Microsoft.PowerShell.Cmdletization.MethodParameter]@{Name = 'ValidLifetime'; ParameterType = 'System.TimeSpan'; Bindings = 'In'; Value = $__cmdletization_value; IsValuePresent = $true}
        } else {
          $__cmdletization_methodParameter = [Microsoft.PowerShell.Cmdletization.MethodParameter]@{Name = 'ValidLifetime'; ParameterType = 'System.TimeSpan'; Bindings = 'In'; Value = $__cmdletization_defaultValue; IsValuePresent = $__cmdletization_defaultValueIsPresent}
        }
        $__cmdletization_methodParameters.Add($__cmdletization_methodParameter)

        [object]$__cmdletization_defaultValue = $null
        [object]$__cmdletization_defaultValueIsPresent = $false
        if ($PSBoundParameters.ContainsKey('PreferredLifetime')) {
          [object]$__cmdletization_value = ${PreferredLifetime}
          $__cmdletization_methodParameter = [Microsoft.PowerShell.Cmdletization.MethodParameter]@{Name = 'PreferredLifetime'; ParameterType = 'System.TimeSpan'; Bindings = 'In'; Value = $__cmdletization_value; IsValuePresent = $true}
        } else {
          $__cmdletization_methodParameter = [Microsoft.PowerShell.Cmdletization.MethodParameter]@{Name = 'PreferredLifetime'; ParameterType = 'System.TimeSpan'; Bindings = 'In'; Value = $__cmdletization_defaultValue; IsValuePresent = $__cmdletization_defaultValueIsPresent}
        }
        $__cmdletization_methodParameters.Add($__cmdletization_methodParameter)

        [object]$__cmdletization_defaultValue = $null
        [object]$__cmdletization_defaultValueIsPresent = $false
          $__cmdletization_methodParameter = [Microsoft.PowerShell.Cmdletization.MethodParameter]@{Name = 'CmdletOutput'; ParameterType = 'Microsoft.Management.Infrastructure.CimInstance[]'; Bindings = 'Out'; Value = $__cmdletization_defaultValue; IsValuePresent = $__cmdletization_defaultValueIsPresent}
        $__cmdletization_methodParameters.Add($__cmdletization_methodParameter)

      $__cmdletization_returnValue = [Microsoft.PowerShell.Cmdletization.MethodParameter]@{ Name = 'ReturnValue'; ParameterType = 'System.UInt32'; Bindings = 'Error'; Value = $null; IsValuePresent = $false }
      $__cmdletization_methodInvocationInfo = [Microsoft.PowerShell.Cmdletization.MethodInvocationInfo]::new('Create', $__cmdletization_methodParameters, $__cmdletization_returnValue)
      $__cmdletization_objectModelWrapper.ProcessRecord($__cmdletization_methodInvocationInfo)
        }
        { @('ByInterfaceIndex') -contains $_ } {
        [object]$__cmdletization_defaultValue = $null
        [object]$__cmdletization_defaultValueIsPresent = $false
        if ($PSBoundParameters.ContainsKey('DestinationPrefix')) {
          [object]$__cmdletization_value = ${DestinationPrefix}
          $__cmdletization_methodParameter = [Microsoft.PowerShell.Cmdletization.MethodParameter]@{Name = 'DestinationPrefix'; ParameterType = 'System.String'; Bindings = 'In'; Value = $__cmdletization_value; IsValuePresent = $true}
        } else {
          $__cmdletization_methodParameter = [Microsoft.PowerShell.Cmdletization.MethodParameter]@{Name = 'DestinationPrefix'; ParameterType = 'System.String'; Bindings = 'In'; Value = $__cmdletization_defaultValue; IsValuePresent = $__cmdletization_defaultValueIsPresent}
        }
        $__cmdletization_methodParameters.Add($__cmdletization_methodParameter)

        [object]$__cmdletization_defaultValue = $null
        [object]$__cmdletization_defaultValueIsPresent = $false
        if ($PSBoundParameters.ContainsKey('InterfaceIndex')) {
          [object]$__cmdletization_value = ${InterfaceIndex}
          $__cmdletization_methodParameter = [Microsoft.PowerShell.Cmdletization.MethodParameter]@{Name = 'InterfaceIndex'; ParameterType = 'System.UInt32'; Bindings = 'In'; Value = $__cmdletization_value; IsValuePresent = $true}
        } else {
          $__cmdletization_methodParameter = [Microsoft.PowerShell.Cmdletization.MethodParameter]@{Name = 'InterfaceIndex'; ParameterType = 'System.UInt32'; Bindings = 'In'; Value = $__cmdletization_defaultValue; IsValuePresent = $__cmdletization_defaultValueIsPresent}
        }
        $__cmdletization_methodParameters.Add($__cmdletization_methodParameter)

        [object]$__cmdletization_defaultValue = $null
        [object]$__cmdletization_defaultValueIsPresent = $false
        if ($PSBoundParameters.ContainsKey('AddressFamily')) {
          [object]$__cmdletization_value = ${AddressFamily}
          $__cmdletization_methodParameter = [Microsoft.PowerShell.Cmdletization.MethodParameter]@{Name = 'AddressFamily'; ParameterType = 'Microsoft.PowerShell.Cmdletization.GeneratedTypes.NetRoute.AddressFamily'; Bindings = 'In'; Value = $__cmdletization_value; IsValuePresent = $true}
        } else {
          $__cmdletization_methodParameter = [Microsoft.PowerShell.Cmdletization.MethodParameter]@{Name = 'AddressFamily'; ParameterType = 'Microsoft.PowerShell.Cmdletization.GeneratedTypes.NetRoute.AddressFamily'; Bindings = 'In'; Value = $__cmdletization_defaultValue; IsValuePresent = $__cmdletization_defaultValueIsPresent}
        }
        $__cmdletization_methodParameters.Add($__cmdletization_methodParameter)

        [object]$__cmdletization_defaultValue = $null
        [object]$__cmdletization_defaultValueIsPresent = $false
        if ($PSBoundParameters.ContainsKey('NextHop')) {
          [object]$__cmdletization_value = ${NextHop}
          $__cmdletization_methodParameter = [Microsoft.PowerShell.Cmdletization.MethodParameter]@{Name = 'NextHop'; ParameterType = 'System.String'; Bindings = 'In'; Value = $__cmdletization_value; IsValuePresent = $true}
        } else {
          $__cmdletization_methodParameter = [Microsoft.PowerShell.Cmdletization.MethodParameter]@{Name = 'NextHop'; ParameterType = 'System.String'; Bindings = 'In'; Value = $__cmdletization_defaultValue; IsValuePresent = $__cmdletization_defaultValueIsPresent

ScriptBlock ID: 0e2d5da3-45f8-4b77-b474-ec9a0b736752
Path:
09/10/2021 03:09:48 PM
LogName=Microsoft-Windows-PowerShell/Operational
SourceName=Microsoft-Windows-PowerShell
EventCode=4106
EventType=5
Type=Verbose
ComputerName=win-host-987.attackrange.local
User=NOT_TRANSLATED
Sid=S-1-5-21-1166625382-1442148322-2337405042-2397
SidType=0
TaskCategory=Stopping Command
OpCode=On create calls
RecordNumber=2137830
Keywords=None
Message=Completed invocation of ScriptBlock ID: 8e9eb310-f064-4be1-89cb-d7644ed322b5
Runspace ID: 6f3eb055-e094-4e5b-94ce-5eca3a1856b6
09/10/2021 03:09:48 PM
LogName=Microsoft-Windows-PowerShell/Operational
SourceName=Microsoft-Windows-PowerShell
EventCode=4105
EventType=5
Type=Verbose
ComputerName=win-host-987.attackrange.local
User=NOT_TRANSLATED
Sid=S-1-5-21-1166625382-1442148322-2337405042-2397
SidType=0
TaskCategory=Starting Command
OpCode=On create calls
RecordNumber=2137829
Keywords=None
Message=Started invocation of ScriptBlock ID: 8e9eb310-f064-4be1-89cb-d7644ed322b5
Runspace ID: 6f3eb055-e094-4e5b-94ce-5eca3a1856b6
09/10/2021 03:09:48 PM
LogName=Microsoft-Windows-PowerShell/Operational
SourceName=Microsoft-Windows-PowerShell
EventCode=4104
EventType=3
Type=Warning
ComputerName=win-host-987.attackrange.local
User=NOT_TRANSLATED
Sid=S-1-5-21-1166625382-1442148322-2337405042-2397
SidType=0
TaskCategory=Execute a Remote Command
OpCode=On create calls
RecordNumber=2137828
Keywords=None
Message=Creating Scriptblock text (1 of 1):

#requires -version 3.0

try { Microsoft.PowerShell.Core\Set-StrictMode -Off } catch { }

$script:MyModule = $MyInvocation.MyCommand.ScriptBlock.Module

$script:ClassName = 'ROOT/StandardCimv2/MSFT_NetPrefixPolicy'
$script:ClassVersion = '1.0.0'
$script:ModuleVersion = '1.0.0'
$script:ObjectModelWrapper = [Microsoft.PowerShell.Cmdletization.Cim.CimCmdletAdapter]

$script:PrivateData = [System.Collections.Generic.Dictionary[string,string]]::new()

Microsoft.PowerShell.Core\Export-ModuleMember -Function @()
        

function __cmdletization_BindCommonParameters
{
    param(
        $__cmdletization_objectModelWrapper,
        $myPSBoundParameters
    )       
                

        if ($myPSBoundParameters.ContainsKey('CimSession')) { 
            $__cmdletization_objectModelWrapper.PSObject.Properties['CimSession'].Value = $myPSBoundParameters['CimSession'] 
        }
                    

        if ($myPSBoundParameters.ContainsKey('ThrottleLimit')) { 
            $__cmdletization_objectModelWrapper.PSObject.Properties['ThrottleLimit'].Value = $myPSBoundParameters['ThrottleLimit'] 
        }
                    

        if ($myPSBoundParameters.ContainsKey('AsJob')) { 
            $__cmdletization_objectModelWrapper.PSObject.Properties['AsJob'].Value = $myPSBoundParameters['AsJob'] 
        }
                    

}
                

function Get-NetPrefixPolicy
{
    [CmdletBinding(DefaultParameterSetName='ByName', PositionalBinding=$false)]
    
    [OutputType([Microsoft.Management.Infrastructure.CimInstance])]
[OutputType('Microsoft.Management.Infrastructure.CimInstance#ROOT/StandardCimv2/MSFT_NetPrefixPolicy')]

    param(
    
    [Parameter(ParameterSetName='ByName', Position=0)]
    [ValidateNotNull()]
    [string[]]
    ${Prefix},

    [Parameter(ParameterSetName='ByName')]
    [ValidateNotNull()]
    [uint32[]]
    ${Precedence},

    [Parameter(ParameterSetName='ByName')]
    [ValidateNotNull()]
    [uint32[]]
    ${Label},

    [Parameter(ParameterSetName='ByName')]
    [Alias('Session')]
    [ValidateNotNullOrEmpty()]
    [CimSession[]]
    ${CimSession},

    [Parameter(ParameterSetName='ByName')]
    [int]
    ${ThrottleLimit},

    [Parameter(ParameterSetName='ByName')]
    [switch]
    ${AsJob})

    DynamicParam {
        try 
        {
            if (-not $__cmdletization_exceptionHasBeenThrown)
            {
                $__cmdletization_objectModelWrapper = $script:ObjectModelWrapper::new()
                $__cmdletization_objectModelWrapper.Initialize($PSCmdlet, $script:ClassName, $script:ClassVersion, $script:ModuleVersion, $script:PrivateData)

                if ($__cmdletization_objectModelWrapper -is [System.Management.Automation.IDynamicParameters])
                {
                    ([System.Management.Automation.IDynamicParameters]$__cmdletization_objectModelWrapper).GetDynamicParameters()
                }
            }
        }
        catch
        {
            $__cmdletization_exceptionHasBeenThrown = $true
            throw
        }
    }

    Begin {
        $__cmdletization_exceptionHasBeenThrown = $false
        try 
        {
            __cmdletization_BindCommonParameters $__cmdletization_objectModelWrapper $PSBoundParameters
            $__cmdletization_objectModelWrapper.BeginProcessing()
        }
        catch
        {
            $__cmdletization_exceptionHasBeenThrown = $true
            throw
        }
    }
        

    Process {
        try 
        {
            if (-not $__cmdletization_exceptionHasBeenThrown)
            {
    $__cmdletization_queryBuilder = $__cmdletization_objectModelWrapper.GetQueryBuilder()
    if ($PSBoundParameters.ContainsKey('Prefix') -and (@('ByName') -contains $PSCmdlet.ParameterSetName )) {
        $__cmdletization_values = @(${Prefix})
        $__cmdletization_queryBuilder.FilterByProperty('Prefix', $__cmdletization_values, $true, 'Default')
    }
    if ($PSBoundParameters.ContainsKey('Precedence') -and (@('ByName') -contains $PSCmdlet.ParameterSetName )) {
        $__cmdletization_values = @(${Precedence})
        $__cmdletization_queryBuilder.FilterByProperty('Precedence', $__cmdletization_values, $false, 'Default')
    }
    if ($PSBoundParameters.ContainsKey('Label') -and (@('ByName') -contains $PSCmdlet.ParameterSetName )) {
        $__cmdletization_values = @(${Label})
        $__cmdletization_queryBuilder.FilterByProperty('Label', $__cmdletization_values, $false, 'Default')
    }


    $__cmdletization_objectModelWrapper.ProcessRecord($__cmdletization_queryBuilder)
            }
        }
        catch
        {
            $__cmdletization_exceptionHasBeenThrown = $true
            throw
        }
    }
        

    End {
        try
        {
            if (-not $__cmdletization_exceptionHasBeenThrown)
            {
                $__cmdletization_objectModelWrapper.EndProcessing()
            }
        }
        catch
        {
            throw
        }
    }

    # .EXTERNALHELP MSFT_NetPrefixPolicy.cdxml-Help.xml
}
Microsoft.PowerShell.Core\Export-ModuleMember -Function 'Get-NetPrefixPolicy' -Alias '*'
        


ScriptBlock ID: 8e9eb310-f064-4be1-89cb-d7644ed322b5
Path:
09/10/2021 03:09:48 PM
LogName=Microsoft-Windows-PowerShell/Operational
SourceName=Microsoft-Windows-PowerShell
EventCode=4106
EventType=5
Type=Verbose
ComputerName=win-host-987.attackrange.local
User=NOT_TRANSLATED
Sid=S-1-5-21-1166625382-1442148322-2337405042-2397
SidType=0
TaskCategory=Stopping Command
OpCode=On create calls
RecordNumber=2137827
Keywords=None
Message=Completed invocation of ScriptBlock ID: 5a5ba9e3-12ad-48f9-b766-8f0050be18cc
Runspace ID: 6f3eb055-e094-4e5b-94ce-5eca3a1856b6
09/10/2021 03:09:48 PM
LogName=Microsoft-Windows-PowerShell/Operational
SourceName=Microsoft-Windows-PowerShell
EventCode=4105
EventType=5
Type=Verbose
ComputerName=win-host-987.attackrange.local
User=NOT_TRANSLATED
Sid=S-1-5-21-1166625382-1442148322-2337405042-2397
SidType=0
TaskCategory=Starting Command
OpCode=On create calls
RecordNumber=2137826
Keywords=None
Message=Started invocation of ScriptBlock ID: 5a5ba9e3-12ad-48f9-b766-8f0050be18cc
Runspace ID: 6f3eb055-e094-4e5b-94ce-5eca3a1856b6
09/10/2021 03:09:48 PM
LogName=Microsoft-Windows-PowerShell/Operational
SourceName=Microsoft-Windows-PowerShell
EventCode=4104
EventType=3
Type=Warning
ComputerName=win-host-987.attackrange.local
User=NOT_TRANSLATED
Sid=S-1-5-21-1166625382-1442148322-2337405042-2397
SidType=0
TaskCategory=Execute a Remote Command
OpCode=On create calls
RecordNumber=2137825
Keywords=None
Message=Creating Scriptblock text (2 of 2):
eIsPresent = $false
          if ($PSBoundParameters.ContainsKey('ReceiveSideScaling')) {
            [object]$__cmdletization_value = ${ReceiveSideScaling}
            $__cmdletization_methodParameter = [Microsoft.PowerShell.Cmdletization.MethodParameter]@{Name = 'ReceiveSideScaling'; ParameterType = 'Microsoft.PowerShell.Cmdletization.GeneratedTypes.NetOffloadGlobalSetting.EnabledDisabledEnum'; Bindings = 'In'; Value = $__cmdletization_value; IsValuePresent = $true}
          } else {
            $__cmdletization_methodParameter = [Microsoft.PowerShell.Cmdletization.MethodParameter]@{Name = 'ReceiveSideScaling'; ParameterType = 'Microsoft.PowerShell.Cmdletization.GeneratedTypes.NetOffloadGlobalSetting.EnabledDisabledEnum'; Bindings = 'In'; Value = $__cmdletization_defaultValue; IsValuePresent = $__cmdletization_defaultValueIsPresent}
          }
          $__cmdletization_methodParameters.Add($__cmdletization_methodParameter)

          [object]$__cmdletization_defaultValue = $null
          [object]$__cmdletization_defaultValueIsPresent = $false
          if ($PSBoundParameters.ContainsKey('ReceiveSegmentCoalescing')) {
            [object]$__cmdletization_value = ${ReceiveSegmentCoalescing}
            $__cmdletization_methodParameter = [Microsoft.PowerShell.Cmdletization.MethodParameter]@{Name = 'ReceiveSegmentCoalescing'; ParameterType = 'Microsoft.PowerShell.Cmdletization.GeneratedTypes.NetOffloadGlobalSetting.EnabledDisabledEnum'; Bindings = 'In'; Value = $__cmdletization_value; IsValuePresent = $true}
          } else {
            $__cmdletization_methodParameter = [Microsoft.PowerShell.Cmdletization.MethodParameter]@{Name = 'ReceiveSegmentCoalescing'; ParameterType = 'Microsoft.PowerShell.Cmdletization.GeneratedTypes.NetOffloadGlobalSetting.EnabledDisabledEnum'; Bindings = 'In'; Value = $__cmdletization_defaultValue; IsValuePresent = $__cmdletization_defaultValueIsPresent}
          }
          $__cmdletization_methodParameters.Add($__cmdletization_methodParameter)

          [object]$__cmdletization_defaultValue = $null
          [object]$__cmdletization_defaultValueIsPresent = $false
          if ($PSBoundParameters.ContainsKey('Chimney')) {
            [object]$__cmdletization_value = ${Chimney}
            $__cmdletization_methodParameter = [Microsoft.PowerShell.Cmdletization.MethodParameter]@{Name = 'Chimney'; ParameterType = 'Microsoft.PowerShell.Cmdletization.GeneratedTypes.NetOffloadGlobalSetting.ChimneyEnum'; Bindings = 'In'; Value = $__cmdletization_value; IsValuePresent = $true}
          } else {
            $__cmdletization_methodParameter = [Microsoft.PowerShell.Cmdletization.MethodParameter]@{Name = 'Chimney'; ParameterType = 'Microsoft.PowerShell.Cmdletization.GeneratedTypes.NetOffloadGlobalSetting.ChimneyEnum'; Bindings = 'In'; Value = $__cmdletization_defaultValue; IsValuePresent = $__cmdletization_defaultValueIsPresent}
          }
          $__cmdletization_methodParameters.Add($__cmdletization_methodParameter)

          [object]$__cmdletization_defaultValue = $null
          [object]$__cmdletization_defaultValueIsPresent = $false
          if ($PSBoundParameters.ContainsKey('TaskOffload')) {
            [object]$__cmdletization_value = ${TaskOffload}
            $__cmdletization_methodParameter = [Microsoft.PowerShell.Cmdletization.MethodParameter]@{Name = 'TaskOffload'; ParameterType = 'Microsoft.PowerShell.Cmdletization.GeneratedTypes.NetOffloadGlobalSetting.EnabledDisabledEnum'; Bindings = 'In'; Value = $__cmdletization_value; IsValuePresent = $true}
          } else {
            $__cmdletization_methodParameter = [Microsoft.PowerShell.Cmdletization.MethodParameter]@{Name = 'TaskOffload'; ParameterType = 'Microsoft.PowerShell.Cmdletization.GeneratedTypes.NetOffloadGlobalSetting.EnabledDisabledEnum'; Bindings = 'In'; Value = $__cmdletization_defaultValue; IsValuePresent = $__cmdletization_defaultValueIsPresent}
          }
          $__cmdletization_methodParameters.Add($__cmdletization_methodParameter)

          [object]$__cmdletization_defaultValue = $null
          [object]$__cmdletization_defaultValueIsPresent = $false
          if ($PSBoundParameters.ContainsKey('NetworkDirect')) {
            [object]$__cmdletization_value = ${NetworkDirect}
            $__cmdletization_methodParameter = [Microsoft.PowerShell.Cmdletization.MethodParameter]@{Name = 'NetworkDirect'; ParameterType = 'Microsoft.PowerShell.Cmdletization.GeneratedTypes.NetOffloadGlobalSetting.EnabledDisabledEnum'; Bindings = 'In'; Value = $__cmdletization_value; IsValuePresent = $true}
          } else {
            $__cmdletization_methodParameter = [Microsoft.PowerShell.Cmdletization.MethodParameter]@{Name = 'NetworkDirect'; ParameterType = 'Microsoft.PowerShell.Cmdletization.GeneratedTypes.NetOffloadGlobalSetting.EnabledDisabledEnum'; Bindings = 'In'; Value = $__cmdletization_defaultValue; IsValuePresent = $__cmdletization_defaultValueIsPresent}
          }
          $__cmdletization_methodParameters.Add($__cmdletization_methodParameter)

          [object]$__cmdletization_defaultValue = $null
          [object]$__cmdletization_defaultValueIsPresent = $false
          if ($PSBoundParameters.ContainsKey('NetworkDirectAcrossIPSubnets')) {
            [object]$__cmdletization_value = ${NetworkDirectAcrossIPSubnets}
            $__cmdletization_methodParameter = [Microsoft.PowerShell.Cmdletization.MethodParameter]@{Name = 'NetworkDirectAcrossIPSubnets'; ParameterType = 'Microsoft.PowerShell.Cmdletization.GeneratedTypes.NetOffloadGlobalSetting.AllowedBlockedEnum'; Bindings = 'In'; Value = $__cmdletization_value; IsValuePresent = $true}
          } else {
            $__cmdletization_methodParameter = [Microsoft.PowerShell.Cmdletization.MethodParameter]@{Name = 'NetworkDirectAcrossIPSubnets'; ParameterType = 'Microsoft.PowerShell.Cmdletization.GeneratedTypes.NetOffloadGlobalSetting.AllowedBlockedEnum'; Bindings = 'In'; Value = $__cmdletization_defaultValue; IsValuePresent = $__cmdletization_defaultValueIsPresent}
          }
          $__cmdletization_methodParameters.Add($__cmdletization_methodParameter)

          [object]$__cmdletization_defaultValue = $null
          [object]$__cmdletization_defaultValueIsPresent = $false
          if ($PSBoundParameters.ContainsKey('PacketCoalescingFilter')) {
            [object]$__cmdletization_value = ${PacketCoalescingFilter}
            $__cmdletization_methodParameter = [Microsoft.PowerShell.Cmdletization.MethodParameter]@{Name = 'PacketCoalescingFilter'; ParameterType = 'Microsoft.PowerShell.Cmdletization.GeneratedTypes.NetOffloadGlobalSetting.EnabledDisabledEnum'; Bindings = 'In'; Value = $__cmdletization_value; IsValuePresent = $true}
          } else {
            $__cmdletization_methodParameter = [Microsoft.PowerShell.Cmdletization.MethodParameter]@{Name = 'PacketCoalescingFilter'; ParameterType = 'Microsoft.PowerShell.Cmdletization.GeneratedTypes.NetOffloadGlobalSetting.EnabledDisabledEnum'; Bindings = 'In'; Value = $__cmdletization_defaultValue; IsValuePresent = $__cmdletization_defaultValueIsPresent}
          }
          $__cmdletization_methodParameters.Add($__cmdletization_methodParameter)

      $__cmdletization_returnValue = $null
      $__cmdletization_methodInvocationInfo = [Microsoft.PowerShell.Cmdletization.MethodInvocationInfo]::new('cim:ModifyInstance', $__cmdletization_methodParameters, $__cmdletization_returnValue)
      $__cmdletization_passThru = $PSBoundParameters.ContainsKey('PassThru') -and $PassThru
            if ($PSBoundParameters.ContainsKey('InputObject')) {
                foreach ($x in $InputObject) { $__cmdletization_objectModelWrapper.ProcessRecord($x, $__cmdletization_methodInvocationInfo, $__cmdletization_PassThru) }
            } else {
                $__cmdletization_objectModelWrapper.ProcessRecord($__cmdletization_queryBuilder, $__cmdletization_methodInvocationInfo, $__cmdletization_PassThru)
            }
        }
    }

            }
        }
        catch
        {
            $__cmdletization_exceptionHasBeenThrown = $true
            throw
        }
    }
        

    End {
        try
        {
            if (-not $__cmdletization_exceptionHasBeenThrown)
            {
                $__cmdletization_objectModelWrapper.EndProcessing()
            }
        }
        catch
        {
            throw
        }
    }

    # .EXTERNALHELP MSFT_NetOffloadGlobalSetting.cdxml-Help.xml
}
Microsoft.PowerShell.Core\Export-ModuleMember -Function 'Set-NetOffloadGlobalSetting' -Alias '*'
        


ScriptBlock ID: 5a5ba9e3-12ad-48f9-b766-8f0050be18cc
Path:
09/10/2021 03:09:48 PM
LogName=Microsoft-Windows-PowerShell/Operational
SourceName=Microsoft-Windows-PowerShell
EventCode=4104
EventType=3
Type=Warning
ComputerName=win-host-987.attackrange.local
User=NOT_TRANSLATED
Sid=S-1-5-21-1166625382-1442148322-2337405042-2397
SidType=0
TaskCategory=Execute a Remote Command
OpCode=On create calls
RecordNumber=2137824
Keywords=None
Message=Creating Scriptblock text (1 of 2):

#requires -version 3.0

try { Microsoft.PowerShell.Core\Set-StrictMode -Off } catch { }

$script:MyModule = $MyInvocation.MyCommand.ScriptBlock.Module

$script:ClassName = 'ROOT/StandardCimv2/MSFT_NetOffloadGlobalSetting'
$script:ClassVersion = '1.0.0'
$script:ModuleVersion = '1.0.0'
$script:ObjectModelWrapper = [Microsoft.PowerShell.Cmdletization.Cim.CimCmdletAdapter]

$script:PrivateData = [System.Collections.Generic.Dictionary[string,string]]::new()

Microsoft.PowerShell.Core\Export-ModuleMember -Function @()
        

function __cmdletization_BindCommonParameters
{
    param(
        $__cmdletization_objectModelWrapper,
        $myPSBoundParameters
    )       
                

        if ($myPSBoundParameters.ContainsKey('CimSession')) { 
            $__cmdletization_objectModelWrapper.PSObject.Properties['CimSession'].Value = $myPSBoundParameters['CimSession'] 
        }
                    

        if ($myPSBoundParameters.ContainsKey('ThrottleLimit')) { 
            $__cmdletization_objectModelWrapper.PSObject.Properties['ThrottleLimit'].Value = $myPSBoundParameters['ThrottleLimit'] 
        }
                    

        if ($myPSBoundParameters.ContainsKey('AsJob')) { 
            $__cmdletization_objectModelWrapper.PSObject.Properties['AsJob'].Value = $myPSBoundParameters['AsJob'] 
        }
                    

}
                

function Get-NetOffloadGlobalSetting
{
    [CmdletBinding(DefaultParameterSetName='ByName', PositionalBinding=$false)]
    
    [OutputType([Microsoft.Management.Infrastructure.CimInstance])]
[OutputType('Microsoft.Management.Infrastructure.CimInstance#ROOT/StandardCimv2/MSFT_NetOffloadGlobalSetting')]

    param(
    
    [Parameter(ParameterSetName='ByName')]
    [ValidateNotNull()]
    [Microsoft.PowerShell.Cmdletization.GeneratedTypes.NetOffloadGlobalSetting.EnabledDisabledEnum[]]
    ${ReceiveSideScaling},

    [Parameter(ParameterSetName='ByName')]
    [ValidateNotNull()]
    [Microsoft.PowerShell.Cmdletization.GeneratedTypes.NetOffloadGlobalSetting.EnabledDisabledEnum[]]
    ${ReceiveSegmentCoalescing},

    [Parameter(ParameterSetName='ByName')]
    [ValidateNotNull()]
    [Microsoft.PowerShell.Cmdletization.GeneratedTypes.NetOffloadGlobalSetting.ChimneyEnum[]]
    ${Chimney},

    [Parameter(ParameterSetName='ByName')]
    [ValidateNotNull()]
    [Microsoft.PowerShell.Cmdletization.GeneratedTypes.NetOffloadGlobalSetting.EnabledDisabledEnum[]]
    ${TaskOffload},

    [Parameter(ParameterSetName='ByName')]
    [ValidateNotNull()]
    [Microsoft.PowerShell.Cmdletization.GeneratedTypes.NetOffloadGlobalSetting.EnabledDisabledEnum[]]
    ${NetworkDirect},

    [Parameter(ParameterSetName='ByName')]
    [ValidateNotNull()]
    [Microsoft.PowerShell.Cmdletization.GeneratedTypes.NetOffloadGlobalSetting.AllowedBlockedEnum[]]
    ${NetworkDirectAcrossIPSubnets},

    [Parameter(ParameterSetName='ByName')]
    [ValidateNotNull()]
    [Microsoft.PowerShell.Cmdletization.GeneratedTypes.NetOffloadGlobalSetting.EnabledDisabledEnum[]]
    ${PacketCoalescingFilter},

    [Parameter(ParameterSetName='ByName')]
    [Alias('Session')]
    [ValidateNotNullOrEmpty()]
    [CimSession[]]
    ${CimSession},

    [Parameter(ParameterSetName='ByName')]
    [int]
    ${ThrottleLimit},

    [Parameter(ParameterSetName='ByName')]
    [switch]
    ${AsJob})

    DynamicParam {
        try 
        {
            if (-not $__cmdletization_exceptionHasBeenThrown)
            {
                $__cmdletization_objectModelWrapper = $script:ObjectModelWrapper::new()
                $__cmdletization_objectModelWrapper.Initialize($PSCmdlet, $script:ClassName, $script:ClassVersion, $script:ModuleVersion, $script:PrivateData)

                if ($__cmdletization_objectModelWrapper -is [System.Management.Automation.IDynamicParameters])
                {
                    ([System.Management.Automation.IDynamicParameters]$__cmdletization_objectModelWrapper).GetDynamicParameters()
                }
            }
        }
        catch
        {
            $__cmdletization_exceptionHasBeenThrown = $true
            throw
        }
    }

    Begin {
        $__cmdletization_exceptionHasBeenThrown = $false
        try 
        {
            __cmdletization_BindCommonParameters $__cmdletization_objectModelWrapper $PSBoundParameters
            $__cmdletization_objectModelWrapper.BeginProcessing()
        }
        catch
        {
            $__cmdletization_exceptionHasBeenThrown = $true
            throw
        }
    }
        

    Process {
        try 
        {
            if (-not $__cmdletization_exceptionHasBeenThrown)
            {
    $__cmdletization_queryBuilder = $__cmdletization_objectModelWrapper.GetQueryBuilder()
    if ($PSBoundParameters.ContainsKey('ReceiveSideScaling') -and (@('ByName') -contains $PSCmdlet.ParameterSetName )) {
        $__cmdletization_values = @(${ReceiveSideScaling})
        $__cmdletization_queryBuilder.FilterByProperty('ReceiveSideScaling', $__cmdletization_values, $false, 'Default')
    }
    if ($PSBoundParameters.ContainsKey('ReceiveSegmentCoalescing') -and (@('ByName') -contains $PSCmdlet.ParameterSetName )) {
        $__cmdletization_values = @(${ReceiveSegmentCoalescing})
        $__cmdletization_queryBuilder.FilterByProperty('ReceiveSegmentCoalescing', $__cmdletization_values, $false, 'Default')
    }
    if ($PSBoundParameters.ContainsKey('Chimney') -and (@('ByName') -contains $PSCmdlet.ParameterSetName )) {
        $__cmdletization_values = @(${Chimney})
        $__cmdletization_queryBuilder.FilterByProperty('Chimney', $__cmdletization_values, $false, 'Default')
    }
    if ($PSBoundParameters.ContainsKey('TaskOffload') -and (@('ByName') -contains $PSCmdlet.ParameterSetName )) {
        $__cmdletization_values = @(${TaskOffload})
        $__cmdletization_queryBuilder.FilterByProperty('TaskOffload', $__cmdletization_values, $false, 'Default')
    }
    if ($PSBoundParameters.ContainsKey('NetworkDirect') -and (@('ByName') -contains $PSCmdlet.ParameterSetName )) {
        $__cmdletization_values = @(${NetworkDirect})
        $__cmdletization_queryBuilder.FilterByProperty('NetworkDirect', $__cmdletization_values, $false, 'Default')
    }
    if ($PSBoundParameters.ContainsKey('NetworkDirectAcrossIPSubnets') -and (@('ByName') -contains $PSCmdlet.ParameterSetName )) {
        $__cmdletization_values = @(${NetworkDirectAcrossIPSubnets})
        $__cmdletization_queryBuilder.FilterByProperty('NetworkDirectAcrossIPSubnets', $__cmdletization_values, $false, 'Default')
    }
    if ($PSBoundParameters.ContainsKey('PacketCoalescingFilter') -and (@('ByName') -contains $PSCmdlet.ParameterSetName )) {
        $__cmdletization_values = @(${PacketCoalescingFilter})
        $__cmdletization_queryBuilder.FilterByProperty('PacketCoalescingFilter', $__cmdletization_values, $false, 'Default')
    }


    $__cmdletization_objectModelWrapper.ProcessRecord($__cmdletization_queryBuilder)
            }
        }
        catch
        {
            $__cmdletization_exceptionHasBeenThrown = $true
            throw
        }
    }
        

    End {
        try
        {
            if (-not $__cmdletization_exceptionHasBeenThrown)
            {
                $__cmdletization_objectModelWrapper.EndProcessing()
            }
        }
        catch
        {
            throw
        }
    }

    # .EXTERNALHELP MSFT_NetOffloadGlobalSetting.cdxml-Help.xml
}
Microsoft.PowerShell.Core\Export-ModuleMember -Function 'Get-NetOffloadGlobalSetting' -Alias '*'
        

function Set-NetOffloadGlobalSetting
{
    [CmdletBinding(DefaultParameterSetName='InputObject (cdxml)', SupportsShouldProcess=$true, ConfirmImpact='Medium', PositionalBinding=$false)]
    
    [OutputType([Microsoft.Management.Infrastructure.CimInstance])]
[OutputType('Microsoft.Management.Infrastructure.CimInstance#ROOT/StandardCimv2/MSFT_NetOffloadGlobalSetting')]

    param(
    
    [Parameter(ParameterSetName='InputObject (cdxml)', ValueFromPipeline=$true)]
    [PSTypeName('Microsoft.Management.Infrastructure.CimInstance#MSFT_NetOffloadGlobalSetting')]
    [ValidateNotNull()]
    [ciminstance[]]
    ${InputObject},

    [Parameter(ParameterSetName='InputObject (cdxml)')]
    [Microsoft.PowerShell.Cmdletization.GeneratedTypes.NetOffloadGlobalSetting.EnabledDisabledEnum]
    ${ReceiveSideScaling},

    [Parameter(ParameterSetName='InputObject (cdxml)')]
    [Microsoft.PowerShell.Cmdletization.GeneratedTypes.NetOffloadGlobalSetting.EnabledDisabledEnum]
    ${ReceiveSegmentCoalescing},

    [Parameter(ParameterSetName='InputObject (cdxml)')]
    [Microsoft.PowerShell.Cmdletization.GeneratedTypes.NetOffloadGlobalSetting.ChimneyEnum]
    ${Chimney},

    [Parameter(ParameterSetName='InputObject (cdxml)')]
    [Microsoft.PowerShell.Cmdletization.GeneratedTypes.NetOffloadGlobalSetting.EnabledDisabledEnum]
    ${TaskOffload},

    [Parameter(ParameterSetName='InputObject (cdxml)')]
    [Microsoft.PowerShell.Cmdletization.GeneratedTypes.NetOffloadGlobalSetting.EnabledDisabledEnum]
    ${NetworkDirect},

    [Parameter(ParameterSetName='InputObject (cdxml)')]
    [Microsoft.PowerShell.Cmdletization.GeneratedTypes.NetOffloadGlobalSetting.AllowedBlockedEnum]
    ${NetworkDirectAcrossIPSubnets},

    [Parameter(ParameterSetName='InputObject (cdxml)')]
    [Microsoft.PowerShell.Cmdletization.GeneratedTypes.NetOffloadGlobalSetting.EnabledDisabledEnum]
    ${PacketCoalescingFilter},

    [Parameter(ParameterSetName='InputObject (cdxml)')]
    [Alias('Session')]
    [ValidateNotNullOrEmpty()]
    [CimSession[]]
    ${CimSession},

    [Parameter(ParameterSetName='InputObject (cdxml)')]
    [int]
    ${ThrottleLimit},

    [Parameter(ParameterSetName='InputObject (cdxml)')]
    [switch]
    ${AsJob},

    [Parameter(ParameterSetName='InputObject (cdxml)')]
    [switch]
    ${PassThru})

    DynamicParam {
        try 
        {
            if (-not $__cmdletization_exceptionHasBeenThrown)
            {
                $__cmdletization_objectModelWrapper = $script:ObjectModelWrapper::new()
                $__cmdletization_objectModelWrapper.Initialize($PSCmdlet, $script:ClassName, $script:ClassVersion, $script:ModuleVersion, $script:PrivateData)

                if ($__cmdletization_objectModelWrapper -is [System.Management.Automation.IDynamicParameters])
                {
                    ([System.Management.Automation.IDynamicParameters]$__cmdletization_objectModelWrapper).GetDynamicParameters()
                }
            }
        }
        catch
        {
            $__cmdletization_exceptionHasBeenThrown = $true
            throw
        }
    }

    Begin {
        $__cmdletization_exceptionHasBeenThrown = $false
        try 
        {
            __cmdletization_BindCommonParameters $__cmdletization_objectModelWrapper $PSBoundParameters
            $__cmdletization_objectModelWrapper.BeginProcessing()
        }
        catch
        {
            $__cmdletization_exceptionHasBeenThrown = $true
            throw
        }
    }
        

    Process {
        try 
        {
            if (-not $__cmdletization_exceptionHasBeenThrown)
            {
    $__cmdletization_queryBuilder = $__cmdletization_objectModelWrapper.GetQueryBuilder()


    $__cmdletization_methodParameters = [System.Collections.Generic.List[Microsoft.PowerShell.Cmdletization.MethodParameter]]::new()
    switch -exact ($PSCmdlet.ParameterSetName) { 
        { @('InputObject (cdxml)') -contains $_ } {
          [object]$__cmdletization_defaultValue = $null
          [object]$__cmdletization_defaultValu

ScriptBlock ID: 5a5ba9e3-12ad-48f9-b766-8f0050be18cc
Path:
09/10/2021 03:09:48 PM
LogName=Microsoft-Windows-PowerShell/Operational
SourceName=Microsoft-Windows-PowerShell
EventCode=4106
EventType=5
Type=Verbose
ComputerName=win-host-987.attackrange.local
User=NOT_TRANSLATED
Sid=S-1-5-21-1166625382-1442148322-2337405042-2397
SidType=0
TaskCategory=Stopping Command
OpCode=On create calls
RecordNumber=2137823
Keywords=None
Message=Completed invocation of ScriptBlock ID: cc0e0fee-b188-4b3e-8374-db607fab79f7
Runspace ID: 6f3eb055-e094-4e5b-94ce-5eca3a1856b6
09/10/2021 03:09:48 PM
LogName=Microsoft-Windows-PowerShell/Operational
SourceName=Microsoft-Windows-PowerShell
EventCode=4105
EventType=5
Type=Verbose
ComputerName=win-host-987.attackrange.local
User=NOT_TRANSLATED
Sid=S-1-5-21-1166625382-1442148322-2337405042-2397
SidType=0
TaskCategory=Starting Command
OpCode=On create calls
RecordNumber=2137822
Keywords=None
Message=Started invocation of ScriptBlock ID: cc0e0fee-b188-4b3e-8374-db607fab79f7
Runspace ID: 6f3eb055-e094-4e5b-94ce-5eca3a1856b6
