<Event xmlns='http://schemas.microsoft.com/win/2004/08/events/event'><System><Provider Name='Microsoft-Windows-Sysmon' Guid='{5770385F-C22A-43E0-BF4C-06F5698FFBD9}'/><EventID>1</EventID><Version>5</Version><Level>4</Level><Task>1</Task><Opcode>0</Opcode><Keywords>0x8000000000000000</Keywords><TimeCreated SystemTime='2023-12-14T15:14:37.289750900Z'/><EventRecordID>217709</EventRecordID><Correlation/><Execution ProcessID='2572' ThreadID='2988'/><Channel>Microsoft-Windows-Sysmon/Operational</Channel><Computer>ar-win-dc.attackrange.local</Computer><Security UserID='S-1-5-18'/></System><EventData><Data Name='RuleName'>-</Data><Data Name='UtcTime'>2023-12-14 15:14:37.289</Data><Data Name='ProcessGuid'>{AE77D3C2-1BDD-657B-C303-000000003403}</Data><Data Name='ProcessId'>3520</Data><Data Name='Image'>C:\Windows\System32\wbem\WMIC.exe</Data><Data Name='FileVersion'>10.0.14393.0 (rs1_release.160715-1616)</Data><Data Name='Description'>WMI Commandline Utility</Data><Data Name='Product'>Microsoft® Windows® Operating System</Data><Data Name='Company'>Microsoft Corporation</Data><Data Name='OriginalFileName'>wmic.exe</Data><Data Name='CommandLine'>wmic OS get Version /format:list</Data><Data Name='CurrentDirectory'>C:\Windows\system32\</Data><Data Name='User'>NT AUTHORITY\SYSTEM</Data><Data Name='LogonGuid'>{AE77D3C2-FEF1-657A-E703-000000000000}</Data><Data Name='LogonId'>0x3e7</Data><Data Name='TerminalSessionId'>0</Data><Data Name='IntegrityLevel'>System</Data><Data Name='Hashes'>MD5=2CEE7F1AD77D8817E0F043E5E5ED1C83,SHA256=6679EA8FBEB539B5852CE8838420471FED0600F5050F3370DBB355DAC76BF072,IMPHASH=1B1A3F43BF37B5BFE60751F2EE2F326E</Data><Data Name='ParentProcessGuid'>{AE77D3C2-0049-657B-8E00-000000003403}</Data><Data Name='ParentProcessId'>1328</Data><Data Name='ParentImage'>C:\Program Files\Amazon\SSM\ssm-agent-worker.exe</Data><Data Name='ParentCommandLine'>"C:\Program Files\Amazon\SSM\ssm-agent-worker.exe"</Data><Data Name='ParentUser'>NT AUTHORITY\SYSTEM</Data></EventData></Event>
<Event xmlns='http://schemas.microsoft.com/win/2004/08/events/event'><System><Provider Name='Microsoft-Windows-Sysmon' Guid='{5770385F-C22A-43E0-BF4C-06F5698FFBD9}'/><EventID>1</EventID><Version>5</Version><Level>4</Level><Task>1</Task><Opcode>0</Opcode><Keywords>0x8000000000000000</Keywords><TimeCreated SystemTime='2023-12-14T15:14:37.227479100Z'/><EventRecordID>217708</EventRecordID><Correlation/><Execution ProcessID='2572' ThreadID='2988'/><Channel>Microsoft-Windows-Sysmon/Operational</Channel><Computer>ar-win-dc.attackrange.local</Computer><Security UserID='S-1-5-18'/></System><EventData><Data Name='RuleName'>-</Data><Data Name='UtcTime'>2023-12-14 15:14:37.226</Data><Data Name='ProcessGuid'>{AE77D3C2-1BDD-657B-C203-000000003403}</Data><Data Name='ProcessId'>4812</Data><Data Name='Image'>C:\Windows\System32\wbem\WMIC.exe</Data><Data Name='FileVersion'>10.0.14393.0 (rs1_release.160715-1616)</Data><Data Name='Description'>WMI Commandline Utility</Data><Data Name='Product'>Microsoft® Windows® Operating System</Data><Data Name='Company'>Microsoft Corporation</Data><Data Name='OriginalFileName'>wmic.exe</Data><Data Name='CommandLine'>wmic OS get Caption /format:list</Data><Data Name='CurrentDirectory'>C:\Windows\system32\</Data><Data Name='User'>NT AUTHORITY\SYSTEM</Data><Data Name='LogonGuid'>{AE77D3C2-FEF1-657A-E703-000000000000}</Data><Data Name='LogonId'>0x3e7</Data><Data Name='TerminalSessionId'>0</Data><Data Name='IntegrityLevel'>System</Data><Data Name='Hashes'>MD5=2CEE7F1AD77D8817E0F043E5E5ED1C83,SHA256=6679EA8FBEB539B5852CE8838420471FED0600F5050F3370DBB355DAC76BF072,IMPHASH=1B1A3F43BF37B5BFE60751F2EE2F326E</Data><Data Name='ParentProcessGuid'>{AE77D3C2-0049-657B-8E00-000000003403}</Data><Data Name='ParentProcessId'>1328</Data><Data Name='ParentImage'>C:\Program Files\Amazon\SSM\ssm-agent-worker.exe</Data><Data Name='ParentCommandLine'>"C:\Program Files\Amazon\SSM\ssm-agent-worker.exe"</Data><Data Name='ParentUser'>NT AUTHORITY\SYSTEM</Data></EventData></Event>
<Event xmlns='http://schemas.microsoft.com/win/2004/08/events/event'><System><Provider Name='Microsoft-Windows-Sysmon' Guid='{5770385F-C22A-43E0-BF4C-06F5698FFBD9}'/><EventID>1</EventID><Version>5</Version><Level>4</Level><Task>1</Task><Opcode>0</Opcode><Keywords>0x8000000000000000</Keywords><TimeCreated SystemTime='2023-12-14T15:14:37.170609300Z'/><EventRecordID>217707</EventRecordID><Correlation/><Execution ProcessID='2572' ThreadID='2988'/><Channel>Microsoft-Windows-Sysmon/Operational</Channel><Computer>ar-win-dc.attackrange.local</Computer><Security UserID='S-1-5-18'/></System><EventData><Data Name='RuleName'>-</Data><Data Name='UtcTime'>2023-12-14 15:14:37.169</Data><Data Name='ProcessGuid'>{AE77D3C2-1BDD-657B-C103-000000003403}</Data><Data Name='ProcessId'>2100</Data><Data Name='Image'>C:\Windows\System32\wbem\WMIC.exe</Data><Data Name='FileVersion'>10.0.14393.0 (rs1_release.160715-1616)</Data><Data Name='Description'>WMI Commandline Utility</Data><Data Name='Product'>Microsoft® Windows® Operating System</Data><Data Name='Company'>Microsoft Corporation</Data><Data Name='OriginalFileName'>wmic.exe</Data><Data Name='CommandLine'>C:\Windows\System32\wbem\wmic.exe computersystem get Domain /value</Data><Data Name='CurrentDirectory'>C:\Windows\system32\</Data><Data Name='User'>NT AUTHORITY\SYSTEM</Data><Data Name='LogonGuid'>{AE77D3C2-FEF1-657A-E703-000000000000}</Data><Data Name='LogonId'>0x3e7</Data><Data Name='TerminalSessionId'>0</Data><Data Name='IntegrityLevel'>System</Data><Data Name='Hashes'>MD5=2CEE7F1AD77D8817E0F043E5E5ED1C83,SHA256=6679EA8FBEB539B5852CE8838420471FED0600F5050F3370DBB355DAC76BF072,IMPHASH=1B1A3F43BF37B5BFE60751F2EE2F326E</Data><Data Name='ParentProcessGuid'>{AE77D3C2-0049-657B-8E00-000000003403}</Data><Data Name='ParentProcessId'>1328</Data><Data Name='ParentImage'>C:\Program Files\Amazon\SSM\ssm-agent-worker.exe</Data><Data Name='ParentCommandLine'>"C:\Program Files\Amazon\SSM\ssm-agent-worker.exe"</Data><Data Name='ParentUser'>NT AUTHORITY\SYSTEM</Data></EventData></Event>
<Event xmlns='http://schemas.microsoft.com/win/2004/08/events/event'><System><Provider Name='Microsoft-Windows-Sysmon' Guid='{5770385F-C22A-43E0-BF4C-06F5698FFBD9}'/><EventID>1</EventID><Version>5</Version><Level>4</Level><Task>1</Task><Opcode>0</Opcode><Keywords>0x8000000000000000</Keywords><TimeCreated SystemTime='2023-12-14T15:14:37.067989600Z'/><EventRecordID>217706</EventRecordID><Correlation/><Execution ProcessID='2572' ThreadID='2988'/><Channel>Microsoft-Windows-Sysmon/Operational</Channel><Computer>ar-win-dc.attackrange.local</Computer><Security UserID='S-1-5-18'/></System><EventData><Data Name='RuleName'>-</Data><Data Name='UtcTime'>2023-12-14 15:14:37.067</Data><Data Name='ProcessGuid'>{AE77D3C2-1BDD-657B-BF03-000000003403}</Data><Data Name='ProcessId'>4876</Data><Data Name='Image'>C:\Windows\System32\wbem\WMIC.exe</Data><Data Name='FileVersion'>10.0.14393.0 (rs1_release.160715-1616)</Data><Data Name='Description'>WMI Commandline Utility</Data><Data Name='Product'>Microsoft® Windows® Operating System</Data><Data Name='Company'>Microsoft Corporation</Data><Data Name='OriginalFileName'>wmic.exe</Data><Data Name='CommandLine'>C:\Windows\System32\wbem\wmic.exe computersystem get DNSHostName /value</Data><Data Name='CurrentDirectory'>C:\Windows\system32\</Data><Data Name='User'>NT AUTHORITY\SYSTEM</Data><Data Name='LogonGuid'>{AE77D3C2-FEF1-657A-E703-000000000000}</Data><Data Name='LogonId'>0x3e7</Data><Data Name='TerminalSessionId'>0</Data><Data Name='IntegrityLevel'>System</Data><Data Name='Hashes'>MD5=2CEE7F1AD77D8817E0F043E5E5ED1C83,SHA256=6679EA8FBEB539B5852CE8838420471FED0600F5050F3370DBB355DAC76BF072,IMPHASH=1B1A3F43BF37B5BFE60751F2EE2F326E</Data><Data Name='ParentProcessGuid'>{AE77D3C2-0049-657B-8E00-000000003403}</Data><Data Name='ParentProcessId'>1328</Data><Data Name='ParentImage'>C:\Program Files\Amazon\SSM\ssm-agent-worker.exe</Data><Data Name='ParentCommandLine'>"C:\Program Files\Amazon\SSM\ssm-agent-worker.exe"</Data><Data Name='ParentUser'>NT AUTHORITY\SYSTEM</Data></EventData></Event>
<Event xmlns='http://schemas.microsoft.com/win/2004/08/events/event'><System><Provider Name='Microsoft-Windows-Sysmon' Guid='{5770385F-C22A-43E0-BF4C-06F5698FFBD9}'/><EventID>1</EventID><Version>5</Version><Level>4</Level><Task>1</Task><Opcode>0</Opcode><Keywords>0x8000000000000000</Keywords><TimeCreated SystemTime='2023-12-14T15:12:00.373222700Z'/><EventRecordID>164323</EventRecordID><Correlation/><Execution ProcessID='1960' ThreadID='2396'/><Channel>Microsoft-Windows-Sysmon/Operational</Channel><Computer>ar-win-2.attackrange.local</Computer><Security UserID='S-1-5-18'/></System><EventData><Data Name='RuleName'>-</Data><Data Name='UtcTime'>2023-12-14 15:12:00.372</Data><Data Name='ProcessGuid'>{C429ADC8-1B40-657B-B203-000000003403}</Data><Data Name='ProcessId'>3608</Data><Data Name='Image'>C:\Windows\System32\wbem\WMIC.exe</Data><Data Name='FileVersion'>10.0.14393.0 (rs1_release.160715-1616)</Data><Data Name='Description'>WMI Commandline Utility</Data><Data Name='Product'>Microsoft® Windows® Operating System</Data><Data Name='Company'>Microsoft Corporation</Data><Data Name='OriginalFileName'>wmic.exe</Data><Data Name='CommandLine'>wmic OS get Version /format:list</Data><Data Name='CurrentDirectory'>C:\Windows\system32\</Data><Data Name='User'>NT AUTHORITY\SYSTEM</Data><Data Name='LogonGuid'>{C429ADC8-FEF3-657A-E703-000000000000}</Data><Data Name='LogonId'>0x3e7</Data><Data Name='TerminalSessionId'>0</Data><Data Name='IntegrityLevel'>System</Data><Data Name='Hashes'>MD5=2CEE7F1AD77D8817E0F043E5E5ED1C83,SHA256=6679EA8FBEB539B5852CE8838420471FED0600F5050F3370DBB355DAC76BF072,IMPHASH=1B1A3F43BF37B5BFE60751F2EE2F326E</Data><Data Name='ParentProcessGuid'>{C429ADC8-004A-657B-8F00-000000003403}</Data><Data Name='ParentProcessId'>616</Data><Data Name='ParentImage'>C:\Program Files\Amazon\SSM\ssm-agent-worker.exe</Data><Data Name='ParentCommandLine'>"C:\Program Files\Amazon\SSM\ssm-agent-worker.exe"</Data><Data Name='ParentUser'>NT AUTHORITY\SYSTEM</Data></EventData></Event>
<Event xmlns='http://schemas.microsoft.com/win/2004/08/events/event'><System><Provider Name='Microsoft-Windows-Sysmon' Guid='{5770385F-C22A-43E0-BF4C-06F5698FFBD9}'/><EventID>1</EventID><Version>5</Version><Level>4</Level><Task>1</Task><Opcode>0</Opcode><Keywords>0x8000000000000000</Keywords><TimeCreated SystemTime='2023-12-14T15:12:00.295735600Z'/><EventRecordID>164322</EventRecordID><Correlation/><Execution ProcessID='1960' ThreadID='2396'/><Channel>Microsoft-Windows-Sysmon/Operational</Channel><Computer>ar-win-2.attackrange.local</Computer><Security UserID='S-1-5-18'/></System><EventData><Data Name='RuleName'>-</Data><Data Name='UtcTime'>2023-12-14 15:12:00.294</Data><Data Name='ProcessGuid'>{C429ADC8-1B40-657B-B103-000000003403}</Data><Data Name='ProcessId'>4896</Data><Data Name='Image'>C:\Windows\System32\wbem\WMIC.exe</Data><Data Name='FileVersion'>10.0.14393.0 (rs1_release.160715-1616)</Data><Data Name='Description'>WMI Commandline Utility</Data><Data Name='Product'>Microsoft® Windows® Operating System</Data><Data Name='Company'>Microsoft Corporation</Data><Data Name='OriginalFileName'>wmic.exe</Data><Data Name='CommandLine'>wmic OS get Caption /format:list</Data><Data Name='CurrentDirectory'>C:\Windows\system32\</Data><Data Name='User'>NT AUTHORITY\SYSTEM</Data><Data Name='LogonGuid'>{C429ADC8-FEF3-657A-E703-000000000000}</Data><Data Name='LogonId'>0x3e7</Data><Data Name='TerminalSessionId'>0</Data><Data Name='IntegrityLevel'>System</Data><Data Name='Hashes'>MD5=2CEE7F1AD77D8817E0F043E5E5ED1C83,SHA256=6679EA8FBEB539B5852CE8838420471FED0600F5050F3370DBB355DAC76BF072,IMPHASH=1B1A3F43BF37B5BFE60751F2EE2F326E</Data><Data Name='ParentProcessGuid'>{C429ADC8-004A-657B-8F00-000000003403}</Data><Data Name='ParentProcessId'>616</Data><Data Name='ParentImage'>C:\Program Files\Amazon\SSM\ssm-agent-worker.exe</Data><Data Name='ParentCommandLine'>"C:\Program Files\Amazon\SSM\ssm-agent-worker.exe"</Data><Data Name='ParentUser'>NT AUTHORITY\SYSTEM</Data></EventData></Event>
<Event xmlns='http://schemas.microsoft.com/win/2004/08/events/event'><System><Provider Name='Microsoft-Windows-Sysmon' Guid='{5770385F-C22A-43E0-BF4C-06F5698FFBD9}'/><EventID>1</EventID><Version>5</Version><Level>4</Level><Task>1</Task><Opcode>0</Opcode><Keywords>0x8000000000000000</Keywords><TimeCreated SystemTime='2023-12-14T15:12:00.198568100Z'/><EventRecordID>164321</EventRecordID><Correlation/><Execution ProcessID='1960' ThreadID='2396'/><Channel>Microsoft-Windows-Sysmon/Operational</Channel><Computer>ar-win-2.attackrange.local</Computer><Security UserID='S-1-5-18'/></System><EventData><Data Name='RuleName'>-</Data><Data Name='UtcTime'>2023-12-14 15:12:00.197</Data><Data Name='ProcessGuid'>{C429ADC8-1B40-657B-B003-000000003403}</Data><Data Name='ProcessId'>896</Data><Data Name='Image'>C:\Windows\System32\wbem\WMIC.exe</Data><Data Name='FileVersion'>10.0.14393.0 (rs1_release.160715-1616)</Data><Data Name='Description'>WMI Commandline Utility</Data><Data Name='Product'>Microsoft® Windows® Operating System</Data><Data Name='Company'>Microsoft Corporation</Data><Data Name='OriginalFileName'>wmic.exe</Data><Data Name='CommandLine'>C:\Windows\System32\wbem\wmic.exe computersystem get Domain /value</Data><Data Name='CurrentDirectory'>C:\Windows\system32\</Data><Data Name='User'>NT AUTHORITY\SYSTEM</Data><Data Name='LogonGuid'>{C429ADC8-FEF3-657A-E703-000000000000}</Data><Data Name='LogonId'>0x3e7</Data><Data Name='TerminalSessionId'>0</Data><Data Name='IntegrityLevel'>System</Data><Data Name='Hashes'>MD5=2CEE7F1AD77D8817E0F043E5E5ED1C83,SHA256=6679EA8FBEB539B5852CE8838420471FED0600F5050F3370DBB355DAC76BF072,IMPHASH=1B1A3F43BF37B5BFE60751F2EE2F326E</Data><Data Name='ParentProcessGuid'>{C429ADC8-004A-657B-8F00-000000003403}</Data><Data Name='ParentProcessId'>616</Data><Data Name='ParentImage'>C:\Program Files\Amazon\SSM\ssm-agent-worker.exe</Data><Data Name='ParentCommandLine'>"C:\Program Files\Amazon\SSM\ssm-agent-worker.exe"</Data><Data Name='ParentUser'>NT AUTHORITY\SYSTEM</Data></EventData></Event>
<Event xmlns='http://schemas.microsoft.com/win/2004/08/events/event'><System><Provider Name='Microsoft-Windows-Sysmon' Guid='{5770385F-C22A-43E0-BF4C-06F5698FFBD9}'/><EventID>1</EventID><Version>5</Version><Level>4</Level><Task>1</Task><Opcode>0</Opcode><Keywords>0x8000000000000000</Keywords><TimeCreated SystemTime='2023-12-14T15:11:59.974433100Z'/><EventRecordID>164320</EventRecordID><Correlation/><Execution ProcessID='1960' ThreadID='2396'/><Channel>Microsoft-Windows-Sysmon/Operational</Channel><Computer>ar-win-2.attackrange.local</Computer><Security UserID='S-1-5-18'/></System><EventData><Data Name='RuleName'>-</Data><Data Name='UtcTime'>2023-12-14 15:11:59.973</Data><Data Name='ProcessGuid'>{C429ADC8-1B3F-657B-AE03-000000003403}</Data><Data Name='ProcessId'>3764</Data><Data Name='Image'>C:\Windows\System32\wbem\WMIC.exe</Data><Data Name='FileVersion'>10.0.14393.0 (rs1_release.160715-1616)</Data><Data Name='Description'>WMI Commandline Utility</Data><Data Name='Product'>Microsoft® Windows® Operating System</Data><Data Name='Company'>Microsoft Corporation</Data><Data Name='OriginalFileName'>wmic.exe</Data><Data Name='CommandLine'>C:\Windows\System32\wbem\wmic.exe computersystem get DNSHostName /value</Data><Data Name='CurrentDirectory'>C:\Windows\system32\</Data><Data Name='User'>NT AUTHORITY\SYSTEM</Data><Data Name='LogonGuid'>{C429ADC8-FEF3-657A-E703-000000000000}</Data><Data Name='LogonId'>0x3e7</Data><Data Name='TerminalSessionId'>0</Data><Data Name='IntegrityLevel'>System</Data><Data Name='Hashes'>MD5=2CEE7F1AD77D8817E0F043E5E5ED1C83,SHA256=6679EA8FBEB539B5852CE8838420471FED0600F5050F3370DBB355DAC76BF072,IMPHASH=1B1A3F43BF37B5BFE60751F2EE2F326E</Data><Data Name='ParentProcessGuid'>{C429ADC8-004A-657B-8F00-000000003403}</Data><Data Name='ParentProcessId'>616</Data><Data Name='ParentImage'>C:\Program Files\Amazon\SSM\ssm-agent-worker.exe</Data><Data Name='ParentCommandLine'>"C:\Program Files\Amazon\SSM\ssm-agent-worker.exe"</Data><Data Name='ParentUser'>NT AUTHORITY\SYSTEM</Data></EventData></Event>
