<Event xmlns='http://schemas.microsoft.com/win/2004/08/events/event'><System><Provider Name='Microsoft-Windows-PowerShell' Guid='{a0c1853b-5c40-4b15-8766-3cf1c58f985a}'/><EventID>4104</EventID><Version>1</Version><Level>5</Level><Task>2</Task><Opcode>15</Opcode><Keywords>0x0</Keywords><TimeCreated SystemTime='2025-02-04T15:15:18.9587632Z'/><EventRecordID>503801</EventRecordID><Correlation ActivityID='{12356087-7406-0006-eb23-36120674db01}'/><Execution ProcessID='7204' ThreadID='8068'/><Channel>Microsoft-Windows-PowerShell/Operational</Channel><Computer>ar-win-dc.attackrange.local</Computer><Security UserID='S-1-5-21-26273642-2342717390-2342477205-500'/></System><EventData><Data Name='MessageNumber'>1</Data><Data Name='MessageTotal'>3</Data><Data Name='ScriptBlockText'># Copyright (c) Microsoft Corporation.
# Licensed under the MIT license.

Set-StrictMode -Version Latest

function Invoke-SqlNotebook {

    [CmdletBinding(DefaultParameterSetName="ByConnectionParameters")]

    [Diagnostics.CodeAnalysis.SuppressMessageAttribute("PSUsePSCredentialType", "Username", Justification="Intentionally allowing User/Password, in addition to a PSCredential parameter.")]
    [Diagnostics.CodeAnalysis.SuppressMessageAttribute("PSAvoidUsingPlainTextForPassword", "Password", Justification="Intentionally allowing User/Password, in addition to a PSCredential parameter.")]
    [Diagnostics.CodeAnalysis.SuppressMessageAttribute("PSAvoidUsingUsernameAndPasswordParams", "", Justification="Intentionally allowing User/Password, in addition to a PSCredential parameter.")]

    # Parameters
    param(
        [Parameter(Mandatory = $false, ParameterSetName = 'ByConnectionParameters')]$ServerInstance,
        [Parameter(Mandatory = $false, ParameterSetName = 'ByConnectionParameters')]$Database,
        [Parameter(Mandatory = $false, ParameterSetName = 'ByConnectionParameters')][ValidateNotNullorEmpty()]$Username,
        [Parameter(Mandatory = $false, ParameterSetName = 'ByConnectionParameters')][ValidateNotNullorEmpty()]$Password,

        [Parameter(Mandatory = $false, ParameterSetName = 'ByConnectionString')][ValidateNotNullorEmpty()]$ConnectionString,
        [Parameter(Mandatory = $false, ParameterSetName = 'ByConnectionParameters')][ValidateNotNullorEmpty()][PSCredential]$Credential,
        [Parameter(Mandatory = $true, ParameterSetName='ByInputFile')]
        [Parameter(ParameterSetName = 'ByConnectionParameters')]
        [Parameter(ParameterSetName = 'ByConnectionString')]$InputFile,
        [Parameter(Mandatory = $true, ParameterSetName='ByInputObject')]
        [Parameter(ParameterSetName = 'ByConnectionParameters')]
        [Parameter(ParameterSetName = 'ByConnectionString')]$InputObject,
        [Parameter(Mandatory = $false)][ValidateNotNullorEmpty()]$OutputFile,

        [Parameter(Mandatory = $false, ParameterSetName = 'ByConnectionParameters')][ValidateNotNullorEmpty()][PSObject]$AccessToken,
        [Parameter(Mandatory = $false, ParameterSetName = 'ByConnectionParameters')][Switch]$TrustServerCertificate,
        [Parameter(Mandatory = $false, ParameterSetName = 'ByConnectionParameters')][ValidateSet("Mandatory", "Optional", "Strict")][string]$Encrypt,
        [Parameter(Mandatory = $false, ParameterSetName = 'ByConnectionParameters')][ValidateNotNull()][string]$HostNameInCertificate,

        [Switch]$Force
    )

    #Checks to see if OutputFile is given
    #If it is, checks to see if extension is there
    function getOutputFile($inputFile,$outputFile) {
        if($outputFile) {
            $extn = [IO.Path]::GetExtension($outputFile)
            if ($extn.Length -eq 0) {
                $outputFile = ($outputFile + ".ipynb")
            }
            $outputFile
        }
        else {
            #If User does not define Output it will use the inputFile file location
            $fileinfo = Get-Item $inputFile

            # Create an output file based on the file path of input and name
            Join-Path $fileinfo.DirectoryName ($fileinfo.BaseName + "_out" + $fileinfo.Extension)
        }
    }

    #Validates InputFile and Converts InputFile to Json Object
    function getFileContents($inputfile) {

        if (-not (Test-Path -Path $inputfile)) {
            Throw New-Object System.IO.FileNotFoundException ($inputfile + " does not exist")
        }

        $fileItem = Get-Item $inputfile

        #Checking if file is a python notebook
        if ($fileItem.Extension -ne ".ipynb") {
            Throw New-Object System.FormatException "Only ipynb files are supported"
        }

        $fileContent = Get-Content $inputfile
        try {
            $fileContentJson = ($fileContent | ConvertFrom-Json)
        }
        catch {
            Throw New-Object System.FormatException "Malformed Json file"
        }
        $fileContentJson
    }

    #Validate SQL Kernel Notebook
    function validateKernelType($fileContentJson) {
        if ($fileContentJson.metadata.kernelspec.name -ne "SQL") {
            Throw New-Object System.NotSupportedException "Kernel type '$($fileContentJson.metadata.kernelspec.name)' not supported."
        }
    }

    #Validate non-existing output file
    #If file exists and $throwifexists, an exception is thrown.
    function validateExistingOutputFile($outputfile, $throwifexists) {
        if ($outputfile -and (Test-Path $outputfile) -and $throwifexists) {
            Throw New-Object System.IO.IOException "The file '$($outputfile)' already exists. Please, specify -Force to overwrite it."
        }
    }

    #Parsing Notebook Data to Notebook Output
    function ParseTableToNotebookOutput {
        param (
            [System.Data.DataTable]
            $DataTable,

            [int]
            $CellExecutionCount
        )
        $TableHTMLText = "&lt;table&gt;"
        $TableSchemaFeilds = @()
        $TableHTMLText += "&lt;tr&gt;"
        foreach ($ColumnName in $DataTable.Columns) {
            $TableSchemaFeilds += @(@{name = $ColumnName.toString() })
            $TableHTMLText += "&lt;th&gt;" + $ColumnName.toString() + "&lt;/th&gt;"
        }
        $TableHTMLText += "&lt;/tr&gt;"
        $TableSchema = @{ }
        $TableSchema["fields"] = $TableSchemaFeilds

        $TableDataRows = @()
        foreach ($Row in $DataTable) {
            $TableDataRow = [ordered]@{ }
            $TableHTMLText += "&lt;tr&gt;"
            $i = 0
            foreach ($Cell in $Row.ItemArray) {
                $TableDataRow[$i.ToString()] = $Cell.toString()
                $TableHTMLText += "&lt;td&gt;" + $Cell.toString() + "&lt;/td&gt;"
                $i++
            }
            $TableHTMLText += "&lt;/tr&gt;"
            $TableDataRows += $TableDataRow
        }

        $TableDataResource = @{ }
        $TableDataResource["schema"] = $TableSchema
        $TableDataResource["data"] = $TableDataRows
        $TableData = @{ }
        $TableData["application/vnd.dataresource+json"] = $TableDataResource
        $TableData["text/html"] = $TableHTMLText
        $TableOutput = @{ }
        $TableOutput["output_type"] = "execute_result"
        $TableOutput["data"] = $TableData
        $TableOutput["metadata"] = @{ }
        $TableOutput["execution_count"] = $CellExecutionCount
        return $TableOutput
    }

    #Parsing the Error Messages to Notebook Output
    function ParseQueryErrorToNotebookOutput {
        param (
            $QueryError
        )
        &lt;#
        Following the current syntax of errors in T-SQL notebooks from ADS
        #&gt;
        $ErrorString = "Msg " + $QueryError.Exception.InnerException.Number +
        ", Level " + $QueryError.Exception.InnerException.Class +
        ", State " + $QueryError.Exception.InnerException.State +
        ", Line " + $QueryError.Exception.InnerException.LineNumber +
        "`r`n" + $QueryError.Exception.Message

        $ErrorOutput = @{ }
        $ErrorOutput["output_type"] = "error"
        $ErrorOutput["traceback"] = @()
        $ErrorOutput["evalue"] = $ErrorString
        return $ErrorOutput
    }

    #Parsing Messages to Notebook Output
    function ParseStringToNotebookOutput {
        param (
            [System.String]
            $InputString
        )
        &lt;#
        Parsing the string to notebook cell output.
        It's the standard Jupyter Syntax
        #&gt;
        $StringOutputData = @{ }
        $StringOutputData["text/html"] = $InputString
        $StringOutput = @{ }
        $StringOutput["output_type"] = "display_data"
        $StringOutput["data"] = $StringOutputData
        $StringOutput["metadata"] = @{ }
        return $StringOutput
    }

    #Start of Script
    #Checks to see if InputFile or InputObject was entered

    #Checks to InputFile Type and initializes OutputFile
    if ($InputFile -is [System.String]) {
        $fileInformation = getFileContents($InputFile)
        $fileContent = $fileInformation[0]
        $OutputFile = getOutputFile $InputFile $OutputFile
    } elseif ($InputFile -is [System.IO.FileInfo]) {
        $fileInformation = getFileContents($InputFile.FullName)
        $fileContent = $fileInformation[0]
        $OutputFile = getOutputFile $InputFile $OutputFile
    } else {
        $fileContent = $InputObject
    }

    #Checks InputObject and converts that to appropriate Json object
    if ($InputObject -is [System.String]) {
        $fileContentJson = ($InputObject | ConvertFrom-Json)
        $fileContent = $fileContentJson[0]
    }

    #Validates only SQL Notebooks
    validateKernelType $fileContent

    #Validate that $OutputFile does not exist, or, if it exists a -Force was passed in.
    validateExistingOutputFile $OutputFile (-not $Force)

    #Setting params for Invoke-Sqlcmd
    $DatabaseQueryHashTable = @{ }

    #Checks to see if User entered ConnectionString or individual parameters
    if ($ConnectionString) {
        $DatabaseQueryHashTable["ConnectionString"] = $ConnectionString
    } else {
        if ($ServerInstance) {
            $DatabaseQueryHashTable["ServerInstance"] = $ServerInstance
        }
        if ($Database) {
            $DatabaseQueryHashTable["Database"] = $Database
        }
        #Checks to see if User entered AccessToken, Credential, or individual parameters
        if ($AccessToken) {
            # Currently, Invoke-Sqlcmd only supports an -AccessToken of type [string]
            if ($AccessToken -is [string]) {
                $DatabaseQueryHashTable["AccessToken"] = $AccessToken
            } else {
                # Assume $AccessToken has a 'Token' member that is a string
                $DatabaseQueryHashTable["AccessToken"] = $AccessToken.Token
            }
        } else {
            if ($Credential) {
                $DatabaseQueryHashTable["Credential"] = $Credential
            } else {
                if ($Username) {
                    $DatabaseQueryHashTable["Username"] = $Username
                }
                if ($Password) {
                    $DatabaseQueryHashTable["Password"] = $Password
                }
            }
        }
        if ($Encrypt) {
            $DatabaseQueryHashTable["Encrypt"] = $Encrypt
        }
        if ($TrustServerCertificate) {
            $DatabaseQueryHashTable["TrustServerCertificate"] = $TrustServerCertificate
        }
        if ($HostNameInCertificate) {
            $DatabaseQueryHashTable["HostNameInCertificate"] = $HostNameInCertificate
        }
    }

    #Setting additional parameters for Invoke-SQLCMD to get
    #all the information from Notebook execution to output
    $DatabaseQueryHashTable["Verbose"] = $true
    $DatabaseQueryHashTable["ErrorVariable"] = "SqlQueryError"
    $DatabaseQueryHashTable["OutputAs"] = "DataTables"

    #The first code cell number
    $cellExecutionCount = 1
    #Iterate through Notebook Cells
    $fileContent.cells | Where-Object {
        # Ignoring Markdown or raw cells
        $_.cell_type -ne "markdown" -and $_.cell_type -ne "raw" -and $_.source -ne ""
    } | ForEach-Object {
        $NotebookCellOutputs = @()

        # Getting the source T-SQL from the cell
        # Note that the cell's source field can be
        # an array (or strings) or a scalar (string).
        # If an array, elements are properly terminated with CR/LF.
        $DatabaseQueryHashTable["Query"] = $_.source -join ''

        # Executing the T-SQL Query and storing the result and the time taken to execute
    </Data><Data Name='ScriptBlockId'>3e6c84c5-e305-4fae-aba3-f41a4ad03824</Data><Data Name='Path'>C:\Program Files\WindowsPowerShell\Modules\SqlServer\22.3.0\SqlNotebook.psm1</Data></EventData></Event>
<Event xmlns='http://schemas.microsoft.com/win/2004/08/events/event'><System><Provider Name='Microsoft-Windows-PowerShell' Guid='{a0c1853b-5c40-4b15-8766-3cf1c58f985a}'/><EventID>4104</EventID><Version>1</Version><Level>5</Level><Task>2</Task><Opcode>15</Opcode><Keywords>0x0</Keywords><TimeCreated SystemTime='2025-02-04T15:15:18.9191442Z'/><EventRecordID>503795</EventRecordID><Correlation ActivityID='{12356087-7406-0000-5691-36120674db01}'/><Execution ProcessID='7204' ThreadID='8068'/><Channel>Microsoft-Windows-PowerShell/Operational</Channel><Computer>ar-win-dc.attackrange.local</Computer><Security UserID='S-1-5-21-26273642-2342717390-2342477205-500'/></System><EventData><Data Name='MessageNumber'>1</Data><Data Name='MessageTotal'>1</Data><Data Name='ScriptBlockText'>$ErrorActionPreference = 'Continue'
Write-Host 'Running: DataSet output test'
Invoke-Sqlcmd -ServerInstance 'localhost' -Database 'master' -Username 'sa' -Password 'ComplexPass123!' -Query 'SELECT name, database_id FROM sys.databases' -OutputAs DataSet -TrustServerCertificate</Data><Data Name='ScriptBlockId'>ccf9c3cc-9d5a-4f52-be0c-51cece23c86d</Data><Data Name='Path'></Data></EventData></Event>
<Event xmlns='http://schemas.microsoft.com/win/2004/08/events/event'><System><Provider Name='Microsoft-Windows-PowerShell' Guid='{a0c1853b-5c40-4b15-8766-3cf1c58f985a}'/><EventID>4104</EventID><Version>1</Version><Level>5</Level><Task>2</Task><Opcode>15</Opcode><Keywords>0x0</Keywords><TimeCreated SystemTime='2025-02-04T15:15:15.9238958Z'/><EventRecordID>503593</EventRecordID><Correlation ActivityID='{12356087-7406-0002-cb2c-37120674db01}'/><Execution ProcessID='6892' ThreadID='4268'/><Channel>Microsoft-Windows-PowerShell/Operational</Channel><Computer>ar-win-dc.attackrange.local</Computer><Security UserID='S-1-5-21-26273642-2342717390-2342477205-500'/></System><EventData><Data Name='MessageNumber'>1</Data><Data Name='MessageTotal'>3</Data><Data Name='ScriptBlockText'># Copyright (c) Microsoft Corporation.
# Licensed under the MIT license.

Set-StrictMode -Version Latest

function Invoke-SqlNotebook {

    [CmdletBinding(DefaultParameterSetName="ByConnectionParameters")]

    [Diagnostics.CodeAnalysis.SuppressMessageAttribute("PSUsePSCredentialType", "Username", Justification="Intentionally allowing User/Password, in addition to a PSCredential parameter.")]
    [Diagnostics.CodeAnalysis.SuppressMessageAttribute("PSAvoidUsingPlainTextForPassword", "Password", Justification="Intentionally allowing User/Password, in addition to a PSCredential parameter.")]
    [Diagnostics.CodeAnalysis.SuppressMessageAttribute("PSAvoidUsingUsernameAndPasswordParams", "", Justification="Intentionally allowing User/Password, in addition to a PSCredential parameter.")]

    # Parameters
    param(
        [Parameter(Mandatory = $false, ParameterSetName = 'ByConnectionParameters')]$ServerInstance,
        [Parameter(Mandatory = $false, ParameterSetName = 'ByConnectionParameters')]$Database,
        [Parameter(Mandatory = $false, ParameterSetName = 'ByConnectionParameters')][ValidateNotNullorEmpty()]$Username,
        [Parameter(Mandatory = $false, ParameterSetName = 'ByConnectionParameters')][ValidateNotNullorEmpty()]$Password,

        [Parameter(Mandatory = $false, ParameterSetName = 'ByConnectionString')][ValidateNotNullorEmpty()]$ConnectionString,
        [Parameter(Mandatory = $false, ParameterSetName = 'ByConnectionParameters')][ValidateNotNullorEmpty()][PSCredential]$Credential,
        [Parameter(Mandatory = $true, ParameterSetName='ByInputFile')]
        [Parameter(ParameterSetName = 'ByConnectionParameters')]
        [Parameter(ParameterSetName = 'ByConnectionString')]$InputFile,
        [Parameter(Mandatory = $true, ParameterSetName='ByInputObject')]
        [Parameter(ParameterSetName = 'ByConnectionParameters')]
        [Parameter(ParameterSetName = 'ByConnectionString')]$InputObject,
        [Parameter(Mandatory = $false)][ValidateNotNullorEmpty()]$OutputFile,

        [Parameter(Mandatory = $false, ParameterSetName = 'ByConnectionParameters')][ValidateNotNullorEmpty()][PSObject]$AccessToken,
        [Parameter(Mandatory = $false, ParameterSetName = 'ByConnectionParameters')][Switch]$TrustServerCertificate,
        [Parameter(Mandatory = $false, ParameterSetName = 'ByConnectionParameters')][ValidateSet("Mandatory", "Optional", "Strict")][string]$Encrypt,
        [Parameter(Mandatory = $false, ParameterSetName = 'ByConnectionParameters')][ValidateNotNull()][string]$HostNameInCertificate,

        [Switch]$Force
    )

    #Checks to see if OutputFile is given
    #If it is, checks to see if extension is there
    function getOutputFile($inputFile,$outputFile) {
        if($outputFile) {
            $extn = [IO.Path]::GetExtension($outputFile)
            if ($extn.Length -eq 0) {
                $outputFile = ($outputFile + ".ipynb")
            }
            $outputFile
        }
        else {
            #If User does not define Output it will use the inputFile file location
            $fileinfo = Get-Item $inputFile

            # Create an output file based on the file path of input and name
            Join-Path $fileinfo.DirectoryName ($fileinfo.BaseName + "_out" + $fileinfo.Extension)
        }
    }

    #Validates InputFile and Converts InputFile to Json Object
    function getFileContents($inputfile) {

        if (-not (Test-Path -Path $inputfile)) {
            Throw New-Object System.IO.FileNotFoundException ($inputfile + " does not exist")
        }

        $fileItem = Get-Item $inputfile

        #Checking if file is a python notebook
        if ($fileItem.Extension -ne ".ipynb") {
            Throw New-Object System.FormatException "Only ipynb files are supported"
        }

        $fileContent = Get-Content $inputfile
        try {
            $fileContentJson = ($fileContent | ConvertFrom-Json)
        }
        catch {
            Throw New-Object System.FormatException "Malformed Json file"
        }
        $fileContentJson
    }

    #Validate SQL Kernel Notebook
    function validateKernelType($fileContentJson) {
        if ($fileContentJson.metadata.kernelspec.name -ne "SQL") {
            Throw New-Object System.NotSupportedException "Kernel type '$($fileContentJson.metadata.kernelspec.name)' not supported."
        }
    }

    #Validate non-existing output file
    #If file exists and $throwifexists, an exception is thrown.
    function validateExistingOutputFile($outputfile, $throwifexists) {
        if ($outputfile -and (Test-Path $outputfile) -and $throwifexists) {
            Throw New-Object System.IO.IOException "The file '$($outputfile)' already exists. Please, specify -Force to overwrite it."
        }
    }

    #Parsing Notebook Data to Notebook Output
    function ParseTableToNotebookOutput {
        param (
            [System.Data.DataTable]
            $DataTable,

            [int]
            $CellExecutionCount
        )
        $TableHTMLText = "&lt;table&gt;"
        $TableSchemaFeilds = @()
        $TableHTMLText += "&lt;tr&gt;"
        foreach ($ColumnName in $DataTable.Columns) {
            $TableSchemaFeilds += @(@{name = $ColumnName.toString() })
            $TableHTMLText += "&lt;th&gt;" + $ColumnName.toString() + "&lt;/th&gt;"
        }
        $TableHTMLText += "&lt;/tr&gt;"
        $TableSchema = @{ }
        $TableSchema["fields"] = $TableSchemaFeilds

        $TableDataRows = @()
        foreach ($Row in $DataTable) {
            $TableDataRow = [ordered]@{ }
            $TableHTMLText += "&lt;tr&gt;"
            $i = 0
            foreach ($Cell in $Row.ItemArray) {
                $TableDataRow[$i.ToString()] = $Cell.toString()
                $TableHTMLText += "&lt;td&gt;" + $Cell.toString() + "&lt;/td&gt;"
                $i++
            }
            $TableHTMLText += "&lt;/tr&gt;"
            $TableDataRows += $TableDataRow
        }

        $TableDataResource = @{ }
        $TableDataResource["schema"] = $TableSchema
        $TableDataResource["data"] = $TableDataRows
        $TableData = @{ }
        $TableData["application/vnd.dataresource+json"] = $TableDataResource
        $TableData["text/html"] = $TableHTMLText
        $TableOutput = @{ }
        $TableOutput["output_type"] = "execute_result"
        $TableOutput["data"] = $TableData
        $TableOutput["metadata"] = @{ }
        $TableOutput["execution_count"] = $CellExecutionCount
        return $TableOutput
    }

    #Parsing the Error Messages to Notebook Output
    function ParseQueryErrorToNotebookOutput {
        param (
            $QueryError
        )
        &lt;#
        Following the current syntax of errors in T-SQL notebooks from ADS
        #&gt;
        $ErrorString = "Msg " + $QueryError.Exception.InnerException.Number +
        ", Level " + $QueryError.Exception.InnerException.Class +
        ", State " + $QueryError.Exception.InnerException.State +
        ", Line " + $QueryError.Exception.InnerException.LineNumber +
        "`r`n" + $QueryError.Exception.Message

        $ErrorOutput = @{ }
        $ErrorOutput["output_type"] = "error"
        $ErrorOutput["traceback"] = @()
        $ErrorOutput["evalue"] = $ErrorString
        return $ErrorOutput
    }

    #Parsing Messages to Notebook Output
    function ParseStringToNotebookOutput {
        param (
            [System.String]
            $InputString
        )
        &lt;#
        Parsing the string to notebook cell output.
        It's the standard Jupyter Syntax
        #&gt;
        $StringOutputData = @{ }
        $StringOutputData["text/html"] = $InputString
        $StringOutput = @{ }
        $StringOutput["output_type"] = "display_data"
        $StringOutput["data"] = $StringOutputData
        $StringOutput["metadata"] = @{ }
        return $StringOutput
    }

    #Start of Script
    #Checks to see if InputFile or InputObject was entered

    #Checks to InputFile Type and initializes OutputFile
    if ($InputFile -is [System.String]) {
        $fileInformation = getFileContents($InputFile)
        $fileContent = $fileInformation[0]
        $OutputFile = getOutputFile $InputFile $OutputFile
    } elseif ($InputFile -is [System.IO.FileInfo]) {
        $fileInformation = getFileContents($InputFile.FullName)
        $fileContent = $fileInformation[0]
        $OutputFile = getOutputFile $InputFile $OutputFile
    } else {
        $fileContent = $InputObject
    }

    #Checks InputObject and converts that to appropriate Json object
    if ($InputObject -is [System.String]) {
        $fileContentJson = ($InputObject | ConvertFrom-Json)
        $fileContent = $fileContentJson[0]
    }

    #Validates only SQL Notebooks
    validateKernelType $fileContent

    #Validate that $OutputFile does not exist, or, if it exists a -Force was passed in.
    validateExistingOutputFile $OutputFile (-not $Force)

    #Setting params for Invoke-Sqlcmd
    $DatabaseQueryHashTable = @{ }

    #Checks to see if User entered ConnectionString or individual parameters
    if ($ConnectionString) {
        $DatabaseQueryHashTable["ConnectionString"] = $ConnectionString
    } else {
        if ($ServerInstance) {
            $DatabaseQueryHashTable["ServerInstance"] = $ServerInstance
        }
        if ($Database) {
            $DatabaseQueryHashTable["Database"] = $Database
        }
        #Checks to see if User entered AccessToken, Credential, or individual parameters
        if ($AccessToken) {
            # Currently, Invoke-Sqlcmd only supports an -AccessToken of type [string]
            if ($AccessToken -is [string]) {
                $DatabaseQueryHashTable["AccessToken"] = $AccessToken
            } else {
                # Assume $AccessToken has a 'Token' member that is a string
                $DatabaseQueryHashTable["AccessToken"] = $AccessToken.Token
            }
        } else {
            if ($Credential) {
                $DatabaseQueryHashTable["Credential"] = $Credential
            } else {
                if ($Username) {
                    $DatabaseQueryHashTable["Username"] = $Username
                }
                if ($Password) {
                    $DatabaseQueryHashTable["Password"] = $Password
                }
            }
        }
        if ($Encrypt) {
            $DatabaseQueryHashTable["Encrypt"] = $Encrypt
        }
        if ($TrustServerCertificate) {
            $DatabaseQueryHashTable["TrustServerCertificate"] = $TrustServerCertificate
        }
        if ($HostNameInCertificate) {
            $DatabaseQueryHashTable["HostNameInCertificate"] = $HostNameInCertificate
        }
    }

    #Setting additional parameters for Invoke-SQLCMD to get
    #all the information from Notebook execution to output
    $DatabaseQueryHashTable["Verbose"] = $true
    $DatabaseQueryHashTable["ErrorVariable"] = "SqlQueryError"
    $DatabaseQueryHashTable["OutputAs"] = "DataTables"

    #The first code cell number
    $cellExecutionCount = 1
    #Iterate through Notebook Cells
    $fileContent.cells | Where-Object {
        # Ignoring Markdown or raw cells
        $_.cell_type -ne "markdown" -and $_.cell_type -ne "raw" -and $_.source -ne ""
    } | ForEach-Object {
        $NotebookCellOutputs = @()

        # Getting the source T-SQL from the cell
        # Note that the cell's source field can be
        # an array (or strings) or a scalar (string).
        # If an array, elements are properly terminated with CR/LF.
        $DatabaseQueryHashTable["Query"] = $_.source -join ''

        # Executing the T-SQL Query and storing the result and the time taken to execute
        $SqlQueryExecutionTime = Measure-Command {
            [Diag</Data><Data Name='ScriptBlockId'>2c778552-ba42-4d76-bb9c-db1f59c338c5</Data><Data Name='Path'>C:\Program Files\WindowsPowerShell\Modules\SqlServer\22.3.0\SqlNotebook.psm1</Data></EventData></Event>
<Event xmlns='http://schemas.microsoft.com/win/2004/08/events/event'><System><Provider Name='Microsoft-Windows-PowerShell' Guid='{a0c1853b-5c40-4b15-8766-3cf1c58f985a}'/><EventID>4104</EventID><Version>1</Version><Level>5</Level><Task>2</Task><Opcode>15</Opcode><Keywords>0x0</Keywords><TimeCreated SystemTime='2025-02-04T15:15:15.8846049Z'/><EventRecordID>503587</EventRecordID><Correlation ActivityID='{12356087-7406-0000-0791-36120674db01}'/><Execution ProcessID='6892' ThreadID='4268'/><Channel>Microsoft-Windows-PowerShell/Operational</Channel><Computer>ar-win-dc.attackrange.local</Computer><Security UserID='S-1-5-21-26273642-2342717390-2342477205-500'/></System><EventData><Data Name='MessageNumber'>1</Data><Data Name='MessageTotal'>1</Data><Data Name='ScriptBlockText'>$ErrorActionPreference = 'Continue'
Write-Host 'Running: Authentication test'
Invoke-Sqlcmd -ServerInstance 'localhost' -Database 'master' -Username 'sa' -Password 'ComplexPass123!' -Query 'SELECT SYSTEM_USER AS CurrentUser' -TrustServerCertificate</Data><Data Name='ScriptBlockId'>88625315-9a55-4568-8ae1-06d0cdae4c97</Data><Data Name='Path'></Data></EventData></Event>
<Event xmlns='http://schemas.microsoft.com/win/2004/08/events/event'><System><Provider Name='Microsoft-Windows-PowerShell' Guid='{a0c1853b-5c40-4b15-8766-3cf1c58f985a}'/><EventID>4104</EventID><Version>1</Version><Level>5</Level><Task>2</Task><Opcode>15</Opcode><Keywords>0x0</Keywords><TimeCreated SystemTime='2025-02-04T15:15:12.8774793Z'/><EventRecordID>503380</EventRecordID><Correlation ActivityID='{12356087-7406-0000-a090-36120674db01}'/><Execution ProcessID='3044' ThreadID='5272'/><Channel>Microsoft-Windows-PowerShell/Operational</Channel><Computer>ar-win-dc.attackrange.local</Computer><Security UserID='S-1-5-21-26273642-2342717390-2342477205-500'/></System><EventData><Data Name='MessageNumber'>1</Data><Data Name='MessageTotal'>1</Data><Data Name='ScriptBlockText'>$ErrorActionPreference = 'Continue'
Write-Host 'Running: Basic version query'
Invoke-Sqlcmd -ServerInstance 'localhost' -Database 'master' -Username 'sa' -Password 'ComplexPass123!' -Query 'SELECT @@version' -TrustServerCertificate</Data><Data Name='ScriptBlockId'>d5ba454c-8a6f-4576-bc00-08f08881ab51</Data><Data Name='Path'></Data></EventData></Event>
<Event xmlns='http://schemas.microsoft.com/win/2004/08/events/event'><System><Provider Name='Microsoft-Windows-PowerShell' Guid='{a0c1853b-5c40-4b15-8766-3cf1c58f985a}'/><EventID>4104</EventID><Version>1</Version><Level>5</Level><Task>2</Task><Opcode>15</Opcode><Keywords>0x0</Keywords><TimeCreated SystemTime='2025-02-04T15:13:44.8144518Z'/><EventRecordID>503151</EventRecordID><Correlation ActivityID='{12356087-7406-0004-1132-36120674db01}'/><Execution ProcessID='5800' ThreadID='4932'/><Channel>Microsoft-Windows-PowerShell/Operational</Channel><Computer>ar-win-dc.attackrange.local</Computer><Security UserID='S-1-5-21-26273642-2342717390-2342477205-500'/></System><EventData><Data Name='MessageNumber'>1</Data><Data Name='MessageTotal'>1</Data><Data Name='ScriptBlockText'>$ErrorActionPreference = 'Continue'
Write-Host 'Running: System principals query'
Invoke-Sqlcmd -ServerInstance 'localhost' -Database 'master' -Username 'sa' -Password 'ComplexPass123!' -Query 'SELECT name, type_desc FROM sys.server_principals' -TrustServerCertificate</Data><Data Name='ScriptBlockId'>727760b6-5893-4b5a-a826-8fb06ee564ce</Data><Data Name='Path'></Data></EventData></Event>
<Event xmlns='http://schemas.microsoft.com/win/2004/08/events/event'><System><Provider Name='Microsoft-Windows-PowerShell' Guid='{a0c1853b-5c40-4b15-8766-3cf1c58f985a}'/><EventID>4104</EventID><Version>1</Version><Level>5</Level><Task>2</Task><Opcode>15</Opcode><Keywords>0x0</Keywords><TimeCreated SystemTime='2025-02-04T15:13:41.8249281Z'/><EventRecordID>502949</EventRecordID><Correlation ActivityID='{12356087-7406-0002-6a2b-37120674db01}'/><Execution ProcessID='5532' ThreadID='3472'/><Channel>Microsoft-Windows-PowerShell/Operational</Channel><Computer>ar-win-dc.attackrange.local</Computer><Security UserID='S-1-5-21-26273642-2342717390-2342477205-500'/></System><EventData><Data Name='MessageNumber'>1</Data><Data Name='MessageTotal'>3</Data><Data Name='ScriptBlockText'># Copyright (c) Microsoft Corporation.
# Licensed under the MIT license.

Set-StrictMode -Version Latest

function Invoke-SqlNotebook {

    [CmdletBinding(DefaultParameterSetName="ByConnectionParameters")]

    [Diagnostics.CodeAnalysis.SuppressMessageAttribute("PSUsePSCredentialType", "Username", Justification="Intentionally allowing User/Password, in addition to a PSCredential parameter.")]
    [Diagnostics.CodeAnalysis.SuppressMessageAttribute("PSAvoidUsingPlainTextForPassword", "Password", Justification="Intentionally allowing User/Password, in addition to a PSCredential parameter.")]
    [Diagnostics.CodeAnalysis.SuppressMessageAttribute("PSAvoidUsingUsernameAndPasswordParams", "", Justification="Intentionally allowing User/Password, in addition to a PSCredential parameter.")]

    # Parameters
    param(
        [Parameter(Mandatory = $false, ParameterSetName = 'ByConnectionParameters')]$ServerInstance,
        [Parameter(Mandatory = $false, ParameterSetName = 'ByConnectionParameters')]$Database,
        [Parameter(Mandatory = $false, ParameterSetName = 'ByConnectionParameters')][ValidateNotNullorEmpty()]$Username,
        [Parameter(Mandatory = $false, ParameterSetName = 'ByConnectionParameters')][ValidateNotNullorEmpty()]$Password,

        [Parameter(Mandatory = $false, ParameterSetName = 'ByConnectionString')][ValidateNotNullorEmpty()]$ConnectionString,
        [Parameter(Mandatory = $false, ParameterSetName = 'ByConnectionParameters')][ValidateNotNullorEmpty()][PSCredential]$Credential,
        [Parameter(Mandatory = $true, ParameterSetName='ByInputFile')]
        [Parameter(ParameterSetName = 'ByConnectionParameters')]
        [Parameter(ParameterSetName = 'ByConnectionString')]$InputFile,
        [Parameter(Mandatory = $true, ParameterSetName='ByInputObject')]
        [Parameter(ParameterSetName = 'ByConnectionParameters')]
        [Parameter(ParameterSetName = 'ByConnectionString')]$InputObject,
        [Parameter(Mandatory = $false)][ValidateNotNullorEmpty()]$OutputFile,

        [Parameter(Mandatory = $false, ParameterSetName = 'ByConnectionParameters')][ValidateNotNullorEmpty()][PSObject]$AccessToken,
        [Parameter(Mandatory = $false, ParameterSetName = 'ByConnectionParameters')][Switch]$TrustServerCertificate,
        [Parameter(Mandatory = $false, ParameterSetName = 'ByConnectionParameters')][ValidateSet("Mandatory", "Optional", "Strict")][string]$Encrypt,
        [Parameter(Mandatory = $false, ParameterSetName = 'ByConnectionParameters')][ValidateNotNull()][string]$HostNameInCertificate,

        [Switch]$Force
    )

    #Checks to see if OutputFile is given
    #If it is, checks to see if extension is there
    function getOutputFile($inputFile,$outputFile) {
        if($outputFile) {
            $extn = [IO.Path]::GetExtension($outputFile)
            if ($extn.Length -eq 0) {
                $outputFile = ($outputFile + ".ipynb")
            }
            $outputFile
        }
        else {
            #If User does not define Output it will use the inputFile file location
            $fileinfo = Get-Item $inputFile

            # Create an output file based on the file path of input and name
            Join-Path $fileinfo.DirectoryName ($fileinfo.BaseName + "_out" + $fileinfo.Extension)
        }
    }

    #Validates InputFile and Converts InputFile to Json Object
    function getFileContents($inputfile) {

        if (-not (Test-Path -Path $inputfile)) {
            Throw New-Object System.IO.FileNotFoundException ($inputfile + " does not exist")
        }

        $fileItem = Get-Item $inputfile

        #Checking if file is a python notebook
        if ($fileItem.Extension -ne ".ipynb") {
            Throw New-Object System.FormatException "Only ipynb files are supported"
        }

        $fileContent = Get-Content $inputfile
        try {
            $fileContentJson = ($fileContent | ConvertFrom-Json)
        }
        catch {
            Throw New-Object System.FormatException "Malformed Json file"
        }
        $fileContentJson
    }

    #Validate SQL Kernel Notebook
    function validateKernelType($fileContentJson) {
        if ($fileContentJson.metadata.kernelspec.name -ne "SQL") {
            Throw New-Object System.NotSupportedException "Kernel type '$($fileContentJson.metadata.kernelspec.name)' not supported."
        }
    }

    #Validate non-existing output file
    #If file exists and $throwifexists, an exception is thrown.
    function validateExistingOutputFile($outputfile, $throwifexists) {
        if ($outputfile -and (Test-Path $outputfile) -and $throwifexists) {
            Throw New-Object System.IO.IOException "The file '$($outputfile)' already exists. Please, specify -Force to overwrite it."
        }
    }

    #Parsing Notebook Data to Notebook Output
    function ParseTableToNotebookOutput {
        param (
            [System.Data.DataTable]
            $DataTable,

            [int]
            $CellExecutionCount
        )
        $TableHTMLText = "&lt;table&gt;"
        $TableSchemaFeilds = @()
        $TableHTMLText += "&lt;tr&gt;"
        foreach ($ColumnName in $DataTable.Columns) {
            $TableSchemaFeilds += @(@{name = $ColumnName.toString() })
            $TableHTMLText += "&lt;th&gt;" + $ColumnName.toString() + "&lt;/th&gt;"
        }
        $TableHTMLText += "&lt;/tr&gt;"
        $TableSchema = @{ }
        $TableSchema["fields"] = $TableSchemaFeilds

        $TableDataRows = @()
        foreach ($Row in $DataTable) {
            $TableDataRow = [ordered]@{ }
            $TableHTMLText += "&lt;tr&gt;"
            $i = 0
            foreach ($Cell in $Row.ItemArray) {
                $TableDataRow[$i.ToString()] = $Cell.toString()
                $TableHTMLText += "&lt;td&gt;" + $Cell.toString() + "&lt;/td&gt;"
                $i++
            }
            $TableHTMLText += "&lt;/tr&gt;"
            $TableDataRows += $TableDataRow
        }

        $TableDataResource = @{ }
        $TableDataResource["schema"] = $TableSchema
        $TableDataResource["data"] = $TableDataRows
        $TableData = @{ }
        $TableData["application/vnd.dataresource+json"] = $TableDataResource
        $TableData["text/html"] = $TableHTMLText
        $TableOutput = @{ }
        $TableOutput["output_type"] = "execute_result"
        $TableOutput["data"] = $TableData
        $TableOutput["metadata"] = @{ }
        $TableOutput["execution_count"] = $CellExecutionCount
        return $TableOutput
    }

    #Parsing the Error Messages to Notebook Output
    function ParseQueryErrorToNotebookOutput {
        param (
            $QueryError
        )
        &lt;#
        Following the current syntax of errors in T-SQL notebooks from ADS
        #&gt;
        $ErrorString = "Msg " + $QueryError.Exception.InnerException.Number +
        ", Level " + $QueryError.Exception.InnerException.Class +
        ", State " + $QueryError.Exception.InnerException.State +
        ", Line " + $QueryError.Exception.InnerException.LineNumber +
        "`r`n" + $QueryError.Exception.Message

        $ErrorOutput = @{ }
        $ErrorOutput["output_type"] = "error"
        $ErrorOutput["traceback"] = @()
        $ErrorOutput["evalue"] = $ErrorString
        return $ErrorOutput
    }

    #Parsing Messages to Notebook Output
    function ParseStringToNotebookOutput {
        param (
            [System.String]
            $InputString
        )
        &lt;#
        Parsing the string to notebook cell output.
        It's the standard Jupyter Syntax
        #&gt;
        $StringOutputData = @{ }
        $StringOutputData["text/html"] = $InputString
        $StringOutput = @{ }
        $StringOutput["output_type"] = "display_data"
        $StringOutput["data"] = $StringOutputData
        $StringOutput["metadata"] = @{ }
        return $StringOutput
    }

    #Start of Script
    #Checks to see if InputFile or InputObject was entered

    #Checks to InputFile Type and initializes OutputFile
    if ($InputFile -is [System.String]) {
        $fileInformation = getFileContents($InputFile)
        $fileContent = $fileInformation[0]
        $OutputFile = getOutputFile $InputFile $OutputFile
    } elseif ($InputFile -is [System.IO.FileInfo]) {
        $fileInformation = getFileContents($InputFile.FullName)
        $fileContent = $fileInformation[0]
        $OutputFile = getOutputFile $InputFile $OutputFile
    } else {
        $fileContent = $InputObject
    }

    #Checks InputObject and converts that to appropriate Json object
    if ($InputObject -is [System.String]) {
        $fileContentJson = ($InputObject | ConvertFrom-Json)
        $fileContent = $fileContentJson[0]
    }

    #Validates only SQL Notebooks
    validateKernelType $fileContent

    #Validate that $OutputFile does not exist, or, if it exists a -Force was passed in.
    validateExistingOutputFile $OutputFile (-not $Force)

    #Setting params for Invoke-Sqlcmd
    $DatabaseQueryHashTable = @{ }

    #Checks to see if User entered ConnectionString or individual parameters
    if ($ConnectionString) {
        $DatabaseQueryHashTable["ConnectionString"] = $ConnectionString
    } else {
        if ($ServerInstance) {
            $DatabaseQueryHashTable["ServerInstance"] = $ServerInstance
        }
        if ($Database) {
            $DatabaseQueryHashTable["Database"] = $Database
        }
        #Checks to see if User entered AccessToken, Credential, or individual parameters
        if ($AccessToken) {
            # Currently, Invoke-Sqlcmd only supports an -AccessToken of type [string]
            if ($AccessToken -is [string]) {
                $DatabaseQueryHashTable["AccessToken"] = $AccessToken
            } else {
                # Assume $AccessToken has a 'Token' member that is a string
                $DatabaseQueryHashTable["AccessToken"] = $AccessToken.Token
            }
        } else {
            if ($Credential) {
                $DatabaseQueryHashTable["Credential"] = $Credential
            } else {
                if ($Username) {
                    $DatabaseQueryHashTable["Username"] = $Username
                }
                if ($Password) {
                    $DatabaseQueryHashTable["Password"] = $Password
                }
            }
        }
        if ($Encrypt) {
            $DatabaseQueryHashTable["Encrypt"] = $Encrypt
        }
        if ($TrustServerCertificate) {
            $DatabaseQueryHashTable["TrustServerCertificate"] = $TrustServerCertificate
        }
        if ($HostNameInCertificate) {
            $DatabaseQueryHashTable["HostNameInCertificate"] = $HostNameInCertificate
        }
    }

    #Setting additional parameters for Invoke-SQLCMD to get
    #all the information from Notebook execution to output
    $DatabaseQueryHashTable["Verbose"] = $true
    $DatabaseQueryHashTable["ErrorVariable"] = "SqlQueryError"
    $DatabaseQueryHashTable["OutputAs"] = "DataTables"

    #The first code cell number
    $cellExecutionCount = 1
    #Iterate through Notebook Cells
    $fileContent.cells | Where-Object {
        # Ignoring Markdown or raw cells
        $_.cell_type -ne "markdown" -and $_.cell_type -ne "raw" -and $_.source -ne ""
    } | ForEach-Object {
        $NotebookCellOutputs = @()

        # Getting the source T-SQL from the cell
        # Note that the cell's source field can be
        # an array (or strings) or a scalar (string).
        # If an array, elements are properly terminated with CR/LF.
        $DatabaseQueryHashTable["Query"] = $_.source -join ''

        # Executing the T-SQL Query and storing the result and the time taken to execute
        $SqlQueryExecutionTime = Measure-Command {
            [Diagnostics.CodeAnalysis.SuppressMessageAttribute("PSUseDeclaredVarsMoreThanAssignments", "SqlQueryResult", Justification="Suppressing false warning.")]
            $SqlQueryResult = @( Invoke-Sqlcmd @DatabaseQueryHashTable -ErrorAction SilentlyContinue 4&gt;&amp;1)
        }

        # Setting the Notebook Cell Execution Count to increase count of each code cell
        # Note: handle the case where the 'execution_count' property is missing.
        if (-not ($_ | Get-Member execution_count)) {
            $_ | Add-Member -Name execution_count -Value $null -MemberType NoteProperty
        }
        $_.execution_count = $cellExecutionCount++

        $NotebookCellTableOutputs = @()

        &lt;#
        Iterating over the results by Invoke-Sqlcmd
  </Data><Data Name='ScriptBlockId'>aa038282-be0e-487b-af29-e0e94e14f993</Data><Data Name='Path'>C:\Program Files\WindowsPowerShell\Modules\SqlServer\22.3.0\SqlNotebook.psm1</Data></EventData></Event>
<Event xmlns='http://schemas.microsoft.com/win/2004/08/events/event'><System><Provider Name='Microsoft-Windows-PowerShell' Guid='{a0c1853b-5c40-4b15-8766-3cf1c58f985a}'/><EventID>4104</EventID><Version>1</Version><Level>5</Level><Task>2</Task><Opcode>15</Opcode><Keywords>0x0</Keywords><TimeCreated SystemTime='2025-02-04T15:13:41.7811163Z'/><EventRecordID>502943</EventRecordID><Correlation ActivityID='{12356087-7406-0000-a38f-36120674db01}'/><Execution ProcessID='5532' ThreadID='3472'/><Channel>Microsoft-Windows-PowerShell/Operational</Channel><Computer>ar-win-dc.attackrange.local</Computer><Security UserID='S-1-5-21-26273642-2342717390-2342477205-500'/></System><EventData><Data Name='MessageNumber'>1</Data><Data Name='MessageTotal'>1</Data><Data Name='ScriptBlockText'>$ErrorActionPreference = 'Continue'
Write-Host 'Running: DataSet output test'
Invoke-Sqlcmd -ServerInstance 'localhost' -Database 'master' -Username 'sa' -Password 'ComplexPass123!' -Query 'SELECT name, database_id FROM sys.databases' -OutputAs DataSet -TrustServerCertificate</Data><Data Name='ScriptBlockId'>fbca809a-ebc7-4245-ac96-88569d25717f</Data><Data Name='Path'></Data></EventData></Event>
<Event xmlns='http://schemas.microsoft.com/win/2004/08/events/event'><System><Provider Name='Microsoft-Windows-PowerShell' Guid='{a0c1853b-5c40-4b15-8766-3cf1c58f985a}'/><EventID>4104</EventID><Version>1</Version><Level>5</Level><Task>2</Task><Opcode>15</Opcode><Keywords>0x0</Keywords><TimeCreated SystemTime='2025-02-04T15:13:38.7418713Z'/><EventRecordID>502736</EventRecordID><Correlation ActivityID='{12356087-7406-0000-488f-36120674db01}'/><Execution ProcessID='3172' ThreadID='7548'/><Channel>Microsoft-Windows-PowerShell/Operational</Channel><Computer>ar-win-dc.attackrange.local</Computer><Security UserID='S-1-5-21-26273642-2342717390-2342477205-500'/></System><EventData><Data Name='MessageNumber'>1</Data><Data Name='MessageTotal'>1</Data><Data Name='ScriptBlockText'>$ErrorActionPreference = 'Continue'
Write-Host 'Running: Authentication test'
Invoke-Sqlcmd -ServerInstance 'localhost' -Database 'master' -Username 'sa' -Password 'ComplexPass123!' -Query 'SELECT SYSTEM_USER AS CurrentUser' -TrustServerCertificate</Data><Data Name='ScriptBlockId'>8eeccb6b-d9f8-405b-94d9-7ce3d6bbd0a8</Data><Data Name='Path'></Data></EventData></Event>
