<Event xmlns='http://schemas.microsoft.com/win/2004/08/events/event'><System><Provider Name='Microsoft-Windows-Sysmon' Guid='{5770385F-C22A-43E0-BF4C-06F5698FFBD9}'/><EventID>13</EventID><Version>2</Version><Level>4</Level><Task>13</Task><Opcode>0</Opcode><Keywords>0x8000000000000000</Keywords><TimeCreated SystemTime='2023-09-14T09:18:18.755285700Z'/><EventRecordID>60244</EventRecordID><Correlation/><Execution ProcessID='2444' ThreadID='2820'/><Channel>Microsoft-Windows-Sysmon/Operational</Channel><Computer>ar-win-dc.attackrange.local</Computer><Security UserID='S-1-5-18'/></System><EventData><Data Name='RuleName'>T1060,RunKey</Data><Data Name='EventType'>SetValue</Data><Data Name='UtcTime'>2023-09-14 09:18:18.754</Data><Data Name='ProcessGuid'>{8814F3F5-CD65-6502-6A02-000000000F03}</Data><Data Name='ProcessId'>3764</Data><Data Name='Image'>C:\Users\Administrator\AppData\Local\Temp\server.com</Data><Data Name='TargetObject'>HKLM\SOFTWARE\WOW6432Node\Microsoft\Windows\CurrentVersion\Run\0ff91641118b8ba71feb1aa87725fe56</Data><Data Name='Details'>"C:\Users\Administrator\AppData\Local\Temp\server.com" ..</Data><Data Name='User'>ATTACKRANGE\Administrator</Data></EventData></Event>
<Event xmlns='http://schemas.microsoft.com/win/2004/08/events/event'><System><Provider Name='Microsoft-Windows-Sysmon' Guid='{5770385F-C22A-43E0-BF4C-06F5698FFBD9}'/><EventID>13</EventID><Version>2</Version><Level>4</Level><Task>13</Task><Opcode>0</Opcode><Keywords>0x8000000000000000</Keywords><TimeCreated SystemTime='2023-09-14T09:18:18.755107500Z'/><EventRecordID>60243</EventRecordID><Correlation/><Execution ProcessID='2444' ThreadID='2820'/><Channel>Microsoft-Windows-Sysmon/Operational</Channel><Computer>ar-win-dc.attackrange.local</Computer><Security UserID='S-1-5-18'/></System><EventData><Data Name='RuleName'>T1060,RunKey</Data><Data Name='EventType'>SetValue</Data><Data Name='UtcTime'>2023-09-14 09:18:18.754</Data><Data Name='ProcessGuid'>{8814F3F5-CD65-6502-6A02-000000000F03}</Data><Data Name='ProcessId'>3764</Data><Data Name='Image'>C:\Users\Administrator\AppData\Local\Temp\server.com</Data><Data Name='TargetObject'>HKU\S-1-5-21-2571799417-433382502-1180051742-500\SOFTWARE\Microsoft\Windows\CurrentVersion\Run\0ff91641118b8ba71feb1aa87725fe56</Data><Data Name='Details'>"C:\Users\Administrator\AppData\Local\Temp\server.com" ..</Data><Data Name='User'>ATTACKRANGE\Administrator</Data></EventData></Event>
<Event xmlns='http://schemas.microsoft.com/win/2004/08/events/event'><System><Provider Name='Microsoft-Windows-Sysmon' Guid='{5770385F-C22A-43E0-BF4C-06F5698FFBD9}'/><EventID>13</EventID><Version>2</Version><Level>4</Level><Task>13</Task><Opcode>0</Opcode><Keywords>0x8000000000000000</Keywords><TimeCreated SystemTime='2023-09-14T09:18:17.741077700Z'/><EventRecordID>60242</EventRecordID><Correlation/><Execution ProcessID='2444' ThreadID='2820'/><Channel>Microsoft-Windows-Sysmon/Operational</Channel><Computer>ar-win-dc.attackrange.local</Computer><Security UserID='S-1-5-18'/></System><EventData><Data Name='RuleName'>T1060,RunKey</Data><Data Name='EventType'>SetValue</Data><Data Name='UtcTime'>2023-09-14 09:18:17.738</Data><Data Name='ProcessGuid'>{8814F3F5-CD65-6502-6A02-000000000F03}</Data><Data Name='ProcessId'>3764</Data><Data Name='Image'>C:\Users\Administrator\AppData\Local\Temp\server.com</Data><Data Name='TargetObject'>HKLM\SOFTWARE\WOW6432Node\Microsoft\Windows\CurrentVersion\Run\0ff91641118b8ba71feb1aa87725fe56</Data><Data Name='Details'>"C:\Users\Administrator\AppData\Local\Temp\server.com" ..</Data><Data Name='User'>ATTACKRANGE\Administrator</Data></EventData></Event>
<Event xmlns='http://schemas.microsoft.com/win/2004/08/events/event'><System><Provider Name='Microsoft-Windows-Sysmon' Guid='{5770385F-C22A-43E0-BF4C-06F5698FFBD9}'/><EventID>13</EventID><Version>2</Version><Level>4</Level><Task>13</Task><Opcode>0</Opcode><Keywords>0x8000000000000000</Keywords><TimeCreated SystemTime='2023-09-14T09:18:17.740817600Z'/><EventRecordID>60241</EventRecordID><Correlation/><Execution ProcessID='2444' ThreadID='2820'/><Channel>Microsoft-Windows-Sysmon/Operational</Channel><Computer>ar-win-dc.attackrange.local</Computer><Security UserID='S-1-5-18'/></System><EventData><Data Name='RuleName'>T1060,RunKey</Data><Data Name='EventType'>SetValue</Data><Data Name='UtcTime'>2023-09-14 09:18:17.738</Data><Data Name='ProcessGuid'>{8814F3F5-CD65-6502-6A02-000000000F03}</Data><Data Name='ProcessId'>3764</Data><Data Name='Image'>C:\Users\Administrator\AppData\Local\Temp\server.com</Data><Data Name='TargetObject'>HKU\S-1-5-21-2571799417-433382502-1180051742-500\SOFTWARE\Microsoft\Windows\CurrentVersion\Run\0ff91641118b8ba71feb1aa87725fe56</Data><Data Name='Details'>"C:\Users\Administrator\AppData\Local\Temp\server.com" ..</Data><Data Name='User'>ATTACKRANGE\Administrator</Data></EventData></Event>
<Event xmlns='http://schemas.microsoft.com/win/2004/08/events/event'><System><Provider Name='Microsoft-Windows-Sysmon' Guid='{5770385F-C22A-43E0-BF4C-06F5698FFBD9}'/><EventID>13</EventID><Version>2</Version><Level>4</Level><Task>13</Task><Opcode>0</Opcode><Keywords>0x8000000000000000</Keywords><TimeCreated SystemTime='2023-09-14T09:18:16.660455900Z'/><EventRecordID>60240</EventRecordID><Correlation/><Execution ProcessID='2444' ThreadID='2820'/><Channel>Microsoft-Windows-Sysmon/Operational</Channel><Computer>ar-win-dc.attackrange.local</Computer><Security UserID='S-1-5-18'/></System><EventData><Data Name='RuleName'>T1060,RunKey</Data><Data Name='EventType'>SetValue</Data><Data Name='UtcTime'>2023-09-14 09:18:16.659</Data><Data Name='ProcessGuid'>{8814F3F5-CD65-6502-6A02-000000000F03}</Data><Data Name='ProcessId'>3764</Data><Data Name='Image'>C:\Users\Administrator\AppData\Local\Temp\server.com</Data><Data Name='TargetObject'>HKLM\SOFTWARE\WOW6432Node\Microsoft\Windows\CurrentVersion\Run\0ff91641118b8ba71feb1aa87725fe56</Data><Data Name='Details'>"C:\Users\Administrator\AppData\Local\Temp\server.com" ..</Data><Data Name='User'>ATTACKRANGE\Administrator</Data></EventData></Event>
<Event xmlns='http://schemas.microsoft.com/win/2004/08/events/event'><System><Provider Name='Microsoft-Windows-Sysmon' Guid='{5770385F-C22A-43E0-BF4C-06F5698FFBD9}'/><EventID>13</EventID><Version>2</Version><Level>4</Level><Task>13</Task><Opcode>0</Opcode><Keywords>0x8000000000000000</Keywords><TimeCreated SystemTime='2023-09-14T09:18:16.660394500Z'/><EventRecordID>60239</EventRecordID><Correlation/><Execution ProcessID='2444' ThreadID='2820'/><Channel>Microsoft-Windows-Sysmon/Operational</Channel><Computer>ar-win-dc.attackrange.local</Computer><Security UserID='S-1-5-18'/></System><EventData><Data Name='RuleName'>T1060,RunKey</Data><Data Name='EventType'>SetValue</Data><Data Name='UtcTime'>2023-09-14 09:18:16.659</Data><Data Name='ProcessGuid'>{8814F3F5-CD65-6502-6A02-000000000F03}</Data><Data Name='ProcessId'>3764</Data><Data Name='Image'>C:\Users\Administrator\AppData\Local\Temp\server.com</Data><Data Name='TargetObject'>HKU\S-1-5-21-2571799417-433382502-1180051742-500\SOFTWARE\Microsoft\Windows\CurrentVersion\Run\0ff91641118b8ba71feb1aa87725fe56</Data><Data Name='Details'>"C:\Users\Administrator\AppData\Local\Temp\server.com" ..</Data><Data Name='User'>ATTACKRANGE\Administrator</Data></EventData></Event>
<Event xmlns='http://schemas.microsoft.com/win/2004/08/events/event'><System><Provider Name='Microsoft-Windows-Sysmon' Guid='{5770385F-C22A-43E0-BF4C-06F5698FFBD9}'/><EventID>13</EventID><Version>2</Version><Level>4</Level><Task>13</Task><Opcode>0</Opcode><Keywords>0x8000000000000000</Keywords><TimeCreated SystemTime='2023-09-14T09:18:16.379147100Z'/><EventRecordID>60238</EventRecordID><Correlation/><Execution ProcessID='2444' ThreadID='2820'/><Channel>Microsoft-Windows-Sysmon/Operational</Channel><Computer>ar-win-dc.attackrange.local</Computer><Security UserID='S-1-5-18'/></System><EventData><Data Name='RuleName'>T1484</Data><Data Name='EventType'>SetValue</Data><Data Name='UtcTime'>2023-09-14 09:18:16.378</Data><Data Name='ProcessGuid'>{8814F3F5-CD65-6502-6A02-000000000F03}</Data><Data Name='ProcessId'>3764</Data><Data Name='Image'>C:\Users\Administrator\AppData\Local\Temp\server.com</Data><Data Name='TargetObject'>HKU\S-1-5-21-2571799417-433382502-1180051742-500\SOFTWARE\0ff91641118b8ba71feb1aa87725fe56\[kl]</Data><Data Name='Details'>%%temp%%[ENTER]
r%%[Back][Back][Back]e
\x0123/09/12 notepad++ *C:\Program Files\ansible\SwiftOnSecurity.xml - Notepad++ [Administrator]\x01
[ENTER]
[Back][Back][Back]com
\x0123/09/12 cmd Administrator: C:\Windows\system32\cmd.exe\x01
Sysmon64[TAP]
 -c 
\x0123/09/12 cmd Administrator: C:\Windows\system32\cmd.exe - Sysmon64.exe  -c "C:\Program Files\ansible\SwiftOnSecurity.xml"\x01
[ENTER]
rregedit[ENTER]

\x0123/09/14 notepad++ *C:\Program Files\ansible\SwiftOnSecurity.xml - Notepad++ [Administrator]\x01
[Back][
\x0123/09/14 cmd Administrator: C:\Windows\system32\cmd.exe\x01
Sysmon6[TAP]
 -c 
\x0123/09/14 cmd Administrator: C:\Windows\system32\cmd.exe - Sysmon64.exe  -c "C:\Program Files\ansible\SwiftOnSecurity.xml"\x01
[ENTER]

\x0123/09/14 notepad++ *C:\Program Files\ansible\SwiftOnSecurity.xml - Notepad++ [Administrator]\x01
[Back]4d 5a 90 00s
\x0123/09/14 cmd Administrator: C:\Windows\system32\cmd.exe - Sysmon64.exe  -c "C:\Program Files\ansible\SwiftOnSecurity.xml"\x01
[ENTER]
</Data><Data Name='User'>ATTACKRANGE\Administrator</Data></EventData></Event>
<Event xmlns='http://schemas.microsoft.com/win/2004/08/events/event'><System><Provider Name='Microsoft-Windows-Sysmon' Guid='{5770385F-C22A-43E0-BF4C-06F5698FFBD9}'/><EventID>13</EventID><Version>2</Version><Level>4</Level><Task>13</Task><Opcode>0</Opcode><Keywords>0x8000000000000000</Keywords><TimeCreated SystemTime='2023-09-14T09:18:15.644895500Z'/><EventRecordID>60237</EventRecordID><Correlation/><Execution ProcessID='2444' ThreadID='2820'/><Channel>Microsoft-Windows-Sysmon/Operational</Channel><Computer>ar-win-dc.attackrange.local</Computer><Security UserID='S-1-5-18'/></System><EventData><Data Name='RuleName'>T1060,RunKey</Data><Data Name='EventType'>SetValue</Data><Data Name='UtcTime'>2023-09-14 09:18:15.644</Data><Data Name='ProcessGuid'>{8814F3F5-CD65-6502-6A02-000000000F03}</Data><Data Name='ProcessId'>3764</Data><Data Name='Image'>C:\Users\Administrator\AppData\Local\Temp\server.com</Data><Data Name='TargetObject'>HKLM\SOFTWARE\WOW6432Node\Microsoft\Windows\CurrentVersion\Run\0ff91641118b8ba71feb1aa87725fe56</Data><Data Name='Details'>"C:\Users\Administrator\AppData\Local\Temp\server.com" ..</Data><Data Name='User'>ATTACKRANGE\Administrator</Data></EventData></Event>
<Event xmlns='http://schemas.microsoft.com/win/2004/08/events/event'><System><Provider Name='Microsoft-Windows-Sysmon' Guid='{5770385F-C22A-43E0-BF4C-06F5698FFBD9}'/><EventID>13</EventID><Version>2</Version><Level>4</Level><Task>13</Task><Opcode>0</Opcode><Keywords>0x8000000000000000</Keywords><TimeCreated SystemTime='2023-09-14T09:18:15.644822600Z'/><EventRecordID>60236</EventRecordID><Correlation/><Execution ProcessID='2444' ThreadID='2820'/><Channel>Microsoft-Windows-Sysmon/Operational</Channel><Computer>ar-win-dc.attackrange.local</Computer><Security UserID='S-1-5-18'/></System><EventData><Data Name='RuleName'>T1060,RunKey</Data><Data Name='EventType'>SetValue</Data><Data Name='UtcTime'>2023-09-14 09:18:15.644</Data><Data Name='ProcessGuid'>{8814F3F5-CD65-6502-6A02-000000000F03}</Data><Data Name='ProcessId'>3764</Data><Data Name='Image'>C:\Users\Administrator\AppData\Local\Temp\server.com</Data><Data Name='TargetObject'>HKU\S-1-5-21-2571799417-433382502-1180051742-500\SOFTWARE\Microsoft\Windows\CurrentVersion\Run\0ff91641118b8ba71feb1aa87725fe56</Data><Data Name='Details'>"C:\Users\Administrator\AppData\Local\Temp\server.com" ..</Data><Data Name='User'>ATTACKRANGE\Administrator</Data></EventData></Event>
<Event xmlns='http://schemas.microsoft.com/win/2004/08/events/event'><System><Provider Name='Microsoft-Windows-Sysmon' Guid='{5770385F-C22A-43E0-BF4C-06F5698FFBD9}'/><EventID>13</EventID><Version>2</Version><Level>4</Level><Task>13</Task><Opcode>0</Opcode><Keywords>0x8000000000000000</Keywords><TimeCreated SystemTime='2023-09-14T09:18:14.629246100Z'/><EventRecordID>60235</EventRecordID><Correlation/><Execution ProcessID='2444' ThreadID='2820'/><Channel>Microsoft-Windows-Sysmon/Operational</Channel><Computer>ar-win-dc.attackrange.local</Computer><Security UserID='S-1-5-18'/></System><EventData><Data Name='RuleName'>T1060,RunKey</Data><Data Name='EventType'>SetValue</Data><Data Name='UtcTime'>2023-09-14 09:18:14.628</Data><Data Name='ProcessGuid'>{8814F3F5-CD65-6502-6A02-000000000F03}</Data><Data Name='ProcessId'>3764</Data><Data Name='Image'>C:\Users\Administrator\AppData\Local\Temp\server.com</Data><Data Name='TargetObject'>HKLM\SOFTWARE\WOW6432Node\Microsoft\Windows\CurrentVersion\Run\0ff91641118b8ba71feb1aa87725fe56</Data><Data Name='Details'>"C:\Users\Administrator\AppData\Local\Temp\server.com" ..</Data><Data Name='User'>ATTACKRANGE\Administrator</Data></EventData></Event>
<Event xmlns='http://schemas.microsoft.com/win/2004/08/events/event'><System><Provider Name='Microsoft-Windows-Sysmon' Guid='{5770385F-C22A-43E0-BF4C-06F5698FFBD9}'/><EventID>13</EventID><Version>2</Version><Level>4</Level><Task>13</Task><Opcode>0</Opcode><Keywords>0x8000000000000000</Keywords><TimeCreated SystemTime='2023-09-14T09:18:14.629187600Z'/><EventRecordID>60234</EventRecordID><Correlation/><Execution ProcessID='2444' ThreadID='2820'/><Channel>Microsoft-Windows-Sysmon/Operational</Channel><Computer>ar-win-dc.attackrange.local</Computer><Security UserID='S-1-5-18'/></System><EventData><Data Name='RuleName'>T1060,RunKey</Data><Data Name='EventType'>SetValue</Data><Data Name='UtcTime'>2023-09-14 09:18:14.628</Data><Data Name='ProcessGuid'>{8814F3F5-CD65-6502-6A02-000000000F03}</Data><Data Name='ProcessId'>3764</Data><Data Name='Image'>C:\Users\Administrator\AppData\Local\Temp\server.com</Data><Data Name='TargetObject'>HKU\S-1-5-21-2571799417-433382502-1180051742-500\SOFTWARE\Microsoft\Windows\CurrentVersion\Run\0ff91641118b8ba71feb1aa87725fe56</Data><Data Name='Details'>"C:\Users\Administrator\AppData\Local\Temp\server.com" ..</Data><Data Name='User'>ATTACKRANGE\Administrator</Data></EventData></Event>
<Event xmlns='http://schemas.microsoft.com/win/2004/08/events/event'><System><Provider Name='Microsoft-Windows-Sysmon' Guid='{5770385F-C22A-43E0-BF4C-06F5698FFBD9}'/><EventID>13</EventID><Version>2</Version><Level>4</Level><Task>13</Task><Opcode>0</Opcode><Keywords>0x8000000000000000</Keywords><TimeCreated SystemTime='2023-09-14T09:18:13.613790200Z'/><EventRecordID>60233</EventRecordID><Correlation/><Execution ProcessID='2444' ThreadID='2820'/><Channel>Microsoft-Windows-Sysmon/Operational</Channel><Computer>ar-win-dc.attackrange.local</Computer><Security UserID='S-1-5-18'/></System><EventData><Data Name='RuleName'>T1060,RunKey</Data><Data Name='EventType'>SetValue</Data><Data Name='UtcTime'>2023-09-14 09:18:13.613</Data><Data Name='ProcessGuid'>{8814F3F5-CD65-6502-6A02-000000000F03}</Data><Data Name='ProcessId'>3764</Data><Data Name='Image'>C:\Users\Administrator\AppData\Local\Temp\server.com</Data><Data Name='TargetObject'>HKLM\SOFTWARE\WOW6432Node\Microsoft\Windows\CurrentVersion\Run\0ff91641118b8ba71feb1aa87725fe56</Data><Data Name='Details'>"C:\Users\Administrator\AppData\Local\Temp\server.com" ..</Data><Data Name='User'>ATTACKRANGE\Administrator</Data></EventData></Event>
<Event xmlns='http://schemas.microsoft.com/win/2004/08/events/event'><System><Provider Name='Microsoft-Windows-Sysmon' Guid='{5770385F-C22A-43E0-BF4C-06F5698FFBD9}'/><EventID>13</EventID><Version>2</Version><Level>4</Level><Task>13</Task><Opcode>0</Opcode><Keywords>0x8000000000000000</Keywords><TimeCreated SystemTime='2023-09-14T09:18:13.613719700Z'/><EventRecordID>60232</EventRecordID><Correlation/><Execution ProcessID='2444' ThreadID='2820'/><Channel>Microsoft-Windows-Sysmon/Operational</Channel><Computer>ar-win-dc.attackrange.local</Computer><Security UserID='S-1-5-18'/></System><EventData><Data Name='RuleName'>T1060,RunKey</Data><Data Name='EventType'>SetValue</Data><Data Name='UtcTime'>2023-09-14 09:18:13.613</Data><Data Name='ProcessGuid'>{8814F3F5-CD65-6502-6A02-000000000F03}</Data><Data Name='ProcessId'>3764</Data><Data Name='Image'>C:\Users\Administrator\AppData\Local\Temp\server.com</Data><Data Name='TargetObject'>HKU\S-1-5-21-2571799417-433382502-1180051742-500\SOFTWARE\Microsoft\Windows\CurrentVersion\Run\0ff91641118b8ba71feb1aa87725fe56</Data><Data Name='Details'>"C:\Users\Administrator\AppData\Local\Temp\server.com" ..</Data><Data Name='User'>ATTACKRANGE\Administrator</Data></EventData></Event>
<Event xmlns='http://schemas.microsoft.com/win/2004/08/events/event'><System><Provider Name='Microsoft-Windows-Sysmon' Guid='{5770385F-C22A-43E0-BF4C-06F5698FFBD9}'/><EventID>13</EventID><Version>2</Version><Level>4</Level><Task>13</Task><Opcode>0</Opcode><Keywords>0x8000000000000000</Keywords><TimeCreated SystemTime='2023-09-14T09:18:12.598047500Z'/><EventRecordID>60231</EventRecordID><Correlation/><Execution ProcessID='2444' ThreadID='2820'/><Channel>Microsoft-Windows-Sysmon/Operational</Channel><Computer>ar-win-dc.attackrange.local</Computer><Security UserID='S-1-5-18'/></System><EventData><Data Name='RuleName'>T1060,RunKey</Data><Data Name='EventType'>SetValue</Data><Data Name='UtcTime'>2023-09-14 09:18:12.597</Data><Data Name='ProcessGuid'>{8814F3F5-CD65-6502-6A02-000000000F03}</Data><Data Name='ProcessId'>3764</Data><Data Name='Image'>C:\Users\Administrator\AppData\Local\Temp\server.com</Data><Data Name='TargetObject'>HKLM\SOFTWARE\WOW6432Node\Microsoft\Windows\CurrentVersion\Run\0ff91641118b8ba71feb1aa87725fe56</Data><Data Name='Details'>"C:\Users\Administrator\AppData\Local\Temp\server.com" ..</Data><Data Name='User'>ATTACKRANGE\Administrator</Data></EventData></Event>
<Event xmlns='http://schemas.microsoft.com/win/2004/08/events/event'><System><Provider Name='Microsoft-Windows-Sysmon' Guid='{5770385F-C22A-43E0-BF4C-06F5698FFBD9}'/><EventID>13</EventID><Version>2</Version><Level>4</Level><Task>13</Task><Opcode>0</Opcode><Keywords>0x8000000000000000</Keywords><TimeCreated SystemTime='2023-09-14T09:18:12.597981600Z'/><EventRecordID>60230</EventRecordID><Correlation/><Execution ProcessID='2444' ThreadID='2820'/><Channel>Microsoft-Windows-Sysmon/Operational</Channel><Computer>ar-win-dc.attackrange.local</Computer><Security UserID='S-1-5-18'/></System><EventData><Data Name='RuleName'>T1060,RunKey</Data><Data Name='EventType'>SetValue</Data><Data Name='UtcTime'>2023-09-14 09:18:12.597</Data><Data Name='ProcessGuid'>{8814F3F5-CD65-6502-6A02-000000000F03}</Data><Data Name='ProcessId'>3764</Data><Data Name='Image'>C:\Users\Administrator\AppData\Local\Temp\server.com</Data><Data Name='TargetObject'>HKU\S-1-5-21-2571799417-433382502-1180051742-500\SOFTWARE\Microsoft\Windows\CurrentVersion\Run\0ff91641118b8ba71feb1aa87725fe56</Data><Data Name='Details'>"C:\Users\Administrator\AppData\Local\Temp\server.com" ..</Data><Data Name='User'>ATTACKRANGE\Administrator</Data></EventData></Event>
<Event xmlns='http://schemas.microsoft.com/win/2004/08/events/event'><System><Provider Name='Microsoft-Windows-Sysmon' Guid='{5770385F-C22A-43E0-BF4C-06F5698FFBD9}'/><EventID>13</EventID><Version>2</Version><Level>4</Level><Task>13</Task><Opcode>0</Opcode><Keywords>0x8000000000000000</Keywords><TimeCreated SystemTime='2023-09-14T09:18:11.582379300Z'/><EventRecordID>60229</EventRecordID><Correlation/><Execution ProcessID='2444' ThreadID='2820'/><Channel>Microsoft-Windows-Sysmon/Operational</Channel><Computer>ar-win-dc.attackrange.local</Computer><Security UserID='S-1-5-18'/></System><EventData><Data Name='RuleName'>T1060,RunKey</Data><Data Name='EventType'>SetValue</Data><Data Name='UtcTime'>2023-09-14 09:18:11.581</Data><Data Name='ProcessGuid'>{8814F3F5-CD65-6502-6A02-000000000F03}</Data><Data Name='ProcessId'>3764</Data><Data Name='Image'>C:\Users\Administrator\AppData\Local\Temp\server.com</Data><Data Name='TargetObject'>HKLM\SOFTWARE\WOW6432Node\Microsoft\Windows\CurrentVersion\Run\0ff91641118b8ba71feb1aa87725fe56</Data><Data Name='Details'>"C:\Users\Administrator\AppData\Local\Temp\server.com" ..</Data><Data Name='User'>ATTACKRANGE\Administrator</Data></EventData></Event>
<Event xmlns='http://schemas.microsoft.com/win/2004/08/events/event'><System><Provider Name='Microsoft-Windows-Sysmon' Guid='{5770385F-C22A-43E0-BF4C-06F5698FFBD9}'/><EventID>13</EventID><Version>2</Version><Level>4</Level><Task>13</Task><Opcode>0</Opcode><Keywords>0x8000000000000000</Keywords><TimeCreated SystemTime='2023-09-14T09:18:11.582304800Z'/><EventRecordID>60228</EventRecordID><Correlation/><Execution ProcessID='2444' ThreadID='2820'/><Channel>Microsoft-Windows-Sysmon/Operational</Channel><Computer>ar-win-dc.attackrange.local</Computer><Security UserID='S-1-5-18'/></System><EventData><Data Name='RuleName'>T1060,RunKey</Data><Data Name='EventType'>SetValue</Data><Data Name='UtcTime'>2023-09-14 09:18:11.581</Data><Data Name='ProcessGuid'>{8814F3F5-CD65-6502-6A02-000000000F03}</Data><Data Name='ProcessId'>3764</Data><Data Name='Image'>C:\Users\Administrator\AppData\Local\Temp\server.com</Data><Data Name='TargetObject'>HKU\S-1-5-21-2571799417-433382502-1180051742-500\SOFTWARE\Microsoft\Windows\CurrentVersion\Run\0ff91641118b8ba71feb1aa87725fe56</Data><Data Name='Details'>"C:\Users\Administrator\AppData\Local\Temp\server.com" ..</Data><Data Name='User'>ATTACKRANGE\Administrator</Data></EventData></Event>
<Event xmlns='http://schemas.microsoft.com/win/2004/08/events/event'><System><Provider Name='Microsoft-Windows-Sysmon' Guid='{5770385F-C22A-43E0-BF4C-06F5698FFBD9}'/><EventID>13</EventID><Version>2</Version><Level>4</Level><Task>13</Task><Opcode>0</Opcode><Keywords>0x8000000000000000</Keywords><TimeCreated SystemTime='2023-09-14T09:18:10.567648800Z'/><EventRecordID>60226</EventRecordID><Correlation/><Execution ProcessID='2444' ThreadID='2820'/><Channel>Microsoft-Windows-Sysmon/Operational</Channel><Computer>ar-win-dc.attackrange.local</Computer><Security UserID='S-1-5-18'/></System><EventData><Data Name='RuleName'>T1060,RunKey</Data><Data Name='EventType'>SetValue</Data><Data Name='UtcTime'>2023-09-14 09:18:10.566</Data><Data Name='ProcessGuid'>{8814F3F5-CD65-6502-6A02-000000000F03}</Data><Data Name='ProcessId'>3764</Data><Data Name='Image'>C:\Users\Administrator\AppData\Local\Temp\server.com</Data><Data Name='TargetObject'>HKLM\SOFTWARE\WOW6432Node\Microsoft\Windows\CurrentVersion\Run\0ff91641118b8ba71feb1aa87725fe56</Data><Data Name='Details'>"C:\Users\Administrator\AppData\Local\Temp\server.com" ..</Data><Data Name='User'>ATTACKRANGE\Administrator</Data></EventData></Event>
<Event xmlns='http://schemas.microsoft.com/win/2004/08/events/event'><System><Provider Name='Microsoft-Windows-Sysmon' Guid='{5770385F-C22A-43E0-BF4C-06F5698FFBD9}'/><EventID>13</EventID><Version>2</Version><Level>4</Level><Task>13</Task><Opcode>0</Opcode><Keywords>0x8000000000000000</Keywords><TimeCreated SystemTime='2023-09-14T09:18:10.567166700Z'/><EventRecordID>60225</EventRecordID><Correlation/><Execution ProcessID='2444' ThreadID='2820'/><Channel>Microsoft-Windows-Sysmon/Operational</Channel><Computer>ar-win-dc.attackrange.local</Computer><Security UserID='S-1-5-18'/></System><EventData><Data Name='RuleName'>T1060,RunKey</Data><Data Name='EventType'>SetValue</Data><Data Name='UtcTime'>2023-09-14 09:18:10.566</Data><Data Name='ProcessGuid'>{8814F3F5-CD65-6502-6A02-000000000F03}</Data><Data Name='ProcessId'>3764</Data><Data Name='Image'>C:\Users\Administrator\AppData\Local\Temp\server.com</Data><Data Name='TargetObject'>HKU\S-1-5-21-2571799417-433382502-1180051742-500\SOFTWARE\Microsoft\Windows\CurrentVersion\Run\0ff91641118b8ba71feb1aa87725fe56</Data><Data Name='Details'>"C:\Users\Administrator\AppData\Local\Temp\server.com" ..</Data><Data Name='User'>ATTACKRANGE\Administrator</Data></EventData></Event>
<Event xmlns='http://schemas.microsoft.com/win/2004/08/events/event'><System><Provider Name='Microsoft-Windows-Sysmon' Guid='{5770385F-C22A-43E0-BF4C-06F5698FFBD9}'/><EventID>13</EventID><Version>2</Version><Level>4</Level><Task>13</Task><Opcode>0</Opcode><Keywords>0x8000000000000000</Keywords><TimeCreated SystemTime='2023-09-14T09:18:09.562500800Z'/><EventRecordID>60224</EventRecordID><Correlation/><Execution ProcessID='2444' ThreadID='2820'/><Channel>Microsoft-Windows-Sysmon/Operational</Channel><Computer>ar-win-dc.attackrange.local</Computer><Security UserID='S-1-5-18'/></System><EventData><Data Name='RuleName'>T1060,RunKey</Data><Data Name='EventType'>SetValue</Data><Data Name='UtcTime'>2023-09-14 09:18:09.551</Data><Data Name='ProcessGuid'>{8814F3F5-CD65-6502-6A02-000000000F03}</Data><Data Name='ProcessId'>3764</Data><Data Name='Image'>C:\Users\Administrator\AppData\Local\Temp\server.com</Data><Data Name='TargetObject'>HKLM\SOFTWARE\WOW6432Node\Microsoft\Windows\CurrentVersion\Run\0ff91641118b8ba71feb1aa87725fe56</Data><Data Name='Details'>"C:\Users\Administrator\AppData\Local\Temp\server.com" ..</Data><Data Name='User'>ATTACKRANGE\Administrator</Data></EventData></Event>
<Event xmlns='http://schemas.microsoft.com/win/2004/08/events/event'><System><Provider Name='Microsoft-Windows-Sysmon' Guid='{5770385F-C22A-43E0-BF4C-06F5698FFBD9}'/><EventID>13</EventID><Version>2</Version><Level>4</Level><Task>13</Task><Opcode>0</Opcode><Keywords>0x8000000000000000</Keywords><TimeCreated SystemTime='2023-09-14T09:18:09.562443100Z'/><EventRecordID>60223</EventRecordID><Correlation/><Execution ProcessID='2444' ThreadID='2820'/><Channel>Microsoft-Windows-Sysmon/Operational</Channel><Computer>ar-win-dc.attackrange.local</Computer><Security UserID='S-1-5-18'/></System><EventData><Data Name='RuleName'>T1060,RunKey</Data><Data Name='EventType'>SetValue</Data><Data Name='UtcTime'>2023-09-14 09:18:09.551</Data><Data Name='ProcessGuid'>{8814F3F5-CD65-6502-6A02-000000000F03}</Data><Data Name='ProcessId'>3764</Data><Data Name='Image'>C:\Users\Administrator\AppData\Local\Temp\server.com</Data><Data Name='TargetObject'>HKU\S-1-5-21-2571799417-433382502-1180051742-500\SOFTWARE\Microsoft\Windows\CurrentVersion\Run\0ff91641118b8ba71feb1aa87725fe56</Data><Data Name='Details'>"C:\Users\Administrator\AppData\Local\Temp\server.com" ..</Data><Data Name='User'>ATTACKRANGE\Administrator</Data></EventData></Event>
<Event xmlns='http://schemas.microsoft.com/win/2004/08/events/event'><System><Provider Name='Microsoft-Windows-Sysmon' Guid='{5770385F-C22A-43E0-BF4C-06F5698FFBD9}'/><EventID>13</EventID><Version>2</Version><Level>4</Level><Task>13</Task><Opcode>0</Opcode><Keywords>0x8000000000000000</Keywords><TimeCreated SystemTime='2023-09-14T09:18:08.535476100Z'/><EventRecordID>60222</EventRecordID><Correlation/><Execution ProcessID='2444' ThreadID='2820'/><Channel>Microsoft-Windows-Sysmon/Operational</Channel><Computer>ar-win-dc.attackrange.local</Computer><Security UserID='S-1-5-18'/></System><EventData><Data Name='RuleName'>T1060,RunKey</Data><Data Name='EventType'>SetValue</Data><Data Name='UtcTime'>2023-09-14 09:18:08.534</Data><Data Name='ProcessGuid'>{8814F3F5-CD65-6502-6A02-000000000F03}</Data><Data Name='ProcessId'>3764</Data><Data Name='Image'>C:\Users\Administrator\AppData\Local\Temp\server.com</Data><Data Name='TargetObject'>HKLM\SOFTWARE\WOW6432Node\Microsoft\Windows\CurrentVersion\Run\0ff91641118b8ba71feb1aa87725fe56</Data><Data Name='Details'>"C:\Users\Administrator\AppData\Local\Temp\server.com" ..</Data><Data Name='User'>ATTACKRANGE\Administrator</Data></EventData></Event>
<Event xmlns='http://schemas.microsoft.com/win/2004/08/events/event'><System><Provider Name='Microsoft-Windows-Sysmon' Guid='{5770385F-C22A-43E0-BF4C-06F5698FFBD9}'/><EventID>13</EventID><Version>2</Version><Level>4</Level><Task>13</Task><Opcode>0</Opcode><Keywords>0x8000000000000000</Keywords><TimeCreated SystemTime='2023-09-14T09:18:08.535395800Z'/><EventRecordID>60221</EventRecordID><Correlation/><Execution ProcessID='2444' ThreadID='2820'/><Channel>Microsoft-Windows-Sysmon/Operational</Channel><Computer>ar-win-dc.attackrange.local</Computer><Security UserID='S-1-5-18'/></System><EventData><Data Name='RuleName'>T1060,RunKey</Data><Data Name='EventType'>SetValue</Data><Data Name='UtcTime'>2023-09-14 09:18:08.534</Data><Data Name='ProcessGuid'>{8814F3F5-CD65-6502-6A02-000000000F03}</Data><Data Name='ProcessId'>3764</Data><Data Name='Image'>C:\Users\Administrator\AppData\Local\Temp\server.com</Data><Data Name='TargetObject'>HKU\S-1-5-21-2571799417-433382502-1180051742-500\SOFTWARE\Microsoft\Windows\CurrentVersion\Run\0ff91641118b8ba71feb1aa87725fe56</Data><Data Name='Details'>"C:\Users\Administrator\AppData\Local\Temp\server.com" ..</Data><Data Name='User'>ATTACKRANGE\Administrator</Data></EventData></Event>
<Event xmlns='http://schemas.microsoft.com/win/2004/08/events/event'><System><Provider Name='Microsoft-Windows-Sysmon' Guid='{5770385F-C22A-43E0-BF4C-06F5698FFBD9}'/><EventID>13</EventID><Version>2</Version><Level>4</Level><Task>13</Task><Opcode>0</Opcode><Keywords>0x8000000000000000</Keywords><TimeCreated SystemTime='2023-09-14T09:18:07.519766500Z'/><EventRecordID>60220</EventRecordID><Correlation/><Execution ProcessID='2444' ThreadID='2820'/><Channel>Microsoft-Windows-Sysmon/Operational</Channel><Computer>ar-win-dc.attackrange.local</Computer><Security UserID='S-1-5-18'/></System><EventData><Data Name='RuleName'>T1060,RunKey</Data><Data Name='EventType'>SetValue</Data><Data Name='UtcTime'>2023-09-14 09:18:07.519</Data><Data Name='ProcessGuid'>{8814F3F5-CD65-6502-6A02-000000000F03}</Data><Data Name='ProcessId'>3764</Data><Data Name='Image'>C:\Users\Administrator\AppData\Local\Temp\server.com</Data><Data Name='TargetObject'>HKLM\SOFTWARE\WOW6432Node\Microsoft\Windows\CurrentVersion\Run\0ff91641118b8ba71feb1aa87725fe56</Data><Data Name='Details'>"C:\Users\Administrator\AppData\Local\Temp\server.com" ..</Data><Data Name='User'>ATTACKRANGE\Administrator</Data></EventData></Event>
<Event xmlns='http://schemas.microsoft.com/win/2004/08/events/event'><System><Provider Name='Microsoft-Windows-Sysmon' Guid='{5770385F-C22A-43E0-BF4C-06F5698FFBD9}'/><EventID>13</EventID><Version>2</Version><Level>4</Level><Task>13</Task><Opcode>0</Opcode><Keywords>0x8000000000000000</Keywords><TimeCreated SystemTime='2023-09-14T09:18:07.519709600Z'/><EventRecordID>60219</EventRecordID><Correlation/><Execution ProcessID='2444' ThreadID='2820'/><Channel>Microsoft-Windows-Sysmon/Operational</Channel><Computer>ar-win-dc.attackrange.local</Computer><Security UserID='S-1-5-18'/></System><EventData><Data Name='RuleName'>T1060,RunKey</Data><Data Name='EventType'>SetValue</Data><Data Name='UtcTime'>2023-09-14 09:18:07.519</Data><Data Name='ProcessGuid'>{8814F3F5-CD65-6502-6A02-000000000F03}</Data><Data Name='ProcessId'>3764</Data><Data Name='Image'>C:\Users\Administrator\AppData\Local\Temp\server.com</Data><Data Name='TargetObject'>HKU\S-1-5-21-2571799417-433382502-1180051742-500\SOFTWARE\Microsoft\Windows\CurrentVersion\Run\0ff91641118b8ba71feb1aa87725fe56</Data><Data Name='Details'>"C:\Users\Administrator\AppData\Local\Temp\server.com" ..</Data><Data Name='User'>ATTACKRANGE\Administrator</Data></EventData></Event>
<Event xmlns='http://schemas.microsoft.com/win/2004/08/events/event'><System><Provider Name='Microsoft-Windows-Sysmon' Guid='{5770385F-C22A-43E0-BF4C-06F5698FFBD9}'/><EventID>13</EventID><Version>2</Version><Level>4</Level><Task>13</Task><Opcode>0</Opcode><Keywords>0x8000000000000000</Keywords><TimeCreated SystemTime='2023-09-14T09:18:06.504452600Z'/><EventRecordID>60218</EventRecordID><Correlation/><Execution ProcessID='2444' ThreadID='2820'/><Channel>Microsoft-Windows-Sysmon/Operational</Channel><Computer>ar-win-dc.attackrange.local</Computer><Security UserID='S-1-5-18'/></System><EventData><Data Name='RuleName'>T1060,RunKey</Data><Data Name='EventType'>SetValue</Data><Data Name='UtcTime'>2023-09-14 09:18:06.503</Data><Data Name='ProcessGuid'>{8814F3F5-CD65-6502-6A02-000000000F03}</Data><Data Name='ProcessId'>3764</Data><Data Name='Image'>C:\Users\Administrator\AppData\Local\Temp\server.com</Data><Data Name='TargetObject'>HKLM\SOFTWARE\WOW6432Node\Microsoft\Windows\CurrentVersion\Run\0ff91641118b8ba71feb1aa87725fe56</Data><Data Name='Details'>"C:\Users\Administrator\AppData\Local\Temp\server.com" ..</Data><Data Name='User'>ATTACKRANGE\Administrator</Data></EventData></Event>
<Event xmlns='http://schemas.microsoft.com/win/2004/08/events/event'><System><Provider Name='Microsoft-Windows-Sysmon' Guid='{5770385F-C22A-43E0-BF4C-06F5698FFBD9}'/><EventID>13</EventID><Version>2</Version><Level>4</Level><Task>13</Task><Opcode>0</Opcode><Keywords>0x8000000000000000</Keywords><TimeCreated SystemTime='2023-09-14T09:18:06.504391200Z'/><EventRecordID>60217</EventRecordID><Correlation/><Execution ProcessID='2444' ThreadID='2820'/><Channel>Microsoft-Windows-Sysmon/Operational</Channel><Computer>ar-win-dc.attackrange.local</Computer><Security UserID='S-1-5-18'/></System><EventData><Data Name='RuleName'>T1060,RunKey</Data><Data Name='EventType'>SetValue</Data><Data Name='UtcTime'>2023-09-14 09:18:06.503</Data><Data Name='ProcessGuid'>{8814F3F5-CD65-6502-6A02-000000000F03}</Data><Data Name='ProcessId'>3764</Data><Data Name='Image'>C:\Users\Administrator\AppData\Local\Temp\server.com</Data><Data Name='TargetObject'>HKU\S-1-5-21-2571799417-433382502-1180051742-500\SOFTWARE\Microsoft\Windows\CurrentVersion\Run\0ff91641118b8ba71feb1aa87725fe56</Data><Data Name='Details'>"C:\Users\Administrator\AppData\Local\Temp\server.com" ..</Data><Data Name='User'>ATTACKRANGE\Administrator</Data></EventData></Event>
<Event xmlns='http://schemas.microsoft.com/win/2004/08/events/event'><System><Provider Name='Microsoft-Windows-Sysmon' Guid='{5770385F-C22A-43E0-BF4C-06F5698FFBD9}'/><EventID>13</EventID><Version>2</Version><Level>4</Level><Task>13</Task><Opcode>0</Opcode><Keywords>0x8000000000000000</Keywords><TimeCreated SystemTime='2023-09-14T09:18:05.488582200Z'/><EventRecordID>60216</EventRecordID><Correlation/><Execution ProcessID='2444' ThreadID='2820'/><Channel>Microsoft-Windows-Sysmon/Operational</Channel><Computer>ar-win-dc.attackrange.local</Computer><Security UserID='S-1-5-18'/></System><EventData><Data Name='RuleName'>T1060,RunKey</Data><Data Name='EventType'>SetValue</Data><Data Name='UtcTime'>2023-09-14 09:18:05.488</Data><Data Name='ProcessGuid'>{8814F3F5-CD65-6502-6A02-000000000F03}</Data><Data Name='ProcessId'>3764</Data><Data Name='Image'>C:\Users\Administrator\AppData\Local\Temp\server.com</Data><Data Name='TargetObject'>HKLM\SOFTWARE\WOW6432Node\Microsoft\Windows\CurrentVersion\Run\0ff91641118b8ba71feb1aa87725fe56</Data><Data Name='Details'>"C:\Users\Administrator\AppData\Local\Temp\server.com" ..</Data><Data Name='User'>ATTACKRANGE\Administrator</Data></EventData></Event>
<Event xmlns='http://schemas.microsoft.com/win/2004/08/events/event'><System><Provider Name='Microsoft-Windows-Sysmon' Guid='{5770385F-C22A-43E0-BF4C-06F5698FFBD9}'/><EventID>13</EventID><Version>2</Version><Level>4</Level><Task>13</Task><Opcode>0</Opcode><Keywords>0x8000000000000000</Keywords><TimeCreated SystemTime='2023-09-14T09:18:05.488504800Z'/><EventRecordID>60215</EventRecordID><Correlation/><Execution ProcessID='2444' ThreadID='2820'/><Channel>Microsoft-Windows-Sysmon/Operational</Channel><Computer>ar-win-dc.attackrange.local</Computer><Security UserID='S-1-5-18'/></System><EventData><Data Name='RuleName'>T1060,RunKey</Data><Data Name='EventType'>SetValue</Data><Data Name='UtcTime'>2023-09-14 09:18:05.488</Data><Data Name='ProcessGuid'>{8814F3F5-CD65-6502-6A02-000000000F03}</Data><Data Name='ProcessId'>3764</Data><Data Name='Image'>C:\Users\Administrator\AppData\Local\Temp\server.com</Data><Data Name='TargetObject'>HKU\S-1-5-21-2571799417-433382502-1180051742-500\SOFTWARE\Microsoft\Windows\CurrentVersion\Run\0ff91641118b8ba71feb1aa87725fe56</Data><Data Name='Details'>"C:\Users\Administrator\AppData\Local\Temp\server.com" ..</Data><Data Name='User'>ATTACKRANGE\Administrator</Data></EventData></Event>
<Event xmlns='http://schemas.microsoft.com/win/2004/08/events/event'><System><Provider Name='Microsoft-Windows-Sysmon' Guid='{5770385F-C22A-43E0-BF4C-06F5698FFBD9}'/><EventID>13</EventID><Version>2</Version><Level>4</Level><Task>13</Task><Opcode>0</Opcode><Keywords>0x8000000000000000</Keywords><TimeCreated SystemTime='2023-09-14T09:18:04.472990600Z'/><EventRecordID>60214</EventRecordID><Correlation/><Execution ProcessID='2444' ThreadID='2820'/><Channel>Microsoft-Windows-Sysmon/Operational</Channel><Computer>ar-win-dc.attackrange.local</Computer><Security UserID='S-1-5-18'/></System><EventData><Data Name='RuleName'>T1060,RunKey</Data><Data Name='EventType'>SetValue</Data><Data Name='UtcTime'>2023-09-14 09:18:04.472</Data><Data Name='ProcessGuid'>{8814F3F5-CD65-6502-6A02-000000000F03}</Data><Data Name='ProcessId'>3764</Data><Data Name='Image'>C:\Users\Administrator\AppData\Local\Temp\server.com</Data><Data Name='TargetObject'>HKLM\SOFTWARE\WOW6432Node\Microsoft\Windows\CurrentVersion\Run\0ff91641118b8ba71feb1aa87725fe56</Data><Data Name='Details'>"C:\Users\Administrator\AppData\Local\Temp\server.com" ..</Data><Data Name='User'>ATTACKRANGE\Administrator</Data></EventData></Event>
<Event xmlns='http://schemas.microsoft.com/win/2004/08/events/event'><System><Provider Name='Microsoft-Windows-Sysmon' Guid='{5770385F-C22A-43E0-BF4C-06F5698FFBD9}'/><EventID>13</EventID><Version>2</Version><Level>4</Level><Task>13</Task><Opcode>0</Opcode><Keywords>0x8000000000000000</Keywords><TimeCreated SystemTime='2023-09-14T09:18:04.472930000Z'/><EventRecordID>60213</EventRecordID><Correlation/><Execution ProcessID='2444' ThreadID='2820'/><Channel>Microsoft-Windows-Sysmon/Operational</Channel><Computer>ar-win-dc.attackrange.local</Computer><Security UserID='S-1-5-18'/></System><EventData><Data Name='RuleName'>T1060,RunKey</Data><Data Name='EventType'>SetValue</Data><Data Name='UtcTime'>2023-09-14 09:18:04.472</Data><Data Name='ProcessGuid'>{8814F3F5-CD65-6502-6A02-000000000F03}</Data><Data Name='ProcessId'>3764</Data><Data Name='Image'>C:\Users\Administrator\AppData\Local\Temp\server.com</Data><Data Name='TargetObject'>HKU\S-1-5-21-2571799417-433382502-1180051742-500\SOFTWARE\Microsoft\Windows\CurrentVersion\Run\0ff91641118b8ba71feb1aa87725fe56</Data><Data Name='Details'>"C:\Users\Administrator\AppData\Local\Temp\server.com" ..</Data><Data Name='User'>ATTACKRANGE\Administrator</Data></EventData></Event>
<Event xmlns='http://schemas.microsoft.com/win/2004/08/events/event'><System><Provider Name='Microsoft-Windows-Sysmon' Guid='{5770385F-C22A-43E0-BF4C-06F5698FFBD9}'/><EventID>13</EventID><Version>2</Version><Level>4</Level><Task>13</Task><Opcode>0</Opcode><Keywords>0x8000000000000000</Keywords><TimeCreated SystemTime='2023-09-14T09:18:03.457280300Z'/><EventRecordID>60212</EventRecordID><Correlation/><Execution ProcessID='2444' ThreadID='2820'/><Channel>Microsoft-Windows-Sysmon/Operational</Channel><Computer>ar-win-dc.attackrange.local</Computer><Security UserID='S-1-5-18'/></System><EventData><Data Name='RuleName'>T1060,RunKey</Data><Data Name='EventType'>SetValue</Data><Data Name='UtcTime'>2023-09-14 09:18:03.456</Data><Data Name='ProcessGuid'>{8814F3F5-CD65-6502-6A02-000000000F03}</Data><Data Name='ProcessId'>3764</Data><Data Name='Image'>C:\Users\Administrator\AppData\Local\Temp\server.com</Data><Data Name='TargetObject'>HKLM\SOFTWARE\WOW6432Node\Microsoft\Windows\CurrentVersion\Run\0ff91641118b8ba71feb1aa87725fe56</Data><Data Name='Details'>"C:\Users\Administrator\AppData\Local\Temp\server.com" ..</Data><Data Name='User'>ATTACKRANGE\Administrator</Data></EventData></Event>
<Event xmlns='http://schemas.microsoft.com/win/2004/08/events/event'><System><Provider Name='Microsoft-Windows-Sysmon' Guid='{5770385F-C22A-43E0-BF4C-06F5698FFBD9}'/><EventID>13</EventID><Version>2</Version><Level>4</Level><Task>13</Task><Opcode>0</Opcode><Keywords>0x8000000000000000</Keywords><TimeCreated SystemTime='2023-09-14T09:18:03.457216800Z'/><EventRecordID>60211</EventRecordID><Correlation/><Execution ProcessID='2444' ThreadID='2820'/><Channel>Microsoft-Windows-Sysmon/Operational</Channel><Computer>ar-win-dc.attackrange.local</Computer><Security UserID='S-1-5-18'/></System><EventData><Data Name='RuleName'>T1060,RunKey</Data><Data Name='EventType'>SetValue</Data><Data Name='UtcTime'>2023-09-14 09:18:03.456</Data><Data Name='ProcessGuid'>{8814F3F5-CD65-6502-6A02-000000000F03}</Data><Data Name='ProcessId'>3764</Data><Data Name='Image'>C:\Users\Administrator\AppData\Local\Temp\server.com</Data><Data Name='TargetObject'>HKU\S-1-5-21-2571799417-433382502-1180051742-500\SOFTWARE\Microsoft\Windows\CurrentVersion\Run\0ff91641118b8ba71feb1aa87725fe56</Data><Data Name='Details'>"C:\Users\Administrator\AppData\Local\Temp\server.com" ..</Data><Data Name='User'>ATTACKRANGE\Administrator</Data></EventData></Event>
<Event xmlns='http://schemas.microsoft.com/win/2004/08/events/event'><System><Provider Name='Microsoft-Windows-Sysmon' Guid='{5770385F-C22A-43E0-BF4C-06F5698FFBD9}'/><EventID>13</EventID><Version>2</Version><Level>4</Level><Task>13</Task><Opcode>0</Opcode><Keywords>0x8000000000000000</Keywords><TimeCreated SystemTime='2023-09-14T09:18:02.446523200Z'/><EventRecordID>60210</EventRecordID><Correlation/><Execution ProcessID='2444' ThreadID='2820'/><Channel>Microsoft-Windows-Sysmon/Operational</Channel><Computer>ar-win-dc.attackrange.local</Computer><Security UserID='S-1-5-18'/></System><EventData><Data Name='RuleName'>T1060,RunKey</Data><Data Name='EventType'>SetValue</Data><Data Name='UtcTime'>2023-09-14 09:18:02.445</Data><Data Name='ProcessGuid'>{8814F3F5-CD65-6502-6A02-000000000F03}</Data><Data Name='ProcessId'>3764</Data><Data Name='Image'>C:\Users\Administrator\AppData\Local\Temp\server.com</Data><Data Name='TargetObject'>HKLM\SOFTWARE\WOW6432Node\Microsoft\Windows\CurrentVersion\Run\0ff91641118b8ba71feb1aa87725fe56</Data><Data Name='Details'>"C:\Users\Administrator\AppData\Local\Temp\server.com" ..</Data><Data Name='User'>ATTACKRANGE\Administrator</Data></EventData></Event>
<Event xmlns='http://schemas.microsoft.com/win/2004/08/events/event'><System><Provider Name='Microsoft-Windows-Sysmon' Guid='{5770385F-C22A-43E0-BF4C-06F5698FFBD9}'/><EventID>13</EventID><Version>2</Version><Level>4</Level><Task>13</Task><Opcode>0</Opcode><Keywords>0x8000000000000000</Keywords><TimeCreated SystemTime='2023-09-14T09:18:02.446447400Z'/><EventRecordID>60209</EventRecordID><Correlation/><Execution ProcessID='2444' ThreadID='2820'/><Channel>Microsoft-Windows-Sysmon/Operational</Channel><Computer>ar-win-dc.attackrange.local</Computer><Security UserID='S-1-5-18'/></System><EventData><Data Name='RuleName'>T1060,RunKey</Data><Data Name='EventType'>SetValue</Data><Data Name='UtcTime'>2023-09-14 09:18:02.445</Data><Data Name='ProcessGuid'>{8814F3F5-CD65-6502-6A02-000000000F03}</Data><Data Name='ProcessId'>3764</Data><Data Name='Image'>C:\Users\Administrator\AppData\Local\Temp\server.com</Data><Data Name='TargetObject'>HKU\S-1-5-21-2571799417-433382502-1180051742-500\SOFTWARE\Microsoft\Windows\CurrentVersion\Run\0ff91641118b8ba71feb1aa87725fe56</Data><Data Name='Details'>"C:\Users\Administrator\AppData\Local\Temp\server.com" ..</Data><Data Name='User'>ATTACKRANGE\Administrator</Data></EventData></Event>
<Event xmlns='http://schemas.microsoft.com/win/2004/08/events/event'><System><Provider Name='Microsoft-Windows-Sysmon' Guid='{5770385F-C22A-43E0-BF4C-06F5698FFBD9}'/><EventID>13</EventID><Version>2</Version><Level>4</Level><Task>13</Task><Opcode>0</Opcode><Keywords>0x8000000000000000</Keywords><TimeCreated SystemTime='2023-09-14T09:18:01.438139900Z'/><EventRecordID>60208</EventRecordID><Correlation/><Execution ProcessID='2444' ThreadID='2820'/><Channel>Microsoft-Windows-Sysmon/Operational</Channel><Computer>ar-win-dc.attackrange.local</Computer><Security UserID='S-1-5-18'/></System><EventData><Data Name='RuleName'>T1060,RunKey</Data><Data Name='EventType'>SetValue</Data><Data Name='UtcTime'>2023-09-14 09:18:01.435</Data><Data Name='ProcessGuid'>{8814F3F5-CD65-6502-6A02-000000000F03}</Data><Data Name='ProcessId'>3764</Data><Data Name='Image'>C:\Users\Administrator\AppData\Local\Temp\server.com</Data><Data Name='TargetObject'>HKLM\SOFTWARE\WOW6432Node\Microsoft\Windows\CurrentVersion\Run\0ff91641118b8ba71feb1aa87725fe56</Data><Data Name='Details'>"C:\Users\Administrator\AppData\Local\Temp\server.com" ..</Data><Data Name='User'>ATTACKRANGE\Administrator</Data></EventData></Event>
<Event xmlns='http://schemas.microsoft.com/win/2004/08/events/event'><System><Provider Name='Microsoft-Windows-Sysmon' Guid='{5770385F-C22A-43E0-BF4C-06F5698FFBD9}'/><EventID>13</EventID><Version>2</Version><Level>4</Level><Task>13</Task><Opcode>0</Opcode><Keywords>0x8000000000000000</Keywords><TimeCreated SystemTime='2023-09-14T09:18:01.438071900Z'/><EventRecordID>60207</EventRecordID><Correlation/><Execution ProcessID='2444' ThreadID='2820'/><Channel>Microsoft-Windows-Sysmon/Operational</Channel><Computer>ar-win-dc.attackrange.local</Computer><Security UserID='S-1-5-18'/></System><EventData><Data Name='RuleName'>T1060,RunKey</Data><Data Name='EventType'>SetValue</Data><Data Name='UtcTime'>2023-09-14 09:18:01.435</Data><Data Name='ProcessGuid'>{8814F3F5-CD65-6502-6A02-000000000F03}</Data><Data Name='ProcessId'>3764</Data><Data Name='Image'>C:\Users\Administrator\AppData\Local\Temp\server.com</Data><Data Name='TargetObject'>HKU\S-1-5-21-2571799417-433382502-1180051742-500\SOFTWARE\Microsoft\Windows\CurrentVersion\Run\0ff91641118b8ba71feb1aa87725fe56</Data><Data Name='Details'>"C:\Users\Administrator\AppData\Local\Temp\server.com" ..</Data><Data Name='User'>ATTACKRANGE\Administrator</Data></EventData></Event>
<Event xmlns='http://schemas.microsoft.com/win/2004/08/events/event'><System><Provider Name='Microsoft-Windows-Sysmon' Guid='{5770385F-C22A-43E0-BF4C-06F5698FFBD9}'/><EventID>13</EventID><Version>2</Version><Level>4</Level><Task>13</Task><Opcode>0</Opcode><Keywords>0x8000000000000000</Keywords><TimeCreated SystemTime='2023-09-14T09:18:00.577644700Z'/><EventRecordID>60206</EventRecordID><Correlation/><Execution ProcessID='2444' ThreadID='2820'/><Channel>Microsoft-Windows-Sysmon/Operational</Channel><Computer>ar-win-dc.attackrange.local</Computer><Security UserID='S-1-5-18'/></System><EventData><Data Name='RuleName'>T1484</Data><Data Name='EventType'>SetValue</Data><Data Name='UtcTime'>2023-09-14 09:18:00.577</Data><Data Name='ProcessGuid'>{8814F3F5-CD65-6502-6A02-000000000F03}</Data><Data Name='ProcessId'>3764</Data><Data Name='Image'>C:\Users\Administrator\AppData\Local\Temp\server.com</Data><Data Name='TargetObject'>HKU\S-1-5-21-2571799417-433382502-1180051742-500\SOFTWARE\0ff91641118b8ba71feb1aa87725fe56\[kl]</Data><Data Name='Details'>%%temp%%[ENTER]
r%%[Back][Back][Back]e
\x0123/09/12 notepad++ *C:\Program Files\ansible\SwiftOnSecurity.xml - Notepad++ [Administrator]\x01
[ENTER]
[Back][Back][Back]com
\x0123/09/12 cmd Administrator: C:\Windows\system32\cmd.exe\x01
Sysmon64[TAP]
 -c 
\x0123/09/12 cmd Administrator: C:\Windows\system32\cmd.exe - Sysmon64.exe  -c "C:\Program Files\ansible\SwiftOnSecurity.xml"\x01
[ENTER]
rregedit[ENTER]

\x0123/09/14 notepad++ *C:\Program Files\ansible\SwiftOnSecurity.xml - Notepad++ [Administrator]\x01
[Back][
\x0123/09/14 cmd Administrator: C:\Windows\system32\cmd.exe\x01
Sysmon6[TAP]
 -c 
\x0123/09/14 cmd Administrator: C:\Windows\system32\cmd.exe - Sysmon64.exe  -c "C:\Program Files\ansible\SwiftOnSecurity.xml"\x01
[ENTER]

\x0123/09/14 notepad++ *C:\Program Files\ansible\SwiftOnSecurity.xml - Notepad++ [Administrator]\x01
[Back]4d 5a 90 00s
\x0123/09/14 cmd Administrator: C:\Windows\system32\cmd.exe - Sysmon64.exe  -c "C:\Program Files\ansible\SwiftOnSecurity.xml"\x01
[ENTER]
</Data><Data Name='User'>ATTACKRANGE\Administrator</Data></EventData></Event>
<Event xmlns='http://schemas.microsoft.com/win/2004/08/events/event'><System><Provider Name='Microsoft-Windows-Sysmon' Guid='{5770385F-C22A-43E0-BF4C-06F5698FFBD9}'/><EventID>13</EventID><Version>2</Version><Level>4</Level><Task>13</Task><Opcode>0</Opcode><Keywords>0x8000000000000000</Keywords><TimeCreated SystemTime='2023-09-14T09:18:00.421022500Z'/><EventRecordID>60205</EventRecordID><Correlation/><Execution ProcessID='2444' ThreadID='2820'/><Channel>Microsoft-Windows-Sysmon/Operational</Channel><Computer>ar-win-dc.attackrange.local</Computer><Security UserID='S-1-5-18'/></System><EventData><Data Name='RuleName'>T1060,RunKey</Data><Data Name='EventType'>SetValue</Data><Data Name='UtcTime'>2023-09-14 09:18:00.420</Data><Data Name='ProcessGuid'>{8814F3F5-CD65-6502-6A02-000000000F03}</Data><Data Name='ProcessId'>3764</Data><Data Name='Image'>C:\Users\Administrator\AppData\Local\Temp\server.com</Data><Data Name='TargetObject'>HKLM\SOFTWARE\WOW6432Node\Microsoft\Windows\CurrentVersion\Run\0ff91641118b8ba71feb1aa87725fe56</Data><Data Name='Details'>"C:\Users\Administrator\AppData\Local\Temp\server.com" ..</Data><Data Name='User'>ATTACKRANGE\Administrator</Data></EventData></Event>
