09/10/2021 03:09:48 PM
LogName=Microsoft-Windows-PowerShell/Operational
SourceName=Microsoft-Windows-PowerShell
EventCode=4104
EventType=3
Type=Warning
ComputerName=win-host-987.attackrange.local
User=NOT_TRANSLATED
Sid=S-1-5-21-1166625382-1442148322-2337405042-2397
SidType=0
TaskCategory=Execute a Remote Command
OpCode=On create calls
RecordNumber=2137842
Keywords=None
Message=Creating Scriptblock text (3 of 4):
     {
    $__cmdletization_queryBuilder = $__cmdletization_objectModelWrapper.GetQueryBuilder()
    if ($PSBoundParameters.ContainsKey('SettingName') -and (@('ByName') -contains $PSCmdlet.ParameterSetName )) {
        $__cmdletization_values = @(${SettingName})
        $__cmdletization_queryBuilder.FilterByProperty('SettingName', $__cmdletization_values, $true, 'Default')
    }


    $__cmdletization_methodParameters = [System.Collections.Generic.List[Microsoft.PowerShell.Cmdletization.MethodParameter]]::new()
    switch -exact ($PSCmdlet.ParameterSetName) { 
        { @('ByName', 'InputObject (cdxml)') -contains $_ } {
          [object]$__cmdletization_defaultValue = $null
          [object]$__cmdletization_defaultValueIsPresent = $false
          if ($PSBoundParameters.ContainsKey('MinRtoMs')) {
            [object]$__cmdletization_value = ${MinRtoMs}
            $__cmdletization_methodParameter = [Microsoft.PowerShell.Cmdletization.MethodParameter]@{Name = 'MinRto'; ParameterType = 'System.UInt32'; Bindings = 'In'; Value = $__cmdletization_value; IsValuePresent = $true}
          } else {
            $__cmdletization_methodParameter = [Microsoft.PowerShell.Cmdletization.MethodParameter]@{Name = 'MinRto'; ParameterType = 'System.UInt32'; Bindings = 'In'; Value = $__cmdletization_defaultValue; IsValuePresent = $__cmdletization_defaultValueIsPresent}
          }
          $__cmdletization_methodParameters.Add($__cmdletization_methodParameter)

          [object]$__cmdletization_defaultValue = $null
          [object]$__cmdletization_defaultValueIsPresent = $false
          if ($PSBoundParameters.ContainsKey('InitialCongestionWindowMss')) {
            [object]$__cmdletization_value = ${InitialCongestionWindowMss}
            $__cmdletization_methodParameter = [Microsoft.PowerShell.Cmdletization.MethodParameter]@{Name = 'InitialCongestionWindow'; ParameterType = 'System.UInt32'; Bindings = 'In'; Value = $__cmdletization_value; IsValuePresent = $true}
          } else {
            $__cmdletization_methodParameter = [Microsoft.PowerShell.Cmdletization.MethodParameter]@{Name = 'InitialCongestionWindow'; ParameterType = 'System.UInt32'; Bindings = 'In'; Value = $__cmdletization_defaultValue; IsValuePresent = $__cmdletization_defaultValueIsPresent}
          }
          $__cmdletization_methodParameters.Add($__cmdletization_methodParameter)

          [object]$__cmdletization_defaultValue = $null
          [object]$__cmdletization_defaultValueIsPresent = $false
          if ($PSBoundParameters.ContainsKey('CongestionProvider')) {
            [object]$__cmdletization_value = ${CongestionProvider}
            $__cmdletization_methodParameter = [Microsoft.PowerShell.Cmdletization.MethodParameter]@{Name = 'CongestionProvider'; ParameterType = 'Microsoft.PowerShell.Cmdletization.GeneratedTypes.NetTCPSetting.CongestionProvider'; Bindings = 'In'; Value = $__cmdletization_value; IsValuePresent = $true}
          } else {
            $__cmdletization_methodParameter = [Microsoft.PowerShell.Cmdletization.MethodParameter]@{Name = 'CongestionProvider'; ParameterType = 'Microsoft.PowerShell.Cmdletization.GeneratedTypes.NetTCPSetting.CongestionProvider'; Bindings = 'In'; Value = $__cmdletization_defaultValue; IsValuePresent = $__cmdletization_defaultValueIsPresent}
          }
          $__cmdletization_methodParameters.Add($__cmdletization_methodParameter)

          [object]$__cmdletization_defaultValue = $null
          [object]$__cmdletization_defaultValueIsPresent = $false
          if ($PSBoundParameters.ContainsKey('CwndRestart')) {
            [object]$__cmdletization_value = ${CwndRestart}
            $__cmdletization_methodParameter = [Microsoft.PowerShell.Cmdletization.MethodParameter]@{Name = 'CwndRestart'; ParameterType = 'Microsoft.PowerShell.Cmdletization.GeneratedTypes.NetTCPSetting.CwndRestart'; Bindings = 'In'; Value = $__cmdletization_value; IsValuePresent = $true}
          } else {
            $__cmdletization_methodParameter = [Microsoft.PowerShell.Cmdletization.MethodParameter]@{Name = 'CwndRestart'; ParameterType = 'Microsoft.PowerShell.Cmdletization.GeneratedTypes.NetTCPSetting.CwndRestart'; Bindings = 'In'; Value = $__cmdletization_defaultValue; IsValuePresent = $__cmdletization_defaultValueIsPresent}
          }
          $__cmdletization_methodParameters.Add($__cmdletization_methodParameter)

          [object]$__cmdletization_defaultValue = $null
          [object]$__cmdletization_defaultValueIsPresent = $false
          if ($PSBoundParameters.ContainsKey('DelayedAckTimeoutMs')) {
            [object]$__cmdletization_value = ${DelayedAckTimeoutMs}
            $__cmdletization_methodParameter = [Microsoft.PowerShell.Cmdletization.MethodParameter]@{Name = 'DelayedAckTimeout'; ParameterType = 'System.UInt32'; Bindings = 'In'; Value = $__cmdletization_value; IsValuePresent = $true}
          } else {
            $__cmdletization_methodParameter = [Microsoft.PowerShell.Cmdletization.MethodParameter]@{Name = 'DelayedAckTimeout'; ParameterType = 'System.UInt32'; Bindings = 'In'; Value = $__cmdletization_defaultValue; IsValuePresent = $__cmdletization_defaultValueIsPresent}
          }
          $__cmdletization_methodParameters.Add($__cmdletization_methodParameter)

          [object]$__cmdletization_defaultValue = $null
          [object]$__cmdletization_defaultValueIsPresent = $false
          if ($PSBoundParameters.ContainsKey('DelayedAckFrequency')) {
            [object]$__cmdletization_value = ${DelayedAckFrequency}
            $__cmdletization_methodParameter = [Microsoft.PowerShell.Cmdletization.MethodParameter]@{Name = 'DelayedAckFrequency'; ParameterType = 'System.Byte'; Bindings = 'In'; Value = $__cmdletization_value; IsValuePresent = $true}
          } else {
            $__cmdletization_methodParameter = [Microsoft.PowerShell.Cmdletization.MethodParameter]@{Name = 'DelayedAckFrequency'; ParameterType = 'System.Byte'; Bindings = 'In'; Value = $__cmdletization_defaultValue; IsValuePresent = $__cmdletization_defaultValueIsPresent}
          }
          $__cmdletization_methodParameters.Add($__cmdletization_methodParameter)

          [object]$__cmdletization_defaultValue = $null
          [object]$__cmdletization_defaultValueIsPresent = $false
          if ($PSBoundParameters.ContainsKey('MemoryPressureProtection')) {
            [object]$__cmdletization_value = ${MemoryPressureProtection}
            $__cmdletization_methodParameter = [Microsoft.PowerShell.Cmdletization.MethodParameter]@{Name = 'MemoryPressureProtection'; ParameterType = 'Microsoft.PowerShell.Cmdletization.GeneratedTypes.NetTCPSetting.MemoryPressureProtection'; Bindings = 'In'; Value = $__cmdletization_value; IsValuePresent = $true}
          } else {
            $__cmdletization_methodParameter = [Microsoft.PowerShell.Cmdletization.MethodParameter]@{Name = 'MemoryPressureProtection'; ParameterType = 'Microsoft.PowerShell.Cmdletization.GeneratedTypes.NetTCPSetting.MemoryPressureProtection'; Bindings = 'In'; Value = $__cmdletization_defaultValue; IsValuePresent = $__cmdletization_defaultValueIsPresent}
          }
          $__cmdletization_methodParameters.Add($__cmdletization_methodParameter)

          [object]$__cmdletization_defaultValue = $null
          [object]$__cmdletization_defaultValueIsPresent = $false
          if ($PSBoundParameters.ContainsKey('AutoTuningLevelLocal')) {
            [object]$__cmdletization_value = ${AutoTuningLevelLocal}
            $__cmdletization_methodParameter = [Microsoft.PowerShell.Cmdletization.MethodParameter]@{Name = 'AutoTuningLevelLocal'; ParameterType = 'Microsoft.PowerShell.Cmdletization.GeneratedTypes.NetTCPSetting.AutoTuningLevelLocal'; Bindings = 'In'; Value = $__cmdletization_value; IsValuePresent = $true}
          } else {
            $__cmdletization_methodParameter = [Microsoft.PowerShell.Cmdletization.MethodParameter]@{Name = 'AutoTuningLevelLocal'; ParameterType = 'Microsoft.PowerShell.Cmdletization.GeneratedTypes.NetTCPSetting.AutoTuningLevelLocal'; Bindings = 'In'; Value = $__cmdletization_defaultValue; IsValuePresent = $__cmdletization_defaultValueIsPresent}
          }
          $__cmdletization_methodParameters.Add($__cmdletization_methodParameter)

          [object]$__cmdletization_defaultValue = $null
          [object]$__cmdletization_defaultValueIsPresent = $false
          if ($PSBoundParameters.ContainsKey('EcnCapability')) {
            [object]$__cmdletization_value = ${EcnCapability}
            $__cmdletization_methodParameter = [Microsoft.PowerShell.Cmdletization.MethodParameter]@{Name = 'EcnCapability'; ParameterType = 'Microsoft.PowerShell.Cmdletization.GeneratedTypes.NetTCPSetting.EcnCapability'; Bindings = 'In'; Value = $__cmdletization_value; IsValuePresent = $true}
          } else {
            $__cmdletization_methodParameter = [Microsoft.PowerShell.Cmdletization.MethodParameter]@{Name = 'EcnCapability'; ParameterType = 'Microsoft.PowerShell.Cmdletization.GeneratedTypes.NetTCPSetting.EcnCapability'; Bindings = 'In'; Value = $__cmdletization_defaultValue; IsValuePresent = $__cmdletization_defaultValueIsPresent}
          }
          $__cmdletization_methodParameters.Add($__cmdletization_methodParameter)

          [object]$__cmdletization_defaultValue = $null
          [object]$__cmdletization_defaultValueIsPresent = $false
          if ($PSBoundParameters.ContainsKey('Timestamps')) {
            [object]$__cmdletization_value = ${Timestamps}
            $__cmdletization_methodParameter = [Microsoft.PowerShell.Cmdletization.MethodParameter]@{Name = 'Timestamps'; ParameterType = 'Microsoft.PowerShell.Cmdletization.GeneratedTypes.NetTCPSetting.Timestamps'; Bindings = 'In'; Value = $__cmdletization_value; IsValuePresent = $true}
          } else {
            $__cmdletization_methodParameter = [Microsoft.PowerShell.Cmdletization.MethodParameter]@{Name = 'Timestamps'; ParameterType = 'Microsoft.PowerShell.Cmdletization.GeneratedTypes.NetTCPSetting.Timestamps'; Bindings = 'In'; Value = $__cmdletization_defaultValue; IsValuePresent = $__cmdletization_defaultValueIsPresent}
          }
          $__cmdletization_methodParameters.Add($__cmdletization_methodParameter)

          [object]$__cmdletization_defaultValue = $null
          [object]$__cmdletization_defaultValueIsPresent = $false
          if ($PSBoundParameters.ContainsKey('InitialRtoMs')) {
            [object]$__cmdletization_value = ${InitialRtoMs}
            $__cmdletization_methodParameter = [Microsoft.PowerShell.Cmdletization.MethodParameter]@{Name = 'InitialRto'; ParameterType = 'System.UInt32'; Bindings = 'In'; Value = $__cmdletization_value; IsValuePresent = $true}
          } else {
            $__cmdletization_methodParameter = [Microsoft.PowerShell.Cmdletization.MethodParameter]@{Name = 'InitialRto'; ParameterType = 'System.UInt32'; Bindings = 'In'; Value = $__cmdletization

ScriptBlock ID: 404550ef-3624-4e1e-a7be-7b91139e4d27
Path:
09/10/2021 03:09:48 PM
LogName=Microsoft-Windows-PowerShell/Operational
SourceName=Microsoft-Windows-PowerShell
EventCode=4104
EventType=3
Type=Warning
ComputerName=win-host-987.attackrange.local
User=NOT_TRANSLATED
Sid=S-1-5-21-1166625382-1442148322-2337405042-2397
SidType=0
TaskCategory=Execute a Remote Command
OpCode=On create calls
RecordNumber=2137841
Keywords=None
Message=Creating Scriptblock text (2 of 4):
__cmdletization_queryBuilder.FilterByProperty('EcnCapability', $__cmdletization_values, $false, 'Default')
    }
    if ($PSBoundParameters.ContainsKey('Timestamps') -and (@('ByName') -contains $PSCmdlet.ParameterSetName )) {
        $__cmdletization_values = @(${Timestamps})
        $__cmdletization_queryBuilder.FilterByProperty('Timestamps', $__cmdletization_values, $false, 'Default')
    }
    if ($PSBoundParameters.ContainsKey('InitialRtoMs') -and (@('ByName') -contains $PSCmdlet.ParameterSetName )) {
        $__cmdletization_values = @(${InitialRtoMs})
        $__cmdletization_queryBuilder.FilterByProperty('InitialRto', $__cmdletization_values, $false, 'Default')
    }
    if ($PSBoundParameters.ContainsKey('ScalingHeuristics') -and (@('ByName') -contains $PSCmdlet.ParameterSetName )) {
        $__cmdletization_values = @(${ScalingHeuristics})
        $__cmdletization_queryBuilder.FilterByProperty('ScalingHeuristics', $__cmdletization_values, $false, 'Default')
    }
    if ($PSBoundParameters.ContainsKey('DynamicPortRangeStartPort') -and (@('ByName') -contains $PSCmdlet.ParameterSetName )) {
        $__cmdletization_values = @(${DynamicPortRangeStartPort})
        $__cmdletization_queryBuilder.FilterByProperty('DynamicPortRangeStartPort', $__cmdletization_values, $false, 'Default')
    }
    if ($PSBoundParameters.ContainsKey('DynamicPortRangeNumberOfPorts') -and (@('ByName') -contains $PSCmdlet.ParameterSetName )) {
        $__cmdletization_values = @(${DynamicPortRangeNumberOfPorts})
        $__cmdletization_queryBuilder.FilterByProperty('DynamicPortRangeNumberOfPorts', $__cmdletization_values, $false, 'Default')
    }
    if ($PSBoundParameters.ContainsKey('AutomaticUseCustom') -and (@('ByName') -contains $PSCmdlet.ParameterSetName )) {
        $__cmdletization_values = @(${AutomaticUseCustom})
        $__cmdletization_queryBuilder.FilterByProperty('AutomaticUseCustom', $__cmdletization_values, $false, 'Default')
    }
    if ($PSBoundParameters.ContainsKey('NonSackRttResiliency') -and (@('ByName') -contains $PSCmdlet.ParameterSetName )) {
        $__cmdletization_values = @(${NonSackRttResiliency})
        $__cmdletization_queryBuilder.FilterByProperty('NonSackRttResiliency', $__cmdletization_values, $false, 'Default')
    }
    if ($PSBoundParameters.ContainsKey('ForceWS') -and (@('ByName') -contains $PSCmdlet.ParameterSetName )) {
        $__cmdletization_values = @(${ForceWS})
        $__cmdletization_queryBuilder.FilterByProperty('ForceWS', $__cmdletization_values, $false, 'Default')
    }
    if ($PSBoundParameters.ContainsKey('MaxSynRetransmissions') -and (@('ByName') -contains $PSCmdlet.ParameterSetName )) {
        $__cmdletization_values = @(${MaxSynRetransmissions})
        $__cmdletization_queryBuilder.FilterByProperty('MaxSynRetransmissions', $__cmdletization_values, $false, 'Default')
    }
    if ($PSBoundParameters.ContainsKey('AutoReusePortRangeStartPort') -and (@('ByName') -contains $PSCmdlet.ParameterSetName )) {
        $__cmdletization_values = @(${AutoReusePortRangeStartPort})
        $__cmdletization_queryBuilder.FilterByProperty('AutoReusePortRangeStartPort', $__cmdletization_values, $false, 'Default')
    }
    if ($PSBoundParameters.ContainsKey('AutoReusePortRangeNumberOfPorts') -and (@('ByName') -contains $PSCmdlet.ParameterSetName )) {
        $__cmdletization_values = @(${AutoReusePortRangeNumberOfPorts})
        $__cmdletization_queryBuilder.FilterByProperty('AutoReusePortRangeNumberOfPorts', $__cmdletization_values, $false, 'Default')
    }
    if ($PSBoundParameters.ContainsKey('AssociatedTransportFilter') -and (@('ByName') -contains $PSCmdlet.ParameterSetName )) {
    $__cmdletization_queryBuilder.FilterByAssociatedInstance(${AssociatedTransportFilter}, 'MSFT_NetTransportFilterTCPSetting', 'Antecedent', 'Dependent', 'Default')
    }


    $__cmdletization_objectModelWrapper.ProcessRecord($__cmdletization_queryBuilder)
            }
        }
        catch
        {
            $__cmdletization_exceptionHasBeenThrown = $true
            throw
        }
    }
        

    End {
        try
        {
            if (-not $__cmdletization_exceptionHasBeenThrown)
            {
                $__cmdletization_objectModelWrapper.EndProcessing()
            }
        }
        catch
        {
            throw
        }
    }

    # .EXTERNALHELP MSFT_NetTCPSetting.cdxml-Help.xml
}
Microsoft.PowerShell.Core\Export-ModuleMember -Function 'Get-NetTCPSetting' -Alias '*'
        

function Set-NetTCPSetting
{
    [CmdletBinding(DefaultParameterSetName='ByName', SupportsShouldProcess=$true, ConfirmImpact='Medium', PositionalBinding=$false)]
    
    [OutputType([Microsoft.Management.Infrastructure.CimInstance])]
[OutputType('Microsoft.Management.Infrastructure.CimInstance#ROOT/StandardCimv2/MSFT_NetTCPSetting')]

    param(
    
    [Parameter(ParameterSetName='ByName', Position=0)]
    [ValidateNotNull()]
    [string[]]
    ${SettingName},

    [Parameter(ParameterSetName='InputObject (cdxml)', Mandatory=$true, ValueFromPipeline=$true)]
    [PSTypeName('Microsoft.Management.Infrastructure.CimInstance#MSFT_NetTCPSetting')]
    [ValidateNotNull()]
    [ciminstance[]]
    ${InputObject},

    [Parameter(ParameterSetName='ByName')]
    [Parameter(ParameterSetName='InputObject (cdxml)')]
    [Alias('MinRto')]
    [uint32]
    ${MinRtoMs},

    [Parameter(ParameterSetName='ByName')]
    [Parameter(ParameterSetName='InputObject (cdxml)')]
    [Alias('InitialCongestionWindow')]
    [uint32]
    ${InitialCongestionWindowMss},

    [Parameter(ParameterSetName='ByName')]
    [Parameter(ParameterSetName='InputObject (cdxml)')]
    [Microsoft.PowerShell.Cmdletization.GeneratedTypes.NetTCPSetting.CongestionProvider]
    ${CongestionProvider},

    [Parameter(ParameterSetName='ByName')]
    [Parameter(ParameterSetName='InputObject (cdxml)')]
    [Microsoft.PowerShell.Cmdletization.GeneratedTypes.NetTCPSetting.CwndRestart]
    ${CwndRestart},

    [Parameter(ParameterSetName='ByName')]
    [Parameter(ParameterSetName='InputObject (cdxml)')]
    [Alias('DelayedAckTimeout')]
    [uint32]
    ${DelayedAckTimeoutMs},

    [Parameter(ParameterSetName='ByName')]
    [Parameter(ParameterSetName='InputObject (cdxml)')]
    [byte]
    ${DelayedAckFrequency},

    [Parameter(ParameterSetName='ByName')]
    [Parameter(ParameterSetName='InputObject (cdxml)')]
    [Microsoft.PowerShell.Cmdletization.GeneratedTypes.NetTCPSetting.MemoryPressureProtection]
    ${MemoryPressureProtection},

    [Parameter(ParameterSetName='ByName')]
    [Parameter(ParameterSetName='InputObject (cdxml)')]
    [Microsoft.PowerShell.Cmdletization.GeneratedTypes.NetTCPSetting.AutoTuningLevelLocal]
    ${AutoTuningLevelLocal},

    [Parameter(ParameterSetName='ByName')]
    [Parameter(ParameterSetName='InputObject (cdxml)')]
    [Microsoft.PowerShell.Cmdletization.GeneratedTypes.NetTCPSetting.EcnCapability]
    ${EcnCapability},

    [Parameter(ParameterSetName='ByName')]
    [Parameter(ParameterSetName='InputObject (cdxml)')]
    [Microsoft.PowerShell.Cmdletization.GeneratedTypes.NetTCPSetting.Timestamps]
    ${Timestamps},

    [Parameter(ParameterSetName='ByName')]
    [Parameter(ParameterSetName='InputObject (cdxml)')]
    [Alias('InitialRto')]
    [uint32]
    ${InitialRtoMs},

    [Parameter(ParameterSetName='ByName')]
    [Parameter(ParameterSetName='InputObject (cdxml)')]
    [Microsoft.PowerShell.Cmdletization.GeneratedTypes.NetTCPSetting.ScalingHeuristics]
    ${ScalingHeuristics},

    [Parameter(ParameterSetName='ByName')]
    [Parameter(ParameterSetName='InputObject (cdxml)')]
    [uint16]
    ${DynamicPortRangeStartPort},

    [Parameter(ParameterSetName='ByName')]
    [Parameter(ParameterSetName='InputObject (cdxml)')]
    [uint16]
    ${DynamicPortRangeNumberOfPorts},

    [Parameter(ParameterSetName='ByName')]
    [Parameter(ParameterSetName='InputObject (cdxml)')]
    [Microsoft.PowerShell.Cmdletization.GeneratedTypes.NetTCPSetting.AutomaticUseCustom]
    ${AutomaticUseCustom},

    [Parameter(ParameterSetName='ByName')]
    [Parameter(ParameterSetName='InputObject (cdxml)')]
    [Microsoft.PowerShell.Cmdletization.GeneratedTypes.NetTCPSetting.NonSackRttResiliency]
    ${NonSackRttResiliency},

    [Parameter(ParameterSetName='ByName')]
    [Parameter(ParameterSetName='InputObject (cdxml)')]
    [Microsoft.PowerShell.Cmdletization.GeneratedTypes.NetTCPSetting.ForceWS]
    ${ForceWS},

    [Parameter(ParameterSetName='ByName')]
    [Parameter(ParameterSetName='InputObject (cdxml)')]
    [byte]
    ${MaxSynRetransmissions},

    [Parameter(ParameterSetName='ByName')]
    [Parameter(ParameterSetName='InputObject (cdxml)')]
    [uint16]
    ${AutoReusePortRangeStartPort},

    [Parameter(ParameterSetName='ByName')]
    [Parameter(ParameterSetName='InputObject (cdxml)')]
    [uint16]
    ${AutoReusePortRangeNumberOfPorts},

    [Parameter(ParameterSetName='ByName')]
    [Parameter(ParameterSetName='InputObject (cdxml)')]
    [Alias('Session')]
    [ValidateNotNullOrEmpty()]
    [CimSession[]]
    ${CimSession},

    [Parameter(ParameterSetName='ByName')]
    [Parameter(ParameterSetName='InputObject (cdxml)')]
    [int]
    ${ThrottleLimit},

    [Parameter(ParameterSetName='ByName')]
    [Parameter(ParameterSetName='InputObject (cdxml)')]
    [switch]
    ${AsJob},

    [Parameter(ParameterSetName='ByName')]
    [Parameter(ParameterSetName='InputObject (cdxml)')]
    [switch]
    ${PassThru})

    DynamicParam {
        try 
        {
            if (-not $__cmdletization_exceptionHasBeenThrown)
            {
                $__cmdletization_objectModelWrapper = $script:ObjectModelWrapper::new()
                $__cmdletization_objectModelWrapper.Initialize($PSCmdlet, $script:ClassName, $script:ClassVersion, $script:ModuleVersion, $script:PrivateData)

                if ($__cmdletization_objectModelWrapper -is [System.Management.Automation.IDynamicParameters])
                {
                    ([System.Management.Automation.IDynamicParameters]$__cmdletization_objectModelWrapper).GetDynamicParameters()
                }
            }
        }
        catch
        {
            $__cmdletization_exceptionHasBeenThrown = $true
            throw
        }
    }

    Begin {
        $__cmdletization_exceptionHasBeenThrown = $false
        try 
        {
            __cmdletization_BindCommonParameters $__cmdletization_objectModelWrapper $PSBoundParameters
            $__cmdletization_objectModelWrapper.BeginProcessing()
        }
        catch
        {
            $__cmdletization_exceptionHasBeenThrown = $true
            throw
        }
    }
        

    Process {
        try 
        {
            if (-not $__cmdletization_exceptionHasBeenThrown)
       

ScriptBlock ID: 404550ef-3624-4e1e-a7be-7b91139e4d27
Path:
09/10/2021 03:09:48 PM
LogName=Microsoft-Windows-PowerShell/Operational
SourceName=Microsoft-Windows-PowerShell
EventCode=4104
EventType=3
Type=Warning
ComputerName=win-host-987.attackrange.local
User=NOT_TRANSLATED
Sid=S-1-5-21-1166625382-1442148322-2337405042-2397
SidType=0
TaskCategory=Execute a Remote Command
OpCode=On create calls
RecordNumber=2137840
Keywords=None
Message=Creating Scriptblock text (1 of 4):

#requires -version 3.0

try { Microsoft.PowerShell.Core\Set-StrictMode -Off } catch { }

$script:MyModule = $MyInvocation.MyCommand.ScriptBlock.Module

$script:ClassName = 'ROOT/StandardCimv2/MSFT_NetTCPSetting'
$script:ClassVersion = '1.0.0'
$script:ModuleVersion = '1.0.0'
$script:ObjectModelWrapper = [Microsoft.PowerShell.Cmdletization.Cim.CimCmdletAdapter]

$script:PrivateData = [System.Collections.Generic.Dictionary[string,string]]::new()

Microsoft.PowerShell.Core\Export-ModuleMember -Function @()
        

function __cmdletization_BindCommonParameters
{
    param(
        $__cmdletization_objectModelWrapper,
        $myPSBoundParameters
    )       
                

        if ($myPSBoundParameters.ContainsKey('CimSession')) { 
            $__cmdletization_objectModelWrapper.PSObject.Properties['CimSession'].Value = $myPSBoundParameters['CimSession'] 
        }
                    

        if ($myPSBoundParameters.ContainsKey('ThrottleLimit')) { 
            $__cmdletization_objectModelWrapper.PSObject.Properties['ThrottleLimit'].Value = $myPSBoundParameters['ThrottleLimit'] 
        }
                    

        if ($myPSBoundParameters.ContainsKey('AsJob')) { 
            $__cmdletization_objectModelWrapper.PSObject.Properties['AsJob'].Value = $myPSBoundParameters['AsJob'] 
        }
                    

}
                

function Get-NetTCPSetting
{
    [CmdletBinding(DefaultParameterSetName='ByName', PositionalBinding=$false)]
    
    [OutputType([Microsoft.Management.Infrastructure.CimInstance])]
[OutputType('Microsoft.Management.Infrastructure.CimInstance#ROOT/StandardCimv2/MSFT_NetTCPSetting')]

    param(
    
    [Parameter(ParameterSetName='ByName', Position=0)]
    [ValidateNotNull()]
    [string[]]
    ${SettingName},

    [Parameter(ParameterSetName='ByName')]
    [Alias('MinRto')]
    [ValidateNotNull()]
    [uint32[]]
    ${MinRtoMs},

    [Parameter(ParameterSetName='ByName')]
    [Alias('InitialCongestionWindow')]
    [ValidateNotNull()]
    [uint32[]]
    ${InitialCongestionWindowMss},

    [Parameter(ParameterSetName='ByName')]
    [ValidateNotNull()]
    [Microsoft.PowerShell.Cmdletization.GeneratedTypes.NetTCPSetting.CongestionProvider[]]
    ${CongestionProvider},

    [Parameter(ParameterSetName='ByName')]
    [ValidateNotNull()]
    [Microsoft.PowerShell.Cmdletization.GeneratedTypes.NetTCPSetting.CwndRestart[]]
    ${CwndRestart},

    [Parameter(ParameterSetName='ByName')]
    [Alias('DelayedAckTimeout')]
    [ValidateNotNull()]
    [uint32[]]
    ${DelayedAckTimeoutMs},

    [Parameter(ParameterSetName='ByName')]
    [ValidateNotNull()]
    [byte[]]
    ${DelayedAckFrequency},

    [Parameter(ParameterSetName='ByName')]
    [ValidateNotNull()]
    [Microsoft.PowerShell.Cmdletization.GeneratedTypes.NetTCPSetting.MemoryPressureProtection[]]
    ${MemoryPressureProtection},

    [Parameter(ParameterSetName='ByName')]
    [ValidateNotNull()]
    [Microsoft.PowerShell.Cmdletization.GeneratedTypes.NetTCPSetting.AutoTuningLevelLocal[]]
    ${AutoTuningLevelLocal},

    [Parameter(ParameterSetName='ByName')]
    [ValidateNotNull()]
    [Microsoft.PowerShell.Cmdletization.GeneratedTypes.NetTCPSetting.AutoTuningLevelGroupPolicy[]]
    ${AutoTuningLevelGroupPolicy},

    [Parameter(ParameterSetName='ByName')]
    [ValidateNotNull()]
    [Microsoft.PowerShell.Cmdletization.GeneratedTypes.NetTCPSetting.AutoTuningLevelEffective[]]
    ${AutoTuningLevelEffective},

    [Parameter(ParameterSetName='ByName')]
    [ValidateNotNull()]
    [Microsoft.PowerShell.Cmdletization.GeneratedTypes.NetTCPSetting.EcnCapability[]]
    ${EcnCapability},

    [Parameter(ParameterSetName='ByName')]
    [ValidateNotNull()]
    [Microsoft.PowerShell.Cmdletization.GeneratedTypes.NetTCPSetting.Timestamps[]]
    ${Timestamps},

    [Parameter(ParameterSetName='ByName')]
    [Alias('InitialRto')]
    [ValidateNotNull()]
    [uint32[]]
    ${InitialRtoMs},

    [Parameter(ParameterSetName='ByName')]
    [ValidateNotNull()]
    [Microsoft.PowerShell.Cmdletization.GeneratedTypes.NetTCPSetting.ScalingHeuristics[]]
    ${ScalingHeuristics},

    [Parameter(ParameterSetName='ByName')]
    [ValidateNotNull()]
    [uint16[]]
    ${DynamicPortRangeStartPort},

    [Parameter(ParameterSetName='ByName')]
    [ValidateNotNull()]
    [uint16[]]
    ${DynamicPortRangeNumberOfPorts},

    [Parameter(ParameterSetName='ByName')]
    [ValidateNotNull()]
    [Microsoft.PowerShell.Cmdletization.GeneratedTypes.NetTCPSetting.AutomaticUseCustom[]]
    ${AutomaticUseCustom},

    [Parameter(ParameterSetName='ByName')]
    [ValidateNotNull()]
    [Microsoft.PowerShell.Cmdletization.GeneratedTypes.NetTCPSetting.NonSackRttResiliency[]]
    ${NonSackRttResiliency},

    [Parameter(ParameterSetName='ByName')]
    [ValidateNotNull()]
    [Microsoft.PowerShell.Cmdletization.GeneratedTypes.NetTCPSetting.ForceWS[]]
    ${ForceWS},

    [Parameter(ParameterSetName='ByName')]
    [ValidateNotNull()]
    [byte[]]
    ${MaxSynRetransmissions},

    [Parameter(ParameterSetName='ByName')]
    [ValidateNotNull()]
    [uint16[]]
    ${AutoReusePortRangeStartPort},

    [Parameter(ParameterSetName='ByName')]
    [ValidateNotNull()]
    [uint16[]]
    ${AutoReusePortRangeNumberOfPorts},

    [Parameter(ParameterSetName='ByName', ValueFromPipeline=$true)]
    [PSTypeName('Microsoft.Management.Infrastructure.CimInstance#root/standardcimv2/MSFT_NetTransportFilter')]
    [ValidateNotNull()]
    [ciminstance]
    ${AssociatedTransportFilter},

    [Parameter(ParameterSetName='ByName')]
    [Alias('Session')]
    [ValidateNotNullOrEmpty()]
    [CimSession[]]
    ${CimSession},

    [Parameter(ParameterSetName='ByName')]
    [int]
    ${ThrottleLimit},

    [Parameter(ParameterSetName='ByName')]
    [switch]
    ${AsJob})

    DynamicParam {
        try 
        {
            if (-not $__cmdletization_exceptionHasBeenThrown)
            {
                $__cmdletization_objectModelWrapper = $script:ObjectModelWrapper::new()
                $__cmdletization_objectModelWrapper.Initialize($PSCmdlet, $script:ClassName, $script:ClassVersion, $script:ModuleVersion, $script:PrivateData)

                if ($__cmdletization_objectModelWrapper -is [System.Management.Automation.IDynamicParameters])
                {
                    ([System.Management.Automation.IDynamicParameters]$__cmdletization_objectModelWrapper).GetDynamicParameters()
                }
            }
        }
        catch
        {
            $__cmdletization_exceptionHasBeenThrown = $true
            throw
        }
    }

    Begin {
        $__cmdletization_exceptionHasBeenThrown = $false
        try 
        {
            __cmdletization_BindCommonParameters $__cmdletization_objectModelWrapper $PSBoundParameters
            $__cmdletization_objectModelWrapper.BeginProcessing()
        }
        catch
        {
            $__cmdletization_exceptionHasBeenThrown = $true
            throw
        }
    }
        

    Process {
        try 
        {
            if (-not $__cmdletization_exceptionHasBeenThrown)
            {
    $__cmdletization_queryBuilder = $__cmdletization_objectModelWrapper.GetQueryBuilder()
    if ($PSBoundParameters.ContainsKey('SettingName') -and (@('ByName') -contains $PSCmdlet.ParameterSetName )) {
        $__cmdletization_values = @(${SettingName})
        $__cmdletization_queryBuilder.FilterByProperty('SettingName', $__cmdletization_values, $true, 'Default')
    }
    if ($PSBoundParameters.ContainsKey('MinRtoMs') -and (@('ByName') -contains $PSCmdlet.ParameterSetName )) {
        $__cmdletization_values = @(${MinRtoMs})
        $__cmdletization_queryBuilder.FilterByProperty('MinRto', $__cmdletization_values, $false, 'Default')
    }
    if ($PSBoundParameters.ContainsKey('InitialCongestionWindowMss') -and (@('ByName') -contains $PSCmdlet.ParameterSetName )) {
        $__cmdletization_values = @(${InitialCongestionWindowMss})
        $__cmdletization_queryBuilder.FilterByProperty('InitialCongestionWindow', $__cmdletization_values, $false, 'Default')
    }
    if ($PSBoundParameters.ContainsKey('CongestionProvider') -and (@('ByName') -contains $PSCmdlet.ParameterSetName )) {
        $__cmdletization_values = @(${CongestionProvider})
        $__cmdletization_queryBuilder.FilterByProperty('CongestionProvider', $__cmdletization_values, $false, 'Default')
    }
    if ($PSBoundParameters.ContainsKey('CwndRestart') -and (@('ByName') -contains $PSCmdlet.ParameterSetName )) {
        $__cmdletization_values = @(${CwndRestart})
        $__cmdletization_queryBuilder.FilterByProperty('CwndRestart', $__cmdletization_values, $false, 'Default')
    }
    if ($PSBoundParameters.ContainsKey('DelayedAckTimeoutMs') -and (@('ByName') -contains $PSCmdlet.ParameterSetName )) {
        $__cmdletization_values = @(${DelayedAckTimeoutMs})
        $__cmdletization_queryBuilder.FilterByProperty('DelayedAckTimeout', $__cmdletization_values, $false, 'Default')
    }
    if ($PSBoundParameters.ContainsKey('DelayedAckFrequency') -and (@('ByName') -contains $PSCmdlet.ParameterSetName )) {
        $__cmdletization_values = @(${DelayedAckFrequency})
        $__cmdletization_queryBuilder.FilterByProperty('DelayedAckFrequency', $__cmdletization_values, $false, 'Default')
    }
    if ($PSBoundParameters.ContainsKey('MemoryPressureProtection') -and (@('ByName') -contains $PSCmdlet.ParameterSetName )) {
        $__cmdletization_values = @(${MemoryPressureProtection})
        $__cmdletization_queryBuilder.FilterByProperty('MemoryPressureProtection', $__cmdletization_values, $false, 'Default')
    }
    if ($PSBoundParameters.ContainsKey('AutoTuningLevelLocal') -and (@('ByName') -contains $PSCmdlet.ParameterSetName )) {
        $__cmdletization_values = @(${AutoTuningLevelLocal})
        $__cmdletization_queryBuilder.FilterByProperty('AutoTuningLevelLocal', $__cmdletization_values, $false, 'Default')
    }
    if ($PSBoundParameters.ContainsKey('AutoTuningLevelGroupPolicy') -and (@('ByName') -contains $PSCmdlet.ParameterSetName )) {
        $__cmdletization_values = @(${AutoTuningLevelGroupPolicy})
        $__cmdletization_queryBuilder.FilterByProperty('AutoTuningLevelGroupPolicy', $__cmdletization_values, $false, 'Default')
    }
    if ($PSBoundParameters.ContainsKey('AutoTuningLevelEffective') -and (@('ByName') -contains $PSCmdlet.ParameterSetName )) {
        $__cmdletization_values = @(${AutoTuningLevelEffective})
        $__cmdletization_queryBuilder.FilterByProperty('AutoTuningLevelEffective', $__cmdletization_values, $false, 'Default')
    }
    if ($PSBoundParameters.ContainsKey('EcnCapability') -and (@('ByName') -contains $PSCmdlet.ParameterSetName )) {
        $__cmdletization_values = @(${EcnCapability})
        $

ScriptBlock ID: 404550ef-3624-4e1e-a7be-7b91139e4d27
Path:
09/10/2021 03:09:48 PM
LogName=Microsoft-Windows-PowerShell/Operational
SourceName=Microsoft-Windows-PowerShell
EventCode=4106
EventType=5
Type=Verbose
ComputerName=win-host-987.attackrange.local
User=NOT_TRANSLATED
Sid=S-1-5-21-1166625382-1442148322-2337405042-2397
SidType=0
TaskCategory=Stopping Command
OpCode=On create calls
RecordNumber=2137839
Keywords=None
Message=Completed invocation of ScriptBlock ID: 270b47d4-ca0c-48e6-bae0-8a998722b711
Runspace ID: 6f3eb055-e094-4e5b-94ce-5eca3a1856b6
09/10/2021 03:09:48 PM
LogName=Microsoft-Windows-PowerShell/Operational
SourceName=Microsoft-Windows-PowerShell
EventCode=4105
EventType=5
Type=Verbose
ComputerName=win-host-987.attackrange.local
User=NOT_TRANSLATED
Sid=S-1-5-21-1166625382-1442148322-2337405042-2397
SidType=0
TaskCategory=Starting Command
OpCode=On create calls
RecordNumber=2137838
Keywords=None
Message=Started invocation of ScriptBlock ID: 270b47d4-ca0c-48e6-bae0-8a998722b711
Runspace ID: 6f3eb055-e094-4e5b-94ce-5eca3a1856b6
09/10/2021 03:09:48 PM
LogName=Microsoft-Windows-PowerShell/Operational
SourceName=Microsoft-Windows-PowerShell
EventCode=4104
EventType=3
Type=Warning
ComputerName=win-host-987.attackrange.local
User=NOT_TRANSLATED
Sid=S-1-5-21-1166625382-1442148322-2337405042-2397
SidType=0
TaskCategory=Execute a Remote Command
OpCode=On create calls
RecordNumber=2137837
Keywords=None
Message=Creating Scriptblock text (1 of 1):

#requires -version 3.0

try { Microsoft.PowerShell.Core\Set-StrictMode -Off } catch { }

$script:MyModule = $MyInvocation.MyCommand.ScriptBlock.Module

$script:ClassName = 'ROOT/StandardCimv2/MSFT_NetTCPConnection'
$script:ClassVersion = '1.0.0'
$script:ModuleVersion = '1.0.0'
$script:ObjectModelWrapper = [Microsoft.PowerShell.Cmdletization.Cim.CimCmdletAdapter]

$script:PrivateData = [System.Collections.Generic.Dictionary[string,string]]::new()

Microsoft.PowerShell.Core\Export-ModuleMember -Function @()
        

function __cmdletization_BindCommonParameters
{
    param(
        $__cmdletization_objectModelWrapper,
        $myPSBoundParameters
    )       
                

        if ($myPSBoundParameters.ContainsKey('CimSession')) { 
            $__cmdletization_objectModelWrapper.PSObject.Properties['CimSession'].Value = $myPSBoundParameters['CimSession'] 
        }
                    

        if ($myPSBoundParameters.ContainsKey('ThrottleLimit')) { 
            $__cmdletization_objectModelWrapper.PSObject.Properties['ThrottleLimit'].Value = $myPSBoundParameters['ThrottleLimit'] 
        }
                    

        if ($myPSBoundParameters.ContainsKey('AsJob')) { 
            $__cmdletization_objectModelWrapper.PSObject.Properties['AsJob'].Value = $myPSBoundParameters['AsJob'] 
        }
                    

}
                

function Get-NetTCPConnection
{
    [CmdletBinding(DefaultParameterSetName='ByName', PositionalBinding=$false)]
    
    [OutputType([Microsoft.Management.Infrastructure.CimInstance])]
[OutputType('Microsoft.Management.Infrastructure.CimInstance#ROOT/StandardCimv2/MSFT_NetTCPConnection')]

    param(
    
    [Parameter(ParameterSetName='ByName', Position=0, ValueFromPipelineByPropertyName=$true)]
    [Alias('IPAddress')]
    [ValidateNotNull()]
    [string[]]
    ${LocalAddress},

    [Parameter(ParameterSetName='ByName', Position=1)]
    [ValidateNotNull()]
    [uint16[]]
    ${LocalPort},

    [Parameter(ParameterSetName='ByName')]
    [ValidateNotNull()]
    [string[]]
    ${RemoteAddress},

    [Parameter(ParameterSetName='ByName')]
    [ValidateNotNull()]
    [uint16[]]
    ${RemotePort},

    [Parameter(ParameterSetName='ByName')]
    [ValidateNotNull()]
    [Microsoft.PowerShell.Cmdletization.GeneratedTypes.NetTCPConnection.State[]]
    ${State},

    [Parameter(ParameterSetName='ByName')]
    [ValidateNotNull()]
    [Microsoft.PowerShell.Cmdletization.GeneratedTypes.NetTCPConnection.AppliedSetting[]]
    ${AppliedSetting},

    [Parameter(ParameterSetName='ByName')]
    [ValidateNotNull()]
    [uint32[]]
    ${OwningProcess},

    [Parameter(ParameterSetName='ByName')]
    [ValidateNotNull()]
    [datetime[]]
    ${CreationTime},

    [Parameter(ParameterSetName='ByName')]
    [ValidateNotNull()]
    [Microsoft.PowerShell.Cmdletization.GeneratedTypes.NetTCPConnection.OffloadState[]]
    ${OffloadState},

    [Parameter(ParameterSetName='ByName')]
    [Alias('Session')]
    [ValidateNotNullOrEmpty()]
    [CimSession[]]
    ${CimSession},

    [Parameter(ParameterSetName='ByName')]
    [int]
    ${ThrottleLimit},

    [Parameter(ParameterSetName='ByName')]
    [switch]
    ${AsJob})

    DynamicParam {
        try 
        {
            if (-not $__cmdletization_exceptionHasBeenThrown)
            {
                $__cmdletization_objectModelWrapper = $script:ObjectModelWrapper::new()
                $__cmdletization_objectModelWrapper.Initialize($PSCmdlet, $script:ClassName, $script:ClassVersion, $script:ModuleVersion, $script:PrivateData)

                if ($__cmdletization_objectModelWrapper -is [System.Management.Automation.IDynamicParameters])
                {
                    ([System.Management.Automation.IDynamicParameters]$__cmdletization_objectModelWrapper).GetDynamicParameters()
                }
            }
        }
        catch
        {
            $__cmdletization_exceptionHasBeenThrown = $true
            throw
        }
    }

    Begin {
        $__cmdletization_exceptionHasBeenThrown = $false
        try 
        {
            __cmdletization_BindCommonParameters $__cmdletization_objectModelWrapper $PSBoundParameters
            $__cmdletization_objectModelWrapper.BeginProcessing()
        }
        catch
        {
            $__cmdletization_exceptionHasBeenThrown = $true
            throw
        }
    }
        

    Process {
        try 
        {
            if (-not $__cmdletization_exceptionHasBeenThrown)
            {
    $__cmdletization_queryBuilder = $__cmdletization_objectModelWrapper.GetQueryBuilder()
    if ($PSBoundParameters.ContainsKey('LocalAddress') -and (@('ByName') -contains $PSCmdlet.ParameterSetName )) {
        $__cmdletization_values = @(${LocalAddress})
        $__cmdletization_queryBuilder.FilterByProperty('LocalAddress', $__cmdletization_values, $true, 'Default')
    }
    if ($PSBoundParameters.ContainsKey('LocalPort') -and (@('ByName') -contains $PSCmdlet.ParameterSetName )) {
        $__cmdletization_values = @(${LocalPort})
        $__cmdletization_queryBuilder.FilterByProperty('LocalPort', $__cmdletization_values, $false, 'Default')
    }
    if ($PSBoundParameters.ContainsKey('RemoteAddress') -and (@('ByName') -contains $PSCmdlet.ParameterSetName )) {
        $__cmdletization_values = @(${RemoteAddress})
        $__cmdletization_queryBuilder.FilterByProperty('RemoteAddress', $__cmdletization_values, $true, 'Default')
    }
    if ($PSBoundParameters.ContainsKey('RemotePort') -and (@('ByName') -contains $PSCmdlet.ParameterSetName )) {
        $__cmdletization_values = @(${RemotePort})
        $__cmdletization_queryBuilder.FilterByProperty('RemotePort', $__cmdletization_values, $false, 'Default')
    }
    if ($PSBoundParameters.ContainsKey('State') -and (@('ByName') -contains $PSCmdlet.ParameterSetName )) {
        $__cmdletization_values = @(${State})
        $__cmdletization_queryBuilder.FilterByProperty('State', $__cmdletization_values, $false, 'Default')
    }
    if ($PSBoundParameters.ContainsKey('AppliedSetting') -and (@('ByName') -contains $PSCmdlet.ParameterSetName )) {
        $__cmdletization_values = @(${AppliedSetting})
        $__cmdletization_queryBuilder.FilterByProperty('AppliedSetting', $__cmdletization_values, $false, 'Default')
    }
    if ($PSBoundParameters.ContainsKey('OwningProcess') -and (@('ByName') -contains $PSCmdlet.ParameterSetName )) {
        $__cmdletization_values = @(${OwningProcess})
        $__cmdletization_queryBuilder.FilterByProperty('OwningProcess', $__cmdletization_values, $false, 'Default')
    }
    if ($PSBoundParameters.ContainsKey('CreationTime') -and (@('ByName') -contains $PSCmdlet.ParameterSetName )) {
        $__cmdletization_values = @(${CreationTime})
        $__cmdletization_queryBuilder.FilterByProperty('CreationTime', $__cmdletization_values, $false, 'Default')
    }
    if ($PSBoundParameters.ContainsKey('OffloadState') -and (@('ByName') -contains $PSCmdlet.ParameterSetName )) {
        $__cmdletization_values = @(${OffloadState})
        $__cmdletization_queryBuilder.FilterByProperty('OffloadState', $__cmdletization_values, $false, 'Default')
    }


    $__cmdletization_objectModelWrapper.ProcessRecord($__cmdletization_queryBuilder)
            }
        }
        catch
        {
            $__cmdletization_exceptionHasBeenThrown = $true
            throw
        }
    }
        

    End {
        try
        {
            if (-not $__cmdletization_exceptionHasBeenThrown)
            {
                $__cmdletization_objectModelWrapper.EndProcessing()
            }
        }
        catch
        {
            throw
        }
    }

    # .EXTERNALHELP MSFT_NetTCPConnection.cdxml-Help.xml
}
Microsoft.PowerShell.Core\Export-ModuleMember -Function 'Get-NetTCPConnection' -Alias '*'
        


ScriptBlock ID: 270b47d4-ca0c-48e6-bae0-8a998722b711
Path:
09/10/2021 03:09:48 PM
LogName=Microsoft-Windows-PowerShell/Operational
SourceName=Microsoft-Windows-PowerShell
EventCode=4106
EventType=5
Type=Verbose
ComputerName=win-host-987.attackrange.local
User=NOT_TRANSLATED
Sid=S-1-5-21-1166625382-1442148322-2337405042-2397
SidType=0
TaskCategory=Stopping Command
OpCode=On create calls
RecordNumber=2137836
Keywords=None
Message=Completed invocation of ScriptBlock ID: 0e2d5da3-45f8-4b77-b474-ec9a0b736752
Runspace ID: 6f3eb055-e094-4e5b-94ce-5eca3a1856b6
09/10/2021 03:09:48 PM
LogName=Microsoft-Windows-PowerShell/Operational
SourceName=Microsoft-Windows-PowerShell
EventCode=4105
EventType=5
Type=Verbose
ComputerName=win-host-987.attackrange.local
User=NOT_TRANSLATED
Sid=S-1-5-21-1166625382-1442148322-2337405042-2397
SidType=0
TaskCategory=Starting Command
OpCode=On create calls
RecordNumber=2137835
Keywords=None
Message=Started invocation of ScriptBlock ID: 0e2d5da3-45f8-4b77-b474-ec9a0b736752
Runspace ID: 6f3eb055-e094-4e5b-94ce-5eca3a1856b6
