{"preview":false,"result":{"_raw":"{\"CommandLine\":\"PowerShell  -NoProfile -NonInteractive -ExecutionPolicy Unrestricted -EncodedCommand YgBlAGcAaQBuACAAewAKACQAcABhAHQAaAAgAD0AIAAnAEMAOgBcAFUAcwBlAHIAcwBcAEEAZABtAGkAbgBpAHMAdAByAGEAdABvAHIAXABBAHAAcABEAGEAdABhAFwATABvAGMAYQBsAFwAVABlAG0AcABcAGEAbgBzAGkAYgBsAGUALQB0AG0AcAAtADEANgA0ADcANgAxADkAOAAyADMALgAwADcAOAA1ADgANAA0AC0AMQA4ADgAMwA4ADMAMgAtADIAMAAxADMAMgA0ADcAOAA2ADcAOQA3ADcANgAyAFwAcwBvAHUAcgBjAGUAJwAKACQARABlAGIAdQBnAFAAcgBlAGYAZQByAGUAbgBjAGUAIAA9ACAAIgBDAG8AbgB0AGkAbgB1AGUAIgAKACQARQByAHIAbwByAEEAYwB0AGkAbwBuAFAAcgBlAGYAZQByAGUAbgBjAGUAIAA9ACAAIgBTAHQAbwBwACIACgBTAGUAdAAtAFMAdAByAGkAYwB0AE0AbwBkAGUAIAAtAFYAZQByAHMAaQBvAG4AIAAyAAoAJABmAGQAIAA9ACAAWwBTAHkAcwB0AGUAbQAuAEkATwAuAEYAaQBsAGUAXQA6ADoAQwByAGUAYQB0AGUAKAAkAHAAYQB0AGgAKQAKACQAcwBoAGEAMQAgAD0AIABbAFMAeQBzAHQAZQBtAC4AUwBlAGMAdQByAGkAdAB5AC4AQwByAHkAcAB0AG8AZwByAGEAcABoAHkALgBTAEgAQQAxAEMAcgB5AHAAdABvAFMAZQByAHYAaQBjAGUAUAByAG8AdgBpAGQAZQByAF0AOgA6AEMAcgBlAGEAdABlACgAKQAKACQAYgB5AHQAZQBzACAAPQAgAEAAKAApACAAIwBpAG4AaQB0AGkAYQBsAGkAegBlACAAZgBvAHIAIABlAG0AcAB0AHkAIABmAGkAbABlACAAYwBhAHMAZQAKAH0ACgBwAHIAbwBjAGUAcwBzACAAewAKACQAYgB5AHQAZQBzACAAPQAgAFsAUwB5AHMAdABlAG0ALgBDAG8AbgB2AGUAcgB0AF0AOgA6AEYAcgBvAG0AQgBhAHMAZQA2ADQAUwB0AHIAaQBuAGcAKAAkAGkAbgBwAHUAdAApAAoAJABzAGgAYQAxAC4AVAByAGEAbgBzAGYAbwByAG0AQgBsAG8AYwBrACgAJABiAHkAdABlAHMALAAgADAALAAgACQAYgB5AHQAZQBzAC4ATABlAG4AZwB0AGgALAAgACQAYgB5AHQAZQBzACwAIAAwACkAIAB8ACAATwB1AHQALQBOAHUAbABsAAoAJABmAGQALgBXAHIAaQB0AGUAKAAkAGIAeQB0AGUAcwAsACAAMAAsACAAJABiAHkAdABlAHMALgBMAGUAbgBnAHQAaAApAAoAfQAKAGUAbgBkACAAewAKACQAcwBoAGEAMQAuAFQAcgBhAG4AcwBmAG8AcgBtAEYAaQBuAGEAbABCAGwAbwBjAGsAKAAkAGIAeQB0AGUAcwAsACAAMAAsACAAMAApACAAfAAgAE8AdQB0AC0ATgB1AGwAbAAKACQAaABhAHMAaAAgAD0AIABbAFMAeQBzAHQAZQBtAC4AQgBpAHQAQwBvAG4AdgBlAHIAdABlAHIAXQA6ADoAVABvAFMAdAByAGkAbgBnACgAJABzAGgAYQAxAC4ASABhAHMAaAApAC4AUgBlAHAAbABhAGMAZQAoACIALQAiACwAIAAiACIAKQAuAFQAbwBMAG8AdwBlAHIASQBuAHYAYQByAGkAYQBuAHQAKAApAAoAJABmAGQALgBDAGwAbwBzAGUAKAApAAoAVwByAGkAdABlAC0ATwB1AHQAcAB1AHQAIAAiAHsAIgAiAHMAaABhADEAIgAiADoAIgAiACQAaABhAHMAaAAiACIAfQAiAAoAfQA=\",\"Computer\":\"win-dc-jhernandez-17500-200.attackrange.local\",\"Correlation_ActivityID\":\"\",\"EventID\":\"4688\",\"EventRecordID\":\"305511\",\"Execution_ProcessID\":\"4\",\"Execution_ThreadID\":\"2536\",\"Image\":\"C:\\\\Windows\\\\System32\\\\WindowsPowerShell\\\\v1.0\\\\powershell.exe\",\"Keywords\":\"0\",\"Level\":\"0\",\"MandatoryLabel\":\"S-1-16-12288\",\"Match_Strings\":\"OgA6AEYAcgBvAG0AQgBhAHMAZQA2ADQAUwB0AHIAaQBuAGcA in CommandLine\",\"Module\":\"Sigma\",\"NewProcessId\":\"3868\",\"Opcode\":\"0\",\"ParentImage\":\"C:\\\\Windows\\\\System32\\\\cmd.exe\",\"ProcessId\":\"980\",\"Provider_Guid\":\"{54849625-5478-4994-A5BA-3E3B0328C30D}\",\"Provider_Name\":\"Microsoft-Windows-Security-Auditing\",\"Rule_Author\":\"Florian Roth\",\"Rule_Description\":\"Detects a base64 encoded FromBase64String keyword in a process command line\",\"Rule_FalsePositives\":\"Unknown\",\"Rule_Id\":\"fdb62a13-9a81-4e5c-a38f-ea93a16f6d7c\",\"Rule_Level\":\"critical\",\"Rule_Link\":\"https://github.com/SigmaHQ/sigma/blob/0.20-3312-gfbf1b845/rules/windows/process_creation/proc_creation_win_encoded_frombase64string.yml\",\"Rule_Modified\":\"2022/03/07\",\"Rule_Path\":\"public\\\\windows\\\\process_creation\\\\proc_creation_win_encoded_frombase64string.yml\",\"Rule_References\":\"\",\"Rule_Sigtype\":\"public\",\"Rule_Title\":\"Encoded FromBase64String\",\"Security_UserID\":\"\",\"Source\":\"Security\",\"SubjectDomainName\":\"ATTACKRANGE\",\"SubjectLogonId\":\"0x130b98\",\"SubjectUserName\":\"Administrator\",\"SubjectUserSid\":\"S-1-5-21-3651310434-676309764-3668584008-500\",\"TargetDomainName\":\"-\",\"TargetLogonId\":\"0x0\",\"TargetUserName\":\"-\",\"TargetUserSid\":\"S-1-0-0\",\"Task\":\"13312\",\"TimeCreated_SystemTime\":\"2022-03-18T16:10:26.1095933Z\",\"TokenElevationType\":\"%%1936\",\"Version\":\"2\",\"level\":\"alert\",\"msg\":\"Sigma match found\",\"time\":\"2022-03-18T16:10:27Z\"}","_time":"2022-03-18T16:10:27.000+0000","eventtype":["nix-all-logs","nix_errors"],"host":"WIN-DC-JHERNAND","index":"win","linecount":"1","punct":"{\"\":\"__-_-_-__-_=\",\"\":\"----..\",\"\":\"\",\"\":\"\",\"\":\"\",\"","source":"C:\\aurora-agent-lite-win-pack\\aurora_alerts.json.log","sourcetype":"aurora-edr","splunk_server":"splunk-server-jhernandez-17500-9244","tag":"error","tag::eventtype":"error","timestamp":"none"}}
{"preview":false,"result":{"_raw":"{\"CommandLine\":\"C:\\\\Windows\\\\system32\\\\cmd.exe /C PowerShell -NoProfile -NonInteractive -ExecutionPolicy Unrestricted -EncodedCommand YgBlAGcAaQBuACAAewAKACQAcABhAHQAaAAgAD0AIAAnAEMAOgBcAFUAcwBlAHIAcwBcAEEAZABtAGkAbgBpAHMAdAByAGEAdABvAHIAXABBAHAAcABEAGEAdABhAFwATABvAGMAYQBsAFwAVABlAG0AcABcAGEAbgBzAGkAYgBsAGUALQB0AG0AcAAtADEANgA0ADcANgAxADkAOAAyADMALgAwADcAOAA1ADgANAA0AC0AMQA4ADgAMwA4ADMAMgAtADIAMAAxADMAMgA0ADcAOAA2ADcAOQA3ADcANgAyAFwAcwBvAHUAcgBjAGUAJwAKACQARABlAGIAdQBnAFAAcgBlAGYAZQByAGUAbgBjAGUAIAA9ACAAIgBDAG8AbgB0AGkAbgB1AGUAIgAKACQARQByAHIAbwByAEEAYwB0AGkAbwBuAFAAcgBlAGYAZQByAGUAbgBjAGUAIAA9ACAAIgBTAHQAbwBwACIACgBTAGUAdAAtAFMAdAByAGkAYwB0AE0AbwBkAGUAIAAtAFYAZQByAHMAaQBvAG4AIAAyAAoAJABmAGQAIAA9ACAAWwBTAHkAcwB0AGUAbQAuAEkATwAuAEYAaQBsAGUAXQA6ADoAQwByAGUAYQB0AGUAKAAkAHAAYQB0AGgAKQAKACQAcwBoAGEAMQAgAD0AIABbAFMAeQBzAHQAZQBtAC4AUwBlAGMAdQByAGkAdAB5AC4AQwByAHkAcAB0AG8AZwByAGEAcABoAHkALgBTAEgAQQAxAEMAcgB5AHAAdABvAFMAZQByAHYAaQBjAGUAUAByAG8AdgBpAGQAZQByAF0AOgA6AEMAcgBlAGEAdABlACgAKQAKACQAYgB5AHQAZQBzACAAPQAgAEAAKAApACAAIwBpAG4AaQB0AGkAYQBsAGkAegBlACAAZgBvAHIAIABlAG0AcAB0AHkAIABmAGkAbABlACAAYwBhAHMAZQAKAH0ACgBwAHIAbwBjAGUAcwBzACAAewAKACQAYgB5AHQAZQBzACAAPQAgAFsAUwB5AHMAdABlAG0ALgBDAG8AbgB2AGUAcgB0AF0AOgA6AEYAcgBvAG0AQgBhAHMAZQA2ADQAUwB0AHIAaQBuAGcAKAAkAGkAbgBwAHUAdAApAAoAJABzAGgAYQAxAC4AVAByAGEAbgBzAGYAbwByAG0AQgBsAG8AYwBrACgAJABiAHkAdABlAHMALAAgADAALAAgACQAYgB5AHQAZQBzAC4ATABlAG4AZwB0AGgALAAgACQAYgB5AHQAZQBzACwAIAAwACkAIAB8ACAATwB1AHQALQBOAHUAbABsAAoAJABmAGQALgBXAHIAaQB0AGUAKAAkAGIAeQB0AGUAcwAsACAAMAAsACAAJABiAHkAdABlAHMALgBMAGUAbgBnAHQAaAApAAoAfQAKAGUAbgBkACAAewAKACQAcwBoAGEAMQAuAFQAcgBhAG4AcwBmAG8AcgBtAEYAaQBuAGEAbABCAGwAbwBjAGsAKAAkAGIAeQB0AGUAcwAsACAAMAAsACAAMAApACAAfAAgAE8AdQB0AC0ATgB1AGwAbAAKACQAaABhAHMAaAAgAD0AIABbAFMAeQBzAHQAZQBtAC4AQgBpAHQAQwBvAG4AdgBlAHIAdABlAHIAXQA6ADoAVABvAFMAdAByAGkAbgBnACgAJABzAGgAYQAxAC4ASABhAHMAaAApAC4AUgBlAHAAbABhAGMAZQAoACIALQAiACwAIAAiACIAKQAuAFQAbwBMAG8AdwBlAHIASQBuAHYAYQByAGkAYQBuAHQAKAApAAoAJABmAGQALgBDAGwAbwBzAGUAKAApAAoAVwByAGkAdABlAC0ATwB1AHQAcAB1AHQAIAAiAHsAIgAiAHMAaABhADEAIgAiADoAIgAiACQAaABhAHMAaAAiACIAfQAiAAoAfQA=\",\"Computer\":\"win-dc-jhernandez-17500-200.attackrange.local\",\"Correlation_ActivityID\":\"\",\"EventID\":\"4688\",\"EventRecordID\":\"305510\",\"Execution_ProcessID\":\"4\",\"Execution_ThreadID\":\"2536\",\"Image\":\"C:\\\\Windows\\\\System32\\\\cmd.exe\",\"Keywords\":\"0\",\"Level\":\"0\",\"MandatoryLabel\":\"S-1-16-12288\",\"Match_Strings\":\"OgA6AEYAcgBvAG0AQgBhAHMAZQA2ADQAUwB0AHIAaQBuAGcA in CommandLine\",\"Module\":\"Sigma\",\"NewProcessId\":\"980\",\"Opcode\":\"0\",\"ParentImage\":\"C:\\\\Windows\\\\System32\\\\winrshost.exe\",\"ProcessId\":\"1076\",\"Provider_Guid\":\"{54849625-5478-4994-A5BA-3E3B0328C30D}\",\"Provider_Name\":\"Microsoft-Windows-Security-Auditing\",\"Rule_Author\":\"Florian Roth\",\"Rule_Description\":\"Detects a base64 encoded FromBase64String keyword in a process command line\",\"Rule_FalsePositives\":\"Unknown\",\"Rule_Id\":\"fdb62a13-9a81-4e5c-a38f-ea93a16f6d7c\",\"Rule_Level\":\"critical\",\"Rule_Link\":\"https://github.com/SigmaHQ/sigma/blob/0.20-3312-gfbf1b845/rules/windows/process_creation/proc_creation_win_encoded_frombase64string.yml\",\"Rule_Modified\":\"2022/03/07\",\"Rule_Path\":\"public\\\\windows\\\\process_creation\\\\proc_creation_win_encoded_frombase64string.yml\",\"Rule_References\":\"\",\"Rule_Sigtype\":\"public\",\"Rule_Title\":\"Encoded FromBase64String\",\"Security_UserID\":\"\",\"Source\":\"Security\",\"SubjectDomainName\":\"ATTACKRANGE\",\"SubjectLogonId\":\"0x130b98\",\"SubjectUserName\":\"Administrator\",\"SubjectUserSid\":\"S-1-5-21-3651310434-676309764-3668584008-500\",\"TargetDomainName\":\"-\",\"TargetLogonId\":\"0x0\",\"TargetUserName\":\"-\",\"TargetUserSid\":\"S-1-0-0\",\"Task\":\"13312\",\"TimeCreated_SystemTime\":\"2022-03-18T16:10:26.1051364Z\",\"TokenElevationType\":\"%%1936\",\"Version\":\"2\",\"level\":\"alert\",\"msg\":\"Sigma match found\",\"time\":\"2022-03-18T16:10:27Z\"}","_time":"2022-03-18T16:10:27.000+0000","eventtype":["nix-all-logs","nix_errors"],"host":"WIN-DC-JHERNAND","index":"win","linecount":"1","punct":"{\"\":\":\\\\\\\\\\\\._/__-_-_-__-_=\",\"\":\"----..\",\"\":\"\",\"\":","source":"C:\\aurora-agent-lite-win-pack\\aurora_alerts.json.log","sourcetype":"aurora-edr","splunk_server":"splunk-server-jhernandez-17500-9244","tag":"error","tag::eventtype":"error","timestamp":"none"}}
{"preview":false,"result":{"_raw":"{\"CommandLine\":\"\\\"C:\\\\Windows\\\\System32\\\\WindowsPowerShell\\\\v1.0\\\\powershell.exe\\\" -NoProfile -NonInteractive -ExecutionPolicy Unrestricted -EncodedCommand UwBlAHQALQBTAHQAcgBpAGMAdABNAG8AZABlACAALQBWAGUAcgBzAGkAbwBuACAATABhAHQAZQBzAHQACgAkAHQAbQBwAF8AcABhAHQAaAAgAD0AIABbAFMAeQBzAHQAZQBtAC4ARQBuAHYAaQByAG8AbgBtAGUAbgB0AF0AOgA6AEUAeABwAGEAbgBkAEUAbgB2AGkAcgBvAG4AbQBlAG4AdABWAGEAcgBpAGEAYgBsAGUAcwAoACcAJQBUAEUATQBQACUAJwApAAoAJAB0AG0AcAAgAD0AIABOAGUAdwAtAEkAdABlAG0AIAAtAFQAeQBwAGUAIABEAGkAcgBlAGMAdABvAHIAeQAgAC0AUABhAHQAaAAgACQAdABtAHAAXwBwAGEAdABoACAALQBOAGEAbQBlACAAJwBhAG4AcwBpAGIAbABlAC0AdABtAHAALQAxADYANAA3ADYAMQA5ADgAMgAzAC4AMAA3ADgANQA4ADQANAAtADEAOAA4ADMAOAAzADIALQAyADAAMQAzADIANAA3ADgANgA3ADkANwA3ADYAMgAnAAoAVwByAGkAdABlAC0ATwB1AHQAcAB1AHQAIAAtAEkAbgBwAHUAdABPAGIAagBlAGMAdAAgACQAdABtAHAALgBGAHUAbABsAE4AYQBtAGUACgBJAGYAIAAoAC0AbgBvAHQAIAAkAD8AKQAgAHsAIABJAGYAIAAoAEcAZQB0AC0AVgBhAHIAaQBhAGIAbABlACAATABBAFMAVABFAFgASQBUAEMATwBEAEUAIAAtAEUAcgByAG8AcgBBAGMAdABpAG8AbgAgAFMAaQBsAGUAbgB0AGwAeQBDAG8AbgB0AGkAbgB1AGUAKQAgAHsAIABlAHgAaQB0ACAAJABMAEEAUwBUAEUAWABJAFQAQwBPAEQARQAgAH0AIABFAGwAcwBlACAAewAgAGUAeABpAHQAIAAxACAAfQAgAH0A\",\"Computer\":\"win-dc-jhernandez-17500-200.attackrange.local\",\"Correlation_ActivityID\":\"\",\"EventID\":\"4688\",\"EventRecordID\":\"305458\",\"Execution_ProcessID\":\"4\",\"Execution_ThreadID\":\"896\",\"Image\":\"C:\\\\Windows\\\\System32\\\\WindowsPowerShell\\\\v1.0\\\\powershell.exe\",\"Keywords\":\"0\",\"Level\":\"0\",\"MandatoryLabel\":\"S-1-16-12288\",\"Match_Strings\":\"' -E' in CommandLine, ' -E' in CommandLine, ' UwB' in CommandLine\",\"Module\":\"Sigma\",\"NewProcessId\":\"4896\",\"Opcode\":\"0\",\"ParentImage\":\"C:\\\\Windows\\\\System32\\\\WindowsPowerShell\\\\v1.0\\\\powershell.exe\",\"ProcessId\":\"5028\",\"Provider_Guid\":\"{54849625-5478-4994-A5BA-3E3B0328C30D}\",\"Provider_Name\":\"Microsoft-Windows-Security-Auditing\",\"Rule_Author\":\"Florian Roth, Markus Neis, Jonhnathan Ribeiro, Daniil Yugoslavskiy, Anton Kutepov, oscd.community\",\"Rule_Description\":\"Detects suspicious powershell process starts with base64 encoded commands (e.g. Emotet)\",\"Rule_FalsePositives\":\"\",\"Rule_Id\":\"ca2092a1-c273-4878-9b4b-0d60115bf5ea\",\"Rule_Level\":\"high\",\"Rule_Link\":\"https://github.com/SigmaHQ/sigma/blob/0.20-3312-gfbf1b845/rules/windows/process_creation/proc_creation_win_susp_powershell_enc_cmd.yml\",\"Rule_Modified\":\"2021/03/02\",\"Rule_Path\":\"public\\\\windows\\\\process_creation\\\\proc_creation_win_susp_powershell_enc_cmd.yml\",\"Rule_References\":\"https://app.any.run/tasks/6217d77d-3189-4db2-a957-8ab239f3e01e\",\"Rule_Sigtype\":\"public\",\"Rule_Title\":\"Suspicious Encoded PowerShell Command Line\",\"Security_UserID\":\"\",\"Source\":\"Security\",\"SubjectDomainName\":\"ATTACKRANGE\",\"SubjectLogonId\":\"0x130b98\",\"SubjectUserName\":\"Administrator\",\"SubjectUserSid\":\"S-1-5-21-3651310434-676309764-3668584008-500\",\"TargetDomainName\":\"-\",\"TargetLogonId\":\"0x0\",\"TargetUserName\":\"-\",\"TargetUserSid\":\"S-1-0-0\",\"Task\":\"13312\",\"TimeCreated_SystemTime\":\"2022-03-18T16:10:23.4487881Z\",\"TokenElevationType\":\"%%1936\",\"Version\":\"2\",\"level\":\"warning\",\"msg\":\"Sigma match found\",\"time\":\"2022-03-18T16:10:27Z\"}","_time":"2022-03-18T16:10:27.000+0000","eventtype":"nix-all-logs","host":"WIN-DC-JHERNAND","index":"win","linecount":"1","punct":"{\"\":\"\\\":\\\\\\\\\\\\\\\\.\\\\.\\\"_-_-_-__-_\",\"\":\"----..\",\"\":\"","source":"C:\\aurora-agent-lite-win-pack\\aurora_alerts.json.log","sourcetype":"aurora-edr","splunk_server":"splunk-server-jhernandez-17500-9244","timestamp":"none"}}
{"preview":false,"result":{"_raw":"{\"Computer\":\"win-dc-jhernandez-17500-200\",\"Correlation_ActivityID\":\"{28083AC2-3AE2-0005-1C40-0828E23AD801}\",\"EventID\":\"4104\",\"Execution_ProcessID\":\"4108\",\"Execution_ThreadID\":\"1232\",\"Keywords\":\"0x0\",\"Level\":\"3\",\"Match_Strings\":\"ls in ScriptBlockText, ls in ScriptBlockText, 'Select-String ' in ScriptBlockText, '-Pattern ' in ScriptBlockText, ' -r' in ScriptBlockText, ' -R' in ScriptBlockText, ls in ScriptBlockText, ' -R' in ScriptBlockText, ls in ScriptBlockText, ' -R' in ScriptBlockText, ls in ScriptBlockText, ls in ScriptBlockText, ls in ScriptBlockText\",\"MessageNumber\":\"1\",\"MessageTotal\":\"1\",\"Module\":\"Sigma\",\"Opcode\":\"15\",\"Path\":\"\",\"Provider_Guid\":\"{A0C1853B-5C40-4B15-8766-3CF1C58F985A}\",\"Provider_Name\":\"Microsoft-Windows-PowerShell\",\"Rule_Author\":\"frack113\",\"Rule_Description\":\"Adversaries may search local file systems and remote file shares for files containing insecurely stored credentials.\\nThese can be files created by users to store their own credentials, shared credential stores for a group of individuals,\\nconfiguration files containing passwords for a system or service, or source code/binary files containing embedded passwords.\\n\",\"Rule_FalsePositives\":\"Unknown\",\"Rule_Id\":\"bd5971a7-626d-46ab-8176-ed643f694f68\",\"Rule_Level\":\"medium\",\"Rule_Link\":\"https://github.com/SigmaHQ/sigma/blob/0.20-3312-gfbf1b845/rules/windows/powershell/powershell_script/posh_ps_suspicious_extracting.yml\",\"Rule_Modified\":\"2021/12/19\",\"Rule_Path\":\"public\\\\windows\\\\powershell\\\\powershell_script\\\\posh_ps_suspicious_extracting.yml\",\"Rule_References\":\"https://github.com/redcanaryco/atomic-red-team/blob/master/atomics/T1552.001/T1552.001.md\",\"Rule_Sigtype\":\"public\",\"Rule_Title\":\"Extracting Information with PowerShell\",\"ScriptBlockId\":\"629f8712-25b9-4f00-af21-f75a79502627\",\"ScriptBlockText\":\"#!powershell\\n\\n# Copyright: (c) 2015, Paul Durivage \\u003cpaul.durivage@rackspace.com\\u003e\\n# Copyright: (c) 2015, Tal Auslander \\u003ctal@cloudshare.com\\u003e\\n# Copyright: (c) 2017, Dag Wieers \\u003cdag@wieers.com\\u003e\\n# Copyright: (c) 2019, Viktor Utkin \\u003cviktor_utkin@epam.com\\u003e\\n# Copyright: (c) 2019, Uladzimir Klybik \\u003culadzimir_klybik@epam.com\\u003e\\n# GNU General Public License v3.0+ (see COPYING or https://www.gnu.org/licenses/gpl-3.0.txt)\\n\\n#AnsibleRequires -CSharpUtil Ansible.Basic\\n#Requires -Module Ansible.ModuleUtils.FileUtil\\n#Requires -Module Ansible.ModuleUtils.WebRequest\\n\\n$spec = @{\\n    options = @{\\n        dest = @{ type='path'; required=$true }\\n        force = @{ type='bool'; default=$true }\\n        checksum = @{ type='str' }\\n        checksum_algorithm = @{ type='str'; default='sha1'; choices = @(\\\"md5\\\", \\\"sha1\\\", \\\"sha256\\\", \\\"sha384\\\", \\\"sha512\\\") }\\n        checksum_url = @{ type='str' }\\n    }\\n    mutually_exclusive = @(\\n        ,@('checksum', 'checksum_url')\\n    )\\n    supports_check_mode = $true\\n}\\n$spec.options += $ansible_web_request_options\\n\\n$module = [Ansible.Basic.AnsibleModule]::Create($args, $spec)\\n\\n$url = $module.Params.url\\n$dest = $module.Params.dest\\n$force = $module.Params.force\\n$checksum = $module.Params.checksum\\n$checksum_algorithm = $module.Params.checksum_algorithm\\n$checksum_url = $module.Params.checksum_url\\n\\n$module.Result.elapsed = 0\\n$module.Result.url = $url\\n\\nFunction Get-ChecksumFromUri {\\n    param(\\n        [Parameter(Mandatory=$true)][Ansible.Basic.AnsibleModule]$Module,\\n        [Parameter(Mandatory=$true)][Uri]$Uri,\\n        [Uri]$SourceUri\\n    )\\n\\n    $script = {\\n        param($Response, $Stream)\\n\\n        $read_stream = New-Object -TypeName System.IO.StreamReader -ArgumentList $Stream\\n        $web_checksum = $read_stream.ReadToEnd()\\n        $basename = (Split-Path -Path $SourceUri.LocalPath -Leaf)\\n        $basename = [regex]::Escape($basename)\\n        $web_checksum_str = $web_checksum -split '\\\\r?\\\\n' | Select-String -Pattern $(\\\"\\\\s+\\\\.?\\\\/?\\\\\\\\?\\\" + $basename + \\\"\\\\s*$\\\")\\n        if (-not $web_checksum_str) {\\n            $Module.FailJson(\\\"Checksum record not found for file name '$basename' in file from url: '$Uri'\\\")\\n        }\\n\\n        $web_checksum_str_splitted = $web_checksum_str[0].ToString().split(\\\" \\\", 2)\\n        $hash_from_file = $web_checksum_str_splitted[0].Trim()\\n        # Remove any non-alphanumeric characters\\n        $hash_from_file = $hash_from_file -replace '\\\\W+', ''\\n\\n        Write-Output -InputObject $hash_from_file\\n    }\\n    $web_request = Get-AnsibleWebRequest -Uri $Uri -Module $Module\\n\\n    try {\\n        Invoke-WithWebRequest -Module $Module -Request $web_request -Script $script\\n    } catch {\\n        $Module.FailJson(\\\"Error when getting the remote checksum from '$Uri'. $($_.Exception.Message)\\\", $_)\\n    }\\n}\\n\\nFunction Compare-ModifiedFile {\\n    \\u003c#\\n    .SYNOPSIS\\n    Compares the remote URI resource against the local Dest resource. Will\\n    return true if the LastWriteTime/LastModificationDate of the remote is\\n    newer than the local resource date.\\n    #\\u003e\\n    param(\\n        [Parameter(Mandatory=$true)][Ansible.Basic.AnsibleModule]$Module,\\n        [Parameter(Mandatory=$true)][Uri]$Uri,\\n        [Parameter(Mandatory=$true)][String]$Dest\\n    )\\n\\n    $dest_last_mod = (Get-AnsibleItem -Path $Dest).LastWriteTimeUtc\\n\\n    # If the URI is a file we don't need to go through the whole WebRequest\\n    if ($Uri.IsFile) {\\n        $src_last_mod = (Get-AnsibleItem -Path $Uri.AbsolutePath).LastWriteTimeUtc\\n    } else {\\n        $web_request = Get-AnsibleWebRequest -Uri $Uri -Module $Module\\n        $web_request.Method = switch ($web_request.GetType().Name) {\\n            FtpWebRequest { [System.Net.WebRequestMethods+Ftp]::GetDateTimestamp }\\n            HttpWebRequest { [System.Net.WebRequestMethods+Http]::Head }\\n        }\\n        $script = { param($Response, $Stream); $Response.LastModified }\\n\\n        try {\\n            $src_last_mod = Invoke-WithWebRequest -Module $Module -Request $web_request -Script $script\\n        } catch {\\n            $Module.FailJson(\\\"Error when requesting 'Last-Modified' date from '$Uri'. $($_.Exception.Message)\\\", $_)\\n        }\\n    }\\n\\n    # Return $true if the Uri LastModification date is newer than the Dest LastModification date\\n    ((Get-Date -Date $src_last_mod).ToUniversalTime() -gt $dest_last_mod)\\n}\\n\\nFunction Get-Checksum {\\n    param(\\n        [Parameter(Mandatory=$true)][String]$Path,\\n        [String]$Algorithm = \\\"sha1\\\"\\n    )\\n\\n    switch ($Algorithm) {\\n        'md5' { $sp = New-Object -TypeName System.Security.Cryptography.MD5CryptoServiceProvider }\\n        'sha1' { $sp = New-Object -TypeName System.Security.Cryptography.SHA1CryptoServiceProvider }\\n        'sha256' { $sp = New-Object -TypeName System.Security.Cryptography.SHA256CryptoServiceProvider }\\n        'sha384' { $sp = New-Object -TypeName System.Security.Cryptography.SHA384CryptoServiceProvider }\\n        'sha512' { $sp = New-Object -TypeName System.Security.Cryptography.SHA512CryptoServiceProvider }\\n    }\\n\\n    $fs = [System.IO.File]::Open($Path, [System.IO.Filemode]::Open, [System.IO.FileAccess]::Read,\\n        [System.IO.FileShare]::ReadWrite)\\n    try {\\n        $hash = [System.BitConverter]::ToString($sp.ComputeHash($fs)).Replace(\\\"-\\\", \\\"\\\").ToLower()\\n    } finally {\\n        $fs.Dispose()\\n    }\\n    return $hash\\n}\\n\\nFunction Invoke-DownloadFile {\\n    param(\\n        [Parameter(Mandatory=$true)][Ansible.Basic.AnsibleModule]$Module,\\n        [Parameter(Mandatory=$true)][Uri]$Uri,\\n        [Parameter(Mandatory=$true)][String]$Dest,\\n        [String]$Checksum,\\n        [String]$ChecksumAlgorithm\\n    )\\n\\n    # Check $dest parent folder exists before attempting download, which avoids unhelpful generic error message.\\n    $dest_parent = Split-Path -LiteralPath $Dest\\n    if (-not (Test-Path -LiteralPath $dest_parent -PathType Container)) {\\n        $module.FailJson(\\\"The path '$dest_parent' does not exist for destination '$Dest', or is not visible to the current user.  Ensure download destination folder exists (perhaps using win_file state=directory) before win_get_url runs.\\\")\\n    }\\n\\n    $download_script = {\\n        param($Response, $Stream)\\n\\n        # Download the file to a temporary directory so we can compare it\\n        $tmp_dest = Join-Path -Path $Module.Tmpdir -ChildPath ([System.IO.Path]::GetRandomFileName())\\n        $fs = [System.IO.File]::Create($tmp_dest)\\n        try {\\n            $Stream.CopyTo($fs)\\n            $fs.Flush()\\n        } finally {\\n            $fs.Dispose()\\n        }\\n        $tmp_checksum = Get-Checksum -Path $tmp_dest -Algorithm $ChecksumAlgorithm\\n        $Module.Result.checksum_src = $tmp_checksum\\n\\n        # If the checksum has been set, verify the checksum of the remote against the input checksum.\\n        if ($Checksum -and $Checksum -ne $tmp_checksum) {\\n            $Module.FailJson((\\\"The checksum for {0} did not match '{1}', it was '{2}'\\\" -f $Uri, $Checksum, $tmp_checksum))\\n        }\\n\\n        $download = $true\\n        if (Test-Path -LiteralPath $Dest) {\\n            # Validate the remote checksum against the existing downloaded file\\n            $dest_checksum = Get-Checksum -Path $Dest -Algorithm $ChecksumAlgorithm\\n\\n            # If we don't need to download anything, save the dest checksum so we don't waste time calculating it\\n            # again at the end of the script\\n            if ($dest_checksum -eq $tmp_checksum) {\\n                $download = $false\\n                $Module.Result.checksum_dest = $dest_checksum\\n                $Module.Result.size = (Get-AnsibleItem -Path $Dest).Length\\n            }\\n        }\\n\\n        if ($download) {\\n            Copy-Item -LiteralPath $tmp_dest -Destination $Dest -Force -WhatIf:$Module.CheckMode \\u003e $null\\n            $Module.Result.changed = $true\\n        }\\n    }\\n    $web_request = Get-AnsibleWebRequest -Uri $Uri -Module $Module\\n\\n    try {\\n        Invoke-WithWebRequest -Module $Module -Request $web_request -Script $download_script\\n    } catch {\\n        $Module","_time":"2022-03-18T16:10:17.000+0000","eventtype":["err0r","nix-all-logs","nix_errors"],"host":"WIN-DC-JHERNAND","index":"win","linecount":"1","meta":"truncated","punct":"{\"\":\"----\",\"\":\"{----}\",\"\":\"\",\"\":\"\",\"\":\"\",\"\":\"\",\"\":","source":"C:\\aurora-agent-lite-win-pack\\aurora_alerts.json.log","sourcetype":"aurora-edr","splunk_server":"splunk-server-jhernandez-17500-9244","tag":"error","tag::eventtype":"error","timestamp":"none"}}
{"preview":false,"result":{"_raw":"{\"CommandLine\":\"\\\"C:\\\\Windows\\\\System32\\\\WindowsPowerShell\\\\v1.0\\\\powershell.exe\\\" -NoProfile -NonInteractive -ExecutionPolicy Unrestricted -EncodedCommand UwBlAHQALQBTAHQAcgBpAGMAdABNAG8AZABlACAALQBWAGUAcgBzAGkAbwBuACAATABhAHQAZQBzAHQACgBSAGUAbQBvAHYAZQAtAEkAdABlAG0AIAAnAEMAOgBcAFUAcwBlAHIAcwBcAEEAZABtAGkAbgBpAHMAdAByAGEAdABvAHIAXABBAHAAcABEAGEAdABhAFwATABvAGMAYQBsAFwAVABlAG0AcABcAGEAbgBzAGkAYgBsAGUALQB0AG0AcAAtADEANgA0ADcANgAxADkAOAAwADIALgAzADQAOAA2ADcAOAA2AC0AMQA4ADgAMwA2ADUANwAtADEANgA2ADYAOAA1ADAANgAwADYAMQA3ADIANwA3AFwALgAnACAALQBGAG8AcgBjAGUAIAAtAFIAZQBjAHUAcgBzAGUAOwAKAEkAZgAgACgALQBuAG8AdAAgACQAPwApACAAewAgAEkAZgAgACgARwBlAHQALQBWAGEAcgBpAGEAYgBsAGUAIABMAEEAUwBUAEUAWABJAFQAQwBPAEQARQAgAC0ARQByAHIAbwByAEEAYwB0AGkAbwBuACAAUwBpAGwAZQBuAHQAbAB5AEMAbwBuAHQAaQBuAHUAZQApACAAewAgAGUAeABpAHQAIAAkAEwAQQBTAFQARQBYAEkAVABDAE8ARABFACAAfQAgAEUAbABzAGUAIAB7ACAAZQB4AGkAdAAgADEAIAB9ACAAfQA=\",\"Computer\":\"win-dc-jhernandez-17500-200.attackrange.local\",\"Correlation_ActivityID\":\"\",\"EventID\":\"4688\",\"EventRecordID\":\"305052\",\"Execution_ProcessID\":\"4\",\"Execution_ThreadID\":\"896\",\"Image\":\"C:\\\\Windows\\\\System32\\\\WindowsPowerShell\\\\v1.0\\\\powershell.exe\",\"Keywords\":\"0\",\"Level\":\"0\",\"MandatoryLabel\":\"S-1-16-12288\",\"Match_Strings\":\"' -E' in CommandLine, ' -E' in CommandLine, ' UwB' in CommandLine\",\"Module\":\"Sigma\",\"NewProcessId\":\"2700\",\"Opcode\":\"0\",\"ParentImage\":\"C:\\\\Windows\\\\System32\\\\WindowsPowerShell\\\\v1.0\\\\powershell.exe\",\"ProcessId\":\"3236\",\"Provider_Guid\":\"{54849625-5478-4994-A5BA-3E3B0328C30D}\",\"Provider_Name\":\"Microsoft-Windows-Security-Auditing\",\"Rule_Author\":\"Florian Roth, Markus Neis, Jonhnathan Ribeiro, Daniil Yugoslavskiy, Anton Kutepov, oscd.community\",\"Rule_Description\":\"Detects suspicious powershell process starts with base64 encoded commands (e.g. Emotet)\",\"Rule_FalsePositives\":\"\",\"Rule_Id\":\"ca2092a1-c273-4878-9b4b-0d60115bf5ea\",\"Rule_Level\":\"high\",\"Rule_Link\":\"https://github.com/SigmaHQ/sigma/blob/0.20-3312-gfbf1b845/rules/windows/process_creation/proc_creation_win_susp_powershell_enc_cmd.yml\",\"Rule_Modified\":\"2021/03/02\",\"Rule_Path\":\"public\\\\windows\\\\process_creation\\\\proc_creation_win_susp_powershell_enc_cmd.yml\",\"Rule_References\":\"https://app.any.run/tasks/6217d77d-3189-4db2-a957-8ab239f3e01e\",\"Rule_Sigtype\":\"public\",\"Rule_Title\":\"Suspicious Encoded PowerShell Command Line\",\"Security_UserID\":\"\",\"Source\":\"Security\",\"SubjectDomainName\":\"ATTACKRANGE\",\"SubjectLogonId\":\"0x103dfa\",\"SubjectUserName\":\"Administrator\",\"SubjectUserSid\":\"S-1-5-21-3651310434-676309764-3668584008-500\",\"TargetDomainName\":\"-\",\"TargetLogonId\":\"0x0\",\"TargetUserName\":\"-\",\"TargetUserSid\":\"S-1-0-0\",\"Task\":\"13312\",\"TimeCreated_SystemTime\":\"2022-03-18T16:10:06.7952477Z\",\"TokenElevationType\":\"%%1936\",\"Version\":\"2\",\"level\":\"warning\",\"msg\":\"Sigma match found\",\"time\":\"2022-03-18T16:10:16Z\"}","_time":"2022-03-18T16:10:17.000+0000","eventtype":"nix-all-logs","host":"WIN-DC-JHERNAND","index":"win","linecount":"1","punct":"{\"\":\"\\\":\\\\\\\\\\\\\\\\.\\\\.\\\"_-_-_-__-_=\",\"\":\"----..\",\"\":","source":"C:\\aurora-agent-lite-win-pack\\aurora_alerts.json.log","sourcetype":"aurora-edr","splunk_server":"splunk-server-jhernandez-17500-9244","timestamp":"none"}}
{"preview":false,"result":{"_raw":"{\"CommandLine\":\"PowerShell  -NoProfile -NonInteractive -ExecutionPolicy Unrestricted -EncodedCommand YgBlAGcAaQBuACAAewAKACQAcABhAHQAaAAgAD0AIAAnAEMAOgBcAFUAcwBlAHIAcwBcAEEAZABtAGkAbgBpAHMAdAByAGEAdABvAHIAXABBAHAAcABEAGEAdABhAFwATABvAGMAYQBsAFwAVABlAG0AcABcAGEAbgBzAGkAYgBsAGUALQB0AG0AcAAtADEANgA0ADcANgAxADkAOAAwADIALgAzADQAOAA2ADcAOAA2AC0AMQA4ADgAMwA2ADUANwAtADEANgA2ADYAOAA1ADAANgAwADYAMQA3ADIANwA3AFwAcwBvAHUAcgBjAGUAJwAKACQARABlAGIAdQBnAFAAcgBlAGYAZQByAGUAbgBjAGUAIAA9ACAAIgBDAG8AbgB0AGkAbgB1AGUAIgAKACQARQByAHIAbwByAEEAYwB0AGkAbwBuAFAAcgBlAGYAZQByAGUAbgBjAGUAIAA9ACAAIgBTAHQAbwBwACIACgBTAGUAdAAtAFMAdAByAGkAYwB0AE0AbwBkAGUAIAAtAFYAZQByAHMAaQBvAG4AIAAyAAoAJABmAGQAIAA9ACAAWwBTAHkAcwB0AGUAbQAuAEkATwAuAEYAaQBsAGUAXQA6ADoAQwByAGUAYQB0AGUAKAAkAHAAYQB0AGgAKQAKACQAcwBoAGEAMQAgAD0AIABbAFMAeQBzAHQAZQBtAC4AUwBlAGMAdQByAGkAdAB5AC4AQwByAHkAcAB0AG8AZwByAGEAcABoAHkALgBTAEgAQQAxAEMAcgB5AHAAdABvAFMAZQByAHYAaQBjAGUAUAByAG8AdgBpAGQAZQByAF0AOgA6AEMAcgBlAGEAdABlACgAKQAKACQAYgB5AHQAZQBzACAAPQAgAEAAKAApACAAIwBpAG4AaQB0AGkAYQBsAGkAegBlACAAZgBvAHIAIABlAG0AcAB0AHkAIABmAGkAbABlACAAYwBhAHMAZQAKAH0ACgBwAHIAbwBjAGUAcwBzACAAewAKACQAYgB5AHQAZQBzACAAPQAgAFsAUwB5AHMAdABlAG0ALgBDAG8AbgB2AGUAcgB0AF0AOgA6AEYAcgBvAG0AQgBhAHMAZQA2ADQAUwB0AHIAaQBuAGcAKAAkAGkAbgBwAHUAdAApAAoAJABzAGgAYQAxAC4AVAByAGEAbgBzAGYAbwByAG0AQgBsAG8AYwBrACgAJABiAHkAdABlAHMALAAgADAALAAgACQAYgB5AHQAZQBzAC4ATABlAG4AZwB0AGgALAAgACQAYgB5AHQAZQBzACwAIAAwACkAIAB8ACAATwB1AHQALQBOAHUAbABsAAoAJABmAGQALgBXAHIAaQB0AGUAKAAkAGIAeQB0AGUAcwAsACAAMAAsACAAJABiAHkAdABlAHMALgBMAGUAbgBnAHQAaAApAAoAfQAKAGUAbgBkACAAewAKACQAcwBoAGEAMQAuAFQAcgBhAG4AcwBmAG8AcgBtAEYAaQBuAGEAbABCAGwAbwBjAGsAKAAkAGIAeQB0AGUAcwAsACAAMAAsACAAMAApACAAfAAgAE8AdQB0AC0ATgB1AGwAbAAKACQAaABhAHMAaAAgAD0AIABbAFMAeQBzAHQAZQBtAC4AQgBpAHQAQwBvAG4AdgBlAHIAdABlAHIAXQA6ADoAVABvAFMAdAByAGkAbgBnACgAJABzAGgAYQAxAC4ASABhAHMAaAApAC4AUgBlAHAAbABhAGMAZQAoACIALQAiACwAIAAiACIAKQAuAFQAbwBMAG8AdwBlAHIASQBuAHYAYQByAGkAYQBuAHQAKAApAAoAJABmAGQALgBDAGwAbwBzAGUAKAApAAoAVwByAGkAdABlAC0ATwB1AHQAcAB1AHQAIAAiAHsAIgAiAHMAaABhADEAIgAiADoAIgAiACQAaABhAHMAaAAiACIAfQAiAAoAfQA=\",\"Computer\":\"win-dc-jhernandez-17500-200.attackrange.local\",\"Correlation_ActivityID\":\"\",\"EventID\":\"4688\",\"EventRecordID\":\"304994\",\"Execution_ProcessID\":\"4\",\"Execution_ThreadID\":\"464\",\"Image\":\"C:\\\\Windows\\\\System32\\\\WindowsPowerShell\\\\v1.0\\\\powershell.exe\",\"Keywords\":\"0\",\"Level\":\"0\",\"MandatoryLabel\":\"S-1-16-12288\",\"Match_Strings\":\"OgA6AEYAcgBvAG0AQgBhAHMAZQA2ADQAUwB0AHIAaQBuAGcA in CommandLine\",\"Module\":\"Sigma\",\"NewProcessId\":\"4336\",\"Opcode\":\"0\",\"ParentImage\":\"C:\\\\Windows\\\\System32\\\\cmd.exe\",\"ProcessId\":\"4104\",\"Provider_Guid\":\"{54849625-5478-4994-A5BA-3E3B0328C30D}\",\"Provider_Name\":\"Microsoft-Windows-Security-Auditing\",\"Rule_Author\":\"Florian Roth\",\"Rule_Description\":\"Detects a base64 encoded FromBase64String keyword in a process command line\",\"Rule_FalsePositives\":\"Unknown\",\"Rule_Id\":\"fdb62a13-9a81-4e5c-a38f-ea93a16f6d7c\",\"Rule_Level\":\"critical\",\"Rule_Link\":\"https://github.com/SigmaHQ/sigma/blob/0.20-3312-gfbf1b845/rules/windows/process_creation/proc_creation_win_encoded_frombase64string.yml\",\"Rule_Modified\":\"2022/03/07\",\"Rule_Path\":\"public\\\\windows\\\\process_creation\\\\proc_creation_win_encoded_frombase64string.yml\",\"Rule_References\":\"\",\"Rule_Sigtype\":\"public\",\"Rule_Title\":\"Encoded FromBase64String\",\"Security_UserID\":\"\",\"Source\":\"Security\",\"SubjectDomainName\":\"ATTACKRANGE\",\"SubjectLogonId\":\"0x103dfa\",\"SubjectUserName\":\"Administrator\",\"SubjectUserSid\":\"S-1-5-21-3651310434-676309764-3668584008-500\",\"TargetDomainName\":\"-\",\"TargetLogonId\":\"0x0\",\"TargetUserName\":\"-\",\"TargetUserSid\":\"S-1-0-0\",\"Task\":\"13312\",\"TimeCreated_SystemTime\":\"2022-03-18T16:10:05.2057273Z\",\"TokenElevationType\":\"%%1936\",\"Version\":\"2\",\"level\":\"alert\",\"msg\":\"Sigma match found\",\"time\":\"2022-03-18T16:10:16Z\"}","_time":"2022-03-18T16:10:17.000+0000","eventtype":["nix-all-logs","nix_errors"],"host":"WIN-DC-JHERNAND","index":"win","linecount":"1","punct":"{\"\":\"__-_-_-__-_=\",\"\":\"----..\",\"\":\"\",\"\":\"\",\"\":\"\",\"","source":"C:\\aurora-agent-lite-win-pack\\aurora_alerts.json.log","sourcetype":"aurora-edr","splunk_server":"splunk-server-jhernandez-17500-9244","tag":"error","tag::eventtype":"error","timestamp":"none"}}
{"preview":false,"result":{"_raw":"{\"CommandLine\":\"C:\\\\Windows\\\\system32\\\\cmd.exe /C PowerShell -NoProfile -NonInteractive -ExecutionPolicy Unrestricted -EncodedCommand YgBlAGcAaQBuACAAewAKACQAcABhAHQAaAAgAD0AIAAnAEMAOgBcAFUAcwBlAHIAcwBcAEEAZABtAGkAbgBpAHMAdAByAGEAdABvAHIAXABBAHAAcABEAGEAdABhAFwATABvAGMAYQBsAFwAVABlAG0AcABcAGEAbgBzAGkAYgBsAGUALQB0AG0AcAAtADEANgA0ADcANgAxADkAOAAwADIALgAzADQAOAA2ADcAOAA2AC0AMQA4ADgAMwA2ADUANwAtADEANgA2ADYAOAA1ADAANgAwADYAMQA3ADIANwA3AFwAcwBvAHUAcgBjAGUAJwAKACQARABlAGIAdQBnAFAAcgBlAGYAZQByAGUAbgBjAGUAIAA9ACAAIgBDAG8AbgB0AGkAbgB1AGUAIgAKACQARQByAHIAbwByAEEAYwB0AGkAbwBuAFAAcgBlAGYAZQByAGUAbgBjAGUAIAA9ACAAIgBTAHQAbwBwACIACgBTAGUAdAAtAFMAdAByAGkAYwB0AE0AbwBkAGUAIAAtAFYAZQByAHMAaQBvAG4AIAAyAAoAJABmAGQAIAA9ACAAWwBTAHkAcwB0AGUAbQAuAEkATwAuAEYAaQBsAGUAXQA6ADoAQwByAGUAYQB0AGUAKAAkAHAAYQB0AGgAKQAKACQAcwBoAGEAMQAgAD0AIABbAFMAeQBzAHQAZQBtAC4AUwBlAGMAdQByAGkAdAB5AC4AQwByAHkAcAB0AG8AZwByAGEAcABoAHkALgBTAEgAQQAxAEMAcgB5AHAAdABvAFMAZQByAHYAaQBjAGUAUAByAG8AdgBpAGQAZQByAF0AOgA6AEMAcgBlAGEAdABlACgAKQAKACQAYgB5AHQAZQBzACAAPQAgAEAAKAApACAAIwBpAG4AaQB0AGkAYQBsAGkAegBlACAAZgBvAHIAIABlAG0AcAB0AHkAIABmAGkAbABlACAAYwBhAHMAZQAKAH0ACgBwAHIAbwBjAGUAcwBzACAAewAKACQAYgB5AHQAZQBzACAAPQAgAFsAUwB5AHMAdABlAG0ALgBDAG8AbgB2AGUAcgB0AF0AOgA6AEYAcgBvAG0AQgBhAHMAZQA2ADQAUwB0AHIAaQBuAGcAKAAkAGkAbgBwAHUAdAApAAoAJABzAGgAYQAxAC4AVAByAGEAbgBzAGYAbwByAG0AQgBsAG8AYwBrACgAJABiAHkAdABlAHMALAAgADAALAAgACQAYgB5AHQAZQBzAC4ATABlAG4AZwB0AGgALAAgACQAYgB5AHQAZQBzACwAIAAwACkAIAB8ACAATwB1AHQALQBOAHUAbABsAAoAJABmAGQALgBXAHIAaQB0AGUAKAAkAGIAeQB0AGUAcwAsACAAMAAsACAAJABiAHkAdABlAHMALgBMAGUAbgBnAHQAaAApAAoAfQAKAGUAbgBkACAAewAKACQAcwBoAGEAMQAuAFQAcgBhAG4AcwBmAG8AcgBtAEYAaQBuAGEAbABCAGwAbwBjAGsAKAAkAGIAeQB0AGUAcwAsACAAMAAsACAAMAApACAAfAAgAE8AdQB0AC0ATgB1AGwAbAAKACQAaABhAHMAaAAgAD0AIABbAFMAeQBzAHQAZQBtAC4AQgBpAHQAQwBvAG4AdgBlAHIAdABlAHIAXQA6ADoAVABvAFMAdAByAGkAbgBnACgAJABzAGgAYQAxAC4ASABhAHMAaAApAC4AUgBlAHAAbABhAGMAZQAoACIALQAiACwAIAAiACIAKQAuAFQAbwBMAG8AdwBlAHIASQBuAHYAYQByAGkAYQBuAHQAKAApAAoAJABmAGQALgBDAGwAbwBzAGUAKAApAAoAVwByAGkAdABlAC0ATwB1AHQAcAB1AHQAIAAiAHsAIgAiAHMAaABhADEAIgAiADoAIgAiACQAaABhAHMAaAAiACIAfQAiAAoAfQA=\",\"Computer\":\"win-dc-jhernandez-17500-200.attackrange.local\",\"Correlation_ActivityID\":\"\",\"EventID\":\"4688\",\"EventRecordID\":\"304993\",\"Execution_ProcessID\":\"4\",\"Execution_ThreadID\":\"464\",\"Image\":\"C:\\\\Windows\\\\System32\\\\cmd.exe\",\"Keywords\":\"0\",\"Level\":\"0\",\"MandatoryLabel\":\"S-1-16-12288\",\"Match_Strings\":\"OgA6AEYAcgBvAG0AQgBhAHMAZQA2ADQAUwB0AHIAaQBuAGcA in CommandLine\",\"Module\":\"Sigma\",\"NewProcessId\":\"4104\",\"Opcode\":\"0\",\"ParentImage\":\"C:\\\\Windows\\\\System32\\\\winrshost.exe\",\"ProcessId\":\"4960\",\"Provider_Guid\":\"{54849625-5478-4994-A5BA-3E3B0328C30D}\",\"Provider_Name\":\"Microsoft-Windows-Security-Auditing\",\"Rule_Author\":\"Florian Roth\",\"Rule_Description\":\"Detects a base64 encoded FromBase64String keyword in a process command line\",\"Rule_FalsePositives\":\"Unknown\",\"Rule_Id\":\"fdb62a13-9a81-4e5c-a38f-ea93a16f6d7c\",\"Rule_Level\":\"critical\",\"Rule_Link\":\"https://github.com/SigmaHQ/sigma/blob/0.20-3312-gfbf1b845/rules/windows/process_creation/proc_creation_win_encoded_frombase64string.yml\",\"Rule_Modified\":\"2022/03/07\",\"Rule_Path\":\"public\\\\windows\\\\process_creation\\\\proc_creation_win_encoded_frombase64string.yml\",\"Rule_References\":\"\",\"Rule_Sigtype\":\"public\",\"Rule_Title\":\"Encoded FromBase64String\",\"Security_UserID\":\"\",\"Source\":\"Security\",\"SubjectDomainName\":\"ATTACKRANGE\",\"SubjectLogonId\":\"0x103dfa\",\"SubjectUserName\":\"Administrator\",\"SubjectUserSid\":\"S-1-5-21-3651310434-676309764-3668584008-500\",\"TargetDomainName\":\"-\",\"TargetLogonId\":\"0x0\",\"TargetUserName\":\"-\",\"TargetUserSid\":\"S-1-0-0\",\"Task\":\"13312\",\"TimeCreated_SystemTime\":\"2022-03-18T16:10:05.1996529Z\",\"TokenElevationType\":\"%%1936\",\"Version\":\"2\",\"level\":\"alert\",\"msg\":\"Sigma match found\",\"time\":\"2022-03-18T16:10:16Z\"}","_time":"2022-03-18T16:10:17.000+0000","eventtype":["nix-all-logs","nix_errors"],"host":"WIN-DC-JHERNAND","index":"win","linecount":"1","punct":"{\"\":\":\\\\\\\\\\\\._/__-_-_-__-_=\",\"\":\"----..\",\"\":\"\",\"\":","source":"C:\\aurora-agent-lite-win-pack\\aurora_alerts.json.log","sourcetype":"aurora-edr","splunk_server":"splunk-server-jhernandez-17500-9244","tag":"error","tag::eventtype":"error","timestamp":"none"}}
{"preview":false,"result":{"_raw":"{\"Computer\":\"win-dc-jhernandez-17500-200\",\"Correlation_ActivityID\":\"{28083AC2-3AE2-0000-2D40-0828E23AD801}\",\"EventID\":\"4104\",\"Execution_ProcessID\":\"4204\",\"Execution_ThreadID\":\"1336\",\"Keywords\":\"0x0\",\"Level\":\"3\",\"Match_Strings\":\"'.LastWriteTime =' in ScriptBlockText\",\"MessageNumber\":\"1\",\"MessageTotal\":\"1\",\"Module\":\"Sigma\",\"Opcode\":\"15\",\"Path\":\"\",\"Provider_Guid\":\"{A0C1853B-5C40-4B15-8766-3CF1C58F985A}\",\"Provider_Name\":\"Microsoft-Windows-PowerShell\",\"Rule_Author\":\"frack113\",\"Rule_Description\":\"Adversaries may modify file time attributes to hide new or changes to existing files. Timestomping is a technique that modifies the timestamps of a file (the modify, access, create, and change times), often to mimic files that are in the same folder.\",\"Rule_FalsePositives\":\"Legitimeate admin script\",\"Rule_Id\":\"c6438007-e081-42ce-9483-b067fbef33c3\",\"Rule_Level\":\"medium\",\"Rule_Link\":\"https://github.com/SigmaHQ/sigma/blob/0.20-3312-gfbf1b845/rules/windows/powershell/powershell_script/posh_ps_timestomp.yml\",\"Rule_Modified\":\"2021/10/16\",\"Rule_Path\":\"public\\\\windows\\\\powershell\\\\powershell_script\\\\posh_ps_timestomp.yml\",\"Rule_References\":\"https://github.com/redcanaryco/atomic-red-team/blob/master/atomics/T1070.006/T1070.006.md, https://www.offensive-security.com/metasploit-unleashed/timestomp/\",\"Rule_Sigtype\":\"public\",\"Rule_Title\":\"Powershell Timestomp\",\"ScriptBlockId\":\"f2df217b-b702-49ed-95a5-531c824c61c4\",\"ScriptBlockText\":\"#!powershell\\n\\n# Copyright: (c) 2017, Ansible Project\\n# GNU General Public License v3.0+ (see COPYING or https://www.gnu.org/licenses/gpl-3.0.txt)\\n\\n#Requires -Module Ansible.ModuleUtils.Legacy\\n\\n$ErrorActionPreference = \\\"Stop\\\"\\n\\n$params = Parse-Args $args -supports_check_mode $true\\n\\n$check_mode = Get-AnsibleParam -obj $params -name \\\"_ansible_check_mode\\\" -default $false\\n$_remote_tmp = Get-AnsibleParam $params \\\"_ansible_remote_tmp\\\" -type \\\"path\\\" -default $env:TMP\\n\\n$path = Get-AnsibleParam -obj $params -name \\\"path\\\" -type \\\"path\\\" -failifempty $true -aliases \\\"dest\\\",\\\"name\\\"\\n$state = Get-AnsibleParam -obj $params -name \\\"state\\\" -type \\\"str\\\" -validateset \\\"absent\\\",\\\"directory\\\",\\\"file\\\",\\\"touch\\\"\\n\\n# used in template/copy when dest is the path to a dir and source is a file\\n$original_basename = Get-AnsibleParam -obj $params -name \\\"_original_basename\\\" -type \\\"str\\\"\\nif ((Test-Path -LiteralPath $path -PathType Container) -and ($null -ne $original_basename)) {\\n    $path = Join-Path -Path $path -ChildPath $original_basename\\n}\\n\\n$result = @{\\n    changed = $false\\n}\\n\\n# Used to delete symlinks as powershell cannot delete broken symlinks\\n$symlink_util = @\\\"\\nusing System;\\nusing System.ComponentModel;\\nusing System.Runtime.InteropServices;\\n\\nnamespace Ansible.Command {\\n    public class SymLinkHelper {\\n        [DllImport(\\\"kernel32.dll\\\", CharSet=CharSet.Unicode, SetLastError=true)]\\n        public static extern bool DeleteFileW(string lpFileName);\\n\\n        [DllImport(\\\"kernel32.dll\\\", CharSet=CharSet.Unicode, SetLastError=true)]\\n        public static extern bool RemoveDirectoryW(string lpPathName);\\n\\n        public static void DeleteDirectory(string path) {\\n            if (!RemoveDirectoryW(path))\\n                throw new Exception(String.Format(\\\"RemoveDirectoryW({0}) failed: {1}\\\", path, new Win32Exception(Marshal.GetLastWin32Error()).Message));\\n        }\\n\\n        public static void DeleteFile(string path) {\\n            if (!DeleteFileW(path))\\n                throw new Exception(String.Format(\\\"DeleteFileW({0}) failed: {1}\\\", path, new Win32Exception(Marshal.GetLastWin32Error()).Message));\\n        }\\n    }\\n}\\n\\\"@\\n$original_tmp = $env:TMP\\n$env:TMP = $_remote_tmp\\nAdd-Type -TypeDefinition $symlink_util\\n$env:TMP = $original_tmp\\n\\n# Used to delete directories and files with logic on handling symbolic links\\nfunction Remove-File($file, $checkmode) {\\n    try {\\n        if ($file.Attributes -band [System.IO.FileAttributes]::ReparsePoint) {\\n            # Bug with powershell, if you try and delete a symbolic link that is pointing\\n            # to an invalid path it will fail, using Win32 API to do this instead\\n            if ($file.PSIsContainer) {\\n                if (-not $checkmode) {\\n                    [Ansible.Command.SymLinkHelper]::DeleteDirectory($file.FullName)\\n                }\\n            } else {\\n                if (-not $checkmode) {\\n                    [Ansible.Command.SymlinkHelper]::DeleteFile($file.FullName)\\n                }\\n            }\\n        } elseif ($file.PSIsContainer) {\\n            Remove-Directory -directory $file -checkmode $checkmode\\n        } else {\\n            Remove-Item -LiteralPath $file.FullName -Force -WhatIf:$checkmode\\n        }\\n    } catch [Exception] {\\n        Fail-Json $result \\\"Failed to delete $($file.FullName): $($_.Exception.Message)\\\"\\n    }\\n}\\n\\nfunction Remove-Directory($directory, $checkmode) {\\n    foreach ($file in Get-ChildItem -LiteralPath $directory.FullName) {\\n        Remove-File -file $file -checkmode $checkmode\\n    }\\n    Remove-Item -LiteralPath $directory.FullName -Force -Recurse -WhatIf:$checkmode\\n}\\n\\n\\nif ($state -eq \\\"touch\\\") {\\n    if (Test-Path -LiteralPath $path) {\\n        if (-not $check_mode) {\\n            (Get-ChildItem -LiteralPath $path).LastWriteTime = Get-Date\\n        }\\n        $result.changed = $true\\n    } else {\\n        Write-Output $null | Out-File -LiteralPath $path -Encoding ASCII -WhatIf:$check_mode\\n        $result.changed = $true\\n    }\\n}\\n\\nif (Test-Path -LiteralPath $path) {\\n    $fileinfo = Get-Item -LiteralPath $path -Force\\n    if ($state -eq \\\"absent\\\") {\\n        Remove-File -file $fileinfo -checkmode $check_mode\\n        $result.changed = $true\\n    } else {\\n        if ($state -eq \\\"directory\\\" -and -not $fileinfo.PsIsContainer) {\\n            Fail-Json $result \\\"path $path is not a directory\\\"\\n        }\\n\\n        if ($state -eq \\\"file\\\" -and $fileinfo.PsIsContainer) {\\n            Fail-Json $result \\\"path $path is not a file\\\"\\n        }\\n    }\\n\\n} else {\\n\\n    # If state is not supplied, test the $path to see if it looks like\\n    # a file or a folder and set state to file or folder\\n    if ($null -eq $state) {\\n        $basename = Split-Path -Path $path -Leaf\\n        if ($basename.length -gt 0) {\\n           $state = \\\"file\\\"\\n        } else {\\n           $state = \\\"directory\\\"\\n        }\\n    }\\n\\n    if ($state -eq \\\"directory\\\") {\\n        try {\\n            New-Item -Path $path -ItemType Directory -WhatIf:$check_mode | Out-Null\\n        } catch {\\n            if ($_.CategoryInfo.Category -eq \\\"ResourceExists\\\") {\\n                $fileinfo = Get-Item -LiteralPath $_.CategoryInfo.TargetName\\n                if ($state -eq \\\"directory\\\" -and -not $fileinfo.PsIsContainer) {\\n                    Fail-Json $result \\\"path $path is not a directory\\\"\\n                }\\n            } else {\\n                Fail-Json $result $_.Exception.Message\\n            }\\n        }\\n        $result.changed = $true\\n    } elseif ($state -eq \\\"file\\\") {\\n        Fail-Json $result \\\"path $path will not be created\\\"\\n    }\\n\\n}\\n\\nExit-Json $result\\n\",\"Security_UserID\":\"S-1-5-21-3651310434-676309764-3668584008-500\",\"Task\":\"2\",\"TimeCreated_SystemTime\":\"2022-03-18T16:10:14.3314217Z\",\"Version\":\"1\",\"level\":\"notice\",\"msg\":\"Sigma match found\",\"time\":\"2022-03-18T16:10:16Z\"}","_time":"2022-03-18T16:10:17.000+0000","eventtype":["err0r","nix-all-logs","nix_errors"],"host":"WIN-DC-JHERNAND","index":"win","linecount":"1","punct":"{\"\":\"----\",\"\":\"{----}\",\"\":\"\",\"\":\"\",\"\":\"\",\"\":\"\",\"\":","source":"C:\\aurora-agent-lite-win-pack\\aurora_alerts.json.log","sourcetype":"aurora-edr","splunk_server":"splunk-server-jhernandez-17500-9244","tag":"error","tag::eventtype":"error","timestamp":"none"}}
