09/10/2021 03:09:52 PM
LogName=Microsoft-Windows-PowerShell/Operational
SourceName=Microsoft-Windows-PowerShell
EventCode=4105
EventType=5
Type=Verbose
ComputerName=win-host-987.attackrange.local
User=NOT_TRANSLATED
Sid=S-1-5-21-1166625382-1442148322-2337405042-2397
SidType=0
TaskCategory=Starting Command
OpCode=On create calls
RecordNumber=2138267
Keywords=None
Message=Started invocation of ScriptBlock ID: 05c95d33-f989-43da-98b0-0935e9b9d787
Runspace ID: c0a71f6f-f218-409f-87f9-a7e84bc3d0fa
09/10/2021 03:09:52 PM
LogName=Microsoft-Windows-PowerShell/Operational
SourceName=Microsoft-Windows-PowerShell
EventCode=4106
EventType=5
Type=Verbose
ComputerName=win-host-987.attackrange.local
User=NOT_TRANSLATED
Sid=S-1-5-21-1166625382-1442148322-2337405042-2397
SidType=0
TaskCategory=Stopping Command
OpCode=On create calls
RecordNumber=2138266
Keywords=None
Message=Completed invocation of ScriptBlock ID: 814708c6-dacd-4473-87cf-ec01b4626b2a
Runspace ID: c0a71f6f-f218-409f-87f9-a7e84bc3d0fa
09/10/2021 03:09:52 PM
LogName=Microsoft-Windows-PowerShell/Operational
SourceName=Microsoft-Windows-PowerShell
EventCode=4105
EventType=5
Type=Verbose
ComputerName=win-host-987.attackrange.local
User=NOT_TRANSLATED
Sid=S-1-5-21-1166625382-1442148322-2337405042-2397
SidType=0
TaskCategory=Starting Command
OpCode=On create calls
RecordNumber=2138265
Keywords=None
Message=Started invocation of ScriptBlock ID: 814708c6-dacd-4473-87cf-ec01b4626b2a
Runspace ID: c0a71f6f-f218-409f-87f9-a7e84bc3d0fa
09/10/2021 03:09:52 PM
LogName=Microsoft-Windows-PowerShell/Operational
SourceName=Microsoft-Windows-PowerShell
EventCode=4106
EventType=5
Type=Verbose
ComputerName=win-host-987.attackrange.local
User=NOT_TRANSLATED
Sid=S-1-5-21-1166625382-1442148322-2337405042-2397
SidType=0
TaskCategory=Stopping Command
OpCode=On create calls
RecordNumber=2138264
Keywords=None
Message=Completed invocation of ScriptBlock ID: 52a2683a-ff39-4e9b-bbd9-f6ddd86cb52e
Runspace ID: c0a71f6f-f218-409f-87f9-a7e84bc3d0fa
09/10/2021 03:09:52 PM
LogName=Microsoft-Windows-PowerShell/Operational
SourceName=Microsoft-Windows-PowerShell
EventCode=4105
EventType=5
Type=Verbose
ComputerName=win-host-987.attackrange.local
User=NOT_TRANSLATED
Sid=S-1-5-21-1166625382-1442148322-2337405042-2397
SidType=0
TaskCategory=Starting Command
OpCode=On create calls
RecordNumber=2138263
Keywords=None
Message=Started invocation of ScriptBlock ID: 52a2683a-ff39-4e9b-bbd9-f6ddd86cb52e
Runspace ID: c0a71f6f-f218-409f-87f9-a7e84bc3d0fa
09/10/2021 03:09:57 PM
LogName=Microsoft-Windows-PowerShell/Operational
SourceName=Microsoft-Windows-PowerShell
EventCode=4106
EventType=5
Type=Verbose
ComputerName=win-host-987.attackrange.local
User=NOT_TRANSLATED
Sid=S-1-5-21-1166625382-1442148322-2337405042-2397
SidType=0
TaskCategory=Stopping Command
OpCode=On create calls
RecordNumber=2138282
Keywords=None
Message=Completed invocation of ScriptBlock ID: 2394b1ee-8edd-421a-ab65-1527ea0df67e
Runspace ID: c0a71f6f-f218-409f-87f9-a7e84bc3d0fa
09/10/2021 03:09:57 PM
LogName=Microsoft-Windows-PowerShell/Operational
SourceName=Microsoft-Windows-PowerShell
EventCode=4105
EventType=5
Type=Verbose
ComputerName=win-host-987.attackrange.local
User=NOT_TRANSLATED
Sid=S-1-5-21-1166625382-1442148322-2337405042-2397
SidType=0
TaskCategory=Starting Command
OpCode=On create calls
RecordNumber=2138281
Keywords=None
Message=Started invocation of ScriptBlock ID: 2394b1ee-8edd-421a-ab65-1527ea0df67e
Runspace ID: c0a71f6f-f218-409f-87f9-a7e84bc3d0fa
09/10/2021 03:09:57 PM
LogName=Microsoft-Windows-PowerShell/Operational
SourceName=Microsoft-Windows-PowerShell
EventCode=4106
EventType=5
Type=Verbose
ComputerName=win-host-987.attackrange.local
User=NOT_TRANSLATED
Sid=S-1-5-21-1166625382-1442148322-2337405042-2397
SidType=0
TaskCategory=Stopping Command
OpCode=On create calls
RecordNumber=2138280
Keywords=None
Message=Completed invocation of ScriptBlock ID: 52a2683a-ff39-4e9b-bbd9-f6ddd86cb52e
Runspace ID: c0a71f6f-f218-409f-87f9-a7e84bc3d0fa
09/10/2021 03:09:57 PM
LogName=Microsoft-Windows-PowerShell/Operational
SourceName=Microsoft-Windows-PowerShell
EventCode=4105
EventType=5
Type=Verbose
ComputerName=win-host-987.attackrange.local
User=NOT_TRANSLATED
Sid=S-1-5-21-1166625382-1442148322-2337405042-2397
SidType=0
TaskCategory=Starting Command
OpCode=On create calls
RecordNumber=2138279
Keywords=None
Message=Started invocation of ScriptBlock ID: 52a2683a-ff39-4e9b-bbd9-f6ddd86cb52e
Runspace ID: c0a71f6f-f218-409f-87f9-a7e84bc3d0fa
09/10/2021 03:09:57 PM
LogName=Microsoft-Windows-PowerShell/Operational
SourceName=Microsoft-Windows-PowerShell
EventCode=4106
EventType=5
Type=Verbose
ComputerName=win-host-987.attackrange.local
User=NOT_TRANSLATED
Sid=S-1-5-21-1166625382-1442148322-2337405042-2397
SidType=0
TaskCategory=Stopping Command
OpCode=On create calls
RecordNumber=2138278
Keywords=None
Message=Completed invocation of ScriptBlock ID: 05c95d33-f989-43da-98b0-0935e9b9d787
Runspace ID: c0a71f6f-f218-409f-87f9-a7e84bc3d0fa
09/10/2021 03:09:57 PM
LogName=Microsoft-Windows-PowerShell/Operational
SourceName=Microsoft-Windows-PowerShell
EventCode=4105
EventType=5
Type=Verbose
ComputerName=win-host-987.attackrange.local
User=NOT_TRANSLATED
Sid=S-1-5-21-1166625382-1442148322-2337405042-2397
SidType=0
TaskCategory=Starting Command
OpCode=On create calls
RecordNumber=2138277
Keywords=None
Message=Started invocation of ScriptBlock ID: 05c95d33-f989-43da-98b0-0935e9b9d787
Runspace ID: c0a71f6f-f218-409f-87f9-a7e84bc3d0fa
09/10/2021 03:09:57 PM
LogName=Microsoft-Windows-PowerShell/Operational
SourceName=Microsoft-Windows-PowerShell
EventCode=4106
EventType=5
Type=Verbose
ComputerName=win-host-987.attackrange.local
User=NOT_TRANSLATED
Sid=S-1-5-21-1166625382-1442148322-2337405042-2397
SidType=0
TaskCategory=Stopping Command
OpCode=On create calls
RecordNumber=2138276
Keywords=None
Message=Completed invocation of ScriptBlock ID: 814708c6-dacd-4473-87cf-ec01b4626b2a
Runspace ID: c0a71f6f-f218-409f-87f9-a7e84bc3d0fa
09/10/2021 03:09:57 PM
LogName=Microsoft-Windows-PowerShell/Operational
SourceName=Microsoft-Windows-PowerShell
EventCode=4105
EventType=5
Type=Verbose
ComputerName=win-host-987.attackrange.local
User=NOT_TRANSLATED
Sid=S-1-5-21-1166625382-1442148322-2337405042-2397
SidType=0
TaskCategory=Starting Command
OpCode=On create calls
RecordNumber=2138275
Keywords=None
Message=Started invocation of ScriptBlock ID: 814708c6-dacd-4473-87cf-ec01b4626b2a
Runspace ID: c0a71f6f-f218-409f-87f9-a7e84bc3d0fa
09/10/2021 03:09:57 PM
LogName=Microsoft-Windows-PowerShell/Operational
SourceName=Microsoft-Windows-PowerShell
EventCode=4106
EventType=5
Type=Verbose
ComputerName=win-host-987.attackrange.local
User=NOT_TRANSLATED
Sid=S-1-5-21-1166625382-1442148322-2337405042-2397
SidType=0
TaskCategory=Stopping Command
OpCode=On create calls
RecordNumber=2138274
Keywords=None
Message=Completed invocation of ScriptBlock ID: 52a2683a-ff39-4e9b-bbd9-f6ddd86cb52e
Runspace ID: c0a71f6f-f218-409f-87f9-a7e84bc3d0fa
09/10/2021 03:09:57 PM
LogName=Microsoft-Windows-PowerShell/Operational
SourceName=Microsoft-Windows-PowerShell
EventCode=4105
EventType=5
Type=Verbose
ComputerName=win-host-987.attackrange.local
User=NOT_TRANSLATED
Sid=S-1-5-21-1166625382-1442148322-2337405042-2397
SidType=0
TaskCategory=Starting Command
OpCode=On create calls
RecordNumber=2138273
Keywords=None
Message=Started invocation of ScriptBlock ID: 52a2683a-ff39-4e9b-bbd9-f6ddd86cb52e
Runspace ID: c0a71f6f-f218-409f-87f9-a7e84bc3d0fa
09/10/2021 03:10:01 PM
LogName=Microsoft-Windows-PowerShell/Operational
SourceName=Microsoft-Windows-PowerShell
EventCode=4105
EventType=5
Type=Verbose
ComputerName=win-host-987.attackrange.local
User=NOT_TRANSLATED
Sid=S-1-5-21-1166625382-1442148322-2337405042-2397
SidType=0
TaskCategory=Starting Command
OpCode=On create calls
RecordNumber=2138289
Keywords=None
Message=Started invocation of ScriptBlock ID: 52a2683a-ff39-4e9b-bbd9-f6ddd86cb52e
Runspace ID: c0a71f6f-f218-409f-87f9-a7e84bc3d0fa
09/10/2021 03:10:01 PM
LogName=Microsoft-Windows-PowerShell/Operational
SourceName=Microsoft-Windows-PowerShell
EventCode=4106
EventType=5
Type=Verbose
ComputerName=win-host-987.attackrange.local
User=NOT_TRANSLATED
Sid=S-1-5-21-1166625382-1442148322-2337405042-2397
SidType=0
TaskCategory=Stopping Command
OpCode=On create calls
RecordNumber=2138288
Keywords=None
Message=Completed invocation of ScriptBlock ID: 05c95d33-f989-43da-98b0-0935e9b9d787
Runspace ID: c0a71f6f-f218-409f-87f9-a7e84bc3d0fa
09/10/2021 03:10:01 PM
LogName=Microsoft-Windows-PowerShell/Operational
SourceName=Microsoft-Windows-PowerShell
EventCode=4105
EventType=5
Type=Verbose
ComputerName=win-host-987.attackrange.local
User=NOT_TRANSLATED
Sid=S-1-5-21-1166625382-1442148322-2337405042-2397
SidType=0
TaskCategory=Starting Command
OpCode=On create calls
RecordNumber=2138287
Keywords=None
Message=Started invocation of ScriptBlock ID: 05c95d33-f989-43da-98b0-0935e9b9d787
Runspace ID: c0a71f6f-f218-409f-87f9-a7e84bc3d0fa
09/10/2021 03:10:01 PM
LogName=Microsoft-Windows-PowerShell/Operational
SourceName=Microsoft-Windows-PowerShell
EventCode=4106
EventType=5
Type=Verbose
ComputerName=win-host-987.attackrange.local
User=NOT_TRANSLATED
Sid=S-1-5-21-1166625382-1442148322-2337405042-2397
SidType=0
TaskCategory=Stopping Command
OpCode=On create calls
RecordNumber=2138286
Keywords=None
Message=Completed invocation of ScriptBlock ID: 814708c6-dacd-4473-87cf-ec01b4626b2a
Runspace ID: c0a71f6f-f218-409f-87f9-a7e84bc3d0fa
09/10/2021 03:10:01 PM
LogName=Microsoft-Windows-PowerShell/Operational
SourceName=Microsoft-Windows-PowerShell
EventCode=4105
EventType=5
Type=Verbose
ComputerName=win-host-987.attackrange.local
User=NOT_TRANSLATED
Sid=S-1-5-21-1166625382-1442148322-2337405042-2397
SidType=0
TaskCategory=Starting Command
OpCode=On create calls
RecordNumber=2138285
Keywords=None
Message=Started invocation of ScriptBlock ID: 814708c6-dacd-4473-87cf-ec01b4626b2a
Runspace ID: c0a71f6f-f218-409f-87f9-a7e84bc3d0fa
09/10/2021 03:10:01 PM
LogName=Microsoft-Windows-PowerShell/Operational
SourceName=Microsoft-Windows-PowerShell
EventCode=4106
EventType=5
Type=Verbose
ComputerName=win-host-987.attackrange.local
User=NOT_TRANSLATED
Sid=S-1-5-21-1166625382-1442148322-2337405042-2397
SidType=0
TaskCategory=Stopping Command
OpCode=On create calls
RecordNumber=2138284
Keywords=None
Message=Completed invocation of ScriptBlock ID: 52a2683a-ff39-4e9b-bbd9-f6ddd86cb52e
Runspace ID: c0a71f6f-f218-409f-87f9-a7e84bc3d0fa
09/10/2021 03:10:01 PM
LogName=Microsoft-Windows-PowerShell/Operational
SourceName=Microsoft-Windows-PowerShell
EventCode=4105
EventType=5
Type=Verbose
ComputerName=win-host-987.attackrange.local
User=NOT_TRANSLATED
Sid=S-1-5-21-1166625382-1442148322-2337405042-2397
SidType=0
TaskCategory=Starting Command
OpCode=On create calls
RecordNumber=2138283
Keywords=None
Message=Started invocation of ScriptBlock ID: 52a2683a-ff39-4e9b-bbd9-f6ddd86cb52e
Runspace ID: c0a71f6f-f218-409f-87f9-a7e84bc3d0fa
09/10/2021 03:10:02 PM
LogName=Microsoft-Windows-PowerShell/Operational
SourceName=Microsoft-Windows-PowerShell
EventCode=4106
EventType=5
Type=Verbose
ComputerName=win-host-987.attackrange.local
User=NOT_TRANSLATED
Sid=S-1-5-21-1166625382-1442148322-2337405042-2397
SidType=0
TaskCategory=Stopping Command
OpCode=On create calls
RecordNumber=2138292
Keywords=None
Message=Completed invocation of ScriptBlock ID: 2394b1ee-8edd-421a-ab65-1527ea0df67e
Runspace ID: c0a71f6f-f218-409f-87f9-a7e84bc3d0fa
09/10/2021 03:10:02 PM
LogName=Microsoft-Windows-PowerShell/Operational
SourceName=Microsoft-Windows-PowerShell
EventCode=4105
EventType=5
Type=Verbose
ComputerName=win-host-987.attackrange.local
User=NOT_TRANSLATED
Sid=S-1-5-21-1166625382-1442148322-2337405042-2397
SidType=0
TaskCategory=Starting Command
OpCode=On create calls
RecordNumber=2138291
Keywords=None
Message=Started invocation of ScriptBlock ID: 2394b1ee-8edd-421a-ab65-1527ea0df67e
Runspace ID: c0a71f6f-f218-409f-87f9-a7e84bc3d0fa
09/10/2021 03:10:02 PM
LogName=Microsoft-Windows-PowerShell/Operational
SourceName=Microsoft-Windows-PowerShell
EventCode=4106
EventType=5
Type=Verbose
ComputerName=win-host-987.attackrange.local
User=NOT_TRANSLATED
Sid=S-1-5-21-1166625382-1442148322-2337405042-2397
SidType=0
TaskCategory=Stopping Command
OpCode=On create calls
RecordNumber=2138290
Keywords=None
Message=Completed invocation of ScriptBlock ID: 52a2683a-ff39-4e9b-bbd9-f6ddd86cb52e
Runspace ID: c0a71f6f-f218-409f-87f9-a7e84bc3d0fa
