<Event xmlns='http://schemas.microsoft.com/win/2004/08/events/event'><System><Provider Name='Microsoft-Windows-Sysmon' Guid='{5770385F-C22A-43E0-BF4C-06F5698FFBD9}'/><EventID>13</EventID><Version>2</Version><Level>4</Level><Task>13</Task><Opcode>0</Opcode><Keywords>0x8000000000000000</Keywords><TimeCreated SystemTime='2023-09-14T09:15:22.008761500Z'/><EventRecordID>59857</EventRecordID><Correlation/><Execution ProcessID='2444' ThreadID='2820'/><Channel>Microsoft-Windows-Sysmon/Operational</Channel><Computer>ar-win-dc.attackrange.local</Computer><Security UserID='S-1-5-18'/></System><EventData><Data Name='RuleName'>T1060,RunKey</Data><Data Name='EventType'>SetValue</Data><Data Name='UtcTime'>2023-09-14 09:15:22.008</Data><Data Name='ProcessGuid'>{8814F3F5-CD65-6502-6A02-000000000F03}</Data><Data Name='ProcessId'>3764</Data><Data Name='Image'>C:\Users\Administrator\AppData\Local\Temp\server.com</Data><Data Name='TargetObject'>HKLM\SOFTWARE\WOW6432Node\Microsoft\Windows\CurrentVersion\Run\0ff91641118b8ba71feb1aa87725fe56</Data><Data Name='Details'>"C:\Users\Administrator\AppData\Local\Temp\server.com" ..</Data><Data Name='User'>ATTACKRANGE\Administrator</Data></EventData></Event>
<Event xmlns='http://schemas.microsoft.com/win/2004/08/events/event'><System><Provider Name='Microsoft-Windows-Sysmon' Guid='{5770385F-C22A-43E0-BF4C-06F5698FFBD9}'/><EventID>13</EventID><Version>2</Version><Level>4</Level><Task>13</Task><Opcode>0</Opcode><Keywords>0x8000000000000000</Keywords><TimeCreated SystemTime='2023-09-14T09:15:22.008703700Z'/><EventRecordID>59856</EventRecordID><Correlation/><Execution ProcessID='2444' ThreadID='2820'/><Channel>Microsoft-Windows-Sysmon/Operational</Channel><Computer>ar-win-dc.attackrange.local</Computer><Security UserID='S-1-5-18'/></System><EventData><Data Name='RuleName'>T1060,RunKey</Data><Data Name='EventType'>SetValue</Data><Data Name='UtcTime'>2023-09-14 09:15:22.008</Data><Data Name='ProcessGuid'>{8814F3F5-CD65-6502-6A02-000000000F03}</Data><Data Name='ProcessId'>3764</Data><Data Name='Image'>C:\Users\Administrator\AppData\Local\Temp\server.com</Data><Data Name='TargetObject'>HKU\S-1-5-21-2571799417-433382502-1180051742-500\SOFTWARE\Microsoft\Windows\CurrentVersion\Run\0ff91641118b8ba71feb1aa87725fe56</Data><Data Name='Details'>"C:\Users\Administrator\AppData\Local\Temp\server.com" ..</Data><Data Name='User'>ATTACKRANGE\Administrator</Data></EventData></Event>
<Event xmlns='http://schemas.microsoft.com/win/2004/08/events/event'><System><Provider Name='Microsoft-Windows-Sysmon' Guid='{5770385F-C22A-43E0-BF4C-06F5698FFBD9}'/><EventID>13</EventID><Version>2</Version><Level>4</Level><Task>13</Task><Opcode>0</Opcode><Keywords>0x8000000000000000</Keywords><TimeCreated SystemTime='2023-09-14T09:15:20.993079100Z'/><EventRecordID>59855</EventRecordID><Correlation/><Execution ProcessID='2444' ThreadID='2820'/><Channel>Microsoft-Windows-Sysmon/Operational</Channel><Computer>ar-win-dc.attackrange.local</Computer><Security UserID='S-1-5-18'/></System><EventData><Data Name='RuleName'>T1060,RunKey</Data><Data Name='EventType'>SetValue</Data><Data Name='UtcTime'>2023-09-14 09:15:20.992</Data><Data Name='ProcessGuid'>{8814F3F5-CD65-6502-6A02-000000000F03}</Data><Data Name='ProcessId'>3764</Data><Data Name='Image'>C:\Users\Administrator\AppData\Local\Temp\server.com</Data><Data Name='TargetObject'>HKLM\SOFTWARE\WOW6432Node\Microsoft\Windows\CurrentVersion\Run\0ff91641118b8ba71feb1aa87725fe56</Data><Data Name='Details'>"C:\Users\Administrator\AppData\Local\Temp\server.com" ..</Data><Data Name='User'>ATTACKRANGE\Administrator</Data></EventData></Event>
<Event xmlns='http://schemas.microsoft.com/win/2004/08/events/event'><System><Provider Name='Microsoft-Windows-Sysmon' Guid='{5770385F-C22A-43E0-BF4C-06F5698FFBD9}'/><EventID>13</EventID><Version>2</Version><Level>4</Level><Task>13</Task><Opcode>0</Opcode><Keywords>0x8000000000000000</Keywords><TimeCreated SystemTime='2023-09-14T09:15:20.993003300Z'/><EventRecordID>59854</EventRecordID><Correlation/><Execution ProcessID='2444' ThreadID='2820'/><Channel>Microsoft-Windows-Sysmon/Operational</Channel><Computer>ar-win-dc.attackrange.local</Computer><Security UserID='S-1-5-18'/></System><EventData><Data Name='RuleName'>T1060,RunKey</Data><Data Name='EventType'>SetValue</Data><Data Name='UtcTime'>2023-09-14 09:15:20.992</Data><Data Name='ProcessGuid'>{8814F3F5-CD65-6502-6A02-000000000F03}</Data><Data Name='ProcessId'>3764</Data><Data Name='Image'>C:\Users\Administrator\AppData\Local\Temp\server.com</Data><Data Name='TargetObject'>HKU\S-1-5-21-2571799417-433382502-1180051742-500\SOFTWARE\Microsoft\Windows\CurrentVersion\Run\0ff91641118b8ba71feb1aa87725fe56</Data><Data Name='Details'>"C:\Users\Administrator\AppData\Local\Temp\server.com" ..</Data><Data Name='User'>ATTACKRANGE\Administrator</Data></EventData></Event>
<Event xmlns='http://schemas.microsoft.com/win/2004/08/events/event'><System><Provider Name='Microsoft-Windows-Sysmon' Guid='{5770385F-C22A-43E0-BF4C-06F5698FFBD9}'/><EventID>13</EventID><Version>2</Version><Level>4</Level><Task>13</Task><Opcode>0</Opcode><Keywords>0x8000000000000000</Keywords><TimeCreated SystemTime='2023-09-14T09:15:20.337018500Z'/><EventRecordID>59853</EventRecordID><Correlation/><Execution ProcessID='2444' ThreadID='2820'/><Channel>Microsoft-Windows-Sysmon/Operational</Channel><Computer>ar-win-dc.attackrange.local</Computer><Security UserID='S-1-5-18'/></System><EventData><Data Name='RuleName'>T1484</Data><Data Name='EventType'>SetValue</Data><Data Name='UtcTime'>2023-09-14 09:15:20.336</Data><Data Name='ProcessGuid'>{8814F3F5-CD65-6502-6A02-000000000F03}</Data><Data Name='ProcessId'>3764</Data><Data Name='Image'>C:\Users\Administrator\AppData\Local\Temp\server.com</Data><Data Name='TargetObject'>HKU\S-1-5-21-2571799417-433382502-1180051742-500\SOFTWARE\0ff91641118b8ba71feb1aa87725fe56\[kl]</Data><Data Name='Details'>%%temp%%[ENTER]
r%%[Back][Back][Back]e
\x0123/09/12 notepad++ *C:\Program Files\ansible\SwiftOnSecurity.xml - Notepad++ [Administrator]\x01
[ENTER]
[Back][Back][Back]com
\x0123/09/12 cmd Administrator: C:\Windows\system32\cmd.exe\x01
Sysmon64[TAP]
 -c 
\x0123/09/12 cmd Administrator: C:\Windows\system32\cmd.exe - Sysmon64.exe  -c "C:\Program Files\ansible\SwiftOnSecurity.xml"\x01
[ENTER]
rregedit[ENTER]

\x0123/09/14 notepad++ *C:\Program Files\ansible\SwiftOnSecurity.xml - Notepad++ [Administrator]\x01
[Back][
\x0123/09/14 cmd Administrator: C:\Windows\system32\cmd.exe\x01
Sysmon6[TAP]
 -c 
\x0123/09/14 cmd Administrator: C:\Windows\system32\cmd.exe - Sysmon64.exe  -c "C:\Program Files\ansible\SwiftOnSecurity.xml"\x01
[ENTER]
</Data><Data Name='User'>ATTACKRANGE\Administrator</Data></EventData></Event>
<Event xmlns='http://schemas.microsoft.com/win/2004/08/events/event'><System><Provider Name='Microsoft-Windows-Sysmon' Guid='{5770385F-C22A-43E0-BF4C-06F5698FFBD9}'/><EventID>13</EventID><Version>2</Version><Level>4</Level><Task>13</Task><Opcode>0</Opcode><Keywords>0x8000000000000000</Keywords><TimeCreated SystemTime='2023-09-14T09:15:19.977878800Z'/><EventRecordID>59852</EventRecordID><Correlation/><Execution ProcessID='2444' ThreadID='2820'/><Channel>Microsoft-Windows-Sysmon/Operational</Channel><Computer>ar-win-dc.attackrange.local</Computer><Security UserID='S-1-5-18'/></System><EventData><Data Name='RuleName'>T1060,RunKey</Data><Data Name='EventType'>SetValue</Data><Data Name='UtcTime'>2023-09-14 09:15:19.976</Data><Data Name='ProcessGuid'>{8814F3F5-CD65-6502-6A02-000000000F03}</Data><Data Name='ProcessId'>3764</Data><Data Name='Image'>C:\Users\Administrator\AppData\Local\Temp\server.com</Data><Data Name='TargetObject'>HKLM\SOFTWARE\WOW6432Node\Microsoft\Windows\CurrentVersion\Run\0ff91641118b8ba71feb1aa87725fe56</Data><Data Name='Details'>"C:\Users\Administrator\AppData\Local\Temp\server.com" ..</Data><Data Name='User'>ATTACKRANGE\Administrator</Data></EventData></Event>
<Event xmlns='http://schemas.microsoft.com/win/2004/08/events/event'><System><Provider Name='Microsoft-Windows-Sysmon' Guid='{5770385F-C22A-43E0-BF4C-06F5698FFBD9}'/><EventID>13</EventID><Version>2</Version><Level>4</Level><Task>13</Task><Opcode>0</Opcode><Keywords>0x8000000000000000</Keywords><TimeCreated SystemTime='2023-09-14T09:15:19.977767300Z'/><EventRecordID>59851</EventRecordID><Correlation/><Execution ProcessID='2444' ThreadID='2820'/><Channel>Microsoft-Windows-Sysmon/Operational</Channel><Computer>ar-win-dc.attackrange.local</Computer><Security UserID='S-1-5-18'/></System><EventData><Data Name='RuleName'>T1060,RunKey</Data><Data Name='EventType'>SetValue</Data><Data Name='UtcTime'>2023-09-14 09:15:19.976</Data><Data Name='ProcessGuid'>{8814F3F5-CD65-6502-6A02-000000000F03}</Data><Data Name='ProcessId'>3764</Data><Data Name='Image'>C:\Users\Administrator\AppData\Local\Temp\server.com</Data><Data Name='TargetObject'>HKU\S-1-5-21-2571799417-433382502-1180051742-500\SOFTWARE\Microsoft\Windows\CurrentVersion\Run\0ff91641118b8ba71feb1aa87725fe56</Data><Data Name='Details'>"C:\Users\Administrator\AppData\Local\Temp\server.com" ..</Data><Data Name='User'>ATTACKRANGE\Administrator</Data></EventData></Event>
<Event xmlns='http://schemas.microsoft.com/win/2004/08/events/event'><System><Provider Name='Microsoft-Windows-Sysmon' Guid='{5770385F-C22A-43E0-BF4C-06F5698FFBD9}'/><EventID>13</EventID><Version>2</Version><Level>4</Level><Task>13</Task><Opcode>0</Opcode><Keywords>0x8000000000000000</Keywords><TimeCreated SystemTime='2023-09-14T09:15:18.967292200Z'/><EventRecordID>59850</EventRecordID><Correlation/><Execution ProcessID='2444' ThreadID='2820'/><Channel>Microsoft-Windows-Sysmon/Operational</Channel><Computer>ar-win-dc.attackrange.local</Computer><Security UserID='S-1-5-18'/></System><EventData><Data Name='RuleName'>T1060,RunKey</Data><Data Name='EventType'>SetValue</Data><Data Name='UtcTime'>2023-09-14 09:15:18.961</Data><Data Name='ProcessGuid'>{8814F3F5-CD65-6502-6A02-000000000F03}</Data><Data Name='ProcessId'>3764</Data><Data Name='Image'>C:\Users\Administrator\AppData\Local\Temp\server.com</Data><Data Name='TargetObject'>HKLM\SOFTWARE\WOW6432Node\Microsoft\Windows\CurrentVersion\Run\0ff91641118b8ba71feb1aa87725fe56</Data><Data Name='Details'>"C:\Users\Administrator\AppData\Local\Temp\server.com" ..</Data><Data Name='User'>ATTACKRANGE\Administrator</Data></EventData></Event>
<Event xmlns='http://schemas.microsoft.com/win/2004/08/events/event'><System><Provider Name='Microsoft-Windows-Sysmon' Guid='{5770385F-C22A-43E0-BF4C-06F5698FFBD9}'/><EventID>13</EventID><Version>2</Version><Level>4</Level><Task>13</Task><Opcode>0</Opcode><Keywords>0x8000000000000000</Keywords><TimeCreated SystemTime='2023-09-14T09:15:18.967189000Z'/><EventRecordID>59849</EventRecordID><Correlation/><Execution ProcessID='2444' ThreadID='2820'/><Channel>Microsoft-Windows-Sysmon/Operational</Channel><Computer>ar-win-dc.attackrange.local</Computer><Security UserID='S-1-5-18'/></System><EventData><Data Name='RuleName'>T1060,RunKey</Data><Data Name='EventType'>SetValue</Data><Data Name='UtcTime'>2023-09-14 09:15:18.961</Data><Data Name='ProcessGuid'>{8814F3F5-CD65-6502-6A02-000000000F03}</Data><Data Name='ProcessId'>3764</Data><Data Name='Image'>C:\Users\Administrator\AppData\Local\Temp\server.com</Data><Data Name='TargetObject'>HKU\S-1-5-21-2571799417-433382502-1180051742-500\SOFTWARE\Microsoft\Windows\CurrentVersion\Run\0ff91641118b8ba71feb1aa87725fe56</Data><Data Name='Details'>"C:\Users\Administrator\AppData\Local\Temp\server.com" ..</Data><Data Name='User'>ATTACKRANGE\Administrator</Data></EventData></Event>
<Event xmlns='http://schemas.microsoft.com/win/2004/08/events/event'><System><Provider Name='Microsoft-Windows-Sysmon' Guid='{5770385F-C22A-43E0-BF4C-06F5698FFBD9}'/><EventID>13</EventID><Version>2</Version><Level>4</Level><Task>13</Task><Opcode>0</Opcode><Keywords>0x8000000000000000</Keywords><TimeCreated SystemTime='2023-09-14T09:15:17.946429700Z'/><EventRecordID>59848</EventRecordID><Correlation/><Execution ProcessID='2444' ThreadID='2820'/><Channel>Microsoft-Windows-Sysmon/Operational</Channel><Computer>ar-win-dc.attackrange.local</Computer><Security UserID='S-1-5-18'/></System><EventData><Data Name='RuleName'>T1060,RunKey</Data><Data Name='EventType'>SetValue</Data><Data Name='UtcTime'>2023-09-14 09:15:17.945</Data><Data Name='ProcessGuid'>{8814F3F5-CD65-6502-6A02-000000000F03}</Data><Data Name='ProcessId'>3764</Data><Data Name='Image'>C:\Users\Administrator\AppData\Local\Temp\server.com</Data><Data Name='TargetObject'>HKLM\SOFTWARE\WOW6432Node\Microsoft\Windows\CurrentVersion\Run\0ff91641118b8ba71feb1aa87725fe56</Data><Data Name='Details'>"C:\Users\Administrator\AppData\Local\Temp\server.com" ..</Data><Data Name='User'>ATTACKRANGE\Administrator</Data></EventData></Event>
<Event xmlns='http://schemas.microsoft.com/win/2004/08/events/event'><System><Provider Name='Microsoft-Windows-Sysmon' Guid='{5770385F-C22A-43E0-BF4C-06F5698FFBD9}'/><EventID>13</EventID><Version>2</Version><Level>4</Level><Task>13</Task><Opcode>0</Opcode><Keywords>0x8000000000000000</Keywords><TimeCreated SystemTime='2023-09-14T09:15:17.946360000Z'/><EventRecordID>59847</EventRecordID><Correlation/><Execution ProcessID='2444' ThreadID='2820'/><Channel>Microsoft-Windows-Sysmon/Operational</Channel><Computer>ar-win-dc.attackrange.local</Computer><Security UserID='S-1-5-18'/></System><EventData><Data Name='RuleName'>T1060,RunKey</Data><Data Name='EventType'>SetValue</Data><Data Name='UtcTime'>2023-09-14 09:15:17.945</Data><Data Name='ProcessGuid'>{8814F3F5-CD65-6502-6A02-000000000F03}</Data><Data Name='ProcessId'>3764</Data><Data Name='Image'>C:\Users\Administrator\AppData\Local\Temp\server.com</Data><Data Name='TargetObject'>HKU\S-1-5-21-2571799417-433382502-1180051742-500\SOFTWARE\Microsoft\Windows\CurrentVersion\Run\0ff91641118b8ba71feb1aa87725fe56</Data><Data Name='Details'>"C:\Users\Administrator\AppData\Local\Temp\server.com" ..</Data><Data Name='User'>ATTACKRANGE\Administrator</Data></EventData></Event>
<Event xmlns='http://schemas.microsoft.com/win/2004/08/events/event'><System><Provider Name='Microsoft-Windows-Sysmon' Guid='{5770385F-C22A-43E0-BF4C-06F5698FFBD9}'/><EventID>13</EventID><Version>2</Version><Level>4</Level><Task>13</Task><Opcode>0</Opcode><Keywords>0x8000000000000000</Keywords><TimeCreated SystemTime='2023-09-14T09:15:16.930726400Z'/><EventRecordID>59846</EventRecordID><Correlation/><Execution ProcessID='2444' ThreadID='2820'/><Channel>Microsoft-Windows-Sysmon/Operational</Channel><Computer>ar-win-dc.attackrange.local</Computer><Security UserID='S-1-5-18'/></System><EventData><Data Name='RuleName'>T1060,RunKey</Data><Data Name='EventType'>SetValue</Data><Data Name='UtcTime'>2023-09-14 09:15:16.930</Data><Data Name='ProcessGuid'>{8814F3F5-CD65-6502-6A02-000000000F03}</Data><Data Name='ProcessId'>3764</Data><Data Name='Image'>C:\Users\Administrator\AppData\Local\Temp\server.com</Data><Data Name='TargetObject'>HKLM\SOFTWARE\WOW6432Node\Microsoft\Windows\CurrentVersion\Run\0ff91641118b8ba71feb1aa87725fe56</Data><Data Name='Details'>"C:\Users\Administrator\AppData\Local\Temp\server.com" ..</Data><Data Name='User'>ATTACKRANGE\Administrator</Data></EventData></Event>
<Event xmlns='http://schemas.microsoft.com/win/2004/08/events/event'><System><Provider Name='Microsoft-Windows-Sysmon' Guid='{5770385F-C22A-43E0-BF4C-06F5698FFBD9}'/><EventID>13</EventID><Version>2</Version><Level>4</Level><Task>13</Task><Opcode>0</Opcode><Keywords>0x8000000000000000</Keywords><TimeCreated SystemTime='2023-09-14T09:15:16.930499900Z'/><EventRecordID>59845</EventRecordID><Correlation/><Execution ProcessID='2444' ThreadID='2820'/><Channel>Microsoft-Windows-Sysmon/Operational</Channel><Computer>ar-win-dc.attackrange.local</Computer><Security UserID='S-1-5-18'/></System><EventData><Data Name='RuleName'>T1060,RunKey</Data><Data Name='EventType'>SetValue</Data><Data Name='UtcTime'>2023-09-14 09:15:16.930</Data><Data Name='ProcessGuid'>{8814F3F5-CD65-6502-6A02-000000000F03}</Data><Data Name='ProcessId'>3764</Data><Data Name='Image'>C:\Users\Administrator\AppData\Local\Temp\server.com</Data><Data Name='TargetObject'>HKU\S-1-5-21-2571799417-433382502-1180051742-500\SOFTWARE\Microsoft\Windows\CurrentVersion\Run\0ff91641118b8ba71feb1aa87725fe56</Data><Data Name='Details'>"C:\Users\Administrator\AppData\Local\Temp\server.com" ..</Data><Data Name='User'>ATTACKRANGE\Administrator</Data></EventData></Event>
<Event xmlns='http://schemas.microsoft.com/win/2004/08/events/event'><System><Provider Name='Microsoft-Windows-Sysmon' Guid='{5770385F-C22A-43E0-BF4C-06F5698FFBD9}'/><EventID>13</EventID><Version>2</Version><Level>4</Level><Task>13</Task><Opcode>0</Opcode><Keywords>0x8000000000000000</Keywords><TimeCreated SystemTime='2023-09-14T09:15:15.916064700Z'/><EventRecordID>59844</EventRecordID><Correlation/><Execution ProcessID='2444' ThreadID='2820'/><Channel>Microsoft-Windows-Sysmon/Operational</Channel><Computer>ar-win-dc.attackrange.local</Computer><Security UserID='S-1-5-18'/></System><EventData><Data Name='RuleName'>T1060,RunKey</Data><Data Name='EventType'>SetValue</Data><Data Name='UtcTime'>2023-09-14 09:15:15.914</Data><Data Name='ProcessGuid'>{8814F3F5-CD65-6502-6A02-000000000F03}</Data><Data Name='ProcessId'>3764</Data><Data Name='Image'>C:\Users\Administrator\AppData\Local\Temp\server.com</Data><Data Name='TargetObject'>HKLM\SOFTWARE\WOW6432Node\Microsoft\Windows\CurrentVersion\Run\0ff91641118b8ba71feb1aa87725fe56</Data><Data Name='Details'>"C:\Users\Administrator\AppData\Local\Temp\server.com" ..</Data><Data Name='User'>ATTACKRANGE\Administrator</Data></EventData></Event>
<Event xmlns='http://schemas.microsoft.com/win/2004/08/events/event'><System><Provider Name='Microsoft-Windows-Sysmon' Guid='{5770385F-C22A-43E0-BF4C-06F5698FFBD9}'/><EventID>13</EventID><Version>2</Version><Level>4</Level><Task>13</Task><Opcode>0</Opcode><Keywords>0x8000000000000000</Keywords><TimeCreated SystemTime='2023-09-14T09:15:15.915344200Z'/><EventRecordID>59843</EventRecordID><Correlation/><Execution ProcessID='2444' ThreadID='2820'/><Channel>Microsoft-Windows-Sysmon/Operational</Channel><Computer>ar-win-dc.attackrange.local</Computer><Security UserID='S-1-5-18'/></System><EventData><Data Name='RuleName'>T1060,RunKey</Data><Data Name='EventType'>SetValue</Data><Data Name='UtcTime'>2023-09-14 09:15:15.914</Data><Data Name='ProcessGuid'>{8814F3F5-CD65-6502-6A02-000000000F03}</Data><Data Name='ProcessId'>3764</Data><Data Name='Image'>C:\Users\Administrator\AppData\Local\Temp\server.com</Data><Data Name='TargetObject'>HKU\S-1-5-21-2571799417-433382502-1180051742-500\SOFTWARE\Microsoft\Windows\CurrentVersion\Run\0ff91641118b8ba71feb1aa87725fe56</Data><Data Name='Details'>"C:\Users\Administrator\AppData\Local\Temp\server.com" ..</Data><Data Name='User'>ATTACKRANGE\Administrator</Data></EventData></Event>
<Event xmlns='http://schemas.microsoft.com/win/2004/08/events/event'><System><Provider Name='Microsoft-Windows-Sysmon' Guid='{5770385F-C22A-43E0-BF4C-06F5698FFBD9}'/><EventID>13</EventID><Version>2</Version><Level>4</Level><Task>13</Task><Opcode>0</Opcode><Keywords>0x8000000000000000</Keywords><TimeCreated SystemTime='2023-09-14T09:15:14.899309500Z'/><EventRecordID>59842</EventRecordID><Correlation/><Execution ProcessID='2444' ThreadID='2820'/><Channel>Microsoft-Windows-Sysmon/Operational</Channel><Computer>ar-win-dc.attackrange.local</Computer><Security UserID='S-1-5-18'/></System><EventData><Data Name='RuleName'>T1060,RunKey</Data><Data Name='EventType'>SetValue</Data><Data Name='UtcTime'>2023-09-14 09:15:14.898</Data><Data Name='ProcessGuid'>{8814F3F5-CD65-6502-6A02-000000000F03}</Data><Data Name='ProcessId'>3764</Data><Data Name='Image'>C:\Users\Administrator\AppData\Local\Temp\server.com</Data><Data Name='TargetObject'>HKLM\SOFTWARE\WOW6432Node\Microsoft\Windows\CurrentVersion\Run\0ff91641118b8ba71feb1aa87725fe56</Data><Data Name='Details'>"C:\Users\Administrator\AppData\Local\Temp\server.com" ..</Data><Data Name='User'>ATTACKRANGE\Administrator</Data></EventData></Event>
<Event xmlns='http://schemas.microsoft.com/win/2004/08/events/event'><System><Provider Name='Microsoft-Windows-Sysmon' Guid='{5770385F-C22A-43E0-BF4C-06F5698FFBD9}'/><EventID>13</EventID><Version>2</Version><Level>4</Level><Task>13</Task><Opcode>0</Opcode><Keywords>0x8000000000000000</Keywords><TimeCreated SystemTime='2023-09-14T09:15:14.899226800Z'/><EventRecordID>59841</EventRecordID><Correlation/><Execution ProcessID='2444' ThreadID='2820'/><Channel>Microsoft-Windows-Sysmon/Operational</Channel><Computer>ar-win-dc.attackrange.local</Computer><Security UserID='S-1-5-18'/></System><EventData><Data Name='RuleName'>T1060,RunKey</Data><Data Name='EventType'>SetValue</Data><Data Name='UtcTime'>2023-09-14 09:15:14.898</Data><Data Name='ProcessGuid'>{8814F3F5-CD65-6502-6A02-000000000F03}</Data><Data Name='ProcessId'>3764</Data><Data Name='Image'>C:\Users\Administrator\AppData\Local\Temp\server.com</Data><Data Name='TargetObject'>HKU\S-1-5-21-2571799417-433382502-1180051742-500\SOFTWARE\Microsoft\Windows\CurrentVersion\Run\0ff91641118b8ba71feb1aa87725fe56</Data><Data Name='Details'>"C:\Users\Administrator\AppData\Local\Temp\server.com" ..</Data><Data Name='User'>ATTACKRANGE\Administrator</Data></EventData></Event>
<Event xmlns='http://schemas.microsoft.com/win/2004/08/events/event'><System><Provider Name='Microsoft-Windows-Sysmon' Guid='{5770385F-C22A-43E0-BF4C-06F5698FFBD9}'/><EventID>13</EventID><Version>2</Version><Level>4</Level><Task>13</Task><Opcode>0</Opcode><Keywords>0x8000000000000000</Keywords><TimeCreated SystemTime='2023-09-14T09:15:13.884327600Z'/><EventRecordID>59840</EventRecordID><Correlation/><Execution ProcessID='2444' ThreadID='2820'/><Channel>Microsoft-Windows-Sysmon/Operational</Channel><Computer>ar-win-dc.attackrange.local</Computer><Security UserID='S-1-5-18'/></System><EventData><Data Name='RuleName'>T1060,RunKey</Data><Data Name='EventType'>SetValue</Data><Data Name='UtcTime'>2023-09-14 09:15:13.883</Data><Data Name='ProcessGuid'>{8814F3F5-CD65-6502-6A02-000000000F03}</Data><Data Name='ProcessId'>3764</Data><Data Name='Image'>C:\Users\Administrator\AppData\Local\Temp\server.com</Data><Data Name='TargetObject'>HKLM\SOFTWARE\WOW6432Node\Microsoft\Windows\CurrentVersion\Run\0ff91641118b8ba71feb1aa87725fe56</Data><Data Name='Details'>"C:\Users\Administrator\AppData\Local\Temp\server.com" ..</Data><Data Name='User'>ATTACKRANGE\Administrator</Data></EventData></Event>
<Event xmlns='http://schemas.microsoft.com/win/2004/08/events/event'><System><Provider Name='Microsoft-Windows-Sysmon' Guid='{5770385F-C22A-43E0-BF4C-06F5698FFBD9}'/><EventID>13</EventID><Version>2</Version><Level>4</Level><Task>13</Task><Opcode>0</Opcode><Keywords>0x8000000000000000</Keywords><TimeCreated SystemTime='2023-09-14T09:15:13.884245600Z'/><EventRecordID>59839</EventRecordID><Correlation/><Execution ProcessID='2444' ThreadID='2820'/><Channel>Microsoft-Windows-Sysmon/Operational</Channel><Computer>ar-win-dc.attackrange.local</Computer><Security UserID='S-1-5-18'/></System><EventData><Data Name='RuleName'>T1060,RunKey</Data><Data Name='EventType'>SetValue</Data><Data Name='UtcTime'>2023-09-14 09:15:13.883</Data><Data Name='ProcessGuid'>{8814F3F5-CD65-6502-6A02-000000000F03}</Data><Data Name='ProcessId'>3764</Data><Data Name='Image'>C:\Users\Administrator\AppData\Local\Temp\server.com</Data><Data Name='TargetObject'>HKU\S-1-5-21-2571799417-433382502-1180051742-500\SOFTWARE\Microsoft\Windows\CurrentVersion\Run\0ff91641118b8ba71feb1aa87725fe56</Data><Data Name='Details'>"C:\Users\Administrator\AppData\Local\Temp\server.com" ..</Data><Data Name='User'>ATTACKRANGE\Administrator</Data></EventData></Event>
<Event xmlns='http://schemas.microsoft.com/win/2004/08/events/event'><System><Provider Name='Microsoft-Windows-Sysmon' Guid='{5770385F-C22A-43E0-BF4C-06F5698FFBD9}'/><EventID>13</EventID><Version>2</Version><Level>4</Level><Task>13</Task><Opcode>0</Opcode><Keywords>0x8000000000000000</Keywords><TimeCreated SystemTime='2023-09-14T09:15:12.868271600Z'/><EventRecordID>59838</EventRecordID><Correlation/><Execution ProcessID='2444' ThreadID='2820'/><Channel>Microsoft-Windows-Sysmon/Operational</Channel><Computer>ar-win-dc.attackrange.local</Computer><Security UserID='S-1-5-18'/></System><EventData><Data Name='RuleName'>T1060,RunKey</Data><Data Name='EventType'>SetValue</Data><Data Name='UtcTime'>2023-09-14 09:15:12.867</Data><Data Name='ProcessGuid'>{8814F3F5-CD65-6502-6A02-000000000F03}</Data><Data Name='ProcessId'>3764</Data><Data Name='Image'>C:\Users\Administrator\AppData\Local\Temp\server.com</Data><Data Name='TargetObject'>HKLM\SOFTWARE\WOW6432Node\Microsoft\Windows\CurrentVersion\Run\0ff91641118b8ba71feb1aa87725fe56</Data><Data Name='Details'>"C:\Users\Administrator\AppData\Local\Temp\server.com" ..</Data><Data Name='User'>ATTACKRANGE\Administrator</Data></EventData></Event>
<Event xmlns='http://schemas.microsoft.com/win/2004/08/events/event'><System><Provider Name='Microsoft-Windows-Sysmon' Guid='{5770385F-C22A-43E0-BF4C-06F5698FFBD9}'/><EventID>13</EventID><Version>2</Version><Level>4</Level><Task>13</Task><Opcode>0</Opcode><Keywords>0x8000000000000000</Keywords><TimeCreated SystemTime='2023-09-14T09:15:12.868095100Z'/><EventRecordID>59837</EventRecordID><Correlation/><Execution ProcessID='2444' ThreadID='2820'/><Channel>Microsoft-Windows-Sysmon/Operational</Channel><Computer>ar-win-dc.attackrange.local</Computer><Security UserID='S-1-5-18'/></System><EventData><Data Name='RuleName'>T1060,RunKey</Data><Data Name='EventType'>SetValue</Data><Data Name='UtcTime'>2023-09-14 09:15:12.867</Data><Data Name='ProcessGuid'>{8814F3F5-CD65-6502-6A02-000000000F03}</Data><Data Name='ProcessId'>3764</Data><Data Name='Image'>C:\Users\Administrator\AppData\Local\Temp\server.com</Data><Data Name='TargetObject'>HKU\S-1-5-21-2571799417-433382502-1180051742-500\SOFTWARE\Microsoft\Windows\CurrentVersion\Run\0ff91641118b8ba71feb1aa87725fe56</Data><Data Name='Details'>"C:\Users\Administrator\AppData\Local\Temp\server.com" ..</Data><Data Name='User'>ATTACKRANGE\Administrator</Data></EventData></Event>
<Event xmlns='http://schemas.microsoft.com/win/2004/08/events/event'><System><Provider Name='Microsoft-Windows-Sysmon' Guid='{5770385F-C22A-43E0-BF4C-06F5698FFBD9}'/><EventID>13</EventID><Version>2</Version><Level>4</Level><Task>13</Task><Opcode>0</Opcode><Keywords>0x8000000000000000</Keywords><TimeCreated SystemTime='2023-09-14T09:15:11.852713800Z'/><EventRecordID>59836</EventRecordID><Correlation/><Execution ProcessID='2444' ThreadID='2820'/><Channel>Microsoft-Windows-Sysmon/Operational</Channel><Computer>ar-win-dc.attackrange.local</Computer><Security UserID='S-1-5-18'/></System><EventData><Data Name='RuleName'>T1060,RunKey</Data><Data Name='EventType'>SetValue</Data><Data Name='UtcTime'>2023-09-14 09:15:11.851</Data><Data Name='ProcessGuid'>{8814F3F5-CD65-6502-6A02-000000000F03}</Data><Data Name='ProcessId'>3764</Data><Data Name='Image'>C:\Users\Administrator\AppData\Local\Temp\server.com</Data><Data Name='TargetObject'>HKLM\SOFTWARE\WOW6432Node\Microsoft\Windows\CurrentVersion\Run\0ff91641118b8ba71feb1aa87725fe56</Data><Data Name='Details'>"C:\Users\Administrator\AppData\Local\Temp\server.com" ..</Data><Data Name='User'>ATTACKRANGE\Administrator</Data></EventData></Event>
<Event xmlns='http://schemas.microsoft.com/win/2004/08/events/event'><System><Provider Name='Microsoft-Windows-Sysmon' Guid='{5770385F-C22A-43E0-BF4C-06F5698FFBD9}'/><EventID>13</EventID><Version>2</Version><Level>4</Level><Task>13</Task><Opcode>0</Opcode><Keywords>0x8000000000000000</Keywords><TimeCreated SystemTime='2023-09-14T09:15:11.852577400Z'/><EventRecordID>59835</EventRecordID><Correlation/><Execution ProcessID='2444' ThreadID='2820'/><Channel>Microsoft-Windows-Sysmon/Operational</Channel><Computer>ar-win-dc.attackrange.local</Computer><Security UserID='S-1-5-18'/></System><EventData><Data Name='RuleName'>T1060,RunKey</Data><Data Name='EventType'>SetValue</Data><Data Name='UtcTime'>2023-09-14 09:15:11.851</Data><Data Name='ProcessGuid'>{8814F3F5-CD65-6502-6A02-000000000F03}</Data><Data Name='ProcessId'>3764</Data><Data Name='Image'>C:\Users\Administrator\AppData\Local\Temp\server.com</Data><Data Name='TargetObject'>HKU\S-1-5-21-2571799417-433382502-1180051742-500\SOFTWARE\Microsoft\Windows\CurrentVersion\Run\0ff91641118b8ba71feb1aa87725fe56</Data><Data Name='Details'>"C:\Users\Administrator\AppData\Local\Temp\server.com" ..</Data><Data Name='User'>ATTACKRANGE\Administrator</Data></EventData></Event>
<Event xmlns='http://schemas.microsoft.com/win/2004/08/events/event'><System><Provider Name='Microsoft-Windows-Sysmon' Guid='{5770385F-C22A-43E0-BF4C-06F5698FFBD9}'/><EventID>13</EventID><Version>2</Version><Level>4</Level><Task>13</Task><Opcode>0</Opcode><Keywords>0x8000000000000000</Keywords><TimeCreated SystemTime='2023-09-14T09:15:10.845946800Z'/><EventRecordID>59833</EventRecordID><Correlation/><Execution ProcessID='2444' ThreadID='2820'/><Channel>Microsoft-Windows-Sysmon/Operational</Channel><Computer>ar-win-dc.attackrange.local</Computer><Security UserID='S-1-5-18'/></System><EventData><Data Name='RuleName'>T1060,RunKey</Data><Data Name='EventType'>SetValue</Data><Data Name='UtcTime'>2023-09-14 09:15:10.836</Data><Data Name='ProcessGuid'>{8814F3F5-CD65-6502-6A02-000000000F03}</Data><Data Name='ProcessId'>3764</Data><Data Name='Image'>C:\Users\Administrator\AppData\Local\Temp\server.com</Data><Data Name='TargetObject'>HKLM\SOFTWARE\WOW6432Node\Microsoft\Windows\CurrentVersion\Run\0ff91641118b8ba71feb1aa87725fe56</Data><Data Name='Details'>"C:\Users\Administrator\AppData\Local\Temp\server.com" ..</Data><Data Name='User'>ATTACKRANGE\Administrator</Data></EventData></Event>
<Event xmlns='http://schemas.microsoft.com/win/2004/08/events/event'><System><Provider Name='Microsoft-Windows-Sysmon' Guid='{5770385F-C22A-43E0-BF4C-06F5698FFBD9}'/><EventID>13</EventID><Version>2</Version><Level>4</Level><Task>13</Task><Opcode>0</Opcode><Keywords>0x8000000000000000</Keywords><TimeCreated SystemTime='2023-09-14T09:15:10.845888600Z'/><EventRecordID>59832</EventRecordID><Correlation/><Execution ProcessID='2444' ThreadID='2820'/><Channel>Microsoft-Windows-Sysmon/Operational</Channel><Computer>ar-win-dc.attackrange.local</Computer><Security UserID='S-1-5-18'/></System><EventData><Data Name='RuleName'>T1060,RunKey</Data><Data Name='EventType'>SetValue</Data><Data Name='UtcTime'>2023-09-14 09:15:10.836</Data><Data Name='ProcessGuid'>{8814F3F5-CD65-6502-6A02-000000000F03}</Data><Data Name='ProcessId'>3764</Data><Data Name='Image'>C:\Users\Administrator\AppData\Local\Temp\server.com</Data><Data Name='TargetObject'>HKU\S-1-5-21-2571799417-433382502-1180051742-500\SOFTWARE\Microsoft\Windows\CurrentVersion\Run\0ff91641118b8ba71feb1aa87725fe56</Data><Data Name='Details'>"C:\Users\Administrator\AppData\Local\Temp\server.com" ..</Data><Data Name='User'>ATTACKRANGE\Administrator</Data></EventData></Event>
<Event xmlns='http://schemas.microsoft.com/win/2004/08/events/event'><System><Provider Name='Microsoft-Windows-Sysmon' Guid='{5770385F-C22A-43E0-BF4C-06F5698FFBD9}'/><EventID>13</EventID><Version>2</Version><Level>4</Level><Task>13</Task><Opcode>0</Opcode><Keywords>0x8000000000000000</Keywords><TimeCreated SystemTime='2023-09-14T09:15:09.821239200Z'/><EventRecordID>59831</EventRecordID><Correlation/><Execution ProcessID='2444' ThreadID='2820'/><Channel>Microsoft-Windows-Sysmon/Operational</Channel><Computer>ar-win-dc.attackrange.local</Computer><Security UserID='S-1-5-18'/></System><EventData><Data Name='RuleName'>T1060,RunKey</Data><Data Name='EventType'>SetValue</Data><Data Name='UtcTime'>2023-09-14 09:15:09.820</Data><Data Name='ProcessGuid'>{8814F3F5-CD65-6502-6A02-000000000F03}</Data><Data Name='ProcessId'>3764</Data><Data Name='Image'>C:\Users\Administrator\AppData\Local\Temp\server.com</Data><Data Name='TargetObject'>HKLM\SOFTWARE\WOW6432Node\Microsoft\Windows\CurrentVersion\Run\0ff91641118b8ba71feb1aa87725fe56</Data><Data Name='Details'>"C:\Users\Administrator\AppData\Local\Temp\server.com" ..</Data><Data Name='User'>ATTACKRANGE\Administrator</Data></EventData></Event>
<Event xmlns='http://schemas.microsoft.com/win/2004/08/events/event'><System><Provider Name='Microsoft-Windows-Sysmon' Guid='{5770385F-C22A-43E0-BF4C-06F5698FFBD9}'/><EventID>13</EventID><Version>2</Version><Level>4</Level><Task>13</Task><Opcode>0</Opcode><Keywords>0x8000000000000000</Keywords><TimeCreated SystemTime='2023-09-14T09:15:09.821161800Z'/><EventRecordID>59830</EventRecordID><Correlation/><Execution ProcessID='2444' ThreadID='2820'/><Channel>Microsoft-Windows-Sysmon/Operational</Channel><Computer>ar-win-dc.attackrange.local</Computer><Security UserID='S-1-5-18'/></System><EventData><Data Name='RuleName'>T1060,RunKey</Data><Data Name='EventType'>SetValue</Data><Data Name='UtcTime'>2023-09-14 09:15:09.820</Data><Data Name='ProcessGuid'>{8814F3F5-CD65-6502-6A02-000000000F03}</Data><Data Name='ProcessId'>3764</Data><Data Name='Image'>C:\Users\Administrator\AppData\Local\Temp\server.com</Data><Data Name='TargetObject'>HKU\S-1-5-21-2571799417-433382502-1180051742-500\SOFTWARE\Microsoft\Windows\CurrentVersion\Run\0ff91641118b8ba71feb1aa87725fe56</Data><Data Name='Details'>"C:\Users\Administrator\AppData\Local\Temp\server.com" ..</Data><Data Name='User'>ATTACKRANGE\Administrator</Data></EventData></Event>
<Event xmlns='http://schemas.microsoft.com/win/2004/08/events/event'><System><Provider Name='Microsoft-Windows-Sysmon' Guid='{5770385F-C22A-43E0-BF4C-06F5698FFBD9}'/><EventID>13</EventID><Version>2</Version><Level>4</Level><Task>13</Task><Opcode>0</Opcode><Keywords>0x8000000000000000</Keywords><TimeCreated SystemTime='2023-09-14T09:15:08.805872300Z'/><EventRecordID>59829</EventRecordID><Correlation/><Execution ProcessID='2444' ThreadID='2820'/><Channel>Microsoft-Windows-Sysmon/Operational</Channel><Computer>ar-win-dc.attackrange.local</Computer><Security UserID='S-1-5-18'/></System><EventData><Data Name='RuleName'>T1060,RunKey</Data><Data Name='EventType'>SetValue</Data><Data Name='UtcTime'>2023-09-14 09:15:08.805</Data><Data Name='ProcessGuid'>{8814F3F5-CD65-6502-6A02-000000000F03}</Data><Data Name='ProcessId'>3764</Data><Data Name='Image'>C:\Users\Administrator\AppData\Local\Temp\server.com</Data><Data Name='TargetObject'>HKLM\SOFTWARE\WOW6432Node\Microsoft\Windows\CurrentVersion\Run\0ff91641118b8ba71feb1aa87725fe56</Data><Data Name='Details'>"C:\Users\Administrator\AppData\Local\Temp\server.com" ..</Data><Data Name='User'>ATTACKRANGE\Administrator</Data></EventData></Event>
<Event xmlns='http://schemas.microsoft.com/win/2004/08/events/event'><System><Provider Name='Microsoft-Windows-Sysmon' Guid='{5770385F-C22A-43E0-BF4C-06F5698FFBD9}'/><EventID>13</EventID><Version>2</Version><Level>4</Level><Task>13</Task><Opcode>0</Opcode><Keywords>0x8000000000000000</Keywords><TimeCreated SystemTime='2023-09-14T09:15:08.805800600Z'/><EventRecordID>59828</EventRecordID><Correlation/><Execution ProcessID='2444' ThreadID='2820'/><Channel>Microsoft-Windows-Sysmon/Operational</Channel><Computer>ar-win-dc.attackrange.local</Computer><Security UserID='S-1-5-18'/></System><EventData><Data Name='RuleName'>T1060,RunKey</Data><Data Name='EventType'>SetValue</Data><Data Name='UtcTime'>2023-09-14 09:15:08.805</Data><Data Name='ProcessGuid'>{8814F3F5-CD65-6502-6A02-000000000F03}</Data><Data Name='ProcessId'>3764</Data><Data Name='Image'>C:\Users\Administrator\AppData\Local\Temp\server.com</Data><Data Name='TargetObject'>HKU\S-1-5-21-2571799417-433382502-1180051742-500\SOFTWARE\Microsoft\Windows\CurrentVersion\Run\0ff91641118b8ba71feb1aa87725fe56</Data><Data Name='Details'>"C:\Users\Administrator\AppData\Local\Temp\server.com" ..</Data><Data Name='User'>ATTACKRANGE\Administrator</Data></EventData></Event>
<Event xmlns='http://schemas.microsoft.com/win/2004/08/events/event'><System><Provider Name='Microsoft-Windows-Sysmon' Guid='{5770385F-C22A-43E0-BF4C-06F5698FFBD9}'/><EventID>13</EventID><Version>2</Version><Level>4</Level><Task>13</Task><Opcode>0</Opcode><Keywords>0x8000000000000000</Keywords><TimeCreated SystemTime='2023-09-14T09:15:07.790386800Z'/><EventRecordID>59827</EventRecordID><Correlation/><Execution ProcessID='2444' ThreadID='2820'/><Channel>Microsoft-Windows-Sysmon/Operational</Channel><Computer>ar-win-dc.attackrange.local</Computer><Security UserID='S-1-5-18'/></System><EventData><Data Name='RuleName'>T1060,RunKey</Data><Data Name='EventType'>SetValue</Data><Data Name='UtcTime'>2023-09-14 09:15:07.789</Data><Data Name='ProcessGuid'>{8814F3F5-CD65-6502-6A02-000000000F03}</Data><Data Name='ProcessId'>3764</Data><Data Name='Image'>C:\Users\Administrator\AppData\Local\Temp\server.com</Data><Data Name='TargetObject'>HKLM\SOFTWARE\WOW6432Node\Microsoft\Windows\CurrentVersion\Run\0ff91641118b8ba71feb1aa87725fe56</Data><Data Name='Details'>"C:\Users\Administrator\AppData\Local\Temp\server.com" ..</Data><Data Name='User'>ATTACKRANGE\Administrator</Data></EventData></Event>
<Event xmlns='http://schemas.microsoft.com/win/2004/08/events/event'><System><Provider Name='Microsoft-Windows-Sysmon' Guid='{5770385F-C22A-43E0-BF4C-06F5698FFBD9}'/><EventID>13</EventID><Version>2</Version><Level>4</Level><Task>13</Task><Opcode>0</Opcode><Keywords>0x8000000000000000</Keywords><TimeCreated SystemTime='2023-09-14T09:15:07.790314700Z'/><EventRecordID>59826</EventRecordID><Correlation/><Execution ProcessID='2444' ThreadID='2820'/><Channel>Microsoft-Windows-Sysmon/Operational</Channel><Computer>ar-win-dc.attackrange.local</Computer><Security UserID='S-1-5-18'/></System><EventData><Data Name='RuleName'>T1060,RunKey</Data><Data Name='EventType'>SetValue</Data><Data Name='UtcTime'>2023-09-14 09:15:07.789</Data><Data Name='ProcessGuid'>{8814F3F5-CD65-6502-6A02-000000000F03}</Data><Data Name='ProcessId'>3764</Data><Data Name='Image'>C:\Users\Administrator\AppData\Local\Temp\server.com</Data><Data Name='TargetObject'>HKU\S-1-5-21-2571799417-433382502-1180051742-500\SOFTWARE\Microsoft\Windows\CurrentVersion\Run\0ff91641118b8ba71feb1aa87725fe56</Data><Data Name='Details'>"C:\Users\Administrator\AppData\Local\Temp\server.com" ..</Data><Data Name='User'>ATTACKRANGE\Administrator</Data></EventData></Event>
<Event xmlns='http://schemas.microsoft.com/win/2004/08/events/event'><System><Provider Name='Microsoft-Windows-Sysmon' Guid='{5770385F-C22A-43E0-BF4C-06F5698FFBD9}'/><EventID>13</EventID><Version>2</Version><Level>4</Level><Task>13</Task><Opcode>0</Opcode><Keywords>0x8000000000000000</Keywords><TimeCreated SystemTime='2023-09-14T09:15:06.776652600Z'/><EventRecordID>59825</EventRecordID><Correlation/><Execution ProcessID='2444' ThreadID='2820'/><Channel>Microsoft-Windows-Sysmon/Operational</Channel><Computer>ar-win-dc.attackrange.local</Computer><Security UserID='S-1-5-18'/></System><EventData><Data Name='RuleName'>T1060,RunKey</Data><Data Name='EventType'>SetValue</Data><Data Name='UtcTime'>2023-09-14 09:15:06.775</Data><Data Name='ProcessGuid'>{8814F3F5-CD65-6502-6A02-000000000F03}</Data><Data Name='ProcessId'>3764</Data><Data Name='Image'>C:\Users\Administrator\AppData\Local\Temp\server.com</Data><Data Name='TargetObject'>HKLM\SOFTWARE\WOW6432Node\Microsoft\Windows\CurrentVersion\Run\0ff91641118b8ba71feb1aa87725fe56</Data><Data Name='Details'>"C:\Users\Administrator\AppData\Local\Temp\server.com" ..</Data><Data Name='User'>ATTACKRANGE\Administrator</Data></EventData></Event>
<Event xmlns='http://schemas.microsoft.com/win/2004/08/events/event'><System><Provider Name='Microsoft-Windows-Sysmon' Guid='{5770385F-C22A-43E0-BF4C-06F5698FFBD9}'/><EventID>13</EventID><Version>2</Version><Level>4</Level><Task>13</Task><Opcode>0</Opcode><Keywords>0x8000000000000000</Keywords><TimeCreated SystemTime='2023-09-14T09:15:06.776494000Z'/><EventRecordID>59824</EventRecordID><Correlation/><Execution ProcessID='2444' ThreadID='2820'/><Channel>Microsoft-Windows-Sysmon/Operational</Channel><Computer>ar-win-dc.attackrange.local</Computer><Security UserID='S-1-5-18'/></System><EventData><Data Name='RuleName'>T1060,RunKey</Data><Data Name='EventType'>SetValue</Data><Data Name='UtcTime'>2023-09-14 09:15:06.775</Data><Data Name='ProcessGuid'>{8814F3F5-CD65-6502-6A02-000000000F03}</Data><Data Name='ProcessId'>3764</Data><Data Name='Image'>C:\Users\Administrator\AppData\Local\Temp\server.com</Data><Data Name='TargetObject'>HKU\S-1-5-21-2571799417-433382502-1180051742-500\SOFTWARE\Microsoft\Windows\CurrentVersion\Run\0ff91641118b8ba71feb1aa87725fe56</Data><Data Name='Details'>"C:\Users\Administrator\AppData\Local\Temp\server.com" ..</Data><Data Name='User'>ATTACKRANGE\Administrator</Data></EventData></Event>
<Event xmlns='http://schemas.microsoft.com/win/2004/08/events/event'><System><Provider Name='Microsoft-Windows-Sysmon' Guid='{5770385F-C22A-43E0-BF4C-06F5698FFBD9}'/><EventID>13</EventID><Version>2</Version><Level>4</Level><Task>13</Task><Opcode>0</Opcode><Keywords>0x8000000000000000</Keywords><TimeCreated SystemTime='2023-09-14T09:15:05.758814000Z'/><EventRecordID>59821</EventRecordID><Correlation/><Execution ProcessID='2444' ThreadID='2820'/><Channel>Microsoft-Windows-Sysmon/Operational</Channel><Computer>ar-win-dc.attackrange.local</Computer><Security UserID='S-1-5-18'/></System><EventData><Data Name='RuleName'>T1060,RunKey</Data><Data Name='EventType'>SetValue</Data><Data Name='UtcTime'>2023-09-14 09:15:05.758</Data><Data Name='ProcessGuid'>{8814F3F5-CD65-6502-6A02-000000000F03}</Data><Data Name='ProcessId'>3764</Data><Data Name='Image'>C:\Users\Administrator\AppData\Local\Temp\server.com</Data><Data Name='TargetObject'>HKLM\SOFTWARE\WOW6432Node\Microsoft\Windows\CurrentVersion\Run\0ff91641118b8ba71feb1aa87725fe56</Data><Data Name='Details'>"C:\Users\Administrator\AppData\Local\Temp\server.com" ..</Data><Data Name='User'>ATTACKRANGE\Administrator</Data></EventData></Event>
<Event xmlns='http://schemas.microsoft.com/win/2004/08/events/event'><System><Provider Name='Microsoft-Windows-Sysmon' Guid='{5770385F-C22A-43E0-BF4C-06F5698FFBD9}'/><EventID>13</EventID><Version>2</Version><Level>4</Level><Task>13</Task><Opcode>0</Opcode><Keywords>0x8000000000000000</Keywords><TimeCreated SystemTime='2023-09-14T09:15:05.758754200Z'/><EventRecordID>59820</EventRecordID><Correlation/><Execution ProcessID='2444' ThreadID='2820'/><Channel>Microsoft-Windows-Sysmon/Operational</Channel><Computer>ar-win-dc.attackrange.local</Computer><Security UserID='S-1-5-18'/></System><EventData><Data Name='RuleName'>T1060,RunKey</Data><Data Name='EventType'>SetValue</Data><Data Name='UtcTime'>2023-09-14 09:15:05.758</Data><Data Name='ProcessGuid'>{8814F3F5-CD65-6502-6A02-000000000F03}</Data><Data Name='ProcessId'>3764</Data><Data Name='Image'>C:\Users\Administrator\AppData\Local\Temp\server.com</Data><Data Name='TargetObject'>HKU\S-1-5-21-2571799417-433382502-1180051742-500\SOFTWARE\Microsoft\Windows\CurrentVersion\Run\0ff91641118b8ba71feb1aa87725fe56</Data><Data Name='Details'>"C:\Users\Administrator\AppData\Local\Temp\server.com" ..</Data><Data Name='User'>ATTACKRANGE\Administrator</Data></EventData></Event>
<Event xmlns='http://schemas.microsoft.com/win/2004/08/events/event'><System><Provider Name='Microsoft-Windows-Sysmon' Guid='{5770385F-C22A-43E0-BF4C-06F5698FFBD9}'/><EventID>13</EventID><Version>2</Version><Level>4</Level><Task>13</Task><Opcode>0</Opcode><Keywords>0x8000000000000000</Keywords><TimeCreated SystemTime='2023-09-14T09:15:04.743411700Z'/><EventRecordID>59819</EventRecordID><Correlation/><Execution ProcessID='2444' ThreadID='2820'/><Channel>Microsoft-Windows-Sysmon/Operational</Channel><Computer>ar-win-dc.attackrange.local</Computer><Security UserID='S-1-5-18'/></System><EventData><Data Name='RuleName'>T1060,RunKey</Data><Data Name='EventType'>SetValue</Data><Data Name='UtcTime'>2023-09-14 09:15:04.742</Data><Data Name='ProcessGuid'>{8814F3F5-CD65-6502-6A02-000000000F03}</Data><Data Name='ProcessId'>3764</Data><Data Name='Image'>C:\Users\Administrator\AppData\Local\Temp\server.com</Data><Data Name='TargetObject'>HKLM\SOFTWARE\WOW6432Node\Microsoft\Windows\CurrentVersion\Run\0ff91641118b8ba71feb1aa87725fe56</Data><Data Name='Details'>"C:\Users\Administrator\AppData\Local\Temp\server.com" ..</Data><Data Name='User'>ATTACKRANGE\Administrator</Data></EventData></Event>
<Event xmlns='http://schemas.microsoft.com/win/2004/08/events/event'><System><Provider Name='Microsoft-Windows-Sysmon' Guid='{5770385F-C22A-43E0-BF4C-06F5698FFBD9}'/><EventID>13</EventID><Version>2</Version><Level>4</Level><Task>13</Task><Opcode>0</Opcode><Keywords>0x8000000000000000</Keywords><TimeCreated SystemTime='2023-09-14T09:15:04.743333500Z'/><EventRecordID>59818</EventRecordID><Correlation/><Execution ProcessID='2444' ThreadID='2820'/><Channel>Microsoft-Windows-Sysmon/Operational</Channel><Computer>ar-win-dc.attackrange.local</Computer><Security UserID='S-1-5-18'/></System><EventData><Data Name='RuleName'>T1060,RunKey</Data><Data Name='EventType'>SetValue</Data><Data Name='UtcTime'>2023-09-14 09:15:04.742</Data><Data Name='ProcessGuid'>{8814F3F5-CD65-6502-6A02-000000000F03}</Data><Data Name='ProcessId'>3764</Data><Data Name='Image'>C:\Users\Administrator\AppData\Local\Temp\server.com</Data><Data Name='TargetObject'>HKU\S-1-5-21-2571799417-433382502-1180051742-500\SOFTWARE\Microsoft\Windows\CurrentVersion\Run\0ff91641118b8ba71feb1aa87725fe56</Data><Data Name='Details'>"C:\Users\Administrator\AppData\Local\Temp\server.com" ..</Data><Data Name='User'>ATTACKRANGE\Administrator</Data></EventData></Event>
<Event xmlns='http://schemas.microsoft.com/win/2004/08/events/event'><System><Provider Name='Microsoft-Windows-Sysmon' Guid='{5770385F-C22A-43E0-BF4C-06F5698FFBD9}'/><EventID>13</EventID><Version>2</Version><Level>4</Level><Task>13</Task><Opcode>0</Opcode><Keywords>0x8000000000000000</Keywords><TimeCreated SystemTime='2023-09-14T09:15:04.149445000Z'/><EventRecordID>59817</EventRecordID><Correlation/><Execution ProcessID='2444' ThreadID='2820'/><Channel>Microsoft-Windows-Sysmon/Operational</Channel><Computer>ar-win-dc.attackrange.local</Computer><Security UserID='S-1-5-18'/></System><EventData><Data Name='RuleName'>T1484</Data><Data Name='EventType'>SetValue</Data><Data Name='UtcTime'>2023-09-14 09:15:04.148</Data><Data Name='ProcessGuid'>{8814F3F5-CD65-6502-6A02-000000000F03}</Data><Data Name='ProcessId'>3764</Data><Data Name='Image'>C:\Users\Administrator\AppData\Local\Temp\server.com</Data><Data Name='TargetObject'>HKU\S-1-5-21-2571799417-433382502-1180051742-500\SOFTWARE\0ff91641118b8ba71feb1aa87725fe56\[kl]</Data><Data Name='Details'>%%temp%%[ENTER]
r%%[Back][Back][Back]e
\x0123/09/12 notepad++ *C:\Program Files\ansible\SwiftOnSecurity.xml - Notepad++ [Administrator]\x01
[ENTER]
[Back][Back][Back]com
\x0123/09/12 cmd Administrator: C:\Windows\system32\cmd.exe\x01
Sysmon64[TAP]
 -c 
\x0123/09/12 cmd Administrator: C:\Windows\system32\cmd.exe - Sysmon64.exe  -c "C:\Program Files\ansible\SwiftOnSecurity.xml"\x01
[ENTER]
rregedit[ENTER]

\x0123/09/14 notepad++ *C:\Program Files\ansible\SwiftOnSecurity.xml - Notepad++ [Administrator]\x01
[Back][
\x0123/09/14 cmd Administrator: C:\Windows\system32\cmd.exe\x01
Sysmon6[TAP]
 -c 
\x0123/09/14 cmd Administrator: C:\Windows\system32\cmd.exe - Sysmon64.exe  -c "C:\Program Files\ansible\SwiftOnSecurity.xml"\x01
[ENTER]
</Data><Data Name='User'>ATTACKRANGE\Administrator</Data></EventData></Event>
<Event xmlns='http://schemas.microsoft.com/win/2004/08/events/event'><System><Provider Name='Microsoft-Windows-Sysmon' Guid='{5770385F-C22A-43E0-BF4C-06F5698FFBD9}'/><EventID>13</EventID><Version>2</Version><Level>4</Level><Task>13</Task><Opcode>0</Opcode><Keywords>0x8000000000000000</Keywords><TimeCreated SystemTime='2023-09-14T09:15:03.729370700Z'/><EventRecordID>59816</EventRecordID><Correlation/><Execution ProcessID='2444' ThreadID='2820'/><Channel>Microsoft-Windows-Sysmon/Operational</Channel><Computer>ar-win-dc.attackrange.local</Computer><Security UserID='S-1-5-18'/></System><EventData><Data Name='RuleName'>T1060,RunKey</Data><Data Name='EventType'>SetValue</Data><Data Name='UtcTime'>2023-09-14 09:15:03.726</Data><Data Name='ProcessGuid'>{8814F3F5-CD65-6502-6A02-000000000F03}</Data><Data Name='ProcessId'>3764</Data><Data Name='Image'>C:\Users\Administrator\AppData\Local\Temp\server.com</Data><Data Name='TargetObject'>HKLM\SOFTWARE\WOW6432Node\Microsoft\Windows\CurrentVersion\Run\0ff91641118b8ba71feb1aa87725fe56</Data><Data Name='Details'>"C:\Users\Administrator\AppData\Local\Temp\server.com" ..</Data><Data Name='User'>ATTACKRANGE\Administrator</Data></EventData></Event>
<Event xmlns='http://schemas.microsoft.com/win/2004/08/events/event'><System><Provider Name='Microsoft-Windows-Sysmon' Guid='{5770385F-C22A-43E0-BF4C-06F5698FFBD9}'/><EventID>13</EventID><Version>2</Version><Level>4</Level><Task>13</Task><Opcode>0</Opcode><Keywords>0x8000000000000000</Keywords><TimeCreated SystemTime='2023-09-14T09:15:03.729285000Z'/><EventRecordID>59815</EventRecordID><Correlation/><Execution ProcessID='2444' ThreadID='2820'/><Channel>Microsoft-Windows-Sysmon/Operational</Channel><Computer>ar-win-dc.attackrange.local</Computer><Security UserID='S-1-5-18'/></System><EventData><Data Name='RuleName'>T1060,RunKey</Data><Data Name='EventType'>SetValue</Data><Data Name='UtcTime'>2023-09-14 09:15:03.726</Data><Data Name='ProcessGuid'>{8814F3F5-CD65-6502-6A02-000000000F03}</Data><Data Name='ProcessId'>3764</Data><Data Name='Image'>C:\Users\Administrator\AppData\Local\Temp\server.com</Data><Data Name='TargetObject'>HKU\S-1-5-21-2571799417-433382502-1180051742-500\SOFTWARE\Microsoft\Windows\CurrentVersion\Run\0ff91641118b8ba71feb1aa87725fe56</Data><Data Name='Details'>"C:\Users\Administrator\AppData\Local\Temp\server.com" ..</Data><Data Name='User'>ATTACKRANGE\Administrator</Data></EventData></Event>
