<Event><System><Provider Name="Linux-Sysmon" Guid="{ff032593-a8d3-4f13-b0d6-01fc615a0f97}"/><EventID>1</EventID><Version>5</Version><Level>4</Level><Task>1</Task><Opcode>0</Opcode><Keywords>0x8000000000000000</Keywords><TimeCreated SystemTime="2022-02-11T08:54:27.231720000Z"/><EventRecordID>1686370</EventRecordID><Correlation/><Execution ProcessID="4565" ThreadID="4565"/><Channel>Linux-Sysmon/Operational</Channel><Computer>sysmonlinux-bpatel-44382-8629</Computer><Security UserId="0"/></System><EventData><Data Name="RuleName">-</Data><Data Name="UtcTime">2022-02-11 08:54:27.231</Data><Data Name="ProcessGuid">{ec27465a-2443-6206-6894-6bff5a550000}</Data><Data Name="ProcessId">19012</Data><Data Name="Image">/bin/ps</Data><Data Name="FileVersion">-</Data><Data Name="Description">-</Data><Data Name="Product">-</Data><Data Name="Company">-</Data><Data Name="OriginalFileName">-</Data><Data Name="CommandLine">ps -e -o pid,ppid,state,command</Data><Data Name="CurrentDirectory">/var/snap/amazon-ssm-agent/4046</Data><Data Name="User">root</Data><Data Name="LogonGuid">{ec27465a-0000-0000-0000-000000000000}</Data><Data Name="LogonId">0</Data><Data Name="TerminalSessionId">4294967295</Data><Data Name="IntegrityLevel">no level</Data><Data Name="Hashes">-</Data><Data Name="ParentProcessGuid">{00000000-0000-0000-0000-000000000000}</Data><Data Name="ParentProcessId">2376</Data><Data Name="ParentImage">-</Data><Data Name="ParentCommandLine">-</Data><Data Name="ParentUser">-</Data></EventData></Event>
<Event><System><Provider Name="Linux-Sysmon" Guid="{ff032593-a8d3-4f13-b0d6-01fc615a0f97}"/><EventID>5</EventID><Version>3</Version><Level>4</Level><Task>5</Task><Opcode>0</Opcode><Keywords>0x8000000000000000</Keywords><TimeCreated SystemTime="2022-02-11T08:53:26.230461000Z"/><EventRecordID>1684269</EventRecordID><Correlation/><Execution ProcessID="4565" ThreadID="4565"/><Channel>Linux-Sysmon/Operational</Channel><Computer>sysmonlinux-bpatel-44382-8629</Computer><Security UserId="0"/></System><EventData><Data Name="RuleName">-</Data><Data Name="UtcTime">2022-02-11 08:53:26.230</Data><Data Name="ProcessGuid">{ec27465a-2406-6206-68e4-590e6f550000}</Data><Data Name="ProcessId">19011</Data><Data Name="Image">/bin/ps</Data><Data Name="User">root</Data></EventData></Event>
<Event><System><Provider Name="Linux-Sysmon" Guid="{ff032593-a8d3-4f13-b0d6-01fc615a0f97}"/><EventID>1</EventID><Version>5</Version><Level>4</Level><Task>1</Task><Opcode>0</Opcode><Keywords>0x8000000000000000</Keywords><TimeCreated SystemTime="2022-02-11T08:53:26.218950000Z"/><EventRecordID>1684268</EventRecordID><Correlation/><Execution ProcessID="4565" ThreadID="4565"/><Channel>Linux-Sysmon/Operational</Channel><Computer>sysmonlinux-bpatel-44382-8629</Computer><Security UserId="0"/></System><EventData><Data Name="RuleName">-</Data><Data Name="UtcTime">2022-02-11 08:53:26.219</Data><Data Name="ProcessGuid">{ec27465a-2406-6206-68e4-590e6f550000}</Data><Data Name="ProcessId">19011</Data><Data Name="Image">/bin/ps</Data><Data Name="FileVersion">-</Data><Data Name="Description">-</Data><Data Name="Product">-</Data><Data Name="Company">-</Data><Data Name="OriginalFileName">-</Data><Data Name="CommandLine">ps -e -o pid,ppid,state,command</Data><Data Name="CurrentDirectory">/var/snap/amazon-ssm-agent/4046</Data><Data Name="User">root</Data><Data Name="LogonGuid">{ec27465a-0000-0000-0000-000000000000}</Data><Data Name="LogonId">0</Data><Data Name="TerminalSessionId">4294967295</Data><Data Name="IntegrityLevel">no level</Data><Data Name="Hashes">-</Data><Data Name="ParentProcessGuid">{00000000-0000-0000-0000-000000000000}</Data><Data Name="ParentProcessId">2376</Data><Data Name="ParentImage">-</Data><Data Name="ParentCommandLine">-</Data><Data Name="ParentUser">-</Data></EventData></Event>
<Event><System><Provider Name="Linux-Sysmon" Guid="{ff032593-a8d3-4f13-b0d6-01fc615a0f97}"/><EventID>5</EventID><Version>3</Version><Level>4</Level><Task>5</Task><Opcode>0</Opcode><Keywords>0x8000000000000000</Keywords><TimeCreated SystemTime="2022-02-11T08:52:25.217696000Z"/><EventRecordID>1682795</EventRecordID><Correlation/><Execution ProcessID="4565" ThreadID="4565"/><Channel>Linux-Sysmon/Operational</Channel><Computer>sysmonlinux-bpatel-44382-8629</Computer><Security UserId="0"/></System><EventData><Data Name="RuleName">-</Data><Data Name="UtcTime">2022-02-11 08:52:25.218</Data><Data Name="ProcessGuid">{ec27465a-23c9-6206-6834-fcd0a1550000}</Data><Data Name="ProcessId">19010</Data><Data Name="Image">/bin/ps</Data><Data Name="User">root</Data></EventData></Event>
<Event><System><Provider Name="Linux-Sysmon" Guid="{ff032593-a8d3-4f13-b0d6-01fc615a0f97}"/><EventID>1</EventID><Version>5</Version><Level>4</Level><Task>1</Task><Opcode>0</Opcode><Keywords>0x8000000000000000</Keywords><TimeCreated SystemTime="2022-02-11T08:52:25.205599000Z"/><EventRecordID>1682794</EventRecordID><Correlation/><Execution ProcessID="4565" ThreadID="4565"/><Channel>Linux-Sysmon/Operational</Channel><Computer>sysmonlinux-bpatel-44382-8629</Computer><Security UserId="0"/></System><EventData><Data Name="RuleName">-</Data><Data Name="UtcTime">2022-02-11 08:52:25.205</Data><Data Name="ProcessGuid">{ec27465a-23c9-6206-6834-fcd0a1550000}</Data><Data Name="ProcessId">19010</Data><Data Name="Image">/bin/ps</Data><Data Name="FileVersion">-</Data><Data Name="Description">-</Data><Data Name="Product">-</Data><Data Name="Company">-</Data><Data Name="OriginalFileName">-</Data><Data Name="CommandLine">ps -e -o pid,ppid,state,command</Data><Data Name="CurrentDirectory">/var/snap/amazon-ssm-agent/4046</Data><Data Name="User">root</Data><Data Name="LogonGuid">{ec27465a-0000-0000-0000-000000000000}</Data><Data Name="LogonId">0</Data><Data Name="TerminalSessionId">4294967295</Data><Data Name="IntegrityLevel">no level</Data><Data Name="Hashes">-</Data><Data Name="ParentProcessGuid">{00000000-0000-0000-0000-000000000000}</Data><Data Name="ParentProcessId">2376</Data><Data Name="ParentImage">-</Data><Data Name="ParentCommandLine">-</Data><Data Name="ParentUser">-</Data></EventData></Event>
<Event><System><Provider Name="Linux-Sysmon" Guid="{ff032593-a8d3-4f13-b0d6-01fc615a0f97}"/><EventID>5</EventID><Version>3</Version><Level>4</Level><Task>5</Task><Opcode>0</Opcode><Keywords>0x8000000000000000</Keywords><TimeCreated SystemTime="2022-02-11T08:51:24.204310000Z"/><EventRecordID>1681275</EventRecordID><Correlation/><Execution ProcessID="4565" ThreadID="4565"/><Channel>Linux-Sysmon/Operational</Channel><Computer>sysmonlinux-bpatel-44382-8629</Computer><Security UserId="0"/></System><EventData><Data Name="RuleName">-</Data><Data Name="UtcTime">2022-02-11 08:51:24.204</Data><Data Name="ProcessGuid">{ec27465a-238c-6206-68f4-e2cc6d550000}</Data><Data Name="ProcessId">19009</Data><Data Name="Image">/bin/ps</Data><Data Name="User">root</Data></EventData></Event>
<Event><System><Provider Name="Linux-Sysmon" Guid="{ff032593-a8d3-4f13-b0d6-01fc615a0f97}"/><EventID>1</EventID><Version>5</Version><Level>4</Level><Task>1</Task><Opcode>0</Opcode><Keywords>0x8000000000000000</Keywords><TimeCreated SystemTime="2022-02-11T08:51:24.184972000Z"/><EventRecordID>1681274</EventRecordID><Correlation/><Execution ProcessID="4565" ThreadID="4565"/><Channel>Linux-Sysmon/Operational</Channel><Computer>sysmonlinux-bpatel-44382-8629</Computer><Security UserId="0"/></System><EventData><Data Name="RuleName">-</Data><Data Name="UtcTime">2022-02-11 08:51:24.185</Data><Data Name="ProcessGuid">{ec27465a-238c-6206-68f4-e2cc6d550000}</Data><Data Name="ProcessId">19009</Data><Data Name="Image">/bin/ps</Data><Data Name="FileVersion">-</Data><Data Name="Description">-</Data><Data Name="Product">-</Data><Data Name="Company">-</Data><Data Name="OriginalFileName">-</Data><Data Name="CommandLine">ps -e -o pid,ppid,state,command</Data><Data Name="CurrentDirectory">/var/snap/amazon-ssm-agent/4046</Data><Data Name="User">root</Data><Data Name="LogonGuid">{ec27465a-0000-0000-0000-000000000000}</Data><Data Name="LogonId">0</Data><Data Name="TerminalSessionId">4294967295</Data><Data Name="IntegrityLevel">no level</Data><Data Name="Hashes">-</Data><Data Name="ParentProcessGuid">{00000000-0000-0000-0000-000000000000}</Data><Data Name="ParentProcessId">2376</Data><Data Name="ParentImage">-</Data><Data Name="ParentCommandLine">-</Data><Data Name="ParentUser">-</Data></EventData></Event>
<Event><System><Provider Name="Linux-Sysmon" Guid="{ff032593-a8d3-4f13-b0d6-01fc615a0f97}"/><EventID>5</EventID><Version>3</Version><Level>4</Level><Task>5</Task><Opcode>0</Opcode><Keywords>0x8000000000000000</Keywords><TimeCreated SystemTime="2022-02-11T08:50:23.182664000Z"/><EventRecordID>1678550</EventRecordID><Correlation/><Execution ProcessID="4565" ThreadID="4565"/><Channel>Linux-Sysmon/Operational</Channel><Computer>sysmonlinux-bpatel-44382-8629</Computer><Security UserId="0"/></System><EventData><Data Name="RuleName">-</Data><Data Name="UtcTime">2022-02-11 08:50:23.183</Data><Data Name="ProcessGuid">{ec27465a-234f-6206-6844-eee0ca550000}</Data><Data Name="ProcessId">19007</Data><Data Name="Image">/bin/ps</Data><Data Name="User">root</Data></EventData></Event>
<Event><System><Provider Name="Linux-Sysmon" Guid="{ff032593-a8d3-4f13-b0d6-01fc615a0f97}"/><EventID>1</EventID><Version>5</Version><Level>4</Level><Task>1</Task><Opcode>0</Opcode><Keywords>0x8000000000000000</Keywords><TimeCreated SystemTime="2022-02-11T08:50:23.164728000Z"/><EventRecordID>1678549</EventRecordID><Correlation/><Execution ProcessID="4565" ThreadID="4565"/><Channel>Linux-Sysmon/Operational</Channel><Computer>sysmonlinux-bpatel-44382-8629</Computer><Security UserId="0"/></System><EventData><Data Name="RuleName">-</Data><Data Name="UtcTime">2022-02-11 08:50:23.164</Data><Data Name="ProcessGuid">{ec27465a-234f-6206-6844-eee0ca550000}</Data><Data Name="ProcessId">19007</Data><Data Name="Image">/bin/ps</Data><Data Name="FileVersion">-</Data><Data Name="Description">-</Data><Data Name="Product">-</Data><Data Name="Company">-</Data><Data Name="OriginalFileName">-</Data><Data Name="CommandLine">ps -e -o pid,ppid,state,command</Data><Data Name="CurrentDirectory">/var/snap/amazon-ssm-agent/4046</Data><Data Name="User">root</Data><Data Name="LogonGuid">{ec27465a-0000-0000-0000-000000000000}</Data><Data Name="LogonId">0</Data><Data Name="TerminalSessionId">4294967295</Data><Data Name="IntegrityLevel">no level</Data><Data Name="Hashes">-</Data><Data Name="ParentProcessGuid">{00000000-0000-0000-0000-000000000000}</Data><Data Name="ParentProcessId">2376</Data><Data Name="ParentImage">-</Data><Data Name="ParentCommandLine">-</Data><Data Name="ParentUser">-</Data></EventData></Event>
<Event><System><Provider Name="Linux-Sysmon" Guid="{ff032593-a8d3-4f13-b0d6-01fc615a0f97}"/><EventID>5</EventID><Version>3</Version><Level>4</Level><Task>5</Task><Opcode>0</Opcode><Keywords>0x8000000000000000</Keywords><TimeCreated SystemTime="2022-02-11T08:49:22.162990000Z"/><EventRecordID>1677027</EventRecordID><Correlation/><Execution ProcessID="4565" ThreadID="4565"/><Channel>Linux-Sysmon/Operational</Channel><Computer>sysmonlinux-bpatel-44382-8629</Computer><Security UserId="0"/></System><EventData><Data Name="RuleName">-</Data><Data Name="UtcTime">2022-02-11 08:49:22.163</Data><Data Name="ProcessGuid">{ec27465a-2312-6206-68e4-959a8a550000}</Data><Data Name="ProcessId">19006</Data><Data Name="Image">/bin/ps</Data><Data Name="User">root</Data></EventData></Event>
<Event><System><Provider Name="Linux-Sysmon" Guid="{ff032593-a8d3-4f13-b0d6-01fc615a0f97}"/><EventID>1</EventID><Version>5</Version><Level>4</Level><Task>1</Task><Opcode>0</Opcode><Keywords>0x8000000000000000</Keywords><TimeCreated SystemTime="2022-02-11T08:49:22.152811000Z"/><EventRecordID>1677026</EventRecordID><Correlation/><Execution ProcessID="4565" ThreadID="4565"/><Channel>Linux-Sysmon/Operational</Channel><Computer>sysmonlinux-bpatel-44382-8629</Computer><Security UserId="0"/></System><EventData><Data Name="RuleName">-</Data><Data Name="UtcTime">2022-02-11 08:49:22.152</Data><Data Name="ProcessGuid">{ec27465a-2312-6206-68e4-959a8a550000}</Data><Data Name="ProcessId">19006</Data><Data Name="Image">/bin/ps</Data><Data Name="FileVersion">-</Data><Data Name="Description">-</Data><Data Name="Product">-</Data><Data Name="Company">-</Data><Data Name="OriginalFileName">-</Data><Data Name="CommandLine">ps -e -o pid,ppid,state,command</Data><Data Name="CurrentDirectory">/var/snap/amazon-ssm-agent/4046</Data><Data Name="User">root</Data><Data Name="LogonGuid">{ec27465a-0000-0000-0000-000000000000}</Data><Data Name="LogonId">0</Data><Data Name="TerminalSessionId">4294967295</Data><Data Name="IntegrityLevel">no level</Data><Data Name="Hashes">-</Data><Data Name="ParentProcessGuid">{00000000-0000-0000-0000-000000000000}</Data><Data Name="ParentProcessId">2376</Data><Data Name="ParentImage">-</Data><Data Name="ParentCommandLine">-</Data><Data Name="ParentUser">-</Data></EventData></Event>
<Event><System><Provider Name="Linux-Sysmon" Guid="{ff032593-a8d3-4f13-b0d6-01fc615a0f97}"/><EventID>5</EventID><Version>3</Version><Level>4</Level><Task>5</Task><Opcode>0</Opcode><Keywords>0x8000000000000000</Keywords><TimeCreated SystemTime="2022-02-11T08:48:21.151735000Z"/><EventRecordID>1673911</EventRecordID><Correlation/><Execution ProcessID="4565" ThreadID="4565"/><Channel>Linux-Sysmon/Operational</Channel><Computer>sysmonlinux-bpatel-44382-8629</Computer><Security UserId="0"/></System><EventData><Data Name="RuleName">-</Data><Data Name="UtcTime">2022-02-11 08:48:21.152</Data><Data Name="ProcessGuid">{ec27465a-22d5-6206-68a4-580991550000}</Data><Data Name="ProcessId">19005</Data><Data Name="Image">/bin/ps</Data><Data Name="User">root</Data></EventData></Event>
<Event><System><Provider Name="Linux-Sysmon" Guid="{ff032593-a8d3-4f13-b0d6-01fc615a0f97}"/><EventID>1</EventID><Version>5</Version><Level>4</Level><Task>1</Task><Opcode>0</Opcode><Keywords>0x8000000000000000</Keywords><TimeCreated SystemTime="2022-02-11T08:48:21.140432000Z"/><EventRecordID>1673910</EventRecordID><Correlation/><Execution ProcessID="4565" ThreadID="4565"/><Channel>Linux-Sysmon/Operational</Channel><Computer>sysmonlinux-bpatel-44382-8629</Computer><Security UserId="0"/></System><EventData><Data Name="RuleName">-</Data><Data Name="UtcTime">2022-02-11 08:48:21.140</Data><Data Name="ProcessGuid">{ec27465a-22d5-6206-68a4-580991550000}</Data><Data Name="ProcessId">19005</Data><Data Name="Image">/bin/ps</Data><Data Name="FileVersion">-</Data><Data Name="Description">-</Data><Data Name="Product">-</Data><Data Name="Company">-</Data><Data Name="OriginalFileName">-</Data><Data Name="CommandLine">ps -e -o pid,ppid,state,command</Data><Data Name="CurrentDirectory">/var/snap/amazon-ssm-agent/4046</Data><Data Name="User">root</Data><Data Name="LogonGuid">{ec27465a-0000-0000-0000-000000000000}</Data><Data Name="LogonId">0</Data><Data Name="TerminalSessionId">4294967295</Data><Data Name="IntegrityLevel">no level</Data><Data Name="Hashes">-</Data><Data Name="ParentProcessGuid">{00000000-0000-0000-0000-000000000000}</Data><Data Name="ParentProcessId">2376</Data><Data Name="ParentImage">-</Data><Data Name="ParentCommandLine">-</Data><Data Name="ParentUser">-</Data></EventData></Event>
<Event><System><Provider Name="Linux-Sysmon" Guid="{ff032593-a8d3-4f13-b0d6-01fc615a0f97}"/><EventID>5</EventID><Version>3</Version><Level>4</Level><Task>5</Task><Opcode>0</Opcode><Keywords>0x8000000000000000</Keywords><TimeCreated SystemTime="2022-02-11T08:47:20.138957000Z"/><EventRecordID>1672378</EventRecordID><Correlation/><Execution ProcessID="4565" ThreadID="4565"/><Channel>Linux-Sysmon/Operational</Channel><Computer>sysmonlinux-bpatel-44382-8629</Computer><Security UserId="0"/></System><EventData><Data Name="RuleName">-</Data><Data Name="UtcTime">2022-02-11 08:47:20.139</Data><Data Name="ProcessGuid">{ec27465a-2298-6206-6834-b236dd550000}</Data><Data Name="ProcessId">19004</Data><Data Name="Image">/bin/ps</Data><Data Name="User">root</Data></EventData></Event>
<Event><System><Provider Name="Linux-Sysmon" Guid="{ff032593-a8d3-4f13-b0d6-01fc615a0f97}"/><EventID>1</EventID><Version>5</Version><Level>4</Level><Task>1</Task><Opcode>0</Opcode><Keywords>0x8000000000000000</Keywords><TimeCreated SystemTime="2022-02-11T08:47:20.128262000Z"/><EventRecordID>1672376</EventRecordID><Correlation/><Execution ProcessID="4565" ThreadID="4565"/><Channel>Linux-Sysmon/Operational</Channel><Computer>sysmonlinux-bpatel-44382-8629</Computer><Security UserId="0"/></System><EventData><Data Name="RuleName">-</Data><Data Name="UtcTime">2022-02-11 08:47:20.128</Data><Data Name="ProcessGuid">{ec27465a-2298-6206-6834-b236dd550000}</Data><Data Name="ProcessId">19004</Data><Data Name="Image">/bin/ps</Data><Data Name="FileVersion">-</Data><Data Name="Description">-</Data><Data Name="Product">-</Data><Data Name="Company">-</Data><Data Name="OriginalFileName">-</Data><Data Name="CommandLine">ps -e -o pid,ppid,state,command</Data><Data Name="CurrentDirectory">/var/snap/amazon-ssm-agent/4046</Data><Data Name="User">root</Data><Data Name="LogonGuid">{ec27465a-0000-0000-0000-000000000000}</Data><Data Name="LogonId">0</Data><Data Name="TerminalSessionId">4294967295</Data><Data Name="IntegrityLevel">no level</Data><Data Name="Hashes">-</Data><Data Name="ParentProcessGuid">{00000000-0000-0000-0000-000000000000}</Data><Data Name="ParentProcessId">2376</Data><Data Name="ParentImage">-</Data><Data Name="ParentCommandLine">-</Data><Data Name="ParentUser">-</Data></EventData></Event>
<Event><System><Provider Name="Linux-Sysmon" Guid="{ff032593-a8d3-4f13-b0d6-01fc615a0f97}"/><EventID>5</EventID><Version>3</Version><Level>4</Level><Task>5</Task><Opcode>0</Opcode><Keywords>0x8000000000000000</Keywords><TimeCreated SystemTime="2022-02-11T08:46:19.126955000Z"/><EventRecordID>1668974</EventRecordID><Correlation/><Execution ProcessID="4565" ThreadID="4565"/><Channel>Linux-Sysmon/Operational</Channel><Computer>sysmonlinux-bpatel-44382-8629</Computer><Security UserId="0"/></System><EventData><Data Name="RuleName">-</Data><Data Name="UtcTime">2022-02-11 08:46:19.127</Data><Data Name="ProcessGuid">{ec27465a-225b-6206-6864-c3d2ca550000}</Data><Data Name="ProcessId">19003</Data><Data Name="Image">/bin/ps</Data><Data Name="User">root</Data></EventData></Event>
<Event><System><Provider Name="Linux-Sysmon" Guid="{ff032593-a8d3-4f13-b0d6-01fc615a0f97}"/><EventID>1</EventID><Version>5</Version><Level>4</Level><Task>1</Task><Opcode>0</Opcode><Keywords>0x8000000000000000</Keywords><TimeCreated SystemTime="2022-02-11T08:46:19.117300000Z"/><EventRecordID>1668973</EventRecordID><Correlation/><Execution ProcessID="4565" ThreadID="4565"/><Channel>Linux-Sysmon/Operational</Channel><Computer>sysmonlinux-bpatel-44382-8629</Computer><Security UserId="0"/></System><EventData><Data Name="RuleName">-</Data><Data Name="UtcTime">2022-02-11 08:46:19.117</Data><Data Name="ProcessGuid">{ec27465a-225b-6206-6864-c3d2ca550000}</Data><Data Name="ProcessId">19003</Data><Data Name="Image">/bin/ps</Data><Data Name="FileVersion">-</Data><Data Name="Description">-</Data><Data Name="Product">-</Data><Data Name="Company">-</Data><Data Name="OriginalFileName">-</Data><Data Name="CommandLine">ps -e -o pid,ppid,state,command</Data><Data Name="CurrentDirectory">/var/snap/amazon-ssm-agent/4046</Data><Data Name="User">root</Data><Data Name="LogonGuid">{ec27465a-0000-0000-0000-000000000000}</Data><Data Name="LogonId">0</Data><Data Name="TerminalSessionId">4294967295</Data><Data Name="IntegrityLevel">no level</Data><Data Name="Hashes">-</Data><Data Name="ParentProcessGuid">{00000000-0000-0000-0000-000000000000}</Data><Data Name="ParentProcessId">2376</Data><Data Name="ParentImage">-</Data><Data Name="ParentCommandLine">-</Data><Data Name="ParentUser">-</Data></EventData></Event>
<Event><System><Provider Name="Linux-Sysmon" Guid="{ff032593-a8d3-4f13-b0d6-01fc615a0f97}"/><EventID>5</EventID><Version>3</Version><Level>4</Level><Task>5</Task><Opcode>0</Opcode><Keywords>0x8000000000000000</Keywords><TimeCreated SystemTime="2022-02-11T08:45:18.116497000Z"/><EventRecordID>1667453</EventRecordID><Correlation/><Execution ProcessID="4565" ThreadID="4565"/><Channel>Linux-Sysmon/Operational</Channel><Computer>sysmonlinux-bpatel-44382-8629</Computer><Security UserId="0"/></System><EventData><Data Name="RuleName">-</Data><Data Name="UtcTime">2022-02-11 08:45:18.116</Data><Data Name="ProcessGuid">{ec27465a-221e-6206-6884-1fa52f560000}</Data><Data Name="ProcessId">19000</Data><Data Name="Image">/bin/ps</Data><Data Name="User">root</Data></EventData></Event>
<Event><System><Provider Name="Linux-Sysmon" Guid="{ff032593-a8d3-4f13-b0d6-01fc615a0f97}"/><EventID>1</EventID><Version>5</Version><Level>4</Level><Task>1</Task><Opcode>0</Opcode><Keywords>0x8000000000000000</Keywords><TimeCreated SystemTime="2022-02-11T08:45:18.104026000Z"/><EventRecordID>1667452</EventRecordID><Correlation/><Execution ProcessID="4565" ThreadID="4565"/><Channel>Linux-Sysmon/Operational</Channel><Computer>sysmonlinux-bpatel-44382-8629</Computer><Security UserId="0"/></System><EventData><Data Name="RuleName">-</Data><Data Name="UtcTime">2022-02-11 08:45:18.104</Data><Data Name="ProcessGuid">{ec27465a-221e-6206-6884-1fa52f560000}</Data><Data Name="ProcessId">19000</Data><Data Name="Image">/bin/ps</Data><Data Name="FileVersion">-</Data><Data Name="Description">-</Data><Data Name="Product">-</Data><Data Name="Company">-</Data><Data Name="OriginalFileName">-</Data><Data Name="CommandLine">ps -e -o pid,ppid,state,command</Data><Data Name="CurrentDirectory">/var/snap/amazon-ssm-agent/4046</Data><Data Name="User">root</Data><Data Name="LogonGuid">{ec27465a-0000-0000-0000-000000000000}</Data><Data Name="LogonId">0</Data><Data Name="TerminalSessionId">4294967295</Data><Data Name="IntegrityLevel">no level</Data><Data Name="Hashes">-</Data><Data Name="ParentProcessGuid">{00000000-0000-0000-0000-000000000000}</Data><Data Name="ParentProcessId">2376</Data><Data Name="ParentImage">-</Data><Data Name="ParentCommandLine">-</Data><Data Name="ParentUser">-</Data></EventData></Event>
<Event><System><Provider Name="Linux-Sysmon" Guid="{ff032593-a8d3-4f13-b0d6-01fc615a0f97}"/><EventID>5</EventID><Version>3</Version><Level>4</Level><Task>5</Task><Opcode>0</Opcode><Keywords>0x8000000000000000</Keywords><TimeCreated SystemTime="2022-02-11T08:44:17.102900000Z"/><EventRecordID>1664208</EventRecordID><Correlation/><Execution ProcessID="4565" ThreadID="4565"/><Channel>Linux-Sysmon/Operational</Channel><Computer>sysmonlinux-bpatel-44382-8629</Computer><Security UserId="0"/></System><EventData><Data Name="RuleName">-</Data><Data Name="UtcTime">2022-02-11 08:44:17.103</Data><Data Name="ProcessGuid">{ec27465a-21e1-6206-68e4-dbe8a7550000}</Data><Data Name="ProcessId">18999</Data><Data Name="Image">/bin/ps</Data><Data Name="User">root</Data></EventData></Event>
<Event><System><Provider Name="Linux-Sysmon" Guid="{ff032593-a8d3-4f13-b0d6-01fc615a0f97}"/><EventID>1</EventID><Version>5</Version><Level>4</Level><Task>1</Task><Opcode>0</Opcode><Keywords>0x8000000000000000</Keywords><TimeCreated SystemTime="2022-02-11T08:44:17.092906000Z"/><EventRecordID>1664207</EventRecordID><Correlation/><Execution ProcessID="4565" ThreadID="4565"/><Channel>Linux-Sysmon/Operational</Channel><Computer>sysmonlinux-bpatel-44382-8629</Computer><Security UserId="0"/></System><EventData><Data Name="RuleName">-</Data><Data Name="UtcTime">2022-02-11 08:44:17.093</Data><Data Name="ProcessGuid">{ec27465a-21e1-6206-68e4-dbe8a7550000}</Data><Data Name="ProcessId">18999</Data><Data Name="Image">/bin/ps</Data><Data Name="FileVersion">-</Data><Data Name="Description">-</Data><Data Name="Product">-</Data><Data Name="Company">-</Data><Data Name="OriginalFileName">-</Data><Data Name="CommandLine">ps -e -o pid,ppid,state,command</Data><Data Name="CurrentDirectory">/var/snap/amazon-ssm-agent/4046</Data><Data Name="User">root</Data><Data Name="LogonGuid">{ec27465a-0000-0000-0000-000000000000}</Data><Data Name="LogonId">0</Data><Data Name="TerminalSessionId">4294967295</Data><Data Name="IntegrityLevel">no level</Data><Data Name="Hashes">-</Data><Data Name="ParentProcessGuid">{00000000-0000-0000-0000-000000000000}</Data><Data Name="ParentProcessId">2376</Data><Data Name="ParentImage">-</Data><Data Name="ParentCommandLine">-</Data><Data Name="ParentUser">-</Data></EventData></Event>
<Event><System><Provider Name="Linux-Sysmon" Guid="{ff032593-a8d3-4f13-b0d6-01fc615a0f97}"/><EventID>5</EventID><Version>3</Version><Level>4</Level><Task>5</Task><Opcode>0</Opcode><Keywords>0x8000000000000000</Keywords><TimeCreated SystemTime="2022-02-11T08:43:16.091619000Z"/><EventRecordID>1662736</EventRecordID><Correlation/><Execution ProcessID="4565" ThreadID="4565"/><Channel>Linux-Sysmon/Operational</Channel><Computer>sysmonlinux-bpatel-44382-8629</Computer><Security UserId="0"/></System><EventData><Data Name="RuleName">-</Data><Data Name="UtcTime">2022-02-11 08:43:16.092</Data><Data Name="ProcessGuid">{ec27465a-21a4-6206-68f4-26c04f560000}</Data><Data Name="ProcessId">18998</Data><Data Name="Image">/bin/ps</Data><Data Name="User">root</Data></EventData></Event>
<Event><System><Provider Name="Linux-Sysmon" Guid="{ff032593-a8d3-4f13-b0d6-01fc615a0f97}"/><EventID>1</EventID><Version>5</Version><Level>4</Level><Task>1</Task><Opcode>0</Opcode><Keywords>0x8000000000000000</Keywords><TimeCreated SystemTime="2022-02-11T08:43:16.080154000Z"/><EventRecordID>1662735</EventRecordID><Correlation/><Execution ProcessID="4565" ThreadID="4565"/><Channel>Linux-Sysmon/Operational</Channel><Computer>sysmonlinux-bpatel-44382-8629</Computer><Security UserId="0"/></System><EventData><Data Name="RuleName">-</Data><Data Name="UtcTime">2022-02-11 08:43:16.080</Data><Data Name="ProcessGuid">{ec27465a-21a4-6206-68f4-26c04f560000}</Data><Data Name="ProcessId">18998</Data><Data Name="Image">/bin/ps</Data><Data Name="FileVersion">-</Data><Data Name="Description">-</Data><Data Name="Product">-</Data><Data Name="Company">-</Data><Data Name="OriginalFileName">-</Data><Data Name="CommandLine">ps -e -o pid,ppid,state,command</Data><Data Name="CurrentDirectory">/var/snap/amazon-ssm-agent/4046</Data><Data Name="User">root</Data><Data Name="LogonGuid">{ec27465a-0000-0000-0000-000000000000}</Data><Data Name="LogonId">0</Data><Data Name="TerminalSessionId">4294967295</Data><Data Name="IntegrityLevel">no level</Data><Data Name="Hashes">-</Data><Data Name="ParentProcessGuid">{00000000-0000-0000-0000-000000000000}</Data><Data Name="ParentProcessId">2376</Data><Data Name="ParentImage">-</Data><Data Name="ParentCommandLine">-</Data><Data Name="ParentUser">-</Data></EventData></Event>
<Event><System><Provider Name="Linux-Sysmon" Guid="{ff032593-a8d3-4f13-b0d6-01fc615a0f97}"/><EventID>5</EventID><Version>3</Version><Level>4</Level><Task>5</Task><Opcode>0</Opcode><Keywords>0x8000000000000000</Keywords><TimeCreated SystemTime="2022-02-11T08:42:15.079016000Z"/><EventRecordID>1659420</EventRecordID><Correlation/><Execution ProcessID="4565" ThreadID="4565"/><Channel>Linux-Sysmon/Operational</Channel><Computer>sysmonlinux-bpatel-44382-8629</Computer><Security UserId="0"/></System><EventData><Data Name="RuleName">-</Data><Data Name="UtcTime">2022-02-11 08:42:15.079</Data><Data Name="ProcessGuid">{ec27465a-2167-6206-6884-6f49e0550000}</Data><Data Name="ProcessId">18997</Data><Data Name="Image">/bin/ps</Data><Data Name="User">root</Data></EventData></Event>
<Event><System><Provider Name="Linux-Sysmon" Guid="{ff032593-a8d3-4f13-b0d6-01fc615a0f97}"/><EventID>1</EventID><Version>5</Version><Level>4</Level><Task>1</Task><Opcode>0</Opcode><Keywords>0x8000000000000000</Keywords><TimeCreated SystemTime="2022-02-11T08:42:15.068124000Z"/><EventRecordID>1659397</EventRecordID><Correlation/><Execution ProcessID="4565" ThreadID="4565"/><Channel>Linux-Sysmon/Operational</Channel><Computer>sysmonlinux-bpatel-44382-8629</Computer><Security UserId="0"/></System><EventData><Data Name="RuleName">-</Data><Data Name="UtcTime">2022-02-11 08:42:15.068</Data><Data Name="ProcessGuid">{ec27465a-2167-6206-6884-6f49e0550000}</Data><Data Name="ProcessId">18997</Data><Data Name="Image">/bin/ps</Data><Data Name="FileVersion">-</Data><Data Name="Description">-</Data><Data Name="Product">-</Data><Data Name="Company">-</Data><Data Name="OriginalFileName">-</Data><Data Name="CommandLine">ps -e -o pid,ppid,state,command</Data><Data Name="CurrentDirectory">/var/snap/amazon-ssm-agent/4046</Data><Data Name="User">root</Data><Data Name="LogonGuid">{ec27465a-0000-0000-0000-000000000000}</Data><Data Name="LogonId">0</Data><Data Name="TerminalSessionId">4294967295</Data><Data Name="IntegrityLevel">no level</Data><Data Name="Hashes">-</Data><Data Name="ParentProcessGuid">{00000000-0000-0000-0000-000000000000}</Data><Data Name="ParentProcessId">2376</Data><Data Name="ParentImage">-</Data><Data Name="ParentCommandLine">-</Data><Data Name="ParentUser">-</Data></EventData></Event>
<Event><System><Provider Name="Linux-Sysmon" Guid="{ff032593-a8d3-4f13-b0d6-01fc615a0f97}"/><EventID>5</EventID><Version>3</Version><Level>4</Level><Task>5</Task><Opcode>0</Opcode><Keywords>0x8000000000000000</Keywords><TimeCreated SystemTime="2022-02-11T08:41:14.066737000Z"/><EventRecordID>1657768</EventRecordID><Correlation/><Execution ProcessID="4565" ThreadID="4565"/><Channel>Linux-Sysmon/Operational</Channel><Computer>sysmonlinux-bpatel-44382-8629</Computer><Security UserId="0"/></System><EventData><Data Name="RuleName">-</Data><Data Name="UtcTime">2022-02-11 08:41:14.067</Data><Data Name="ProcessGuid">{ec27465a-212a-6206-6834-337303560000}</Data><Data Name="ProcessId">18996</Data><Data Name="Image">/bin/ps</Data><Data Name="User">root</Data></EventData></Event>
<Event><System><Provider Name="Linux-Sysmon" Guid="{ff032593-a8d3-4f13-b0d6-01fc615a0f97}"/><EventID>1</EventID><Version>5</Version><Level>4</Level><Task>1</Task><Opcode>0</Opcode><Keywords>0x8000000000000000</Keywords><TimeCreated SystemTime="2022-02-11T08:41:14.054830000Z"/><EventRecordID>1657764</EventRecordID><Correlation/><Execution ProcessID="4565" ThreadID="4565"/><Channel>Linux-Sysmon/Operational</Channel><Computer>sysmonlinux-bpatel-44382-8629</Computer><Security UserId="0"/></System><EventData><Data Name="RuleName">-</Data><Data Name="UtcTime">2022-02-11 08:41:14.054</Data><Data Name="ProcessGuid">{ec27465a-212a-6206-6834-337303560000}</Data><Data Name="ProcessId">18996</Data><Data Name="Image">/bin/ps</Data><Data Name="FileVersion">-</Data><Data Name="Description">-</Data><Data Name="Product">-</Data><Data Name="Company">-</Data><Data Name="OriginalFileName">-</Data><Data Name="CommandLine">ps -e -o pid,ppid,state,command</Data><Data Name="CurrentDirectory">/var/snap/amazon-ssm-agent/4046</Data><Data Name="User">root</Data><Data Name="LogonGuid">{ec27465a-0000-0000-0000-000000000000}</Data><Data Name="LogonId">0</Data><Data Name="TerminalSessionId">4294967295</Data><Data Name="IntegrityLevel">no level</Data><Data Name="Hashes">-</Data><Data Name="ParentProcessGuid">{00000000-0000-0000-0000-000000000000}</Data><Data Name="ParentProcessId">2376</Data><Data Name="ParentImage">-</Data><Data Name="ParentCommandLine">-</Data><Data Name="ParentUser">-</Data></EventData></Event>
<Event><System><Provider Name="Linux-Sysmon" Guid="{ff032593-a8d3-4f13-b0d6-01fc615a0f97}"/><EventID>5</EventID><Version>3</Version><Level>4</Level><Task>5</Task><Opcode>0</Opcode><Keywords>0x8000000000000000</Keywords><TimeCreated SystemTime="2022-02-11T08:40:13.053629000Z"/><EventRecordID>1653879</EventRecordID><Correlation/><Execution ProcessID="4565" ThreadID="4565"/><Channel>Linux-Sysmon/Operational</Channel><Computer>sysmonlinux-bpatel-44382-8629</Computer><Security UserId="0"/></System><EventData><Data Name="RuleName">-</Data><Data Name="UtcTime">2022-02-11 08:40:13.054</Data><Data Name="ProcessGuid">{ec27465a-20ed-6206-6824-b025e5550000}</Data><Data Name="ProcessId">18994</Data><Data Name="Image">/bin/ps</Data><Data Name="User">root</Data></EventData></Event>
<Event><System><Provider Name="Linux-Sysmon" Guid="{ff032593-a8d3-4f13-b0d6-01fc615a0f97}"/><EventID>1</EventID><Version>5</Version><Level>4</Level><Task>1</Task><Opcode>0</Opcode><Keywords>0x8000000000000000</Keywords><TimeCreated SystemTime="2022-02-11T08:40:13.043249000Z"/><EventRecordID>1653878</EventRecordID><Correlation/><Execution ProcessID="4565" ThreadID="4565"/><Channel>Linux-Sysmon/Operational</Channel><Computer>sysmonlinux-bpatel-44382-8629</Computer><Security UserId="0"/></System><EventData><Data Name="RuleName">-</Data><Data Name="UtcTime">2022-02-11 08:40:13.043</Data><Data Name="ProcessGuid">{ec27465a-20ed-6206-6824-b025e5550000}</Data><Data Name="ProcessId">18994</Data><Data Name="Image">/bin/ps</Data><Data Name="FileVersion">-</Data><Data Name="Description">-</Data><Data Name="Product">-</Data><Data Name="Company">-</Data><Data Name="OriginalFileName">-</Data><Data Name="CommandLine">ps -e -o pid,ppid,state,command</Data><Data Name="CurrentDirectory">/var/snap/amazon-ssm-agent/4046</Data><Data Name="User">root</Data><Data Name="LogonGuid">{ec27465a-0000-0000-0000-000000000000}</Data><Data Name="LogonId">0</Data><Data Name="TerminalSessionId">4294967295</Data><Data Name="IntegrityLevel">no level</Data><Data Name="Hashes">-</Data><Data Name="ParentProcessGuid">{00000000-0000-0000-0000-000000000000}</Data><Data Name="ParentProcessId">2376</Data><Data Name="ParentImage">-</Data><Data Name="ParentCommandLine">-</Data><Data Name="ParentUser">-</Data></EventData></Event>
<Event><System><Provider Name="Linux-Sysmon" Guid="{ff032593-a8d3-4f13-b0d6-01fc615a0f97}"/><EventID>5</EventID><Version>3</Version><Level>4</Level><Task>5</Task><Opcode>0</Opcode><Keywords>0x8000000000000000</Keywords><TimeCreated SystemTime="2022-02-11T08:39:12.041844000Z"/><EventRecordID>1651245</EventRecordID><Correlation/><Execution ProcessID="4565" ThreadID="4565"/><Channel>Linux-Sysmon/Operational</Channel><Computer>sysmonlinux-bpatel-44382-8629</Computer><Security UserId="0"/></System><EventData><Data Name="RuleName">-</Data><Data Name="UtcTime">2022-02-11 08:39:12.042</Data><Data Name="ProcessGuid">{ec27465a-20b0-6206-6824-3d9c6d550000}</Data><Data Name="ProcessId">18993</Data><Data Name="Image">/bin/ps</Data><Data Name="User">root</Data></EventData></Event>
<Event><System><Provider Name="Linux-Sysmon" Guid="{ff032593-a8d3-4f13-b0d6-01fc615a0f97}"/><EventID>1</EventID><Version>5</Version><Level>4</Level><Task>1</Task><Opcode>0</Opcode><Keywords>0x8000000000000000</Keywords><TimeCreated SystemTime="2022-02-11T08:39:12.029889000Z"/><EventRecordID>1651244</EventRecordID><Correlation/><Execution ProcessID="4565" ThreadID="4565"/><Channel>Linux-Sysmon/Operational</Channel><Computer>sysmonlinux-bpatel-44382-8629</Computer><Security UserId="0"/></System><EventData><Data Name="RuleName">-</Data><Data Name="UtcTime">2022-02-11 08:39:12.030</Data><Data Name="ProcessGuid">{ec27465a-20b0-6206-6824-3d9c6d550000}</Data><Data Name="ProcessId">18993</Data><Data Name="Image">/bin/ps</Data><Data Name="FileVersion">-</Data><Data Name="Description">-</Data><Data Name="Product">-</Data><Data Name="Company">-</Data><Data Name="OriginalFileName">-</Data><Data Name="CommandLine">ps -e -o pid,ppid,state,command</Data><Data Name="CurrentDirectory">/var/snap/amazon-ssm-agent/4046</Data><Data Name="User">root</Data><Data Name="LogonGuid">{ec27465a-0000-0000-0000-000000000000}</Data><Data Name="LogonId">0</Data><Data Name="TerminalSessionId">4294967295</Data><Data Name="IntegrityLevel">no level</Data><Data Name="Hashes">-</Data><Data Name="ParentProcessGuid">{00000000-0000-0000-0000-000000000000}</Data><Data Name="ParentProcessId">2376</Data><Data Name="ParentImage">-</Data><Data Name="ParentCommandLine">-</Data><Data Name="ParentUser">-</Data></EventData></Event>
<Event><System><Provider Name="Linux-Sysmon" Guid="{ff032593-a8d3-4f13-b0d6-01fc615a0f97}"/><EventID>5</EventID><Version>3</Version><Level>4</Level><Task>5</Task><Opcode>0</Opcode><Keywords>0x8000000000000000</Keywords><TimeCreated SystemTime="2022-02-11T08:38:11.028732000Z"/><EventRecordID>1649208</EventRecordID><Correlation/><Execution ProcessID="4565" ThreadID="4565"/><Channel>Linux-Sysmon/Operational</Channel><Computer>sysmonlinux-bpatel-44382-8629</Computer><Security UserId="0"/></System><EventData><Data Name="RuleName">-</Data><Data Name="UtcTime">2022-02-11 08:38:11.029</Data><Data Name="ProcessGuid">{ec27465a-2073-6206-6894-50d0ef550000}</Data><Data Name="ProcessId">18992</Data><Data Name="Image">/bin/ps</Data><Data Name="User">root</Data></EventData></Event>
<Event><System><Provider Name="Linux-Sysmon" Guid="{ff032593-a8d3-4f13-b0d6-01fc615a0f97}"/><EventID>1</EventID><Version>5</Version><Level>4</Level><Task>1</Task><Opcode>0</Opcode><Keywords>0x8000000000000000</Keywords><TimeCreated SystemTime="2022-02-11T08:38:11.016897000Z"/><EventRecordID>1649141</EventRecordID><Correlation/><Execution ProcessID="4565" ThreadID="4565"/><Channel>Linux-Sysmon/Operational</Channel><Computer>sysmonlinux-bpatel-44382-8629</Computer><Security UserId="0"/></System><EventData><Data Name="RuleName">-</Data><Data Name="UtcTime">2022-02-11 08:38:11.016</Data><Data Name="ProcessGuid">{ec27465a-2073-6206-6894-50d0ef550000}</Data><Data Name="ProcessId">18992</Data><Data Name="Image">/bin/ps</Data><Data Name="FileVersion">-</Data><Data Name="Description">-</Data><Data Name="Product">-</Data><Data Name="Company">-</Data><Data Name="OriginalFileName">-</Data><Data Name="CommandLine">ps -e -o pid,ppid,state,command</Data><Data Name="CurrentDirectory">/var/snap/amazon-ssm-agent/4046</Data><Data Name="User">root</Data><Data Name="LogonGuid">{ec27465a-0000-0000-0000-000000000000}</Data><Data Name="LogonId">0</Data><Data Name="TerminalSessionId">4294967295</Data><Data Name="IntegrityLevel">no level</Data><Data Name="Hashes">-</Data><Data Name="ParentProcessGuid">{00000000-0000-0000-0000-000000000000}</Data><Data Name="ParentProcessId">2376</Data><Data Name="ParentImage">-</Data><Data Name="ParentCommandLine">-</Data><Data Name="ParentUser">-</Data></EventData></Event>
<Event><System><Provider Name="Linux-Sysmon" Guid="{ff032593-a8d3-4f13-b0d6-01fc615a0f97}"/><EventID>5</EventID><Version>3</Version><Level>4</Level><Task>5</Task><Opcode>0</Opcode><Keywords>0x8000000000000000</Keywords><TimeCreated SystemTime="2022-02-11T08:37:10.015375000Z"/><EventRecordID>1646248</EventRecordID><Correlation/><Execution ProcessID="4565" ThreadID="4565"/><Channel>Linux-Sysmon/Operational</Channel><Computer>sysmonlinux-bpatel-44382-8629</Computer><Security UserId="0"/></System><EventData><Data Name="RuleName">-</Data><Data Name="UtcTime">2022-02-11 08:37:10.015</Data><Data Name="ProcessGuid">{ec27465a-2036-6206-6884-b3fb31560000}</Data><Data Name="ProcessId">18991</Data><Data Name="Image">/bin/ps</Data><Data Name="User">root</Data></EventData></Event>
<Event><System><Provider Name="Linux-Sysmon" Guid="{ff032593-a8d3-4f13-b0d6-01fc615a0f97}"/><EventID>1</EventID><Version>5</Version><Level>4</Level><Task>1</Task><Opcode>0</Opcode><Keywords>0x8000000000000000</Keywords><TimeCreated SystemTime="2022-02-11T08:37:10.002827000Z"/><EventRecordID>1646233</EventRecordID><Correlation/><Execution ProcessID="4565" ThreadID="4565"/><Channel>Linux-Sysmon/Operational</Channel><Computer>sysmonlinux-bpatel-44382-8629</Computer><Security UserId="0"/></System><EventData><Data Name="RuleName">-</Data><Data Name="UtcTime">2022-02-11 08:37:10.002</Data><Data Name="ProcessGuid">{ec27465a-2036-6206-6884-b3fb31560000}</Data><Data Name="ProcessId">18991</Data><Data Name="Image">/bin/ps</Data><Data Name="FileVersion">-</Data><Data Name="Description">-</Data><Data Name="Product">-</Data><Data Name="Company">-</Data><Data Name="OriginalFileName">-</Data><Data Name="CommandLine">ps -e -o pid,ppid,state,command</Data><Data Name="CurrentDirectory">/var/snap/amazon-ssm-agent/4046</Data><Data Name="User">root</Data><Data Name="LogonGuid">{ec27465a-0000-0000-0000-000000000000}</Data><Data Name="LogonId">0</Data><Data Name="TerminalSessionId">4294967295</Data><Data Name="IntegrityLevel">no level</Data><Data Name="Hashes">-</Data><Data Name="ParentProcessGuid">{00000000-0000-0000-0000-000000000000}</Data><Data Name="ParentProcessId">2376</Data><Data Name="ParentImage">-</Data><Data Name="ParentCommandLine">-</Data><Data Name="ParentUser">-</Data></EventData></Event>
<Event><System><Provider Name="Linux-Sysmon" Guid="{ff032593-a8d3-4f13-b0d6-01fc615a0f97}"/><EventID>5</EventID><Version>3</Version><Level>4</Level><Task>5</Task><Opcode>0</Opcode><Keywords>0x8000000000000000</Keywords><TimeCreated SystemTime="2022-02-11T08:36:09.001616000Z"/><EventRecordID>1644109</EventRecordID><Correlation/><Execution ProcessID="4565" ThreadID="4565"/><Channel>Linux-Sysmon/Operational</Channel><Computer>sysmonlinux-bpatel-44382-8629</Computer><Security UserId="0"/></System><EventData><Data Name="RuleName">-</Data><Data Name="UtcTime">2022-02-11 08:36:09.002</Data><Data Name="ProcessGuid">{ec27465a-1ff8-6206-68f4-265edc550000}</Data><Data Name="ProcessId">18989</Data><Data Name="Image">/bin/ps</Data><Data Name="User">root</Data></EventData></Event>
<Event><System><Provider Name="Linux-Sysmon" Guid="{ff032593-a8d3-4f13-b0d6-01fc615a0f97}"/><EventID>1</EventID><Version>5</Version><Level>4</Level><Task>1</Task><Opcode>0</Opcode><Keywords>0x8000000000000000</Keywords><TimeCreated SystemTime="2022-02-11T08:36:08.987334000Z"/><EventRecordID>1644074</EventRecordID><Correlation/><Execution ProcessID="4565" ThreadID="4565"/><Channel>Linux-Sysmon/Operational</Channel><Computer>sysmonlinux-bpatel-44382-8629</Computer><Security UserId="0"/></System><EventData><Data Name="RuleName">-</Data><Data Name="UtcTime">2022-02-11 08:36:08.987</Data><Data Name="ProcessGuid">{ec27465a-1ff8-6206-68f4-265edc550000}</Data><Data Name="ProcessId">18989</Data><Data Name="Image">/bin/ps</Data><Data Name="FileVersion">-</Data><Data Name="Description">-</Data><Data Name="Product">-</Data><Data Name="Company">-</Data><Data Name="OriginalFileName">-</Data><Data Name="CommandLine">ps -e -o pid,ppid,state,command</Data><Data Name="CurrentDirectory">/var/snap/amazon-ssm-agent/4046</Data><Data Name="User">root</Data><Data Name="LogonGuid">{ec27465a-0000-0000-0000-000000000000}</Data><Data Name="LogonId">0</Data><Data Name="TerminalSessionId">4294967295</Data><Data Name="IntegrityLevel">no level</Data><Data Name="Hashes">-</Data><Data Name="ParentProcessGuid">{00000000-0000-0000-0000-000000000000}</Data><Data Name="ParentProcessId">2376</Data><Data Name="ParentImage">-</Data><Data Name="ParentCommandLine">-</Data><Data Name="ParentUser">-</Data></EventData></Event>
<Event><System><Provider Name="Linux-Sysmon" Guid="{ff032593-a8d3-4f13-b0d6-01fc615a0f97}"/><EventID>5</EventID><Version>3</Version><Level>4</Level><Task>5</Task><Opcode>0</Opcode><Keywords>0x8000000000000000</Keywords><TimeCreated SystemTime="2022-02-11T08:35:07.986256000Z"/><EventRecordID>1640829</EventRecordID><Correlation/><Execution ProcessID="4565" ThreadID="4565"/><Channel>Linux-Sysmon/Operational</Channel><Computer>sysmonlinux-bpatel-44382-8629</Computer><Security UserId="0"/></System><EventData><Data Name="RuleName">-</Data><Data Name="UtcTime">2022-02-11 08:35:07.986</Data><Data Name="ProcessGuid">{ec27465a-1fbb-6206-6814-705cb1550000}</Data><Data Name="ProcessId">18988</Data><Data Name="Image">/bin/ps</Data><Data Name="User">root</Data></EventData></Event>
<Event><System><Provider Name="Linux-Sysmon" Guid="{ff032593-a8d3-4f13-b0d6-01fc615a0f97}"/><EventID>1</EventID><Version>5</Version><Level>4</Level><Task>1</Task><Opcode>0</Opcode><Keywords>0x8000000000000000</Keywords><TimeCreated SystemTime="2022-02-11T08:35:07.975773000Z"/><EventRecordID>1640813</EventRecordID><Correlation/><Execution ProcessID="4565" ThreadID="4565"/><Channel>Linux-Sysmon/Operational</Channel><Computer>sysmonlinux-bpatel-44382-8629</Computer><Security UserId="0"/></System><EventData><Data Name="RuleName">-</Data><Data Name="UtcTime">2022-02-11 08:35:07.975</Data><Data Name="ProcessGuid">{ec27465a-1fbb-6206-6814-705cb1550000}</Data><Data Name="ProcessId">18988</Data><Data Name="Image">/bin/ps</Data><Data Name="FileVersion">-</Data><Data Name="Description">-</Data><Data Name="Product">-</Data><Data Name="Company">-</Data><Data Name="OriginalFileName">-</Data><Data Name="CommandLine">ps -e -o pid,ppid,state,command</Data><Data Name="CurrentDirectory">/var/snap/amazon-ssm-agent/4046</Data><Data Name="User">root</Data><Data Name="LogonGuid">{ec27465a-0000-0000-0000-000000000000}</Data><Data Name="LogonId">0</Data><Data Name="TerminalSessionId">4294967295</Data><Data Name="IntegrityLevel">no level</Data><Data Name="Hashes">-</Data><Data Name="ParentProcessGuid">{00000000-0000-0000-0000-000000000000}</Data><Data Name="ParentProcessId">2376</Data><Data Name="ParentImage">-</Data><Data Name="ParentCommandLine">-</Data><Data Name="ParentUser">-</Data></EventData></Event>
<Event><System><Provider Name="Linux-Sysmon" Guid="{ff032593-a8d3-4f13-b0d6-01fc615a0f97}"/><EventID>5</EventID><Version>3</Version><Level>4</Level><Task>5</Task><Opcode>0</Opcode><Keywords>0x8000000000000000</Keywords><TimeCreated SystemTime="2022-02-11T08:34:06.974859000Z"/><EventRecordID>1638869</EventRecordID><Correlation/><Execution ProcessID="4565" ThreadID="4565"/><Channel>Linux-Sysmon/Operational</Channel><Computer>sysmonlinux-bpatel-44382-8629</Computer><Security UserId="0"/></System><EventData><Data Name="RuleName">-</Data><Data Name="UtcTime">2022-02-11 08:34:06.975</Data><Data Name="ProcessGuid">{ec27465a-1f7e-6206-6834-ed489c550000}</Data><Data Name="ProcessId">18986</Data><Data Name="Image">/bin/ps</Data><Data Name="User">root</Data></EventData></Event>
<Event><System><Provider Name="Linux-Sysmon" Guid="{ff032593-a8d3-4f13-b0d6-01fc615a0f97}"/><EventID>1</EventID><Version>5</Version><Level>4</Level><Task>1</Task><Opcode>0</Opcode><Keywords>0x8000000000000000</Keywords><TimeCreated SystemTime="2022-02-11T08:34:06.959621000Z"/><EventRecordID>1638822</EventRecordID><Correlation/><Execution ProcessID="4565" ThreadID="4565"/><Channel>Linux-Sysmon/Operational</Channel><Computer>sysmonlinux-bpatel-44382-8629</Computer><Security UserId="0"/></System><EventData><Data Name="RuleName">-</Data><Data Name="UtcTime">2022-02-11 08:34:06.959</Data><Data Name="ProcessGuid">{ec27465a-1f7e-6206-6834-ed489c550000}</Data><Data Name="ProcessId">18986</Data><Data Name="Image">/bin/ps</Data><Data Name="FileVersion">-</Data><Data Name="Description">-</Data><Data Name="Product">-</Data><Data Name="Company">-</Data><Data Name="OriginalFileName">-</Data><Data Name="CommandLine">ps -e -o pid,ppid,state,command</Data><Data Name="CurrentDirectory">/var/snap/amazon-ssm-agent/4046</Data><Data Name="User">root</Data><Data Name="LogonGuid">{ec27465a-0000-0000-0000-000000000000}</Data><Data Name="LogonId">0</Data><Data Name="TerminalSessionId">4294967295</Data><Data Name="IntegrityLevel">no level</Data><Data Name="Hashes">-</Data><Data Name="ParentProcessGuid">{00000000-0000-0000-0000-000000000000}</Data><Data Name="ParentProcessId">2376</Data><Data Name="ParentImage">-</Data><Data Name="ParentCommandLine">-</Data><Data Name="ParentUser">-</Data></EventData></Event>
<Event><System><Provider Name="Linux-Sysmon" Guid="{ff032593-a8d3-4f13-b0d6-01fc615a0f97}"/><EventID>5</EventID><Version>3</Version><Level>4</Level><Task>5</Task><Opcode>0</Opcode><Keywords>0x8000000000000000</Keywords><TimeCreated SystemTime="2022-02-11T08:33:05.958146000Z"/><EventRecordID>1634388</EventRecordID><Correlation/><Execution ProcessID="4565" ThreadID="4565"/><Channel>Linux-Sysmon/Operational</Channel><Computer>sysmonlinux-bpatel-44382-8629</Computer><Security UserId="0"/></System><EventData><Data Name="RuleName">-</Data><Data Name="UtcTime">2022-02-11 08:33:05.958</Data><Data Name="ProcessGuid">{ec27465a-1f41-6206-6844-44cf33560000}</Data><Data Name="ProcessId">18985</Data><Data Name="Image">/bin/ps</Data><Data Name="User">root</Data></EventData></Event>
<Event><System><Provider Name="Linux-Sysmon" Guid="{ff032593-a8d3-4f13-b0d6-01fc615a0f97}"/><EventID>1</EventID><Version>5</Version><Level>4</Level><Task>1</Task><Opcode>0</Opcode><Keywords>0x8000000000000000</Keywords><TimeCreated SystemTime="2022-02-11T08:33:05.946493000Z"/><EventRecordID>1634387</EventRecordID><Correlation/><Execution ProcessID="4565" ThreadID="4565"/><Channel>Linux-Sysmon/Operational</Channel><Computer>sysmonlinux-bpatel-44382-8629</Computer><Security UserId="0"/></System><EventData><Data Name="RuleName">-</Data><Data Name="UtcTime">2022-02-11 08:33:05.946</Data><Data Name="ProcessGuid">{ec27465a-1f41-6206-6844-44cf33560000}</Data><Data Name="ProcessId">18985</Data><Data Name="Image">/bin/ps</Data><Data Name="FileVersion">-</Data><Data Name="Description">-</Data><Data Name="Product">-</Data><Data Name="Company">-</Data><Data Name="OriginalFileName">-</Data><Data Name="CommandLine">ps -e -o pid,ppid,state,command</Data><Data Name="CurrentDirectory">/var/snap/amazon-ssm-agent/4046</Data><Data Name="User">root</Data><Data Name="LogonGuid">{ec27465a-0000-0000-0000-000000000000}</Data><Data Name="LogonId">0</Data><Data Name="TerminalSessionId">4294967295</Data><Data Name="IntegrityLevel">no level</Data><Data Name="Hashes">-</Data><Data Name="ParentProcessGuid">{00000000-0000-0000-0000-000000000000}</Data><Data Name="ParentProcessId">2376</Data><Data Name="ParentImage">-</Data><Data Name="ParentCommandLine">-</Data><Data Name="ParentUser">-</Data></EventData></Event>
