<Event xmlns='http://schemas.microsoft.com/win/2004/08/events/event'><System><Provider Name='Microsoft-Windows-Sysmon' Guid='{5770385f-c22a-43e0-bf4c-06f5698ffbd9}'/><EventID>1</EventID><Version>5</Version><Level>4</Level><Task>1</Task><Opcode>0</Opcode><Keywords>0x8000000000000000</Keywords><TimeCreated SystemTime='2025-10-23T10:13:42.5819469Z'/><EventRecordID>262869</EventRecordID><Correlation/><Execution ProcessID='3168' ThreadID='4580'/><Channel>Microsoft-Windows-Sysmon/Operational</Channel><Computer>ar-win-1</Computer><Security UserID='S-1-5-18'/></System><EventData><Data Name='RuleName'>-</Data><Data Name='UtcTime'>2025-10-23 10:13:42.571</Data><Data Name='ProcessGuid'>{5ab40fd1-ffd6-68f9-2046-000000003b02}</Data><Data Name='ProcessId'>3252</Data><Data Name='Image'>C:\Windows\System32\WindowsPowerShell\v1.0\powershell.exe</Data><Data Name='FileVersion'>10.0.20348.2849 (WinBuild.160101.0800)</Data><Data Name='Description'>Windows PowerShell</Data><Data Name='Product'>Microsoft® Windows® Operating System</Data><Data Name='Company'>Microsoft Corporation</Data><Data Name='OriginalFileName'>PowerShell.EXE</Data><Data Name='CommandLine'>"C:\Windows\System32\WindowsPowerShell\v1.0\powershell.exe" -NoProfile -ExecutionPolicy Bypass -File C:\Users\Administrator\AppData\Local\Temp\2\main.ps1 </Data><Data Name='CurrentDirectory'>C:\Users\Administrator\</Data><Data Name='User'>AR-WIN-1\Administrator</Data><Data Name='LogonGuid'>{5ab40fd1-8d74-68f7-e44b-100000000000}</Data><Data Name='LogonId'>0x104be4</Data><Data Name='TerminalSessionId'>2</Data><Data Name='IntegrityLevel'>High</Data><Data Name='Hashes'>MD5=DD6F4B7818A253887B8EA86515F6FB7D,SHA256=38F4384643B3FA0DE714D2367B712C2E0FA1C89E2CFD131AE6B831AD962B1033,IMPHASH=AFACF6DC9041114B198160AAB4D0AE77</Data><Data Name='ParentProcessGuid'>{5ab40fd1-ffd6-68f9-1f46-000000003b02}</Data><Data Name='ParentProcessId'>8052</Data><Data Name='ParentImage'>C:\Windows\System32\WindowsPowerShell\v1.0\powershell.exe</Data><Data Name='ParentCommandLine'>"C:\Windows\system32\WindowsPowerShell\v1.0\powershell.exe"  -NoProfile -Command "$bas2='YwBhAGwAYwAuAGUAeABlAA==';$bsts='ABCDEFGHIJKLMNOPQRSTUVWXYZabcdefghijklmnopqrstuvwxyz0123456789+/';$bas2=$bas2.TrimEnd('=');$btks=New-Object System.Collections.Generic.List[Byte];for($i=0;$i -lt $bas2.Length;$i+=4){$yhsd=$bas2.Substring($i,[Math]::Min(4,$bas2.Length-$i));$vds=0;foreach($c in $yhsd.ToCharArray()){$vds=($vds -shl 6) -bor $bsts.IndexOf($c)};for($j=16;$j -ge 0;$j-=8){if((($i*6)/8)+(3-$j/8) -lt (($bas2.Length*6)/8)){$btks.Add([byte](($vds -shr $j) -band 0xFF))}}};$dcdsg1=[System.Text.Encoding]::UTF8.GetString($btks.ToArray());$dsvu1=Join-Path ([System.IO.Path]::GetTempPath()) 'main.ps1';$dcdsg1 | Out-File -FilePath $dsvu1 -Encoding UTF8; Start-Process -FilePath 'powershell' -ArgumentList '-NoProfile','-ExecutionPolicy','Bypass','-File',$dsvu1 -WindowStyle Hidden"</Data><Data Name='ParentUser'>AR-WIN-1\Administrator</Data></EventData></Event>
<Event xmlns='http://schemas.microsoft.com/win/2004/08/events/event'><System><Provider Name='Microsoft-Windows-Sysmon' Guid='{5770385f-c22a-43e0-bf4c-06f5698ffbd9}'/><EventID>1</EventID><Version>5</Version><Level>4</Level><Task>1</Task><Opcode>0</Opcode><Keywords>0x8000000000000000</Keywords><TimeCreated SystemTime='2025-10-23T10:13:42.1020401Z'/><EventRecordID>262866</EventRecordID><Correlation/><Execution ProcessID='3168' ThreadID='4580'/><Channel>Microsoft-Windows-Sysmon/Operational</Channel><Computer>ar-win-1</Computer><Security UserID='S-1-5-18'/></System><EventData><Data Name='RuleName'>-</Data><Data Name='UtcTime'>2025-10-23 10:13:42.097</Data><Data Name='ProcessGuid'>{5ab40fd1-ffd6-68f9-1f46-000000003b02}</Data><Data Name='ProcessId'>8052</Data><Data Name='Image'>C:\Windows\System32\WindowsPowerShell\v1.0\powershell.exe</Data><Data Name='FileVersion'>10.0.20348.2849 (WinBuild.160101.0800)</Data><Data Name='Description'>Windows PowerShell</Data><Data Name='Product'>Microsoft® Windows® Operating System</Data><Data Name='Company'>Microsoft Corporation</Data><Data Name='OriginalFileName'>PowerShell.EXE</Data><Data Name='CommandLine'>"C:\Windows\system32\WindowsPowerShell\v1.0\powershell.exe"  -NoProfile -Command "$bas2='YwBhAGwAYwAuAGUAeABlAA==';$bsts='ABCDEFGHIJKLMNOPQRSTUVWXYZabcdefghijklmnopqrstuvwxyz0123456789+/';$bas2=$bas2.TrimEnd('=');$btks=New-Object System.Collections.Generic.List[Byte];for($i=0;$i -lt $bas2.Length;$i+=4){$yhsd=$bas2.Substring($i,[Math]::Min(4,$bas2.Length-$i));$vds=0;foreach($c in $yhsd.ToCharArray()){$vds=($vds -shl 6) -bor $bsts.IndexOf($c)};for($j=16;$j -ge 0;$j-=8){if((($i*6)/8)+(3-$j/8) -lt (($bas2.Length*6)/8)){$btks.Add([byte](($vds -shr $j) -band 0xFF))}}};$dcdsg1=[System.Text.Encoding]::UTF8.GetString($btks.ToArray());$dsvu1=Join-Path ([System.IO.Path]::GetTempPath()) 'main.ps1';$dcdsg1 | Out-File -FilePath $dsvu1 -Encoding UTF8; Start-Process -FilePath 'powershell' -ArgumentList '-NoProfile','-ExecutionPolicy','Bypass','-File',$dsvu1 -WindowStyle Hidden"</Data><Data Name='CurrentDirectory'>C:\Users\Administrator\</Data><Data Name='User'>AR-WIN-1\Administrator</Data><Data Name='LogonGuid'>{5ab40fd1-8d74-68f7-e44b-100000000000}</Data><Data Name='LogonId'>0x104be4</Data><Data Name='TerminalSessionId'>2</Data><Data Name='IntegrityLevel'>High</Data><Data Name='Hashes'>MD5=DD6F4B7818A253887B8EA86515F6FB7D,SHA256=38F4384643B3FA0DE714D2367B712C2E0FA1C89E2CFD131AE6B831AD962B1033,IMPHASH=AFACF6DC9041114B198160AAB4D0AE77</Data><Data Name='ParentProcessGuid'>{5ab40fd1-ffcf-68f9-1e46-000000003b02}</Data><Data Name='ParentProcessId'>360</Data><Data Name='ParentImage'>C:\Windows\System32\cmd.exe</Data><Data Name='ParentCommandLine'>"C:\Windows\system32\cmd.exe"</Data><Data Name='ParentUser'>AR-WIN-1\Administrator</Data></EventData></Event>
<Event xmlns='http://schemas.microsoft.com/win/2004/08/events/event'><System><Provider Name='Microsoft-Windows-Sysmon' Guid='{5770385f-c22a-43e0-bf4c-06f5698ffbd9}'/><EventID>1</EventID><Version>5</Version><Level>4</Level><Task>1</Task><Opcode>0</Opcode><Keywords>0x8000000000000000</Keywords><TimeCreated SystemTime='2025-10-23T10:11:58.1506808Z'/><EventRecordID>262847</EventRecordID><Correlation/><Execution ProcessID='3168' ThreadID='4580'/><Channel>Microsoft-Windows-Sysmon/Operational</Channel><Computer>ar-win-1</Computer><Security UserID='S-1-5-18'/></System><EventData><Data Name='RuleName'>-</Data><Data Name='UtcTime'>2025-10-23 10:11:58.147</Data><Data Name='ProcessGuid'>{5ab40fd1-ff6e-68f9-0d46-000000003b02}</Data><Data Name='ProcessId'>4836</Data><Data Name='Image'>C:\Windows\System32\WindowsPowerShell\v1.0\powershell.exe</Data><Data Name='FileVersion'>10.0.20348.2849 (WinBuild.160101.0800)</Data><Data Name='Description'>Windows PowerShell</Data><Data Name='Product'>Microsoft® Windows® Operating System</Data><Data Name='Company'>Microsoft Corporation</Data><Data Name='OriginalFileName'>PowerShell.EXE</Data><Data Name='CommandLine'>"C:\Windows\System32\WindowsPowerShell\v1.0\powershell.exe" -NoProfile -ExecutionPolicy Bypass -File C:\Users\Administrator\AppData\Local\Temp\2\main.ps1 </Data><Data Name='CurrentDirectory'>C:\Users\Administrator\</Data><Data Name='User'>AR-WIN-1\Administrator</Data><Data Name='LogonGuid'>{5ab40fd1-8d74-68f7-e44b-100000000000}</Data><Data Name='LogonId'>0x104be4</Data><Data Name='TerminalSessionId'>2</Data><Data Name='IntegrityLevel'>High</Data><Data Name='Hashes'>MD5=DD6F4B7818A253887B8EA86515F6FB7D,SHA256=38F4384643B3FA0DE714D2367B712C2E0FA1C89E2CFD131AE6B831AD962B1033,IMPHASH=AFACF6DC9041114B198160AAB4D0AE77</Data><Data Name='ParentProcessGuid'>{5ab40fd1-ff6d-68f9-0c46-000000003b02}</Data><Data Name='ParentProcessId'>5484</Data><Data Name='ParentImage'>C:\Windows\System32\WindowsPowerShell\v1.0\powershell.exe</Data><Data Name='ParentCommandLine'>"C:\Windows\system32\WindowsPowerShell\v1.0\powershell.exe"  -NoProfile -Command "$bas2='Y2FsYy5leGUgIA';$bsts='ABCDEFGHIJKLMNOPQRSTUVWXYZabcdefghijklmnopqrstuvwxyz0123456789+/';$bas2=$bas2.TrimEnd('=');$btks=New-Object System.Collections.Generic.List[Byte];for($i=0;$i -lt $bas2.Length;$i+=4){$yhsd=$bas2.Substring($i,[Math]::Min(4,$bas2.Length-$i));$vds=0;foreach($c in $yhsd.ToCharArray()){$vds=($vds -shl 6) -bor $bsts.IndexOf($c)};for($j=16;$j -ge 0;$j-=8){if((($i*6)/8)+(3-$j/8) -lt (($bas2.Length*6)/8)){$btks.Add([byte](($vds -shr $j) -band 0xFF))}}};$dcdsg1=[System.Text.Encoding]::UTF8.GetString($btks.ToArray());$dsvu1=Join-Path ([System.IO.Path]::GetTempPath()) 'main.ps1';$dcdsg1 | Out-File -FilePath $dsvu1 -Encoding UTF8; Start-Process -FilePath 'powershell' -ArgumentList '-NoProfile','-ExecutionPolicy','Bypass','-File',$dsvu1 -WindowStyle Hidden"</Data><Data Name='ParentUser'>AR-WIN-1\Administrator</Data></EventData></Event>
<Event xmlns='http://schemas.microsoft.com/win/2004/08/events/event'><System><Provider Name='Microsoft-Windows-Sysmon' Guid='{5770385f-c22a-43e0-bf4c-06f5698ffbd9}'/><EventID>1</EventID><Version>5</Version><Level>4</Level><Task>1</Task><Opcode>0</Opcode><Keywords>0x8000000000000000</Keywords><TimeCreated SystemTime='2025-10-23T10:11:57.6839465Z'/><EventRecordID>262844</EventRecordID><Correlation/><Execution ProcessID='3168' ThreadID='4580'/><Channel>Microsoft-Windows-Sysmon/Operational</Channel><Computer>ar-win-1</Computer><Security UserID='S-1-5-18'/></System><EventData><Data Name='RuleName'>-</Data><Data Name='UtcTime'>2025-10-23 10:11:57.680</Data><Data Name='ProcessGuid'>{5ab40fd1-ff6d-68f9-0c46-000000003b02}</Data><Data Name='ProcessId'>5484</Data><Data Name='Image'>C:\Windows\System32\WindowsPowerShell\v1.0\powershell.exe</Data><Data Name='FileVersion'>10.0.20348.2849 (WinBuild.160101.0800)</Data><Data Name='Description'>Windows PowerShell</Data><Data Name='Product'>Microsoft® Windows® Operating System</Data><Data Name='Company'>Microsoft Corporation</Data><Data Name='OriginalFileName'>PowerShell.EXE</Data><Data Name='CommandLine'>"C:\Windows\system32\WindowsPowerShell\v1.0\powershell.exe"  -NoProfile -Command "$bas2='Y2FsYy5leGUgIA';$bsts='ABCDEFGHIJKLMNOPQRSTUVWXYZabcdefghijklmnopqrstuvwxyz0123456789+/';$bas2=$bas2.TrimEnd('=');$btks=New-Object System.Collections.Generic.List[Byte];for($i=0;$i -lt $bas2.Length;$i+=4){$yhsd=$bas2.Substring($i,[Math]::Min(4,$bas2.Length-$i));$vds=0;foreach($c in $yhsd.ToCharArray()){$vds=($vds -shl 6) -bor $bsts.IndexOf($c)};for($j=16;$j -ge 0;$j-=8){if((($i*6)/8)+(3-$j/8) -lt (($bas2.Length*6)/8)){$btks.Add([byte](($vds -shr $j) -band 0xFF))}}};$dcdsg1=[System.Text.Encoding]::UTF8.GetString($btks.ToArray());$dsvu1=Join-Path ([System.IO.Path]::GetTempPath()) 'main.ps1';$dcdsg1 | Out-File -FilePath $dsvu1 -Encoding UTF8; Start-Process -FilePath 'powershell' -ArgumentList '-NoProfile','-ExecutionPolicy','Bypass','-File',$dsvu1 -WindowStyle Hidden"</Data><Data Name='CurrentDirectory'>C:\Users\Administrator\</Data><Data Name='User'>AR-WIN-1\Administrator</Data><Data Name='LogonGuid'>{5ab40fd1-8d74-68f7-e44b-100000000000}</Data><Data Name='LogonId'>0x104be4</Data><Data Name='TerminalSessionId'>2</Data><Data Name='IntegrityLevel'>High</Data><Data Name='Hashes'>MD5=DD6F4B7818A253887B8EA86515F6FB7D,SHA256=38F4384643B3FA0DE714D2367B712C2E0FA1C89E2CFD131AE6B831AD962B1033,IMPHASH=AFACF6DC9041114B198160AAB4D0AE77</Data><Data Name='ParentProcessGuid'>{5ab40fd1-fedd-68f9-f445-000000003b02}</Data><Data Name='ParentProcessId'>5972</Data><Data Name='ParentImage'>C:\Windows\System32\cmd.exe</Data><Data Name='ParentCommandLine'>"C:\Windows\system32\cmd.exe"</Data><Data Name='ParentUser'>AR-WIN-1\Administrator</Data></EventData></Event>
<Event xmlns='http://schemas.microsoft.com/win/2004/08/events/event'><System><Provider Name='Microsoft-Windows-Sysmon' Guid='{5770385f-c22a-43e0-bf4c-06f5698ffbd9}'/><EventID>1</EventID><Version>5</Version><Level>4</Level><Task>1</Task><Opcode>0</Opcode><Keywords>0x8000000000000000</Keywords><TimeCreated SystemTime='2025-10-23T10:11:30.4158208Z'/><EventRecordID>262842</EventRecordID><Correlation/><Execution ProcessID='3168' ThreadID='4580'/><Channel>Microsoft-Windows-Sysmon/Operational</Channel><Computer>ar-win-1</Computer><Security UserID='S-1-5-18'/></System><EventData><Data Name='RuleName'>-</Data><Data Name='UtcTime'>2025-10-23 10:11:30.412</Data><Data Name='ProcessGuid'>{5ab40fd1-ff52-68f9-0a46-000000003b02}</Data><Data Name='ProcessId'>7780</Data><Data Name='Image'>C:\Windows\System32\WindowsPowerShell\v1.0\powershell.exe</Data><Data Name='FileVersion'>10.0.20348.2849 (WinBuild.160101.0800)</Data><Data Name='Description'>Windows PowerShell</Data><Data Name='Product'>Microsoft® Windows® Operating System</Data><Data Name='Company'>Microsoft Corporation</Data><Data Name='OriginalFileName'>PowerShell.EXE</Data><Data Name='CommandLine'>"C:\Windows\System32\WindowsPowerShell\v1.0\powershell.exe" -NoProfile -ExecutionPolicy Bypass -File C:\Users\Administrator\AppData\Local\Temp\2\main.ps1 </Data><Data Name='CurrentDirectory'>C:\Users\Administrator\</Data><Data Name='User'>AR-WIN-1\Administrator</Data><Data Name='LogonGuid'>{5ab40fd1-8d74-68f7-e44b-100000000000}</Data><Data Name='LogonId'>0x104be4</Data><Data Name='TerminalSessionId'>2</Data><Data Name='IntegrityLevel'>High</Data><Data Name='Hashes'>MD5=DD6F4B7818A253887B8EA86515F6FB7D,SHA256=38F4384643B3FA0DE714D2367B712C2E0FA1C89E2CFD131AE6B831AD962B1033,IMPHASH=AFACF6DC9041114B198160AAB4D0AE77</Data><Data Name='ParentProcessGuid'>{5ab40fd1-ff51-68f9-0946-000000003b02}</Data><Data Name='ParentProcessId'>2512</Data><Data Name='ParentImage'>C:\Windows\System32\WindowsPowerShell\v1.0\powershell.exe</Data><Data Name='ParentCommandLine'>"C:\Windows\system32\WindowsPowerShell\v1.0\powershell.exe"  -NoProfile -Command "$bas2='YwBhAGwAYwAuAGUAeABlAA';$bsts='ABCDEFGHIJKLMNOPQRSTUVWXYZabcdefghijklmnopqrstuvwxyz0123456789+/';$bas2=$bas2.TrimEnd('=');$btks=New-Object System.Collections.Generic.List[Byte];for($i=0;$i -lt $bas2.Length;$i+=4){$yhsd=$bas2.Substring($i,[Math]::Min(4,$bas2.Length-$i));$vds=0;foreach($c in $yhsd.ToCharArray()){$vds=($vds -shl 6) -bor $bsts.IndexOf($c)};for($j=16;$j -ge 0;$j-=8){if((($i*6)/8)+(3-$j/8) -lt (($bas2.Length*6)/8)){$btks.Add([byte](($vds -shr $j) -band 0xFF))}}};$dcdsg1=[System.Text.Encoding]::UTF8.GetString($btks.ToArray());$dsvu1=Join-Path ([System.IO.Path]::GetTempPath()) 'main.ps1';$dcdsg1 | Out-File -FilePath $dsvu1 -Encoding UTF8; Start-Process -FilePath 'powershell' -ArgumentList '-NoProfile','-ExecutionPolicy','Bypass','-File',$dsvu1 -WindowStyle Hidden"</Data><Data Name='ParentUser'>AR-WIN-1\Administrator</Data></EventData></Event>
<Event xmlns='http://schemas.microsoft.com/win/2004/08/events/event'><System><Provider Name='Microsoft-Windows-Sysmon' Guid='{5770385f-c22a-43e0-bf4c-06f5698ffbd9}'/><EventID>1</EventID><Version>5</Version><Level>4</Level><Task>1</Task><Opcode>0</Opcode><Keywords>0x8000000000000000</Keywords><TimeCreated SystemTime='2025-10-23T10:11:29.8729530Z'/><EventRecordID>262839</EventRecordID><Correlation/><Execution ProcessID='3168' ThreadID='4580'/><Channel>Microsoft-Windows-Sysmon/Operational</Channel><Computer>ar-win-1</Computer><Security UserID='S-1-5-18'/></System><EventData><Data Name='RuleName'>-</Data><Data Name='UtcTime'>2025-10-23 10:11:29.868</Data><Data Name='ProcessGuid'>{5ab40fd1-ff51-68f9-0946-000000003b02}</Data><Data Name='ProcessId'>2512</Data><Data Name='Image'>C:\Windows\System32\WindowsPowerShell\v1.0\powershell.exe</Data><Data Name='FileVersion'>10.0.20348.2849 (WinBuild.160101.0800)</Data><Data Name='Description'>Windows PowerShell</Data><Data Name='Product'>Microsoft® Windows® Operating System</Data><Data Name='Company'>Microsoft Corporation</Data><Data Name='OriginalFileName'>PowerShell.EXE</Data><Data Name='CommandLine'>"C:\Windows\system32\WindowsPowerShell\v1.0\powershell.exe"  -NoProfile -Command "$bas2='YwBhAGwAYwAuAGUAeABlAA';$bsts='ABCDEFGHIJKLMNOPQRSTUVWXYZabcdefghijklmnopqrstuvwxyz0123456789+/';$bas2=$bas2.TrimEnd('=');$btks=New-Object System.Collections.Generic.List[Byte];for($i=0;$i -lt $bas2.Length;$i+=4){$yhsd=$bas2.Substring($i,[Math]::Min(4,$bas2.Length-$i));$vds=0;foreach($c in $yhsd.ToCharArray()){$vds=($vds -shl 6) -bor $bsts.IndexOf($c)};for($j=16;$j -ge 0;$j-=8){if((($i*6)/8)+(3-$j/8) -lt (($bas2.Length*6)/8)){$btks.Add([byte](($vds -shr $j) -band 0xFF))}}};$dcdsg1=[System.Text.Encoding]::UTF8.GetString($btks.ToArray());$dsvu1=Join-Path ([System.IO.Path]::GetTempPath()) 'main.ps1';$dcdsg1 | Out-File -FilePath $dsvu1 -Encoding UTF8; Start-Process -FilePath 'powershell' -ArgumentList '-NoProfile','-ExecutionPolicy','Bypass','-File',$dsvu1 -WindowStyle Hidden"</Data><Data Name='CurrentDirectory'>C:\Users\Administrator\</Data><Data Name='User'>AR-WIN-1\Administrator</Data><Data Name='LogonGuid'>{5ab40fd1-8d74-68f7-e44b-100000000000}</Data><Data Name='LogonId'>0x104be4</Data><Data Name='TerminalSessionId'>2</Data><Data Name='IntegrityLevel'>High</Data><Data Name='Hashes'>MD5=DD6F4B7818A253887B8EA86515F6FB7D,SHA256=38F4384643B3FA0DE714D2367B712C2E0FA1C89E2CFD131AE6B831AD962B1033,IMPHASH=AFACF6DC9041114B198160AAB4D0AE77</Data><Data Name='ParentProcessGuid'>{5ab40fd1-fedd-68f9-f445-000000003b02}</Data><Data Name='ParentProcessId'>5972</Data><Data Name='ParentImage'>C:\Windows\System32\cmd.exe</Data><Data Name='ParentCommandLine'>"C:\Windows\system32\cmd.exe"</Data><Data Name='ParentUser'>AR-WIN-1\Administrator</Data></EventData></Event>
<Event xmlns='http://schemas.microsoft.com/win/2004/08/events/event'><System><Provider Name='Microsoft-Windows-Sysmon' Guid='{5770385f-c22a-43e0-bf4c-06f5698ffbd9}'/><EventID>1</EventID><Version>5</Version><Level>4</Level><Task>1</Task><Opcode>0</Opcode><Keywords>0x8000000000000000</Keywords><TimeCreated SystemTime='2025-10-23T10:10:51.3733212Z'/><EventRecordID>262830</EventRecordID><Correlation/><Execution ProcessID='3168' ThreadID='4580'/><Channel>Microsoft-Windows-Sysmon/Operational</Channel><Computer>ar-win-1</Computer><Security UserID='S-1-5-18'/></System><EventData><Data Name='RuleName'>-</Data><Data Name='UtcTime'>2025-10-23 10:10:51.369</Data><Data Name='ProcessGuid'>{5ab40fd1-ff2b-68f9-0146-000000003b02}</Data><Data Name='ProcessId'>4132</Data><Data Name='Image'>C:\Windows\System32\WindowsPowerShell\v1.0\powershell.exe</Data><Data Name='FileVersion'>10.0.20348.2849 (WinBuild.160101.0800)</Data><Data Name='Description'>Windows PowerShell</Data><Data Name='Product'>Microsoft® Windows® Operating System</Data><Data Name='Company'>Microsoft Corporation</Data><Data Name='OriginalFileName'>PowerShell.EXE</Data><Data Name='CommandLine'>"C:\Windows\System32\WindowsPowerShell\v1.0\powershell.exe" -NoProfile -ExecutionPolicy Bypass -File C:\Users\Administrator\AppData\Local\Temp\2\main.ps1 </Data><Data Name='CurrentDirectory'>C:\Users\Administrator\</Data><Data Name='User'>AR-WIN-1\Administrator</Data><Data Name='LogonGuid'>{5ab40fd1-8d74-68f7-e44b-100000000000}</Data><Data Name='LogonId'>0x104be4</Data><Data Name='TerminalSessionId'>2</Data><Data Name='IntegrityLevel'>High</Data><Data Name='Hashes'>MD5=DD6F4B7818A253887B8EA86515F6FB7D,SHA256=38F4384643B3FA0DE714D2367B712C2E0FA1C89E2CFD131AE6B831AD962B1033,IMPHASH=AFACF6DC9041114B198160AAB4D0AE77</Data><Data Name='ParentProcessGuid'>{5ab40fd1-ff2a-68f9-0046-000000003b02}</Data><Data Name='ParentProcessId'>7700</Data><Data Name='ParentImage'>C:\Windows\System32\WindowsPowerShell\v1.0\powershell.exe</Data><Data Name='ParentCommandLine'>"C:\Windows\system32\WindowsPowerShell\v1.0\powershell.exe"  -NoProfile -Command "$bas2='Y2FsYy5leGU';$bsts='ABCDEFGHIJKLMNOPQRSTUVWXYZabcdefghijklmnopqrstuvwxyz0123456789+/';$bas2=$bas2.TrimEnd('=');$btks=New-Object System.Collections.Generic.List[Byte];for($i=0;$i -lt $bas2.Length;$i+=4){$yhsd=$bas2.Substring($i,[Math]::Min(4,$bas2.Length-$i));$vds=0;foreach($c in $yhsd.ToCharArray()){$vds=($vds -shl 6) -bor $bsts.IndexOf($c)};for($j=16;$j -ge 0;$j-=8){if((($i*6)/8)+(3-$j/8) -lt (($bas2.Length*6)/8)){$btks.Add([byte](($vds -shr $j) -band 0xFF))}}};$dcdsg1=[System.Text.Encoding]::UTF8.GetString($btks.ToArray());$dsvu1=Join-Path ([System.IO.Path]::GetTempPath()) 'main.ps1';$dcdsg1 | Out-File -FilePath $dsvu1 -Encoding UTF8; Start-Process -FilePath 'powershell' -ArgumentList '-NoProfile','-ExecutionPolicy','Bypass','-File',$dsvu1 -WindowStyle Hidden"</Data><Data Name='ParentUser'>AR-WIN-1\Administrator</Data></EventData></Event>
<Event xmlns='http://schemas.microsoft.com/win/2004/08/events/event'><System><Provider Name='Microsoft-Windows-Sysmon' Guid='{5770385f-c22a-43e0-bf4c-06f5698ffbd9}'/><EventID>1</EventID><Version>5</Version><Level>4</Level><Task>1</Task><Opcode>0</Opcode><Keywords>0x8000000000000000</Keywords><TimeCreated SystemTime='2025-10-23T10:10:50.7303575Z'/><EventRecordID>262827</EventRecordID><Correlation/><Execution ProcessID='3168' ThreadID='4580'/><Channel>Microsoft-Windows-Sysmon/Operational</Channel><Computer>ar-win-1</Computer><Security UserID='S-1-5-18'/></System><EventData><Data Name='RuleName'>-</Data><Data Name='UtcTime'>2025-10-23 10:10:50.724</Data><Data Name='ProcessGuid'>{5ab40fd1-ff2a-68f9-0046-000000003b02}</Data><Data Name='ProcessId'>7700</Data><Data Name='Image'>C:\Windows\System32\WindowsPowerShell\v1.0\powershell.exe</Data><Data Name='FileVersion'>10.0.20348.2849 (WinBuild.160101.0800)</Data><Data Name='Description'>Windows PowerShell</Data><Data Name='Product'>Microsoft® Windows® Operating System</Data><Data Name='Company'>Microsoft Corporation</Data><Data Name='OriginalFileName'>PowerShell.EXE</Data><Data Name='CommandLine'>"C:\Windows\system32\WindowsPowerShell\v1.0\powershell.exe"  -NoProfile -Command "$bas2='Y2FsYy5leGU';$bsts='ABCDEFGHIJKLMNOPQRSTUVWXYZabcdefghijklmnopqrstuvwxyz0123456789+/';$bas2=$bas2.TrimEnd('=');$btks=New-Object System.Collections.Generic.List[Byte];for($i=0;$i -lt $bas2.Length;$i+=4){$yhsd=$bas2.Substring($i,[Math]::Min(4,$bas2.Length-$i));$vds=0;foreach($c in $yhsd.ToCharArray()){$vds=($vds -shl 6) -bor $bsts.IndexOf($c)};for($j=16;$j -ge 0;$j-=8){if((($i*6)/8)+(3-$j/8) -lt (($bas2.Length*6)/8)){$btks.Add([byte](($vds -shr $j) -band 0xFF))}}};$dcdsg1=[System.Text.Encoding]::UTF8.GetString($btks.ToArray());$dsvu1=Join-Path ([System.IO.Path]::GetTempPath()) 'main.ps1';$dcdsg1 | Out-File -FilePath $dsvu1 -Encoding UTF8; Start-Process -FilePath 'powershell' -ArgumentList '-NoProfile','-ExecutionPolicy','Bypass','-File',$dsvu1 -WindowStyle Hidden"</Data><Data Name='CurrentDirectory'>C:\Users\Administrator\</Data><Data Name='User'>AR-WIN-1\Administrator</Data><Data Name='LogonGuid'>{5ab40fd1-8d74-68f7-e44b-100000000000}</Data><Data Name='LogonId'>0x104be4</Data><Data Name='TerminalSessionId'>2</Data><Data Name='IntegrityLevel'>High</Data><Data Name='Hashes'>MD5=DD6F4B7818A253887B8EA86515F6FB7D,SHA256=38F4384643B3FA0DE714D2367B712C2E0FA1C89E2CFD131AE6B831AD962B1033,IMPHASH=AFACF6DC9041114B198160AAB4D0AE77</Data><Data Name='ParentProcessGuid'>{5ab40fd1-fedd-68f9-f445-000000003b02}</Data><Data Name='ParentProcessId'>5972</Data><Data Name='ParentImage'>C:\Windows\System32\cmd.exe</Data><Data Name='ParentCommandLine'>"C:\Windows\system32\cmd.exe"</Data><Data Name='ParentUser'>AR-WIN-1\Administrator</Data></EventData></Event>
<Event xmlns='http://schemas.microsoft.com/win/2004/08/events/event'><System><Provider Name='Microsoft-Windows-Sysmon' Guid='{5770385f-c22a-43e0-bf4c-06f5698ffbd9}'/><EventID>1</EventID><Version>5</Version><Level>4</Level><Task>1</Task><Opcode>0</Opcode><Keywords>0x8000000000000000</Keywords><TimeCreated SystemTime='2025-10-23T10:09:35.1367010Z'/><EventRecordID>262814</EventRecordID><Correlation/><Execution ProcessID='3168' ThreadID='4580'/><Channel>Microsoft-Windows-Sysmon/Operational</Channel><Computer>ar-win-1</Computer><Security UserID='S-1-5-18'/></System><EventData><Data Name='RuleName'>-</Data><Data Name='UtcTime'>2025-10-23 10:09:35.133</Data><Data Name='ProcessGuid'>{5ab40fd1-fedf-68f9-f645-000000003b02}</Data><Data Name='ProcessId'>4168</Data><Data Name='Image'>C:\Windows\System32\WindowsPowerShell\v1.0\powershell.exe</Data><Data Name='FileVersion'>10.0.20348.2849 (WinBuild.160101.0800)</Data><Data Name='Description'>Windows PowerShell</Data><Data Name='Product'>Microsoft® Windows® Operating System</Data><Data Name='Company'>Microsoft Corporation</Data><Data Name='OriginalFileName'>PowerShell.EXE</Data><Data Name='CommandLine'>"C:\Windows\System32\WindowsPowerShell\v1.0\powershell.exe" -NoProfile -ExecutionPolicy Bypass -File C:\Users\Administrator\AppData\Local\Temp\2\main.ps1 </Data><Data Name='CurrentDirectory'>C:\Users\Administrator\</Data><Data Name='User'>AR-WIN-1\Administrator</Data><Data Name='LogonGuid'>{5ab40fd1-8d74-68f7-e44b-100000000000}</Data><Data Name='LogonId'>0x104be4</Data><Data Name='TerminalSessionId'>2</Data><Data Name='IntegrityLevel'>High</Data><Data Name='Hashes'>MD5=DD6F4B7818A253887B8EA86515F6FB7D,SHA256=38F4384643B3FA0DE714D2367B712C2E0FA1C89E2CFD131AE6B831AD962B1033,IMPHASH=AFACF6DC9041114B198160AAB4D0AE77</Data><Data Name='ParentProcessGuid'>{5ab40fd1-fede-68f9-f545-000000003b02}</Data><Data Name='ParentProcessId'>5528</Data><Data Name='ParentImage'>C:\Windows\System32\WindowsPowerShell\v1.0\powershell.exe</Data><Data Name='ParentCommandLine'>"C:\Windows\system32\WindowsPowerShell\v1.0\powershell.exe"  -NoProfile -Command "$bas2='Y2FsYw==';$bsts='ABCDEFGHIJKLMNOPQRSTUVWXYZabcdefghijklmnopqrstuvwxyz0123456789+/';$bas2=$bas2.TrimEnd('=');$btks=New-Object System.Collections.Generic.List[Byte];for($i=0;$i -lt $bas2.Length;$i+=4){$yhsd=$bas2.Substring($i,[Math]::Min(4,$bas2.Length-$i));$vds=0;foreach($c in $yhsd.ToCharArray()){$vds=($vds -shl 6) -bor $bsts.IndexOf($c)};for($j=16;$j -ge 0;$j-=8){if((($i*6)/8)+(3-$j/8) -lt (($bas2.Length*6)/8)){$btks.Add([byte](($vds -shr $j) -band 0xFF))}}};$dcdsg1=[System.Text.Encoding]::UTF8.GetString($btks.ToArray());$dsvu1=Join-Path ([System.IO.Path]::GetTempPath()) 'main.ps1';$dcdsg1 | Out-File -FilePath $dsvu1 -Encoding UTF8; Start-Process -FilePath 'powershell' -ArgumentList '-NoProfile','-ExecutionPolicy','Bypass','-File',$dsvu1 -WindowStyle Hidden"</Data><Data Name='ParentUser'>AR-WIN-1\Administrator</Data></EventData></Event>
<Event xmlns='http://schemas.microsoft.com/win/2004/08/events/event'><System><Provider Name='Microsoft-Windows-Sysmon' Guid='{5770385f-c22a-43e0-bf4c-06f5698ffbd9}'/><EventID>1</EventID><Version>5</Version><Level>4</Level><Task>1</Task><Opcode>0</Opcode><Keywords>0x8000000000000000</Keywords><TimeCreated SystemTime='2025-10-23T10:09:34.6440353Z'/><EventRecordID>262811</EventRecordID><Correlation/><Execution ProcessID='3168' ThreadID='4580'/><Channel>Microsoft-Windows-Sysmon/Operational</Channel><Computer>ar-win-1</Computer><Security UserID='S-1-5-18'/></System><EventData><Data Name='RuleName'>-</Data><Data Name='UtcTime'>2025-10-23 10:09:34.640</Data><Data Name='ProcessGuid'>{5ab40fd1-fede-68f9-f545-000000003b02}</Data><Data Name='ProcessId'>5528</Data><Data Name='Image'>C:\Windows\System32\WindowsPowerShell\v1.0\powershell.exe</Data><Data Name='FileVersion'>10.0.20348.2849 (WinBuild.160101.0800)</Data><Data Name='Description'>Windows PowerShell</Data><Data Name='Product'>Microsoft® Windows® Operating System</Data><Data Name='Company'>Microsoft Corporation</Data><Data Name='OriginalFileName'>PowerShell.EXE</Data><Data Name='CommandLine'>"C:\Windows\system32\WindowsPowerShell\v1.0\powershell.exe"  -NoProfile -Command "$bas2='Y2FsYw==';$bsts='ABCDEFGHIJKLMNOPQRSTUVWXYZabcdefghijklmnopqrstuvwxyz0123456789+/';$bas2=$bas2.TrimEnd('=');$btks=New-Object System.Collections.Generic.List[Byte];for($i=0;$i -lt $bas2.Length;$i+=4){$yhsd=$bas2.Substring($i,[Math]::Min(4,$bas2.Length-$i));$vds=0;foreach($c in $yhsd.ToCharArray()){$vds=($vds -shl 6) -bor $bsts.IndexOf($c)};for($j=16;$j -ge 0;$j-=8){if((($i*6)/8)+(3-$j/8) -lt (($bas2.Length*6)/8)){$btks.Add([byte](($vds -shr $j) -band 0xFF))}}};$dcdsg1=[System.Text.Encoding]::UTF8.GetString($btks.ToArray());$dsvu1=Join-Path ([System.IO.Path]::GetTempPath()) 'main.ps1';$dcdsg1 | Out-File -FilePath $dsvu1 -Encoding UTF8; Start-Process -FilePath 'powershell' -ArgumentList '-NoProfile','-ExecutionPolicy','Bypass','-File',$dsvu1 -WindowStyle Hidden"</Data><Data Name='CurrentDirectory'>C:\Users\Administrator\</Data><Data Name='User'>AR-WIN-1\Administrator</Data><Data Name='LogonGuid'>{5ab40fd1-8d74-68f7-e44b-100000000000}</Data><Data Name='LogonId'>0x104be4</Data><Data Name='TerminalSessionId'>2</Data><Data Name='IntegrityLevel'>High</Data><Data Name='Hashes'>MD5=DD6F4B7818A253887B8EA86515F6FB7D,SHA256=38F4384643B3FA0DE714D2367B712C2E0FA1C89E2CFD131AE6B831AD962B1033,IMPHASH=AFACF6DC9041114B198160AAB4D0AE77</Data><Data Name='ParentProcessGuid'>{5ab40fd1-fedd-68f9-f445-000000003b02}</Data><Data Name='ParentProcessId'>5972</Data><Data Name='ParentImage'>C:\Windows\System32\cmd.exe</Data><Data Name='ParentCommandLine'>"C:\Windows\system32\cmd.exe"</Data><Data Name='ParentUser'>AR-WIN-1\Administrator</Data></EventData></Event>
