09/10/2021 03:09:48 PM
LogName=Microsoft-Windows-PowerShell/Operational
SourceName=Microsoft-Windows-PowerShell
EventCode=4104
EventType=3
Type=Warning
ComputerName=win-host-987.attackrange.local
User=NOT_TRANSLATED
Sid=S-1-5-21-1166625382-1442148322-2337405042-2397
SidType=0
TaskCategory=Execute a Remote Command
OpCode=On create calls
RecordNumber=2137796
Keywords=None
Message=Creating Scriptblock text (3 of 5):
osoft.PowerShell.Cmdletization.MethodParameter]@{ Name = 'ReturnValue'; ParameterType = 'System.UInt32'; Bindings = 'Error'; Value = $null; IsValuePresent = $false }
      $__cmdletization_methodInvocationInfo = [Microsoft.PowerShell.Cmdletization.MethodInvocationInfo]::new('Create', $__cmdletization_methodParameters, $__cmdletization_returnValue)
      $__cmdletization_objectModelWrapper.ProcessRecord($__cmdletization_methodInvocationInfo)
        }
    }

            }
        }
        catch
        {
            $__cmdletization_exceptionHasBeenThrown = $true
            throw
        }
    }
        

    End {
        try
        {
            if (-not $__cmdletization_exceptionHasBeenThrown)
            {
                $__cmdletization_objectModelWrapper.EndProcessing()
            }
        }
        catch
        {
            throw
        }
    }

    # .EXTERNALHELP MSFT_NetIPAddress.cdxml-Help.xml
}
Microsoft.PowerShell.Core\Export-ModuleMember -Function 'New-NetIPAddress' -Alias '*'
        

function Get-NetIPAddress
{
    [CmdletBinding(DefaultParameterSetName='Query (cdxml)', PositionalBinding=$false)]
    
    [OutputType([Microsoft.Management.Infrastructure.CimInstance])]
[OutputType('Microsoft.Management.Infrastructure.CimInstance#ROOT/StandardCimv2/MSFT_NetIPAddress')]

    param(
    
    [Parameter(ParameterSetName='Query (cdxml)', Position=0, ValueFromPipelineByPropertyName=$true)]
    [Alias('LocalAddress')]
    [ValidateNotNull()]
    [string[]]
    ${IPAddress},

    [Parameter(ParameterSetName='Query (cdxml)', ValueFromPipelineByPropertyName=$true)]
    [Alias('ifIndex')]
    [ValidateNotNull()]
    [uint32[]]
    ${InterfaceIndex},

    [Parameter(ParameterSetName='Query (cdxml)', ValueFromPipelineByPropertyName=$true)]
    [Alias('ifAlias')]
    [ValidateNotNull()]
    [string[]]
    ${InterfaceAlias},

    [Parameter(ParameterSetName='Query (cdxml)')]
    [ValidateNotNull()]
    [Microsoft.PowerShell.Cmdletization.GeneratedTypes.NetIPAddress.AddressFamily[]]
    ${AddressFamily},

    [Parameter(ParameterSetName='Query (cdxml)')]
    [ValidateNotNull()]
    [Microsoft.PowerShell.Cmdletization.GeneratedTypes.NetIPAddress.Type[]]
    ${Type},

    [Parameter(ParameterSetName='Query (cdxml)')]
    [ValidateNotNull()]
    [byte[]]
    ${PrefixLength},

    [Parameter(ParameterSetName='Query (cdxml)')]
    [ValidateNotNull()]
    [Microsoft.PowerShell.Cmdletization.GeneratedTypes.NetIPAddress.PrefixOrigin[]]
    ${PrefixOrigin},

    [Parameter(ParameterSetName='Query (cdxml)')]
    [ValidateNotNull()]
    [Microsoft.PowerShell.Cmdletization.GeneratedTypes.NetIPAddress.SuffixOrigin[]]
    ${SuffixOrigin},

    [Parameter(ParameterSetName='Query (cdxml)')]
    [ValidateNotNull()]
    [Microsoft.PowerShell.Cmdletization.GeneratedTypes.NetIPAddress.AddressState[]]
    ${AddressState},

    [Parameter(ParameterSetName='Query (cdxml)')]
    [ValidateNotNull()]
    [timespan[]]
    ${ValidLifetime},

    [Parameter(ParameterSetName='Query (cdxml)')]
    [ValidateNotNull()]
    [timespan[]]
    ${PreferredLifetime},

    [Parameter(ParameterSetName='Query (cdxml)')]
    [ValidateNotNull()]
    [bool[]]
    ${SkipAsSource},

    [Parameter(ParameterSetName='Query (cdxml)', ValueFromPipeline=$true)]
    [PSTypeName('Microsoft.Management.Infrastructure.CimInstance#root/standardcimv2/MSFT_NetIPInterface')]
    [ValidateNotNull()]
    [ciminstance]
    ${AssociatedIPInterface},

    [Parameter(ParameterSetName='Query (cdxml)')]
    [string]
    ${PolicyStore},

    [Parameter(ParameterSetName='Query (cdxml)')]
    [switch]
    ${IncludeAllCompartments},

    [Parameter(ParameterSetName='Query (cdxml)')]
    [Alias('Session')]
    [ValidateNotNullOrEmpty()]
    [CimSession[]]
    ${CimSession},

    [Parameter(ParameterSetName='Query (cdxml)')]
    [int]
    ${ThrottleLimit},

    [Parameter(ParameterSetName='Query (cdxml)')]
    [switch]
    ${AsJob})

    DynamicParam {
        try 
        {
            if (-not $__cmdletization_exceptionHasBeenThrown)
            {
                $__cmdletization_objectModelWrapper = $script:ObjectModelWrapper::new()
                $__cmdletization_objectModelWrapper.Initialize($PSCmdlet, $script:ClassName, $script:ClassVersion, $script:ModuleVersion, $script:PrivateData)

                if ($__cmdletization_objectModelWrapper -is [System.Management.Automation.IDynamicParameters])
                {
                    ([System.Management.Automation.IDynamicParameters]$__cmdletization_objectModelWrapper).GetDynamicParameters()
                }
            }
        }
        catch
        {
            $__cmdletization_exceptionHasBeenThrown = $true
            throw
        }
    }

    Begin {
        $__cmdletization_exceptionHasBeenThrown = $false
        try 
        {
            __cmdletization_BindCommonParameters $__cmdletization_objectModelWrapper $PSBoundParameters
            $__cmdletization_objectModelWrapper.BeginProcessing()
        }
        catch
        {
            $__cmdletization_exceptionHasBeenThrown = $true
            throw
        }
    }
        

    Process {
        try 
        {
            if (-not $__cmdletization_exceptionHasBeenThrown)
            {
    $__cmdletization_queryBuilder = $__cmdletization_objectModelWrapper.GetQueryBuilder()
    if ($PSBoundParameters.ContainsKey('IPAddress') -and (@('Query (cdxml)') -contains $PSCmdlet.ParameterSetName )) {
        $__cmdletization_values = @(${IPAddress})
        $__cmdletization_queryBuilder.FilterByProperty('IPAddress', $__cmdletization_values, $true, 'Default')
    }
    if ($PSBoundParameters.ContainsKey('InterfaceIndex') -and (@('Query (cdxml)') -contains $PSCmdlet.ParameterSetName )) {
        $__cmdletization_values = @(${InterfaceIndex})
        $__cmdletization_queryBuilder.FilterByProperty('InterfaceIndex', $__cmdletization_values, $false, 'Default')
    }
    if ($PSBoundParameters.ContainsKey('InterfaceAlias') -and (@('Query (cdxml)') -contains $PSCmdlet.ParameterSetName )) {
        $__cmdletization_values = @(${InterfaceAlias})
        $__cmdletization_queryBuilder.FilterByProperty('InterfaceAlias', $__cmdletization_values, $true, 'Default')
    }
    if ($PSBoundParameters.ContainsKey('AddressFamily') -and (@('Query (cdxml)') -contains $PSCmdlet.ParameterSetName )) {
        $__cmdletization_values = @(${AddressFamily})
        $__cmdletization_queryBuilder.FilterByProperty('AddressFamily', $__cmdletization_values, $false, 'Default')
    }
    if ($PSBoundParameters.ContainsKey('Type') -and (@('Query (cdxml)') -contains $PSCmdlet.ParameterSetName )) {
        $__cmdletization_values = @(${Type})
        $__cmdletization_queryBuilder.FilterByProperty('Type', $__cmdletization_values, $false, 'Default')
    }
    if ($PSBoundParameters.ContainsKey('PrefixLength') -and (@('Query (cdxml)') -contains $PSCmdlet.ParameterSetName )) {
        $__cmdletization_values = @(${PrefixLength})
        $__cmdletization_queryBuilder.FilterByProperty('PrefixLength', $__cmdletization_values, $false, 'Default')
    }
    if ($PSBoundParameters.ContainsKey('PrefixOrigin') -and (@('Query (cdxml)') -contains $PSCmdlet.ParameterSetName )) {
        $__cmdletization_values = @(${PrefixOrigin})
        $__cmdletization_queryBuilder.FilterByProperty('PrefixOrigin', $__cmdletization_values, $false, 'Default')
    }
    if ($PSBoundParameters.ContainsKey('SuffixOrigin') -and (@('Query (cdxml)') -contains $PSCmdlet.ParameterSetName )) {
        $__cmdletization_values = @(${SuffixOrigin})
        $__cmdletization_queryBuilder.FilterByProperty('SuffixOrigin', $__cmdletization_values, $false, 'Default')
    }
    if ($PSBoundParameters.ContainsKey('AddressState') -and (@('Query (cdxml)') -contains $PSCmdlet.ParameterSetName )) {
        $__cmdletization_values = @(${AddressState})
        $__cmdletization_queryBuilder.FilterByProperty('AddressState', $__cmdletization_values, $false, 'Default')
    }
    if ($PSBoundParameters.ContainsKey('ValidLifetime') -and (@('Query (cdxml)') -contains $PSCmdlet.ParameterSetName )) {
        $__cmdletization_values = @(${ValidLifetime})
        $__cmdletization_queryBuilder.FilterByProperty('ValidLifetime', $__cmdletization_values, $false, 'Default')
    }
    if ($PSBoundParameters.ContainsKey('PreferredLifetime') -and (@('Query (cdxml)') -contains $PSCmdlet.ParameterSetName )) {
        $__cmdletization_values = @(${PreferredLifetime})
        $__cmdletization_queryBuilder.FilterByProperty('PreferredLifetime', $__cmdletization_values, $false, 'Default')
    }
    if ($PSBoundParameters.ContainsKey('SkipAsSource') -and (@('Query (cdxml)') -contains $PSCmdlet.ParameterSetName )) {
        $__cmdletization_values = @(${SkipAsSource})
        $__cmdletization_queryBuilder.FilterByProperty('SkipAsSource', $__cmdletization_values, $false, 'Default')
    }
    if ($PSBoundParameters.ContainsKey('AssociatedIPInterface') -and (@('Query (cdxml)') -contains $PSCmdlet.ParameterSetName )) {
    $__cmdletization_queryBuilder.FilterByAssociatedInstance(${AssociatedIPInterface}, 'MSFT_NetIPInterfaceIPAddress', 'Antecedent', 'Dependent', 'Default')
    }
    if ($PSBoundParameters.ContainsKey('PolicyStore') -and (@('Query (cdxml)') -contains $PSCmdlet.ParameterSetName )) {
    $__cmdletization_queryBuilder.AddQueryOption('PolicyStore', ${PolicyStore})
    }
    if ($PSBoundParameters.ContainsKey('IncludeAllCompartments') -and (@('Query (cdxml)') -contains $PSCmdlet.ParameterSetName )) {
    $__cmdletization_queryBuilder.AddQueryOption('IncludeAllCompartments', ${IncludeAllCompartments})
    }


    $__cmdletization_objectModelWrapper.ProcessRecord($__cmdletization_queryBuilder)
            }
        }
        catch
        {
            $__cmdletization_exceptionHasBeenThrown = $true
            throw
        }
    }
        

    End {
        try
        {
            if (-not $__cmdletization_exceptionHasBeenThrown)
            {
                $__cmdletization_objectModelWrapper.EndProcessing()
            }
        }
        catch
        {
            throw
        }
    }

    # .EXTERNALHELP MSFT_NetIPAddress.cdxml-Help.xml
}
Microsoft.PowerShell.Core\Export-ModuleMember -Function 'Get-NetIPAddress' -Alias '*'
        

function Set-NetIPAddress
{
    [CmdletBinding(DefaultParameterSetName='Query (cdxml)', SupportsShouldProcess=$true, ConfirmImpact='Medium', PositionalBinding=$false)]
    
    [OutputType([Microsoft.Management.Infrastructure.CimInstance])]
[OutputType('Microsoft.Management.Infrastructure.CimInstance#ROOT/StandardCimv2/MSFT_NetIPAddress')]

    param(
    
    [Parameter(ParameterSetName='Query (cdxml)', Position=0, ValueFromPipelineByPropertyName=$true)]
    [Alias('LocalAddress')]
    [ValidateNotNull()]
    [string[]]
    ${IPAddress},

    [Parameter(ParameterSetName='Query (cdxml)', ValueFromPipelineByPropertyName=$true)]
    [Alias('ifIndex')]
    [ValidateNotNull()]
    [uint32[]]
    ${InterfaceIndex},

    [Parameter(ParameterSetName='Query (cdxml)', ValueFromPipelineByPropertyName=$true)]
    [Alias('ifAlias')]
    [ValidateNotNull()]
    [string[]]
    ${InterfaceAlias},

    [Parameter(ParameterSetName='Query (cdxml)')]
    [ValidateNotNull()]
    [Microsoft.PowerShell.Cmdletization.GeneratedTypes.NetIPAddress.AddressFamily[]]
    ${AddressFamily},

    [Parameter(ParameterSetName='Query (cdxml)')]
    [ValidateNotNull()]
    [Microsoft.PowerShell.Cmdletization.GeneratedTypes.NetIPAddress.Type[]]
    ${Type},

    [Parameter(ParameterSetName='Query (cdxml)')]
    [ValidateNotNull()]
    [Microsoft.PowerShell.Cmdletization.GeneratedTypes.NetIPAddress.PrefixOrigin[]]
    ${PrefixOrigin},

    [Parameter(ParameterSetName='Query (cdxml)')]
    [ValidateNotNull()]
    [Microsoft.PowerShell.Cmdletization.GeneratedTypes.NetIPAddress.SuffixOrigin[]]
    ${SuffixOrigin},

    [Parameter(ParameterSetName='Query (cdxml)')]
    [ValidateNotNull()]
    [Microsoft.PowerShell.Cmdletization.GeneratedTypes.NetIPAddress.AddressState[]]
    ${AddressState},

    [Parameter(ParameterSetName='Query (cdxml)')]
    [string]
    ${PolicyStore

ScriptBlock ID: b97ad571-effb-4e50-a29d-07e825bae79e
Path:
09/10/2021 03:09:48 PM
LogName=Microsoft-Windows-PowerShell/Operational
SourceName=Microsoft-Windows-PowerShell
EventCode=4104
EventType=3
Type=Warning
ComputerName=win-host-987.attackrange.local
User=NOT_TRANSLATED
Sid=S-1-5-21-1166625382-1442148322-2337405042-2397
SidType=0
TaskCategory=Execute a Remote Command
OpCode=On create calls
RecordNumber=2137795
Keywords=None
Message=Creating Scriptblock text (2 of 5):

          $__cmdletization_methodParameter = [Microsoft.PowerShell.Cmdletization.MethodParameter]@{Name = 'PreferredLifetime'; ParameterType = 'System.TimeSpan'; Bindings = 'In'; Value = $__cmdletization_defaultValue; IsValuePresent = $__cmdletization_defaultValueIsPresent}
        }
        $__cmdletization_methodParameters.Add($__cmdletization_methodParameter)

        [object]$__cmdletization_defaultValue = $null
        [object]$__cmdletization_defaultValueIsPresent = $false
        if ($PSBoundParameters.ContainsKey('SkipAsSource')) {
          [object]$__cmdletization_value = ${SkipAsSource}
          $__cmdletization_methodParameter = [Microsoft.PowerShell.Cmdletization.MethodParameter]@{Name = 'SkipAsSource'; ParameterType = 'System.Boolean'; Bindings = 'In'; Value = $__cmdletization_value; IsValuePresent = $true}
        } else {
          $__cmdletization_methodParameter = [Microsoft.PowerShell.Cmdletization.MethodParameter]@{Name = 'SkipAsSource'; ParameterType = 'System.Boolean'; Bindings = 'In'; Value = $__cmdletization_defaultValue; IsValuePresent = $__cmdletization_defaultValueIsPresent}
        }
        $__cmdletization_methodParameters.Add($__cmdletization_methodParameter)

        [object]$__cmdletization_defaultValue = $null
        [object]$__cmdletization_defaultValueIsPresent = $false
        if ($PSBoundParameters.ContainsKey('PolicyStore')) {
          [object]$__cmdletization_value = ${PolicyStore}
          $__cmdletization_methodParameter = [Microsoft.PowerShell.Cmdletization.MethodParameter]@{Name = 'PolicyStore'; ParameterType = 'System.String'; Bindings = 'In'; Value = $__cmdletization_value; IsValuePresent = $true}
        } else {
          $__cmdletization_methodParameter = [Microsoft.PowerShell.Cmdletization.MethodParameter]@{Name = 'PolicyStore'; ParameterType = 'System.String'; Bindings = 'In'; Value = $__cmdletization_defaultValue; IsValuePresent = $__cmdletization_defaultValueIsPresent}
        }
        $__cmdletization_methodParameters.Add($__cmdletization_methodParameter)

        [object]$__cmdletization_defaultValue = $null
        [object]$__cmdletization_defaultValueIsPresent = $false
          $__cmdletization_methodParameter = [Microsoft.PowerShell.Cmdletization.MethodParameter]@{Name = 'CmdletOutput'; ParameterType = 'Microsoft.Management.Infrastructure.CimInstance[]'; Bindings = 'Out'; Value = $__cmdletization_defaultValue; IsValuePresent = $__cmdletization_defaultValueIsPresent}
        $__cmdletization_methodParameters.Add($__cmdletization_methodParameter)

      $__cmdletization_returnValue = [Microsoft.PowerShell.Cmdletization.MethodParameter]@{ Name = 'ReturnValue'; ParameterType = 'System.UInt32'; Bindings = 'Error'; Value = $null; IsValuePresent = $false }
      $__cmdletization_methodInvocationInfo = [Microsoft.PowerShell.Cmdletization.MethodInvocationInfo]::new('Create', $__cmdletization_methodParameters, $__cmdletization_returnValue)
      $__cmdletization_objectModelWrapper.ProcessRecord($__cmdletization_methodInvocationInfo)
        }
        { @('ByInterfaceIndex') -contains $_ } {
        [object]$__cmdletization_defaultValue = $null
        [object]$__cmdletization_defaultValueIsPresent = $false
        if ($PSBoundParameters.ContainsKey('IPAddress')) {
          [object]$__cmdletization_value = ${IPAddress}
          $__cmdletization_methodParameter = [Microsoft.PowerShell.Cmdletization.MethodParameter]@{Name = 'IPAddress'; ParameterType = 'System.String'; Bindings = 'In'; Value = $__cmdletization_value; IsValuePresent = $true}
        } else {
          $__cmdletization_methodParameter = [Microsoft.PowerShell.Cmdletization.MethodParameter]@{Name = 'IPAddress'; ParameterType = 'System.String'; Bindings = 'In'; Value = $__cmdletization_defaultValue; IsValuePresent = $__cmdletization_defaultValueIsPresent}
        }
        $__cmdletization_methodParameters.Add($__cmdletization_methodParameter)

        [object]$__cmdletization_defaultValue = $null
        [object]$__cmdletization_defaultValueIsPresent = $false
        if ($PSBoundParameters.ContainsKey('InterfaceIndex')) {
          [object]$__cmdletization_value = ${InterfaceIndex}
          $__cmdletization_methodParameter = [Microsoft.PowerShell.Cmdletization.MethodParameter]@{Name = 'InterfaceIndex'; ParameterType = 'System.UInt32'; Bindings = 'In'; Value = $__cmdletization_value; IsValuePresent = $true}
        } else {
          $__cmdletization_methodParameter = [Microsoft.PowerShell.Cmdletization.MethodParameter]@{Name = 'InterfaceIndex'; ParameterType = 'System.UInt32'; Bindings = 'In'; Value = $__cmdletization_defaultValue; IsValuePresent = $__cmdletization_defaultValueIsPresent}
        }
        $__cmdletization_methodParameters.Add($__cmdletization_methodParameter)

        [object]$__cmdletization_defaultValue = $null
        [object]$__cmdletization_defaultValueIsPresent = $false
        if ($PSBoundParameters.ContainsKey('DefaultGateway')) {
          [object]$__cmdletization_value = ${DefaultGateway}
          $__cmdletization_methodParameter = [Microsoft.PowerShell.Cmdletization.MethodParameter]@{Name = 'DefaultGateway'; ParameterType = 'System.String'; Bindings = 'In'; Value = $__cmdletization_value; IsValuePresent = $true}
        } else {
          $__cmdletization_methodParameter = [Microsoft.PowerShell.Cmdletization.MethodParameter]@{Name = 'DefaultGateway'; ParameterType = 'System.String'; Bindings = 'In'; Value = $__cmdletization_defaultValue; IsValuePresent = $__cmdletization_defaultValueIsPresent}
        }
        $__cmdletization_methodParameters.Add($__cmdletization_methodParameter)

        [object]$__cmdletization_defaultValue = $null
        [object]$__cmdletization_defaultValueIsPresent = $false
        if ($PSBoundParameters.ContainsKey('AddressFamily')) {
          [object]$__cmdletization_value = ${AddressFamily}
          $__cmdletization_methodParameter = [Microsoft.PowerShell.Cmdletization.MethodParameter]@{Name = 'AddressFamily'; ParameterType = 'Microsoft.PowerShell.Cmdletization.GeneratedTypes.NetIPAddress.AddressFamily'; Bindings = 'In'; Value = $__cmdletization_value; IsValuePresent = $true}
        } else {
          $__cmdletization_methodParameter = [Microsoft.PowerShell.Cmdletization.MethodParameter]@{Name = 'AddressFamily'; ParameterType = 'Microsoft.PowerShell.Cmdletization.GeneratedTypes.NetIPAddress.AddressFamily'; Bindings = 'In'; Value = $__cmdletization_defaultValue; IsValuePresent = $__cmdletization_defaultValueIsPresent}
        }
        $__cmdletization_methodParameters.Add($__cmdletization_methodParameter)

        [object]$__cmdletization_defaultValue = $null
        [object]$__cmdletization_defaultValueIsPresent = $false
        if ($PSBoundParameters.ContainsKey('Type')) {
          [object]$__cmdletization_value = ${Type}
          $__cmdletization_methodParameter = [Microsoft.PowerShell.Cmdletization.MethodParameter]@{Name = 'Type'; ParameterType = 'Microsoft.PowerShell.Cmdletization.GeneratedTypes.NetIPAddress.Type'; Bindings = 'In'; Value = $__cmdletization_value; IsValuePresent = $true}
        } else {
          $__cmdletization_methodParameter = [Microsoft.PowerShell.Cmdletization.MethodParameter]@{Name = 'Type'; ParameterType = 'Microsoft.PowerShell.Cmdletization.GeneratedTypes.NetIPAddress.Type'; Bindings = 'In'; Value = $__cmdletization_defaultValue; IsValuePresent = $__cmdletization_defaultValueIsPresent}
        }
        $__cmdletization_methodParameters.Add($__cmdletization_methodParameter)

        [object]$__cmdletization_defaultValue = $null
        [object]$__cmdletization_defaultValueIsPresent = $false
        if ($PSBoundParameters.ContainsKey('PrefixLength')) {
          [object]$__cmdletization_value = ${PrefixLength}
          $__cmdletization_methodParameter = [Microsoft.PowerShell.Cmdletization.MethodParameter]@{Name = 'PrefixLength'; ParameterType = 'System.Byte'; Bindings = 'In'; Value = $__cmdletization_value; IsValuePresent = $true}
        } else {
          $__cmdletization_methodParameter = [Microsoft.PowerShell.Cmdletization.MethodParameter]@{Name = 'PrefixLength'; ParameterType = 'System.Byte'; Bindings = 'In'; Value = $__cmdletization_defaultValue; IsValuePresent = $__cmdletization_defaultValueIsPresent}
        }
        $__cmdletization_methodParameters.Add($__cmdletization_methodParameter)

        [object]$__cmdletization_defaultValue = $null
        [object]$__cmdletization_defaultValueIsPresent = $false
        if ($PSBoundParameters.ContainsKey('ValidLifetime')) {
          [object]$__cmdletization_value = ${ValidLifetime}
          $__cmdletization_methodParameter = [Microsoft.PowerShell.Cmdletization.MethodParameter]@{Name = 'ValidLifetime'; ParameterType = 'System.TimeSpan'; Bindings = 'In'; Value = $__cmdletization_value; IsValuePresent = $true}
        } else {
          $__cmdletization_methodParameter = [Microsoft.PowerShell.Cmdletization.MethodParameter]@{Name = 'ValidLifetime'; ParameterType = 'System.TimeSpan'; Bindings = 'In'; Value = $__cmdletization_defaultValue; IsValuePresent = $__cmdletization_defaultValueIsPresent}
        }
        $__cmdletization_methodParameters.Add($__cmdletization_methodParameter)

        [object]$__cmdletization_defaultValue = $null
        [object]$__cmdletization_defaultValueIsPresent = $false
        if ($PSBoundParameters.ContainsKey('PreferredLifetime')) {
          [object]$__cmdletization_value = ${PreferredLifetime}
          $__cmdletization_methodParameter = [Microsoft.PowerShell.Cmdletization.MethodParameter]@{Name = 'PreferredLifetime'; ParameterType = 'System.TimeSpan'; Bindings = 'In'; Value = $__cmdletization_value; IsValuePresent = $true}
        } else {
          $__cmdletization_methodParameter = [Microsoft.PowerShell.Cmdletization.MethodParameter]@{Name = 'PreferredLifetime'; ParameterType = 'System.TimeSpan'; Bindings = 'In'; Value = $__cmdletization_defaultValue; IsValuePresent = $__cmdletization_defaultValueIsPresent}
        }
        $__cmdletization_methodParameters.Add($__cmdletization_methodParameter)

        [object]$__cmdletization_defaultValue = $null
        [object]$__cmdletization_defaultValueIsPresent = $false
        if ($PSBoundParameters.ContainsKey('SkipAsSource')) {
          [object]$__cmdletization_value = ${SkipAsSource}
          $__cmdletization_methodParameter = [Microsoft.PowerShell.Cmdletization.MethodParameter]@{Name = 'SkipAsSource'; ParameterType = 'System.Boolean'; Bindings = 'In'; Value = $__cmdletization_value; IsValuePresent = $true}
        } else {
          $__cmdletization_methodParameter = [Microsoft.PowerShell.Cmdletization.MethodParameter]@{Name = 'SkipAsSource'; ParameterType = 'System.Boolean'; Bindings = 'In'; Value = $__cmdletization_defaultValue; IsValuePresent = $__cmdletization_defaultValueIsPresent}
        }
        $__cmdletization_methodParameters.Add($__cmdletization_methodParameter)

        [object]$__cmdletization_defaultValue = $null
        [object]$__cmdletization_defaultValueIsPresent = $false
        if ($PSBoundParameters.ContainsKey('PolicyStore')) {
          [object]$__cmdletization_value = ${PolicyStore}
          $__cmdletization_methodParameter = [Microsoft.PowerShell.Cmdletization.MethodParameter]@{Name = 'PolicyStore'; ParameterType = 'System.String'; Bindings = 'In'; Value = $__cmdletization_value; IsValuePresent = $true}
        } else {
          $__cmdletization_methodParameter = [Microsoft.PowerShell.Cmdletization.MethodParameter]@{Name = 'PolicyStore'; ParameterType = 'System.String'; Bindings = 'In'; Value = $__cmdletization_defaultValue; IsValuePresent = $__cmdletization_defaultValueIsPresent}
        }
        $__cmdletization_methodParameters.Add($__cmdletization_methodParameter)

        [object]$__cmdletization_defaultValue = $null
        [object]$__cmdletization_defaultValueIsPresent = $false
          $__cmdletization_methodParameter = [Microsoft.PowerShell.Cmdletization.MethodParameter]@{Name = 'CmdletOutput'; ParameterType = 'Microsoft.Management.Infrastructure.CimInstance[]'; Bindings = 'Out'; Value = $__cmdletization_defaultValue; IsValuePresent = $__cmdletization_defaultValueIsPresent}
        $__cmdletization_methodParameters.Add($__cmdletization_methodParameter)

      $__cmdletization_returnValue = [Micr

ScriptBlock ID: b97ad571-effb-4e50-a29d-07e825bae79e
Path:
09/10/2021 03:09:48 PM
LogName=Microsoft-Windows-PowerShell/Operational
SourceName=Microsoft-Windows-PowerShell
EventCode=4104
EventType=3
Type=Warning
ComputerName=win-host-987.attackrange.local
User=NOT_TRANSLATED
Sid=S-1-5-21-1166625382-1442148322-2337405042-2397
SidType=0
TaskCategory=Execute a Remote Command
OpCode=On create calls
RecordNumber=2137794
Keywords=None
Message=Creating Scriptblock text (1 of 5):

#requires -version 3.0

try { Microsoft.PowerShell.Core\Set-StrictMode -Off } catch { }

$script:MyModule = $MyInvocation.MyCommand.ScriptBlock.Module

$script:ClassName = 'ROOT/StandardCimv2/MSFT_NetIPAddress'
$script:ClassVersion = '1.0.0'
$script:ModuleVersion = '1.0.0'
$script:ObjectModelWrapper = [Microsoft.PowerShell.Cmdletization.Cim.CimCmdletAdapter]

$script:PrivateData = [System.Collections.Generic.Dictionary[string,string]]::new()

Microsoft.PowerShell.Core\Export-ModuleMember -Function @()
        

function __cmdletization_BindCommonParameters
{
    param(
        $__cmdletization_objectModelWrapper,
        $myPSBoundParameters
    )       
                

        if ($myPSBoundParameters.ContainsKey('CimSession')) { 
            $__cmdletization_objectModelWrapper.PSObject.Properties['CimSession'].Value = $myPSBoundParameters['CimSession'] 
        }
                    

        if ($myPSBoundParameters.ContainsKey('ThrottleLimit')) { 
            $__cmdletization_objectModelWrapper.PSObject.Properties['ThrottleLimit'].Value = $myPSBoundParameters['ThrottleLimit'] 
        }
                    

        if ($myPSBoundParameters.ContainsKey('AsJob')) { 
            $__cmdletization_objectModelWrapper.PSObject.Properties['AsJob'].Value = $myPSBoundParameters['AsJob'] 
        }
                    

}
                

function New-NetIPAddress
{
    [CmdletBinding(DefaultParameterSetName='ByInterfaceAlias', SupportsShouldProcess=$true, ConfirmImpact='Medium', PositionalBinding=$false)]
    
    [OutputType([Microsoft.Management.Infrastructure.CimInstance[]])][OutputType([Microsoft.Management.Infrastructure.CimInstance[]])]
    param(
    
    [Parameter(ParameterSetName='ByInterfaceAlias', Mandatory=$true, Position=0, ValueFromPipelineByPropertyName=$true)]
    [Parameter(ParameterSetName='ByInterfaceIndex', Mandatory=$true, Position=0, ValueFromPipelineByPropertyName=$true)]
    [Alias('LocalAddress')]
    [string]
    ${IPAddress},

    [Parameter(ParameterSetName='ByInterfaceAlias', Mandatory=$true, ValueFromPipelineByPropertyName=$true)]
    [Alias('ifAlias')]
    [string]
    ${InterfaceAlias},

    [Parameter(ParameterSetName='ByInterfaceAlias')]
    [Parameter(ParameterSetName='ByInterfaceIndex')]
    [string]
    ${DefaultGateway},

    [Parameter(ParameterSetName='ByInterfaceAlias')]
    [Parameter(ParameterSetName='ByInterfaceIndex')]
    [Microsoft.PowerShell.Cmdletization.GeneratedTypes.NetIPAddress.AddressFamily]
    ${AddressFamily},

    [Parameter(ParameterSetName='ByInterfaceAlias')]
    [Parameter(ParameterSetName='ByInterfaceIndex')]
    [Microsoft.PowerShell.Cmdletization.GeneratedTypes.NetIPAddress.Type]
    ${Type},

    [Parameter(ParameterSetName='ByInterfaceAlias')]
    [Parameter(ParameterSetName='ByInterfaceIndex')]
    [byte]
    ${PrefixLength},

    [Parameter(ParameterSetName='ByInterfaceAlias')]
    [Parameter(ParameterSetName='ByInterfaceIndex')]
    [timespan]
    ${ValidLifetime},

    [Parameter(ParameterSetName='ByInterfaceAlias')]
    [Parameter(ParameterSetName='ByInterfaceIndex')]
    [timespan]
    ${PreferredLifetime},

    [Parameter(ParameterSetName='ByInterfaceAlias')]
    [Parameter(ParameterSetName='ByInterfaceIndex')]
    [bool]
    ${SkipAsSource},

    [Parameter(ParameterSetName='ByInterfaceAlias')]
    [Parameter(ParameterSetName='ByInterfaceIndex')]
    [string]
    ${PolicyStore},

    [Parameter(ParameterSetName='ByInterfaceIndex', Mandatory=$true, ValueFromPipelineByPropertyName=$true)]
    [Alias('ifIndex')]
    [uint32]
    ${InterfaceIndex},

    [Parameter(ParameterSetName='ByInterfaceAlias')]
    [Parameter(ParameterSetName='ByInterfaceIndex')]
    [Alias('Session')]
    [ValidateNotNullOrEmpty()]
    [CimSession[]]
    ${CimSession},

    [Parameter(ParameterSetName='ByInterfaceAlias')]
    [Parameter(ParameterSetName='ByInterfaceIndex')]
    [int]
    ${ThrottleLimit},

    [Parameter(ParameterSetName='ByInterfaceAlias')]
    [Parameter(ParameterSetName='ByInterfaceIndex')]
    [switch]
    ${AsJob})

    DynamicParam {
        try 
        {
            if (-not $__cmdletization_exceptionHasBeenThrown)
            {
                $__cmdletization_objectModelWrapper = $script:ObjectModelWrapper::new()
                $__cmdletization_objectModelWrapper.Initialize($PSCmdlet, $script:ClassName, $script:ClassVersion, $script:ModuleVersion, $script:PrivateData)

                if ($__cmdletization_objectModelWrapper -is [System.Management.Automation.IDynamicParameters])
                {
                    ([System.Management.Automation.IDynamicParameters]$__cmdletization_objectModelWrapper).GetDynamicParameters()
                }
            }
        }
        catch
        {
            $__cmdletization_exceptionHasBeenThrown = $true
            throw
        }
    }

    Begin {
        $__cmdletization_exceptionHasBeenThrown = $false
        try 
        {
            __cmdletization_BindCommonParameters $__cmdletization_objectModelWrapper $PSBoundParameters
            $__cmdletization_objectModelWrapper.BeginProcessing()
        }
        catch
        {
            $__cmdletization_exceptionHasBeenThrown = $true
            throw
        }
    }
        

    Process {
        try 
        {
            if (-not $__cmdletization_exceptionHasBeenThrown)
            {
      $__cmdletization_methodParameters = [System.Collections.Generic.List[Microsoft.PowerShell.Cmdletization.MethodParameter]]::new()

      switch -exact ($PSCmdlet.ParameterSetName) { 
        { @('ByInterfaceAlias') -contains $_ } {
        [object]$__cmdletization_defaultValue = $null
        [object]$__cmdletization_defaultValueIsPresent = $false
        if ($PSBoundParameters.ContainsKey('IPAddress')) {
          [object]$__cmdletization_value = ${IPAddress}
          $__cmdletization_methodParameter = [Microsoft.PowerShell.Cmdletization.MethodParameter]@{Name = 'IPAddress'; ParameterType = 'System.String'; Bindings = 'In'; Value = $__cmdletization_value; IsValuePresent = $true}
        } else {
          $__cmdletization_methodParameter = [Microsoft.PowerShell.Cmdletization.MethodParameter]@{Name = 'IPAddress'; ParameterType = 'System.String'; Bindings = 'In'; Value = $__cmdletization_defaultValue; IsValuePresent = $__cmdletization_defaultValueIsPresent}
        }
        $__cmdletization_methodParameters.Add($__cmdletization_methodParameter)

        [object]$__cmdletization_defaultValue = $null
        [object]$__cmdletization_defaultValueIsPresent = $false
        if ($PSBoundParameters.ContainsKey('InterfaceAlias')) {
          [object]$__cmdletization_value = ${InterfaceAlias}
          $__cmdletization_methodParameter = [Microsoft.PowerShell.Cmdletization.MethodParameter]@{Name = 'InterfaceAlias'; ParameterType = 'System.String'; Bindings = 'In'; Value = $__cmdletization_value; IsValuePresent = $true}
        } else {
          $__cmdletization_methodParameter = [Microsoft.PowerShell.Cmdletization.MethodParameter]@{Name = 'InterfaceAlias'; ParameterType = 'System.String'; Bindings = 'In'; Value = $__cmdletization_defaultValue; IsValuePresent = $__cmdletization_defaultValueIsPresent}
        }
        $__cmdletization_methodParameters.Add($__cmdletization_methodParameter)

        [object]$__cmdletization_defaultValue = $null
        [object]$__cmdletization_defaultValueIsPresent = $false
        if ($PSBoundParameters.ContainsKey('DefaultGateway')) {
          [object]$__cmdletization_value = ${DefaultGateway}
          $__cmdletization_methodParameter = [Microsoft.PowerShell.Cmdletization.MethodParameter]@{Name = 'DefaultGateway'; ParameterType = 'System.String'; Bindings = 'In'; Value = $__cmdletization_value; IsValuePresent = $true}
        } else {
          $__cmdletization_methodParameter = [Microsoft.PowerShell.Cmdletization.MethodParameter]@{Name = 'DefaultGateway'; ParameterType = 'System.String'; Bindings = 'In'; Value = $__cmdletization_defaultValue; IsValuePresent = $__cmdletization_defaultValueIsPresent}
        }
        $__cmdletization_methodParameters.Add($__cmdletization_methodParameter)

        [object]$__cmdletization_defaultValue = $null
        [object]$__cmdletization_defaultValueIsPresent = $false
        if ($PSBoundParameters.ContainsKey('AddressFamily')) {
          [object]$__cmdletization_value = ${AddressFamily}
          $__cmdletization_methodParameter = [Microsoft.PowerShell.Cmdletization.MethodParameter]@{Name = 'AddressFamily'; ParameterType = 'Microsoft.PowerShell.Cmdletization.GeneratedTypes.NetIPAddress.AddressFamily'; Bindings = 'In'; Value = $__cmdletization_value; IsValuePresent = $true}
        } else {
          $__cmdletization_methodParameter = [Microsoft.PowerShell.Cmdletization.MethodParameter]@{Name = 'AddressFamily'; ParameterType = 'Microsoft.PowerShell.Cmdletization.GeneratedTypes.NetIPAddress.AddressFamily'; Bindings = 'In'; Value = $__cmdletization_defaultValue; IsValuePresent = $__cmdletization_defaultValueIsPresent}
        }
        $__cmdletization_methodParameters.Add($__cmdletization_methodParameter)

        [object]$__cmdletization_defaultValue = $null
        [object]$__cmdletization_defaultValueIsPresent = $false
        if ($PSBoundParameters.ContainsKey('Type')) {
          [object]$__cmdletization_value = ${Type}
          $__cmdletization_methodParameter = [Microsoft.PowerShell.Cmdletization.MethodParameter]@{Name = 'Type'; ParameterType = 'Microsoft.PowerShell.Cmdletization.GeneratedTypes.NetIPAddress.Type'; Bindings = 'In'; Value = $__cmdletization_value; IsValuePresent = $true}
        } else {
          $__cmdletization_methodParameter = [Microsoft.PowerShell.Cmdletization.MethodParameter]@{Name = 'Type'; ParameterType = 'Microsoft.PowerShell.Cmdletization.GeneratedTypes.NetIPAddress.Type'; Bindings = 'In'; Value = $__cmdletization_defaultValue; IsValuePresent = $__cmdletization_defaultValueIsPresent}
        }
        $__cmdletization_methodParameters.Add($__cmdletization_methodParameter)

        [object]$__cmdletization_defaultValue = $null
        [object]$__cmdletization_defaultValueIsPresent = $false
        if ($PSBoundParameters.ContainsKey('PrefixLength')) {
          [object]$__cmdletization_value = ${PrefixLength}
          $__cmdletization_methodParameter = [Microsoft.PowerShell.Cmdletization.MethodParameter]@{Name = 'PrefixLength'; ParameterType = 'System.Byte'; Bindings = 'In'; Value = $__cmdletization_value; IsValuePresent = $true}
        } else {
          $__cmdletization_methodParameter = [Microsoft.PowerShell.Cmdletization.MethodParameter]@{Name = 'PrefixLength'; ParameterType = 'System.Byte'; Bindings = 'In'; Value = $__cmdletization_defaultValue; IsValuePresent = $__cmdletization_defaultValueIsPresent}
        }
        $__cmdletization_methodParameters.Add($__cmdletization_methodParameter)

        [object]$__cmdletization_defaultValue = $null
        [object]$__cmdletization_defaultValueIsPresent = $false
        if ($PSBoundParameters.ContainsKey('ValidLifetime')) {
          [object]$__cmdletization_value = ${ValidLifetime}
          $__cmdletization_methodParameter = [Microsoft.PowerShell.Cmdletization.MethodParameter]@{Name = 'ValidLifetime'; ParameterType = 'System.TimeSpan'; Bindings = 'In'; Value = $__cmdletization_value; IsValuePresent = $true}
        } else {
          $__cmdletization_methodParameter = [Microsoft.PowerShell.Cmdletization.MethodParameter]@{Name = 'ValidLifetime'; ParameterType = 'System.TimeSpan'; Bindings = 'In'; Value = $__cmdletization_defaultValue; IsValuePresent = $__cmdletization_defaultValueIsPresent}
        }
        $__cmdletization_methodParameters.Add($__cmdletization_methodParameter)

        [object]$__cmdletization_defaultValue = $null
        [object]$__cmdletization_defaultValueIsPresent = $false
        if ($PSBoundParameters.ContainsKey('PreferredLifetime')) {
          [object]$__cmdletization_value = ${PreferredLifetime}
          $__cmdletization_methodParameter = [Microsoft.PowerShell.Cmdletization.MethodParameter]@{Name = 'PreferredLifetime'; ParameterType = 'System.TimeSpan'; Bindings = 'In'; Value = $__cmdletization_value; IsValuePresent = $true}
        } else {

ScriptBlock ID: b97ad571-effb-4e50-a29d-07e825bae79e
Path:
09/10/2021 03:09:48 PM
LogName=Microsoft-Windows-PowerShell/Operational
SourceName=Microsoft-Windows-PowerShell
EventCode=4106
EventType=5
Type=Verbose
ComputerName=win-host-987.attackrange.local
User=NOT_TRANSLATED
Sid=S-1-5-21-1166625382-1442148322-2337405042-2397
SidType=0
TaskCategory=Stopping Command
OpCode=On create calls
RecordNumber=2137793
Keywords=None
Message=Completed invocation of ScriptBlock ID: acb6188e-43e7-415a-8911-3c5a23499dc4
Runspace ID: 6f3eb055-e094-4e5b-94ce-5eca3a1856b6
09/10/2021 03:09:48 PM
LogName=Microsoft-Windows-PowerShell/Operational
SourceName=Microsoft-Windows-PowerShell
EventCode=4105
EventType=5
Type=Verbose
ComputerName=win-host-987.attackrange.local
User=NOT_TRANSLATED
Sid=S-1-5-21-1166625382-1442148322-2337405042-2397
SidType=0
TaskCategory=Starting Command
OpCode=On create calls
RecordNumber=2137792
Keywords=None
Message=Started invocation of ScriptBlock ID: acb6188e-43e7-415a-8911-3c5a23499dc4
Runspace ID: 6f3eb055-e094-4e5b-94ce-5eca3a1856b6
09/10/2021 03:09:48 PM
LogName=Microsoft-Windows-PowerShell/Operational
SourceName=Microsoft-Windows-PowerShell
EventCode=4104
EventType=3
Type=Warning
ComputerName=win-host-987.attackrange.local
User=NOT_TRANSLATED
Sid=S-1-5-21-1166625382-1442148322-2337405042-2397
SidType=0
TaskCategory=Execute a Remote Command
OpCode=On create calls
RecordNumber=2137791
Keywords=None
Message=Creating Scriptblock text (1 of 1):

#requires -version 3.0

try { Microsoft.PowerShell.Core\Set-StrictMode -Off } catch { }

$script:MyModule = $MyInvocation.MyCommand.ScriptBlock.Module

$script:ClassName = 'root/StandardCimv2/MSFT_NetCompartment'
$script:ClassVersion = '1.0.0'
$script:ModuleVersion = '1.0'
$script:ObjectModelWrapper = [Microsoft.PowerShell.Cmdletization.Cim.CimCmdletAdapter]

$script:PrivateData = [System.Collections.Generic.Dictionary[string,string]]::new()

Microsoft.PowerShell.Core\Export-ModuleMember -Function @()
        

function __cmdletization_BindCommonParameters
{
    param(
        $__cmdletization_objectModelWrapper,
        $myPSBoundParameters
    )       
                

        if ($myPSBoundParameters.ContainsKey('CimSession')) { 
            $__cmdletization_objectModelWrapper.PSObject.Properties['CimSession'].Value = $myPSBoundParameters['CimSession'] 
        }
                    

        if ($myPSBoundParameters.ContainsKey('ThrottleLimit')) { 
            $__cmdletization_objectModelWrapper.PSObject.Properties['ThrottleLimit'].Value = $myPSBoundParameters['ThrottleLimit'] 
        }
                    

        if ($myPSBoundParameters.ContainsKey('AsJob')) { 
            $__cmdletization_objectModelWrapper.PSObject.Properties['AsJob'].Value = $myPSBoundParameters['AsJob'] 
        }
                    

}
                

function Get-NetCompartment
{
    [CmdletBinding(DefaultParameterSetName='Query (cdxml)', PositionalBinding=$false)]
    
    [OutputType([Microsoft.Management.Infrastructure.CimInstance])]
[OutputType('Microsoft.Management.Infrastructure.CimInstance#root/StandardCimv2/MSFT_NetCompartment')]

    param(
    
    [Parameter(ParameterSetName='Query (cdxml)')]
    [ValidateNotNull()]
    [uint32[]]
    ${CompartmentId},

    [Parameter(ParameterSetName='Query (cdxml)')]
    [Alias('Session')]
    [ValidateNotNullOrEmpty()]
    [CimSession[]]
    ${CimSession},

    [Parameter(ParameterSetName='Query (cdxml)')]
    [int]
    ${ThrottleLimit},

    [Parameter(ParameterSetName='Query (cdxml)')]
    [switch]
    ${AsJob})

    DynamicParam {
        try 
        {
            if (-not $__cmdletization_exceptionHasBeenThrown)
            {
                $__cmdletization_objectModelWrapper = $script:ObjectModelWrapper::new()
                $__cmdletization_objectModelWrapper.Initialize($PSCmdlet, $script:ClassName, $script:ClassVersion, $script:ModuleVersion, $script:PrivateData)

                if ($__cmdletization_objectModelWrapper -is [System.Management.Automation.IDynamicParameters])
                {
                    ([System.Management.Automation.IDynamicParameters]$__cmdletization_objectModelWrapper).GetDynamicParameters()
                }
            }
        }
        catch
        {
            $__cmdletization_exceptionHasBeenThrown = $true
            throw
        }
    }

    Begin {
        $__cmdletization_exceptionHasBeenThrown = $false
        try 
        {
            __cmdletization_BindCommonParameters $__cmdletization_objectModelWrapper $PSBoundParameters
            $__cmdletization_objectModelWrapper.BeginProcessing()
        }
        catch
        {
            $__cmdletization_exceptionHasBeenThrown = $true
            throw
        }
    }
        

    Process {
        try 
        {
            if (-not $__cmdletization_exceptionHasBeenThrown)
            {
    $__cmdletization_queryBuilder = $__cmdletization_objectModelWrapper.GetQueryBuilder()
    if ($PSBoundParameters.ContainsKey('CompartmentId') -and (@('Query (cdxml)') -contains $PSCmdlet.ParameterSetName )) {
        $__cmdletization_values = @(${CompartmentId})
        $__cmdletization_queryBuilder.FilterByProperty('CompartmentId', $__cmdletization_values, $false, 'Default')
    }


    $__cmdletization_objectModelWrapper.ProcessRecord($__cmdletization_queryBuilder)
            }
        }
        catch
        {
            $__cmdletization_exceptionHasBeenThrown = $true
            throw
        }
    }
        

    End {
        try
        {
            if (-not $__cmdletization_exceptionHasBeenThrown)
            {
                $__cmdletization_objectModelWrapper.EndProcessing()
            }
        }
        catch
        {
            throw
        }
    }

    # .EXTERNALHELP MSFT_NetCompartment.cdxml-Help.xml
}
Microsoft.PowerShell.Core\Export-ModuleMember -Function 'Get-NetCompartment' -Alias '*'
        


ScriptBlock ID: acb6188e-43e7-415a-8911-3c5a23499dc4
Path:
09/10/2021 03:09:48 PM
LogName=Microsoft-Windows-PowerShell/Operational
SourceName=Microsoft-Windows-PowerShell
EventCode=4106
EventType=5
Type=Verbose
ComputerName=win-host-987.attackrange.local
User=NOT_TRANSLATED
Sid=S-1-5-21-1166625382-1442148322-2337405042-2397
SidType=0
TaskCategory=Stopping Command
OpCode=On create calls
RecordNumber=2137790
Keywords=None
Message=Completed invocation of ScriptBlock ID: eb94b9dc-c4d5-4218-8fcb-841bacdbf692
Runspace ID: 6f3eb055-e094-4e5b-94ce-5eca3a1856b6
09/10/2021 03:09:48 PM
LogName=Microsoft-Windows-PowerShell/Operational
SourceName=Microsoft-Windows-PowerShell
EventCode=4105
EventType=5
Type=Verbose
ComputerName=win-host-987.attackrange.local
User=NOT_TRANSLATED
Sid=S-1-5-21-1166625382-1442148322-2337405042-2397
SidType=0
TaskCategory=Starting Command
OpCode=On create calls
RecordNumber=2137789
Keywords=None
Message=Started invocation of ScriptBlock ID: eb94b9dc-c4d5-4218-8fcb-841bacdbf692
Runspace ID: 6f3eb055-e094-4e5b-94ce-5eca3a1856b6
09/10/2021 03:09:48 PM
LogName=Microsoft-Windows-PowerShell/Operational
SourceName=Microsoft-Windows-PowerShell
EventCode=4105
EventType=5
Type=Verbose
ComputerName=win-host-987.attackrange.local
User=NOT_TRANSLATED
Sid=S-1-5-21-1166625382-1442148322-2337405042-2397
SidType=0
TaskCategory=Starting Command
OpCode=On create calls
RecordNumber=2137788
Keywords=None
Message=Started invocation of ScriptBlock ID: f4c3dcf8-071d-42d9-9805-1ee066031172
Runspace ID: 6f3eb055-e094-4e5b-94ce-5eca3a1856b6
09/10/2021 03:09:48 PM
LogName=Microsoft-Windows-PowerShell/Operational
SourceName=Microsoft-Windows-PowerShell
EventCode=4104
EventType=5
Type=Verbose
ComputerName=win-host-987.attackrange.local
User=NOT_TRANSLATED
Sid=S-1-5-21-1166625382-1442148322-2337405042-2397
SidType=0
TaskCategory=Execute a Remote Command
OpCode=On create calls
RecordNumber=2137787
Keywords=None
Message=Creating Scriptblock text (1 of 1):
Get-NetTcpConnection

ScriptBlock ID: f4c3dcf8-071d-42d9-9805-1ee066031172
Path:
09/10/2021 03:09:48 PM
LogName=Microsoft-Windows-PowerShell/Operational
SourceName=Microsoft-Windows-PowerShell
EventCode=40962
EventType=4
Type=Information
ComputerName=win-host-987.attackrange.local
User=NOT_TRANSLATED
Sid=S-1-5-21-1166625382-1442148322-2337405042-2397
SidType=0
TaskCategory=PowerShell Console Startup
OpCode=Stop
RecordNumber=2137786
Keywords=None
Message=PowerShell console is ready for user input
09/10/2021 03:09:52 PM
LogName=Microsoft-Windows-PowerShell/Operational
SourceName=Microsoft-Windows-PowerShell
EventCode=4106
EventType=5
Type=Verbose
ComputerName=win-host-987.attackrange.local
User=NOT_TRANSLATED
Sid=S-1-5-21-1166625382-1442148322-2337405042-2397
SidType=0
TaskCategory=Stopping Command
OpCode=On create calls
RecordNumber=2138272
Keywords=None
Message=Completed invocation of ScriptBlock ID: 2394b1ee-8edd-421a-ab65-1527ea0df67e
Runspace ID: c0a71f6f-f218-409f-87f9-a7e84bc3d0fa
09/10/2021 03:09:52 PM
LogName=Microsoft-Windows-PowerShell/Operational
SourceName=Microsoft-Windows-PowerShell
EventCode=4105
EventType=5
Type=Verbose
ComputerName=win-host-987.attackrange.local
User=NOT_TRANSLATED
Sid=S-1-5-21-1166625382-1442148322-2337405042-2397
SidType=0
TaskCategory=Starting Command
OpCode=On create calls
RecordNumber=2138271
Keywords=None
Message=Started invocation of ScriptBlock ID: 2394b1ee-8edd-421a-ab65-1527ea0df67e
Runspace ID: c0a71f6f-f218-409f-87f9-a7e84bc3d0fa
09/10/2021 03:09:52 PM
LogName=Microsoft-Windows-PowerShell/Operational
SourceName=Microsoft-Windows-PowerShell
EventCode=4106
EventType=5
Type=Verbose
ComputerName=win-host-987.attackrange.local
User=NOT_TRANSLATED
Sid=S-1-5-21-1166625382-1442148322-2337405042-2397
SidType=0
TaskCategory=Stopping Command
OpCode=On create calls
RecordNumber=2138270
Keywords=None
Message=Completed invocation of ScriptBlock ID: 52a2683a-ff39-4e9b-bbd9-f6ddd86cb52e
Runspace ID: c0a71f6f-f218-409f-87f9-a7e84bc3d0fa
09/10/2021 03:09:52 PM
LogName=Microsoft-Windows-PowerShell/Operational
SourceName=Microsoft-Windows-PowerShell
EventCode=4105
EventType=5
Type=Verbose
ComputerName=win-host-987.attackrange.local
User=NOT_TRANSLATED
Sid=S-1-5-21-1166625382-1442148322-2337405042-2397
SidType=0
TaskCategory=Starting Command
OpCode=On create calls
RecordNumber=2138269
Keywords=None
Message=Started invocation of ScriptBlock ID: 52a2683a-ff39-4e9b-bbd9-f6ddd86cb52e
Runspace ID: c0a71f6f-f218-409f-87f9-a7e84bc3d0fa
09/10/2021 03:09:52 PM
LogName=Microsoft-Windows-PowerShell/Operational
SourceName=Microsoft-Windows-PowerShell
EventCode=4106
EventType=5
Type=Verbose
ComputerName=win-host-987.attackrange.local
User=NOT_TRANSLATED
Sid=S-1-5-21-1166625382-1442148322-2337405042-2397
SidType=0
TaskCategory=Stopping Command
OpCode=On create calls
RecordNumber=2138268
Keywords=None
Message=Completed invocation of ScriptBlock ID: 05c95d33-f989-43da-98b0-0935e9b9d787
Runspace ID: c0a71f6f-f218-409f-87f9-a7e84bc3d0fa
