<Event xmlns='http://schemas.microsoft.com/win/2004/08/events/event'><System><Provider Name='Microsoft-Windows-Sysmon' Guid='{5770385f-c22a-43e0-bf4c-06f5698ffbd9}'/><EventID>1</EventID><Version>5</Version><Level>4</Level><Task>1</Task><Opcode>0</Opcode><Keywords>0x8000000000000000</Keywords><TimeCreated SystemTime='2025-10-13T15:09:34.7697185Z'/><EventRecordID>158786</EventRecordID><Correlation/><Execution ProcessID='3252' ThreadID='4720'/><Channel>Microsoft-Windows-Sysmon/Operational</Channel><Computer>ar-win-1</Computer><Security UserID='S-1-5-18'/></System><EventData><Data Name='RuleName'>-</Data><Data Name='UtcTime'>2025-10-13 15:09:34.121</Data><Data Name='ProcessGuid'>{5ab40fd1-162e-68ed-5104-000000003a02}</Data><Data Name='ProcessId'>8588</Data><Data Name='Image'>C:\Users\Administrator\Downloads\Advanced_Port_Scanner_2.5.3869.exe</Data><Data Name='FileVersion'>2.5.3869            </Data><Data Name='Description'>Advanced Port Scanner Setup                                 </Data><Data Name='Product'>Advanced Port Scanner                                       </Data><Data Name='Company'>Famatech Corp.                                              </Data><Data Name='OriginalFileName'>-</Data><Data Name='CommandLine'>"C:\Users\Administrator\Downloads\Advanced_Port_Scanner_2.5.3869.exe" </Data><Data Name='CurrentDirectory'>C:\Users\Administrator\Downloads\</Data><Data Name='User'>AR-WIN-1\Administrator</Data><Data Name='LogonGuid'>{5ab40fd1-15fa-68ed-0a4b-5b0000000000}</Data><Data Name='LogonId'>0x5b4b0a</Data><Data Name='TerminalSessionId'>2</Data><Data Name='IntegrityLevel'>Medium</Data><Data Name='Hashes'>MD5=6A58B52B184715583CDA792B56A0A1ED,SHA256=D0C1662CE239E4D288048C0E3324EC52962F6DDDA77DA0CB7AF9C1D9C2F1E2EB,IMPHASH=48AA5C8931746A9655524F67B25A47EF</Data><Data Name='ParentProcessGuid'>{5ab40fd1-160c-68ed-3504-000000003a02}</Data><Data Name='ParentProcessId'>7356</Data><Data Name='ParentImage'>C:\Program Files\Mozilla Firefox\firefox.exe</Data><Data Name='ParentCommandLine'>"C:\Program Files\Mozilla Firefox\firefox.exe"</Data><Data Name='ParentUser'>AR-WIN-1\Administrator</Data></EventData></Event>
<Event xmlns='http://schemas.microsoft.com/win/2004/08/events/event'><System><Provider Name='Microsoft-Windows-Sysmon' Guid='{5770385f-c22a-43e0-bf4c-06f5698ffbd9}'/><EventID>13</EventID><Version>2</Version><Level>4</Level><Task>13</Task><Opcode>0</Opcode><Keywords>0x8000000000000000</Keywords><TimeCreated SystemTime='2025-10-13T15:09:34.0263434Z'/><EventRecordID>158784</EventRecordID><Correlation/><Execution ProcessID='3252' ThreadID='4720'/><Channel>Microsoft-Windows-Sysmon/Operational</Channel><Computer>ar-win-1</Computer><Security UserID='S-1-5-18'/></System><EventData><Data Name='RuleName'>InvDB-Ver</Data><Data Name='EventType'>SetValue</Data><Data Name='UtcTime'>2025-10-13 15:09:34.024</Data><Data Name='ProcessGuid'>{5ab40fd1-160a-68ed-2e04-000000003a02}</Data><Data Name='ProcessId'>7048</Data><Data Name='Image'>C:\Windows\System32\smartscreen.exe</Data><Data Name='TargetObject'>\REGISTRY\A\{699ea24c-a210-0160-b869-0c5405f6c453}\Root\InventoryApplicationFile\advanced_port_sc|7d71ff6161ebe8b7\BinProductVersion</Data><Data Name='Details'>2.5.3869.0</Data><Data Name='User'>AR-WIN-1\Administrator</Data></EventData></Event>
<Event xmlns='http://schemas.microsoft.com/win/2004/08/events/event'><System><Provider Name='Microsoft-Windows-Sysmon' Guid='{5770385f-c22a-43e0-bf4c-06f5698ffbd9}'/><EventID>13</EventID><Version>2</Version><Level>4</Level><Task>13</Task><Opcode>0</Opcode><Keywords>0x8000000000000000</Keywords><TimeCreated SystemTime='2025-10-13T15:09:34.0262187Z'/><EventRecordID>158783</EventRecordID><Correlation/><Execution ProcessID='3252' ThreadID='4720'/><Channel>Microsoft-Windows-Sysmon/Operational</Channel><Computer>ar-win-1</Computer><Security UserID='S-1-5-18'/></System><EventData><Data Name='RuleName'>InvDB-CompileTimeClaim</Data><Data Name='EventType'>SetValue</Data><Data Name='UtcTime'>2025-10-13 15:09:34.024</Data><Data Name='ProcessGuid'>{5ab40fd1-160a-68ed-2e04-000000003a02}</Data><Data Name='ProcessId'>7048</Data><Data Name='Image'>C:\Windows\System32\smartscreen.exe</Data><Data Name='TargetObject'>\REGISTRY\A\{699ea24c-a210-0160-b869-0c5405f6c453}\Root\InventoryApplicationFile\advanced_port_sc|7d71ff6161ebe8b7\LinkDate</Data><Data Name='Details'>01/30/2013 14:21:56</Data><Data Name='User'>AR-WIN-1\Administrator</Data></EventData></Event>
<Event xmlns='http://schemas.microsoft.com/win/2004/08/events/event'><System><Provider Name='Microsoft-Windows-Sysmon' Guid='{5770385f-c22a-43e0-bf4c-06f5698ffbd9}'/><EventID>13</EventID><Version>2</Version><Level>4</Level><Task>13</Task><Opcode>0</Opcode><Keywords>0x8000000000000000</Keywords><TimeCreated SystemTime='2025-10-13T15:09:34.0254157Z'/><EventRecordID>158782</EventRecordID><Correlation/><Execution ProcessID='3252' ThreadID='4720'/><Channel>Microsoft-Windows-Sysmon/Operational</Channel><Computer>ar-win-1</Computer><Security UserID='S-1-5-18'/></System><EventData><Data Name='RuleName'>InvDB-Pub</Data><Data Name='EventType'>SetValue</Data><Data Name='UtcTime'>2025-10-13 15:09:34.024</Data><Data Name='ProcessGuid'>{5ab40fd1-160a-68ed-2e04-000000003a02}</Data><Data Name='ProcessId'>7048</Data><Data Name='Image'>C:\Windows\System32\smartscreen.exe</Data><Data Name='TargetObject'>\REGISTRY\A\{699ea24c-a210-0160-b869-0c5405f6c453}\Root\InventoryApplicationFile\advanced_port_sc|7d71ff6161ebe8b7\Publisher</Data><Data Name='Details'>famatech corp.                                              </Data><Data Name='User'>AR-WIN-1\Administrator</Data></EventData></Event>
<Event xmlns='http://schemas.microsoft.com/win/2004/08/events/event'><System><Provider Name='Microsoft-Windows-Sysmon' Guid='{5770385f-c22a-43e0-bf4c-06f5698ffbd9}'/><EventID>13</EventID><Version>2</Version><Level>4</Level><Task>13</Task><Opcode>0</Opcode><Keywords>0x8000000000000000</Keywords><TimeCreated SystemTime='2025-10-13T15:09:34.0250941Z'/><EventRecordID>158781</EventRecordID><Correlation/><Execution ProcessID='3252' ThreadID='4720'/><Channel>Microsoft-Windows-Sysmon/Operational</Channel><Computer>ar-win-1</Computer><Security UserID='S-1-5-18'/></System><EventData><Data Name='RuleName'>InvDB-Path</Data><Data Name='EventType'>SetValue</Data><Data Name='UtcTime'>2025-10-13 15:09:34.024</Data><Data Name='ProcessGuid'>{5ab40fd1-160a-68ed-2e04-000000003a02}</Data><Data Name='ProcessId'>7048</Data><Data Name='Image'>C:\Windows\System32\smartscreen.exe</Data><Data Name='TargetObject'>\REGISTRY\A\{699ea24c-a210-0160-b869-0c5405f6c453}\Root\InventoryApplicationFile\advanced_port_sc|7d71ff6161ebe8b7\LowerCaseLongPath</Data><Data Name='Details'>c:\users\administrator\downloads\advanced_port_scanner_2.5.3869.exe</Data><Data Name='User'>AR-WIN-1\Administrator</Data></EventData></Event>
<Event xmlns='http://schemas.microsoft.com/win/2004/08/events/event'><System><Provider Name='Microsoft-Windows-Sysmon' Guid='{5770385f-c22a-43e0-bf4c-06f5698ffbd9}'/><EventID>15</EventID><Version>2</Version><Level>4</Level><Task>15</Task><Opcode>0</Opcode><Keywords>0x8000000000000000</Keywords><TimeCreated SystemTime='2025-10-13T15:09:27.0496129Z'/><EventRecordID>158776</EventRecordID><Correlation/><Execution ProcessID='3252' ThreadID='4720'/><Channel>Microsoft-Windows-Sysmon/Operational</Channel><Computer>ar-win-1</Computer><Security UserID='S-1-5-18'/></System><EventData><Data Name='RuleName'>-</Data><Data Name='UtcTime'>2025-10-13 15:09:27.048</Data><Data Name='ProcessGuid'>{5ab40fd1-160c-68ed-3504-000000003a02}</Data><Data Name='ProcessId'>7356</Data><Data Name='Image'>C:\Program Files\Mozilla Firefox\firefox.exe</Data><Data Name='TargetFilename'>C:\Users\Administrator\Downloads\Advanced_Port_Scanner_2.5.3869.exe:Zone.Identifier</Data><Data Name='CreationUtcTime'>2025-10-13 15:09:25.791</Data><Data Name='Hash'>MD5=76B5C22D658CF5195F8DC84E6EBC3C97,SHA256=7163477EDECE9375805987B593002225064DAE8285664CEE7C100C78EF5AF33C,IMPHASH=00000000000000000000000000000000</Data><Data Name='Contents'>[ZoneTransfer]  ZoneId=3  ReferrerUrl=https://www.advanced-port-scanner.com/  HostUrl=https://download.advanced-port-scanner.com/download/files/Advanced_Port_Scanner_2.5.3869.exe  </Data><Data Name='User'>AR-WIN-1\Administrator</Data></EventData></Event>
<Event xmlns='http://schemas.microsoft.com/win/2004/08/events/event'><System><Provider Name='Microsoft-Windows-Sysmon' Guid='{5770385f-c22a-43e0-bf4c-06f5698ffbd9}'/><EventID>11</EventID><Version>2</Version><Level>4</Level><Task>11</Task><Opcode>0</Opcode><Keywords>0x8000000000000000</Keywords><TimeCreated SystemTime='2025-10-13T15:09:27.0495334Z'/><EventRecordID>158775</EventRecordID><Correlation/><Execution ProcessID='3252' ThreadID='4720'/><Channel>Microsoft-Windows-Sysmon/Operational</Channel><Computer>ar-win-1</Computer><Security UserID='S-1-5-18'/></System><EventData><Data Name='RuleName'>Downloads</Data><Data Name='UtcTime'>2025-10-13 15:09:27.048</Data><Data Name='ProcessGuid'>{5ab40fd1-160c-68ed-3504-000000003a02}</Data><Data Name='ProcessId'>7356</Data><Data Name='Image'>C:\Program Files\Mozilla Firefox\firefox.exe</Data><Data Name='TargetFilename'>C:\Users\Administrator\Downloads\Advanced_Port_Scanner_2.5.3869.exe:Zone.Identifier</Data><Data Name='CreationUtcTime'>2025-10-13 15:09:25.791</Data><Data Name='User'>AR-WIN-1\Administrator</Data></EventData></Event>
<Event xmlns='http://schemas.microsoft.com/win/2004/08/events/event'><System><Provider Name='Microsoft-Windows-Sysmon' Guid='{5770385f-c22a-43e0-bf4c-06f5698ffbd9}'/><EventID>15</EventID><Version>2</Version><Level>4</Level><Task>15</Task><Opcode>0</Opcode><Keywords>0x8000000000000000</Keywords><TimeCreated SystemTime='2025-10-13T15:09:27.0487423Z'/><EventRecordID>158774</EventRecordID><Correlation/><Execution ProcessID='3252' ThreadID='4720'/><Channel>Microsoft-Windows-Sysmon/Operational</Channel><Computer>ar-win-1</Computer><Security UserID='S-1-5-18'/></System><EventData><Data Name='RuleName'>-</Data><Data Name='UtcTime'>2025-10-13 15:09:26.729</Data><Data Name='ProcessGuid'>{5ab40fd1-160c-68ed-3504-000000003a02}</Data><Data Name='ProcessId'>7356</Data><Data Name='Image'>C:\Program Files\Mozilla Firefox\firefox.exe</Data><Data Name='TargetFilename'>C:\Users\Administrator\Downloads\Advanced_Port_Scanner_2.5.3869.exe</Data><Data Name='CreationUtcTime'>2025-10-13 15:09:25.791</Data><Data Name='Hash'>MD5=6A58B52B184715583CDA792B56A0A1ED,SHA256=D0C1662CE239E4D288048C0E3324EC52962F6DDDA77DA0CB7AF9C1D9C2F1E2EB,IMPHASH=48AA5C8931746A9655524F67B25A47EF</Data><Data Name='Contents'>-</Data><Data Name='User'>AR-WIN-1\Administrator</Data></EventData></Event>
<Event xmlns='http://schemas.microsoft.com/win/2004/08/events/event'><System><Provider Name='Microsoft-Windows-Sysmon' Guid='{5770385f-c22a-43e0-bf4c-06f5698ffbd9}'/><EventID>11</EventID><Version>2</Version><Level>4</Level><Task>11</Task><Opcode>0</Opcode><Keywords>0x8000000000000000</Keywords><TimeCreated SystemTime='2025-10-13T15:09:25.8019667Z'/><EventRecordID>158770</EventRecordID><Correlation/><Execution ProcessID='3252' ThreadID='4720'/><Channel>Microsoft-Windows-Sysmon/Operational</Channel><Computer>ar-win-1</Computer><Security UserID='S-1-5-18'/></System><EventData><Data Name='RuleName'>Downloads</Data><Data Name='UtcTime'>2025-10-13 15:09:25.800</Data><Data Name='ProcessGuid'>{5ab40fd1-160c-68ed-3504-000000003a02}</Data><Data Name='ProcessId'>7356</Data><Data Name='Image'>C:\Program Files\Mozilla Firefox\firefox.exe</Data><Data Name='TargetFilename'>C:\Users\Administrator\Downloads\Advanced_Port_Scanner_2.5.3869.exe</Data><Data Name='CreationUtcTime'>2025-10-13 15:09:25.800</Data><Data Name='User'>AR-WIN-1\Administrator</Data></EventData></Event>
