{"preview":false,"result":{"_raw":"{\"CommandLine\":\"C:\\\\Windows\\\\system32\\\\cmd.exe /C PowerShell -NoProfile -NonInteractive -ExecutionPolicy Unrestricted -EncodedCommand UABvAHcAZQByAFMAaABlAGwAbAAgAC0ATgBvAFAAcgBvAGYAaQBsAGUAIAAtAE4AbwBuAEkAbgB0AGUAcgBhAGMAdABpAHYAZQAgAC0ARQB4AGUAYwB1AHQAaQBvAG4AUABvAGwAaQBjAHkAIABVAG4AcgBlAHMAdAByAGkAYwB0AGUAZAAgAC0ARQBuAGMAbwBkAGUAZABDAG8AbQBtAGEAbgBkACAASgBnAEIAagBBAEcAZwBBAFkAdwBCAHcAQQBDADQAQQBZAHcAQgB2AEEARwAwAEEASQBBAEEAMgBBAEQAVQBBAE0AQQBBAHcAQQBEAEUAQQBJAEEAQQArAEEAQwBBAEEASgBBAEIAdQBBAEgAVQBBAGIAQQBCAHMAQQBBAG8AQQBKAEEAQgBsAEEASABnAEEAWgBRAEIAagBBAEYAOABBAGQAdwBCAHkAQQBHAEUAQQBjAEEAQgB3AEEARwBVAEEAYwBnAEIAZgBBAEgATQBBAGQAQQBCAHkAQQBDAEEAQQBQAFEAQQBnAEEAQwBRAEEAYQBRAEIAdQBBAEgAQQBBAGQAUQBCADAAQQBDAEEAQQBmAEEAQQBnAEEARQA4AEEAZABRAEIAMABBAEMAMABBAFUAdwBCADAAQQBIAEkAQQBhAFEAQgB1AEEARwBjAEEAQwBnAEEAawBBAEgATQBBAGMAQQBCAHMAQQBHAGsAQQBkAEEAQgBmAEEASABBAEEAWQBRAEIAeQBBAEgAUQBBAGMAdwBBAGcAQQBEADAAQQBJAEEAQQBrAEEARwBVAEEAZQBBAEIAbABBAEcATQBBAFgAdwBCADMAQQBIAEkAQQBZAFEAQgB3AEEASABBAEEAWgBRAEIAeQBBAEYAOABBAGMAdwBCADAAQQBIAEkAQQBMAGcAQgBUAEEASABBAEEAYgBBAEIAcABBAEgAUQBBAEsAQQBCAEEAQQBDAGcAQQBJAGcAQgBnAEEARABBAEEAWQBBAEEAdwBBAEcAQQBBAE0AQQBCAGcAQQBEAEEAQQBJAGcAQQBwAEEAQwB3AEEASQBBAEEAeQBBAEMAdwBBAEkAQQBCAGIAQQBGAE0AQQBkAEEAQgB5AEEARwBrAEEAYgBnAEIAbgBBAEYATQBBAGMAQQBCAHMAQQBHAGsAQQBkAEEAQgBQAEEASABBAEEAZABBAEIAcABBAEcAOABBAGIAZwBCAHoAQQBGADAAQQBPAGcAQQA2AEEARgBJAEEAWgBRAEIAdABBAEcAOABBAGQAZwBCAGwAQQBFAFUAQQBiAFEAQgB3AEEASABRAEEAZQBRAEIARgBBAEcANABBAGQAQQBCAHkAQQBHAGsAQQBaAFEAQgB6AEEAQwBrAEEAQwBnAEIASgBBAEcAWQBBAEkAQQBBAG8AQQBDADAAQQBiAGcAQgB2AEEASABRAEEASQBBAEEAawBBAEgATQBBAGMAQQBCAHMAQQBHAGsAQQBkAEEAQgBmAEEASABBAEEAWQBRAEIAeQBBAEgAUQBBAGMAdwBBAHUAQQBFAHcAQQBaAFEAQgB1AEEARwBjAEEAZABBAEIAbwBBAEMAQQBBAEwAUQBCAGwAQQBIAEUAQQBJAEEAQQB5AEEAQwBrAEEASQBBAEIANwBBAEMAQQBBAGQAQQBCAG8AQQBIAEkAQQBiAHcAQgAzAEEAQwBBAEEASQBnAEIAcABBAEcANABBAGQAZwBCAGgAQQBHAHcAQQBhAFEAQgBrAEEAQwBBAEEAYwBBAEIAaABBAEgAawBBAGIAQQBCAHYAQQBHAEUAQQBaAEEAQQBpAEEAQwBBAEEAZgBRAEEASwBBAEYATQBBAFoAUQBCADAAQQBDADAAQQBWAGcAQgBoAEEASABJAEEAYQBRAEIAaABBAEcASQBBAGIAQQBCAGwAQQBDAEEAQQBMAFEAQgBPAEEARwBFAEEAYgBRAEIAbABBAEMAQQBBAGEAZwBCAHoAQQBHADgAQQBiAGcAQgBmAEEASABJAEEAWQBRAEIAMwBBAEMAQQBBAEwAUQBCAFcAQQBHAEUAQQBiAEEAQgAxAEEARwBVAEEASQBBAEEAawBBAEgATQBBAGMAQQBCAHMAQQBHAGsAQQBkAEEAQgBmAEEASABBAEEAWQBRAEIAeQBBAEgAUQBBAGMAdwBCAGIAQQBEAEUAQQBYAFEAQQBLAEEAQwBRAEEAWgBRAEIANABBAEcAVQBBAFkAdwBCAGYAQQBIAGMAQQBjAGcAQgBoAEEASABBAEEAYwBBAEIAbABBAEgASQBBAEkAQQBBADkAQQBDAEEAQQBXAHcAQgBUAEEARwBNAEEAYwBnAEIAcABBAEgAQQBBAGQAQQBCAEMAQQBHAHcAQQBiAHcAQgBqAEEARwBzAEEAWABRAEEANgBBAEQAbwBBAFEAdwBCAHkAQQBHAFUAQQBZAFEAQgAwAEEARwBVAEEASwBBAEEAawBBAEgATQBBAGMAQQBCAHMAQQBHAGsAQQBkAEEAQgBmAEEASABBAEEAWQBRAEIAeQBBAEgAUQBBAGMAdwBCAGIAQQBEAEEAQQBYAFEAQQBwAEEAQQBvAEEASgBnAEEAawBBAEcAVQBBAGUAQQBCAGwAQQBHAE0AQQBYAHcAQgAzAEEASABJAEEAWQBRAEIAdwBBAEgAQQBBAFoAUQBCAHkAQQBBAD0APQA=\",\"Computer\":\"win-dc-jhernandez-17500-200.attackrange.local\",\"Correlation_ActivityID\":\"\",\"EventID\":\"4688\",\"EventRecordID\":\"304703\",\"Execution_ProcessID\":\"4\",\"Execution_ThreadID\":\"464\",\"Image\":\"C:\\\\Windows\\\\System32\\\\cmd.exe\",\"Keywords\":\"0\",\"Level\":\"0\",\"MandatoryLabel\":\"S-1-16-12288\",\"Match_Strings\":\"'C:\\\\\\\\Windows\\\\\\\\system32\\\\\\\\cmd.exe /C PowerShell -NoProfile -NonInteractive -ExecutionPolicy Unrestricted -EncodedCommand UABvAHcAZQByAFMAaABlAGwAbAAgAC0ATgBvAFAAcgBvAGYAaQBsAGUAIAAtAE4AbwBuAEkAbgB0AGUAcgBhAGMAdABpAHYAZQAgAC0ARQB4AGUAYwB1AHQAaQBvAG4AUABvAGwAaQBjAHkAIABVAG4AcgBlAHMAdAByAGkAYwB0AGUAZAAgAC0ARQBuAGMAbwBkAGUAZABDAG8AbQBtAGEAbgBkACAASgBnAEIAagBBAEcAZwBBAFkAdwBCAHcAQQBDADQAQQBZAHcAQgB2AEEARwAwAEEASQBBAEEAMgBBAEQAVQBBAE0AQQBBAHcAQQBEAEUAQQBJAEEAQQArAEEAQwBBAEEASgBBAEIAdQBBAEgAVQBBAGIAQQBCAHMAQQBBAG8AQQBKAEEAQgBsAEEASABnAEEAWgBRAEIAagBBAEYAOABBAGQAdwBCAHkAQQBHAEUAQQBjAEEAQgB3AEEARwBVAEEAYwBnAEIAZgBBAEgATQBBAGQAQQBCAHkAQQBDAEEAQQBQAFEAQQBnAEEAQwBRAEEAYQBRAEIAdQBBAEgAQQBBAGQAUQBCADAAQQBDAEEAQQBmAEEAQQBnAEEARQA4AEEAZABRAEIAMABBAEMAMABBAFUAdwBCADAAQQBIAEkAQQBhAFEAQgB1AEEARwBjAEEAQwBnAEEAawBBAEgATQBBAGMAQQBCAHMAQQBHAGsAQQBkAEEAQgBmAEEASABBAEEAWQBRAEIAeQBBAEgAUQBBAGMAdwBBAGcAQQBEADAAQQBJAEEAQQBrAEEARwBVAEEAZQBBAEIAbABBAEcATQBBAFgAdwBCADMAQQBIAEkAQQBZAFEAQgB3AEEASABBAEEAWgBRAEIAeQBBAEYAOABBAGMAdwBCADAAQQBIAEkAQQBMAGcAQgBUAEEASABBAEEAYgBBAEIAcABBAEgAUQBBAEsAQQBCAEEAQQBDAGcAQQBJAGcAQgBnAEEARABBAEEAWQBBAEEAdwBBAEcAQQBBAE0AQQBCAGcAQQBEAEEAQQBJAGcAQQBwAEEAQwB3AEEASQBBAEEAeQBBAEMAdwBBAEkAQQBCAGIAQQBGAE0AQQBkAEEAQgB5AEEARwBrAEEAYgBnAEIAbgBBAEYATQBBAGMAQQBCAHMAQQBHAGsAQQBkAEEAQgBQAEEASABBAEEAZABBAEIAcABBAEcAOABBAGIAZwBCAHoAQQBGADAAQQBPAGcAQQA2AEEARgBJAEEAWgBRAEIAdABBAEcAOABBAGQAZwBCAGwAQQBFAFUAQQBiAFEAQgB3AEEASABRAEEAZQBRAEIARgBBAEcANABBAGQAQQBCAHkAQQBHAGsAQQBaAFEAQgB6AEEAQwBrAEEAQwBnAEIASgBBAEcAWQBBAEkAQQBBAG8AQQBDADAAQQBiAGcAQgB2AEEASABRAEEASQBBAEEAawBBAEgATQBBAGMAQQBCAHMAQQBHAGsAQQBkAEEAQgBmAEEASABBAEEAWQBRAEIAeQBBAEgAUQBBAGMAdwBBAHUAQQBFAHcAQQBaAFEAQgB1AEEARwBjAEEAZABBAEIAbwBBAEMAQQBBAEwAUQBCAGwAQQBIAEUAQQBJAEEAQQB5AEEAQwBrAEEASQBBAEIANwBBAEMAQQBBAGQAQQBCAG8AQQBIAEkAQQBiAHcAQgAzAEEAQwBBAEEASQBnAEIAcABBAEcANABBAGQAZwBCAGgAQQBHAHcAQQBhAFEAQgBrAEEAQwBBAEEAYwBBAEIAaABBAEgAawBBAGIAQQBCAHYAQQBHAEUAQQBaAEEAQQBpAEEAQwBBAEEAZgBRAEEASwBBAEYATQBBAFoAUQBCADAAQQBDADAAQQBWAGcAQgBoAEEASABJAEEAYQBRAEIAaABBAEcASQBBAGIAQQBCAGwAQQBDAEEAQQBMAFEAQgBPAEEARwBFAEEAYgBRAEIAbABBAEMAQQBBAGEAZwBCAHoAQQBHADgAQQBiAGcAQgBmAEEASABJAEEAWQBRAEIAMwBBAEMAQQBBAEwAUQBCAFcAQQBHAEUAQQBiAEEAQgAxAEEARwBVAEEASQBBAEEAawBBAEgATQBBAGMAQQBCAHMAQQBHAGsAQQBkAEEAQgBmAEEASABBAEEAWQBRAEIAeQBBAEgAUQBBAGMAdwBCAGIAQQBEAEUAQQBYAFEAQQBLAEEAQwBRAEEAWgBRAEIANABBAEcAVQBBAFkAdwBCAGYAQQBIAGMAQQBjAGcAQgBoAEEASABBAEEAYwBBAEIAbABBAEgASQBBAEkAQQBBADkAQQBDAEEAQQBXAHcAQgBUAEEARwBNAEEAYwBnAEIAcABBAEgAQQBBAGQAQQBCAEMAQQBHAHcAQQBiAHcAQgBqAEEARwBzAEEAWABRAEEANgBBAEQAbwBBAFEAdwBCAHkAQQBHAFUAQQBZAFEAQgAwAEEARwBVAEEASwBBAEEAawBBAEgATQBBAGMAQQBCAHMAQQBHAGsAQQBkAEEAQgBmAEEASABBAEEAWQBRAEIAeQBBAEgAUQBBAGMAdwBCAGIAQQBEAEEAQQBYAFEAQQBwAEEAQQBvAEEASgBnAEEAawBBAEcAVQBBAGUAQQBCAGwAQQBHAE0AQQBYAHcAQgAzAEEASABJAEEAWQBRAEIAdwBBAEgAQQBBAFoAUQBCAHkAQQBBAD0APQA=' in CommandLine, PowerShell in CommandLine\",\"Module\":\"Sigma\",\"NewProcessId\":\"3972\",\"Opcode\":\"0\",\"ParentImage\":\"C:\\\\Windows\\\\System32\\\\winrshost.exe\",\"ProcessId\":\"4712\",\"Provider_Guid\":\"{54849625-5478-4994-A5BA-3E3B0328C30D}\",\"Provider_Name\":\"Microsoft-Windows-Security-Auditing\",\"Rule_Author\":\"oscd.community, Natalia Shornikova\",\"Rule_Description\":\"Detects Too long PowerShell command lines\",\"Rule_FalsePositives\":\"Unknown\",\"Rule_Id\":\"d0d28567-4b9a-45e2-8bbc-fb1b66a1f7f6\",\"Rule_Level\":\"medium\",\"Rule_Link\":\"https://github.com/SigmaHQ/sigma/blob/0.20-3312-gfbf1b845/rules/windows/process_creation/proc_creation_win_long_powershell_commandline.yml\",\"Rule_Modified\":\"2021/12/02\",\"Rule_Path\":\"public\\\\windows\\\\process_creation\\\\proc_creation_win_long_powershell_commandline.yml\",\"Rule_References\":\"https://speakerdeck.com/heirhabarov/hunting-for-powershell-abuse\",\"Rule_Sigtype\":\"public\",\"Rule_Title\":\"Too Long PowerShell Commandlines\",\"Security_UserID\":\"\",\"Source\":\"Security\",\"SubjectDomainName\":\"ATTACKRANGE\",\"SubjectLogonId\":\"0xede69\",\"SubjectUserName\":\"Administrator\",\"SubjectUserSid\":\"S-1-5-21-3651310434-676309764-3668584008-500\",\"TargetDomainName\":\"-\",\"TargetLogonId\":\"0x0\",\"TargetUserName\":\"-\",\"TargetUserSid\":\"S-1-0-0\",\"Task\":\"13312\",\"TimeCreated_SystemTime\":\"2022-03-18T16:09:52.7358588Z\",\"TokenElevationType\":\"%%1936\",\"Version\":\"2\",\"level\":\"notice\",\"msg\":\"Sigma match found\",\"time\":\"2022-03-18T16:09:55Z\"}","_time":"2022-03-18T16:09:55.000+0000","eventtype":"nix-all-logs","host":"WIN-DC-JHERNAND","index":"win","linecount":"1","punct":"{\"\":\":\\\\\\\\\\\\._/__-_-_-__-_=\",\"\":\"----..\",\"\":\"\",\"\":","source":"C:\\aurora-agent-lite-win-pack\\aurora_alerts.json.log","sourcetype":"aurora-edr","splunk_server":"splunk-server-jhernandez-17500-9244","timestamp":"none"}}
{"preview":false,"result":{"_raw":"{\"CommandLine\":\"C:\\\\Windows\\\\system32\\\\cmd.exe /C PowerShell -NoProfile -NonInteractive -ExecutionPolicy Unrestricted -EncodedCommand UABvAHcAZQByAFMAaABlAGwAbAAgAC0ATgBvAFAAcgBvAGYAaQBsAGUAIAAtAE4AbwBuAEkAbgB0AGUAcgBhAGMAdABpAHYAZQAgAC0ARQB4AGUAYwB1AHQAaQBvAG4AUABvAGwAaQBjAHkAIABVAG4AcgBlAHMAdAByAGkAYwB0AGUAZAAgAC0ARQBuAGMAbwBkAGUAZABDAG8AbQBtAGEAbgBkACAASgBnAEIAagBBAEcAZwBBAFkAdwBCAHcAQQBDADQAQQBZAHcAQgB2AEEARwAwAEEASQBBAEEAMgBBAEQAVQBBAE0AQQBBAHcAQQBEAEUAQQBJAEEAQQArAEEAQwBBAEEASgBBAEIAdQBBAEgAVQBBAGIAQQBCAHMAQQBBAG8AQQBKAEEAQgBsAEEASABnAEEAWgBRAEIAagBBAEYAOABBAGQAdwBCAHkAQQBHAEUAQQBjAEEAQgB3AEEARwBVAEEAYwBnAEIAZgBBAEgATQBBAGQAQQBCAHkAQQBDAEEAQQBQAFEAQQBnAEEAQwBRAEEAYQBRAEIAdQBBAEgAQQBBAGQAUQBCADAAQQBDAEEAQQBmAEEAQQBnAEEARQA4AEEAZABRAEIAMABBAEMAMABBAFUAdwBCADAAQQBIAEkAQQBhAFEAQgB1AEEARwBjAEEAQwBnAEEAawBBAEgATQBBAGMAQQBCAHMAQQBHAGsAQQBkAEEAQgBmAEEASABBAEEAWQBRAEIAeQBBAEgAUQBBAGMAdwBBAGcAQQBEADAAQQBJAEEAQQBrAEEARwBVAEEAZQBBAEIAbABBAEcATQBBAFgAdwBCADMAQQBIAEkAQQBZAFEAQgB3AEEASABBAEEAWgBRAEIAeQBBAEYAOABBAGMAdwBCADAAQQBIAEkAQQBMAGcAQgBUAEEASABBAEEAYgBBAEIAcABBAEgAUQBBAEsAQQBCAEEAQQBDAGcAQQBJAGcAQgBnAEEARABBAEEAWQBBAEEAdwBBAEcAQQBBAE0AQQBCAGcAQQBEAEEAQQBJAGcAQQBwAEEAQwB3AEEASQBBAEEAeQBBAEMAdwBBAEkAQQBCAGIAQQBGAE0AQQBkAEEAQgB5AEEARwBrAEEAYgBnAEIAbgBBAEYATQBBAGMAQQBCAHMAQQBHAGsAQQBkAEEAQgBQAEEASABBAEEAZABBAEIAcABBAEcAOABBAGIAZwBCAHoAQQBGADAAQQBPAGcAQQA2AEEARgBJAEEAWgBRAEIAdABBAEcAOABBAGQAZwBCAGwAQQBFAFUAQQBiAFEAQgB3AEEASABRAEEAZQBRAEIARgBBAEcANABBAGQAQQBCAHkAQQBHAGsAQQBaAFEAQgB6AEEAQwBrAEEAQwBnAEIASgBBAEcAWQBBAEkAQQBBAG8AQQBDADAAQQBiAGcAQgB2AEEASABRAEEASQBBAEEAawBBAEgATQBBAGMAQQBCAHMAQQBHAGsAQQBkAEEAQgBmAEEASABBAEEAWQBRAEIAeQBBAEgAUQBBAGMAdwBBAHUAQQBFAHcAQQBaAFEAQgB1AEEARwBjAEEAZABBAEIAbwBBAEMAQQBBAEwAUQBCAGwAQQBIAEUAQQBJAEEAQQB5AEEAQwBrAEEASQBBAEIANwBBAEMAQQBBAGQAQQBCAG8AQQBIAEkAQQBiAHcAQgAzAEEAQwBBAEEASQBnAEIAcABBAEcANABBAGQAZwBCAGgAQQBHAHcAQQBhAFEAQgBrAEEAQwBBAEEAYwBBAEIAaABBAEgAawBBAGIAQQBCAHYAQQBHAEUAQQBaAEEAQQBpAEEAQwBBAEEAZgBRAEEASwBBAEYATQBBAFoAUQBCADAAQQBDADAAQQBWAGcAQgBoAEEASABJAEEAYQBRAEIAaABBAEcASQBBAGIAQQBCAGwAQQBDAEEAQQBMAFEAQgBPAEEARwBFAEEAYgBRAEIAbABBAEMAQQBBAGEAZwBCAHoAQQBHADgAQQBiAGcAQgBmAEEASABJAEEAWQBRAEIAMwBBAEMAQQBBAEwAUQBCAFcAQQBHAEUAQQBiAEEAQgAxAEEARwBVAEEASQBBAEEAawBBAEgATQBBAGMAQQBCAHMAQQBHAGsAQQBkAEEAQgBmAEEASABBAEEAWQBRAEIAeQBBAEgAUQBBAGMAdwBCAGIAQQBEAEUAQQBYAFEAQQBLAEEAQwBRAEEAWgBRAEIANABBAEcAVQBBAFkAdwBCAGYAQQBIAGMAQQBjAGcAQgBoAEEASABBAEEAYwBBAEIAbABBAEgASQBBAEkAQQBBADkAQQBDAEEAQQBXAHcAQgBUAEEARwBNAEEAYwBnAEIAcABBAEgAQQBBAGQAQQBCAEMAQQBHAHcAQQBiAHcAQgBqAEEARwBzAEEAWABRAEEANgBBAEQAbwBBAFEAdwBCAHkAQQBHAFUAQQBZAFEAQgAwAEEARwBVAEEASwBBAEEAawBBAEgATQBBAGMAQQBCAHMAQQBHAGsAQQBkAEEAQgBmAEEASABBAEEAWQBRAEIAeQBBAEgAUQBBAGMAdwBCAGIAQQBEAEEAQQBYAFEAQQBwAEEAQQBvAEEASgBnAEEAawBBAEcAVQBBAGUAQQBCAGwAQQBHAE0AQQBYAHcAQgAzAEEASABJAEEAWQBRAEIAdwBBAEgAQQBBAFoAUQBCAHkAQQBBAD0APQA=\",\"Computer\":\"win-dc-jhernandez-17500-200.attackrange.local\",\"Correlation_ActivityID\":\"\",\"EventID\":\"4688\",\"EventRecordID\":\"304703\",\"Execution_ProcessID\":\"4\",\"Execution_ThreadID\":\"464\",\"Image\":\"C:\\\\Windows\\\\System32\\\\cmd.exe\",\"Keywords\":\"0\",\"Level\":\"0\",\"MandatoryLabel\":\"S-1-16-12288\",\"Match_Strings\":\"' -ExecutionPolicy ' in CommandLine, Unrestricted in CommandLine\",\"Module\":\"Sigma\",\"NewProcessId\":\"3972\",\"Opcode\":\"0\",\"ParentImage\":\"C:\\\\Windows\\\\System32\\\\winrshost.exe\",\"ProcessId\":\"4712\",\"Provider_Guid\":\"{54849625-5478-4994-A5BA-3E3B0328C30D}\",\"Provider_Name\":\"Microsoft-Windows-Security-Auditing\",\"Rule_Author\":\"frack113\",\"Rule_Description\":\"Detects use of executionpolicy option to set a unsecure policies\",\"Rule_FalsePositives\":\"Administrator script\",\"Rule_Id\":\"87e3c4e8-a6a8-4ad9-bb4f-46e7ff99a180\",\"Rule_Level\":\"medium\",\"Rule_Link\":\"https://github.com/SigmaHQ/sigma/blob/0.20-3312-gfbf1b845/rules/windows/process_creation/proc_creation_win_set_policies_to_unsecure_level.yml\",\"Rule_Modified\":\"2022/02/23\",\"Rule_Path\":\"public\\\\windows\\\\process_creation\\\\proc_creation_win_set_policies_to_unsecure_level.yml\",\"Rule_References\":\"https://docs.microsoft.com/en-us/powershell/module/microsoft.powershell.security/set-executionpolicy?view=powershell-7.1, https://docs.microsoft.com/en-us/powershell/module/microsoft.powershell.core/about/about_execution_policies?view=powershell-7.1, https://adsecurity.org/?p=2604, https://thedfirreport.com/2021/11/01/from-zero-to-domain-admin/\",\"Rule_Sigtype\":\"public\",\"Rule_Title\":\"Change PowerShell Policies to an Unsecure Level\",\"Security_UserID\":\"\",\"Source\":\"Security\",\"SubjectDomainName\":\"ATTACKRANGE\",\"SubjectLogonId\":\"0xede69\",\"SubjectUserName\":\"Administrator\",\"SubjectUserSid\":\"S-1-5-21-3651310434-676309764-3668584008-500\",\"TargetDomainName\":\"-\",\"TargetLogonId\":\"0x0\",\"TargetUserName\":\"-\",\"TargetUserSid\":\"S-1-0-0\",\"Task\":\"13312\",\"TimeCreated_SystemTime\":\"2022-03-18T16:09:52.7358588Z\",\"TokenElevationType\":\"%%1936\",\"Version\":\"2\",\"level\":\"notice\",\"msg\":\"Sigma match found\",\"time\":\"2022-03-18T16:09:55Z\"}","_time":"2022-03-18T16:09:55.000+0000","eventtype":"nix-all-logs","host":"WIN-DC-JHERNAND","index":"win","linecount":"1","punct":"{\"\":\":\\\\\\\\\\\\._/__-_-_-__-_=\",\"\":\"----..\",\"\":\"\",\"\":","source":"C:\\aurora-agent-lite-win-pack\\aurora_alerts.json.log","sourcetype":"aurora-edr","splunk_server":"splunk-server-jhernandez-17500-9244","timestamp":"none"}}
{"preview":false,"result":{"_raw":"{\"CommandLine\":\"\\\"C:\\\\Windows\\\\System32\\\\WindowsPowerShell\\\\v1.0\\\\powershell.exe\\\" -NoProfile -NonInteractive -ExecutionPolicy Unrestricted -EncodedCommand UwBlAHQALQBTAHQAcgBpAGMAdABNAG8AZABlACAALQBWAGUAcgBzAGkAbwBuACAATABhAHQAZQBzAHQACgAkAHQAbQBwAF8AcABhAHQAaAAgAD0AIABbAFMAeQBzAHQAZQBtAC4ARQBuAHYAaQByAG8AbgBtAGUAbgB0AF0AOgA6AEUAeABwAGEAbgBkAEUAbgB2AGkAcgBvAG4AbQBlAG4AdABWAGEAcgBpAGEAYgBsAGUAcwAoACcAJQBUAEUATQBQACUAJwApAAoAJAB0AG0AcAAgAD0AIABOAGUAdwAtAEkAdABlAG0AIAAtAFQAeQBwAGUAIABEAGkAcgBlAGMAdABvAHIAeQAgAC0AUABhAHQAaAAgACQAdABtAHAAXwBwAGEAdABoACAALQBOAGEAbQBlACAAJwBhAG4AcwBpAGIAbABlAC0AdABtAHAALQAxADYANAA3ADYAMQA5ADcAOQAxAC4AOAAwADEANAA1AC0AMQA4ADgAMwA1ADkAMwAtADIAMwAzADYAMwA0ADQAMwA3ADEANwA4ADIAMQAxACcACgBXAHIAaQB0AGUALQBPAHUAdABwAHUAdAAgAC0ASQBuAHAAdQB0AE8AYgBqAGUAYwB0ACAAJAB0AG0AcAAuAEYAdQBsAGwATgBhAG0AZQAKAEkAZgAgACgALQBuAG8AdAAgACQAPwApACAAewAgAEkAZgAgACgARwBlAHQALQBWAGEAcgBpAGEAYgBsAGUAIABMAEEAUwBUAEUAWABJAFQAQwBPAEQARQAgAC0ARQByAHIAbwByAEEAYwB0AGkAbwBuACAAUwBpAGwAZQBuAHQAbAB5AEMAbwBuAHQAaQBuAHUAZQApACAAewAgAGUAeABpAHQAIAAkAEwAQQBTAFQARQBYAEkAVABDAE8ARABFACAAfQAgAEUAbABzAGUAIAB7ACAAZQB4AGkAdAAgADEAIAB9ACAAfQA=\",\"Computer\":\"win-dc-jhernandez-17500-200.attackrange.local\",\"Correlation_ActivityID\":\"\",\"EventID\":\"4688\",\"EventRecordID\":\"304690\",\"Execution_ProcessID\":\"4\",\"Execution_ThreadID\":\"136\",\"Image\":\"C:\\\\Windows\\\\System32\\\\WindowsPowerShell\\\\v1.0\\\\powershell.exe\",\"Keywords\":\"0\",\"Level\":\"0\",\"MandatoryLabel\":\"S-1-16-12288\",\"Match_Strings\":\"'\\\"C:\\\\\\\\Windows\\\\\\\\System32\\\\\\\\WindowsPowerShell\\\\\\\\v1.0\\\\\\\\powershell.exe\\\" -NoProfile -NonInteractive -ExecutionPolicy Unrestricted -EncodedCommand UwBlAHQALQBTAHQAcgBpAGMAdABNAG8AZABlACAALQBWAGUAcgBzAGkAbwBuACAATABhAHQAZQBzAHQACgAkAHQAbQBwAF8AcABhAHQAaAAgAD0AIABbAFMAeQBzAHQAZQBtAC4ARQBuAHYAaQByAG8AbgBtAGUAbgB0AF0AOgA6AEUAeABwAGEAbgBkAEUAbgB2AGkAcgBvAG4AbQBlAG4AdABWAGEAcgBpAGEAYgBsAGUAcwAoACcAJQBUAEUATQBQACUAJwApAAoAJAB0AG0AcAAgAD0AIABOAGUAdwAtAEkAdABlAG0AIAAtAFQAeQBwAGUAIABEAGkAcgBlAGMAdABvAHIAeQAgAC0AUABhAHQAaAAgACQAdABtAHAAXwBwAGEAdABoACAALQBOAGEAbQBlACAAJwBhAG4AcwBpAGIAbABlAC0AdABtAHAALQAxADYANAA3ADYAMQA5ADcAOQAxAC4AOAAwADEANAA1AC0AMQA4ADgAMwA1ADkAMwAtADIAMwAzADYAMwA0ADQAMwA3ADEANwA4ADIAMQAxACcACgBXAHIAaQB0AGUALQBPAHUAdABwAHUAdAAgAC0ASQBuAHAAdQB0AE8AYgBqAGUAYwB0ACAAJAB0AG0AcAAuAEYAdQBsAGwATgBhAG0AZQAKAEkAZgAgACgALQBuAG8AdAAgACQAPwApACAAewAgAEkAZgAgACgARwBlAHQALQBWAGEAcgBpAGEAYgBsAGUAIABMAEEAUwBUAEUAWABJAFQAQwBPAEQARQAgAC0ARQByAHIAbwByAEEAYwB0AGkAbwBuACAAUwBpAGwAZQBuAHQAbAB5AEMAbwBuAHQAaQBuAHUAZQApACAAewAgAGUAeABpAHQAIAAkAEwAQQBTAFQARQBYAEkAVABDAE8ARABFACAAfQAgAEUAbABzAGUAIAB7ACAAZQB4AGkAdAAgADEAIAB9ACAAfQA=' in CommandLine, PowerShell in CommandLine, powershell in CommandLine\",\"Module\":\"Sigma\",\"NewProcessId\":\"3328\",\"Opcode\":\"0\",\"ParentImage\":\"C:\\\\Windows\\\\System32\\\\WindowsPowerShell\\\\v1.0\\\\powershell.exe\",\"ProcessId\":\"4084\",\"Provider_Guid\":\"{54849625-5478-4994-A5BA-3E3B0328C30D}\",\"Provider_Name\":\"Microsoft-Windows-Security-Auditing\",\"Rule_Author\":\"oscd.community, Natalia Shornikova\",\"Rule_Description\":\"Detects Too long PowerShell command lines\",\"Rule_FalsePositives\":\"Unknown\",\"Rule_Id\":\"d0d28567-4b9a-45e2-8bbc-fb1b66a1f7f6\",\"Rule_Level\":\"medium\",\"Rule_Link\":\"https://github.com/SigmaHQ/sigma/blob/0.20-3312-gfbf1b845/rules/windows/process_creation/proc_creation_win_long_powershell_commandline.yml\",\"Rule_Modified\":\"2021/12/02\",\"Rule_Path\":\"public\\\\windows\\\\process_creation\\\\proc_creation_win_long_powershell_commandline.yml\",\"Rule_References\":\"https://speakerdeck.com/heirhabarov/hunting-for-powershell-abuse\",\"Rule_Sigtype\":\"public\",\"Rule_Title\":\"Too Long PowerShell Commandlines\",\"Security_UserID\":\"\",\"Source\":\"Security\",\"SubjectDomainName\":\"ATTACKRANGE\",\"SubjectLogonId\":\"0xede69\",\"SubjectUserName\":\"Administrator\",\"SubjectUserSid\":\"S-1-5-21-3651310434-676309764-3668584008-500\",\"TargetDomainName\":\"-\",\"TargetLogonId\":\"0x0\",\"TargetUserName\":\"-\",\"TargetUserSid\":\"S-1-0-0\",\"Task\":\"13312\",\"TimeCreated_SystemTime\":\"2022-03-18T16:09:52.1309967Z\",\"TokenElevationType\":\"%%1936\",\"Version\":\"2\",\"level\":\"notice\",\"msg\":\"Sigma match found\",\"time\":\"2022-03-18T16:09:55Z\"}","_time":"2022-03-18T16:09:55.000+0000","eventtype":"nix-all-logs","host":"WIN-DC-JHERNAND","index":"win","linecount":"1","punct":"{\"\":\"\\\":\\\\\\\\\\\\\\\\.\\\\.\\\"_-_-_-__-_=\",\"\":\"----..\",\"\":","source":"C:\\aurora-agent-lite-win-pack\\aurora_alerts.json.log","sourcetype":"aurora-edr","splunk_server":"splunk-server-jhernandez-17500-9244","timestamp":"none"}}
{"preview":false,"result":{"_raw":"{\"CommandLine\":\"\\\"C:\\\\Windows\\\\System32\\\\WindowsPowerShell\\\\v1.0\\\\powershell.exe\\\" -NoProfile -NonInteractive -ExecutionPolicy Unrestricted -EncodedCommand UwBlAHQALQBTAHQAcgBpAGMAdABNAG8AZABlACAALQBWAGUAcgBzAGkAbwBuACAATABhAHQAZQBzAHQACgAkAHQAbQBwAF8AcABhAHQAaAAgAD0AIABbAFMAeQBzAHQAZQBtAC4ARQBuAHYAaQByAG8AbgBtAGUAbgB0AF0AOgA6AEUAeABwAGEAbgBkAEUAbgB2AGkAcgBvAG4AbQBlAG4AdABWAGEAcgBpAGEAYgBsAGUAcwAoACcAJQBUAEUATQBQACUAJwApAAoAJAB0AG0AcAAgAD0AIABOAGUAdwAtAEkAdABlAG0AIAAtAFQAeQBwAGUAIABEAGkAcgBlAGMAdABvAHIAeQAgAC0AUABhAHQAaAAgACQAdABtAHAAXwBwAGEAdABoACAALQBOAGEAbQBlACAAJwBhAG4AcwBpAGIAbABlAC0AdABtAHAALQAxADYANAA3ADYAMQA5ADcAOQAxAC4AOAAwADEANAA1AC0AMQA4ADgAMwA1ADkAMwAtADIAMwAzADYAMwA0ADQAMwA3ADEANwA4ADIAMQAxACcACgBXAHIAaQB0AGUALQBPAHUAdABwAHUAdAAgAC0ASQBuAHAAdQB0AE8AYgBqAGUAYwB0ACAAJAB0AG0AcAAuAEYAdQBsAGwATgBhAG0AZQAKAEkAZgAgACgALQBuAG8AdAAgACQAPwApACAAewAgAEkAZgAgACgARwBlAHQALQBWAGEAcgBpAGEAYgBsAGUAIABMAEEAUwBUAEUAWABJAFQAQwBPAEQARQAgAC0ARQByAHIAbwByAEEAYwB0AGkAbwBuACAAUwBpAGwAZQBuAHQAbAB5AEMAbwBuAHQAaQBuAHUAZQApACAAewAgAGUAeABpAHQAIAAkAEwAQQBTAFQARQBYAEkAVABDAE8ARABFACAAfQAgAEUAbABzAGUAIAB7ACAAZQB4AGkAdAAgADEAIAB9ACAAfQA=\",\"Computer\":\"win-dc-jhernandez-17500-200.attackrange.local\",\"Correlation_ActivityID\":\"\",\"EventID\":\"4688\",\"EventRecordID\":\"304690\",\"Execution_ProcessID\":\"4\",\"Execution_ThreadID\":\"136\",\"Image\":\"C:\\\\Windows\\\\System32\\\\WindowsPowerShell\\\\v1.0\\\\powershell.exe\",\"Keywords\":\"0\",\"Level\":\"0\",\"MandatoryLabel\":\"S-1-16-12288\",\"Match_Strings\":\"' -ExecutionPolicy ' in CommandLine, Unrestricted in CommandLine\",\"Module\":\"Sigma\",\"NewProcessId\":\"3328\",\"Opcode\":\"0\",\"ParentImage\":\"C:\\\\Windows\\\\System32\\\\WindowsPowerShell\\\\v1.0\\\\powershell.exe\",\"ProcessId\":\"4084\",\"Provider_Guid\":\"{54849625-5478-4994-A5BA-3E3B0328C30D}\",\"Provider_Name\":\"Microsoft-Windows-Security-Auditing\",\"Rule_Author\":\"frack113\",\"Rule_Description\":\"Detects use of executionpolicy option to set a unsecure policies\",\"Rule_FalsePositives\":\"Administrator script\",\"Rule_Id\":\"87e3c4e8-a6a8-4ad9-bb4f-46e7ff99a180\",\"Rule_Level\":\"medium\",\"Rule_Link\":\"https://github.com/SigmaHQ/sigma/blob/0.20-3312-gfbf1b845/rules/windows/process_creation/proc_creation_win_set_policies_to_unsecure_level.yml\",\"Rule_Modified\":\"2022/02/23\",\"Rule_Path\":\"public\\\\windows\\\\process_creation\\\\proc_creation_win_set_policies_to_unsecure_level.yml\",\"Rule_References\":\"https://docs.microsoft.com/en-us/powershell/module/microsoft.powershell.security/set-executionpolicy?view=powershell-7.1, https://docs.microsoft.com/en-us/powershell/module/microsoft.powershell.core/about/about_execution_policies?view=powershell-7.1, https://adsecurity.org/?p=2604, https://thedfirreport.com/2021/11/01/from-zero-to-domain-admin/\",\"Rule_Sigtype\":\"public\",\"Rule_Title\":\"Change PowerShell Policies to an Unsecure Level\",\"Security_UserID\":\"\",\"Source\":\"Security\",\"SubjectDomainName\":\"ATTACKRANGE\",\"SubjectLogonId\":\"0xede69\",\"SubjectUserName\":\"Administrator\",\"SubjectUserSid\":\"S-1-5-21-3651310434-676309764-3668584008-500\",\"TargetDomainName\":\"-\",\"TargetLogonId\":\"0x0\",\"TargetUserName\":\"-\",\"TargetUserSid\":\"S-1-0-0\",\"Task\":\"13312\",\"TimeCreated_SystemTime\":\"2022-03-18T16:09:52.1309967Z\",\"TokenElevationType\":\"%%1936\",\"Version\":\"2\",\"level\":\"notice\",\"msg\":\"Sigma match found\",\"time\":\"2022-03-18T16:09:55Z\"}","_time":"2022-03-18T16:09:55.000+0000","eventtype":"nix-all-logs","host":"WIN-DC-JHERNAND","index":"win","linecount":"1","punct":"{\"\":\"\\\":\\\\\\\\\\\\\\\\.\\\\.\\\"_-_-_-__-_=\",\"\":\"----..\",\"\":","source":"C:\\aurora-agent-lite-win-pack\\aurora_alerts.json.log","sourcetype":"aurora-edr","splunk_server":"splunk-server-jhernandez-17500-9244","timestamp":"none"}}
{"preview":false,"result":{"_raw":"{\"CommandLine\":\"\\\"C:\\\\Windows\\\\System32\\\\WindowsPowerShell\\\\v1.0\\\\powershell.exe\\\" -NoProfile -NonInteractive -ExecutionPolicy Unrestricted -EncodedCommand UwBlAHQALQBTAHQAcgBpAGMAdABNAG8AZABlACAALQBWAGUAcgBzAGkAbwBuACAATABhAHQAZQBzAHQACgAkAHQAbQBwAF8AcABhAHQAaAAgAD0AIABbAFMAeQBzAHQAZQBtAC4ARQBuAHYAaQByAG8AbgBtAGUAbgB0AF0AOgA6AEUAeABwAGEAbgBkAEUAbgB2AGkAcgBvAG4AbQBlAG4AdABWAGEAcgBpAGEAYgBsAGUAcwAoACcAJQBUAEUATQBQACUAJwApAAoAJAB0AG0AcAAgAD0AIABOAGUAdwAtAEkAdABlAG0AIAAtAFQAeQBwAGUAIABEAGkAcgBlAGMAdABvAHIAeQAgAC0AUABhAHQAaAAgACQAdABtAHAAXwBwAGEAdABoACAALQBOAGEAbQBlACAAJwBhAG4AcwBpAGIAbABlAC0AdABtAHAALQAxADYANAA3ADYAMQA5ADcAOQAxAC4AOAAwADEANAA1AC0AMQA4ADgAMwA1ADkAMwAtADIAMwAzADYAMwA0ADQAMwA3ADEANwA4ADIAMQAxACcACgBXAHIAaQB0AGUALQBPAHUAdABwAHUAdAAgAC0ASQBuAHAAdQB0AE8AYgBqAGUAYwB0ACAAJAB0AG0AcAAuAEYAdQBsAGwATgBhAG0AZQAKAEkAZgAgACgALQBuAG8AdAAgACQAPwApACAAewAgAEkAZgAgACgARwBlAHQALQBWAGEAcgBpAGEAYgBsAGUAIABMAEEAUwBUAEUAWABJAFQAQwBPAEQARQAgAC0ARQByAHIAbwByAEEAYwB0AGkAbwBuACAAUwBpAGwAZQBuAHQAbAB5AEMAbwBuAHQAaQBuAHUAZQApACAAewAgAGUAeABpAHQAIAAkAEwAQQBTAFQARQBYAEkAVABDAE8ARABFACAAfQAgAEUAbABzAGUAIAB7ACAAZQB4AGkAdAAgADEAIAB9ACAAfQA=\",\"Computer\":\"win-dc-jhernandez-17500-200.attackrange.local\",\"Correlation_ActivityID\":\"\",\"EventID\":\"4688\",\"EventRecordID\":\"304690\",\"Execution_ProcessID\":\"4\",\"Execution_ThreadID\":\"136\",\"Image\":\"C:\\\\Windows\\\\System32\\\\WindowsPowerShell\\\\v1.0\\\\powershell.exe\",\"Keywords\":\"0\",\"Level\":\"0\",\"MandatoryLabel\":\"S-1-16-12288\",\"Match_Strings\":\"' -E' in CommandLine, ' -E' in CommandLine, ' UwB' in CommandLine\",\"Module\":\"Sigma\",\"NewProcessId\":\"3328\",\"Opcode\":\"0\",\"ParentImage\":\"C:\\\\Windows\\\\System32\\\\WindowsPowerShell\\\\v1.0\\\\powershell.exe\",\"ProcessId\":\"4084\",\"Provider_Guid\":\"{54849625-5478-4994-A5BA-3E3B0328C30D}\",\"Provider_Name\":\"Microsoft-Windows-Security-Auditing\",\"Rule_Author\":\"Florian Roth, Markus Neis, Jonhnathan Ribeiro, Daniil Yugoslavskiy, Anton Kutepov, oscd.community\",\"Rule_Description\":\"Detects suspicious powershell process starts with base64 encoded commands (e.g. Emotet)\",\"Rule_FalsePositives\":\"\",\"Rule_Id\":\"ca2092a1-c273-4878-9b4b-0d60115bf5ea\",\"Rule_Level\":\"high\",\"Rule_Link\":\"https://github.com/SigmaHQ/sigma/blob/0.20-3312-gfbf1b845/rules/windows/process_creation/proc_creation_win_susp_powershell_enc_cmd.yml\",\"Rule_Modified\":\"2021/03/02\",\"Rule_Path\":\"public\\\\windows\\\\process_creation\\\\proc_creation_win_susp_powershell_enc_cmd.yml\",\"Rule_References\":\"https://app.any.run/tasks/6217d77d-3189-4db2-a957-8ab239f3e01e\",\"Rule_Sigtype\":\"public\",\"Rule_Title\":\"Suspicious Encoded PowerShell Command Line\",\"Security_UserID\":\"\",\"Source\":\"Security\",\"SubjectDomainName\":\"ATTACKRANGE\",\"SubjectLogonId\":\"0xede69\",\"SubjectUserName\":\"Administrator\",\"SubjectUserSid\":\"S-1-5-21-3651310434-676309764-3668584008-500\",\"TargetDomainName\":\"-\",\"TargetLogonId\":\"0x0\",\"TargetUserName\":\"-\",\"TargetUserSid\":\"S-1-0-0\",\"Task\":\"13312\",\"TimeCreated_SystemTime\":\"2022-03-18T16:09:52.1309967Z\",\"TokenElevationType\":\"%%1936\",\"Version\":\"2\",\"level\":\"warning\",\"msg\":\"Sigma match found\",\"time\":\"2022-03-18T16:09:55Z\"}","_time":"2022-03-18T16:09:55.000+0000","eventtype":"nix-all-logs","host":"WIN-DC-JHERNAND","index":"win","linecount":"1","punct":"{\"\":\"\\\":\\\\\\\\\\\\\\\\.\\\\.\\\"_-_-_-__-_=\",\"\":\"----..\",\"\":","source":"C:\\aurora-agent-lite-win-pack\\aurora_alerts.json.log","sourcetype":"aurora-edr","splunk_server":"splunk-server-jhernandez-17500-9244","timestamp":"none"}}
{"preview":false,"result":{"_raw":"{\"CommandLine\":\"\\\"C:\\\\Windows\\\\System32\\\\WindowsPowerShell\\\\v1.0\\\\powershell.exe\\\" -NoProfile -NonInteractive -ExecutionPolicy Unrestricted -EncodedCommand UwBlAHQALQBTAHQAcgBpAGMAdABNAG8AZABlACAALQBWAGUAcgBzAGkAbwBuACAATABhAHQAZQBzAHQACgAkAHQAbQBwAF8AcABhAHQAaAAgAD0AIABbAFMAeQBzAHQAZQBtAC4ARQBuAHYAaQByAG8AbgBtAGUAbgB0AF0AOgA6AEUAeABwAGEAbgBkAEUAbgB2AGkAcgBvAG4AbQBlAG4AdABWAGEAcgBpAGEAYgBsAGUAcwAoACcAJQBUAEUATQBQACUAJwApAAoAJAB0AG0AcAAgAD0AIABOAGUAdwAtAEkAdABlAG0AIAAtAFQAeQBwAGUAIABEAGkAcgBlAGMAdABvAHIAeQAgAC0AUABhAHQAaAAgACQAdABtAHAAXwBwAGEAdABoACAALQBOAGEAbQBlACAAJwBhAG4AcwBpAGIAbABlAC0AdABtAHAALQAxADYANAA3ADYAMQA5ADcAOQAxAC4AOAAwADEANAA1AC0AMQA4ADgAMwA1ADkAMwAtADIAMwAzADYAMwA0ADQAMwA3ADEANwA4ADIAMQAxACcACgBXAHIAaQB0AGUALQBPAHUAdABwAHUAdAAgAC0ASQBuAHAAdQB0AE8AYgBqAGUAYwB0ACAAJAB0AG0AcAAuAEYAdQBsAGwATgBhAG0AZQAKAEkAZgAgACgALQBuAG8AdAAgACQAPwApACAAewAgAEkAZgAgACgARwBlAHQALQBWAGEAcgBpAGEAYgBsAGUAIABMAEEAUwBUAEUAWABJAFQAQwBPAEQARQAgAC0ARQByAHIAbwByAEEAYwB0AGkAbwBuACAAUwBpAGwAZQBuAHQAbAB5AEMAbwBuAHQAaQBuAHUAZQApACAAewAgAGUAeABpAHQAIAAkAEwAQQBTAFQARQBYAEkAVABDAE8ARABFACAAfQAgAEUAbABzAGUAIAB7ACAAZQB4AGkAdAAgADEAIAB9ACAAfQA=\",\"Computer\":\"win-dc-jhernandez-17500-200.attackrange.local\",\"Correlation_ActivityID\":\"\",\"EventID\":\"4688\",\"EventRecordID\":\"304690\",\"Execution_ProcessID\":\"4\",\"Execution_ThreadID\":\"136\",\"Image\":\"C:\\\\Windows\\\\System32\\\\WindowsPowerShell\\\\v1.0\\\\powershell.exe\",\"Keywords\":\"0\",\"Level\":\"0\",\"MandatoryLabel\":\"S-1-16-12288\",\"Match_Strings\":\"' -Enco' in CommandLine, \\\\powershell.exe in Image\",\"Module\":\"Sigma\",\"NewProcessId\":\"3328\",\"Opcode\":\"0\",\"ParentImage\":\"C:\\\\Windows\\\\System32\\\\WindowsPowerShell\\\\v1.0\\\\powershell.exe\",\"ProcessId\":\"4084\",\"Provider_Guid\":\"{54849625-5478-4994-A5BA-3E3B0328C30D}\",\"Provider_Name\":\"Microsoft-Windows-Security-Auditing\",\"Rule_Author\":\"frack113\",\"Rule_Description\":\"Commandline to lauch powershell with a base64 payload\",\"Rule_FalsePositives\":\"Unknown\",\"Rule_Id\":\"fb843269-508c-4b76-8b8d-88679db22ce7\",\"Rule_Level\":\"medium\",\"Rule_Link\":\"https://github.com/SigmaHQ/sigma/blob/0.20-3312-gfbf1b845/rules/windows/process_creation/proc_creation_win_susp_powershell_encode.yml\",\"Rule_Modified\":\"2022/02/10\",\"Rule_Path\":\"public\\\\windows\\\\process_creation\\\\proc_creation_win_susp_powershell_encode.yml\",\"Rule_References\":\"https://github.com/redcanaryco/atomic-red-team/blob/master/atomics/T1059.001/T1059.001.md#atomic-test-20---powershell-invoke-known-malicious-cmdlets, https://unit42.paloaltonetworks.com/unit42-pulling-back-the-curtains-on-encodedcommand-powershell-attacks/, https://mikefrobbins.com/2017/06/15/simple-obfuscation-with-powershell-using-base64-encoding/\",\"Rule_Sigtype\":\"public\",\"Rule_Title\":\"Suspicious Execution of Powershell with Base64\",\"Security_UserID\":\"\",\"Source\":\"Security\",\"SubjectDomainName\":\"ATTACKRANGE\",\"SubjectLogonId\":\"0xede69\",\"SubjectUserName\":\"Administrator\",\"SubjectUserSid\":\"S-1-5-21-3651310434-676309764-3668584008-500\",\"TargetDomainName\":\"-\",\"TargetLogonId\":\"0x0\",\"TargetUserName\":\"-\",\"TargetUserSid\":\"S-1-0-0\",\"Task\":\"13312\",\"TimeCreated_SystemTime\":\"2022-03-18T16:09:52.1309967Z\",\"TokenElevationType\":\"%%1936\",\"Version\":\"2\",\"level\":\"notice\",\"msg\":\"Sigma match found\",\"time\":\"2022-03-18T16:09:55Z\"}","_time":"2022-03-18T16:09:55.000+0000","eventtype":"nix-all-logs","host":"WIN-DC-JHERNAND","index":"win","linecount":"1","punct":"{\"\":\"\\\":\\\\\\\\\\\\\\\\.\\\\.\\\"_-_-_-__-_=\",\"\":\"----..\",\"\":","source":"C:\\aurora-agent-lite-win-pack\\aurora_alerts.json.log","sourcetype":"aurora-edr","splunk_server":"splunk-server-jhernandez-17500-9244","timestamp":"none"}}
{"preview":false,"result":{"_raw":"{\"CommandLine\":\"PowerShell  -NoProfile -NonInteractive -ExecutionPolicy Unrestricted -EncodedCommand UABvAHcAZQByAFMAaABlAGwAbAAgAC0ATgBvAFAAcgBvAGYAaQBsAGUAIAAtAE4AbwBuAEkAbgB0AGUAcgBhAGMAdABpAHYAZQAgAC0ARQB4AGUAYwB1AHQAaQBvAG4AUABvAGwAaQBjAHkAIABVAG4AcgBlAHMAdAByAGkAYwB0AGUAZAAgAC0ARQBuAGMAbwBkAGUAZABDAG8AbQBtAGEAbgBkACAAVQB3AEIAbABBAEgAUQBBAEwAUQBCAFQAQQBIAFEAQQBjAGcAQgBwAEEARwBNAEEAZABBAEIATgBBAEcAOABBAFoAQQBCAGwAQQBDAEEAQQBMAFEAQgBXAEEARwBVAEEAYwBnAEIAegBBAEcAawBBAGIAdwBCAHUAQQBDAEEAQQBUAEEAQgBoAEEASABRAEEAWgBRAEIAegBBAEgAUQBBAEMAZwBBAGsAQQBIAFEAQQBiAFEAQgB3AEEARgA4AEEAYwBBAEIAaABBAEgAUQBBAGEAQQBBAGcAQQBEADAAQQBJAEEAQgBiAEEARgBNAEEAZQBRAEIAegBBAEgAUQBBAFoAUQBCAHQAQQBDADQAQQBSAFEAQgB1AEEASABZAEEAYQBRAEIAeQBBAEcAOABBAGIAZwBCAHQAQQBHAFUAQQBiAGcAQgAwAEEARgAwAEEATwBnAEEANgBBAEUAVQBBAGUAQQBCAHcAQQBHAEUAQQBiAGcAQgBrAEEARQBVAEEAYgBnAEIAMgBBAEcAawBBAGMAZwBCAHYAQQBHADQAQQBiAFEAQgBsAEEARwA0AEEAZABBAEIAVwBBAEcARQBBAGMAZwBCAHAAQQBHAEUAQQBZAGcAQgBzAEEARwBVAEEAYwB3AEEAbwBBAEMAYwBBAEoAUQBCAFUAQQBFAFUAQQBUAFEAQgBRAEEAQwBVAEEASgB3AEEAcABBAEEAbwBBAEoAQQBCADAAQQBHADAAQQBjAEEAQQBnAEEARAAwAEEASQBBAEIATwBBAEcAVQBBAGQAdwBBAHQAQQBFAGsAQQBkAEEAQgBsAEEARwAwAEEASQBBAEEAdABBAEYAUQBBAGUAUQBCAHcAQQBHAFUAQQBJAEEAQgBFAEEARwBrAEEAYwBnAEIAbABBAEcATQBBAGQAQQBCAHYAQQBIAEkAQQBlAFEAQQBnAEEAQwAwAEEAVQBBAEIAaABBAEgAUQBBAGEAQQBBAGcAQQBDAFEAQQBkAEEAQgB0AEEASABBAEEAWAB3AEIAdwBBAEcARQBBAGQAQQBCAG8AQQBDAEEAQQBMAFEAQgBPAEEARwBFAEEAYgBRAEIAbABBAEMAQQBBAEoAdwBCAGgAQQBHADQAQQBjAHcAQgBwAEEARwBJAEEAYgBBAEIAbABBAEMAMABBAGQAQQBCAHQAQQBIAEEAQQBMAFEAQQB4AEEARABZAEEATgBBAEEAMwBBAEQAWQBBAE0AUQBBADUAQQBEAGMAQQBPAFEAQQB4AEEAQwA0AEEATwBBAEEAdwBBAEQARQBBAE4AQQBBADEAQQBDADAAQQBNAFEAQQA0AEEARABnAEEATQB3AEEAMQBBAEQAawBBAE0AdwBBAHQAQQBEAEkAQQBNAHcAQQB6AEEARABZAEEATQB3AEEAMABBAEQAUQBBAE0AdwBBADMAQQBEAEUAQQBOAHcAQQA0AEEARABJAEEATQBRAEEAeABBAEMAYwBBAEMAZwBCAFgAQQBIAEkAQQBhAFEAQgAwAEEARwBVAEEATABRAEIAUABBAEgAVQBBAGQAQQBCAHcAQQBIAFUAQQBkAEEAQQBnAEEAQwAwAEEAUwBRAEIAdQBBAEgAQQBBAGQAUQBCADAAQQBFADgAQQBZAGcAQgBxAEEARwBVAEEAWQB3AEIAMABBAEMAQQBBAEoAQQBCADAAQQBHADAAQQBjAEEAQQB1AEEARQBZAEEAZABRAEIAcwBBAEcAdwBBAFQAZwBCAGgAQQBHADAAQQBaAFEAQQBLAEEARQBrAEEAWgBnAEEAZwBBAEMAZwBBAEwAUQBCAHUAQQBHADgAQQBkAEEAQQBnAEEAQwBRAEEAUAB3AEEAcABBAEMAQQBBAGUAdwBBAGcAQQBFAGsAQQBaAGcAQQBnAEEAQwBnAEEAUgB3AEIAbABBAEgAUQBBAEwAUQBCAFcAQQBHAEUAQQBjAGcAQgBwAEEARwBFAEEAWQBnAEIAcwBBAEcAVQBBAEkAQQBCAE0AQQBFAEUAQQBVAHcAQgBVAEEARQBVAEEAVwBBAEIASgBBAEYAUQBBAFEAdwBCAFAAQQBFAFEAQQBSAFEAQQBnAEEAQwAwAEEAUgBRAEIAeQBBAEgASQBBAGIAdwBCAHkAQQBFAEUAQQBZAHcAQgAwAEEARwBrAEEAYgB3AEIAdQBBAEMAQQBBAFUAdwBCAHAAQQBHAHcAQQBaAFEAQgB1AEEASABRAEEAYgBBAEIANQBBAEUATQBBAGIAdwBCAHUAQQBIAFEAQQBhAFEAQgB1AEEASABVAEEAWgBRAEEAcABBAEMAQQBBAGUAdwBBAGcAQQBHAFUAQQBlAEEAQgBwAEEASABRAEEASQBBAEEAawBBAEUAdwBBAFEAUQBCAFQAQQBGAFEAQQBSAFEAQgBZAEEARQBrAEEAVgBBAEIARABBAEUAOABBAFIAQQBCAEYAQQBDAEEAQQBmAFEAQQBnAEEARQBVAEEAYgBBAEIAegBBAEcAVQBBAEkAQQBCADcAQQBDAEEAQQBaAFEAQgA0AEEARwBrAEEAZABBAEEAZwBBAEQARQBBAEkAQQBCADkAQQBDAEEAQQBmAFEAQQA9AA==\",\"Computer\":\"win-dc-jhernandez-17500-200.attackrange.local\",\"Correlation_ActivityID\":\"\",\"EventID\":\"4688\",\"EventRecordID\":\"304684\",\"Execution_ProcessID\":\"4\",\"Execution_ThreadID\":\"136\",\"Image\":\"C:\\\\Windows\\\\System32\\\\WindowsPowerShell\\\\v1.0\\\\powershell.exe\",\"Keywords\":\"0\",\"Level\":\"0\",\"MandatoryLabel\":\"S-1-16-12288\",\"Match_Strings\":\"' -Enco' in CommandLine, \\\\powershell.exe in Image\",\"Module\":\"Sigma\",\"NewProcessId\":\"4084\",\"Opcode\":\"0\",\"ParentImage\":\"C:\\\\Windows\\\\System32\\\\cmd.exe\",\"ProcessId\":\"3340\",\"Provider_Guid\":\"{54849625-5478-4994-A5BA-3E3B0328C30D}\",\"Provider_Name\":\"Microsoft-Windows-Security-Auditing\",\"Rule_Author\":\"frack113\",\"Rule_Description\":\"Commandline to lauch powershell with a base64 payload\",\"Rule_FalsePositives\":\"Unknown\",\"Rule_Id\":\"fb843269-508c-4b76-8b8d-88679db22ce7\",\"Rule_Level\":\"medium\",\"Rule_Link\":\"https://github.com/SigmaHQ/sigma/blob/0.20-3312-gfbf1b845/rules/windows/process_creation/proc_creation_win_susp_powershell_encode.yml\",\"Rule_Modified\":\"2022/02/10\",\"Rule_Path\":\"public\\\\windows\\\\process_creation\\\\proc_creation_win_susp_powershell_encode.yml\",\"Rule_References\":\"https://github.com/redcanaryco/atomic-red-team/blob/master/atomics/T1059.001/T1059.001.md#atomic-test-20---powershell-invoke-known-malicious-cmdlets, https://unit42.paloaltonetworks.com/unit42-pulling-back-the-curtains-on-encodedcommand-powershell-attacks/, https://mikefrobbins.com/2017/06/15/simple-obfuscation-with-powershell-using-base64-encoding/\",\"Rule_Sigtype\":\"public\",\"Rule_Title\":\"Suspicious Execution of Powershell with Base64\",\"Security_UserID\":\"\",\"Source\":\"Security\",\"SubjectDomainName\":\"ATTACKRANGE\",\"SubjectLogonId\":\"0xede69\",\"SubjectUserName\":\"Administrator\",\"SubjectUserSid\":\"S-1-5-21-3651310434-676309764-3668584008-500\",\"TargetDomainName\":\"-\",\"TargetLogonId\":\"0x0\",\"TargetUserName\":\"-\",\"TargetUserSid\":\"S-1-0-0\",\"Task\":\"13312\",\"TimeCreated_SystemTime\":\"2022-03-18T16:09:51.989765Z\",\"TokenElevationType\":\"%%1936\",\"Version\":\"2\",\"level\":\"notice\",\"msg\":\"Sigma match found\",\"time\":\"2022-03-18T16:09:55Z\"}","_time":"2022-03-18T16:09:55.000+0000","eventtype":"nix-all-logs","host":"WIN-DC-JHERNAND","index":"win","linecount":"1","punct":"{\"\":\"__-_-_-__-_==\",\"\":\"----..\",\"\":\"\",\"\":\"\",\"\":\"\",","source":"C:\\aurora-agent-lite-win-pack\\aurora_alerts.json.log","sourcetype":"aurora-edr","splunk_server":"splunk-server-jhernandez-17500-9244","timestamp":"none"}}
{"preview":false,"result":{"_raw":"{\"CommandLine\":\"PowerShell  -NoProfile -NonInteractive -ExecutionPolicy Unrestricted -EncodedCommand UABvAHcAZQByAFMAaABlAGwAbAAgAC0ATgBvAFAAcgBvAGYAaQBsAGUAIAAtAE4AbwBuAEkAbgB0AGUAcgBhAGMAdABpAHYAZQAgAC0ARQB4AGUAYwB1AHQAaQBvAG4AUABvAGwAaQBjAHkAIABVAG4AcgBlAHMAdAByAGkAYwB0AGUAZAAgAC0ARQBuAGMAbwBkAGUAZABDAG8AbQBtAGEAbgBkACAAVQB3AEIAbABBAEgAUQBBAEwAUQBCAFQAQQBIAFEAQQBjAGcAQgBwAEEARwBNAEEAZABBAEIATgBBAEcAOABBAFoAQQBCAGwAQQBDAEEAQQBMAFEAQgBXAEEARwBVAEEAYwBnAEIAegBBAEcAawBBAGIAdwBCAHUAQQBDAEEAQQBUAEEAQgBoAEEASABRAEEAWgBRAEIAegBBAEgAUQBBAEMAZwBBAGsAQQBIAFEAQQBiAFEAQgB3AEEARgA4AEEAYwBBAEIAaABBAEgAUQBBAGEAQQBBAGcAQQBEADAAQQBJAEEAQgBiAEEARgBNAEEAZQBRAEIAegBBAEgAUQBBAFoAUQBCAHQAQQBDADQAQQBSAFEAQgB1AEEASABZAEEAYQBRAEIAeQBBAEcAOABBAGIAZwBCAHQAQQBHAFUAQQBiAGcAQgAwAEEARgAwAEEATwBnAEEANgBBAEUAVQBBAGUAQQBCAHcAQQBHAEUAQQBiAGcAQgBrAEEARQBVAEEAYgBnAEIAMgBBAEcAawBBAGMAZwBCAHYAQQBHADQAQQBiAFEAQgBsAEEARwA0AEEAZABBAEIAVwBBAEcARQBBAGMAZwBCAHAAQQBHAEUAQQBZAGcAQgBzAEEARwBVAEEAYwB3AEEAbwBBAEMAYwBBAEoAUQBCAFUAQQBFAFUAQQBUAFEAQgBRAEEAQwBVAEEASgB3AEEAcABBAEEAbwBBAEoAQQBCADAAQQBHADAAQQBjAEEAQQBnAEEARAAwAEEASQBBAEIATwBBAEcAVQBBAGQAdwBBAHQAQQBFAGsAQQBkAEEAQgBsAEEARwAwAEEASQBBAEEAdABBAEYAUQBBAGUAUQBCAHcAQQBHAFUAQQBJAEEAQgBFAEEARwBrAEEAYwBnAEIAbABBAEcATQBBAGQAQQBCAHYAQQBIAEkAQQBlAFEAQQBnAEEAQwAwAEEAVQBBAEIAaABBAEgAUQBBAGEAQQBBAGcAQQBDAFEAQQBkAEEAQgB0AEEASABBAEEAWAB3AEIAdwBBAEcARQBBAGQAQQBCAG8AQQBDAEEAQQBMAFEAQgBPAEEARwBFAEEAYgBRAEIAbABBAEMAQQBBAEoAdwBCAGgAQQBHADQAQQBjAHcAQgBwAEEARwBJAEEAYgBBAEIAbABBAEMAMABBAGQAQQBCAHQAQQBIAEEAQQBMAFEAQQB4AEEARABZAEEATgBBAEEAMwBBAEQAWQBBAE0AUQBBADUAQQBEAGMAQQBPAFEAQQB4AEEAQwA0AEEATwBBAEEAdwBBAEQARQBBAE4AQQBBADEAQQBDADAAQQBNAFEAQQA0AEEARABnAEEATQB3AEEAMQBBAEQAawBBAE0AdwBBAHQAQQBEAEkAQQBNAHcAQQB6AEEARABZAEEATQB3AEEAMABBAEQAUQBBAE0AdwBBADMAQQBEAEUAQQBOAHcAQQA0AEEARABJAEEATQBRAEEAeABBAEMAYwBBAEMAZwBCAFgAQQBIAEkAQQBhAFEAQgAwAEEARwBVAEEATABRAEIAUABBAEgAVQBBAGQAQQBCAHcAQQBIAFUAQQBkAEEAQQBnAEEAQwAwAEEAUwBRAEIAdQBBAEgAQQBBAGQAUQBCADAAQQBFADgAQQBZAGcAQgBxAEEARwBVAEEAWQB3AEIAMABBAEMAQQBBAEoAQQBCADAAQQBHADAAQQBjAEEAQQB1AEEARQBZAEEAZABRAEIAcwBBAEcAdwBBAFQAZwBCAGgAQQBHADAAQQBaAFEAQQBLAEEARQBrAEEAWgBnAEEAZwBBAEMAZwBBAEwAUQBCAHUAQQBHADgAQQBkAEEAQQBnAEEAQwBRAEEAUAB3AEEAcABBAEMAQQBBAGUAdwBBAGcAQQBFAGsAQQBaAGcAQQBnAEEAQwBnAEEAUgB3AEIAbABBAEgAUQBBAEwAUQBCAFcAQQBHAEUAQQBjAGcAQgBwAEEARwBFAEEAWQBnAEIAcwBBAEcAVQBBAEkAQQBCAE0AQQBFAEUAQQBVAHcAQgBVAEEARQBVAEEAVwBBAEIASgBBAEYAUQBBAFEAdwBCAFAAQQBFAFEAQQBSAFEAQQBnAEEAQwAwAEEAUgBRAEIAeQBBAEgASQBBAGIAdwBCAHkAQQBFAEUAQQBZAHcAQgAwAEEARwBrAEEAYgB3AEIAdQBBAEMAQQBBAFUAdwBCAHAAQQBHAHcAQQBaAFEAQgB1AEEASABRAEEAYgBBAEIANQBBAEUATQBBAGIAdwBCAHUAQQBIAFEAQQBhAFEAQgB1AEEASABVAEEAWgBRAEEAcABBAEMAQQBBAGUAdwBBAGcAQQBHAFUAQQBlAEEAQgBwAEEASABRAEEASQBBAEEAawBBAEUAdwBBAFEAUQBCAFQAQQBGAFEAQQBSAFEAQgBZAEEARQBrAEEAVgBBAEIARABBAEUAOABBAFIAQQBCAEYAQQBDAEEAQQBmAFEAQQBnAEEARQBVAEEAYgBBAEIAegBBAEcAVQBBAEkAQQBCADcAQQBDAEEAQQBaAFEAQgA0AEEARwBrAEEAZABBAEEAZwBBAEQARQBBAEkAQQBCADkAQQBDAEEAQQBmAFEAQQA9AA==\",\"Computer\":\"win-dc-jhernandez-17500-200.attackrange.local\",\"Correlation_ActivityID\":\"\",\"EventID\":\"4688\",\"EventRecordID\":\"304684\",\"Execution_ProcessID\":\"4\",\"Execution_ThreadID\":\"136\",\"Image\":\"C:\\\\Windows\\\\System32\\\\WindowsPowerShell\\\\v1.0\\\\powershell.exe\",\"Keywords\":\"0\",\"Level\":\"0\",\"MandatoryLabel\":\"S-1-16-12288\",\"Match_Strings\":\"'PowerShell  -NoProfile -NonInteractive -ExecutionPolicy Unrestricted -EncodedCommand UABvAHcAZQByAFMAaABlAGwAbAAgAC0ATgBvAFAAcgBvAGYAaQBsAGUAIAAtAE4AbwBuAEkAbgB0AGUAcgBhAGMAdABpAHYAZQAgAC0ARQB4AGUAYwB1AHQAaQBvAG4AUABvAGwAaQBjAHkAIABVAG4AcgBlAHMAdAByAGkAYwB0AGUAZAAgAC0ARQBuAGMAbwBkAGUAZABDAG8AbQBtAGEAbgBkACAAVQB3AEIAbABBAEgAUQBBAEwAUQBCAFQAQQBIAFEAQQBjAGcAQgBwAEEARwBNAEEAZABBAEIATgBBAEcAOABBAFoAQQBCAGwAQQBDAEEAQQBMAFEAQgBXAEEARwBVAEEAYwBnAEIAegBBAEcAawBBAGIAdwBCAHUAQQBDAEEAQQBUAEEAQgBoAEEASABRAEEAWgBRAEIAegBBAEgAUQBBAEMAZwBBAGsAQQBIAFEAQQBiAFEAQgB3AEEARgA4AEEAYwBBAEIAaABBAEgAUQBBAGEAQQBBAGcAQQBEADAAQQBJAEEAQgBiAEEARgBNAEEAZQBRAEIAegBBAEgAUQBBAFoAUQBCAHQAQQBDADQAQQBSAFEAQgB1AEEASABZAEEAYQBRAEIAeQBBAEcAOABBAGIAZwBCAHQAQQBHAFUAQQBiAGcAQgAwAEEARgAwAEEATwBnAEEANgBBAEUAVQBBAGUAQQBCAHcAQQBHAEUAQQBiAGcAQgBrAEEARQBVAEEAYgBnAEIAMgBBAEcAawBBAGMAZwBCAHYAQQBHADQAQQBiAFEAQgBsAEEARwA0AEEAZABBAEIAVwBBAEcARQBBAGMAZwBCAHAAQQBHAEUAQQBZAGcAQgBzAEEARwBVAEEAYwB3AEEAbwBBAEMAYwBBAEoAUQBCAFUAQQBFAFUAQQBUAFEAQgBRAEEAQwBVAEEASgB3AEEAcABBAEEAbwBBAEoAQQBCADAAQQBHADAAQQBjAEEAQQBnAEEARAAwAEEASQBBAEIATwBBAEcAVQBBAGQAdwBBAHQAQQBFAGsAQQBkAEEAQgBsAEEARwAwAEEASQBBAEEAdABBAEYAUQBBAGUAUQBCAHcAQQBHAFUAQQBJAEEAQgBFAEEARwBrAEEAYwBnAEIAbABBAEcATQBBAGQAQQBCAHYAQQBIAEkAQQBlAFEAQQBnAEEAQwAwAEEAVQBBAEIAaABBAEgAUQBBAGEAQQBBAGcAQQBDAFEAQQBkAEEAQgB0AEEASABBAEEAWAB3AEIAdwBBAEcARQBBAGQAQQBCAG8AQQBDAEEAQQBMAFEAQgBPAEEARwBFAEEAYgBRAEIAbABBAEMAQQBBAEoAdwBCAGgAQQBHADQAQQBjAHcAQgBwAEEARwBJAEEAYgBBAEIAbABBAEMAMABBAGQAQQBCAHQAQQBIAEEAQQBMAFEAQQB4AEEARABZAEEATgBBAEEAMwBBAEQAWQBBAE0AUQBBADUAQQBEAGMAQQBPAFEAQQB4AEEAQwA0AEEATwBBAEEAdwBBAEQARQBBAE4AQQBBADEAQQBDADAAQQBNAFEAQQA0AEEARABnAEEATQB3AEEAMQBBAEQAawBBAE0AdwBBAHQAQQBEAEkAQQBNAHcAQQB6AEEARABZAEEATQB3AEEAMABBAEQAUQBBAE0AdwBBADMAQQBEAEUAQQBOAHcAQQA0AEEARABJAEEATQBRAEEAeABBAEMAYwBBAEMAZwBCAFgAQQBIAEkAQQBhAFEAQgAwAEEARwBVAEEATABRAEIAUABBAEgAVQBBAGQAQQBCAHcAQQBIAFUAQQBkAEEAQQBnAEEAQwAwAEEAUwBRAEIAdQBBAEgAQQBBAGQAUQBCADAAQQBFADgAQQBZAGcAQgBxAEEARwBVAEEAWQB3AEIAMABBAEMAQQBBAEoAQQBCADAAQQBHADAAQQBjAEEAQQB1AEEARQBZAEEAZABRAEIAcwBBAEcAdwBBAFQAZwBCAGgAQQBHADAAQQBaAFEAQQBLAEEARQBrAEEAWgBnAEEAZwBBAEMAZwBBAEwAUQBCAHUAQQBHADgAQQBkAEEAQQBnAEEAQwBRAEEAUAB3AEEAcABBAEMAQQBBAGUAdwBBAGcAQQBFAGsAQQBaAGcAQQBnAEEAQwBnAEEAUgB3AEIAbABBAEgAUQBBAEwAUQBCAFcAQQBHAEUAQQBjAGcAQgBwAEEARwBFAEEAWQBnAEIAcwBBAEcAVQBBAEkAQQBCAE0AQQBFAEUAQQBVAHcAQgBVAEEARQBVAEEAVwBBAEIASgBBAEYAUQBBAFEAdwBCAFAAQQBFAFEAQQBSAFEAQQBnAEEAQwAwAEEAUgBRAEIAeQBBAEgASQBBAGIAdwBCAHkAQQBFAEUAQQBZAHcAQgAwAEEARwBrAEEAYgB3AEIAdQBBAEMAQQBBAFUAdwBCAHAAQQBHAHcAQQBaAFEAQgB1AEEASABRAEEAYgBBAEIANQBBAEUATQBBAGIAdwBCAHUAQQBIAFEAQQBhAFEAQgB1AEEASABVAEEAWgBRAEEAcABBAEMAQQBBAGUAdwBBAGcAQQBHAFUAQQBlAEEAQgBwAEEASABRAEEASQBBAEEAawBBAEUAdwBBAFEAUQBCAFQAQQBGAFEAQQBSAFEAQgBZAEEARQBrAEEAVgBBAEIARABBAEUAOABBAFIAQQBCAEYAQQBDAEEAQQBmAFEAQQBnAEEARQBVAEEAYgBBAEIAegBBAEcAVQBBAEkAQQBCADcAQQBDAEEAQQBaAFEAQgA0AEEARwBrAEEAZABBAEEAZwBBAEQARQBBAEkAQQBCADkAQQBDAEEAQQBmAFEAQQA9AA==' in CommandLine, PowerShell in CommandLine\",\"Module\":\"Sigma\",\"NewProcessId\":\"4084\",\"Opcode\":\"0\",\"ParentImage\":\"C:\\\\Windows\\\\System32\\\\cmd.exe\",\"ProcessId\":\"3340\",\"Provider_Guid\":\"{54849625-5478-4994-A5BA-3E3B0328C30D}\",\"Provider_Name\":\"Microsoft-Windows-Security-Auditing\",\"Rule_Author\":\"oscd.community, Natalia Shornikova\",\"Rule_Description\":\"Detects Too long PowerShell command lines\",\"Rule_FalsePositives\":\"Unknown\",\"Rule_Id\":\"d0d28567-4b9a-45e2-8bbc-fb1b66a1f7f6\",\"Rule_Level\":\"medium\",\"Rule_Link\":\"https://github.com/SigmaHQ/sigma/blob/0.20-3312-gfbf1b845/rules/windows/process_creation/proc_creation_win_long_powershell_commandline.yml\",\"Rule_Modified\":\"2021/12/02\",\"Rule_Path\":\"public\\\\windows\\\\process_creation\\\\proc_creation_win_long_powershell_commandline.yml\",\"Rule_References\":\"https://speakerdeck.com/heirhabarov/hunting-for-powershell-abuse\",\"Rule_Sigtype\":\"public\",\"Rule_Title\":\"Too Long PowerShell Commandlines\",\"Security_UserID\":\"\",\"Source\":\"Security\",\"SubjectDomainName\":\"ATTACKRANGE\",\"SubjectLogonId\":\"0xede69\",\"SubjectUserName\":\"Administrator\",\"SubjectUserSid\":\"S-1-5-21-3651310434-676309764-3668584008-500\",\"TargetDomainName\":\"-\",\"TargetLogonId\":\"0x0\",\"TargetUserName\":\"-\",\"TargetUserSid\":\"S-1-0-0\",\"Task\":\"13312\",\"TimeCreated_SystemTime\":\"2022-03-18T16:09:51.989765Z\",\"TokenElevationType\":\"%%1936\",\"Version\":\"2\",\"level\":\"notice\",\"msg\":\"Sigma match found\",\"time\":\"2022-03-18T16:09:55Z\"}","_time":"2022-03-18T16:09:55.000+0000","eventtype":"nix-all-logs","host":"WIN-DC-JHERNAND","index":"win","linecount":"1","punct":"{\"\":\"__-_-_-__-_==\",\"\":\"----..\",\"\":\"\",\"\":\"\",\"\":\"\",","source":"C:\\aurora-agent-lite-win-pack\\aurora_alerts.json.log","sourcetype":"aurora-edr","splunk_server":"splunk-server-jhernandez-17500-9244","timestamp":"none"}}
{"preview":false,"result":{"_raw":"{\"CommandLine\":\"PowerShell  -NoProfile -NonInteractive -ExecutionPolicy Unrestricted -EncodedCommand UABvAHcAZQByAFMAaABlAGwAbAAgAC0ATgBvAFAAcgBvAGYAaQBsAGUAIAAtAE4AbwBuAEkAbgB0AGUAcgBhAGMAdABpAHYAZQAgAC0ARQB4AGUAYwB1AHQAaQBvAG4AUABvAGwAaQBjAHkAIABVAG4AcgBlAHMAdAByAGkAYwB0AGUAZAAgAC0ARQBuAGMAbwBkAGUAZABDAG8AbQBtAGEAbgBkACAAVQB3AEIAbABBAEgAUQBBAEwAUQBCAFQAQQBIAFEAQQBjAGcAQgBwAEEARwBNAEEAZABBAEIATgBBAEcAOABBAFoAQQBCAGwAQQBDAEEAQQBMAFEAQgBXAEEARwBVAEEAYwBnAEIAegBBAEcAawBBAGIAdwBCAHUAQQBDAEEAQQBUAEEAQgBoAEEASABRAEEAWgBRAEIAegBBAEgAUQBBAEMAZwBBAGsAQQBIAFEAQQBiAFEAQgB3AEEARgA4AEEAYwBBAEIAaABBAEgAUQBBAGEAQQBBAGcAQQBEADAAQQBJAEEAQgBiAEEARgBNAEEAZQBRAEIAegBBAEgAUQBBAFoAUQBCAHQAQQBDADQAQQBSAFEAQgB1AEEASABZAEEAYQBRAEIAeQBBAEcAOABBAGIAZwBCAHQAQQBHAFUAQQBiAGcAQgAwAEEARgAwAEEATwBnAEEANgBBAEUAVQBBAGUAQQBCAHcAQQBHAEUAQQBiAGcAQgBrAEEARQBVAEEAYgBnAEIAMgBBAEcAawBBAGMAZwBCAHYAQQBHADQAQQBiAFEAQgBsAEEARwA0AEEAZABBAEIAVwBBAEcARQBBAGMAZwBCAHAAQQBHAEUAQQBZAGcAQgBzAEEARwBVAEEAYwB3AEEAbwBBAEMAYwBBAEoAUQBCAFUAQQBFAFUAQQBUAFEAQgBRAEEAQwBVAEEASgB3AEEAcABBAEEAbwBBAEoAQQBCADAAQQBHADAAQQBjAEEAQQBnAEEARAAwAEEASQBBAEIATwBBAEcAVQBBAGQAdwBBAHQAQQBFAGsAQQBkAEEAQgBsAEEARwAwAEEASQBBAEEAdABBAEYAUQBBAGUAUQBCAHcAQQBHAFUAQQBJAEEAQgBFAEEARwBrAEEAYwBnAEIAbABBAEcATQBBAGQAQQBCAHYAQQBIAEkAQQBlAFEAQQBnAEEAQwAwAEEAVQBBAEIAaABBAEgAUQBBAGEAQQBBAGcAQQBDAFEAQQBkAEEAQgB0AEEASABBAEEAWAB3AEIAdwBBAEcARQBBAGQAQQBCAG8AQQBDAEEAQQBMAFEAQgBPAEEARwBFAEEAYgBRAEIAbABBAEMAQQBBAEoAdwBCAGgAQQBHADQAQQBjAHcAQgBwAEEARwBJAEEAYgBBAEIAbABBAEMAMABBAGQAQQBCAHQAQQBIAEEAQQBMAFEAQQB4AEEARABZAEEATgBBAEEAMwBBAEQAWQBBAE0AUQBBADUAQQBEAGMAQQBPAFEAQQB4AEEAQwA0AEEATwBBAEEAdwBBAEQARQBBAE4AQQBBADEAQQBDADAAQQBNAFEAQQA0AEEARABnAEEATQB3AEEAMQBBAEQAawBBAE0AdwBBAHQAQQBEAEkAQQBNAHcAQQB6AEEARABZAEEATQB3AEEAMABBAEQAUQBBAE0AdwBBADMAQQBEAEUAQQBOAHcAQQA0AEEARABJAEEATQBRAEEAeABBAEMAYwBBAEMAZwBCAFgAQQBIAEkAQQBhAFEAQgAwAEEARwBVAEEATABRAEIAUABBAEgAVQBBAGQAQQBCAHcAQQBIAFUAQQBkAEEAQQBnAEEAQwAwAEEAUwBRAEIAdQBBAEgAQQBBAGQAUQBCADAAQQBFADgAQQBZAGcAQgBxAEEARwBVAEEAWQB3AEIAMABBAEMAQQBBAEoAQQBCADAAQQBHADAAQQBjAEEAQQB1AEEARQBZAEEAZABRAEIAcwBBAEcAdwBBAFQAZwBCAGgAQQBHADAAQQBaAFEAQQBLAEEARQBrAEEAWgBnAEEAZwBBAEMAZwBBAEwAUQBCAHUAQQBHADgAQQBkAEEAQQBnAEEAQwBRAEEAUAB3AEEAcABBAEMAQQBBAGUAdwBBAGcAQQBFAGsAQQBaAGcAQQBnAEEAQwBnAEEAUgB3AEIAbABBAEgAUQBBAEwAUQBCAFcAQQBHAEUAQQBjAGcAQgBwAEEARwBFAEEAWQBnAEIAcwBBAEcAVQBBAEkAQQBCAE0AQQBFAEUAQQBVAHcAQgBVAEEARQBVAEEAVwBBAEIASgBBAEYAUQBBAFEAdwBCAFAAQQBFAFEAQQBSAFEAQQBnAEEAQwAwAEEAUgBRAEIAeQBBAEgASQBBAGIAdwBCAHkAQQBFAEUAQQBZAHcAQgAwAEEARwBrAEEAYgB3AEIAdQBBAEMAQQBBAFUAdwBCAHAAQQBHAHcAQQBaAFEAQgB1AEEASABRAEEAYgBBAEIANQBBAEUATQBBAGIAdwBCAHUAQQBIAFEAQQBhAFEAQgB1AEEASABVAEEAWgBRAEEAcABBAEMAQQBBAGUAdwBBAGcAQQBHAFUAQQBlAEEAQgBwAEEASABRAEEASQBBAEEAawBBAEUAdwBBAFEAUQBCAFQAQQBGAFEAQQBSAFEAQgBZAEEARQBrAEEAVgBBAEIARABBAEUAOABBAFIAQQBCAEYAQQBDAEEAQQBmAFEAQQBnAEEARQBVAEEAYgBBAEIAegBBAEcAVQBBAEkAQQBCADcAQQBDAEEAQQBaAFEAQgA0AEEARwBrAEEAZABBAEEAZwBBAEQARQBBAEkAQQBCADkAQQBDAEEAQQBmAFEAQQA9AA==\",\"Computer\":\"win-dc-jhernandez-17500-200.attackrange.local\",\"Correlation_ActivityID\":\"\",\"EventID\":\"4688\",\"EventRecordID\":\"304684\",\"Execution_ProcessID\":\"4\",\"Execution_ThreadID\":\"136\",\"Image\":\"C:\\\\Windows\\\\System32\\\\WindowsPowerShell\\\\v1.0\\\\powershell.exe\",\"Keywords\":\"0\",\"Level\":\"0\",\"MandatoryLabel\":\"S-1-16-12288\",\"Match_Strings\":\"' -ExecutionPolicy ' in CommandLine, Unrestricted in CommandLine\",\"Module\":\"Sigma\",\"NewProcessId\":\"4084\",\"Opcode\":\"0\",\"ParentImage\":\"C:\\\\Windows\\\\System32\\\\cmd.exe\",\"ProcessId\":\"3340\",\"Provider_Guid\":\"{54849625-5478-4994-A5BA-3E3B0328C30D}\",\"Provider_Name\":\"Microsoft-Windows-Security-Auditing\",\"Rule_Author\":\"frack113\",\"Rule_Description\":\"Detects use of executionpolicy option to set a unsecure policies\",\"Rule_FalsePositives\":\"Administrator script\",\"Rule_Id\":\"87e3c4e8-a6a8-4ad9-bb4f-46e7ff99a180\",\"Rule_Level\":\"medium\",\"Rule_Link\":\"https://github.com/SigmaHQ/sigma/blob/0.20-3312-gfbf1b845/rules/windows/process_creation/proc_creation_win_set_policies_to_unsecure_level.yml\",\"Rule_Modified\":\"2022/02/23\",\"Rule_Path\":\"public\\\\windows\\\\process_creation\\\\proc_creation_win_set_policies_to_unsecure_level.yml\",\"Rule_References\":\"https://docs.microsoft.com/en-us/powershell/module/microsoft.powershell.security/set-executionpolicy?view=powershell-7.1, https://docs.microsoft.com/en-us/powershell/module/microsoft.powershell.core/about/about_execution_policies?view=powershell-7.1, https://adsecurity.org/?p=2604, https://thedfirreport.com/2021/11/01/from-zero-to-domain-admin/\",\"Rule_Sigtype\":\"public\",\"Rule_Title\":\"Change PowerShell Policies to an Unsecure Level\",\"Security_UserID\":\"\",\"Source\":\"Security\",\"SubjectDomainName\":\"ATTACKRANGE\",\"SubjectLogonId\":\"0xede69\",\"SubjectUserName\":\"Administrator\",\"SubjectUserSid\":\"S-1-5-21-3651310434-676309764-3668584008-500\",\"TargetDomainName\":\"-\",\"TargetLogonId\":\"0x0\",\"TargetUserName\":\"-\",\"TargetUserSid\":\"S-1-0-0\",\"Task\":\"13312\",\"TimeCreated_SystemTime\":\"2022-03-18T16:09:51.989765Z\",\"TokenElevationType\":\"%%1936\",\"Version\":\"2\",\"level\":\"notice\",\"msg\":\"Sigma match found\",\"time\":\"2022-03-18T16:09:55Z\"}","_time":"2022-03-18T16:09:55.000+0000","eventtype":"nix-all-logs","host":"WIN-DC-JHERNAND","index":"win","linecount":"1","punct":"{\"\":\"__-_-_-__-_==\",\"\":\"----..\",\"\":\"\",\"\":\"\",\"\":\"\",","source":"C:\\aurora-agent-lite-win-pack\\aurora_alerts.json.log","sourcetype":"aurora-edr","splunk_server":"splunk-server-jhernandez-17500-9244","timestamp":"none"}}
