09/10/2021 03:09:48 PM
LogName=Microsoft-Windows-PowerShell/Operational
SourceName=Microsoft-Windows-PowerShell
EventCode=4106
EventType=5
Type=Verbose
ComputerName=win-host-987.attackrange.local
User=NOT_TRANSLATED
Sid=S-1-5-21-1166625382-1442148322-2337405042-2397
SidType=0
TaskCategory=Stopping Command
OpCode=On create calls
RecordNumber=2137925
Keywords=None
Message=Completed invocation of ScriptBlock ID: 7b473814-9fb1-4312-8697-223797692163
Runspace ID: 6f3eb055-e094-4e5b-94ce-5eca3a1856b6
09/10/2021 03:09:48 PM
LogName=Microsoft-Windows-PowerShell/Operational
SourceName=Microsoft-Windows-PowerShell
EventCode=4105
EventType=5
Type=Verbose
ComputerName=win-host-987.attackrange.local
User=NOT_TRANSLATED
Sid=S-1-5-21-1166625382-1442148322-2337405042-2397
SidType=0
TaskCategory=Starting Command
OpCode=On create calls
RecordNumber=2137924
Keywords=None
Message=Started invocation of ScriptBlock ID: 7b473814-9fb1-4312-8697-223797692163
Runspace ID: 6f3eb055-e094-4e5b-94ce-5eca3a1856b6
09/10/2021 03:09:48 PM
LogName=Microsoft-Windows-PowerShell/Operational
SourceName=Microsoft-Windows-PowerShell
EventCode=4106
EventType=5
Type=Verbose
ComputerName=win-host-987.attackrange.local
User=NOT_TRANSLATED
Sid=S-1-5-21-1166625382-1442148322-2337405042-2397
SidType=0
TaskCategory=Stopping Command
OpCode=On create calls
RecordNumber=2137923
Keywords=None
Message=Completed invocation of ScriptBlock ID: f6a4beed-b28b-43ca-b4c2-0713e0d67ccd
Runspace ID: 6f3eb055-e094-4e5b-94ce-5eca3a1856b6
09/10/2021 03:09:48 PM
LogName=Microsoft-Windows-PowerShell/Operational
SourceName=Microsoft-Windows-PowerShell
EventCode=4105
EventType=5
Type=Verbose
ComputerName=win-host-987.attackrange.local
User=NOT_TRANSLATED
Sid=S-1-5-21-1166625382-1442148322-2337405042-2397
SidType=0
TaskCategory=Starting Command
OpCode=On create calls
RecordNumber=2137922
Keywords=None
Message=Started invocation of ScriptBlock ID: f6a4beed-b28b-43ca-b4c2-0713e0d67ccd
Runspace ID: 6f3eb055-e094-4e5b-94ce-5eca3a1856b6
09/10/2021 03:09:48 PM
LogName=Microsoft-Windows-PowerShell/Operational
SourceName=Microsoft-Windows-PowerShell
EventCode=4106
EventType=5
Type=Verbose
ComputerName=win-host-987.attackrange.local
User=NOT_TRANSLATED
Sid=S-1-5-21-1166625382-1442148322-2337405042-2397
SidType=0
TaskCategory=Stopping Command
OpCode=On create calls
RecordNumber=2137921
Keywords=None
Message=Completed invocation of ScriptBlock ID: 7b473814-9fb1-4312-8697-223797692163
Runspace ID: 6f3eb055-e094-4e5b-94ce-5eca3a1856b6
09/10/2021 03:09:48 PM
LogName=Microsoft-Windows-PowerShell/Operational
SourceName=Microsoft-Windows-PowerShell
EventCode=4105
EventType=5
Type=Verbose
ComputerName=win-host-987.attackrange.local
User=NOT_TRANSLATED
Sid=S-1-5-21-1166625382-1442148322-2337405042-2397
SidType=0
TaskCategory=Starting Command
OpCode=On create calls
RecordNumber=2137920
Keywords=None
Message=Started invocation of ScriptBlock ID: 7b473814-9fb1-4312-8697-223797692163
Runspace ID: 6f3eb055-e094-4e5b-94ce-5eca3a1856b6
09/10/2021 03:09:48 PM
LogName=Microsoft-Windows-PowerShell/Operational
SourceName=Microsoft-Windows-PowerShell
EventCode=4106
EventType=5
Type=Verbose
ComputerName=win-host-987.attackrange.local
User=NOT_TRANSLATED
Sid=S-1-5-21-1166625382-1442148322-2337405042-2397
SidType=0
TaskCategory=Stopping Command
OpCode=On create calls
RecordNumber=2137919
Keywords=None
Message=Completed invocation of ScriptBlock ID: f6a4beed-b28b-43ca-b4c2-0713e0d67ccd
Runspace ID: 6f3eb055-e094-4e5b-94ce-5eca3a1856b6
09/10/2021 03:09:48 PM
LogName=Microsoft-Windows-PowerShell/Operational
SourceName=Microsoft-Windows-PowerShell
EventCode=4105
EventType=5
Type=Verbose
ComputerName=win-host-987.attackrange.local
User=NOT_TRANSLATED
Sid=S-1-5-21-1166625382-1442148322-2337405042-2397
SidType=0
TaskCategory=Starting Command
OpCode=On create calls
RecordNumber=2137918
Keywords=None
Message=Started invocation of ScriptBlock ID: f6a4beed-b28b-43ca-b4c2-0713e0d67ccd
Runspace ID: 6f3eb055-e094-4e5b-94ce-5eca3a1856b6
09/10/2021 03:09:48 PM
LogName=Microsoft-Windows-PowerShell/Operational
SourceName=Microsoft-Windows-PowerShell
EventCode=4106
EventType=5
Type=Verbose
ComputerName=win-host-987.attackrange.local
User=NOT_TRANSLATED
Sid=S-1-5-21-1166625382-1442148322-2337405042-2397
SidType=0
TaskCategory=Stopping Command
OpCode=On create calls
RecordNumber=2137917
Keywords=None
Message=Completed invocation of ScriptBlock ID: 7b473814-9fb1-4312-8697-223797692163
Runspace ID: 6f3eb055-e094-4e5b-94ce-5eca3a1856b6
09/10/2021 03:09:48 PM
LogName=Microsoft-Windows-PowerShell/Operational
SourceName=Microsoft-Windows-PowerShell
EventCode=4105
EventType=5
Type=Verbose
ComputerName=win-host-987.attackrange.local
User=NOT_TRANSLATED
Sid=S-1-5-21-1166625382-1442148322-2337405042-2397
SidType=0
TaskCategory=Starting Command
OpCode=On create calls
RecordNumber=2137916
Keywords=None
Message=Started invocation of ScriptBlock ID: 7b473814-9fb1-4312-8697-223797692163
Runspace ID: 6f3eb055-e094-4e5b-94ce-5eca3a1856b6
09/10/2021 03:09:48 PM
LogName=Microsoft-Windows-PowerShell/Operational
SourceName=Microsoft-Windows-PowerShell
EventCode=4106
EventType=5
Type=Verbose
ComputerName=win-host-987.attackrange.local
User=NOT_TRANSLATED
Sid=S-1-5-21-1166625382-1442148322-2337405042-2397
SidType=0
TaskCategory=Stopping Command
OpCode=On create calls
RecordNumber=2137915
Keywords=None
Message=Completed invocation of ScriptBlock ID: f6a4beed-b28b-43ca-b4c2-0713e0d67ccd
Runspace ID: 6f3eb055-e094-4e5b-94ce-5eca3a1856b6
09/10/2021 03:09:48 PM
LogName=Microsoft-Windows-PowerShell/Operational
SourceName=Microsoft-Windows-PowerShell
EventCode=4105
EventType=5
Type=Verbose
ComputerName=win-host-987.attackrange.local
User=NOT_TRANSLATED
Sid=S-1-5-21-1166625382-1442148322-2337405042-2397
SidType=0
TaskCategory=Starting Command
OpCode=On create calls
RecordNumber=2137914
Keywords=None
Message=Started invocation of ScriptBlock ID: f6a4beed-b28b-43ca-b4c2-0713e0d67ccd
Runspace ID: 6f3eb055-e094-4e5b-94ce-5eca3a1856b6
09/10/2021 03:09:48 PM
LogName=Microsoft-Windows-PowerShell/Operational
SourceName=Microsoft-Windows-PowerShell
EventCode=4106
EventType=5
Type=Verbose
ComputerName=win-host-987.attackrange.local
User=NOT_TRANSLATED
Sid=S-1-5-21-1166625382-1442148322-2337405042-2397
SidType=0
TaskCategory=Stopping Command
OpCode=On create calls
RecordNumber=2137913
Keywords=None
Message=Completed invocation of ScriptBlock ID: 7b473814-9fb1-4312-8697-223797692163
Runspace ID: 6f3eb055-e094-4e5b-94ce-5eca3a1856b6
09/10/2021 03:09:48 PM
LogName=Microsoft-Windows-PowerShell/Operational
SourceName=Microsoft-Windows-PowerShell
EventCode=4105
EventType=5
Type=Verbose
ComputerName=win-host-987.attackrange.local
User=NOT_TRANSLATED
Sid=S-1-5-21-1166625382-1442148322-2337405042-2397
SidType=0
TaskCategory=Starting Command
OpCode=On create calls
RecordNumber=2137912
Keywords=None
Message=Started invocation of ScriptBlock ID: 7b473814-9fb1-4312-8697-223797692163
Runspace ID: 6f3eb055-e094-4e5b-94ce-5eca3a1856b6
09/10/2021 03:09:48 PM
LogName=Microsoft-Windows-PowerShell/Operational
SourceName=Microsoft-Windows-PowerShell
EventCode=4106
EventType=5
Type=Verbose
ComputerName=win-host-987.attackrange.local
User=NOT_TRANSLATED
Sid=S-1-5-21-1166625382-1442148322-2337405042-2397
SidType=0
TaskCategory=Stopping Command
OpCode=On create calls
RecordNumber=2137911
Keywords=None
Message=Completed invocation of ScriptBlock ID: f6a4beed-b28b-43ca-b4c2-0713e0d67ccd
Runspace ID: 6f3eb055-e094-4e5b-94ce-5eca3a1856b6
09/10/2021 03:09:48 PM
LogName=Microsoft-Windows-PowerShell/Operational
SourceName=Microsoft-Windows-PowerShell
EventCode=4105
EventType=5
Type=Verbose
ComputerName=win-host-987.attackrange.local
User=NOT_TRANSLATED
Sid=S-1-5-21-1166625382-1442148322-2337405042-2397
SidType=0
TaskCategory=Starting Command
OpCode=On create calls
RecordNumber=2137910
Keywords=None
Message=Started invocation of ScriptBlock ID: f6a4beed-b28b-43ca-b4c2-0713e0d67ccd
Runspace ID: 6f3eb055-e094-4e5b-94ce-5eca3a1856b6
09/10/2021 03:09:48 PM
LogName=Microsoft-Windows-PowerShell/Operational
SourceName=Microsoft-Windows-PowerShell
EventCode=4106
EventType=5
Type=Verbose
ComputerName=win-host-987.attackrange.local
User=NOT_TRANSLATED
Sid=S-1-5-21-1166625382-1442148322-2337405042-2397
SidType=0
TaskCategory=Stopping Command
OpCode=On create calls
RecordNumber=2137909
Keywords=None
Message=Completed invocation of ScriptBlock ID: 7b473814-9fb1-4312-8697-223797692163
Runspace ID: 6f3eb055-e094-4e5b-94ce-5eca3a1856b6
09/10/2021 03:09:48 PM
LogName=Microsoft-Windows-PowerShell/Operational
SourceName=Microsoft-Windows-PowerShell
EventCode=4105
EventType=5
Type=Verbose
ComputerName=win-host-987.attackrange.local
User=NOT_TRANSLATED
Sid=S-1-5-21-1166625382-1442148322-2337405042-2397
SidType=0
TaskCategory=Starting Command
OpCode=On create calls
RecordNumber=2137908
Keywords=None
Message=Started invocation of ScriptBlock ID: 7b473814-9fb1-4312-8697-223797692163
Runspace ID: 6f3eb055-e094-4e5b-94ce-5eca3a1856b6
09/10/2021 03:09:48 PM
LogName=Microsoft-Windows-PowerShell/Operational
SourceName=Microsoft-Windows-PowerShell
EventCode=4106
EventType=5
Type=Verbose
ComputerName=win-host-987.attackrange.local
User=NOT_TRANSLATED
Sid=S-1-5-21-1166625382-1442148322-2337405042-2397
SidType=0
TaskCategory=Stopping Command
OpCode=On create calls
RecordNumber=2137907
Keywords=None
Message=Completed invocation of ScriptBlock ID: f6a4beed-b28b-43ca-b4c2-0713e0d67ccd
Runspace ID: 6f3eb055-e094-4e5b-94ce-5eca3a1856b6
09/10/2021 03:09:48 PM
LogName=Microsoft-Windows-PowerShell/Operational
SourceName=Microsoft-Windows-PowerShell
EventCode=4105
EventType=5
Type=Verbose
ComputerName=win-host-987.attackrange.local
User=NOT_TRANSLATED
Sid=S-1-5-21-1166625382-1442148322-2337405042-2397
SidType=0
TaskCategory=Starting Command
OpCode=On create calls
RecordNumber=2137906
Keywords=None
Message=Started invocation of ScriptBlock ID: f6a4beed-b28b-43ca-b4c2-0713e0d67ccd
Runspace ID: 6f3eb055-e094-4e5b-94ce-5eca3a1856b6
09/10/2021 03:09:48 PM
LogName=Microsoft-Windows-PowerShell/Operational
SourceName=Microsoft-Windows-PowerShell
EventCode=4106
EventType=5
Type=Verbose
ComputerName=win-host-987.attackrange.local
User=NOT_TRANSLATED
Sid=S-1-5-21-1166625382-1442148322-2337405042-2397
SidType=0
TaskCategory=Stopping Command
OpCode=On create calls
RecordNumber=2137905
Keywords=None
Message=Completed invocation of ScriptBlock ID: 7b473814-9fb1-4312-8697-223797692163
Runspace ID: 6f3eb055-e094-4e5b-94ce-5eca3a1856b6
09/10/2021 03:09:48 PM
LogName=Microsoft-Windows-PowerShell/Operational
SourceName=Microsoft-Windows-PowerShell
EventCode=4105
EventType=5
Type=Verbose
ComputerName=win-host-987.attackrange.local
User=NOT_TRANSLATED
Sid=S-1-5-21-1166625382-1442148322-2337405042-2397
SidType=0
TaskCategory=Starting Command
OpCode=On create calls
RecordNumber=2137904
Keywords=None
Message=Started invocation of ScriptBlock ID: 7b473814-9fb1-4312-8697-223797692163
Runspace ID: 6f3eb055-e094-4e5b-94ce-5eca3a1856b6
09/10/2021 03:09:48 PM
LogName=Microsoft-Windows-PowerShell/Operational
SourceName=Microsoft-Windows-PowerShell
EventCode=4106
EventType=5
Type=Verbose
ComputerName=win-host-987.attackrange.local
User=NOT_TRANSLATED
Sid=S-1-5-21-1166625382-1442148322-2337405042-2397
SidType=0
TaskCategory=Stopping Command
OpCode=On create calls
RecordNumber=2137903
Keywords=None
Message=Completed invocation of ScriptBlock ID: f6a4beed-b28b-43ca-b4c2-0713e0d67ccd
Runspace ID: 6f3eb055-e094-4e5b-94ce-5eca3a1856b6
09/10/2021 03:09:48 PM
LogName=Microsoft-Windows-PowerShell/Operational
SourceName=Microsoft-Windows-PowerShell
EventCode=4105
EventType=5
Type=Verbose
ComputerName=win-host-987.attackrange.local
User=NOT_TRANSLATED
Sid=S-1-5-21-1166625382-1442148322-2337405042-2397
SidType=0
TaskCategory=Starting Command
OpCode=On create calls
RecordNumber=2137902
Keywords=None
Message=Started invocation of ScriptBlock ID: f6a4beed-b28b-43ca-b4c2-0713e0d67ccd
Runspace ID: 6f3eb055-e094-4e5b-94ce-5eca3a1856b6
09/10/2021 03:09:48 PM
LogName=Microsoft-Windows-PowerShell/Operational
SourceName=Microsoft-Windows-PowerShell
EventCode=4106
EventType=5
Type=Verbose
ComputerName=win-host-987.attackrange.local
User=NOT_TRANSLATED
Sid=S-1-5-21-1166625382-1442148322-2337405042-2397
SidType=0
TaskCategory=Stopping Command
OpCode=On create calls
RecordNumber=2137901
Keywords=None
Message=Completed invocation of ScriptBlock ID: 7b473814-9fb1-4312-8697-223797692163
Runspace ID: 6f3eb055-e094-4e5b-94ce-5eca3a1856b6
09/10/2021 03:09:48 PM
LogName=Microsoft-Windows-PowerShell/Operational
SourceName=Microsoft-Windows-PowerShell
EventCode=4105
EventType=5
Type=Verbose
ComputerName=win-host-987.attackrange.local
User=NOT_TRANSLATED
Sid=S-1-5-21-1166625382-1442148322-2337405042-2397
SidType=0
TaskCategory=Starting Command
OpCode=On create calls
RecordNumber=2137900
Keywords=None
Message=Started invocation of ScriptBlock ID: 7b473814-9fb1-4312-8697-223797692163
Runspace ID: 6f3eb055-e094-4e5b-94ce-5eca3a1856b6
09/10/2021 03:09:48 PM
LogName=Microsoft-Windows-PowerShell/Operational
SourceName=Microsoft-Windows-PowerShell
EventCode=4106
EventType=5
Type=Verbose
ComputerName=win-host-987.attackrange.local
User=NOT_TRANSLATED
Sid=S-1-5-21-1166625382-1442148322-2337405042-2397
SidType=0
TaskCategory=Stopping Command
OpCode=On create calls
RecordNumber=2137899
Keywords=None
Message=Completed invocation of ScriptBlock ID: f6a4beed-b28b-43ca-b4c2-0713e0d67ccd
Runspace ID: 6f3eb055-e094-4e5b-94ce-5eca3a1856b6
09/10/2021 03:09:48 PM
LogName=Microsoft-Windows-PowerShell/Operational
SourceName=Microsoft-Windows-PowerShell
EventCode=4105
EventType=5
Type=Verbose
ComputerName=win-host-987.attackrange.local
User=NOT_TRANSLATED
Sid=S-1-5-21-1166625382-1442148322-2337405042-2397
SidType=0
TaskCategory=Starting Command
OpCode=On create calls
RecordNumber=2137898
Keywords=None
Message=Started invocation of ScriptBlock ID: f6a4beed-b28b-43ca-b4c2-0713e0d67ccd
Runspace ID: 6f3eb055-e094-4e5b-94ce-5eca3a1856b6
09/10/2021 03:09:48 PM
LogName=Microsoft-Windows-PowerShell/Operational
SourceName=Microsoft-Windows-PowerShell
EventCode=4106
EventType=5
Type=Verbose
ComputerName=win-host-987.attackrange.local
User=NOT_TRANSLATED
Sid=S-1-5-21-1166625382-1442148322-2337405042-2397
SidType=0
TaskCategory=Stopping Command
OpCode=On create calls
RecordNumber=2137897
Keywords=None
Message=Completed invocation of ScriptBlock ID: 7b473814-9fb1-4312-8697-223797692163
Runspace ID: 6f3eb055-e094-4e5b-94ce-5eca3a1856b6
09/10/2021 03:09:48 PM
LogName=Microsoft-Windows-PowerShell/Operational
SourceName=Microsoft-Windows-PowerShell
EventCode=4105
EventType=5
Type=Verbose
ComputerName=win-host-987.attackrange.local
User=NOT_TRANSLATED
Sid=S-1-5-21-1166625382-1442148322-2337405042-2397
SidType=0
TaskCategory=Starting Command
OpCode=On create calls
RecordNumber=2137896
Keywords=None
Message=Started invocation of ScriptBlock ID: 7b473814-9fb1-4312-8697-223797692163
Runspace ID: 6f3eb055-e094-4e5b-94ce-5eca3a1856b6
09/10/2021 03:09:48 PM
LogName=Microsoft-Windows-PowerShell/Operational
SourceName=Microsoft-Windows-PowerShell
EventCode=4106
EventType=5
Type=Verbose
ComputerName=win-host-987.attackrange.local
User=NOT_TRANSLATED
Sid=S-1-5-21-1166625382-1442148322-2337405042-2397
SidType=0
TaskCategory=Stopping Command
OpCode=On create calls
RecordNumber=2137895
Keywords=None
Message=Completed invocation of ScriptBlock ID: f6a4beed-b28b-43ca-b4c2-0713e0d67ccd
Runspace ID: 6f3eb055-e094-4e5b-94ce-5eca3a1856b6
09/10/2021 03:09:48 PM
LogName=Microsoft-Windows-PowerShell/Operational
SourceName=Microsoft-Windows-PowerShell
EventCode=4105
EventType=5
Type=Verbose
ComputerName=win-host-987.attackrange.local
User=NOT_TRANSLATED
Sid=S-1-5-21-1166625382-1442148322-2337405042-2397
SidType=0
TaskCategory=Starting Command
OpCode=On create calls
RecordNumber=2137894
Keywords=None
Message=Started invocation of ScriptBlock ID: f6a4beed-b28b-43ca-b4c2-0713e0d67ccd
Runspace ID: 6f3eb055-e094-4e5b-94ce-5eca3a1856b6
09/10/2021 03:09:48 PM
LogName=Microsoft-Windows-PowerShell/Operational
SourceName=Microsoft-Windows-PowerShell
EventCode=4106
EventType=5
Type=Verbose
ComputerName=win-host-987.attackrange.local
User=NOT_TRANSLATED
Sid=S-1-5-21-1166625382-1442148322-2337405042-2397
SidType=0
TaskCategory=Stopping Command
OpCode=On create calls
RecordNumber=2137893
Keywords=None
Message=Completed invocation of ScriptBlock ID: 7b473814-9fb1-4312-8697-223797692163
Runspace ID: 6f3eb055-e094-4e5b-94ce-5eca3a1856b6
09/10/2021 03:09:48 PM
LogName=Microsoft-Windows-PowerShell/Operational
SourceName=Microsoft-Windows-PowerShell
EventCode=4105
EventType=5
Type=Verbose
ComputerName=win-host-987.attackrange.local
User=NOT_TRANSLATED
Sid=S-1-5-21-1166625382-1442148322-2337405042-2397
SidType=0
TaskCategory=Starting Command
OpCode=On create calls
RecordNumber=2137892
Keywords=None
Message=Started invocation of ScriptBlock ID: 7b473814-9fb1-4312-8697-223797692163
Runspace ID: 6f3eb055-e094-4e5b-94ce-5eca3a1856b6
09/10/2021 03:09:48 PM
LogName=Microsoft-Windows-PowerShell/Operational
SourceName=Microsoft-Windows-PowerShell
EventCode=4106
EventType=5
Type=Verbose
ComputerName=win-host-987.attackrange.local
User=NOT_TRANSLATED
Sid=S-1-5-21-1166625382-1442148322-2337405042-2397
SidType=0
TaskCategory=Stopping Command
OpCode=On create calls
RecordNumber=2137891
Keywords=None
Message=Completed invocation of ScriptBlock ID: f6a4beed-b28b-43ca-b4c2-0713e0d67ccd
Runspace ID: 6f3eb055-e094-4e5b-94ce-5eca3a1856b6
09/10/2021 03:09:48 PM
LogName=Microsoft-Windows-PowerShell/Operational
SourceName=Microsoft-Windows-PowerShell
EventCode=4105
EventType=5
Type=Verbose
ComputerName=win-host-987.attackrange.local
User=NOT_TRANSLATED
Sid=S-1-5-21-1166625382-1442148322-2337405042-2397
SidType=0
TaskCategory=Starting Command
OpCode=On create calls
RecordNumber=2137890
Keywords=None
Message=Started invocation of ScriptBlock ID: f6a4beed-b28b-43ca-b4c2-0713e0d67ccd
Runspace ID: 6f3eb055-e094-4e5b-94ce-5eca3a1856b6
09/10/2021 03:09:48 PM
LogName=Microsoft-Windows-PowerShell/Operational
SourceName=Microsoft-Windows-PowerShell
EventCode=4106
EventType=5
Type=Verbose
ComputerName=win-host-987.attackrange.local
User=NOT_TRANSLATED
Sid=S-1-5-21-1166625382-1442148322-2337405042-2397
SidType=0
TaskCategory=Stopping Command
OpCode=On create calls
RecordNumber=2137889
Keywords=None
Message=Completed invocation of ScriptBlock ID: 7b473814-9fb1-4312-8697-223797692163
Runspace ID: 6f3eb055-e094-4e5b-94ce-5eca3a1856b6
09/10/2021 03:09:48 PM
LogName=Microsoft-Windows-PowerShell/Operational
SourceName=Microsoft-Windows-PowerShell
EventCode=4105
EventType=5
Type=Verbose
ComputerName=win-host-987.attackrange.local
User=NOT_TRANSLATED
Sid=S-1-5-21-1166625382-1442148322-2337405042-2397
SidType=0
TaskCategory=Starting Command
OpCode=On create calls
RecordNumber=2137888
Keywords=None
Message=Started invocation of ScriptBlock ID: 7b473814-9fb1-4312-8697-223797692163
Runspace ID: 6f3eb055-e094-4e5b-94ce-5eca3a1856b6
09/10/2021 03:09:48 PM
LogName=Microsoft-Windows-PowerShell/Operational
SourceName=Microsoft-Windows-PowerShell
EventCode=4106
EventType=5
Type=Verbose
ComputerName=win-host-987.attackrange.local
User=NOT_TRANSLATED
Sid=S-1-5-21-1166625382-1442148322-2337405042-2397
SidType=0
TaskCategory=Stopping Command
OpCode=On create calls
RecordNumber=2137887
Keywords=None
Message=Completed invocation of ScriptBlock ID: f6a4beed-b28b-43ca-b4c2-0713e0d67ccd
Runspace ID: 6f3eb055-e094-4e5b-94ce-5eca3a1856b6
09/10/2021 03:09:48 PM
LogName=Microsoft-Windows-PowerShell/Operational
SourceName=Microsoft-Windows-PowerShell
EventCode=4105
EventType=5
Type=Verbose
ComputerName=win-host-987.attackrange.local
User=NOT_TRANSLATED
Sid=S-1-5-21-1166625382-1442148322-2337405042-2397
SidType=0
TaskCategory=Starting Command
OpCode=On create calls
RecordNumber=2137886
Keywords=None
Message=Started invocation of ScriptBlock ID: f6a4beed-b28b-43ca-b4c2-0713e0d67ccd
Runspace ID: 6f3eb055-e094-4e5b-94ce-5eca3a1856b6
09/10/2021 03:09:48 PM
LogName=Microsoft-Windows-PowerShell/Operational
SourceName=Microsoft-Windows-PowerShell
EventCode=4106
EventType=5
Type=Verbose
ComputerName=win-host-987.attackrange.local
User=NOT_TRANSLATED
Sid=S-1-5-21-1166625382-1442148322-2337405042-2397
SidType=0
TaskCategory=Stopping Command
OpCode=On create calls
RecordNumber=2137885
Keywords=None
Message=Completed invocation of ScriptBlock ID: 7b473814-9fb1-4312-8697-223797692163
Runspace ID: 6f3eb055-e094-4e5b-94ce-5eca3a1856b6
09/10/2021 03:09:48 PM
LogName=Microsoft-Windows-PowerShell/Operational
SourceName=Microsoft-Windows-PowerShell
EventCode=4105
EventType=5
Type=Verbose
ComputerName=win-host-987.attackrange.local
User=NOT_TRANSLATED
Sid=S-1-5-21-1166625382-1442148322-2337405042-2397
SidType=0
TaskCategory=Starting Command
OpCode=On create calls
RecordNumber=2137884
Keywords=None
Message=Started invocation of ScriptBlock ID: 7b473814-9fb1-4312-8697-223797692163
Runspace ID: 6f3eb055-e094-4e5b-94ce-5eca3a1856b6
09/10/2021 03:09:48 PM
LogName=Microsoft-Windows-PowerShell/Operational
SourceName=Microsoft-Windows-PowerShell
EventCode=4106
EventType=5
Type=Verbose
ComputerName=win-host-987.attackrange.local
User=NOT_TRANSLATED
Sid=S-1-5-21-1166625382-1442148322-2337405042-2397
SidType=0
TaskCategory=Stopping Command
OpCode=On create calls
RecordNumber=2137883
Keywords=None
Message=Completed invocation of ScriptBlock ID: f6a4beed-b28b-43ca-b4c2-0713e0d67ccd
Runspace ID: 6f3eb055-e094-4e5b-94ce-5eca3a1856b6
09/10/2021 03:09:48 PM
LogName=Microsoft-Windows-PowerShell/Operational
SourceName=Microsoft-Windows-PowerShell
EventCode=4105
EventType=5
Type=Verbose
ComputerName=win-host-987.attackrange.local
User=NOT_TRANSLATED
Sid=S-1-5-21-1166625382-1442148322-2337405042-2397
SidType=0
TaskCategory=Starting Command
OpCode=On create calls
RecordNumber=2137882
Keywords=None
Message=Started invocation of ScriptBlock ID: f6a4beed-b28b-43ca-b4c2-0713e0d67ccd
Runspace ID: 6f3eb055-e094-4e5b-94ce-5eca3a1856b6
09/10/2021 03:09:48 PM
LogName=Microsoft-Windows-PowerShell/Operational
SourceName=Microsoft-Windows-PowerShell
EventCode=4106
EventType=5
Type=Verbose
ComputerName=win-host-987.attackrange.local
User=NOT_TRANSLATED
Sid=S-1-5-21-1166625382-1442148322-2337405042-2397
SidType=0
TaskCategory=Stopping Command
OpCode=On create calls
RecordNumber=2137881
Keywords=None
Message=Completed invocation of ScriptBlock ID: 7b473814-9fb1-4312-8697-223797692163
Runspace ID: 6f3eb055-e094-4e5b-94ce-5eca3a1856b6
09/10/2021 03:09:48 PM
LogName=Microsoft-Windows-PowerShell/Operational
SourceName=Microsoft-Windows-PowerShell
EventCode=4105
EventType=5
Type=Verbose
ComputerName=win-host-987.attackrange.local
User=NOT_TRANSLATED
Sid=S-1-5-21-1166625382-1442148322-2337405042-2397
SidType=0
TaskCategory=Starting Command
OpCode=On create calls
RecordNumber=2137880
Keywords=None
Message=Started invocation of ScriptBlock ID: 7b473814-9fb1-4312-8697-223797692163
Runspace ID: 6f3eb055-e094-4e5b-94ce-5eca3a1856b6
09/10/2021 03:09:48 PM
LogName=Microsoft-Windows-PowerShell/Operational
SourceName=Microsoft-Windows-PowerShell
EventCode=4106
EventType=5
Type=Verbose
ComputerName=win-host-987.attackrange.local
User=NOT_TRANSLATED
Sid=S-1-5-21-1166625382-1442148322-2337405042-2397
SidType=0
TaskCategory=Stopping Command
OpCode=On create calls
RecordNumber=2137879
Keywords=None
Message=Completed invocation of ScriptBlock ID: f6a4beed-b28b-43ca-b4c2-0713e0d67ccd
Runspace ID: 6f3eb055-e094-4e5b-94ce-5eca3a1856b6
09/10/2021 03:09:48 PM
LogName=Microsoft-Windows-PowerShell/Operational
SourceName=Microsoft-Windows-PowerShell
EventCode=4105
EventType=5
Type=Verbose
ComputerName=win-host-987.attackrange.local
User=NOT_TRANSLATED
Sid=S-1-5-21-1166625382-1442148322-2337405042-2397
SidType=0
TaskCategory=Starting Command
OpCode=On create calls
RecordNumber=2137878
Keywords=None
Message=Started invocation of ScriptBlock ID: f6a4beed-b28b-43ca-b4c2-0713e0d67ccd
Runspace ID: 6f3eb055-e094-4e5b-94ce-5eca3a1856b6
09/10/2021 03:09:48 PM
LogName=Microsoft-Windows-PowerShell/Operational
SourceName=Microsoft-Windows-PowerShell
EventCode=4106
EventType=5
Type=Verbose
ComputerName=win-host-987.attackrange.local
User=NOT_TRANSLATED
Sid=S-1-5-21-1166625382-1442148322-2337405042-2397
SidType=0
TaskCategory=Stopping Command
OpCode=On create calls
RecordNumber=2137877
Keywords=None
Message=Completed invocation of ScriptBlock ID: 7b473814-9fb1-4312-8697-223797692163
Runspace ID: 6f3eb055-e094-4e5b-94ce-5eca3a1856b6
09/10/2021 03:09:48 PM
LogName=Microsoft-Windows-PowerShell/Operational
SourceName=Microsoft-Windows-PowerShell
EventCode=4105
EventType=5
Type=Verbose
ComputerName=win-host-987.attackrange.local
User=NOT_TRANSLATED
Sid=S-1-5-21-1166625382-1442148322-2337405042-2397
SidType=0
TaskCategory=Starting Command
OpCode=On create calls
RecordNumber=2137876
Keywords=None
Message=Started invocation of ScriptBlock ID: 7b473814-9fb1-4312-8697-223797692163
Runspace ID: 6f3eb055-e094-4e5b-94ce-5eca3a1856b6
09/10/2021 03:09:48 PM
LogName=Microsoft-Windows-PowerShell/Operational
SourceName=Microsoft-Windows-PowerShell
EventCode=4106
EventType=5
Type=Verbose
ComputerName=win-host-987.attackrange.local
User=NOT_TRANSLATED
Sid=S-1-5-21-1166625382-1442148322-2337405042-2397
SidType=0
TaskCategory=Stopping Command
OpCode=On create calls
RecordNumber=2137875
Keywords=None
Message=Completed invocation of ScriptBlock ID: f6a4beed-b28b-43ca-b4c2-0713e0d67ccd
Runspace ID: 6f3eb055-e094-4e5b-94ce-5eca3a1856b6
09/10/2021 03:09:48 PM
LogName=Microsoft-Windows-PowerShell/Operational
SourceName=Microsoft-Windows-PowerShell
EventCode=4105
EventType=5
Type=Verbose
ComputerName=win-host-987.attackrange.local
User=NOT_TRANSLATED
Sid=S-1-5-21-1166625382-1442148322-2337405042-2397
SidType=0
TaskCategory=Starting Command
OpCode=On create calls
RecordNumber=2137874
Keywords=None
Message=Started invocation of ScriptBlock ID: f6a4beed-b28b-43ca-b4c2-0713e0d67ccd
Runspace ID: 6f3eb055-e094-4e5b-94ce-5eca3a1856b6
09/10/2021 03:09:48 PM
LogName=Microsoft-Windows-PowerShell/Operational
SourceName=Microsoft-Windows-PowerShell
EventCode=4106
EventType=5
Type=Verbose
ComputerName=win-host-987.attackrange.local
User=NOT_TRANSLATED
Sid=S-1-5-21-1166625382-1442148322-2337405042-2397
SidType=0
TaskCategory=Stopping Command
OpCode=On create calls
RecordNumber=2137873
Keywords=None
Message=Completed invocation of ScriptBlock ID: 7b473814-9fb1-4312-8697-223797692163
Runspace ID: 6f3eb055-e094-4e5b-94ce-5eca3a1856b6
09/10/2021 03:09:48 PM
LogName=Microsoft-Windows-PowerShell/Operational
SourceName=Microsoft-Windows-PowerShell
EventCode=4105
EventType=5
Type=Verbose
ComputerName=win-host-987.attackrange.local
User=NOT_TRANSLATED
Sid=S-1-5-21-1166625382-1442148322-2337405042-2397
SidType=0
TaskCategory=Starting Command
OpCode=On create calls
RecordNumber=2137872
Keywords=None
Message=Started invocation of ScriptBlock ID: 7b473814-9fb1-4312-8697-223797692163
Runspace ID: 6f3eb055-e094-4e5b-94ce-5eca3a1856b6
09/10/2021 03:09:48 PM
LogName=Microsoft-Windows-PowerShell/Operational
SourceName=Microsoft-Windows-PowerShell
EventCode=4106
EventType=5
Type=Verbose
ComputerName=win-host-987.attackrange.local
User=NOT_TRANSLATED
Sid=S-1-5-21-1166625382-1442148322-2337405042-2397
SidType=0
TaskCategory=Stopping Command
OpCode=On create calls
RecordNumber=2137871
Keywords=None
Message=Completed invocation of ScriptBlock ID: f6a4beed-b28b-43ca-b4c2-0713e0d67ccd
Runspace ID: 6f3eb055-e094-4e5b-94ce-5eca3a1856b6
09/10/2021 03:09:48 PM
LogName=Microsoft-Windows-PowerShell/Operational
SourceName=Microsoft-Windows-PowerShell
EventCode=4105
EventType=5
Type=Verbose
ComputerName=win-host-987.attackrange.local
User=NOT_TRANSLATED
Sid=S-1-5-21-1166625382-1442148322-2337405042-2397
SidType=0
TaskCategory=Starting Command
OpCode=On create calls
RecordNumber=2137870
Keywords=None
Message=Started invocation of ScriptBlock ID: f6a4beed-b28b-43ca-b4c2-0713e0d67ccd
Runspace ID: 6f3eb055-e094-4e5b-94ce-5eca3a1856b6
09/10/2021 03:09:48 PM
LogName=Microsoft-Windows-PowerShell/Operational
SourceName=Microsoft-Windows-PowerShell
EventCode=4106
EventType=5
Type=Verbose
ComputerName=win-host-987.attackrange.local
User=NOT_TRANSLATED
Sid=S-1-5-21-1166625382-1442148322-2337405042-2397
SidType=0
TaskCategory=Stopping Command
OpCode=On create calls
RecordNumber=2137869
Keywords=None
Message=Completed invocation of ScriptBlock ID: 7b473814-9fb1-4312-8697-223797692163
Runspace ID: 6f3eb055-e094-4e5b-94ce-5eca3a1856b6
09/10/2021 03:09:48 PM
LogName=Microsoft-Windows-PowerShell/Operational
SourceName=Microsoft-Windows-PowerShell
EventCode=4105
EventType=5
Type=Verbose
ComputerName=win-host-987.attackrange.local
User=NOT_TRANSLATED
Sid=S-1-5-21-1166625382-1442148322-2337405042-2397
SidType=0
TaskCategory=Starting Command
OpCode=On create calls
RecordNumber=2137868
Keywords=None
Message=Started invocation of ScriptBlock ID: 7b473814-9fb1-4312-8697-223797692163
Runspace ID: 6f3eb055-e094-4e5b-94ce-5eca3a1856b6
09/10/2021 03:09:48 PM
LogName=Microsoft-Windows-PowerShell/Operational
SourceName=Microsoft-Windows-PowerShell
EventCode=4106
EventType=5
Type=Verbose
ComputerName=win-host-987.attackrange.local
User=NOT_TRANSLATED
Sid=S-1-5-21-1166625382-1442148322-2337405042-2397
SidType=0
TaskCategory=Stopping Command
OpCode=On create calls
RecordNumber=2137867
Keywords=None
Message=Completed invocation of ScriptBlock ID: 5e032228-b019-4ab3-85f9-c6730c43ea58
Runspace ID: 6f3eb055-e094-4e5b-94ce-5eca3a1856b6
09/10/2021 03:09:48 PM
LogName=Microsoft-Windows-PowerShell/Operational
SourceName=Microsoft-Windows-PowerShell
EventCode=4105
EventType=5
Type=Verbose
ComputerName=win-host-987.attackrange.local
User=NOT_TRANSLATED
Sid=S-1-5-21-1166625382-1442148322-2337405042-2397
SidType=0
TaskCategory=Starting Command
OpCode=On create calls
RecordNumber=2137866
Keywords=None
Message=Started invocation of ScriptBlock ID: 5e032228-b019-4ab3-85f9-c6730c43ea58
Runspace ID: 6f3eb055-e094-4e5b-94ce-5eca3a1856b6
09/10/2021 03:09:48 PM
LogName=Microsoft-Windows-PowerShell/Operational
SourceName=Microsoft-Windows-PowerShell
EventCode=4104
EventType=5
Type=Verbose
ComputerName=win-host-987.attackrange.local
User=NOT_TRANSLATED
Sid=S-1-5-21-1166625382-1442148322-2337405042-2397
SidType=0
TaskCategory=Execute a Remote Command
OpCode=On create calls
RecordNumber=2137865
Keywords=None
Message=Creating Scriptblock text (1 of 1):
function __cmdletization_BindCommonParameters
{
    param(
        $__cmdletization_objectModelWrapper,
        $myPSBoundParameters
    )       
                

        if ($myPSBoundParameters.ContainsKey('CimSession')) { 
            $__cmdletization_objectModelWrapper.PSObject.Properties['CimSession'].Value = $myPSBoundParameters['CimSession'] 
        }
                    

        if ($myPSBoundParameters.ContainsKey('ThrottleLimit')) { 
            $__cmdletization_objectModelWrapper.PSObject.Properties['ThrottleLimit'].Value = $myPSBoundParameters['ThrottleLimit'] 
        }
                    

        if ($myPSBoundParameters.ContainsKey('AsJob')) { 
            $__cmdletization_objectModelWrapper.PSObject.Properties['AsJob'].Value = $myPSBoundParameters['AsJob'] 
        }
                    

}

ScriptBlock ID: 5e032228-b019-4ab3-85f9-c6730c43ea58
Path:
09/10/2021 03:09:48 PM
LogName=Microsoft-Windows-PowerShell/Operational
SourceName=Microsoft-Windows-PowerShell
EventCode=4106
EventType=5
Type=Verbose
ComputerName=win-host-987.attackrange.local
User=NOT_TRANSLATED
Sid=S-1-5-21-1166625382-1442148322-2337405042-2397
SidType=0
TaskCategory=Stopping Command
OpCode=On create calls
RecordNumber=2137864
Keywords=None
Message=Completed invocation of ScriptBlock ID: f363a1e8-62df-413d-aa75-d611409f2217
Runspace ID: 6f3eb055-e094-4e5b-94ce-5eca3a1856b6
09/10/2021 03:09:48 PM
LogName=Microsoft-Windows-PowerShell/Operational
SourceName=Microsoft-Windows-PowerShell
EventCode=4105
EventType=5
Type=Verbose
ComputerName=win-host-987.attackrange.local
User=NOT_TRANSLATED
Sid=S-1-5-21-1166625382-1442148322-2337405042-2397
SidType=0
TaskCategory=Starting Command
OpCode=On create calls
RecordNumber=2137863
Keywords=None
Message=Started invocation of ScriptBlock ID: f363a1e8-62df-413d-aa75-d611409f2217
Runspace ID: 6f3eb055-e094-4e5b-94ce-5eca3a1856b6
09/10/2021 03:09:48 PM
LogName=Microsoft-Windows-PowerShell/Operational
SourceName=Microsoft-Windows-PowerShell
EventCode=4106
EventType=5
Type=Verbose
ComputerName=win-host-987.attackrange.local
User=NOT_TRANSLATED
Sid=S-1-5-21-1166625382-1442148322-2337405042-2397
SidType=0
TaskCategory=Stopping Command
OpCode=On create calls
RecordNumber=2137862
Keywords=None
Message=Completed invocation of ScriptBlock ID: ee27bcbf-716b-4b72-be45-28de907b19d8
Runspace ID: 6f3eb055-e094-4e5b-94ce-5eca3a1856b6
09/10/2021 03:09:48 PM
LogName=Microsoft-Windows-PowerShell/Operational
SourceName=Microsoft-Windows-PowerShell
EventCode=4106
EventType=5
Type=Verbose
ComputerName=win-host-987.attackrange.local
User=NOT_TRANSLATED
Sid=S-1-5-21-1166625382-1442148322-2337405042-2397
SidType=0
TaskCategory=Stopping Command
OpCode=On create calls
RecordNumber=2137861
Keywords=None
Message=Completed invocation of ScriptBlock ID: 9a5c9af6-7627-4a5c-aeda-52d98c2d2583
Runspace ID: 6f3eb055-e094-4e5b-94ce-5eca3a1856b6
09/10/2021 03:09:48 PM
LogName=Microsoft-Windows-PowerShell/Operational
SourceName=Microsoft-Windows-PowerShell
EventCode=4105
EventType=5
Type=Verbose
ComputerName=win-host-987.attackrange.local
User=NOT_TRANSLATED
Sid=S-1-5-21-1166625382-1442148322-2337405042-2397
SidType=0
TaskCategory=Starting Command
OpCode=On create calls
RecordNumber=2137860
Keywords=None
Message=Started invocation of ScriptBlock ID: 9a5c9af6-7627-4a5c-aeda-52d98c2d2583
Runspace ID: 6f3eb055-e094-4e5b-94ce-5eca3a1856b6
09/10/2021 03:09:48 PM
LogName=Microsoft-Windows-PowerShell/Operational
SourceName=Microsoft-Windows-PowerShell
EventCode=4106
EventType=5
Type=Verbose
ComputerName=win-host-987.attackrange.local
User=NOT_TRANSLATED
Sid=S-1-5-21-1166625382-1442148322-2337405042-2397
SidType=0
TaskCategory=Stopping Command
OpCode=On create calls
RecordNumber=2137859
Keywords=None
Message=Completed invocation of ScriptBlock ID: bd47d46e-7f1a-498b-9f3d-3065b2fc27f0
Runspace ID: 6f3eb055-e094-4e5b-94ce-5eca3a1856b6
09/10/2021 03:09:48 PM
LogName=Microsoft-Windows-PowerShell/Operational
SourceName=Microsoft-Windows-PowerShell
EventCode=4105
EventType=5
Type=Verbose
ComputerName=win-host-987.attackrange.local
User=NOT_TRANSLATED
Sid=S-1-5-21-1166625382-1442148322-2337405042-2397
SidType=0
TaskCategory=Starting Command
OpCode=On create calls
RecordNumber=2137858
Keywords=None
Message=Started invocation of ScriptBlock ID: bd47d46e-7f1a-498b-9f3d-3065b2fc27f0
Runspace ID: 6f3eb055-e094-4e5b-94ce-5eca3a1856b6
09/10/2021 03:09:48 PM
LogName=Microsoft-Windows-PowerShell/Operational
SourceName=Microsoft-Windows-PowerShell
EventCode=4105
EventType=5
Type=Verbose
ComputerName=win-host-987.attackrange.local
User=NOT_TRANSLATED
Sid=S-1-5-21-1166625382-1442148322-2337405042-2397
SidType=0
TaskCategory=Starting Command
OpCode=On create calls
RecordNumber=2137857
Keywords=None
Message=Started invocation of ScriptBlock ID: ee27bcbf-716b-4b72-be45-28de907b19d8
Runspace ID: 6f3eb055-e094-4e5b-94ce-5eca3a1856b6
09/10/2021 03:09:48 PM
LogName=Microsoft-Windows-PowerShell/Operational
SourceName=Microsoft-Windows-PowerShell
EventCode=4106
EventType=5
Type=Verbose
ComputerName=win-host-987.attackrange.local
User=NOT_TRANSLATED
Sid=S-1-5-21-1166625382-1442148322-2337405042-2397
SidType=0
TaskCategory=Stopping Command
OpCode=On create calls
RecordNumber=2137856
Keywords=None
Message=Completed invocation of ScriptBlock ID: 01601700-8a76-4057-9c7f-a02ef8d01558
Runspace ID: 6f3eb055-e094-4e5b-94ce-5eca3a1856b6
09/10/2021 03:09:48 PM
LogName=Microsoft-Windows-PowerShell/Operational
SourceName=Microsoft-Windows-PowerShell
EventCode=4105
EventType=5
Type=Verbose
ComputerName=win-host-987.attackrange.local
User=NOT_TRANSLATED
Sid=S-1-5-21-1166625382-1442148322-2337405042-2397
SidType=0
TaskCategory=Starting Command
OpCode=On create calls
RecordNumber=2137855
Keywords=None
Message=Started invocation of ScriptBlock ID: 01601700-8a76-4057-9c7f-a02ef8d01558
Runspace ID: 6f3eb055-e094-4e5b-94ce-5eca3a1856b6
09/10/2021 03:09:48 PM
LogName=Microsoft-Windows-PowerShell/Operational
SourceName=Microsoft-Windows-PowerShell
EventCode=4104
EventType=3
Type=Warning
ComputerName=win-host-987.attackrange.local
User=NOT_TRANSLATED
Sid=S-1-5-21-1166625382-1442148322-2337405042-2397
SidType=0
TaskCategory=Execute a Remote Command
OpCode=On create calls
RecordNumber=2137854
Keywords=None
Message=Creating Scriptblock text (1 of 1):

#requires -version 3.0

try { Microsoft.PowerShell.Core\Set-StrictMode -Off } catch { }

$script:MyModule = $MyInvocation.MyCommand.ScriptBlock.Module

$script:ClassName = 'ROOT/StandardCimv2/MSFT_NetUDPSetting'
$script:ClassVersion = '1.0.0'
$script:ModuleVersion = '1.0.0'
$script:ObjectModelWrapper = [Microsoft.PowerShell.Cmdletization.Cim.CimCmdletAdapter]

$script:PrivateData = [System.Collections.Generic.Dictionary[string,string]]::new()

Microsoft.PowerShell.Core\Export-ModuleMember -Function @()
        

function __cmdletization_BindCommonParameters
{
    param(
        $__cmdletization_objectModelWrapper,
        $myPSBoundParameters
    )       
                

        if ($myPSBoundParameters.ContainsKey('CimSession')) { 
            $__cmdletization_objectModelWrapper.PSObject.Properties['CimSession'].Value = $myPSBoundParameters['CimSession'] 
        }
                    

        if ($myPSBoundParameters.ContainsKey('ThrottleLimit')) { 
            $__cmdletization_objectModelWrapper.PSObject.Properties['ThrottleLimit'].Value = $myPSBoundParameters['ThrottleLimit'] 
        }
                    

        if ($myPSBoundParameters.ContainsKey('AsJob')) { 
            $__cmdletization_objectModelWrapper.PSObject.Properties['AsJob'].Value = $myPSBoundParameters['AsJob'] 
        }
                    

}
                

function Get-NetUDPSetting
{
    [CmdletBinding(DefaultParameterSetName='ByName', PositionalBinding=$false)]
    
    [OutputType([Microsoft.Management.Infrastructure.CimInstance])]
[OutputType('Microsoft.Management.Infrastructure.CimInstance#ROOT/StandardCimv2/MSFT_NetUDPSetting')]

    param(
    
    [Parameter(ParameterSetName='ByName', Position=0)]
    [ValidateNotNull()]
    [uint16[]]
    ${DynamicPortRangeStartPort},

    [Parameter(ParameterSetName='ByName', Position=1)]
    [ValidateNotNull()]
    [uint16[]]
    ${DynamicPortRangeNumberOfPorts},

    [Parameter(ParameterSetName='ByName')]
    [Alias('Session')]
    [ValidateNotNullOrEmpty()]
    [CimSession[]]
    ${CimSession},

    [Parameter(ParameterSetName='ByName')]
    [int]
    ${ThrottleLimit},

    [Parameter(ParameterSetName='ByName')]
    [switch]
    ${AsJob})

    DynamicParam {
        try 
        {
            if (-not $__cmdletization_exceptionHasBeenThrown)
            {
                $__cmdletization_objectModelWrapper = $script:ObjectModelWrapper::new()
                $__cmdletization_objectModelWrapper.Initialize($PSCmdlet, $script:ClassName, $script:ClassVersion, $script:ModuleVersion, $script:PrivateData)

                if ($__cmdletization_objectModelWrapper -is [System.Management.Automation.IDynamicParameters])
                {
                    ([System.Management.Automation.IDynamicParameters]$__cmdletization_objectModelWrapper).GetDynamicParameters()
                }
            }
        }
        catch
        {
            $__cmdletization_exceptionHasBeenThrown = $true
            throw
        }
    }

    Begin {
        $__cmdletization_exceptionHasBeenThrown = $false
        try 
        {
            __cmdletization_BindCommonParameters $__cmdletization_objectModelWrapper $PSBoundParameters
            $__cmdletization_objectModelWrapper.BeginProcessing()
        }
        catch
        {
            $__cmdletization_exceptionHasBeenThrown = $true
            throw
        }
    }
        

    Process {
        try 
        {
            if (-not $__cmdletization_exceptionHasBeenThrown)
            {
    $__cmdletization_queryBuilder = $__cmdletization_objectModelWrapper.GetQueryBuilder()
    if ($PSBoundParameters.ContainsKey('DynamicPortRangeStartPort') -and (@('ByName') -contains $PSCmdlet.ParameterSetName )) {
        $__cmdletization_values = @(${DynamicPortRangeStartPort})
        $__cmdletization_queryBuilder.FilterByProperty('DynamicPortRangeStartPort', $__cmdletization_values, $false, 'Default')
    }
    if ($PSBoundParameters.ContainsKey('DynamicPortRangeNumberOfPorts') -and (@('ByName') -contains $PSCmdlet.ParameterSetName )) {
        $__cmdletization_values = @(${DynamicPortRangeNumberOfPorts})
        $__cmdletization_queryBuilder.FilterByProperty('DynamicPortRangeNumberOfPorts', $__cmdletization_values, $false, 'Default')
    }


    $__cmdletization_objectModelWrapper.ProcessRecord($__cmdletization_queryBuilder)
            }
        }
        catch
        {
            $__cmdletization_exceptionHasBeenThrown = $true
            throw
        }
    }
        

    End {
        try
        {
            if (-not $__cmdletization_exceptionHasBeenThrown)
            {
                $__cmdletization_objectModelWrapper.EndProcessing()
            }
        }
        catch
        {
            throw
        }
    }

    # .EXTERNALHELP MSFT_NetUDPSetting.cdxml-Help.xml
}
Microsoft.PowerShell.Core\Export-ModuleMember -Function 'Get-NetUDPSetting' -Alias '*'
        

function Set-NetUDPSetting
{
    [CmdletBinding(DefaultParameterSetName='InputObject (cdxml)', SupportsShouldProcess=$true, ConfirmImpact='Medium', PositionalBinding=$false)]
    
    [OutputType([Microsoft.Management.Infrastructure.CimInstance])]
[OutputType('Microsoft.Management.Infrastructure.CimInstance#ROOT/StandardCimv2/MSFT_NetUDPSetting')]

    param(
    
    [Parameter(ParameterSetName='InputObject (cdxml)', ValueFromPipeline=$true)]
    [PSTypeName('Microsoft.Management.Infrastructure.CimInstance#MSFT_NetUDPSetting')]
    [ValidateNotNull()]
    [ciminstance[]]
    ${InputObject},

    [Parameter(ParameterSetName='InputObject (cdxml)')]
    [uint16]
    ${DynamicPortRangeStartPort},

    [Parameter(ParameterSetName='InputObject (cdxml)')]
    [uint16]
    ${DynamicPortRangeNumberOfPorts},

    [Parameter(ParameterSetName='InputObject (cdxml)')]
    [Alias('Session')]
    [ValidateNotNullOrEmpty()]
    [CimSession[]]
    ${CimSession},

    [Parameter(ParameterSetName='InputObject (cdxml)')]
    [int]
    ${ThrottleLimit},

    [Parameter(ParameterSetName='InputObject (cdxml)')]
    [switch]
    ${AsJob},

    [Parameter(ParameterSetName='InputObject (cdxml)')]
    [switch]
    ${PassThru})

    DynamicParam {
        try 
        {
            if (-not $__cmdletization_exceptionHasBeenThrown)
            {
                $__cmdletization_objectModelWrapper = $script:ObjectModelWrapper::new()
                $__cmdletization_objectModelWrapper.Initialize($PSCmdlet, $script:ClassName, $script:ClassVersion, $script:ModuleVersion, $script:PrivateData)

                if ($__cmdletization_objectModelWrapper -is [System.Management.Automation.IDynamicParameters])
                {
                    ([System.Management.Automation.IDynamicParameters]$__cmdletization_objectModelWrapper).GetDynamicParameters()
                }
            }
        }
        catch
        {
            $__cmdletization_exceptionHasBeenThrown = $true
            throw
        }
    }

    Begin {
        $__cmdletization_exceptionHasBeenThrown = $false
        try 
        {
            __cmdletization_BindCommonParameters $__cmdletization_objectModelWrapper $PSBoundParameters
            $__cmdletization_objectModelWrapper.BeginProcessing()
        }
        catch
        {
            $__cmdletization_exceptionHasBeenThrown = $true
            throw
        }
    }
        

    Process {
        try 
        {
            if (-not $__cmdletization_exceptionHasBeenThrown)
            {
    $__cmdletization_queryBuilder = $__cmdletization_objectModelWrapper.GetQueryBuilder()


    $__cmdletization_methodParameters = [System.Collections.Generic.List[Microsoft.PowerShell.Cmdletization.MethodParameter]]::new()
    switch -exact ($PSCmdlet.ParameterSetName) { 
        { @('InputObject (cdxml)') -contains $_ } {
          [object]$__cmdletization_defaultValue = $null
          [object]$__cmdletization_defaultValueIsPresent = $false
          if ($PSBoundParameters.ContainsKey('DynamicPortRangeStartPort')) {
            [object]$__cmdletization_value = ${DynamicPortRangeStartPort}
            $__cmdletization_methodParameter = [Microsoft.PowerShell.Cmdletization.MethodParameter]@{Name = 'DynamicPortRangeStartPort'; ParameterType = 'System.UInt16'; Bindings = 'In'; Value = $__cmdletization_value; IsValuePresent = $true}
          } else {
            $__cmdletization_methodParameter = [Microsoft.PowerShell.Cmdletization.MethodParameter]@{Name = 'DynamicPortRangeStartPort'; ParameterType = 'System.UInt16'; Bindings = 'In'; Value = $__cmdletization_defaultValue; IsValuePresent = $__cmdletization_defaultValueIsPresent}
          }
          $__cmdletization_methodParameters.Add($__cmdletization_methodParameter)

          [object]$__cmdletization_defaultValue = $null
          [object]$__cmdletization_defaultValueIsPresent = $false
          if ($PSBoundParameters.ContainsKey('DynamicPortRangeNumberOfPorts')) {
            [object]$__cmdletization_value = ${DynamicPortRangeNumberOfPorts}
            $__cmdletization_methodParameter = [Microsoft.PowerShell.Cmdletization.MethodParameter]@{Name = 'DynamicPortRangeNumberOfPorts'; ParameterType = 'System.UInt16'; Bindings = 'In'; Value = $__cmdletization_value; IsValuePresent = $true}
          } else {
            $__cmdletization_methodParameter = [Microsoft.PowerShell.Cmdletization.MethodParameter]@{Name = 'DynamicPortRangeNumberOfPorts'; ParameterType = 'System.UInt16'; Bindings = 'In'; Value = $__cmdletization_defaultValue; IsValuePresent = $__cmdletization_defaultValueIsPresent}
          }
          $__cmdletization_methodParameters.Add($__cmdletization_methodParameter)

      $__cmdletization_returnValue = $null
      $__cmdletization_methodInvocationInfo = [Microsoft.PowerShell.Cmdletization.MethodInvocationInfo]::new('cim:ModifyInstance', $__cmdletization_methodParameters, $__cmdletization_returnValue)
      $__cmdletization_passThru = $PSBoundParameters.ContainsKey('PassThru') -and $PassThru
            if ($PSBoundParameters.ContainsKey('InputObject')) {
                foreach ($x in $InputObject) { $__cmdletization_objectModelWrapper.ProcessRecord($x, $__cmdletization_methodInvocationInfo, $__cmdletization_PassThru) }
            } else {
                $__cmdletization_objectModelWrapper.ProcessRecord($__cmdletization_queryBuilder, $__cmdletization_methodInvocationInfo, $__cmdletization_PassThru)
            }
        }
    }

            }
        }
        catch
        {
            $__cmdletization_exceptionHasBeenThrown = $true
            throw
        }
    }
        

    End {
        try
        {
            if (-not $__cmdletization_exceptionHasBeenThrown)
            {
                $__cmdletization_objectModelWrapper.EndProcessing()
            }
        }
        catch
        {
            throw
        }
    }

    # .EXTERNALHELP MSFT_NetUDPSetting.cdxml-Help.xml
}
Microsoft.PowerShell.Core\Export-ModuleMember -Function 'Set-NetUDPSetting' -Alias '*'
        


ScriptBlock ID: 01601700-8a76-4057-9c7f-a02ef8d01558
Path:
09/10/2021 03:09:48 PM
LogName=Microsoft-Windows-PowerShell/Operational
SourceName=Microsoft-Windows-PowerShell
EventCode=4106
EventType=5
Type=Verbose
ComputerName=win-host-987.attackrange.local
User=NOT_TRANSLATED
Sid=S-1-5-21-1166625382-1442148322-2337405042-2397
SidType=0
TaskCategory=Stopping Command
OpCode=On create calls
RecordNumber=2137853
Keywords=None
Message=Completed invocation of ScriptBlock ID: 9fb7d7f9-8a8b-4b6f-a12f-12e2ab443522
Runspace ID: 6f3eb055-e094-4e5b-94ce-5eca3a1856b6
09/10/2021 03:09:48 PM
LogName=Microsoft-Windows-PowerShell/Operational
SourceName=Microsoft-Windows-PowerShell
EventCode=4105
EventType=5
Type=Verbose
ComputerName=win-host-987.attackrange.local
User=NOT_TRANSLATED
Sid=S-1-5-21-1166625382-1442148322-2337405042-2397
SidType=0
TaskCategory=Starting Command
OpCode=On create calls
RecordNumber=2137852
Keywords=None
Message=Started invocation of ScriptBlock ID: 9fb7d7f9-8a8b-4b6f-a12f-12e2ab443522
Runspace ID: 6f3eb055-e094-4e5b-94ce-5eca3a1856b6
