<Event xmlns='http://schemas.microsoft.com/win/2004/08/events/event'><System><Provider Name='Microsoft-Windows-Sysmon' Guid='{5770385F-C22A-43E0-BF4C-06F5698FFBD9}'/><EventID>10</EventID><Version>3</Version><Level>4</Level><Task>10</Task><Opcode>0</Opcode><Keywords>0x8000000000000000</Keywords><TimeCreated SystemTime='2024-04-30T15:37:11.093279800Z'/><EventRecordID>585725</EventRecordID><Correlation/><Execution ProcessID='2508' ThreadID='4412'/><Channel>Microsoft-Windows-Sysmon/Operational</Channel><Computer>AttackBox-Win10</Computer><Security UserID='S-1-5-18'/></System><EventData><Data Name='RuleName'>-</Data><Data Name='UtcTime'>2024-04-30 15:37:11.083</Data><Data Name='SourceProcessGUID'>{51A89197-1026-6631-1606-000000001D00}</Data><Data Name='SourceProcessId'>5788</Data><Data Name='SourceThreadId'>2632</Data><Data Name='SourceImage'>C:\Windows\system32\conhost.exe</Data><Data Name='TargetProcessGUID'>{51A89197-1026-6631-1406-000000001D00}</Data><Data Name='TargetProcessId'>5828</Data><Data Name='TargetImage'>C:\temp\cmdrenamed.exe</Data><Data Name='GrantedAccess'>0x1fffff</Data><Data Name='CallTrace'>C:\Windows\SYSTEM32\ntdll.dll+9ae64|C:\Windows\System32\KERNELBASE.dll+2fd5d|C:\Windows\system32\conhost.exe+6a5a|C:\Windows\system32\conhost.exe+63f7|C:\Windows\system32\conhost.exe+738e|C:\Windows\system32\conhost.exe+a73f|C:\Windows\System32\KERNEL32.DLL+14034|C:\Windows\SYSTEM32\ntdll.dll+73691</Data><Data Name='SourceUser'>ATTACKBOX-WIN10\attacker</Data><Data Name='TargetUser'>ATTACKBOX-WIN10\attacker</Data></EventData></Event>
<Event xmlns='http://schemas.microsoft.com/win/2004/08/events/event'><System><Provider Name='Microsoft-Windows-Sysmon' Guid='{5770385F-C22A-43E0-BF4C-06F5698FFBD9}'/><EventID>1</EventID><Version>5</Version><Level>4</Level><Task>1</Task><Opcode>0</Opcode><Keywords>0x8000000000000000</Keywords><TimeCreated SystemTime='2024-04-30T15:37:10.989383200Z'/><EventRecordID>585699</EventRecordID><Correlation/><Execution ProcessID='2508' ThreadID='4412'/><Channel>Microsoft-Windows-Sysmon/Operational</Channel><Computer>AttackBox-Win10</Computer><Security UserID='S-1-5-18'/></System><EventData><Data Name='RuleName'>-</Data><Data Name='UtcTime'>2024-04-30 15:37:10.988</Data><Data Name='ProcessGuid'>{51A89197-1026-6631-1606-000000001D00}</Data><Data Name='ProcessId'>5788</Data><Data Name='Image'>C:\Windows\System32\conhost.exe</Data><Data Name='FileVersion'>10.0.17134.1 (WinBuild.160101.0800)</Data><Data Name='Description'>Console Window Host</Data><Data Name='Product'>Microsoft® Windows® Operating System</Data><Data Name='Company'>Microsoft Corporation</Data><Data Name='OriginalFileName'>CONHOST.EXE</Data><Data Name='CommandLine'>\??\C:\Windows\system32\conhost.exe 0xffffffff -ForceV1</Data><Data Name='CurrentDirectory'>C:\Windows</Data><Data Name='User'>ATTACKBOX-WIN10\attacker</Data><Data Name='LogonGuid'>{51A89197-3B8D-654E-4B02-020000000000}</Data><Data Name='LogonId'>0x2024b</Data><Data Name='TerminalSessionId'>1</Data><Data Name='IntegrityLevel'>Medium</Data><Data Name='Hashes'>SHA1=8F9BC1B7D65188D0ADBDF74CCCE4EED78BF4C129,MD5=EA777DEEA782E8B4D7C7C33BBF8A4496,SHA256=04B6A35BC504401989B9E674C57C9E84D0CBDBBD9D8CE0CE83D7CECA0B7175ED,IMPHASH=63E065B05DF33ACB4D95B3DD04670B8F</Data><Data Name='ParentProcessGuid'>{51A89197-1026-6631-1406-000000001D00}</Data><Data Name='ParentProcessId'>5828</Data><Data Name='ParentImage'>C:\Temp\cmdrenamed.exe</Data><Data Name='ParentCommandLine'>"C:\temp\cmdrenamed.exe" </Data><Data Name='ParentUser'>ATTACKBOX-WIN10\attacker</Data></EventData></Event>
<Event xmlns='http://schemas.microsoft.com/win/2004/08/events/event'><System><Provider Name='Microsoft-Windows-Sysmon' Guid='{5770385F-C22A-43E0-BF4C-06F5698FFBD9}'/><EventID>13</EventID><Version>2</Version><Level>4</Level><Task>13</Task><Opcode>0</Opcode><Keywords>0x8000000000000000</Keywords><TimeCreated SystemTime='2024-04-30T15:37:10.989054000Z'/><EventRecordID>585698</EventRecordID><Correlation/><Execution ProcessID='2508' ThreadID='4412'/><Channel>Microsoft-Windows-Sysmon/Operational</Channel><Computer>AttackBox-Win10</Computer><Security UserID='S-1-5-18'/></System><EventData><Data Name='RuleName'>-</Data><Data Name='EventType'>SetValue</Data><Data Name='UtcTime'>2024-04-30 15:37:10.974</Data><Data Name='ProcessGuid'>{51A89197-1026-6631-1406-000000001D00}</Data><Data Name='ProcessId'>5828</Data><Data Name='Image'>C:\temp\cmdrenamed.exe</Data><Data Name='TargetObject'>HKLM\System\CurrentControlSet\Services\bam\UserSettings\S-1-5-21-1854396824-2342670854-3736740652-1000\\Device\HarddiskVolume1\Windows\System32\conhost.exe</Data><Data Name='Details'>Binary Data</Data><Data Name='User'>ATTACKBOX-WIN10\attacker</Data></EventData></Event>
<Event xmlns='http://schemas.microsoft.com/win/2004/08/events/event'><System><Provider Name='Microsoft-Windows-Sysmon' Guid='{5770385F-C22A-43E0-BF4C-06F5698FFBD9}'/><EventID>7</EventID><Version>3</Version><Level>4</Level><Task>7</Task><Opcode>0</Opcode><Keywords>0x8000000000000000</Keywords><TimeCreated SystemTime='2024-04-30T15:37:10.984275200Z'/><EventRecordID>585696</EventRecordID><Correlation/><Execution ProcessID='2508' ThreadID='4412'/><Channel>Microsoft-Windows-Sysmon/Operational</Channel><Computer>AttackBox-Win10</Computer><Security UserID='S-1-5-18'/></System><EventData><Data Name='RuleName'>-</Data><Data Name='UtcTime'>2024-04-30 15:37:10.974</Data><Data Name='ProcessGuid'>{51A89197-1026-6631-1406-000000001D00}</Data><Data Name='ProcessId'>5828</Data><Data Name='Image'>C:\Temp\cmdrenamed.exe</Data><Data Name='ImageLoaded'>C:\Windows\System32\KernelBase.dll</Data><Data Name='FileVersion'>10.0.17134.556 (WinBuild.160101.0800)</Data><Data Name='Description'>Windows NT BASE API Client DLL</Data><Data Name='Product'>Microsoft® Windows® Operating System</Data><Data Name='Company'>Microsoft Corporation</Data><Data Name='OriginalFileName'>Kernelbase.dll</Data><Data Name='Hashes'>SHA1=13BC46DE564D0A715E88A9BF7F7F640211D0350E,MD5=60D1EB0BE090FFA6163D6540673B925C,SHA256=576ABFB3327A3B66A1C9779FD8E159ED17D227F8F9DE34C22035FB75B0A31BA3,IMPHASH=B6A56E7F6E9B3018B2475EE0547F0EFA</Data><Data Name='Signed'>true</Data><Data Name='Signature'>Microsoft Windows</Data><Data Name='SignatureStatus'>Valid</Data><Data Name='User'>ATTACKBOX-WIN10\attacker</Data></EventData></Event>
<Event xmlns='http://schemas.microsoft.com/win/2004/08/events/event'><System><Provider Name='Microsoft-Windows-Sysmon' Guid='{5770385F-C22A-43E0-BF4C-06F5698FFBD9}'/><EventID>7</EventID><Version>3</Version><Level>4</Level><Task>7</Task><Opcode>0</Opcode><Keywords>0x8000000000000000</Keywords><TimeCreated SystemTime='2024-04-30T15:37:10.964606000Z'/><EventRecordID>585688</EventRecordID><Correlation/><Execution ProcessID='2508' ThreadID='4412'/><Channel>Microsoft-Windows-Sysmon/Operational</Channel><Computer>AttackBox-Win10</Computer><Security UserID='S-1-5-18'/></System><EventData><Data Name='RuleName'>-</Data><Data Name='UtcTime'>2024-04-30 15:37:10.943</Data><Data Name='ProcessGuid'>{51A89197-1026-6631-1406-000000001D00}</Data><Data Name='ProcessId'>5828</Data><Data Name='Image'>C:\Temp\cmdrenamed.exe</Data><Data Name='ImageLoaded'>C:\Windows\System32\kernel32.dll</Data><Data Name='FileVersion'>10.0.17134.706 (WinBuild.160101.0800)</Data><Data Name='Description'>Windows NT BASE API Client DLL</Data><Data Name='Product'>Microsoft® Windows® Operating System</Data><Data Name='Company'>Microsoft Corporation</Data><Data Name='OriginalFileName'>kernel32</Data><Data Name='Hashes'>SHA1=E6E99A68E4ADC88A19AE5B2A734BA50195D242CC,MD5=E1B62AD97016F328E6A843F690A6CD5F,SHA256=1B4AFDB38C6955F9DD375F376EA3ECD9222986EBCDABBEFBA28D9CC4A14A26F8,IMPHASH=100F313C3EEB0E6BB4BCD10918D650F0</Data><Data Name='Signed'>true</Data><Data Name='Signature'>Microsoft Windows</Data><Data Name='SignatureStatus'>Valid</Data><Data Name='User'>ATTACKBOX-WIN10\attacker</Data></EventData></Event>
<Event xmlns='http://schemas.microsoft.com/win/2004/08/events/event'><System><Provider Name='Microsoft-Windows-Sysmon' Guid='{5770385F-C22A-43E0-BF4C-06F5698FFBD9}'/><EventID>7</EventID><Version>3</Version><Level>4</Level><Task>7</Task><Opcode>0</Opcode><Keywords>0x8000000000000000</Keywords><TimeCreated SystemTime='2024-04-30T15:37:10.964254100Z'/><EventRecordID>585687</EventRecordID><Correlation/><Execution ProcessID='2508' ThreadID='4412'/><Channel>Microsoft-Windows-Sysmon/Operational</Channel><Computer>AttackBox-Win10</Computer><Security UserID='S-1-5-18'/></System><EventData><Data Name='RuleName'>-</Data><Data Name='UtcTime'>2024-04-30 15:37:10.943</Data><Data Name='ProcessGuid'>{51A89197-1026-6631-1406-000000001D00}</Data><Data Name='ProcessId'>5828</Data><Data Name='Image'>C:\Temp\cmdrenamed.exe</Data><Data Name='ImageLoaded'>C:\Windows\System32\ntdll.dll</Data><Data Name='FileVersion'>10.0.17134.556 (WinBuild.160101.0800)</Data><Data Name='Description'>NT Layer DLL</Data><Data Name='Product'>Microsoft® Windows® Operating System</Data><Data Name='Company'>Microsoft Corporation</Data><Data Name='OriginalFileName'>ntdll.dll</Data><Data Name='Hashes'>SHA1=2CAAE2BEFD373926331F5FC806B62D3BED6DD5C9,MD5=61E6720247E029EE0100D287EF9543D5,SHA256=C5C078AFC3EA674F5F1E0915A33F579D2C931C36ABAF68804A1D78838ADD54AB,IMPHASH=00000000000000000000000000000000</Data><Data Name='Signed'>true</Data><Data Name='Signature'>Microsoft Windows</Data><Data Name='SignatureStatus'>Valid</Data><Data Name='User'>ATTACKBOX-WIN10\attacker</Data></EventData></Event>
<Event xmlns='http://schemas.microsoft.com/win/2004/08/events/event'><System><Provider Name='Microsoft-Windows-Sysmon' Guid='{5770385F-C22A-43E0-BF4C-06F5698FFBD9}'/><EventID>7</EventID><Version>3</Version><Level>4</Level><Task>7</Task><Opcode>0</Opcode><Keywords>0x8000000000000000</Keywords><TimeCreated SystemTime='2024-04-30T15:37:10.963863100Z'/><EventRecordID>585686</EventRecordID><Correlation/><Execution ProcessID='2508' ThreadID='4412'/><Channel>Microsoft-Windows-Sysmon/Operational</Channel><Computer>AttackBox-Win10</Computer><Security UserID='S-1-5-18'/></System><EventData><Data Name='RuleName'>-</Data><Data Name='UtcTime'>2024-04-30 15:37:10.943</Data><Data Name='ProcessGuid'>{51A89197-1026-6631-1406-000000001D00}</Data><Data Name='ProcessId'>5828</Data><Data Name='Image'>C:\Temp\cmdrenamed.exe</Data><Data Name='ImageLoaded'>C:\Temp\cmdrenamed.exe</Data><Data Name='FileVersion'>10.0.17134.1 (WinBuild.160101.0800)</Data><Data Name='Description'>Windows Command Processor</Data><Data Name='Product'>Microsoft® Windows® Operating System</Data><Data Name='Company'>Microsoft Corporation</Data><Data Name='OriginalFileName'>Cmd.Exe</Data><Data Name='Hashes'>SHA1=3CE71813199ABAE99348F61F0CAA34E2574F831C,MD5=4E2ACF4F8A396486AB4268C94A6A245F,SHA256=9A7C58BD98D70631AA1473F7B57B426DB367D72429A5455B433A05EE251F3236,IMPHASH=8542FB14699D84D7E8DA92F66145C7FE</Data><Data Name='Signed'>true</Data><Data Name='Signature'>Microsoft Windows</Data><Data Name='SignatureStatus'>Valid</Data><Data Name='User'>ATTACKBOX-WIN10\attacker</Data></EventData></Event>
<Event xmlns='http://schemas.microsoft.com/win/2004/08/events/event'><System><Provider Name='Microsoft-Windows-Sysmon' Guid='{5770385F-C22A-43E0-BF4C-06F5698FFBD9}'/><EventID>10</EventID><Version>3</Version><Level>4</Level><Task>10</Task><Opcode>0</Opcode><Keywords>0x8000000000000000</Keywords><TimeCreated SystemTime='2024-04-30T15:37:10.952430700Z'/><EventRecordID>585685</EventRecordID><Correlation/><Execution ProcessID='2508' ThreadID='4412'/><Channel>Microsoft-Windows-Sysmon/Operational</Channel><Computer>AttackBox-Win10</Computer><Security UserID='S-1-5-18'/></System><EventData><Data Name='RuleName'>-</Data><Data Name='UtcTime'>2024-04-30 15:37:10.943</Data><Data Name='SourceProcessGUID'>{51A89197-1023-6631-1206-000000001D00}</Data><Data Name='SourceProcessId'>4724</Data><Data Name='SourceThreadId'>7448</Data><Data Name='SourceImage'>C:\Windows\System32\WindowsPowerShell\v1.0\powershell.exe</Data><Data Name='TargetProcessGUID'>{51A89197-1026-6631-1406-000000001D00}</Data><Data Name='TargetProcessId'>5828</Data><Data Name='TargetImage'>C:\temp\cmdrenamed.exe</Data><Data Name='GrantedAccess'>0x1fffff</Data><Data Name='CallTrace'>C:\Windows\SYSTEM32\ntdll.dll+9c1d4|C:\Windows\System32\KERNELBASE.dll+3b602|C:\Windows\System32\KERNELBASE.dll+69156|C:\Windows\System32\KERNEL32.DLL+1b9e3|C:\Windows\System32\windows.storage.dll+138f8a|C:\Windows\System32\windows.storage.dll+138c46|C:\Windows\System32\windows.storage.dll+13896c|C:\Windows\System32\windows.storage.dll+139e6f|C:\Windows\System32\windows.storage.dll+13869e|C:\Windows\System32\windows.storage.dll+13b1af|C:\Windows\System32\windows.storage.dll+13b744|C:\Windows\System32\windows.storage.dll+13b3b4|C:\Windows\System32\shell32.dll+2d1a6|C:\Windows\System32\shell32.dll+2d01e|C:\Windows\System32\shell32.dll+2ccb8|C:\Windows\System32\shell32.dll+92c37|C:\Windows\System32\shell32.dll+92ba5|C:\Windows\assembly\NativeImages_v4.0.30319_64\System\390ce15833384db335593dfa637bf5e9\System.ni.dll+33833a|C:\Windows\assembly\NativeImages_v4.0.30319_64\System\390ce15833384db335593dfa637bf5e9\System.ni.dll+2757f1|C:\Windows\assembly\NativeImages_v4.0.30319_64\System\390ce15833384db335593dfa637bf5e9\System.ni.dll+acac28|C:\Windows\assembly\NativeImages_v4.0.30319_64\System\390ce15833384db335593dfa637bf5e9\System.ni.dll+270e3f|C:\Windows\assembly\NativeImages_v4.0.30319_64\System\390ce15833384db335593dfa637bf5e9\System.ni.dll+2b460c|C:\Windows\assembly\NativeImages_v4.0.30319_64\Microsoft.Pae3498d9#\fdd76904665c37dd7afe5b363c2395ca\Microsoft.PowerShell.Commands.Management.ni.dll+142163|C:\Windows\assembly\NativeImages_v4.0.30319_64\Microsoft.Pae3498d9#\fdd76904665c37dd7afe5b363c2395ca\Microsoft.PowerShell.Commands.Management.ni.dll+142230</Data><Data Name='SourceUser'>ATTACKBOX-WIN10\attacker</Data><Data Name='TargetUser'>ATTACKBOX-WIN10\attacker</Data></EventData></Event>
<Event xmlns='http://schemas.microsoft.com/win/2004/08/events/event'><System><Provider Name='Microsoft-Windows-Sysmon' Guid='{5770385F-C22A-43E0-BF4C-06F5698FFBD9}'/><EventID>1</EventID><Version>5</Version><Level>4</Level><Task>1</Task><Opcode>0</Opcode><Keywords>0x8000000000000000</Keywords><TimeCreated SystemTime='2024-04-30T15:37:10.952211400Z'/><EventRecordID>585684</EventRecordID><Correlation/><Execution ProcessID='2508' ThreadID='4412'/><Channel>Microsoft-Windows-Sysmon/Operational</Channel><Computer>AttackBox-Win10</Computer><Security UserID='S-1-5-18'/></System><EventData><Data Name='RuleName'>-</Data><Data Name='UtcTime'>2024-04-30 15:37:10.941</Data><Data Name='ProcessGuid'>{51A89197-1026-6631-1406-000000001D00}</Data><Data Name='ProcessId'>5828</Data><Data Name='Image'>C:\Temp\cmdrenamed.exe</Data><Data Name='FileVersion'>10.0.17134.1 (WinBuild.160101.0800)</Data><Data Name='Description'>Windows Command Processor</Data><Data Name='Product'>Microsoft® Windows® Operating System</Data><Data Name='Company'>Microsoft Corporation</Data><Data Name='OriginalFileName'>Cmd.Exe</Data><Data Name='CommandLine'>"C:\temp\cmdrenamed.exe" </Data><Data Name='CurrentDirectory'>C:\DetectionTesting\</Data><Data Name='User'>ATTACKBOX-WIN10\attacker</Data><Data Name='LogonGuid'>{51A89197-3B8D-654E-4B02-020000000000}</Data><Data Name='LogonId'>0x2024b</Data><Data Name='TerminalSessionId'>1</Data><Data Name='IntegrityLevel'>Medium</Data><Data Name='Hashes'>SHA1=3CE71813199ABAE99348F61F0CAA34E2574F831C,MD5=4E2ACF4F8A396486AB4268C94A6A245F,SHA256=9A7C58BD98D70631AA1473F7B57B426DB367D72429A5455B433A05EE251F3236,IMPHASH=8542FB14699D84D7E8DA92F66145C7FE</Data><Data Name='ParentProcessGuid'>{51A89197-1023-6631-1206-000000001D00}</Data><Data Name='ParentProcessId'>4724</Data><Data Name='ParentImage'>C:\Windows\System32\WindowsPowerShell\v1.0\powershell.exe</Data><Data Name='ParentCommandLine'>powershell  "copy C:\Windows\system32\cmd.exe C:\temp\cmd.exe; copy C:\Windows\system32\cmd.exe C:\temp\cmdrenamed.exe; start-process C:\temp\cmd.exe; start-process C:\temp\cmdrenamed.exe"</Data><Data Name='ParentUser'>ATTACKBOX-WIN10\attacker</Data></EventData></Event>
<Event xmlns='http://schemas.microsoft.com/win/2004/08/events/event'><System><Provider Name='Microsoft-Windows-Sysmon' Guid='{5770385F-C22A-43E0-BF4C-06F5698FFBD9}'/><EventID>1</EventID><Version>5</Version><Level>4</Level><Task>1</Task><Opcode>0</Opcode><Keywords>0x8000000000000000</Keywords><TimeCreated SystemTime='2024-04-30T15:37:10.923559300Z'/><EventRecordID>585679</EventRecordID><Correlation/><Execution ProcessID='2508' ThreadID='4412'/><Channel>Microsoft-Windows-Sysmon/Operational</Channel><Computer>AttackBox-Win10</Computer><Security UserID='S-1-5-18'/></System><EventData><Data Name='RuleName'>-</Data><Data Name='UtcTime'>2024-04-30 15:37:10.918</Data><Data Name='ProcessGuid'>{51A89197-1026-6631-1306-000000001D00}</Data><Data Name='ProcessId'>4832</Data><Data Name='Image'>C:\Temp\cmd.exe</Data><Data Name='FileVersion'>10.0.17134.1 (WinBuild.160101.0800)</Data><Data Name='Description'>Windows Command Processor</Data><Data Name='Product'>Microsoft® Windows® Operating System</Data><Data Name='Company'>Microsoft Corporation</Data><Data Name='OriginalFileName'>Cmd.Exe</Data><Data Name='CommandLine'>"C:\temp\cmd.exe" </Data><Data Name='CurrentDirectory'>C:\DetectionTesting\</Data><Data Name='User'>ATTACKBOX-WIN10\attacker</Data><Data Name='LogonGuid'>{51A89197-3B8D-654E-4B02-020000000000}</Data><Data Name='LogonId'>0x2024b</Data><Data Name='TerminalSessionId'>1</Data><Data Name='IntegrityLevel'>Medium</Data><Data Name='Hashes'>SHA1=3CE71813199ABAE99348F61F0CAA34E2574F831C,MD5=4E2ACF4F8A396486AB4268C94A6A245F,SHA256=9A7C58BD98D70631AA1473F7B57B426DB367D72429A5455B433A05EE251F3236,IMPHASH=8542FB14699D84D7E8DA92F66145C7FE</Data><Data Name='ParentProcessGuid'>{51A89197-1023-6631-1206-000000001D00}</Data><Data Name='ParentProcessId'>4724</Data><Data Name='ParentImage'>C:\Windows\System32\WindowsPowerShell\v1.0\powershell.exe</Data><Data Name='ParentCommandLine'>powershell  "copy C:\Windows\system32\cmd.exe C:\temp\cmd.exe; copy C:\Windows\system32\cmd.exe C:\temp\cmdrenamed.exe; start-process C:\temp\cmd.exe; start-process C:\temp\cmdrenamed.exe"</Data><Data Name='ParentUser'>ATTACKBOX-WIN10\attacker</Data></EventData></Event>
<Event xmlns='http://schemas.microsoft.com/win/2004/08/events/event'><System><Provider Name='Microsoft-Windows-Sysmon' Guid='{5770385F-C22A-43E0-BF4C-06F5698FFBD9}'/><EventID>29</EventID><Version>5</Version><Level>4</Level><Task>29</Task><Opcode>0</Opcode><Keywords>0x8000000000000000</Keywords><TimeCreated SystemTime='2024-04-30T15:37:10.863565500Z'/><EventRecordID>585673</EventRecordID><Correlation/><Execution ProcessID='2508' ThreadID='4412'/><Channel>Microsoft-Windows-Sysmon/Operational</Channel><Computer>AttackBox-Win10</Computer><Security UserID='S-1-5-18'/></System><EventData><Data Name='RuleName'>-</Data><Data Name='UtcTime'>2024-04-30 15:37:10.849</Data><Data Name='ProcessGuid'>{51A89197-1023-6631-1206-000000001D00}</Data><Data Name='ProcessId'>4724</Data><Data Name='User'>ATTACKBOX-WIN10\attacker</Data><Data Name='Image'>C:\Windows\System32\WindowsPowerShell\v1.0\powershell.exe</Data><Data Name='TargetFilename'>C:\Temp\cmdrenamed.exe</Data><Data Name='Hashes'>SHA1=3CE71813199ABAE99348F61F0CAA34E2574F831C,MD5=4E2ACF4F8A396486AB4268C94A6A245F,SHA256=9A7C58BD98D70631AA1473F7B57B426DB367D72429A5455B433A05EE251F3236,IMPHASH=8542FB14699D84D7E8DA92F66145C7FE</Data></EventData></Event>
<Event xmlns='http://schemas.microsoft.com/win/2004/08/events/event'><System><Provider Name='Microsoft-Windows-Sysmon' Guid='{5770385F-C22A-43E0-BF4C-06F5698FFBD9}'/><EventID>11</EventID><Version>2</Version><Level>4</Level><Task>11</Task><Opcode>0</Opcode><Keywords>0x8000000000000000</Keywords><TimeCreated SystemTime='2024-04-30T15:37:10.853638200Z'/><EventRecordID>585672</EventRecordID><Correlation/><Execution ProcessID='2508' ThreadID='4412'/><Channel>Microsoft-Windows-Sysmon/Operational</Channel><Computer>AttackBox-Win10</Computer><Security UserID='S-1-5-18'/></System><EventData><Data Name='RuleName'>-</Data><Data Name='UtcTime'>2024-04-30 15:37:10.849</Data><Data Name='ProcessGuid'>{51A89197-1023-6631-1206-000000001D00}</Data><Data Name='ProcessId'>4724</Data><Data Name='Image'>C:\Windows\System32\WindowsPowerShell\v1.0\powershell.exe</Data><Data Name='TargetFilename'>C:\Temp\cmdrenamed.exe</Data><Data Name='CreationUtcTime'>2024-04-30 15:37:10.849</Data><Data Name='User'>ATTACKBOX-WIN10\attacker</Data></EventData></Event>
<Event xmlns='http://schemas.microsoft.com/win/2004/08/events/event'><System><Provider Name='Microsoft-Windows-Security-Auditing' Guid='{54849625-5478-4994-A5BA-3E3B0328C30D}'/><EventID>4688</EventID><Version>2</Version><Level>0</Level><Task>13312</Task><Opcode>0</Opcode><Keywords>0x8020000000000000</Keywords><TimeCreated SystemTime='2024-04-30T15:37:10.988347900Z'/><EventRecordID>15426</EventRecordID><Correlation/><Execution ProcessID='4' ThreadID='7228'/><Channel>Security</Channel><Computer>AttackBox-Win10</Computer><Security/></System><EventData><Data Name='SubjectUserSid'>ATTACKBOX-WIN10\attacker</Data><Data Name='SubjectUserName'>attacker</Data><Data Name='SubjectDomainName'>ATTACKBOX-WIN10</Data><Data Name='SubjectLogonId'>0x2024b</Data><Data Name='NewProcessId'>0x169c</Data><Data Name='NewProcessName'>C:\Windows\System32\conhost.exe</Data><Data Name='TokenElevationType'>%%1938</Data><Data Name='ProcessId'>0x16c4</Data><Data Name='CommandLine'>\??\C:\Windows\system32\conhost.exe 0xffffffff -ForceV1</Data><Data Name='TargetUserSid'>NULL SID</Data><Data Name='TargetUserName'>-</Data><Data Name='TargetDomainName'>-</Data><Data Name='TargetLogonId'>0x0</Data><Data Name='ParentProcessName'>C:\Temp\cmdrenamed.exe</Data><Data Name='MandatoryLabel'>Mandatory Label\Medium Mandatory Level</Data></EventData></Event>
<Event xmlns='http://schemas.microsoft.com/win/2004/08/events/event'><System><Provider Name='Microsoft-Windows-Security-Auditing' Guid='{54849625-5478-4994-A5BA-3E3B0328C30D}'/><EventID>4688</EventID><Version>2</Version><Level>0</Level><Task>13312</Task><Opcode>0</Opcode><Keywords>0x8020000000000000</Keywords><TimeCreated SystemTime='2024-04-30T15:37:10.941275100Z'/><EventRecordID>15424</EventRecordID><Correlation/><Execution ProcessID='4' ThreadID='4716'/><Channel>Security</Channel><Computer>AttackBox-Win10</Computer><Security/></System><EventData><Data Name='SubjectUserSid'>ATTACKBOX-WIN10\attacker</Data><Data Name='SubjectUserName'>attacker</Data><Data Name='SubjectDomainName'>ATTACKBOX-WIN10</Data><Data Name='SubjectLogonId'>0x2024b</Data><Data Name='NewProcessId'>0x16c4</Data><Data Name='NewProcessName'>C:\Temp\cmdrenamed.exe</Data><Data Name='TokenElevationType'>%%1938</Data><Data Name='ProcessId'>0x1274</Data><Data Name='CommandLine'>"C:\temp\cmdrenamed.exe" </Data><Data Name='TargetUserSid'>NULL SID</Data><Data Name='TargetUserName'>-</Data><Data Name='TargetDomainName'>-</Data><Data Name='TargetLogonId'>0x0</Data><Data Name='ParentProcessName'>C:\Windows\System32\WindowsPowerShell\v1.0\powershell.exe</Data><Data Name='MandatoryLabel'>Mandatory Label\Medium Mandatory Level</Data></EventData></Event>
<Event xmlns='http://schemas.microsoft.com/win/2004/08/events/event'><System><Provider Name='Microsoft-Windows-PowerShell' Guid='{A0C1853B-5C40-4B15-8766-3CF1C58F985A}'/><EventID>4104</EventID><Version>1</Version><Level>5</Level><Task>2</Task><Opcode>15</Opcode><Keywords>0x0</Keywords><TimeCreated SystemTime='2024-04-30T15:37:10.826108100Z'/><EventRecordID>1352</EventRecordID><Correlation ActivityID='{A5703B9D-13E0-0000-E76C-70A5E013DA01}'/><Execution ProcessID='4724' ThreadID='7448'/><Channel>Microsoft-Windows-PowerShell/Operational</Channel><Computer>AttackBox-Win10</Computer><Security UserID='S-1-5-21-1854396824-2342670854-3736740652-1000'/></System><EventData><Data Name='MessageNumber'>1</Data><Data Name='MessageTotal'>1</Data><Data Name='ScriptBlockText'>copy C:\Windows\system32\cmd.exe C:\temp\cmd.exe; copy C:\Windows\system32\cmd.exe C:\temp\cmdrenamed.exe; start-process C:\temp\cmd.exe; start-process C:\temp\cmdrenamed.exe</Data><Data Name='ScriptBlockId'>6ac4817a-a818-484f-8cb8-fb462b254efe</Data><Data Name='Path'></Data></EventData></Event>
<Event xmlns='http://schemas.microsoft.com/win/2004/08/events/event'><System><Provider Name='Microsoft-Windows-Sysmon' Guid='{5770385F-C22A-43E0-BF4C-06F5698FFBD9}'/><EventID>1</EventID><Version>5</Version><Level>4</Level><Task>1</Task><Opcode>0</Opcode><Keywords>0x8000000000000000</Keywords><TimeCreated SystemTime='2024-04-30T15:37:07.057820800Z'/><EventRecordID>584863</EventRecordID><Correlation/><Execution ProcessID='2508' ThreadID='4412'/><Channel>Microsoft-Windows-Sysmon/Operational</Channel><Computer>AttackBox-Win10</Computer><Security UserID='S-1-5-18'/></System><EventData><Data Name='RuleName'>-</Data><Data Name='UtcTime'>2024-04-30 15:37:07.047</Data><Data Name='ProcessGuid'>{51A89197-1023-6631-1206-000000001D00}</Data><Data Name='ProcessId'>4724</Data><Data Name='Image'>C:\Windows\System32\WindowsPowerShell\v1.0\powershell.exe</Data><Data Name='FileVersion'>10.0.17134.1 (WinBuild.160101.0800)</Data><Data Name='Description'>Windows PowerShell</Data><Data Name='Product'>Microsoft® Windows® Operating System</Data><Data Name='Company'>Microsoft Corporation</Data><Data Name='OriginalFileName'>PowerShell.EXE</Data><Data Name='CommandLine'>powershell  "copy C:\Windows\system32\cmd.exe C:\temp\cmd.exe; copy C:\Windows\system32\cmd.exe C:\temp\cmdrenamed.exe; start-process C:\temp\cmd.exe; start-process C:\temp\cmdrenamed.exe"</Data><Data Name='CurrentDirectory'>C:\Windows\system32\</Data><Data Name='User'>ATTACKBOX-WIN10\attacker</Data><Data Name='LogonGuid'>{51A89197-3B8D-654E-4B02-020000000000}</Data><Data Name='LogonId'>0x2024b</Data><Data Name='TerminalSessionId'>1</Data><Data Name='IntegrityLevel'>Medium</Data><Data Name='Hashes'>SHA1=1B3B40FBC889FD4C645CC12C85D0805AC36BA254,MD5=95000560239032BC68B4C2FDFCDEF913,SHA256=D3F8FADE829D2B7BD596C4504A6DAE5C034E789B6A3DEFBE013BDA7D14466677,IMPHASH=741776AACCFC5B71FF59832DCDCACE0F</Data><Data Name='ParentProcessGuid'>{51A89197-1017-6631-FE05-000000001D00}</Data><Data Name='ParentProcessId'>7880</Data><Data Name='ParentImage'>C:\Windows\System32\cmd.exe</Data><Data Name='ParentCommandLine'>"C:\Windows\system32\cmd.exe" </Data><Data Name='ParentUser'>ATTACKBOX-WIN10\attacker</Data></EventData></Event>
<Event xmlns='http://schemas.microsoft.com/win/2004/08/events/event'><System><Provider Name='Microsoft-Windows-Security-Auditing' Guid='{54849625-5478-4994-A5BA-3E3B0328C30D}'/><EventID>4688</EventID><Version>2</Version><Level>0</Level><Task>13312</Task><Opcode>0</Opcode><Keywords>0x8020000000000000</Keywords><TimeCreated SystemTime='2024-04-30T15:37:07.047647400Z'/><EventRecordID>15422</EventRecordID><Correlation/><Execution ProcessID='4' ThreadID='6912'/><Channel>Security</Channel><Computer>AttackBox-Win10</Computer><Security/></System><EventData><Data Name='SubjectUserSid'>ATTACKBOX-WIN10\attacker</Data><Data Name='SubjectUserName'>attacker</Data><Data Name='SubjectDomainName'>ATTACKBOX-WIN10</Data><Data Name='SubjectLogonId'>0x2024b</Data><Data Name='NewProcessId'>0x1274</Data><Data Name='NewProcessName'>C:\Windows\System32\WindowsPowerShell\v1.0\powershell.exe</Data><Data Name='TokenElevationType'>%%1938</Data><Data Name='ProcessId'>0x1ec8</Data><Data Name='CommandLine'>powershell  "copy C:\Windows\system32\cmd.exe C:\temp\cmd.exe; copy C:\Windows\system32\cmd.exe C:\temp\cmdrenamed.exe; start-process C:\temp\cmd.exe; start-process C:\temp\cmdrenamed.exe"</Data><Data Name='TargetUserSid'>NULL SID</Data><Data Name='TargetUserName'>-</Data><Data Name='TargetDomainName'>-</Data><Data Name='TargetLogonId'>0x0</Data><Data Name='ParentProcessName'>C:\Windows\System32\cmd.exe</Data><Data Name='MandatoryLabel'>Mandatory Label\Medium Mandatory Level</Data></EventData></Event>
