<Event xmlns='http://schemas.microsoft.com/win/2004/08/events/event'><System><Provider Name='Microsoft-Windows-Sysmon' Guid='{5770385F-C22A-43E0-BF4C-06F5698FFBD9}'/><EventID>29</EventID><Version>5</Version><Level>4</Level><Task>29</Task><Opcode>0</Opcode><Keywords>0x8000000000000000</Keywords><TimeCreated SystemTime='2025-11-14T10:09:37.700533300Z'/><EventRecordID>3374716</EventRecordID><Correlation/><Execution ProcessID='1668' ThreadID='2836'/><Channel>Microsoft-Windows-Sysmon/Operational</Channel><Computer>ar-win-dc</Computer><Security UserID='S-1-5-18'/></System><EventData><Data Name='RuleName'>-</Data><Data Name='UtcTime'>2025-11-14 10:09:37.697</Data><Data Name='ProcessGuid'>{CA8A6768-FFA9-6916-9303-000000000304}</Data><Data Name='ProcessId'>1436</Data><Data Name='User'>AR-WIN-DC\Administrator</Data><Data Name='Image'>C:\Windows\System32\WindowsPowerShell\v1.0\powershell.exe</Data><Data Name='TargetFilename'>C:\Users\Administrator\AppData\Local\Microsoft_Corporation\lScun7w.docx</Data><Data Name='Hashes'>MD5=1E6E804CA71EAF5BEF0ABEF95C578CF0,SHA256=6FFE12CDFE0A36DEC4B4A40ECDAFB4097B1AF7C340B0FCECF9F5C67B7FA8B299,IMPHASH=2C4D798BB87EC57193B7625C4259DA43</Data></EventData></Event>
<Event xmlns='http://schemas.microsoft.com/win/2004/08/events/event'><System><Provider Name='Microsoft-Windows-Sysmon' Guid='{5770385F-C22A-43E0-BF4C-06F5698FFBD9}'/><EventID>29</EventID><Version>5</Version><Level>4</Level><Task>29</Task><Opcode>0</Opcode><Keywords>0x8000000000000000</Keywords><TimeCreated SystemTime='2025-11-14T10:09:37.222539000Z'/><EventRecordID>3374652</EventRecordID><Correlation/><Execution ProcessID='1668' ThreadID='2836'/><Channel>Microsoft-Windows-Sysmon/Operational</Channel><Computer>ar-win-dc</Computer><Security UserID='S-1-5-18'/></System><EventData><Data Name='RuleName'>-</Data><Data Name='UtcTime'>2025-11-14 10:09:37.213</Data><Data Name='ProcessGuid'>{CA8A6768-FFA9-6916-9303-000000000304}</Data><Data Name='ProcessId'>1436</Data><Data Name='User'>AR-WIN-DC\Administrator</Data><Data Name='Image'>C:\Windows\System32\WindowsPowerShell\v1.0\powershell.exe</Data><Data Name='TargetFilename'>C:\Users\Administrator\AppData\Local\Microsoft_Corporation\cX9PvZv.jpg</Data><Data Name='Hashes'>MD5=5BE6FB8F28544D4F83C25A2B76FF7890,SHA256=B11380F81B0A704E8C7E84E8A37885F5879D12FBECE311813A41992B3E9787F2,IMPHASH=99C0CD957FC7334714FEFA3DAA61A6EA</Data></EventData></Event>
<Event xmlns='http://schemas.microsoft.com/win/2004/08/events/event'><System><Provider Name='Microsoft-Windows-Sysmon' Guid='{5770385F-C22A-43E0-BF4C-06F5698FFBD9}'/><EventID>29</EventID><Version>5</Version><Level>4</Level><Task>29</Task><Opcode>0</Opcode><Keywords>0x8000000000000000</Keywords><TimeCreated SystemTime='2025-11-14T10:09:37.217781100Z'/><EventRecordID>3374651</EventRecordID><Correlation/><Execution ProcessID='1668' ThreadID='2836'/><Channel>Microsoft-Windows-Sysmon/Operational</Channel><Computer>ar-win-dc</Computer><Security UserID='S-1-5-18'/></System><EventData><Data Name='RuleName'>-</Data><Data Name='UtcTime'>2025-11-14 10:09:37.213</Data><Data Name='ProcessGuid'>{CA8A6768-FFA9-6916-9303-000000000304}</Data><Data Name='ProcessId'>1436</Data><Data Name='User'>AR-WIN-DC\Administrator</Data><Data Name='Image'>C:\Windows\System32\WindowsPowerShell\v1.0\powershell.exe</Data><Data Name='TargetFilename'>C:\Users\Administrator\AppData\Local\Microsoft_Corporation\iJuYSZc.mp4</Data><Data Name='Hashes'>MD5=E7B92529EA10176FE35BA73FA4EDEF74,SHA256=B6D4AD0231941E0637485AC5833E0FDC75DB35289B54E70F3858B70D36D04C80,IMPHASH=7F297F58F58327BC427917A932AA9F1D</Data></EventData></Event>
<Event xmlns='http://schemas.microsoft.com/win/2004/08/events/event'><System><Provider Name='Microsoft-Windows-Sysmon' Guid='{5770385F-C22A-43E0-BF4C-06F5698FFBD9}'/><EventID>29</EventID><Version>5</Version><Level>4</Level><Task>29</Task><Opcode>0</Opcode><Keywords>0x8000000000000000</Keywords><TimeCreated SystemTime='2025-11-14T10:09:00.151384600Z'/><EventRecordID>3371977</EventRecordID><Correlation/><Execution ProcessID='1668' ThreadID='2836'/><Channel>Microsoft-Windows-Sysmon/Operational</Channel><Computer>ar-win-dc</Computer><Security UserID='S-1-5-18'/></System><EventData><Data Name='RuleName'>-</Data><Data Name='UtcTime'>2025-11-14 10:09:00.140</Data><Data Name='ProcessGuid'>{CA8A6768-FFA9-6916-9303-000000000304}</Data><Data Name='ProcessId'>1436</Data><Data Name='User'>AR-WIN-DC\Administrator</Data><Data Name='Image'>C:\Windows\System32\WindowsPowerShell\v1.0\powershell.exe</Data><Data Name='TargetFilename'>C:\Users\Administrator\AppData\Local\Microsoft_Corporation\r8XXe0u.csv</Data><Data Name='Hashes'>MD5=3AABCD7C81425B3B9327A2BF643251C6,SHA256=0CFF893B1E7716D09FB74B7A0313B78A09F3F48C586D31FC5F830BD72CE8331F,IMPHASH=56E17186EFEB24A70224BC24DCED0A14</Data></EventData></Event>
<Event xmlns='http://schemas.microsoft.com/win/2004/08/events/event'><System><Provider Name='Microsoft-Windows-Sysmon' Guid='{5770385F-C22A-43E0-BF4C-06F5698FFBD9}'/><EventID>29</EventID><Version>5</Version><Level>4</Level><Task>29</Task><Opcode>0</Opcode><Keywords>0x8000000000000000</Keywords><TimeCreated SystemTime='2025-11-14T10:09:00.149568000Z'/><EventRecordID>3371976</EventRecordID><Correlation/><Execution ProcessID='1668' ThreadID='2836'/><Channel>Microsoft-Windows-Sysmon/Operational</Channel><Computer>ar-win-dc</Computer><Security UserID='S-1-5-18'/></System><EventData><Data Name='RuleName'>-</Data><Data Name='UtcTime'>2025-11-14 10:09:00.140</Data><Data Name='ProcessGuid'>{CA8A6768-FFA9-6916-9303-000000000304}</Data><Data Name='ProcessId'>1436</Data><Data Name='User'>AR-WIN-DC\Administrator</Data><Data Name='Image'>C:\Windows\System32\WindowsPowerShell\v1.0\powershell.exe</Data><Data Name='TargetFilename'>C:\Users\Administrator\AppData\Local\Microsoft_Corporation\rAGBBWP.jpg</Data><Data Name='Hashes'>MD5=67C53A770390E8C038060A1921C20DA9,SHA256=2DFDC169DFC27462ADC98DDE39306DE8D0526DCF4577A1A486C2EEF447300689,IMPHASH=ED0CE27E638FBBCEE69202081B0DEE2D</Data></EventData></Event>
<Event xmlns='http://schemas.microsoft.com/win/2004/08/events/event'><System><Provider Name='Microsoft-Windows-Sysmon' Guid='{5770385F-C22A-43E0-BF4C-06F5698FFBD9}'/><EventID>29</EventID><Version>5</Version><Level>4</Level><Task>29</Task><Opcode>0</Opcode><Keywords>0x8000000000000000</Keywords><TimeCreated SystemTime='2025-11-14T10:09:00.104812000Z'/><EventRecordID>3371975</EventRecordID><Correlation/><Execution ProcessID='1668' ThreadID='2836'/><Channel>Microsoft-Windows-Sysmon/Operational</Channel><Computer>ar-win-dc</Computer><Security UserID='S-1-5-18'/></System><EventData><Data Name='RuleName'>-</Data><Data Name='UtcTime'>2025-11-14 10:09:00.093</Data><Data Name='ProcessGuid'>{CA8A6768-FFA9-6916-9303-000000000304}</Data><Data Name='ProcessId'>1436</Data><Data Name='User'>AR-WIN-DC\Administrator</Data><Data Name='Image'>C:\Windows\System32\WindowsPowerShell\v1.0\powershell.exe</Data><Data Name='TargetFilename'>C:\Users\Administrator\AppData\Local\Microsoft_Corporation\cFqX0nb.csv</Data><Data Name='Hashes'>MD5=0E37FBFA79D349D672456923EC5FBBE3,SHA256=8793353461826FBD48F25EA8B835BE204B758CE7510DB2AF631B28850355BD18,IMPHASH=5271D5CE8B44DD47BC92563E27585466</Data></EventData></Event>
<Event xmlns='http://schemas.microsoft.com/win/2004/08/events/event'><System><Provider Name='Microsoft-Windows-Sysmon' Guid='{5770385F-C22A-43E0-BF4C-06F5698FFBD9}'/><EventID>29</EventID><Version>5</Version><Level>4</Level><Task>29</Task><Opcode>0</Opcode><Keywords>0x8000000000000000</Keywords><TimeCreated SystemTime='2025-11-14T10:08:58.286200300Z'/><EventRecordID>3371864</EventRecordID><Correlation/><Execution ProcessID='1668' ThreadID='2836'/><Channel>Microsoft-Windows-Sysmon/Operational</Channel><Computer>ar-win-dc</Computer><Security UserID='S-1-5-18'/></System><EventData><Data Name='RuleName'>-</Data><Data Name='UtcTime'>2025-11-14 10:08:58.270</Data><Data Name='ProcessGuid'>{CA8A6768-FFA9-6916-9303-000000000304}</Data><Data Name='ProcessId'>1436</Data><Data Name='User'>AR-WIN-DC\Administrator</Data><Data Name='Image'>C:\Windows\System32\WindowsPowerShell\v1.0\powershell.exe</Data><Data Name='TargetFilename'>C:\Users\Administrator\AppData\Local\Microsoft_Corporation\bTSpMHd.log</Data><Data Name='Hashes'>MD5=051CDB6AC8E168D178E35489B6DA4C74,SHA256=6562585009F15155EEA9A489E474CEBC4DD2A01A26D846FDD1B93FDC24B0C269,IMPHASH=6BA08298DD09EA8E41AB7285D3183BBA</Data></EventData></Event>
<Event xmlns='http://schemas.microsoft.com/win/2004/08/events/event'><System><Provider Name='Microsoft-Windows-Sysmon' Guid='{5770385F-C22A-43E0-BF4C-06F5698FFBD9}'/><EventID>29</EventID><Version>5</Version><Level>4</Level><Task>29</Task><Opcode>0</Opcode><Keywords>0x8000000000000000</Keywords><TimeCreated SystemTime='2025-11-14T10:08:57.957378500Z'/><EventRecordID>3371863</EventRecordID><Correlation/><Execution ProcessID='1668' ThreadID='2836'/><Channel>Microsoft-Windows-Sysmon/Operational</Channel><Computer>ar-win-dc</Computer><Security UserID='S-1-5-18'/></System><EventData><Data Name='RuleName'>-</Data><Data Name='UtcTime'>2025-11-14 10:08:57.942</Data><Data Name='ProcessGuid'>{CA8A6768-FFA9-6916-9303-000000000304}</Data><Data Name='ProcessId'>1436</Data><Data Name='User'>AR-WIN-DC\Administrator</Data><Data Name='Image'>C:\Windows\System32\WindowsPowerShell\v1.0\powershell.exe</Data><Data Name='TargetFilename'>C:\Users\Administrator\AppData\Local\Microsoft_Corporation\caDtlUi.jpg</Data><Data Name='Hashes'>MD5=EE75B57B9300AAB96530503BFAE8A2F2,SHA256=06A0A243811E9C4738A9D413597659CA8D07B00F640B74ADC9CB351C179B3268,IMPHASH=A9D50692E95B79723F3E76FCF70D023E</Data></EventData></Event>
<Event xmlns='http://schemas.microsoft.com/win/2004/08/events/event'><System><Provider Name='Microsoft-Windows-Sysmon' Guid='{5770385F-C22A-43E0-BF4C-06F5698FFBD9}'/><EventID>29</EventID><Version>5</Version><Level>4</Level><Task>29</Task><Opcode>0</Opcode><Keywords>0x8000000000000000</Keywords><TimeCreated SystemTime='2025-11-14T10:08:57.816045700Z'/><EventRecordID>3371862</EventRecordID><Correlation/><Execution ProcessID='1668' ThreadID='2836'/><Channel>Microsoft-Windows-Sysmon/Operational</Channel><Computer>ar-win-dc</Computer><Security UserID='S-1-5-18'/></System><EventData><Data Name='RuleName'>-</Data><Data Name='UtcTime'>2025-11-14 10:08:57.802</Data><Data Name='ProcessGuid'>{CA8A6768-FFA9-6916-9303-000000000304}</Data><Data Name='ProcessId'>1436</Data><Data Name='User'>AR-WIN-DC\Administrator</Data><Data Name='Image'>C:\Windows\System32\WindowsPowerShell\v1.0\powershell.exe</Data><Data Name='TargetFilename'>C:\Users\Administrator\AppData\Local\Microsoft_Corporation\pbfonEU.avi</Data><Data Name='Hashes'>MD5=7629AF8099B76F85D37B3802041503EE,SHA256=2CC8EBEA55C06981625397B04575ED0EAAD9BB9F9DC896355C011A62FEBE49B5,IMPHASH=BA7E9A7CD5EE54C14D0881068FC905C5</Data></EventData></Event>
<Event xmlns='http://schemas.microsoft.com/win/2004/08/events/event'><System><Provider Name='Microsoft-Windows-Sysmon' Guid='{5770385F-C22A-43E0-BF4C-06F5698FFBD9}'/><EventID>29</EventID><Version>5</Version><Level>4</Level><Task>29</Task><Opcode>0</Opcode><Keywords>0x8000000000000000</Keywords><TimeCreated SystemTime='2025-11-14T09:55:45.324132200Z'/><EventRecordID>3323442</EventRecordID><Correlation/><Execution ProcessID='1668' ThreadID='2836'/><Channel>Microsoft-Windows-Sysmon/Operational</Channel><Computer>ar-win-dc</Computer><Security UserID='S-1-5-18'/></System><EventData><Data Name='RuleName'>-</Data><Data Name='UtcTime'>2025-11-14 09:55:45.314</Data><Data Name='ProcessGuid'>{CA8A6768-FC52-6916-1903-000000000304}</Data><Data Name='ProcessId'>3880</Data><Data Name='User'>AR-WIN-DC\Administrator</Data><Data Name='Image'>C:\Windows\system32\cmd.exe</Data><Data Name='TargetFilename'>C:\Temp\calc.exe</Data><Data Name='Hashes'>MD5=2A5CC198FEFC04C2B6B95207A91D3668,SHA256=04FA16D1FBB5F047E7BF9756E8DDC1365AFEAAB22DD4A2C3F03E067B75BED8EA,IMPHASH=3843C3D4A5A7D1045ABE9A4BFCFAAB28</Data></EventData></Event>
