<Event><System><Provider Name="Linux-Sysmon" Guid="{ff032593-a8d3-4f13-b0d6-01fc615a0f97}"/><EventID>5</EventID><Version>3</Version><Level>4</Level><Task>5</Task><Opcode>0</Opcode><Keywords>0x8000000000000000</Keywords><TimeCreated SystemTime="2022-02-11T12:41:13.422863000Z"/><EventRecordID>2205637</EventRecordID><Correlation/><Execution ProcessID="4565" ThreadID="4565"/><Channel>Linux-Sysmon/Operational</Channel><Computer>sysmonlinux-bpatel-44382-8629</Computer><Security UserId="0"/></System><EventData><Data Name="RuleName">-</Data><Data Name="UtcTime">2022-02-11 12:41:13.423</Data><Data Name="ProcessGuid">{ec27465a-5969-6206-6864-1a8668550000}</Data><Data Name="ProcessId">19401</Data><Data Name="Image">/bin/ps</Data><Data Name="User">root</Data></EventData></Event>
<Event><System><Provider Name="Linux-Sysmon" Guid="{ff032593-a8d3-4f13-b0d6-01fc615a0f97}"/><EventID>1</EventID><Version>5</Version><Level>4</Level><Task>1</Task><Opcode>0</Opcode><Keywords>0x8000000000000000</Keywords><TimeCreated SystemTime="2022-02-11T12:41:13.405984000Z"/><EventRecordID>2205635</EventRecordID><Correlation/><Execution ProcessID="4565" ThreadID="4565"/><Channel>Linux-Sysmon/Operational</Channel><Computer>sysmonlinux-bpatel-44382-8629</Computer><Security UserId="0"/></System><EventData><Data Name="RuleName">-</Data><Data Name="UtcTime">2022-02-11 12:41:13.406</Data><Data Name="ProcessGuid">{ec27465a-5969-6206-6864-1a8668550000}</Data><Data Name="ProcessId">19401</Data><Data Name="Image">/bin/ps</Data><Data Name="FileVersion">-</Data><Data Name="Description">-</Data><Data Name="Product">-</Data><Data Name="Company">-</Data><Data Name="OriginalFileName">-</Data><Data Name="CommandLine">ps -e -o pid,ppid,state,command</Data><Data Name="CurrentDirectory">/var/snap/amazon-ssm-agent/4046</Data><Data Name="User">root</Data><Data Name="LogonGuid">{ec27465a-0000-0000-0000-000000000000}</Data><Data Name="LogonId">0</Data><Data Name="TerminalSessionId">4294967295</Data><Data Name="IntegrityLevel">no level</Data><Data Name="Hashes">-</Data><Data Name="ParentProcessGuid">{00000000-0000-0000-0000-000000000000}</Data><Data Name="ParentProcessId">2376</Data><Data Name="ParentImage">-</Data><Data Name="ParentCommandLine">-</Data><Data Name="ParentUser">-</Data></EventData></Event>
<Event><System><Provider Name="Linux-Sysmon" Guid="{ff032593-a8d3-4f13-b0d6-01fc615a0f97}"/><EventID>5</EventID><Version>3</Version><Level>4</Level><Task>5</Task><Opcode>0</Opcode><Keywords>0x8000000000000000</Keywords><TimeCreated SystemTime="2022-02-11T12:40:12.404687000Z"/><EventRecordID>2202268</EventRecordID><Correlation/><Execution ProcessID="4565" ThreadID="4565"/><Channel>Linux-Sysmon/Operational</Channel><Computer>sysmonlinux-bpatel-44382-8629</Computer><Security UserId="0"/></System><EventData><Data Name="RuleName">-</Data><Data Name="UtcTime">2022-02-11 12:40:12.405</Data><Data Name="ProcessGuid">{ec27465a-592c-6206-6874-2bb118560000}</Data><Data Name="ProcessId">19400</Data><Data Name="Image">/bin/ps</Data><Data Name="User">root</Data></EventData></Event>
<Event><System><Provider Name="Linux-Sysmon" Guid="{ff032593-a8d3-4f13-b0d6-01fc615a0f97}"/><EventID>1</EventID><Version>5</Version><Level>4</Level><Task>1</Task><Opcode>0</Opcode><Keywords>0x8000000000000000</Keywords><TimeCreated SystemTime="2022-02-11T12:40:12.388497000Z"/><EventRecordID>2202246</EventRecordID><Correlation/><Execution ProcessID="4565" ThreadID="4565"/><Channel>Linux-Sysmon/Operational</Channel><Computer>sysmonlinux-bpatel-44382-8629</Computer><Security UserId="0"/></System><EventData><Data Name="RuleName">-</Data><Data Name="UtcTime">2022-02-11 12:40:12.388</Data><Data Name="ProcessGuid">{ec27465a-592c-6206-6874-2bb118560000}</Data><Data Name="ProcessId">19400</Data><Data Name="Image">/bin/ps</Data><Data Name="FileVersion">-</Data><Data Name="Description">-</Data><Data Name="Product">-</Data><Data Name="Company">-</Data><Data Name="OriginalFileName">-</Data><Data Name="CommandLine">ps -e -o pid,ppid,state,command</Data><Data Name="CurrentDirectory">/var/snap/amazon-ssm-agent/4046</Data><Data Name="User">root</Data><Data Name="LogonGuid">{ec27465a-0000-0000-0000-000000000000}</Data><Data Name="LogonId">0</Data><Data Name="TerminalSessionId">4294967295</Data><Data Name="IntegrityLevel">no level</Data><Data Name="Hashes">-</Data><Data Name="ParentProcessGuid">{00000000-0000-0000-0000-000000000000}</Data><Data Name="ParentProcessId">2376</Data><Data Name="ParentImage">-</Data><Data Name="ParentCommandLine">-</Data><Data Name="ParentUser">-</Data></EventData></Event>
<Event><System><Provider Name="Linux-Sysmon" Guid="{ff032593-a8d3-4f13-b0d6-01fc615a0f97}"/><EventID>5</EventID><Version>3</Version><Level>4</Level><Task>5</Task><Opcode>0</Opcode><Keywords>0x8000000000000000</Keywords><TimeCreated SystemTime="2022-02-11T12:39:11.387396000Z"/><EventRecordID>2200826</EventRecordID><Correlation/><Execution ProcessID="4565" ThreadID="4565"/><Channel>Linux-Sysmon/Operational</Channel><Computer>sysmonlinux-bpatel-44382-8629</Computer><Security UserId="0"/></System><EventData><Data Name="RuleName">-</Data><Data Name="UtcTime">2022-02-11 12:39:11.387</Data><Data Name="ProcessGuid">{ec27465a-58ef-6206-6824-95a162550000}</Data><Data Name="ProcessId">19399</Data><Data Name="Image">/bin/ps</Data><Data Name="User">root</Data></EventData></Event>
<Event><System><Provider Name="Linux-Sysmon" Guid="{ff032593-a8d3-4f13-b0d6-01fc615a0f97}"/><EventID>1</EventID><Version>5</Version><Level>4</Level><Task>1</Task><Opcode>0</Opcode><Keywords>0x8000000000000000</Keywords><TimeCreated SystemTime="2022-02-11T12:39:11.376230000Z"/><EventRecordID>2200823</EventRecordID><Correlation/><Execution ProcessID="4565" ThreadID="4565"/><Channel>Linux-Sysmon/Operational</Channel><Computer>sysmonlinux-bpatel-44382-8629</Computer><Security UserId="0"/></System><EventData><Data Name="RuleName">-</Data><Data Name="UtcTime">2022-02-11 12:39:11.376</Data><Data Name="ProcessGuid">{ec27465a-58ef-6206-6824-95a162550000}</Data><Data Name="ProcessId">19399</Data><Data Name="Image">/bin/ps</Data><Data Name="FileVersion">-</Data><Data Name="Description">-</Data><Data Name="Product">-</Data><Data Name="Company">-</Data><Data Name="OriginalFileName">-</Data><Data Name="CommandLine">ps -e -o pid,ppid,state,command</Data><Data Name="CurrentDirectory">/var/snap/amazon-ssm-agent/4046</Data><Data Name="User">root</Data><Data Name="LogonGuid">{ec27465a-0000-0000-0000-000000000000}</Data><Data Name="LogonId">0</Data><Data Name="TerminalSessionId">4294967295</Data><Data Name="IntegrityLevel">no level</Data><Data Name="Hashes">-</Data><Data Name="ParentProcessGuid">{00000000-0000-0000-0000-000000000000}</Data><Data Name="ParentProcessId">2376</Data><Data Name="ParentImage">-</Data><Data Name="ParentCommandLine">-</Data><Data Name="ParentUser">-</Data></EventData></Event>
<Event><System><Provider Name="Linux-Sysmon" Guid="{ff032593-a8d3-4f13-b0d6-01fc615a0f97}"/><EventID>5</EventID><Version>3</Version><Level>4</Level><Task>5</Task><Opcode>0</Opcode><Keywords>0x8000000000000000</Keywords><TimeCreated SystemTime="2022-02-11T12:38:10.375351000Z"/><EventRecordID>2197221</EventRecordID><Correlation/><Execution ProcessID="4565" ThreadID="4565"/><Channel>Linux-Sysmon/Operational</Channel><Computer>sysmonlinux-bpatel-44382-8629</Computer><Security UserId="0"/></System><EventData><Data Name="RuleName">-</Data><Data Name="UtcTime">2022-02-11 12:38:10.375</Data><Data Name="ProcessGuid">{ec27465a-58b2-6206-6844-755d6c550000}</Data><Data Name="ProcessId">19397</Data><Data Name="Image">/bin/ps</Data><Data Name="User">root</Data></EventData></Event>
<Event><System><Provider Name="Linux-Sysmon" Guid="{ff032593-a8d3-4f13-b0d6-01fc615a0f97}"/><EventID>1</EventID><Version>5</Version><Level>4</Level><Task>1</Task><Opcode>0</Opcode><Keywords>0x8000000000000000</Keywords><TimeCreated SystemTime="2022-02-11T12:38:10.358759000Z"/><EventRecordID>2197199</EventRecordID><Correlation/><Execution ProcessID="4565" ThreadID="4565"/><Channel>Linux-Sysmon/Operational</Channel><Computer>sysmonlinux-bpatel-44382-8629</Computer><Security UserId="0"/></System><EventData><Data Name="RuleName">-</Data><Data Name="UtcTime">2022-02-11 12:38:10.358</Data><Data Name="ProcessGuid">{ec27465a-58b2-6206-6844-755d6c550000}</Data><Data Name="ProcessId">19397</Data><Data Name="Image">/bin/ps</Data><Data Name="FileVersion">-</Data><Data Name="Description">-</Data><Data Name="Product">-</Data><Data Name="Company">-</Data><Data Name="OriginalFileName">-</Data><Data Name="CommandLine">ps -e -o pid,ppid,state,command</Data><Data Name="CurrentDirectory">/var/snap/amazon-ssm-agent/4046</Data><Data Name="User">root</Data><Data Name="LogonGuid">{ec27465a-0000-0000-0000-000000000000}</Data><Data Name="LogonId">0</Data><Data Name="TerminalSessionId">4294967295</Data><Data Name="IntegrityLevel">no level</Data><Data Name="Hashes">-</Data><Data Name="ParentProcessGuid">{00000000-0000-0000-0000-000000000000}</Data><Data Name="ParentProcessId">2376</Data><Data Name="ParentImage">-</Data><Data Name="ParentCommandLine">-</Data><Data Name="ParentUser">-</Data></EventData></Event>
<Event><System><Provider Name="Linux-Sysmon" Guid="{ff032593-a8d3-4f13-b0d6-01fc615a0f97}"/><EventID>5</EventID><Version>3</Version><Level>4</Level><Task>5</Task><Opcode>0</Opcode><Keywords>0x8000000000000000</Keywords><TimeCreated SystemTime="2022-02-11T12:37:09.357533000Z"/><EventRecordID>2195824</EventRecordID><Correlation/><Execution ProcessID="4565" ThreadID="4565"/><Channel>Linux-Sysmon/Operational</Channel><Computer>sysmonlinux-bpatel-44382-8629</Computer><Security UserId="0"/></System><EventData><Data Name="RuleName">-</Data><Data Name="UtcTime">2022-02-11 12:37:09.358</Data><Data Name="ProcessGuid">{ec27465a-5875-6206-6874-6f1621560000}</Data><Data Name="ProcessId">19396</Data><Data Name="Image">/bin/ps</Data><Data Name="User">root</Data></EventData></Event>
<Event><System><Provider Name="Linux-Sysmon" Guid="{ff032593-a8d3-4f13-b0d6-01fc615a0f97}"/><EventID>1</EventID><Version>5</Version><Level>4</Level><Task>1</Task><Opcode>0</Opcode><Keywords>0x8000000000000000</Keywords><TimeCreated SystemTime="2022-02-11T12:37:09.345165000Z"/><EventRecordID>2195822</EventRecordID><Correlation/><Execution ProcessID="4565" ThreadID="4565"/><Channel>Linux-Sysmon/Operational</Channel><Computer>sysmonlinux-bpatel-44382-8629</Computer><Security UserId="0"/></System><EventData><Data Name="RuleName">-</Data><Data Name="UtcTime">2022-02-11 12:37:09.345</Data><Data Name="ProcessGuid">{ec27465a-5875-6206-6874-6f1621560000}</Data><Data Name="ProcessId">19396</Data><Data Name="Image">/bin/ps</Data><Data Name="FileVersion">-</Data><Data Name="Description">-</Data><Data Name="Product">-</Data><Data Name="Company">-</Data><Data Name="OriginalFileName">-</Data><Data Name="CommandLine">ps -e -o pid,ppid,state,command</Data><Data Name="CurrentDirectory">/var/snap/amazon-ssm-agent/4046</Data><Data Name="User">root</Data><Data Name="LogonGuid">{ec27465a-0000-0000-0000-000000000000}</Data><Data Name="LogonId">0</Data><Data Name="TerminalSessionId">4294967295</Data><Data Name="IntegrityLevel">no level</Data><Data Name="Hashes">-</Data><Data Name="ParentProcessGuid">{00000000-0000-0000-0000-000000000000}</Data><Data Name="ParentProcessId">2376</Data><Data Name="ParentImage">-</Data><Data Name="ParentCommandLine">-</Data><Data Name="ParentUser">-</Data></EventData></Event>
<Event><System><Provider Name="Linux-Sysmon" Guid="{ff032593-a8d3-4f13-b0d6-01fc615a0f97}"/><EventID>5</EventID><Version>3</Version><Level>4</Level><Task>5</Task><Opcode>0</Opcode><Keywords>0x8000000000000000</Keywords><TimeCreated SystemTime="2022-02-11T12:36:08.343853000Z"/><EventRecordID>2192225</EventRecordID><Correlation/><Execution ProcessID="4565" ThreadID="4565"/><Channel>Linux-Sysmon/Operational</Channel><Computer>sysmonlinux-bpatel-44382-8629</Computer><Security UserId="0"/></System><EventData><Data Name="RuleName">-</Data><Data Name="UtcTime">2022-02-11 12:36:08.344</Data><Data Name="ProcessGuid">{ec27465a-5838-6206-6844-aa8876550000}</Data><Data Name="ProcessId">19394</Data><Data Name="Image">/bin/ps</Data><Data Name="User">root</Data></EventData></Event>
<Event><System><Provider Name="Linux-Sysmon" Guid="{ff032593-a8d3-4f13-b0d6-01fc615a0f97}"/><EventID>1</EventID><Version>5</Version><Level>4</Level><Task>1</Task><Opcode>0</Opcode><Keywords>0x8000000000000000</Keywords><TimeCreated SystemTime="2022-02-11T12:36:08.333761000Z"/><EventRecordID>2192224</EventRecordID><Correlation/><Execution ProcessID="4565" ThreadID="4565"/><Channel>Linux-Sysmon/Operational</Channel><Computer>sysmonlinux-bpatel-44382-8629</Computer><Security UserId="0"/></System><EventData><Data Name="RuleName">-</Data><Data Name="UtcTime">2022-02-11 12:36:08.333</Data><Data Name="ProcessGuid">{ec27465a-5838-6206-6844-aa8876550000}</Data><Data Name="ProcessId">19394</Data><Data Name="Image">/bin/ps</Data><Data Name="FileVersion">-</Data><Data Name="Description">-</Data><Data Name="Product">-</Data><Data Name="Company">-</Data><Data Name="OriginalFileName">-</Data><Data Name="CommandLine">ps -e -o pid,ppid,state,command</Data><Data Name="CurrentDirectory">/var/snap/amazon-ssm-agent/4046</Data><Data Name="User">root</Data><Data Name="LogonGuid">{ec27465a-0000-0000-0000-000000000000}</Data><Data Name="LogonId">0</Data><Data Name="TerminalSessionId">4294967295</Data><Data Name="IntegrityLevel">no level</Data><Data Name="Hashes">-</Data><Data Name="ParentProcessGuid">{00000000-0000-0000-0000-000000000000}</Data><Data Name="ParentProcessId">2376</Data><Data Name="ParentImage">-</Data><Data Name="ParentCommandLine">-</Data><Data Name="ParentUser">-</Data></EventData></Event>
<Event><System><Provider Name="Linux-Sysmon" Guid="{ff032593-a8d3-4f13-b0d6-01fc615a0f97}"/><EventID>5</EventID><Version>3</Version><Level>4</Level><Task>5</Task><Opcode>0</Opcode><Keywords>0x8000000000000000</Keywords><TimeCreated SystemTime="2022-02-11T12:35:07.332481000Z"/><EventRecordID>2190865</EventRecordID><Correlation/><Execution ProcessID="4565" ThreadID="4565"/><Channel>Linux-Sysmon/Operational</Channel><Computer>sysmonlinux-bpatel-44382-8629</Computer><Security UserId="0"/></System><EventData><Data Name="RuleName">-</Data><Data Name="UtcTime">2022-02-11 12:35:07.332</Data><Data Name="ProcessGuid">{ec27465a-57fb-6206-6884-783e4c560000}</Data><Data Name="ProcessId">19393</Data><Data Name="Image">/bin/ps</Data><Data Name="User">root</Data></EventData></Event>
<Event><System><Provider Name="Linux-Sysmon" Guid="{ff032593-a8d3-4f13-b0d6-01fc615a0f97}"/><EventID>1</EventID><Version>5</Version><Level>4</Level><Task>1</Task><Opcode>0</Opcode><Keywords>0x8000000000000000</Keywords><TimeCreated SystemTime="2022-02-11T12:35:07.319020000Z"/><EventRecordID>2190864</EventRecordID><Correlation/><Execution ProcessID="4565" ThreadID="4565"/><Channel>Linux-Sysmon/Operational</Channel><Computer>sysmonlinux-bpatel-44382-8629</Computer><Security UserId="0"/></System><EventData><Data Name="RuleName">-</Data><Data Name="UtcTime">2022-02-11 12:35:07.319</Data><Data Name="ProcessGuid">{ec27465a-57fb-6206-6884-783e4c560000}</Data><Data Name="ProcessId">19393</Data><Data Name="Image">/bin/ps</Data><Data Name="FileVersion">-</Data><Data Name="Description">-</Data><Data Name="Product">-</Data><Data Name="Company">-</Data><Data Name="OriginalFileName">-</Data><Data Name="CommandLine">ps -e -o pid,ppid,state,command</Data><Data Name="CurrentDirectory">/var/snap/amazon-ssm-agent/4046</Data><Data Name="User">root</Data><Data Name="LogonGuid">{ec27465a-0000-0000-0000-000000000000}</Data><Data Name="LogonId">0</Data><Data Name="TerminalSessionId">4294967295</Data><Data Name="IntegrityLevel">no level</Data><Data Name="Hashes">-</Data><Data Name="ParentProcessGuid">{00000000-0000-0000-0000-000000000000}</Data><Data Name="ParentProcessId">2376</Data><Data Name="ParentImage">-</Data><Data Name="ParentCommandLine">-</Data><Data Name="ParentUser">-</Data></EventData></Event>
<Event><System><Provider Name="Linux-Sysmon" Guid="{ff032593-a8d3-4f13-b0d6-01fc615a0f97}"/><EventID>5</EventID><Version>3</Version><Level>4</Level><Task>5</Task><Opcode>0</Opcode><Keywords>0x8000000000000000</Keywords><TimeCreated SystemTime="2022-02-11T12:34:06.318037000Z"/><EventRecordID>2187003</EventRecordID><Correlation/><Execution ProcessID="4565" ThreadID="4565"/><Channel>Linux-Sysmon/Operational</Channel><Computer>sysmonlinux-bpatel-44382-8629</Computer><Security UserId="0"/></System><EventData><Data Name="RuleName">-</Data><Data Name="UtcTime">2022-02-11 12:34:06.318</Data><Data Name="ProcessGuid">{ec27465a-57be-6206-6894-d19c29560000}</Data><Data Name="ProcessId">19392</Data><Data Name="Image">/bin/ps</Data><Data Name="User">root</Data></EventData></Event>
<Event><System><Provider Name="Linux-Sysmon" Guid="{ff032593-a8d3-4f13-b0d6-01fc615a0f97}"/><EventID>1</EventID><Version>5</Version><Level>4</Level><Task>1</Task><Opcode>0</Opcode><Keywords>0x8000000000000000</Keywords><TimeCreated SystemTime="2022-02-11T12:34:06.306911000Z"/><EventRecordID>2186980</EventRecordID><Correlation/><Execution ProcessID="4565" ThreadID="4565"/><Channel>Linux-Sysmon/Operational</Channel><Computer>sysmonlinux-bpatel-44382-8629</Computer><Security UserId="0"/></System><EventData><Data Name="RuleName">-</Data><Data Name="UtcTime">2022-02-11 12:34:06.307</Data><Data Name="ProcessGuid">{ec27465a-57be-6206-6894-d19c29560000}</Data><Data Name="ProcessId">19392</Data><Data Name="Image">/bin/ps</Data><Data Name="FileVersion">-</Data><Data Name="Description">-</Data><Data Name="Product">-</Data><Data Name="Company">-</Data><Data Name="OriginalFileName">-</Data><Data Name="CommandLine">ps -e -o pid,ppid,state,command</Data><Data Name="CurrentDirectory">/var/snap/amazon-ssm-agent/4046</Data><Data Name="User">root</Data><Data Name="LogonGuid">{ec27465a-0000-0000-0000-000000000000}</Data><Data Name="LogonId">0</Data><Data Name="TerminalSessionId">4294967295</Data><Data Name="IntegrityLevel">no level</Data><Data Name="Hashes">-</Data><Data Name="ParentProcessGuid">{00000000-0000-0000-0000-000000000000}</Data><Data Name="ParentProcessId">2376</Data><Data Name="ParentImage">-</Data><Data Name="ParentCommandLine">-</Data><Data Name="ParentUser">-</Data></EventData></Event>
<Event><System><Provider Name="Linux-Sysmon" Guid="{ff032593-a8d3-4f13-b0d6-01fc615a0f97}"/><EventID>5</EventID><Version>3</Version><Level>4</Level><Task>5</Task><Opcode>0</Opcode><Keywords>0x8000000000000000</Keywords><TimeCreated SystemTime="2022-02-11T12:33:05.305703000Z"/><EventRecordID>2183781</EventRecordID><Correlation/><Execution ProcessID="4565" ThreadID="4565"/><Channel>Linux-Sysmon/Operational</Channel><Computer>sysmonlinux-bpatel-44382-8629</Computer><Security UserId="0"/></System><EventData><Data Name="RuleName">-</Data><Data Name="UtcTime">2022-02-11 12:33:05.306</Data><Data Name="ProcessGuid">{ec27465a-5781-6206-6804-53d977550000}</Data><Data Name="ProcessId">19391</Data><Data Name="Image">/bin/ps</Data><Data Name="User">root</Data></EventData></Event>
<Event><System><Provider Name="Linux-Sysmon" Guid="{ff032593-a8d3-4f13-b0d6-01fc615a0f97}"/><EventID>1</EventID><Version>5</Version><Level>4</Level><Task>1</Task><Opcode>0</Opcode><Keywords>0x8000000000000000</Keywords><TimeCreated SystemTime="2022-02-11T12:33:05.293524000Z"/><EventRecordID>2183748</EventRecordID><Correlation/><Execution ProcessID="4565" ThreadID="4565"/><Channel>Linux-Sysmon/Operational</Channel><Computer>sysmonlinux-bpatel-44382-8629</Computer><Security UserId="0"/></System><EventData><Data Name="RuleName">-</Data><Data Name="UtcTime">2022-02-11 12:33:05.293</Data><Data Name="ProcessGuid">{ec27465a-5781-6206-6804-53d977550000}</Data><Data Name="ProcessId">19391</Data><Data Name="Image">/bin/ps</Data><Data Name="FileVersion">-</Data><Data Name="Description">-</Data><Data Name="Product">-</Data><Data Name="Company">-</Data><Data Name="OriginalFileName">-</Data><Data Name="CommandLine">ps -e -o pid,ppid,state,command</Data><Data Name="CurrentDirectory">/var/snap/amazon-ssm-agent/4046</Data><Data Name="User">root</Data><Data Name="LogonGuid">{ec27465a-0000-0000-0000-000000000000}</Data><Data Name="LogonId">0</Data><Data Name="TerminalSessionId">4294967295</Data><Data Name="IntegrityLevel">no level</Data><Data Name="Hashes">-</Data><Data Name="ParentProcessGuid">{00000000-0000-0000-0000-000000000000}</Data><Data Name="ParentProcessId">2376</Data><Data Name="ParentImage">-</Data><Data Name="ParentCommandLine">-</Data><Data Name="ParentUser">-</Data></EventData></Event>
<Event><System><Provider Name="Linux-Sysmon" Guid="{ff032593-a8d3-4f13-b0d6-01fc615a0f97}"/><EventID>5</EventID><Version>3</Version><Level>4</Level><Task>5</Task><Opcode>0</Opcode><Keywords>0x8000000000000000</Keywords><TimeCreated SystemTime="2022-02-11T12:32:04.292384000Z"/><EventRecordID>2180895</EventRecordID><Correlation/><Execution ProcessID="4565" ThreadID="4565"/><Channel>Linux-Sysmon/Operational</Channel><Computer>sysmonlinux-bpatel-44382-8629</Computer><Security UserId="0"/></System><EventData><Data Name="RuleName">-</Data><Data Name="UtcTime">2022-02-11 12:32:04.292</Data><Data Name="ProcessGuid">{ec27465a-5744-6206-68d4-b77e98550000}</Data><Data Name="ProcessId">19390</Data><Data Name="Image">/bin/ps</Data><Data Name="User">root</Data></EventData></Event>
<Event><System><Provider Name="Linux-Sysmon" Guid="{ff032593-a8d3-4f13-b0d6-01fc615a0f97}"/><EventID>1</EventID><Version>5</Version><Level>4</Level><Task>1</Task><Opcode>0</Opcode><Keywords>0x8000000000000000</Keywords><TimeCreated SystemTime="2022-02-11T12:32:04.281326000Z"/><EventRecordID>2180880</EventRecordID><Correlation/><Execution ProcessID="4565" ThreadID="4565"/><Channel>Linux-Sysmon/Operational</Channel><Computer>sysmonlinux-bpatel-44382-8629</Computer><Security UserId="0"/></System><EventData><Data Name="RuleName">-</Data><Data Name="UtcTime">2022-02-11 12:32:04.281</Data><Data Name="ProcessGuid">{ec27465a-5744-6206-68d4-b77e98550000}</Data><Data Name="ProcessId">19390</Data><Data Name="Image">/bin/ps</Data><Data Name="FileVersion">-</Data><Data Name="Description">-</Data><Data Name="Product">-</Data><Data Name="Company">-</Data><Data Name="OriginalFileName">-</Data><Data Name="CommandLine">ps -e -o pid,ppid,state,command</Data><Data Name="CurrentDirectory">/var/snap/amazon-ssm-agent/4046</Data><Data Name="User">root</Data><Data Name="LogonGuid">{ec27465a-0000-0000-0000-000000000000}</Data><Data Name="LogonId">0</Data><Data Name="TerminalSessionId">4294967295</Data><Data Name="IntegrityLevel">no level</Data><Data Name="Hashes">-</Data><Data Name="ParentProcessGuid">{00000000-0000-0000-0000-000000000000}</Data><Data Name="ParentProcessId">2376</Data><Data Name="ParentImage">-</Data><Data Name="ParentCommandLine">-</Data><Data Name="ParentUser">-</Data></EventData></Event>
<Event><System><Provider Name="Linux-Sysmon" Guid="{ff032593-a8d3-4f13-b0d6-01fc615a0f97}"/><EventID>5</EventID><Version>3</Version><Level>4</Level><Task>5</Task><Opcode>0</Opcode><Keywords>0x8000000000000000</Keywords><TimeCreated SystemTime="2022-02-11T12:31:03.277593000Z"/><EventRecordID>2178424</EventRecordID><Correlation/><Execution ProcessID="4565" ThreadID="4565"/><Channel>Linux-Sysmon/Operational</Channel><Computer>sysmonlinux-bpatel-44382-8629</Computer><Security UserId="0"/></System><EventData><Data Name="RuleName">-</Data><Data Name="UtcTime">2022-02-11 12:31:03.278</Data><Data Name="ProcessGuid">{ec27465a-5707-6206-6884-b80168550000}</Data><Data Name="ProcessId">19387</Data><Data Name="Image">/bin/ps</Data><Data Name="User">root</Data></EventData></Event>
<Event><System><Provider Name="Linux-Sysmon" Guid="{ff032593-a8d3-4f13-b0d6-01fc615a0f97}"/><EventID>1</EventID><Version>5</Version><Level>4</Level><Task>1</Task><Opcode>0</Opcode><Keywords>0x8000000000000000</Keywords><TimeCreated SystemTime="2022-02-11T12:31:03.250061000Z"/><EventRecordID>2178381</EventRecordID><Correlation/><Execution ProcessID="4565" ThreadID="4565"/><Channel>Linux-Sysmon/Operational</Channel><Computer>sysmonlinux-bpatel-44382-8629</Computer><Security UserId="0"/></System><EventData><Data Name="RuleName">-</Data><Data Name="UtcTime">2022-02-11 12:31:03.250</Data><Data Name="ProcessGuid">{ec27465a-5707-6206-6884-b80168550000}</Data><Data Name="ProcessId">19387</Data><Data Name="Image">/bin/ps</Data><Data Name="FileVersion">-</Data><Data Name="Description">-</Data><Data Name="Product">-</Data><Data Name="Company">-</Data><Data Name="OriginalFileName">-</Data><Data Name="CommandLine">ps -e -o pid,ppid,state,command</Data><Data Name="CurrentDirectory">/var/snap/amazon-ssm-agent/4046</Data><Data Name="User">root</Data><Data Name="LogonGuid">{ec27465a-0000-0000-0000-000000000000}</Data><Data Name="LogonId">0</Data><Data Name="TerminalSessionId">4294967295</Data><Data Name="IntegrityLevel">no level</Data><Data Name="Hashes">-</Data><Data Name="ParentProcessGuid">{00000000-0000-0000-0000-000000000000}</Data><Data Name="ParentProcessId">2376</Data><Data Name="ParentImage">-</Data><Data Name="ParentCommandLine">-</Data><Data Name="ParentUser">-</Data></EventData></Event>
<Event><System><Provider Name="Linux-Sysmon" Guid="{ff032593-a8d3-4f13-b0d6-01fc615a0f97}"/><EventID>5</EventID><Version>3</Version><Level>4</Level><Task>5</Task><Opcode>0</Opcode><Keywords>0x8000000000000000</Keywords><TimeCreated SystemTime="2022-02-11T12:30:02.248785000Z"/><EventRecordID>2174079</EventRecordID><Correlation/><Execution ProcessID="4565" ThreadID="4565"/><Channel>Linux-Sysmon/Operational</Channel><Computer>sysmonlinux-bpatel-44382-8629</Computer><Security UserId="0"/></System><EventData><Data Name="RuleName">-</Data><Data Name="UtcTime">2022-02-11 12:30:02.249</Data><Data Name="ProcessGuid">{ec27465a-56ca-6206-6824-47ab5b550000}</Data><Data Name="ProcessId">19386</Data><Data Name="Image">/bin/ps</Data><Data Name="User">root</Data></EventData></Event>
<Event><System><Provider Name="Linux-Sysmon" Guid="{ff032593-a8d3-4f13-b0d6-01fc615a0f97}"/><EventID>1</EventID><Version>5</Version><Level>4</Level><Task>1</Task><Opcode>0</Opcode><Keywords>0x8000000000000000</Keywords><TimeCreated SystemTime="2022-02-11T12:30:02.226854000Z"/><EventRecordID>2174055</EventRecordID><Correlation/><Execution ProcessID="4565" ThreadID="4565"/><Channel>Linux-Sysmon/Operational</Channel><Computer>sysmonlinux-bpatel-44382-8629</Computer><Security UserId="0"/></System><EventData><Data Name="RuleName">-</Data><Data Name="UtcTime">2022-02-11 12:30:02.226</Data><Data Name="ProcessGuid">{ec27465a-56ca-6206-6824-47ab5b550000}</Data><Data Name="ProcessId">19386</Data><Data Name="Image">/bin/ps</Data><Data Name="FileVersion">-</Data><Data Name="Description">-</Data><Data Name="Product">-</Data><Data Name="Company">-</Data><Data Name="OriginalFileName">-</Data><Data Name="CommandLine">ps -e -o pid,ppid,state,command</Data><Data Name="CurrentDirectory">/var/snap/amazon-ssm-agent/4046</Data><Data Name="User">root</Data><Data Name="LogonGuid">{ec27465a-0000-0000-0000-000000000000}</Data><Data Name="LogonId">0</Data><Data Name="TerminalSessionId">4294967295</Data><Data Name="IntegrityLevel">no level</Data><Data Name="Hashes">-</Data><Data Name="ParentProcessGuid">{00000000-0000-0000-0000-000000000000}</Data><Data Name="ParentProcessId">2376</Data><Data Name="ParentImage">-</Data><Data Name="ParentCommandLine">-</Data><Data Name="ParentUser">-</Data></EventData></Event>
<Event><System><Provider Name="Linux-Sysmon" Guid="{ff032593-a8d3-4f13-b0d6-01fc615a0f97}"/><EventID>5</EventID><Version>3</Version><Level>4</Level><Task>5</Task><Opcode>0</Opcode><Keywords>0x8000000000000000</Keywords><TimeCreated SystemTime="2022-02-11T12:29:01.225408000Z"/><EventRecordID>2172607</EventRecordID><Correlation/><Execution ProcessID="4565" ThreadID="4565"/><Channel>Linux-Sysmon/Operational</Channel><Computer>sysmonlinux-bpatel-44382-8629</Computer><Security UserId="0"/></System><EventData><Data Name="RuleName">-</Data><Data Name="UtcTime">2022-02-11 12:29:01.225</Data><Data Name="ProcessGuid">{ec27465a-568d-6206-6854-701b7b550000}</Data><Data Name="ProcessId">19385</Data><Data Name="Image">/bin/ps</Data><Data Name="User">root</Data></EventData></Event>
<Event><System><Provider Name="Linux-Sysmon" Guid="{ff032593-a8d3-4f13-b0d6-01fc615a0f97}"/><EventID>1</EventID><Version>5</Version><Level>4</Level><Task>1</Task><Opcode>0</Opcode><Keywords>0x8000000000000000</Keywords><TimeCreated SystemTime="2022-02-11T12:29:01.205317000Z"/><EventRecordID>2172605</EventRecordID><Correlation/><Execution ProcessID="4565" ThreadID="4565"/><Channel>Linux-Sysmon/Operational</Channel><Computer>sysmonlinux-bpatel-44382-8629</Computer><Security UserId="0"/></System><EventData><Data Name="RuleName">-</Data><Data Name="UtcTime">2022-02-11 12:29:01.205</Data><Data Name="ProcessGuid">{ec27465a-568d-6206-6854-701b7b550000}</Data><Data Name="ProcessId">19385</Data><Data Name="Image">/bin/ps</Data><Data Name="FileVersion">-</Data><Data Name="Description">-</Data><Data Name="Product">-</Data><Data Name="Company">-</Data><Data Name="OriginalFileName">-</Data><Data Name="CommandLine">ps -e -o pid,ppid,state,command</Data><Data Name="CurrentDirectory">/var/snap/amazon-ssm-agent/4046</Data><Data Name="User">root</Data><Data Name="LogonGuid">{ec27465a-0000-0000-0000-000000000000}</Data><Data Name="LogonId">0</Data><Data Name="TerminalSessionId">4294967295</Data><Data Name="IntegrityLevel">no level</Data><Data Name="Hashes">-</Data><Data Name="ParentProcessGuid">{00000000-0000-0000-0000-000000000000}</Data><Data Name="ParentProcessId">2376</Data><Data Name="ParentImage">-</Data><Data Name="ParentCommandLine">-</Data><Data Name="ParentUser">-</Data></EventData></Event>
<Event><System><Provider Name="Linux-Sysmon" Guid="{ff032593-a8d3-4f13-b0d6-01fc615a0f97}"/><EventID>5</EventID><Version>3</Version><Level>4</Level><Task>5</Task><Opcode>0</Opcode><Keywords>0x8000000000000000</Keywords><TimeCreated SystemTime="2022-02-11T12:28:00.204164000Z"/><EventRecordID>2167960</EventRecordID><Correlation/><Execution ProcessID="4565" ThreadID="4565"/><Channel>Linux-Sysmon/Operational</Channel><Computer>sysmonlinux-bpatel-44382-8629</Computer><Security UserId="0"/></System><EventData><Data Name="RuleName">-</Data><Data Name="UtcTime">2022-02-11 12:28:00.204</Data><Data Name="ProcessGuid">{ec27465a-5650-6206-68a4-7a8647560000}</Data><Data Name="ProcessId">19383</Data><Data Name="Image">/bin/ps</Data><Data Name="User">root</Data></EventData></Event>
<Event><System><Provider Name="Linux-Sysmon" Guid="{ff032593-a8d3-4f13-b0d6-01fc615a0f97}"/><EventID>1</EventID><Version>5</Version><Level>4</Level><Task>1</Task><Opcode>0</Opcode><Keywords>0x8000000000000000</Keywords><TimeCreated SystemTime="2022-02-11T12:28:00.193460000Z"/><EventRecordID>2167929</EventRecordID><Correlation/><Execution ProcessID="4565" ThreadID="4565"/><Channel>Linux-Sysmon/Operational</Channel><Computer>sysmonlinux-bpatel-44382-8629</Computer><Security UserId="0"/></System><EventData><Data Name="RuleName">-</Data><Data Name="UtcTime">2022-02-11 12:28:00.193</Data><Data Name="ProcessGuid">{ec27465a-5650-6206-68a4-7a8647560000}</Data><Data Name="ProcessId">19383</Data><Data Name="Image">/bin/ps</Data><Data Name="FileVersion">-</Data><Data Name="Description">-</Data><Data Name="Product">-</Data><Data Name="Company">-</Data><Data Name="OriginalFileName">-</Data><Data Name="CommandLine">ps -e -o pid,ppid,state,command</Data><Data Name="CurrentDirectory">/var/snap/amazon-ssm-agent/4046</Data><Data Name="User">root</Data><Data Name="LogonGuid">{ec27465a-0000-0000-0000-000000000000}</Data><Data Name="LogonId">0</Data><Data Name="TerminalSessionId">4294967295</Data><Data Name="IntegrityLevel">no level</Data><Data Name="Hashes">-</Data><Data Name="ParentProcessGuid">{00000000-0000-0000-0000-000000000000}</Data><Data Name="ParentProcessId">2376</Data><Data Name="ParentImage">-</Data><Data Name="ParentCommandLine">-</Data><Data Name="ParentUser">-</Data></EventData></Event>
<Event><System><Provider Name="Linux-Sysmon" Guid="{ff032593-a8d3-4f13-b0d6-01fc615a0f97}"/><EventID>5</EventID><Version>3</Version><Level>4</Level><Task>5</Task><Opcode>0</Opcode><Keywords>0x8000000000000000</Keywords><TimeCreated SystemTime="2022-02-11T12:26:59.192426000Z"/><EventRecordID>2166461</EventRecordID><Correlation/><Execution ProcessID="4565" ThreadID="4565"/><Channel>Linux-Sysmon/Operational</Channel><Computer>sysmonlinux-bpatel-44382-8629</Computer><Security UserId="0"/></System><EventData><Data Name="RuleName">-</Data><Data Name="UtcTime">2022-02-11 12:26:59.192</Data><Data Name="ProcessGuid">{ec27465a-5613-6206-68d4-748a95550000}</Data><Data Name="ProcessId">19382</Data><Data Name="Image">/bin/ps</Data><Data Name="User">root</Data></EventData></Event>
<Event><System><Provider Name="Linux-Sysmon" Guid="{ff032593-a8d3-4f13-b0d6-01fc615a0f97}"/><EventID>1</EventID><Version>5</Version><Level>4</Level><Task>1</Task><Opcode>0</Opcode><Keywords>0x8000000000000000</Keywords><TimeCreated SystemTime="2022-02-11T12:26:59.181750000Z"/><EventRecordID>2166460</EventRecordID><Correlation/><Execution ProcessID="4565" ThreadID="4565"/><Channel>Linux-Sysmon/Operational</Channel><Computer>sysmonlinux-bpatel-44382-8629</Computer><Security UserId="0"/></System><EventData><Data Name="RuleName">-</Data><Data Name="UtcTime">2022-02-11 12:26:59.181</Data><Data Name="ProcessGuid">{ec27465a-5613-6206-68d4-748a95550000}</Data><Data Name="ProcessId">19382</Data><Data Name="Image">/bin/ps</Data><Data Name="FileVersion">-</Data><Data Name="Description">-</Data><Data Name="Product">-</Data><Data Name="Company">-</Data><Data Name="OriginalFileName">-</Data><Data Name="CommandLine">ps -e -o pid,ppid,state,command</Data><Data Name="CurrentDirectory">/var/snap/amazon-ssm-agent/4046</Data><Data Name="User">root</Data><Data Name="LogonGuid">{ec27465a-0000-0000-0000-000000000000}</Data><Data Name="LogonId">0</Data><Data Name="TerminalSessionId">4294967295</Data><Data Name="IntegrityLevel">no level</Data><Data Name="Hashes">-</Data><Data Name="ParentProcessGuid">{00000000-0000-0000-0000-000000000000}</Data><Data Name="ParentProcessId">2376</Data><Data Name="ParentImage">-</Data><Data Name="ParentCommandLine">-</Data><Data Name="ParentUser">-</Data></EventData></Event>
<Event><System><Provider Name="Linux-Sysmon" Guid="{ff032593-a8d3-4f13-b0d6-01fc615a0f97}"/><EventID>5</EventID><Version>3</Version><Level>4</Level><Task>5</Task><Opcode>0</Opcode><Keywords>0x8000000000000000</Keywords><TimeCreated SystemTime="2022-02-11T12:25:58.180900000Z"/><EventRecordID>2164555</EventRecordID><Correlation/><Execution ProcessID="4565" ThreadID="4565"/><Channel>Linux-Sysmon/Operational</Channel><Computer>sysmonlinux-bpatel-44382-8629</Computer><Security UserId="0"/></System><EventData><Data Name="RuleName">-</Data><Data Name="UtcTime">2022-02-11 12:25:58.181</Data><Data Name="ProcessGuid">{ec27465a-55d6-6206-6864-68bd32560000}</Data><Data Name="ProcessId">19380</Data><Data Name="Image">/bin/ps</Data><Data Name="User">root</Data></EventData></Event>
<Event><System><Provider Name="Linux-Sysmon" Guid="{ff032593-a8d3-4f13-b0d6-01fc615a0f97}"/><EventID>1</EventID><Version>5</Version><Level>4</Level><Task>1</Task><Opcode>0</Opcode><Keywords>0x8000000000000000</Keywords><TimeCreated SystemTime="2022-02-11T12:25:58.156382000Z"/><EventRecordID>2164554</EventRecordID><Correlation/><Execution ProcessID="4565" ThreadID="4565"/><Channel>Linux-Sysmon/Operational</Channel><Computer>sysmonlinux-bpatel-44382-8629</Computer><Security UserId="0"/></System><EventData><Data Name="RuleName">-</Data><Data Name="UtcTime">2022-02-11 12:25:58.156</Data><Data Name="ProcessGuid">{ec27465a-55d6-6206-6864-68bd32560000}</Data><Data Name="ProcessId">19380</Data><Data Name="Image">/bin/ps</Data><Data Name="FileVersion">-</Data><Data Name="Description">-</Data><Data Name="Product">-</Data><Data Name="Company">-</Data><Data Name="OriginalFileName">-</Data><Data Name="CommandLine">ps -e -o pid,ppid,state,command</Data><Data Name="CurrentDirectory">/var/snap/amazon-ssm-agent/4046</Data><Data Name="User">root</Data><Data Name="LogonGuid">{ec27465a-0000-0000-0000-000000000000}</Data><Data Name="LogonId">0</Data><Data Name="TerminalSessionId">4294967295</Data><Data Name="IntegrityLevel">no level</Data><Data Name="Hashes">-</Data><Data Name="ParentProcessGuid">{00000000-0000-0000-0000-000000000000}</Data><Data Name="ParentProcessId">2376</Data><Data Name="ParentImage">-</Data><Data Name="ParentCommandLine">-</Data><Data Name="ParentUser">-</Data></EventData></Event>
<Event><System><Provider Name="Linux-Sysmon" Guid="{ff032593-a8d3-4f13-b0d6-01fc615a0f97}"/><EventID>5</EventID><Version>3</Version><Level>4</Level><Task>5</Task><Opcode>0</Opcode><Keywords>0x8000000000000000</Keywords><TimeCreated SystemTime="2022-02-11T12:24:57.155194000Z"/><EventRecordID>2163596</EventRecordID><Correlation/><Execution ProcessID="4565" ThreadID="4565"/><Channel>Linux-Sysmon/Operational</Channel><Computer>sysmonlinux-bpatel-44382-8629</Computer><Security UserId="0"/></System><EventData><Data Name="RuleName">-</Data><Data Name="UtcTime">2022-02-11 12:24:57.155</Data><Data Name="ProcessGuid">{ec27465a-5599-6206-6894-a5ee89550000}</Data><Data Name="ProcessId">19379</Data><Data Name="Image">/bin/ps</Data><Data Name="User">root</Data></EventData></Event>
<Event><System><Provider Name="Linux-Sysmon" Guid="{ff032593-a8d3-4f13-b0d6-01fc615a0f97}"/><EventID>1</EventID><Version>5</Version><Level>4</Level><Task>1</Task><Opcode>0</Opcode><Keywords>0x8000000000000000</Keywords><TimeCreated SystemTime="2022-02-11T12:24:57.145177000Z"/><EventRecordID>2163595</EventRecordID><Correlation/><Execution ProcessID="4565" ThreadID="4565"/><Channel>Linux-Sysmon/Operational</Channel><Computer>sysmonlinux-bpatel-44382-8629</Computer><Security UserId="0"/></System><EventData><Data Name="RuleName">-</Data><Data Name="UtcTime">2022-02-11 12:24:57.145</Data><Data Name="ProcessGuid">{ec27465a-5599-6206-6894-a5ee89550000}</Data><Data Name="ProcessId">19379</Data><Data Name="Image">/bin/ps</Data><Data Name="FileVersion">-</Data><Data Name="Description">-</Data><Data Name="Product">-</Data><Data Name="Company">-</Data><Data Name="OriginalFileName">-</Data><Data Name="CommandLine">ps -e -o pid,ppid,state,command</Data><Data Name="CurrentDirectory">/var/snap/amazon-ssm-agent/4046</Data><Data Name="User">root</Data><Data Name="LogonGuid">{ec27465a-0000-0000-0000-000000000000}</Data><Data Name="LogonId">0</Data><Data Name="TerminalSessionId">4294967295</Data><Data Name="IntegrityLevel">no level</Data><Data Name="Hashes">-</Data><Data Name="ParentProcessGuid">{00000000-0000-0000-0000-000000000000}</Data><Data Name="ParentProcessId">2376</Data><Data Name="ParentImage">-</Data><Data Name="ParentCommandLine">-</Data><Data Name="ParentUser">-</Data></EventData></Event>
<Event><System><Provider Name="Linux-Sysmon" Guid="{ff032593-a8d3-4f13-b0d6-01fc615a0f97}"/><EventID>5</EventID><Version>3</Version><Level>4</Level><Task>5</Task><Opcode>0</Opcode><Keywords>0x8000000000000000</Keywords><TimeCreated SystemTime="2022-02-11T12:23:56.143944000Z"/><EventRecordID>2162312</EventRecordID><Correlation/><Execution ProcessID="4565" ThreadID="4565"/><Channel>Linux-Sysmon/Operational</Channel><Computer>sysmonlinux-bpatel-44382-8629</Computer><Security UserId="0"/></System><EventData><Data Name="RuleName">-</Data><Data Name="UtcTime">2022-02-11 12:23:56.144</Data><Data Name="ProcessGuid">{ec27465a-555c-6206-6844-149450560000}</Data><Data Name="ProcessId">19376</Data><Data Name="Image">/bin/ps</Data><Data Name="User">root</Data></EventData></Event>
<Event><System><Provider Name="Linux-Sysmon" Guid="{ff032593-a8d3-4f13-b0d6-01fc615a0f97}"/><EventID>1</EventID><Version>5</Version><Level>4</Level><Task>1</Task><Opcode>0</Opcode><Keywords>0x8000000000000000</Keywords><TimeCreated SystemTime="2022-02-11T12:23:56.131246000Z"/><EventRecordID>2162275</EventRecordID><Correlation/><Execution ProcessID="4565" ThreadID="4565"/><Channel>Linux-Sysmon/Operational</Channel><Computer>sysmonlinux-bpatel-44382-8629</Computer><Security UserId="0"/></System><EventData><Data Name="RuleName">-</Data><Data Name="UtcTime">2022-02-11 12:23:56.131</Data><Data Name="ProcessGuid">{ec27465a-555c-6206-6844-149450560000}</Data><Data Name="ProcessId">19376</Data><Data Name="Image">/bin/ps</Data><Data Name="FileVersion">-</Data><Data Name="Description">-</Data><Data Name="Product">-</Data><Data Name="Company">-</Data><Data Name="OriginalFileName">-</Data><Data Name="CommandLine">ps -e -o pid,ppid,state,command</Data><Data Name="CurrentDirectory">/var/snap/amazon-ssm-agent/4046</Data><Data Name="User">root</Data><Data Name="LogonGuid">{ec27465a-0000-0000-0000-000000000000}</Data><Data Name="LogonId">0</Data><Data Name="TerminalSessionId">4294967295</Data><Data Name="IntegrityLevel">no level</Data><Data Name="Hashes">-</Data><Data Name="ParentProcessGuid">{00000000-0000-0000-0000-000000000000}</Data><Data Name="ParentProcessId">2376</Data><Data Name="ParentImage">-</Data><Data Name="ParentCommandLine">-</Data><Data Name="ParentUser">-</Data></EventData></Event>
<Event><System><Provider Name="Linux-Sysmon" Guid="{ff032593-a8d3-4f13-b0d6-01fc615a0f97}"/><EventID>5</EventID><Version>3</Version><Level>4</Level><Task>5</Task><Opcode>0</Opcode><Keywords>0x8000000000000000</Keywords><TimeCreated SystemTime="2022-02-11T12:22:55.130082000Z"/><EventRecordID>2160528</EventRecordID><Correlation/><Execution ProcessID="4565" ThreadID="4565"/><Channel>Linux-Sysmon/Operational</Channel><Computer>sysmonlinux-bpatel-44382-8629</Computer><Security UserId="0"/></System><EventData><Data Name="RuleName">-</Data><Data Name="UtcTime">2022-02-11 12:22:55.130</Data><Data Name="ProcessGuid">{ec27465a-551f-6206-68d4-7a9c87550000}</Data><Data Name="ProcessId">19375</Data><Data Name="Image">/bin/ps</Data><Data Name="User">root</Data></EventData></Event>
<Event><System><Provider Name="Linux-Sysmon" Guid="{ff032593-a8d3-4f13-b0d6-01fc615a0f97}"/><EventID>1</EventID><Version>5</Version><Level>4</Level><Task>1</Task><Opcode>0</Opcode><Keywords>0x8000000000000000</Keywords><TimeCreated SystemTime="2022-02-11T12:22:55.113329000Z"/><EventRecordID>2160527</EventRecordID><Correlation/><Execution ProcessID="4565" ThreadID="4565"/><Channel>Linux-Sysmon/Operational</Channel><Computer>sysmonlinux-bpatel-44382-8629</Computer><Security UserId="0"/></System><EventData><Data Name="RuleName">-</Data><Data Name="UtcTime">2022-02-11 12:22:55.113</Data><Data Name="ProcessGuid">{ec27465a-551f-6206-68d4-7a9c87550000}</Data><Data Name="ProcessId">19375</Data><Data Name="Image">/bin/ps</Data><Data Name="FileVersion">-</Data><Data Name="Description">-</Data><Data Name="Product">-</Data><Data Name="Company">-</Data><Data Name="OriginalFileName">-</Data><Data Name="CommandLine">ps -e -o pid,ppid,state,command</Data><Data Name="CurrentDirectory">/var/snap/amazon-ssm-agent/4046</Data><Data Name="User">root</Data><Data Name="LogonGuid">{ec27465a-0000-0000-0000-000000000000}</Data><Data Name="LogonId">0</Data><Data Name="TerminalSessionId">4294967295</Data><Data Name="IntegrityLevel">no level</Data><Data Name="Hashes">-</Data><Data Name="ParentProcessGuid">{00000000-0000-0000-0000-000000000000}</Data><Data Name="ParentProcessId">2376</Data><Data Name="ParentImage">-</Data><Data Name="ParentCommandLine">-</Data><Data Name="ParentUser">-</Data></EventData></Event>
<Event><System><Provider Name="Linux-Sysmon" Guid="{ff032593-a8d3-4f13-b0d6-01fc615a0f97}"/><EventID>5</EventID><Version>3</Version><Level>4</Level><Task>5</Task><Opcode>0</Opcode><Keywords>0x8000000000000000</Keywords><TimeCreated SystemTime="2022-02-11T12:21:54.112142000Z"/><EventRecordID>2158578</EventRecordID><Correlation/><Execution ProcessID="4565" ThreadID="4565"/><Channel>Linux-Sysmon/Operational</Channel><Computer>sysmonlinux-bpatel-44382-8629</Computer><Security UserId="0"/></System><EventData><Data Name="RuleName">-</Data><Data Name="UtcTime">2022-02-11 12:21:54.112</Data><Data Name="ProcessGuid">{ec27465a-54e2-6206-6854-b51ca3550000}</Data><Data Name="ProcessId">19374</Data><Data Name="Image">/bin/ps</Data><Data Name="User">root</Data></EventData></Event>
<Event><System><Provider Name="Linux-Sysmon" Guid="{ff032593-a8d3-4f13-b0d6-01fc615a0f97}"/><EventID>1</EventID><Version>5</Version><Level>4</Level><Task>1</Task><Opcode>0</Opcode><Keywords>0x8000000000000000</Keywords><TimeCreated SystemTime="2022-02-11T12:21:54.102505000Z"/><EventRecordID>2158577</EventRecordID><Correlation/><Execution ProcessID="4565" ThreadID="4565"/><Channel>Linux-Sysmon/Operational</Channel><Computer>sysmonlinux-bpatel-44382-8629</Computer><Security UserId="0"/></System><EventData><Data Name="RuleName">-</Data><Data Name="UtcTime">2022-02-11 12:21:54.102</Data><Data Name="ProcessGuid">{ec27465a-54e2-6206-6854-b51ca3550000}</Data><Data Name="ProcessId">19374</Data><Data Name="Image">/bin/ps</Data><Data Name="FileVersion">-</Data><Data Name="Description">-</Data><Data Name="Product">-</Data><Data Name="Company">-</Data><Data Name="OriginalFileName">-</Data><Data Name="CommandLine">ps -e -o pid,ppid,state,command</Data><Data Name="CurrentDirectory">/var/snap/amazon-ssm-agent/4046</Data><Data Name="User">root</Data><Data Name="LogonGuid">{ec27465a-0000-0000-0000-000000000000}</Data><Data Name="LogonId">0</Data><Data Name="TerminalSessionId">4294967295</Data><Data Name="IntegrityLevel">no level</Data><Data Name="Hashes">-</Data><Data Name="ParentProcessGuid">{00000000-0000-0000-0000-000000000000}</Data><Data Name="ParentProcessId">2376</Data><Data Name="ParentImage">-</Data><Data Name="ParentCommandLine">-</Data><Data Name="ParentUser">-</Data></EventData></Event>
<Event><System><Provider Name="Linux-Sysmon" Guid="{ff032593-a8d3-4f13-b0d6-01fc615a0f97}"/><EventID>5</EventID><Version>3</Version><Level>4</Level><Task>5</Task><Opcode>0</Opcode><Keywords>0x8000000000000000</Keywords><TimeCreated SystemTime="2022-02-11T12:20:53.100455000Z"/><EventRecordID>2157479</EventRecordID><Correlation/><Execution ProcessID="4565" ThreadID="4565"/><Channel>Linux-Sysmon/Operational</Channel><Computer>sysmonlinux-bpatel-44382-8629</Computer><Security UserId="0"/></System><EventData><Data Name="RuleName">-</Data><Data Name="UtcTime">2022-02-11 12:20:53.100</Data><Data Name="ProcessGuid">{ec27465a-54a5-6206-6844-d29304560000}</Data><Data Name="ProcessId">19372</Data><Data Name="Image">/bin/ps</Data><Data Name="User">root</Data></EventData></Event>
<Event><System><Provider Name="Linux-Sysmon" Guid="{ff032593-a8d3-4f13-b0d6-01fc615a0f97}"/><EventID>1</EventID><Version>5</Version><Level>4</Level><Task>1</Task><Opcode>0</Opcode><Keywords>0x8000000000000000</Keywords><TimeCreated SystemTime="2022-02-11T12:20:53.089883000Z"/><EventRecordID>2157456</EventRecordID><Correlation/><Execution ProcessID="4565" ThreadID="4565"/><Channel>Linux-Sysmon/Operational</Channel><Computer>sysmonlinux-bpatel-44382-8629</Computer><Security UserId="0"/></System><EventData><Data Name="RuleName">-</Data><Data Name="UtcTime">2022-02-11 12:20:53.090</Data><Data Name="ProcessGuid">{ec27465a-54a5-6206-6844-d29304560000}</Data><Data Name="ProcessId">19372</Data><Data Name="Image">/bin/ps</Data><Data Name="FileVersion">-</Data><Data Name="Description">-</Data><Data Name="Product">-</Data><Data Name="Company">-</Data><Data Name="OriginalFileName">-</Data><Data Name="CommandLine">ps -e -o pid,ppid,state,command</Data><Data Name="CurrentDirectory">/var/snap/amazon-ssm-agent/4046</Data><Data Name="User">root</Data><Data Name="LogonGuid">{ec27465a-0000-0000-0000-000000000000}</Data><Data Name="LogonId">0</Data><Data Name="TerminalSessionId">4294967295</Data><Data Name="IntegrityLevel">no level</Data><Data Name="Hashes">-</Data><Data Name="ParentProcessGuid">{00000000-0000-0000-0000-000000000000}</Data><Data Name="ParentProcessId">2376</Data><Data Name="ParentImage">-</Data><Data Name="ParentCommandLine">-</Data><Data Name="ParentUser">-</Data></EventData></Event>
<Event><System><Provider Name="Linux-Sysmon" Guid="{ff032593-a8d3-4f13-b0d6-01fc615a0f97}"/><EventID>5</EventID><Version>3</Version><Level>4</Level><Task>5</Task><Opcode>0</Opcode><Keywords>0x8000000000000000</Keywords><TimeCreated SystemTime="2022-02-11T12:19:52.088743000Z"/><EventRecordID>2155630</EventRecordID><Correlation/><Execution ProcessID="4565" ThreadID="4565"/><Channel>Linux-Sysmon/Operational</Channel><Computer>sysmonlinux-bpatel-44382-8629</Computer><Security UserId="0"/></System><EventData><Data Name="RuleName">-</Data><Data Name="UtcTime">2022-02-11 12:19:52.089</Data><Data Name="ProcessGuid">{ec27465a-5468-6206-6814-ac8f5a550000}</Data><Data Name="ProcessId">19371</Data><Data Name="Image">/bin/ps</Data><Data Name="User">root</Data></EventData></Event>
