<Event xmlns='http://schemas.microsoft.com/win/2004/08/events/event'><System><Provider Name='Microsoft-Windows-Sysmon' Guid='{5770385f-c22a-43e0-bf4c-06f5698ffbd9}'/><EventID>1</EventID><Version>5</Version><Level>4</Level><Task>1</Task><Opcode>0</Opcode><Keywords>0x8000000000000000</Keywords><TimeCreated SystemTime='2025-10-13T15:13:30.9683362Z'/><EventRecordID>158979</EventRecordID><Correlation/><Execution ProcessID='3252' ThreadID='4720'/><Channel>Microsoft-Windows-Sysmon/Operational</Channel><Computer>ar-win-1</Computer><Security UserID='S-1-5-18'/></System><EventData><Data Name='RuleName'>-</Data><Data Name='UtcTime'>2025-10-13 15:13:30.962</Data><Data Name='ProcessGuid'>{5ab40fd1-171a-68ed-8804-000000003a02}</Data><Data Name='ProcessId'>6992</Data><Data Name='Image'>C:\Program Files (x86)\Advanced Port Scanner\advanced_port_scanner_console.exe</Data><Data Name='FileVersion'>-</Data><Data Name='Description'>Advanced Port Scanner</Data><Data Name='Product'>Advanced Port Scanner</Data><Data Name='Company'>Famatech Corp.</Data><Data Name='OriginalFileName'>advanced_port_scanner_console.exe</Data><Data Name='CommandLine'>advanced_port_scanner_console.exe  </Data><Data Name='CurrentDirectory'>C:\Program Files (x86)\Advanced Port Scanner\</Data><Data Name='User'>AR-WIN-1\Administrator</Data><Data Name='LogonGuid'>{5ab40fd1-15fa-68ed-0a4b-5b0000000000}</Data><Data Name='LogonId'>0x5b4b0a</Data><Data Name='TerminalSessionId'>2</Data><Data Name='IntegrityLevel'>High</Data><Data Name='Hashes'>MD5=0CD04D5FDEFD5E7B2A38AB9EC94742E4,SHA256=A1A6005CC3EB66063AE33F769FC2D335487B2ED7F92C161E49AD013FFED11EC8,IMPHASH=CF9B3F3D96E11D355557400DB21F2DE4</Data><Data Name='ParentProcessGuid'>{5ab40fd1-16fb-68ed-8104-000000003a02}</Data><Data Name='ParentProcessId'>3840</Data><Data Name='ParentImage'>C:\Windows\System32\cmd.exe</Data><Data Name='ParentCommandLine'>"C:\Windows\system32\cmd.exe" </Data><Data Name='ParentUser'>AR-WIN-1\Administrator</Data></EventData></Event>
<Event xmlns='http://schemas.microsoft.com/win/2004/08/events/event'><System><Provider Name='Microsoft-Windows-Sysmon' Guid='{5770385f-c22a-43e0-bf4c-06f5698ffbd9}'/><EventID>1</EventID><Version>5</Version><Level>4</Level><Task>1</Task><Opcode>0</Opcode><Keywords>0x8000000000000000</Keywords><TimeCreated SystemTime='2025-10-13T15:13:28.9394313Z'/><EventRecordID>158978</EventRecordID><Correlation/><Execution ProcessID='3252' ThreadID='4720'/><Channel>Microsoft-Windows-Sysmon/Operational</Channel><Computer>ar-win-1</Computer><Security UserID='S-1-5-18'/></System><EventData><Data Name='RuleName'>-</Data><Data Name='UtcTime'>2025-10-13 15:13:28.904</Data><Data Name='ProcessGuid'>{5ab40fd1-1718-68ed-8704-000000003a02}</Data><Data Name='ProcessId'>8084</Data><Data Name='Image'>C:\Program Files (x86)\Advanced Port Scanner\advanced_port_scanner_console.exe</Data><Data Name='FileVersion'>-</Data><Data Name='Description'>Advanced Port Scanner</Data><Data Name='Product'>Advanced Port Scanner</Data><Data Name='Company'>Famatech Corp.</Data><Data Name='OriginalFileName'>advanced_port_scanner_console.exe</Data><Data Name='CommandLine'>advanced_port_scanner_console.exe  -h</Data><Data Name='CurrentDirectory'>C:\Program Files (x86)\Advanced Port Scanner\</Data><Data Name='User'>AR-WIN-1\Administrator</Data><Data Name='LogonGuid'>{5ab40fd1-15fa-68ed-0a4b-5b0000000000}</Data><Data Name='LogonId'>0x5b4b0a</Data><Data Name='TerminalSessionId'>2</Data><Data Name='IntegrityLevel'>High</Data><Data Name='Hashes'>MD5=0CD04D5FDEFD5E7B2A38AB9EC94742E4,SHA256=A1A6005CC3EB66063AE33F769FC2D335487B2ED7F92C161E49AD013FFED11EC8,IMPHASH=CF9B3F3D96E11D355557400DB21F2DE4</Data><Data Name='ParentProcessGuid'>{5ab40fd1-16fb-68ed-8104-000000003a02}</Data><Data Name='ParentProcessId'>3840</Data><Data Name='ParentImage'>C:\Windows\System32\cmd.exe</Data><Data Name='ParentCommandLine'>"C:\Windows\system32\cmd.exe" </Data><Data Name='ParentUser'>AR-WIN-1\Administrator</Data></EventData></Event>
<Event xmlns='http://schemas.microsoft.com/win/2004/08/events/event'><System><Provider Name='Microsoft-Windows-Sysmon' Guid='{5770385f-c22a-43e0-bf4c-06f5698ffbd9}'/><EventID>1</EventID><Version>5</Version><Level>4</Level><Task>1</Task><Opcode>0</Opcode><Keywords>0x8000000000000000</Keywords><TimeCreated SystemTime='2025-10-13T15:13:17.3240649Z'/><EventRecordID>158977</EventRecordID><Correlation/><Execution ProcessID='3252' ThreadID='4720'/><Channel>Microsoft-Windows-Sysmon/Operational</Channel><Computer>ar-win-1</Computer><Security UserID='S-1-5-18'/></System><EventData><Data Name='RuleName'>-</Data><Data Name='UtcTime'>2025-10-13 15:13:17.308</Data><Data Name='ProcessGuid'>{5ab40fd1-170d-68ed-8604-000000003a02}</Data><Data Name='ProcessId'>8848</Data><Data Name='Image'>C:\Program Files (x86)\Advanced Port Scanner\advanced_port_scanner.exe</Data><Data Name='FileVersion'>-</Data><Data Name='Description'>Advanced Port Scanner</Data><Data Name='Product'>Advanced Port Scanner</Data><Data Name='Company'>Famatech Corp.</Data><Data Name='OriginalFileName'>advanced_port_scanner.exe</Data><Data Name='CommandLine'>advanced_port_scanner.exe  /?</Data><Data Name='CurrentDirectory'>C:\Program Files (x86)\Advanced Port Scanner\</Data><Data Name='User'>AR-WIN-1\Administrator</Data><Data Name='LogonGuid'>{5ab40fd1-15fa-68ed-0a4b-5b0000000000}</Data><Data Name='LogonId'>0x5b4b0a</Data><Data Name='TerminalSessionId'>2</Data><Data Name='IntegrityLevel'>High</Data><Data Name='Hashes'>MD5=4FDABE571B66CEEC3448939BFB3FFCD1,SHA256=8B9C7D2554FE315199FAE656448DC193ACCBEC162D4AFFF3F204CE2346507A8A,IMPHASH=31E3E9D3DDE3C0C0F2C167B89B8E269C</Data><Data Name='ParentProcessGuid'>{5ab40fd1-16fb-68ed-8104-000000003a02}</Data><Data Name='ParentProcessId'>3840</Data><Data Name='ParentImage'>C:\Windows\System32\cmd.exe</Data><Data Name='ParentCommandLine'>"C:\Windows\system32\cmd.exe" </Data><Data Name='ParentUser'>AR-WIN-1\Administrator</Data></EventData></Event>
<Event xmlns='http://schemas.microsoft.com/win/2004/08/events/event'><System><Provider Name='Microsoft-Windows-Sysmon' Guid='{5770385f-c22a-43e0-bf4c-06f5698ffbd9}'/><EventID>22</EventID><Version>5</Version><Level>4</Level><Task>22</Task><Opcode>0</Opcode><Keywords>0x8000000000000000</Keywords><TimeCreated SystemTime='2025-10-13T15:11:46.8356051Z'/><EventRecordID>158952</EventRecordID><Correlation/><Execution ProcessID='3252' ThreadID='4748'/><Channel>Microsoft-Windows-Sysmon/Operational</Channel><Computer>ar-win-1</Computer><Security UserID='S-1-5-18'/></System><EventData><Data Name='RuleName'>-</Data><Data Name='UtcTime'>2025-10-13 15:11:45.036</Data><Data Name='ProcessGuid'>{5ab40fd1-16ae-68ed-7104-000000003a02}</Data><Data Name='ProcessId'>5488</Data><Data Name='QueryName'>www.advanced-ip-scanner.com</Data><Data Name='QueryStatus'>0</Data><Data Name='QueryResults'>type: 5 advanced-ip-scanner.com;::ffff:188.40.30.100;</Data><Data Name='Image'>C:\Program Files (x86)\Advanced IP Scanner\advanced_ip_scanner.exe</Data><Data Name='User'>AR-WIN-1\Administrator</Data></EventData></Event>
<Event xmlns='http://schemas.microsoft.com/win/2004/08/events/event'><System><Provider Name='Microsoft-Windows-Sysmon' Guid='{5770385f-c22a-43e0-bf4c-06f5698ffbd9}'/><EventID>5</EventID><Version>3</Version><Level>4</Level><Task>5</Task><Opcode>0</Opcode><Keywords>0x8000000000000000</Keywords><TimeCreated SystemTime='2025-10-13T15:11:43.5745465Z'/><EventRecordID>158951</EventRecordID><Correlation/><Execution ProcessID='3252' ThreadID='4720'/><Channel>Microsoft-Windows-Sysmon/Operational</Channel><Computer>ar-win-1</Computer><Security UserID='S-1-5-18'/></System><EventData><Data Name='RuleName'>-</Data><Data Name='UtcTime'>2025-10-13 15:11:43.568</Data><Data Name='ProcessGuid'>{5ab40fd1-1664-68ed-6104-000000003a02}</Data><Data Name='ProcessId'>6036</Data><Data Name='Image'>C:\Users\Administrator\Downloads\Advanced_IP_Scanner_2.5.4594.1.exe</Data><Data Name='User'>AR-WIN-1\Administrator</Data></EventData></Event>
<Event xmlns='http://schemas.microsoft.com/win/2004/08/events/event'><System><Provider Name='Microsoft-Windows-Sysmon' Guid='{5770385f-c22a-43e0-bf4c-06f5698ffbd9}'/><EventID>5</EventID><Version>3</Version><Level>4</Level><Task>5</Task><Opcode>0</Opcode><Keywords>0x8000000000000000</Keywords><TimeCreated SystemTime='2025-10-13T15:11:43.5596215Z'/><EventRecordID>158950</EventRecordID><Correlation/><Execution ProcessID='3252' ThreadID='4720'/><Channel>Microsoft-Windows-Sysmon/Operational</Channel><Computer>ar-win-1</Computer><Security UserID='S-1-5-18'/></System><EventData><Data Name='RuleName'>-</Data><Data Name='UtcTime'>2025-10-13 15:11:43.552</Data><Data Name='ProcessGuid'>{5ab40fd1-1666-68ed-6204-000000003a02}</Data><Data Name='ProcessId'>8184</Data><Data Name='Image'>C:\Users\ADMINI~1\AppData\Local\Temp\2\is-7GMHE.tmp\Advanced_IP_Scanner_2.5.4594.1.tmp</Data><Data Name='User'>AR-WIN-1\Administrator</Data></EventData></Event>
<Event xmlns='http://schemas.microsoft.com/win/2004/08/events/event'><System><Provider Name='Microsoft-Windows-Sysmon' Guid='{5770385f-c22a-43e0-bf4c-06f5698ffbd9}'/><EventID>1</EventID><Version>5</Version><Level>4</Level><Task>1</Task><Opcode>0</Opcode><Keywords>0x8000000000000000</Keywords><TimeCreated SystemTime='2025-10-13T15:11:42.5042526Z'/><EventRecordID>158949</EventRecordID><Correlation/><Execution ProcessID='3252' ThreadID='4720'/><Channel>Microsoft-Windows-Sysmon/Operational</Channel><Computer>ar-win-1</Computer><Security UserID='S-1-5-18'/></System><EventData><Data Name='RuleName'>-</Data><Data Name='UtcTime'>2025-10-13 15:11:42.461</Data><Data Name='ProcessGuid'>{5ab40fd1-16ae-68ed-7104-000000003a02}</Data><Data Name='ProcessId'>5488</Data><Data Name='Image'>C:\Program Files (x86)\Advanced IP Scanner\advanced_ip_scanner.exe</Data><Data Name='FileVersion'>2.5.4594.1</Data><Data Name='Description'>Advanced IP Scanner</Data><Data Name='Product'>Advanced IP Scanner</Data><Data Name='Company'>Famatech Corp.</Data><Data Name='OriginalFileName'>advanced_ip_scanner.exe</Data><Data Name='CommandLine'>"C:\Program Files (x86)\Advanced IP Scanner\advanced_ip_scanner.exe"</Data><Data Name='CurrentDirectory'>C:\Program Files (x86)\Advanced IP Scanner\</Data><Data Name='User'>AR-WIN-1\Administrator</Data><Data Name='LogonGuid'>{5ab40fd1-15fa-68ed-0a4b-5b0000000000}</Data><Data Name='LogonId'>0x5b4b0a</Data><Data Name='TerminalSessionId'>2</Data><Data Name='IntegrityLevel'>Medium</Data><Data Name='Hashes'>MD5=B3411927CC7CD05E02BA64B2A789BBDE,SHA256=4B036CC9930BB42454172F888B8FDE1087797FC0C9D31AB546748BD2496BD3E5,IMPHASH=B7378C9136E7511821BFD495ADBE3CB0</Data><Data Name='ParentProcessGuid'>{5ab40fd1-1666-68ed-6204-000000003a02}</Data><Data Name='ParentProcessId'>8184</Data><Data Name='ParentImage'>C:\Users\ADMINI~1\AppData\Local\Temp\2\is-7GMHE.tmp\Advanced_IP_Scanner_2.5.4594.1.tmp</Data><Data Name='ParentCommandLine'>"C:\Users\ADMINI~1\AppData\Local\Temp\2\is-7GMHE.tmp\Advanced_IP_Scanner_2.5.4594.1.tmp" /SL5="$601E6,20439558,139776,C:\Users\Administrator\Downloads\Advanced_IP_Scanner_2.5.4594.1.exe" </Data><Data Name='ParentUser'>AR-WIN-1\Administrator</Data></EventData></Event>
<Event xmlns='http://schemas.microsoft.com/win/2004/08/events/event'><System><Provider Name='Microsoft-Windows-Sysmon' Guid='{5770385f-c22a-43e0-bf4c-06f5698ffbd9}'/><EventID>2</EventID><Version>5</Version><Level>4</Level><Task>2</Task><Opcode>0</Opcode><Keywords>0x8000000000000000</Keywords><TimeCreated SystemTime='2025-10-13T15:10:54.4121885Z'/><EventRecordID>158879</EventRecordID><Correlation/><Execution ProcessID='3252' ThreadID='4720'/><Channel>Microsoft-Windows-Sysmon/Operational</Channel><Computer>ar-win-1</Computer><Security UserID='S-1-5-18'/></System><EventData><Data Name='RuleName'>T1099</Data><Data Name='UtcTime'>2025-10-13 15:10:54.408</Data><Data Name='ProcessGuid'>{5ab40fd1-1641-68ed-5304-000000003a02}</Data><Data Name='ProcessId'>9004</Data><Data Name='Image'>C:\Windows\system32\msiexec.exe</Data><Data Name='TargetFilename'>C:\Program Files (x86)\Advanced IP Scanner\advanced_ip_scanner_console.exe</Data><Data Name='CreationUtcTime'>2022-04-29 14:13:52.000</Data><Data Name='PreviousCreationUtcTime'>2025-10-13 15:10:54.404</Data><Data Name='User'>NT AUTHORITY\SYSTEM</Data></EventData></Event>
<Event xmlns='http://schemas.microsoft.com/win/2004/08/events/event'><System><Provider Name='Microsoft-Windows-Sysmon' Guid='{5770385f-c22a-43e0-bf4c-06f5698ffbd9}'/><EventID>11</EventID><Version>2</Version><Level>4</Level><Task>11</Task><Opcode>0</Opcode><Keywords>0x8000000000000000</Keywords><TimeCreated SystemTime='2025-10-13T15:10:54.4121023Z'/><EventRecordID>158878</EventRecordID><Correlation/><Execution ProcessID='3252' ThreadID='4720'/><Channel>Microsoft-Windows-Sysmon/Operational</Channel><Computer>ar-win-1</Computer><Security UserID='S-1-5-18'/></System><EventData><Data Name='RuleName'>EXE</Data><Data Name='UtcTime'>2025-10-13 15:10:54.404</Data><Data Name='ProcessGuid'>{5ab40fd1-1641-68ed-5304-000000003a02}</Data><Data Name='ProcessId'>9004</Data><Data Name='Image'>C:\Windows\system32\msiexec.exe</Data><Data Name='TargetFilename'>C:\Program Files (x86)\Advanced IP Scanner\advanced_ip_scanner_console.exe</Data><Data Name='CreationUtcTime'>2025-10-13 15:10:54.404</Data><Data Name='User'>NT AUTHORITY\SYSTEM</Data></EventData></Event>
<Event xmlns='http://schemas.microsoft.com/win/2004/08/events/event'><System><Provider Name='Microsoft-Windows-Sysmon' Guid='{5770385f-c22a-43e0-bf4c-06f5698ffbd9}'/><EventID>2</EventID><Version>5</Version><Level>4</Level><Task>2</Task><Opcode>0</Opcode><Keywords>0x8000000000000000</Keywords><TimeCreated SystemTime='2025-10-13T15:10:54.2651010Z'/><EventRecordID>158877</EventRecordID><Correlation/><Execution ProcessID='3252' ThreadID='4720'/><Channel>Microsoft-Windows-Sysmon/Operational</Channel><Computer>ar-win-1</Computer><Security UserID='S-1-5-18'/></System><EventData><Data Name='RuleName'>T1099</Data><Data Name='UtcTime'>2025-10-13 15:10:54.261</Data><Data Name='ProcessGuid'>{5ab40fd1-1641-68ed-5304-000000003a02}</Data><Data Name='ProcessId'>9004</Data><Data Name='Image'>C:\Windows\system32\msiexec.exe</Data><Data Name='TargetFilename'>C:\Program Files (x86)\Advanced IP Scanner\advanced_ip_scanner.exe</Data><Data Name='CreationUtcTime'>2022-04-29 14:13:52.000</Data><Data Name='PreviousCreationUtcTime'>2025-10-13 15:10:54.245</Data><Data Name='User'>NT AUTHORITY\SYSTEM</Data></EventData></Event>
<Event xmlns='http://schemas.microsoft.com/win/2004/08/events/event'><System><Provider Name='Microsoft-Windows-Sysmon' Guid='{5770385f-c22a-43e0-bf4c-06f5698ffbd9}'/><EventID>11</EventID><Version>2</Version><Level>4</Level><Task>11</Task><Opcode>0</Opcode><Keywords>0x8000000000000000</Keywords><TimeCreated SystemTime='2025-10-13T15:10:54.2650192Z'/><EventRecordID>158876</EventRecordID><Correlation/><Execution ProcessID='3252' ThreadID='4720'/><Channel>Microsoft-Windows-Sysmon/Operational</Channel><Computer>ar-win-1</Computer><Security UserID='S-1-5-18'/></System><EventData><Data Name='RuleName'>EXE</Data><Data Name='UtcTime'>2025-10-13 15:10:54.245</Data><Data Name='ProcessGuid'>{5ab40fd1-1641-68ed-5304-000000003a02}</Data><Data Name='ProcessId'>9004</Data><Data Name='Image'>C:\Windows\system32\msiexec.exe</Data><Data Name='TargetFilename'>C:\Program Files (x86)\Advanced IP Scanner\advanced_ip_scanner.exe</Data><Data Name='CreationUtcTime'>2025-10-13 15:10:54.245</Data><Data Name='User'>NT AUTHORITY\SYSTEM</Data></EventData></Event>
<Event xmlns='http://schemas.microsoft.com/win/2004/08/events/event'><System><Provider Name='Microsoft-Windows-Sysmon' Guid='{5770385f-c22a-43e0-bf4c-06f5698ffbd9}'/><EventID>11</EventID><Version>2</Version><Level>4</Level><Task>11</Task><Opcode>0</Opcode><Keywords>0x8000000000000000</Keywords><TimeCreated SystemTime='2025-10-13T15:10:32.2734155Z'/><EventRecordID>158870</EventRecordID><Correlation/><Execution ProcessID='3252' ThreadID='4720'/><Channel>Microsoft-Windows-Sysmon/Operational</Channel><Computer>ar-win-1</Computer><Security UserID='S-1-5-18'/></System><EventData><Data Name='RuleName'>DLL</Data><Data Name='UtcTime'>2025-10-13 15:10:32.241</Data><Data Name='ProcessGuid'>{5ab40fd1-1666-68ed-6204-000000003a02}</Data><Data Name='ProcessId'>8184</Data><Data Name='Image'>C:\Users\ADMINI~1\AppData\Local\Temp\2\is-7GMHE.tmp\Advanced_IP_Scanner_2.5.4594.1.tmp</Data><Data Name='TargetFilename'>C:\Users\ADMINI~1\AppData\Local\Temp\2\is-E5QVU.tmp\aips_is_install_dll.dll</Data><Data Name='CreationUtcTime'>2025-10-13 15:10:32.240</Data><Data Name='User'>AR-WIN-1\Administrator</Data></EventData></Event>
<Event xmlns='http://schemas.microsoft.com/win/2004/08/events/event'><System><Provider Name='Microsoft-Windows-Sysmon' Guid='{5770385f-c22a-43e0-bf4c-06f5698ffbd9}'/><EventID>11</EventID><Version>2</Version><Level>4</Level><Task>11</Task><Opcode>0</Opcode><Keywords>0x8000000000000000</Keywords><TimeCreated SystemTime='2025-10-13T15:10:32.2728249Z'/><EventRecordID>158869</EventRecordID><Correlation/><Execution ProcessID='3252' ThreadID='4720'/><Channel>Microsoft-Windows-Sysmon/Operational</Channel><Computer>ar-win-1</Computer><Security UserID='S-1-5-18'/></System><EventData><Data Name='RuleName'>DLL</Data><Data Name='UtcTime'>2025-10-13 15:10:32.228</Data><Data Name='ProcessGuid'>{5ab40fd1-1666-68ed-6204-000000003a02}</Data><Data Name='ProcessId'>8184</Data><Data Name='Image'>C:\Users\ADMINI~1\AppData\Local\Temp\2\is-7GMHE.tmp\Advanced_IP_Scanner_2.5.4594.1.tmp</Data><Data Name='TargetFilename'>C:\Users\ADMINI~1\AppData\Local\Temp\2\is-E5QVU.tmp\_isetup\_shfoldr.dll</Data><Data Name='CreationUtcTime'>2025-10-13 15:10:32.228</Data><Data Name='User'>AR-WIN-1\Administrator</Data></EventData></Event>
<Event xmlns='http://schemas.microsoft.com/win/2004/08/events/event'><System><Provider Name='Microsoft-Windows-Sysmon' Guid='{5770385f-c22a-43e0-bf4c-06f5698ffbd9}'/><EventID>1</EventID><Version>5</Version><Level>4</Level><Task>1</Task><Opcode>0</Opcode><Keywords>0x8000000000000000</Keywords><TimeCreated SystemTime='2025-10-13T15:10:30.5622575Z'/><EventRecordID>158868</EventRecordID><Correlation/><Execution ProcessID='3252' ThreadID='4720'/><Channel>Microsoft-Windows-Sysmon/Operational</Channel><Computer>ar-win-1</Computer><Security UserID='S-1-5-18'/></System><EventData><Data Name='RuleName'>-</Data><Data Name='UtcTime'>2025-10-13 15:10:30.349</Data><Data Name='ProcessGuid'>{5ab40fd1-1666-68ed-6204-000000003a02}</Data><Data Name='ProcessId'>8184</Data><Data Name='Image'>C:\Users\ADMINI~1\AppData\Local\Temp\2\is-7GMHE.tmp\Advanced_IP_Scanner_2.5.4594.1.tmp</Data><Data Name='FileVersion'>51.1052.0.0</Data><Data Name='Description'>Setup/Uninstall</Data><Data Name='Product'>-</Data><Data Name='Company'>-</Data><Data Name='OriginalFileName'>-</Data><Data Name='CommandLine'>"C:\Users\ADMINI~1\AppData\Local\Temp\2\is-7GMHE.tmp\Advanced_IP_Scanner_2.5.4594.1.tmp" /SL5="$601E6,20439558,139776,C:\Users\Administrator\Downloads\Advanced_IP_Scanner_2.5.4594.1.exe" </Data><Data Name='CurrentDirectory'>C:\Users\Administrator\Downloads\</Data><Data Name='User'>AR-WIN-1\Administrator</Data><Data Name='LogonGuid'>{5ab40fd1-15fa-68ed-0a4b-5b0000000000}</Data><Data Name='LogonId'>0x5b4b0a</Data><Data Name='TerminalSessionId'>2</Data><Data Name='IntegrityLevel'>Medium</Data><Data Name='Hashes'>MD5=B87639F9A6CF5BA8C9E1F297C5745A67,SHA256=EC8252A333F68865160E26DC95607F2C49AF00F78C657F7F8417AB9D86E90BF7,IMPHASH=CCD5F2AD4761330DF297D2DDEDCD8ED3</Data><Data Name='ParentProcessGuid'>{5ab40fd1-1664-68ed-6104-000000003a02}</Data><Data Name='ParentProcessId'>6036</Data><Data Name='ParentImage'>C:\Users\Administrator\Downloads\Advanced_IP_Scanner_2.5.4594.1.exe</Data><Data Name='ParentCommandLine'>"C:\Users\Administrator\Downloads\Advanced_IP_Scanner_2.5.4594.1.exe" </Data><Data Name='ParentUser'>AR-WIN-1\Administrator</Data></EventData></Event>
<Event xmlns='http://schemas.microsoft.com/win/2004/08/events/event'><System><Provider Name='Microsoft-Windows-Sysmon' Guid='{5770385f-c22a-43e0-bf4c-06f5698ffbd9}'/><EventID>13</EventID><Version>2</Version><Level>4</Level><Task>13</Task><Opcode>0</Opcode><Keywords>0x8000000000000000</Keywords><TimeCreated SystemTime='2025-10-13T15:10:29.5459470Z'/><EventRecordID>158867</EventRecordID><Correlation/><Execution ProcessID='3252' ThreadID='4720'/><Channel>Microsoft-Windows-Sysmon/Operational</Channel><Computer>ar-win-1</Computer><Security UserID='S-1-5-18'/></System><EventData><Data Name='RuleName'>InvDB</Data><Data Name='EventType'>SetValue</Data><Data Name='UtcTime'>2025-10-13 15:10:29.534</Data><Data Name='ProcessGuid'>{5ab40fd1-ff4b-68ec-ef00-000000003a02}</Data><Data Name='ProcessId'>4708</Data><Data Name='Image'>C:\Windows\system32\svchost.exe</Data><Data Name='TargetObject'>HKU\S-1-5-21-1087941857-1673917154-741806574-500\Software\Microsoft\Windows NT\CurrentVersion\AppCompatFlags\Compatibility Assistant\Store\C:\Users\Administrator\Downloads\Advanced_IP_Scanner_2.5.4594.1.exe</Data><Data Name='Details'>Binary Data</Data><Data Name='User'>NT AUTHORITY\SYSTEM</Data></EventData></Event>
<Event xmlns='http://schemas.microsoft.com/win/2004/08/events/event'><System><Provider Name='Microsoft-Windows-Sysmon' Guid='{5770385f-c22a-43e0-bf4c-06f5698ffbd9}'/><EventID>1</EventID><Version>5</Version><Level>4</Level><Task>1</Task><Opcode>0</Opcode><Keywords>0x8000000000000000</Keywords><TimeCreated SystemTime='2025-10-13T15:10:29.5456592Z'/><EventRecordID>158866</EventRecordID><Correlation/><Execution ProcessID='3252' ThreadID='4720'/><Channel>Microsoft-Windows-Sysmon/Operational</Channel><Computer>ar-win-1</Computer><Security UserID='S-1-5-18'/></System><EventData><Data Name='RuleName'>-</Data><Data Name='UtcTime'>2025-10-13 15:10:28.891</Data><Data Name='ProcessGuid'>{5ab40fd1-1664-68ed-6104-000000003a02}</Data><Data Name='ProcessId'>6036</Data><Data Name='Image'>C:\Users\Administrator\Downloads\Advanced_IP_Scanner_2.5.4594.1.exe</Data><Data Name='FileVersion'>2.5.4594.1          </Data><Data Name='Description'>Advanced IP Scanner Setup                                   </Data><Data Name='Product'>Advanced IP Scanner                                         </Data><Data Name='Company'>Famatech Corp.                                              </Data><Data Name='OriginalFileName'>-</Data><Data Name='CommandLine'>"C:\Users\Administrator\Downloads\Advanced_IP_Scanner_2.5.4594.1.exe" </Data><Data Name='CurrentDirectory'>C:\Users\Administrator\Downloads\</Data><Data Name='User'>AR-WIN-1\Administrator</Data><Data Name='LogonGuid'>{5ab40fd1-15fa-68ed-0a4b-5b0000000000}</Data><Data Name='LogonId'>0x5b4b0a</Data><Data Name='TerminalSessionId'>2</Data><Data Name='IntegrityLevel'>Medium</Data><Data Name='Hashes'>MD5=5537C708EDB9A2C21F88E34E8A0F1744,SHA256=26D5748FFE6BD95E3FEE6CE184D388A1A681006DC23A0F08D53C083C593C193B,IMPHASH=48AA5C8931746A9655524F67B25A47EF</Data><Data Name='ParentProcessGuid'>{5ab40fd1-160c-68ed-3504-000000003a02}</Data><Data Name='ParentProcessId'>7356</Data><Data Name='ParentImage'>C:\Program Files\Mozilla Firefox\firefox.exe</Data><Data Name='ParentCommandLine'>"C:\Program Files\Mozilla Firefox\firefox.exe"</Data><Data Name='ParentUser'>AR-WIN-1\Administrator</Data></EventData></Event>
<Event xmlns='http://schemas.microsoft.com/win/2004/08/events/event'><System><Provider Name='Microsoft-Windows-Sysmon' Guid='{5770385f-c22a-43e0-bf4c-06f5698ffbd9}'/><EventID>13</EventID><Version>2</Version><Level>4</Level><Task>13</Task><Opcode>0</Opcode><Keywords>0x8000000000000000</Keywords><TimeCreated SystemTime='2025-10-13T15:10:28.8145024Z'/><EventRecordID>158865</EventRecordID><Correlation/><Execution ProcessID='3252' ThreadID='4720'/><Channel>Microsoft-Windows-Sysmon/Operational</Channel><Computer>ar-win-1</Computer><Security UserID='S-1-5-18'/></System><EventData><Data Name='RuleName'>InvDB-Ver</Data><Data Name='EventType'>SetValue</Data><Data Name='UtcTime'>2025-10-13 15:10:28.812</Data><Data Name='ProcessGuid'>{5ab40fd1-160a-68ed-2e04-000000003a02}</Data><Data Name='ProcessId'>7048</Data><Data Name='Image'>C:\Windows\System32\smartscreen.exe</Data><Data Name='TargetObject'>\REGISTRY\A\{699ea24c-a210-0160-b869-0c5405f6c453}\Root\InventoryApplicationFile\advanced_ip_scan|39a0254c28864035\BinProductVersion</Data><Data Name='Details'>2.5.4594.1</Data><Data Name='User'>AR-WIN-1\Administrator</Data></EventData></Event>
<Event xmlns='http://schemas.microsoft.com/win/2004/08/events/event'><System><Provider Name='Microsoft-Windows-Sysmon' Guid='{5770385f-c22a-43e0-bf4c-06f5698ffbd9}'/><EventID>13</EventID><Version>2</Version><Level>4</Level><Task>13</Task><Opcode>0</Opcode><Keywords>0x8000000000000000</Keywords><TimeCreated SystemTime='2025-10-13T15:10:28.8143789Z'/><EventRecordID>158864</EventRecordID><Correlation/><Execution ProcessID='3252' ThreadID='4720'/><Channel>Microsoft-Windows-Sysmon/Operational</Channel><Computer>ar-win-1</Computer><Security UserID='S-1-5-18'/></System><EventData><Data Name='RuleName'>InvDB-CompileTimeClaim</Data><Data Name='EventType'>SetValue</Data><Data Name='UtcTime'>2025-10-13 15:10:28.812</Data><Data Name='ProcessGuid'>{5ab40fd1-160a-68ed-2e04-000000003a02}</Data><Data Name='ProcessId'>7048</Data><Data Name='Image'>C:\Windows\System32\smartscreen.exe</Data><Data Name='TargetObject'>\REGISTRY\A\{699ea24c-a210-0160-b869-0c5405f6c453}\Root\InventoryApplicationFile\advanced_ip_scan|39a0254c28864035\LinkDate</Data><Data Name='Details'>01/30/2013 14:21:56</Data><Data Name='User'>AR-WIN-1\Administrator</Data></EventData></Event>
<Event xmlns='http://schemas.microsoft.com/win/2004/08/events/event'><System><Provider Name='Microsoft-Windows-Sysmon' Guid='{5770385f-c22a-43e0-bf4c-06f5698ffbd9}'/><EventID>13</EventID><Version>2</Version><Level>4</Level><Task>13</Task><Opcode>0</Opcode><Keywords>0x8000000000000000</Keywords><TimeCreated SystemTime='2025-10-13T15:10:28.8135496Z'/><EventRecordID>158863</EventRecordID><Correlation/><Execution ProcessID='3252' ThreadID='4720'/><Channel>Microsoft-Windows-Sysmon/Operational</Channel><Computer>ar-win-1</Computer><Security UserID='S-1-5-18'/></System><EventData><Data Name='RuleName'>InvDB-Pub</Data><Data Name='EventType'>SetValue</Data><Data Name='UtcTime'>2025-10-13 15:10:28.812</Data><Data Name='ProcessGuid'>{5ab40fd1-160a-68ed-2e04-000000003a02}</Data><Data Name='ProcessId'>7048</Data><Data Name='Image'>C:\Windows\System32\smartscreen.exe</Data><Data Name='TargetObject'>\REGISTRY\A\{699ea24c-a210-0160-b869-0c5405f6c453}\Root\InventoryApplicationFile\advanced_ip_scan|39a0254c28864035\Publisher</Data><Data Name='Details'>famatech corp.                                              </Data><Data Name='User'>AR-WIN-1\Administrator</Data></EventData></Event>
<Event xmlns='http://schemas.microsoft.com/win/2004/08/events/event'><System><Provider Name='Microsoft-Windows-Sysmon' Guid='{5770385f-c22a-43e0-bf4c-06f5698ffbd9}'/><EventID>13</EventID><Version>2</Version><Level>4</Level><Task>13</Task><Opcode>0</Opcode><Keywords>0x8000000000000000</Keywords><TimeCreated SystemTime='2025-10-13T15:10:28.8132851Z'/><EventRecordID>158862</EventRecordID><Correlation/><Execution ProcessID='3252' ThreadID='4720'/><Channel>Microsoft-Windows-Sysmon/Operational</Channel><Computer>ar-win-1</Computer><Security UserID='S-1-5-18'/></System><EventData><Data Name='RuleName'>InvDB-Path</Data><Data Name='EventType'>SetValue</Data><Data Name='UtcTime'>2025-10-13 15:10:28.812</Data><Data Name='ProcessGuid'>{5ab40fd1-160a-68ed-2e04-000000003a02}</Data><Data Name='ProcessId'>7048</Data><Data Name='Image'>C:\Windows\System32\smartscreen.exe</Data><Data Name='TargetObject'>\REGISTRY\A\{699ea24c-a210-0160-b869-0c5405f6c453}\Root\InventoryApplicationFile\advanced_ip_scan|39a0254c28864035\LowerCaseLongPath</Data><Data Name='Details'>c:\users\administrator\downloads\advanced_ip_scanner_2.5.4594.1.exe</Data><Data Name='User'>AR-WIN-1\Administrator</Data></EventData></Event>
<Event xmlns='http://schemas.microsoft.com/win/2004/08/events/event'><System><Provider Name='Microsoft-Windows-Sysmon' Guid='{5770385f-c22a-43e0-bf4c-06f5698ffbd9}'/><EventID>15</EventID><Version>2</Version><Level>4</Level><Task>15</Task><Opcode>0</Opcode><Keywords>0x8000000000000000</Keywords><TimeCreated SystemTime='2025-10-13T15:10:27.3134610Z'/><EventRecordID>158861</EventRecordID><Correlation/><Execution ProcessID='3252' ThreadID='4720'/><Channel>Microsoft-Windows-Sysmon/Operational</Channel><Computer>ar-win-1</Computer><Security UserID='S-1-5-18'/></System><EventData><Data Name='RuleName'>-</Data><Data Name='UtcTime'>2025-10-13 15:10:27.202</Data><Data Name='ProcessGuid'>{5ab40fd1-160c-68ed-3504-000000003a02}</Data><Data Name='ProcessId'>7356</Data><Data Name='Image'>C:\Program Files\Mozilla Firefox\firefox.exe</Data><Data Name='TargetFilename'>C:\Users\Administrator\Downloads\Advanced_IP_Scanner_2.5.4594.1.exe:Zone.Identifier</Data><Data Name='CreationUtcTime'>2025-10-13 15:10:26.084</Data><Data Name='Hash'>MD5=85AF83020544301E6179EBA9DCA77143,SHA256=66FDA98A938D6AFE750A22D416870668BECF6B967D771484CB4CC3F276E0D17B,IMPHASH=00000000000000000000000000000000</Data><Data Name='Contents'>[ZoneTransfer]  ZoneId=3  ReferrerUrl=https://www.advanced-ip-scanner.com/  HostUrl=https://download.advanced-ip-scanner.com/download/files/Advanced_IP_Scanner_2.5.4594.1.exe  </Data><Data Name='User'>AR-WIN-1\Administrator</Data></EventData></Event>
<Event xmlns='http://schemas.microsoft.com/win/2004/08/events/event'><System><Provider Name='Microsoft-Windows-Sysmon' Guid='{5770385f-c22a-43e0-bf4c-06f5698ffbd9}'/><EventID>11</EventID><Version>2</Version><Level>4</Level><Task>11</Task><Opcode>0</Opcode><Keywords>0x8000000000000000</Keywords><TimeCreated SystemTime='2025-10-13T15:10:27.3133924Z'/><EventRecordID>158860</EventRecordID><Correlation/><Execution ProcessID='3252' ThreadID='4720'/><Channel>Microsoft-Windows-Sysmon/Operational</Channel><Computer>ar-win-1</Computer><Security UserID='S-1-5-18'/></System><EventData><Data Name='RuleName'>Downloads</Data><Data Name='UtcTime'>2025-10-13 15:10:27.202</Data><Data Name='ProcessGuid'>{5ab40fd1-160c-68ed-3504-000000003a02}</Data><Data Name='ProcessId'>7356</Data><Data Name='Image'>C:\Program Files\Mozilla Firefox\firefox.exe</Data><Data Name='TargetFilename'>C:\Users\Administrator\Downloads\Advanced_IP_Scanner_2.5.4594.1.exe:Zone.Identifier</Data><Data Name='CreationUtcTime'>2025-10-13 15:10:26.084</Data><Data Name='User'>AR-WIN-1\Administrator</Data></EventData></Event>
<Event xmlns='http://schemas.microsoft.com/win/2004/08/events/event'><System><Provider Name='Microsoft-Windows-Sysmon' Guid='{5770385f-c22a-43e0-bf4c-06f5698ffbd9}'/><EventID>15</EventID><Version>2</Version><Level>4</Level><Task>15</Task><Opcode>0</Opcode><Keywords>0x8000000000000000</Keywords><TimeCreated SystemTime='2025-10-13T15:10:27.3133457Z'/><EventRecordID>158859</EventRecordID><Correlation/><Execution ProcessID='3252' ThreadID='4720'/><Channel>Microsoft-Windows-Sysmon/Operational</Channel><Computer>ar-win-1</Computer><Security UserID='S-1-5-18'/></System><EventData><Data Name='RuleName'>-</Data><Data Name='UtcTime'>2025-10-13 15:10:26.943</Data><Data Name='ProcessGuid'>{5ab40fd1-160c-68ed-3504-000000003a02}</Data><Data Name='ProcessId'>7356</Data><Data Name='Image'>C:\Program Files\Mozilla Firefox\firefox.exe</Data><Data Name='TargetFilename'>C:\Users\Administrator\Downloads\Advanced_IP_Scanner_2.5.4594.1.exe</Data><Data Name='CreationUtcTime'>2025-10-13 15:10:26.084</Data><Data Name='Hash'>MD5=5537C708EDB9A2C21F88E34E8A0F1744,SHA256=26D5748FFE6BD95E3FEE6CE184D388A1A681006DC23A0F08D53C083C593C193B,IMPHASH=48AA5C8931746A9655524F67B25A47EF</Data><Data Name='Contents'>-</Data><Data Name='User'>AR-WIN-1\Administrator</Data></EventData></Event>
<Event xmlns='http://schemas.microsoft.com/win/2004/08/events/event'><System><Provider Name='Microsoft-Windows-Sysmon' Guid='{5770385f-c22a-43e0-bf4c-06f5698ffbd9}'/><EventID>11</EventID><Version>2</Version><Level>4</Level><Task>11</Task><Opcode>0</Opcode><Keywords>0x8000000000000000</Keywords><TimeCreated SystemTime='2025-10-13T15:10:26.0880635Z'/><EventRecordID>158855</EventRecordID><Correlation/><Execution ProcessID='3252' ThreadID='4720'/><Channel>Microsoft-Windows-Sysmon/Operational</Channel><Computer>ar-win-1</Computer><Security UserID='S-1-5-18'/></System><EventData><Data Name='RuleName'>Downloads</Data><Data Name='UtcTime'>2025-10-13 15:10:26.086</Data><Data Name='ProcessGuid'>{5ab40fd1-160c-68ed-3504-000000003a02}</Data><Data Name='ProcessId'>7356</Data><Data Name='Image'>C:\Program Files\Mozilla Firefox\firefox.exe</Data><Data Name='TargetFilename'>C:\Users\Administrator\Downloads\Advanced_IP_Scanner_2.5.4594.1.exe</Data><Data Name='CreationUtcTime'>2025-10-13 15:10:26.086</Data><Data Name='User'>AR-WIN-1\Administrator</Data></EventData></Event>
<Event xmlns='http://schemas.microsoft.com/win/2004/08/events/event'><System><Provider Name='Microsoft-Windows-Sysmon' Guid='{5770385f-c22a-43e0-bf4c-06f5698ffbd9}'/><EventID>22</EventID><Version>5</Version><Level>4</Level><Task>22</Task><Opcode>0</Opcode><Keywords>0x8000000000000000</Keywords><TimeCreated SystemTime='2025-10-13T15:10:23.3755856Z'/><EventRecordID>158851</EventRecordID><Correlation/><Execution ProcessID='3252' ThreadID='4748'/><Channel>Microsoft-Windows-Sysmon/Operational</Channel><Computer>ar-win-1</Computer><Security UserID='S-1-5-18'/></System><EventData><Data Name='RuleName'>-</Data><Data Name='UtcTime'>2025-10-13 15:10:22.565</Data><Data Name='ProcessGuid'>{5ab40fd1-165b-68ed-6004-000000003a02}</Data><Data Name='ProcessId'>9028</Data><Data Name='QueryName'>www.advanced-port-scanner.com</Data><Data Name='QueryStatus'>0</Data><Data Name='QueryResults'>type: 5 advanced-port-scanner.com;::ffff:188.40.30.100;</Data><Data Name='Image'>C:\Program Files (x86)\Advanced Port Scanner\advanced_port_scanner.exe</Data><Data Name='User'>AR-WIN-1\Administrator</Data></EventData></Event>
<Event xmlns='http://schemas.microsoft.com/win/2004/08/events/event'><System><Provider Name='Microsoft-Windows-Sysmon' Guid='{5770385f-c22a-43e0-bf4c-06f5698ffbd9}'/><EventID>5</EventID><Version>3</Version><Level>4</Level><Task>5</Task><Opcode>0</Opcode><Keywords>0x8000000000000000</Keywords><TimeCreated SystemTime='2025-10-13T15:10:20.7252456Z'/><EventRecordID>158850</EventRecordID><Correlation/><Execution ProcessID='3252' ThreadID='4720'/><Channel>Microsoft-Windows-Sysmon/Operational</Channel><Computer>ar-win-1</Computer><Security UserID='S-1-5-18'/></System><EventData><Data Name='RuleName'>-</Data><Data Name='UtcTime'>2025-10-13 15:10:20.715</Data><Data Name='ProcessGuid'>{5ab40fd1-162e-68ed-5104-000000003a02}</Data><Data Name='ProcessId'>8588</Data><Data Name='Image'>C:\Users\Administrator\Downloads\Advanced_Port_Scanner_2.5.3869.exe</Data><Data Name='User'>AR-WIN-1\Administrator</Data></EventData></Event>
<Event xmlns='http://schemas.microsoft.com/win/2004/08/events/event'><System><Provider Name='Microsoft-Windows-Sysmon' Guid='{5770385f-c22a-43e0-bf4c-06f5698ffbd9}'/><EventID>5</EventID><Version>3</Version><Level>4</Level><Task>5</Task><Opcode>0</Opcode><Keywords>0x8000000000000000</Keywords><TimeCreated SystemTime='2025-10-13T15:10:20.6945833Z'/><EventRecordID>158849</EventRecordID><Correlation/><Execution ProcessID='3252' ThreadID='4720'/><Channel>Microsoft-Windows-Sysmon/Operational</Channel><Computer>ar-win-1</Computer><Security UserID='S-1-5-18'/></System><EventData><Data Name='RuleName'>-</Data><Data Name='UtcTime'>2025-10-13 15:10:20.667</Data><Data Name='ProcessGuid'>{5ab40fd1-162f-68ed-5204-000000003a02}</Data><Data Name='ProcessId'>6792</Data><Data Name='Image'>C:\Users\ADMINI~1\AppData\Local\Temp\2\is-4FMSH.tmp\Advanced_Port_Scanner_2.5.3869.tmp</Data><Data Name='User'>AR-WIN-1\Administrator</Data></EventData></Event>
<Event xmlns='http://schemas.microsoft.com/win/2004/08/events/event'><System><Provider Name='Microsoft-Windows-Sysmon' Guid='{5770385f-c22a-43e0-bf4c-06f5698ffbd9}'/><EventID>1</EventID><Version>5</Version><Level>4</Level><Task>1</Task><Opcode>0</Opcode><Keywords>0x8000000000000000</Keywords><TimeCreated SystemTime='2025-10-13T15:10:19.5772561Z'/><EventRecordID>158848</EventRecordID><Correlation/><Execution ProcessID='3252' ThreadID='4720'/><Channel>Microsoft-Windows-Sysmon/Operational</Channel><Computer>ar-win-1</Computer><Security UserID='S-1-5-18'/></System><EventData><Data Name='RuleName'>-</Data><Data Name='UtcTime'>2025-10-13 15:10:19.522</Data><Data Name='ProcessGuid'>{5ab40fd1-165b-68ed-6004-000000003a02}</Data><Data Name='ProcessId'>9028</Data><Data Name='Image'>C:\Program Files (x86)\Advanced Port Scanner\advanced_port_scanner.exe</Data><Data Name='FileVersion'>-</Data><Data Name='Description'>Advanced Port Scanner</Data><Data Name='Product'>Advanced Port Scanner</Data><Data Name='Company'>Famatech Corp.</Data><Data Name='OriginalFileName'>advanced_port_scanner.exe</Data><Data Name='CommandLine'>"C:\Program Files (x86)\Advanced Port Scanner\advanced_port_scanner.exe"</Data><Data Name='CurrentDirectory'>C:\Program Files (x86)\Advanced Port Scanner\</Data><Data Name='User'>AR-WIN-1\Administrator</Data><Data Name='LogonGuid'>{5ab40fd1-15fa-68ed-0a4b-5b0000000000}</Data><Data Name='LogonId'>0x5b4b0a</Data><Data Name='TerminalSessionId'>2</Data><Data Name='IntegrityLevel'>Medium</Data><Data Name='Hashes'>MD5=4FDABE571B66CEEC3448939BFB3FFCD1,SHA256=8B9C7D2554FE315199FAE656448DC193ACCBEC162D4AFFF3F204CE2346507A8A,IMPHASH=31E3E9D3DDE3C0C0F2C167B89B8E269C</Data><Data Name='ParentProcessGuid'>{5ab40fd1-162f-68ed-5204-000000003a02}</Data><Data Name='ParentProcessId'>6792</Data><Data Name='ParentImage'>C:\Users\ADMINI~1\AppData\Local\Temp\2\is-4FMSH.tmp\Advanced_Port_Scanner_2.5.3869.tmp</Data><Data Name='ParentCommandLine'>"C:\Users\ADMINI~1\AppData\Local\Temp\2\is-4FMSH.tmp\Advanced_Port_Scanner_2.5.3869.tmp" /SL5="$3026E,19769177,139776,C:\Users\Administrator\Downloads\Advanced_Port_Scanner_2.5.3869.exe" </Data><Data Name='ParentUser'>AR-WIN-1\Administrator</Data></EventData></Event>
<Event xmlns='http://schemas.microsoft.com/win/2004/08/events/event'><System><Provider Name='Microsoft-Windows-Sysmon' Guid='{5770385f-c22a-43e0-bf4c-06f5698ffbd9}'/><EventID>2</EventID><Version>5</Version><Level>4</Level><Task>2</Task><Opcode>0</Opcode><Keywords>0x8000000000000000</Keywords><TimeCreated SystemTime='2025-10-13T15:09:57.7853439Z'/><EventRecordID>158801</EventRecordID><Correlation/><Execution ProcessID='3252' ThreadID='4720'/><Channel>Microsoft-Windows-Sysmon/Operational</Channel><Computer>ar-win-1</Computer><Security UserID='S-1-5-18'/></System><EventData><Data Name='RuleName'>T1099</Data><Data Name='UtcTime'>2025-10-13 15:09:57.783</Data><Data Name='ProcessGuid'>{5ab40fd1-1641-68ed-5304-000000003a02}</Data><Data Name='ProcessId'>9004</Data><Data Name='Image'>C:\Windows\system32\msiexec.exe</Data><Data Name='TargetFilename'>C:\Program Files (x86)\Advanced Port Scanner\advanced_port_scanner_console.exe</Data><Data Name='CreationUtcTime'>2019-04-22 16:08:12.000</Data><Data Name='PreviousCreationUtcTime'>2025-10-13 15:09:57.777</Data><Data Name='User'>NT AUTHORITY\SYSTEM</Data></EventData></Event>
<Event xmlns='http://schemas.microsoft.com/win/2004/08/events/event'><System><Provider Name='Microsoft-Windows-Sysmon' Guid='{5770385f-c22a-43e0-bf4c-06f5698ffbd9}'/><EventID>11</EventID><Version>2</Version><Level>4</Level><Task>11</Task><Opcode>0</Opcode><Keywords>0x8000000000000000</Keywords><TimeCreated SystemTime='2025-10-13T15:09:57.7799531Z'/><EventRecordID>158800</EventRecordID><Correlation/><Execution ProcessID='3252' ThreadID='4720'/><Channel>Microsoft-Windows-Sysmon/Operational</Channel><Computer>ar-win-1</Computer><Security UserID='S-1-5-18'/></System><EventData><Data Name='RuleName'>EXE</Data><Data Name='UtcTime'>2025-10-13 15:09:57.779</Data><Data Name='ProcessGuid'>{5ab40fd1-1641-68ed-5304-000000003a02}</Data><Data Name='ProcessId'>9004</Data><Data Name='Image'>C:\Windows\system32\msiexec.exe</Data><Data Name='TargetFilename'>C:\Program Files (x86)\Advanced Port Scanner\advanced_port_scanner_console.exe</Data><Data Name='CreationUtcTime'>2025-10-13 15:09:57.777</Data><Data Name='User'>NT AUTHORITY\SYSTEM</Data></EventData></Event>
<Event xmlns='http://schemas.microsoft.com/win/2004/08/events/event'><System><Provider Name='Microsoft-Windows-Sysmon' Guid='{5770385f-c22a-43e0-bf4c-06f5698ffbd9}'/><EventID>2</EventID><Version>5</Version><Level>4</Level><Task>2</Task><Opcode>0</Opcode><Keywords>0x8000000000000000</Keywords><TimeCreated SystemTime='2025-10-13T15:09:57.6238763Z'/><EventRecordID>158798</EventRecordID><Correlation/><Execution ProcessID='3252' ThreadID='4720'/><Channel>Microsoft-Windows-Sysmon/Operational</Channel><Computer>ar-win-1</Computer><Security UserID='S-1-5-18'/></System><EventData><Data Name='RuleName'>T1099</Data><Data Name='UtcTime'>2025-10-13 15:09:57.538</Data><Data Name='ProcessGuid'>{5ab40fd1-1641-68ed-5304-000000003a02}</Data><Data Name='ProcessId'>9004</Data><Data Name='Image'>C:\Windows\system32\msiexec.exe</Data><Data Name='TargetFilename'>C:\Program Files (x86)\Advanced Port Scanner\advanced_port_scanner.exe</Data><Data Name='CreationUtcTime'>2019-04-22 16:08:12.000</Data><Data Name='PreviousCreationUtcTime'>2025-10-13 15:09:57.520</Data><Data Name='User'>NT AUTHORITY\SYSTEM</Data></EventData></Event>
<Event xmlns='http://schemas.microsoft.com/win/2004/08/events/event'><System><Provider Name='Microsoft-Windows-Sysmon' Guid='{5770385f-c22a-43e0-bf4c-06f5698ffbd9}'/><EventID>11</EventID><Version>2</Version><Level>4</Level><Task>11</Task><Opcode>0</Opcode><Keywords>0x8000000000000000</Keywords><TimeCreated SystemTime='2025-10-13T15:09:57.6237969Z'/><EventRecordID>158797</EventRecordID><Correlation/><Execution ProcessID='3252' ThreadID='4720'/><Channel>Microsoft-Windows-Sysmon/Operational</Channel><Computer>ar-win-1</Computer><Security UserID='S-1-5-18'/></System><EventData><Data Name='RuleName'>EXE</Data><Data Name='UtcTime'>2025-10-13 15:09:57.520</Data><Data Name='ProcessGuid'>{5ab40fd1-1641-68ed-5304-000000003a02}</Data><Data Name='ProcessId'>9004</Data><Data Name='Image'>C:\Windows\system32\msiexec.exe</Data><Data Name='TargetFilename'>C:\Program Files (x86)\Advanced Port Scanner\advanced_port_scanner.exe</Data><Data Name='CreationUtcTime'>2025-10-13 15:09:57.520</Data><Data Name='User'>NT AUTHORITY\SYSTEM</Data></EventData></Event>
<Event xmlns='http://schemas.microsoft.com/win/2004/08/events/event'><System><Provider Name='Microsoft-Windows-Sysmon' Guid='{5770385f-c22a-43e0-bf4c-06f5698ffbd9}'/><EventID>11</EventID><Version>2</Version><Level>4</Level><Task>11</Task><Opcode>0</Opcode><Keywords>0x8000000000000000</Keywords><TimeCreated SystemTime='2025-10-13T15:09:38.2437377Z'/><EventRecordID>158790</EventRecordID><Correlation/><Execution ProcessID='3252' ThreadID='4720'/><Channel>Microsoft-Windows-Sysmon/Operational</Channel><Computer>ar-win-1</Computer><Security UserID='S-1-5-18'/></System><EventData><Data Name='RuleName'>DLL</Data><Data Name='UtcTime'>2025-10-13 15:09:38.228</Data><Data Name='ProcessGuid'>{5ab40fd1-162f-68ed-5204-000000003a02}</Data><Data Name='ProcessId'>6792</Data><Data Name='Image'>C:\Users\ADMINI~1\AppData\Local\Temp\2\is-4FMSH.tmp\Advanced_Port_Scanner_2.5.3869.tmp</Data><Data Name='TargetFilename'>C:\Users\ADMINI~1\AppData\Local\Temp\2\is-CPCEI.tmp\aps_is_install_dll.dll</Data><Data Name='CreationUtcTime'>2025-10-13 15:09:38.228</Data><Data Name='User'>AR-WIN-1\Administrator</Data></EventData></Event>
<Event xmlns='http://schemas.microsoft.com/win/2004/08/events/event'><System><Provider Name='Microsoft-Windows-Sysmon' Guid='{5770385f-c22a-43e0-bf4c-06f5698ffbd9}'/><EventID>11</EventID><Version>2</Version><Level>4</Level><Task>11</Task><Opcode>0</Opcode><Keywords>0x8000000000000000</Keywords><TimeCreated SystemTime='2025-10-13T15:09:38.1993581Z'/><EventRecordID>158789</EventRecordID><Correlation/><Execution ProcessID='3252' ThreadID='4720'/><Channel>Microsoft-Windows-Sysmon/Operational</Channel><Computer>ar-win-1</Computer><Security UserID='S-1-5-18'/></System><EventData><Data Name='RuleName'>DLL</Data><Data Name='UtcTime'>2025-10-13 15:09:38.172</Data><Data Name='ProcessGuid'>{5ab40fd1-162f-68ed-5204-000000003a02}</Data><Data Name='ProcessId'>6792</Data><Data Name='Image'>C:\Users\ADMINI~1\AppData\Local\Temp\2\is-4FMSH.tmp\Advanced_Port_Scanner_2.5.3869.tmp</Data><Data Name='TargetFilename'>C:\Users\ADMINI~1\AppData\Local\Temp\2\is-CPCEI.tmp\_isetup\_shfoldr.dll</Data><Data Name='CreationUtcTime'>2025-10-13 15:09:38.172</Data><Data Name='User'>AR-WIN-1\Administrator</Data></EventData></Event>
<Event xmlns='http://schemas.microsoft.com/win/2004/08/events/event'><System><Provider Name='Microsoft-Windows-Sysmon' Guid='{5770385f-c22a-43e0-bf4c-06f5698ffbd9}'/><EventID>1</EventID><Version>5</Version><Level>4</Level><Task>1</Task><Opcode>0</Opcode><Keywords>0x8000000000000000</Keywords><TimeCreated SystemTime='2025-10-13T15:09:35.9463900Z'/><EventRecordID>158788</EventRecordID><Correlation/><Execution ProcessID='3252' ThreadID='4720'/><Channel>Microsoft-Windows-Sysmon/Operational</Channel><Computer>ar-win-1</Computer><Security UserID='S-1-5-18'/></System><EventData><Data Name='RuleName'>-</Data><Data Name='UtcTime'>2025-10-13 15:09:35.701</Data><Data Name='ProcessGuid'>{5ab40fd1-162f-68ed-5204-000000003a02}</Data><Data Name='ProcessId'>6792</Data><Data Name='Image'>C:\Users\ADMINI~1\AppData\Local\Temp\2\is-4FMSH.tmp\Advanced_Port_Scanner_2.5.3869.tmp</Data><Data Name='FileVersion'>51.1052.0.0</Data><Data Name='Description'>Setup/Uninstall</Data><Data Name='Product'>-</Data><Data Name='Company'>-</Data><Data Name='OriginalFileName'>-</Data><Data Name='CommandLine'>"C:\Users\ADMINI~1\AppData\Local\Temp\2\is-4FMSH.tmp\Advanced_Port_Scanner_2.5.3869.tmp" /SL5="$3026E,19769177,139776,C:\Users\Administrator\Downloads\Advanced_Port_Scanner_2.5.3869.exe" </Data><Data Name='CurrentDirectory'>C:\Users\Administrator\Downloads\</Data><Data Name='User'>AR-WIN-1\Administrator</Data><Data Name='LogonGuid'>{5ab40fd1-15fa-68ed-0a4b-5b0000000000}</Data><Data Name='LogonId'>0x5b4b0a</Data><Data Name='TerminalSessionId'>2</Data><Data Name='IntegrityLevel'>Medium</Data><Data Name='Hashes'>MD5=52A6310C4D59C7C7068CE0CDB076D4EF,SHA256=37E12903CC165ABC6E0629195E0EB5A6318C92614952E055CF3444AD35ED4F0F,IMPHASH=CCD5F2AD4761330DF297D2DDEDCD8ED3</Data><Data Name='ParentProcessGuid'>{5ab40fd1-162e-68ed-5104-000000003a02}</Data><Data Name='ParentProcessId'>8588</Data><Data Name='ParentImage'>C:\Users\Administrator\Downloads\Advanced_Port_Scanner_2.5.3869.exe</Data><Data Name='ParentCommandLine'>"C:\Users\Administrator\Downloads\Advanced_Port_Scanner_2.5.3869.exe" </Data><Data Name='ParentUser'>AR-WIN-1\Administrator</Data></EventData></Event>
<Event xmlns='http://schemas.microsoft.com/win/2004/08/events/event'><System><Provider Name='Microsoft-Windows-Sysmon' Guid='{5770385f-c22a-43e0-bf4c-06f5698ffbd9}'/><EventID>13</EventID><Version>2</Version><Level>4</Level><Task>13</Task><Opcode>0</Opcode><Keywords>0x8000000000000000</Keywords><TimeCreated SystemTime='2025-10-13T15:09:34.7699949Z'/><EventRecordID>158787</EventRecordID><Correlation/><Execution ProcessID='3252' ThreadID='4720'/><Channel>Microsoft-Windows-Sysmon/Operational</Channel><Computer>ar-win-1</Computer><Security UserID='S-1-5-18'/></System><EventData><Data Name='RuleName'>InvDB</Data><Data Name='EventType'>SetValue</Data><Data Name='UtcTime'>2025-10-13 15:09:34.759</Data><Data Name='ProcessGuid'>{5ab40fd1-ff4b-68ec-ef00-000000003a02}</Data><Data Name='ProcessId'>4708</Data><Data Name='Image'>C:\Windows\system32\svchost.exe</Data><Data Name='TargetObject'>HKU\S-1-5-21-1087941857-1673917154-741806574-500\Software\Microsoft\Windows NT\CurrentVersion\AppCompatFlags\Compatibility Assistant\Store\C:\Users\Administrator\Downloads\Advanced_Port_Scanner_2.5.3869.exe</Data><Data Name='Details'>Binary Data</Data><Data Name='User'>NT AUTHORITY\SYSTEM</Data></EventData></Event>
