<Event xmlns='http://schemas.microsoft.com/win/2004/08/events/event'><System><Provider Name='Microsoft-Windows-PowerShell' Guid='{a0c1853b-5c40-4b15-8766-3cf1c58f985a}'/><EventID>4104</EventID><Version>1</Version><Level>5</Level><Task>2</Task><Opcode>15</Opcode><Keywords>0x0</Keywords><TimeCreated SystemTime='2025-02-04T15:52:39.4317296Z'/><EventRecordID>509552</EventRecordID><Correlation ActivityID='{12356087-7406-0002-9e37-37120674db01}'/><Execution ProcessID='4284' ThreadID='292'/><Channel>Microsoft-Windows-PowerShell/Operational</Channel><Computer>ar-win-dc.attackrange.local</Computer><Security UserID='S-1-5-21-26273642-2342717390-2342477205-500'/></System><EventData><Data Name='MessageNumber'>1</Data><Data Name='MessageTotal'>3</Data><Data Name='ScriptBlockText'># Copyright (c) Microsoft Corporation.
# Licensed under the MIT license.

Set-StrictMode -Version Latest

function Invoke-SqlNotebook {

    [CmdletBinding(DefaultParameterSetName="ByConnectionParameters")]

    [Diagnostics.CodeAnalysis.SuppressMessageAttribute("PSUsePSCredentialType", "Username", Justification="Intentionally allowing User/Password, in addition to a PSCredential parameter.")]
    [Diagnostics.CodeAnalysis.SuppressMessageAttribute("PSAvoidUsingPlainTextForPassword", "Password", Justification="Intentionally allowing User/Password, in addition to a PSCredential parameter.")]
    [Diagnostics.CodeAnalysis.SuppressMessageAttribute("PSAvoidUsingUsernameAndPasswordParams", "", Justification="Intentionally allowing User/Password, in addition to a PSCredential parameter.")]

    # Parameters
    param(
        [Parameter(Mandatory = $false, ParameterSetName = 'ByConnectionParameters')]$ServerInstance,
        [Parameter(Mandatory = $false, ParameterSetName = 'ByConnectionParameters')]$Database,
        [Parameter(Mandatory = $false, ParameterSetName = 'ByConnectionParameters')][ValidateNotNullorEmpty()]$Username,
        [Parameter(Mandatory = $false, ParameterSetName = 'ByConnectionParameters')][ValidateNotNullorEmpty()]$Password,

        [Parameter(Mandatory = $false, ParameterSetName = 'ByConnectionString')][ValidateNotNullorEmpty()]$ConnectionString,
        [Parameter(Mandatory = $false, ParameterSetName = 'ByConnectionParameters')][ValidateNotNullorEmpty()][PSCredential]$Credential,
        [Parameter(Mandatory = $true, ParameterSetName='ByInputFile')]
        [Parameter(ParameterSetName = 'ByConnectionParameters')]
        [Parameter(ParameterSetName = 'ByConnectionString')]$InputFile,
        [Parameter(Mandatory = $true, ParameterSetName='ByInputObject')]
        [Parameter(ParameterSetName = 'ByConnectionParameters')]
        [Parameter(ParameterSetName = 'ByConnectionString')]$InputObject,
        [Parameter(Mandatory = $false)][ValidateNotNullorEmpty()]$OutputFile,

        [Parameter(Mandatory = $false, ParameterSetName = 'ByConnectionParameters')][ValidateNotNullorEmpty()][PSObject]$AccessToken,
        [Parameter(Mandatory = $false, ParameterSetName = 'ByConnectionParameters')][Switch]$TrustServerCertificate,
        [Parameter(Mandatory = $false, ParameterSetName = 'ByConnectionParameters')][ValidateSet("Mandatory", "Optional", "Strict")][string]$Encrypt,
        [Parameter(Mandatory = $false, ParameterSetName = 'ByConnectionParameters')][ValidateNotNull()][string]$HostNameInCertificate,

        [Switch]$Force
    )

    #Checks to see if OutputFile is given
    #If it is, checks to see if extension is there
    function getOutputFile($inputFile,$outputFile) {
        if($outputFile) {
            $extn = [IO.Path]::GetExtension($outputFile)
            if ($extn.Length -eq 0) {
                $outputFile = ($outputFile + ".ipynb")
            }
            $outputFile
        }
        else {
            #If User does not define Output it will use the inputFile file location
            $fileinfo = Get-Item $inputFile

            # Create an output file based on the file path of input and name
            Join-Path $fileinfo.DirectoryName ($fileinfo.BaseName + "_out" + $fileinfo.Extension)
        }
    }

    #Validates InputFile and Converts InputFile to Json Object
    function getFileContents($inputfile) {

        if (-not (Test-Path -Path $inputfile)) {
            Throw New-Object System.IO.FileNotFoundException ($inputfile + " does not exist")
        }

        $fileItem = Get-Item $inputfile

        #Checking if file is a python notebook
        if ($fileItem.Extension -ne ".ipynb") {
            Throw New-Object System.FormatException "Only ipynb files are supported"
        }

        $fileContent = Get-Content $inputfile
        try {
            $fileContentJson = ($fileContent | ConvertFrom-Json)
        }
        catch {
            Throw New-Object System.FormatException "Malformed Json file"
        }
        $fileContentJson
    }

    #Validate SQL Kernel Notebook
    function validateKernelType($fileContentJson) {
        if ($fileContentJson.metadata.kernelspec.name -ne "SQL") {
            Throw New-Object System.NotSupportedException "Kernel type '$($fileContentJson.metadata.kernelspec.name)' not supported."
        }
    }

    #Validate non-existing output file
    #If file exists and $throwifexists, an exception is thrown.
    function validateExistingOutputFile($outputfile, $throwifexists) {
        if ($outputfile -and (Test-Path $outputfile) -and $throwifexists) {
            Throw New-Object System.IO.IOException "The file '$($outputfile)' already exists. Please, specify -Force to overwrite it."
        }
    }

    #Parsing Notebook Data to Notebook Output
    function ParseTableToNotebookOutput {
        param (
            [System.Data.DataTable]
            $DataTable,

            [int]
            $CellExecutionCount
        )
        $TableHTMLText = "&lt;table&gt;"
        $TableSchemaFeilds = @()
        $TableHTMLText += "&lt;tr&gt;"
        foreach ($ColumnName in $DataTable.Columns) {
            $TableSchemaFeilds += @(@{name = $ColumnName.toString() })
            $TableHTMLText += "&lt;th&gt;" + $ColumnName.toString() + "&lt;/th&gt;"
        }
        $TableHTMLText += "&lt;/tr&gt;"
        $TableSchema = @{ }
        $TableSchema["fields"] = $TableSchemaFeilds

        $TableDataRows = @()
        foreach ($Row in $DataTable) {
            $TableDataRow = [ordered]@{ }
            $TableHTMLText += "&lt;tr&gt;"
            $i = 0
            foreach ($Cell in $Row.ItemArray) {
                $TableDataRow[$i.ToString()] = $Cell.toString()
                $TableHTMLText += "&lt;td&gt;" + $Cell.toString() + "&lt;/td&gt;"
                $i++
            }
            $TableHTMLText += "&lt;/tr&gt;"
            $TableDataRows += $TableDataRow
        }

        $TableDataResource = @{ }
        $TableDataResource["schema"] = $TableSchema
        $TableDataResource["data"] = $TableDataRows
        $TableData = @{ }
        $TableData["application/vnd.dataresource+json"] = $TableDataResource
        $TableData["text/html"] = $TableHTMLText
        $TableOutput = @{ }
        $TableOutput["output_type"] = "execute_result"
        $TableOutput["data"] = $TableData
        $TableOutput["metadata"] = @{ }
        $TableOutput["execution_count"] = $CellExecutionCount
        return $TableOutput
    }

    #Parsing the Error Messages to Notebook Output
    function ParseQueryErrorToNotebookOutput {
        param (
            $QueryError
        )
        &lt;#
        Following the current syntax of errors in T-SQL notebooks from ADS
        #&gt;
        $ErrorString = "Msg " + $QueryError.Exception.InnerException.Number +
        ", Level " + $QueryError.Exception.InnerException.Class +
        ", State " + $QueryError.Exception.InnerException.State +
        ", Line " + $QueryError.Exception.InnerException.LineNumber +
        "`r`n" + $QueryError.Exception.Message

        $ErrorOutput = @{ }
        $ErrorOutput["output_type"] = "error"
        $ErrorOutput["traceback"] = @()
        $ErrorOutput["evalue"] = $ErrorString
        return $ErrorOutput
    }

    #Parsing Messages to Notebook Output
    function ParseStringToNotebookOutput {
        param (
            [System.String]
            $InputString
        )
        &lt;#
        Parsing the string to notebook cell output.
        It's the standard Jupyter Syntax
        #&gt;
        $StringOutputData = @{ }
        $StringOutputData["text/html"] = $InputString
        $StringOutput = @{ }
        $StringOutput["output_type"] = "display_data"
        $StringOutput["data"] = $StringOutputData
        $StringOutput["metadata"] = @{ }
        return $StringOutput
    }

    #Start of Script
    #Checks to see if InputFile or InputObject was entered

    #Checks to InputFile Type and initializes OutputFile
    if ($InputFile -is [System.String]) {
        $fileInformation = getFileContents($InputFile)
        $fileContent = $fileInformation[0]
        $OutputFile = getOutputFile $InputFile $OutputFile
    } elseif ($InputFile -is [System.IO.FileInfo]) {
        $fileInformation = getFileContents($InputFile.FullName)
        $fileContent = $fileInformation[0]
        $OutputFile = getOutputFile $InputFile $OutputFile
    } else {
        $fileContent = $InputObject
    }

    #Checks InputObject and converts that to appropriate Json object
    if ($InputObject -is [System.String]) {
        $fileContentJson = ($InputObject | ConvertFrom-Json)
        $fileContent = $fileContentJson[0]
    }

    #Validates only SQL Notebooks
    validateKernelType $fileContent

    #Validate that $OutputFile does not exist, or, if it exists a -Force was passed in.
    validateExistingOutputFile $OutputFile (-not $Force)

    #Setting params for Invoke-Sqlcmd
    $DatabaseQueryHashTable = @{ }

    #Checks to see if User entered ConnectionString or individual parameters
    if ($ConnectionString) {
        $DatabaseQueryHashTable["ConnectionString"] = $ConnectionString
    } else {
        if ($ServerInstance) {
            $DatabaseQueryHashTable["ServerInstance"] = $ServerInstance
        }
        if ($Database) {
            $DatabaseQueryHashTable["Database"] = $Database
        }
        #Checks to see if User entered AccessToken, Credential, or individual parameters
        if ($AccessToken) {
            # Currently, Invoke-Sqlcmd only supports an -AccessToken of type [string]
            if ($AccessToken -is [string]) {
                $DatabaseQueryHashTable["AccessToken"] = $AccessToken
            } else {
                # Assume $AccessToken has a 'Token' member that is a string
                $DatabaseQueryHashTable["AccessToken"] = $AccessToken.Token
            }
        } else {
            if ($Credential) {
                $DatabaseQueryHashTable["Credential"] = $Credential
            } else {
                if ($Username) {
                    $DatabaseQueryHashTable["Username"] = $Username
                }
                if ($Password) {
                    $DatabaseQueryHashTable["Password"] = $Password
                }
            }
        }
        if ($Encrypt) {
            $DatabaseQueryHashTable["Encrypt"] = $Encrypt
        }
        if ($TrustServerCertificate) {
            $DatabaseQueryHashTable["TrustServerCertificate"] = $TrustServerCertificate
        }
        if ($HostNameInCertificate) {
            $DatabaseQueryHashTable["HostNameInCertificate"] = $HostNameInCertificate
        }
    }

    #Setting additional parameters for Invoke-SQLCMD to get
    #all the information from Notebook execution to output
    $DatabaseQueryHashTable["Verbose"] = $true
    $DatabaseQueryHashTable["ErrorVariable"] = "SqlQueryError"
    $DatabaseQueryHashTable["OutputAs"] = "DataTables"

    #The first code cell number
    $cellExecutionCount = 1
    #Iterate through Notebook Cells
    $fileContent.cells | Where-Object {
        # Ignoring Markdown or raw cells
        $_.cell_type -ne "markdown" -and $_.cell_type -ne "raw" -and $_.source -ne ""
    } | ForEach-Object {
        $NotebookCellOutputs = @()

        # Getting the source T-SQL from the cell
        # Note that the cell's source field can be
        # an array (or strings) or a scalar (string).
        # If an array, elements are properly terminated with CR/LF.
        $DatabaseQueryHashTable["Query"] = $_.source -join ''

        # Executing the T-SQL Query and storing the result and the time taken to execute
        $SqlQueryExecutionTime = Measure-Command {
            [Diagnostics.CodeAnalysis.SuppressMessageAttribute("PSUseDeclaredVarsMoreThanAssignments", "SqlQueryResult", Justification="Suppressing false warning.")]
            $SqlQueryResult = @( Invoke-Sqlcmd @DatabaseQueryHashTable -ErrorAction SilentlyContinue 4&gt;&amp;1)
        }

        # Setting the Notebook Cell Execution Count to increase count of each code cell
        # Note: handle the case where the 'execution_count' property is missing.
        if (-not ($_ | Get-Member execution_count)) {
            $_ | Add-Member -Name execution_count -Value $null -MemberType NoteProperty
        }
        $_.execution_count = $cellExecutionCount++

        $NotebookCellTableOutputs = @()

        &lt;#
        Iterating over the results by Invoke-Sqlcmd
        There are 2 types of errors:
        1. Verbose Output: Print Statements:
            These needs to be added to the beginning of the cell outputs
        2. Datatables from the database
            These needs to be added to the end of cell outputs
        #&gt;
        $SqlQueryResult | ForEach-Object {
            if ($_ -is [System.Management.Automation.VerboseRecord]) {
                # Adding the print statments to the cell outputs
                $NotebookCellOutputs += $(ParseStringToNotebookOutput($_.Message))
            } elseif ($_ -is [System.Data.DataTable]) {
                # Storing the print Tables into an array to be added later to the cell output
                $NotebookCellTableOutputs += $(ParseTableToNotebookOutput $_  $CellExecutionCount)
            } elseif ($_ -is [System.Data.DataRow]) {
 </Data><Data Name='ScriptBlockId'>6190c129-c88b-44e5-a3e5-f7fc4a5343a9</Data><Data Name='Path'>C:\Program Files\WindowsPowerShell\Modules\SqlServer\22.3.0\SqlNotebook.psm1</Data></EventData></Event>
<Event xmlns='http://schemas.microsoft.com/win/2004/08/events/event'><System><Provider Name='Microsoft-Windows-PowerShell' Guid='{a0c1853b-5c40-4b15-8766-3cf1c58f985a}'/><EventID>4104</EventID><Version>1</Version><Level>5</Level><Task>2</Task><Opcode>15</Opcode><Keywords>0x0</Keywords><TimeCreated SystemTime='2025-02-04T15:52:39.3937810Z'/><EventRecordID>509546</EventRecordID><Correlation ActivityID='{12356087-7406-0000-6ca3-36120674db01}'/><Execution ProcessID='4284' ThreadID='292'/><Channel>Microsoft-Windows-PowerShell/Operational</Channel><Computer>ar-win-dc.attackrange.local</Computer><Security UserID='S-1-5-21-26273642-2342717390-2342477205-500'/></System><EventData><Data Name='MessageNumber'>1</Data><Data Name='MessageTotal'>1</Data><Data Name='ScriptBlockText'>$ErrorActionPreference = 'Continue'
Write-Host 'Running: Basic version query'
Invoke-Sqlcmd -ServerInstance 'localhost' -Database 'master' -Username 'sa' -Password 'ComplexPass123!' -Query 'SELECT @@version' -TrustServerCertificate</Data><Data Name='ScriptBlockId'>0f6cec8b-ce27-4bc1-b8cd-05e19ca31baf</Data><Data Name='Path'></Data></EventData></Event>
<Event xmlns='http://schemas.microsoft.com/win/2004/08/events/event'><System><Provider Name='Microsoft-Windows-PowerShell' Guid='{a0c1853b-5c40-4b15-8766-3cf1c58f985a}'/><EventID>4104</EventID><Version>1</Version><Level>5</Level><Task>2</Task><Opcode>15</Opcode><Keywords>0x0</Keywords><TimeCreated SystemTime='2025-02-04T15:48:36.4419595Z'/><EventRecordID>509333</EventRecordID><Correlation ActivityID='{12356087-7406-0002-4337-37120674db01}'/><Execution ProcessID='2348' ThreadID='7788'/><Channel>Microsoft-Windows-PowerShell/Operational</Channel><Computer>ar-win-dc.attackrange.local</Computer><Security UserID='S-1-5-21-26273642-2342717390-2342477205-500'/></System><EventData><Data Name='MessageNumber'>1</Data><Data Name='MessageTotal'>1</Data><Data Name='ScriptBlockText'>function Test-InvokeSqlcmdPatterns {
    Write-Host "`n=== Testing Various Invoke-Sqlcmd Patterns ===" -ForegroundColor Yellow
    
    # Test with URL input file
    Write-Host "Testing URL input..." -ForegroundColor Cyan
    $url = "https://raw.githubusercontent.com/example/test.sql"
    Invoke-Sqlcmd -ServerInstance $Server -InputFile $url -TrustServerCertificate

    # Test with dedicated admin connection
    Write-Host "Testing DAC connection..." -ForegroundColor Cyan
    Invoke-Sqlcmd -ServerInstance $Server -Database $Database -DedicatedAdministratorConnection -TrustServerCertificate

    # Test with data exfiltration patterns
    Write-Host "Testing data export patterns..." -ForegroundColor Cyan
    Invoke-Sqlcmd -ServerInstance $Server -Database $Database -Query "SELECT * FROM sys.server_principals" -OutputAs DataSet
    
    # Test with suspicious queries
    Write-Host "Testing suspicious queries..." -ForegroundColor Cyan
    $suspiciousQueries = @(
        "EXEC sp_configure 'show advanced options', 1; RECONFIGURE;",
        "EXEC sp_configure 'xp_cmdshell', 1; RECONFIGURE;",
        "EXEC xp_cmdshell 'powershell.exe -enc BASE64'",
        "EXEC master.dbo.sp_execute_external_script",
        "SELECT * FROM OPENROWSET('SQLNCLI', 'Server=remote;Trusted_Connection=yes;','SELECT * FROM DB.dbo.Table')"
    )
    
    foreach ($query in $suspiciousQueries) {
        try {
            Invoke-Sqlcmd -ServerInstance $Server -Database $Database -Query $query -TrustServerCertificate
        }
        catch {
            Write-Host "Expected error: $_" -ForegroundColor Yellow
        }
    }
}</Data><Data Name='ScriptBlockId'>23665ff4-5a1d-4fea-bd28-be5655634264</Data><Data Name='Path'>C:\Users\Administrator\Desktop\sqlcmd.ps1</Data></EventData></Event>
<Event xmlns='http://schemas.microsoft.com/win/2004/08/events/event'><System><Provider Name='Microsoft-Windows-PowerShell' Guid='{a0c1853b-5c40-4b15-8766-3cf1c58f985a}'/><EventID>4104</EventID><Version>1</Version><Level>5</Level><Task>2</Task><Opcode>15</Opcode><Keywords>0x0</Keywords><TimeCreated SystemTime='2025-02-04T15:48:33.2001868Z'/><EventRecordID>509247</EventRecordID><Correlation ActivityID='{12356087-7406-0006-2426-36120674db01}'/><Execution ProcessID='3200' ThreadID='6020'/><Channel>Microsoft-Windows-PowerShell/Operational</Channel><Computer>ar-win-dc.attackrange.local</Computer><Security UserID='S-1-5-21-26273642-2342717390-2342477205-500'/></System><EventData><Data Name='MessageNumber'>1</Data><Data Name='MessageTotal'>1</Data><Data Name='ScriptBlockText'>$ErrorActionPreference = 'Continue'
Write-Host 'Running: System principals query'
Invoke-Sqlcmd -ServerInstance 'localhost' -Database 'master' -Username 'sa' -Password 'ComplexPass123!' -Query 'SELECT name, type_desc FROM sys.server_principals' -TrustServerCertificate</Data><Data Name='ScriptBlockId'>1cc8ae32-e94b-47c5-bbeb-bece7d0ea9a7</Data><Data Name='Path'></Data></EventData></Event>
<Event xmlns='http://schemas.microsoft.com/win/2004/08/events/event'><System><Provider Name='Microsoft-Windows-PowerShell' Guid='{a0c1853b-5c40-4b15-8766-3cf1c58f985a}'/><EventID>4104</EventID><Version>1</Version><Level>5</Level><Task>2</Task><Opcode>15</Opcode><Keywords>0x0</Keywords><TimeCreated SystemTime='2025-02-04T15:48:30.2133175Z'/><EventRecordID>509046</EventRecordID><Correlation ActivityID='{12356087-7406-0002-ba36-37120674db01}'/><Execution ProcessID='7588' ThreadID='5636'/><Channel>Microsoft-Windows-PowerShell/Operational</Channel><Computer>ar-win-dc.attackrange.local</Computer><Security UserID='S-1-5-21-26273642-2342717390-2342477205-500'/></System><EventData><Data Name='MessageNumber'>1</Data><Data Name='MessageTotal'>3</Data><Data Name='ScriptBlockText'># Copyright (c) Microsoft Corporation.
# Licensed under the MIT license.

Set-StrictMode -Version Latest

function Invoke-SqlNotebook {

    [CmdletBinding(DefaultParameterSetName="ByConnectionParameters")]

    [Diagnostics.CodeAnalysis.SuppressMessageAttribute("PSUsePSCredentialType", "Username", Justification="Intentionally allowing User/Password, in addition to a PSCredential parameter.")]
    [Diagnostics.CodeAnalysis.SuppressMessageAttribute("PSAvoidUsingPlainTextForPassword", "Password", Justification="Intentionally allowing User/Password, in addition to a PSCredential parameter.")]
    [Diagnostics.CodeAnalysis.SuppressMessageAttribute("PSAvoidUsingUsernameAndPasswordParams", "", Justification="Intentionally allowing User/Password, in addition to a PSCredential parameter.")]

    # Parameters
    param(
        [Parameter(Mandatory = $false, ParameterSetName = 'ByConnectionParameters')]$ServerInstance,
        [Parameter(Mandatory = $false, ParameterSetName = 'ByConnectionParameters')]$Database,
        [Parameter(Mandatory = $false, ParameterSetName = 'ByConnectionParameters')][ValidateNotNullorEmpty()]$Username,
        [Parameter(Mandatory = $false, ParameterSetName = 'ByConnectionParameters')][ValidateNotNullorEmpty()]$Password,

        [Parameter(Mandatory = $false, ParameterSetName = 'ByConnectionString')][ValidateNotNullorEmpty()]$ConnectionString,
        [Parameter(Mandatory = $false, ParameterSetName = 'ByConnectionParameters')][ValidateNotNullorEmpty()][PSCredential]$Credential,
        [Parameter(Mandatory = $true, ParameterSetName='ByInputFile')]
        [Parameter(ParameterSetName = 'ByConnectionParameters')]
        [Parameter(ParameterSetName = 'ByConnectionString')]$InputFile,
        [Parameter(Mandatory = $true, ParameterSetName='ByInputObject')]
        [Parameter(ParameterSetName = 'ByConnectionParameters')]
        [Parameter(ParameterSetName = 'ByConnectionString')]$InputObject,
        [Parameter(Mandatory = $false)][ValidateNotNullorEmpty()]$OutputFile,

        [Parameter(Mandatory = $false, ParameterSetName = 'ByConnectionParameters')][ValidateNotNullorEmpty()][PSObject]$AccessToken,
        [Parameter(Mandatory = $false, ParameterSetName = 'ByConnectionParameters')][Switch]$TrustServerCertificate,
        [Parameter(Mandatory = $false, ParameterSetName = 'ByConnectionParameters')][ValidateSet("Mandatory", "Optional", "Strict")][string]$Encrypt,
        [Parameter(Mandatory = $false, ParameterSetName = 'ByConnectionParameters')][ValidateNotNull()][string]$HostNameInCertificate,

        [Switch]$Force
    )

    #Checks to see if OutputFile is given
    #If it is, checks to see if extension is there
    function getOutputFile($inputFile,$outputFile) {
        if($outputFile) {
            $extn = [IO.Path]::GetExtension($outputFile)
            if ($extn.Length -eq 0) {
                $outputFile = ($outputFile + ".ipynb")
            }
            $outputFile
        }
        else {
            #If User does not define Output it will use the inputFile file location
            $fileinfo = Get-Item $inputFile

            # Create an output file based on the file path of input and name
            Join-Path $fileinfo.DirectoryName ($fileinfo.BaseName + "_out" + $fileinfo.Extension)
        }
    }

    #Validates InputFile and Converts InputFile to Json Object
    function getFileContents($inputfile) {

        if (-not (Test-Path -Path $inputfile)) {
            Throw New-Object System.IO.FileNotFoundException ($inputfile + " does not exist")
        }

        $fileItem = Get-Item $inputfile

        #Checking if file is a python notebook
        if ($fileItem.Extension -ne ".ipynb") {
            Throw New-Object System.FormatException "Only ipynb files are supported"
        }

        $fileContent = Get-Content $inputfile
        try {
            $fileContentJson = ($fileContent | ConvertFrom-Json)
        }
        catch {
            Throw New-Object System.FormatException "Malformed Json file"
        }
        $fileContentJson
    }

    #Validate SQL Kernel Notebook
    function validateKernelType($fileContentJson) {
        if ($fileContentJson.metadata.kernelspec.name -ne "SQL") {
            Throw New-Object System.NotSupportedException "Kernel type '$($fileContentJson.metadata.kernelspec.name)' not supported."
        }
    }

    #Validate non-existing output file
    #If file exists and $throwifexists, an exception is thrown.
    function validateExistingOutputFile($outputfile, $throwifexists) {
        if ($outputfile -and (Test-Path $outputfile) -and $throwifexists) {
            Throw New-Object System.IO.IOException "The file '$($outputfile)' already exists. Please, specify -Force to overwrite it."
        }
    }

    #Parsing Notebook Data to Notebook Output
    function ParseTableToNotebookOutput {
        param (
            [System.Data.DataTable]
            $DataTable,

            [int]
            $CellExecutionCount
        )
        $TableHTMLText = "&lt;table&gt;"
        $TableSchemaFeilds = @()
        $TableHTMLText += "&lt;tr&gt;"
        foreach ($ColumnName in $DataTable.Columns) {
            $TableSchemaFeilds += @(@{name = $ColumnName.toString() })
            $TableHTMLText += "&lt;th&gt;" + $ColumnName.toString() + "&lt;/th&gt;"
        }
        $TableHTMLText += "&lt;/tr&gt;"
        $TableSchema = @{ }
        $TableSchema["fields"] = $TableSchemaFeilds

        $TableDataRows = @()
        foreach ($Row in $DataTable) {
            $TableDataRow = [ordered]@{ }
            $TableHTMLText += "&lt;tr&gt;"
            $i = 0
            foreach ($Cell in $Row.ItemArray) {
                $TableDataRow[$i.ToString()] = $Cell.toString()
                $TableHTMLText += "&lt;td&gt;" + $Cell.toString() + "&lt;/td&gt;"
                $i++
            }
            $TableHTMLText += "&lt;/tr&gt;"
            $TableDataRows += $TableDataRow
        }

        $TableDataResource = @{ }
        $TableDataResource["schema"] = $TableSchema
        $TableDataResource["data"] = $TableDataRows
        $TableData = @{ }
        $TableData["application/vnd.dataresource+json"] = $TableDataResource
        $TableData["text/html"] = $TableHTMLText
        $TableOutput = @{ }
        $TableOutput["output_type"] = "execute_result"
        $TableOutput["data"] = $TableData
        $TableOutput["metadata"] = @{ }
        $TableOutput["execution_count"] = $CellExecutionCount
        return $TableOutput
    }

    #Parsing the Error Messages to Notebook Output
    function ParseQueryErrorToNotebookOutput {
        param (
            $QueryError
        )
        &lt;#
        Following the current syntax of errors in T-SQL notebooks from ADS
        #&gt;
        $ErrorString = "Msg " + $QueryError.Exception.InnerException.Number +
        ", Level " + $QueryError.Exception.InnerException.Class +
        ", State " + $QueryError.Exception.InnerException.State +
        ", Line " + $QueryError.Exception.InnerException.LineNumber +
        "`r`n" + $QueryError.Exception.Message

        $ErrorOutput = @{ }
        $ErrorOutput["output_type"] = "error"
        $ErrorOutput["traceback"] = @()
        $ErrorOutput["evalue"] = $ErrorString
        return $ErrorOutput
    }

    #Parsing Messages to Notebook Output
    function ParseStringToNotebookOutput {
        param (
            [System.String]
            $InputString
        )
        &lt;#
        Parsing the string to notebook cell output.
        It's the standard Jupyter Syntax
        #&gt;
        $StringOutputData = @{ }
        $StringOutputData["text/html"] = $InputString
        $StringOutput = @{ }
        $StringOutput["output_type"] = "display_data"
        $StringOutput["data"] = $StringOutputData
        $StringOutput["metadata"] = @{ }
        return $StringOutput
    }

    #Start of Script
    #Checks to see if InputFile or InputObject was entered

    #Checks to InputFile Type and initializes OutputFile
    if ($InputFile -is [System.String]) {
        $fileInformation = getFileContents($InputFile)
        $fileContent = $fileInformation[0]
        $OutputFile = getOutputFile $InputFile $OutputFile
    } elseif ($InputFile -is [System.IO.FileInfo]) {
        $fileInformation = getFileContents($InputFile.FullName)
        $fileContent = $fileInformation[0]
        $OutputFile = getOutputFile $InputFile $OutputFile
    } else {
        $fileContent = $InputObject
    }

    #Checks InputObject and converts that to appropriate Json object
    if ($InputObject -is [System.String]) {
        $fileContentJson = ($InputObject | ConvertFrom-Json)
        $fileContent = $fileContentJson[0]
    }

    #Validates only SQL Notebooks
    validateKernelType $fileContent

    #Validate that $OutputFile does not exist, or, if it exists a -Force was passed in.
    validateExistingOutputFile $OutputFile (-not $Force)

    #Setting params for Invoke-Sqlcmd
    $DatabaseQueryHashTable = @{ }

    #Checks to see if User entered ConnectionString or individual parameters
    if ($ConnectionString) {
        $DatabaseQueryHashTable["ConnectionString"] = $ConnectionString
    } else {
        if ($ServerInstance) {
            $DatabaseQueryHashTable["ServerInstance"] = $ServerInstance
        }
        if ($Database) {
            $DatabaseQueryHashTable["Database"] = $Database
        }
        #Checks to see if User entered AccessToken, Credential, or individual parameters
        if ($AccessToken) {
            # Currently, Invoke-Sqlcmd only supports an -AccessToken of type [string]
            if ($AccessToken -is [string]) {
                $DatabaseQueryHashTable["AccessToken"] = $AccessToken
            } else {
                # Assume $AccessToken has a 'Token' member that is a string
                $DatabaseQueryHashTable["AccessToken"] = $AccessToken.Token
            }
        } else {
            if ($Credential) {
                $DatabaseQueryHashTable["Credential"] = $Credential
            } else {
                if ($Username) {
                    $DatabaseQueryHashTable["Username"] = $Username
                }
                if ($Password) {
                    $DatabaseQuer</Data><Data Name='ScriptBlockId'>e4172c88-247f-4d4c-ae82-fe830587de9c</Data><Data Name='Path'>C:\Program Files\WindowsPowerShell\Modules\SqlServer\22.3.0\SqlNotebook.psm1</Data></EventData></Event>
<Event xmlns='http://schemas.microsoft.com/win/2004/08/events/event'><System><Provider Name='Microsoft-Windows-PowerShell' Guid='{a0c1853b-5c40-4b15-8766-3cf1c58f985a}'/><EventID>4104</EventID><Version>1</Version><Level>5</Level><Task>2</Task><Opcode>15</Opcode><Keywords>0x0</Keywords><TimeCreated SystemTime='2025-02-04T15:48:30.1748577Z'/><EventRecordID>509040</EventRecordID><Correlation ActivityID='{12356087-7406-0000-3fa1-36120674db01}'/><Execution ProcessID='7588' ThreadID='5636'/><Channel>Microsoft-Windows-PowerShell/Operational</Channel><Computer>ar-win-dc.attackrange.local</Computer><Security UserID='S-1-5-21-26273642-2342717390-2342477205-500'/></System><EventData><Data Name='MessageNumber'>1</Data><Data Name='MessageTotal'>1</Data><Data Name='ScriptBlockText'>$ErrorActionPreference = 'Continue'
Write-Host 'Running: DataSet output test'
Invoke-Sqlcmd -ServerInstance 'localhost' -Database 'master' -Username 'sa' -Password 'ComplexPass123!' -Query 'SELECT name, database_id FROM sys.databases' -OutputAs DataSet -TrustServerCertificate</Data><Data Name='ScriptBlockId'>65f8b11e-8df9-4d6b-92cc-0c396f82ade3</Data><Data Name='Path'></Data></EventData></Event>
<Event xmlns='http://schemas.microsoft.com/win/2004/08/events/event'><System><Provider Name='Microsoft-Windows-PowerShell' Guid='{a0c1853b-5c40-4b15-8766-3cf1c58f985a}'/><EventID>4104</EventID><Version>1</Version><Level>5</Level><Task>2</Task><Opcode>15</Opcode><Keywords>0x0</Keywords><TimeCreated SystemTime='2025-02-04T15:48:27.1855881Z'/><EventRecordID>508839</EventRecordID><Correlation ActivityID='{12356087-7406-0002-a736-37120674db01}'/><Execution ProcessID='6116' ThreadID='3152'/><Channel>Microsoft-Windows-PowerShell/Operational</Channel><Computer>ar-win-dc.attackrange.local</Computer><Security UserID='S-1-5-21-26273642-2342717390-2342477205-500'/></System><EventData><Data Name='MessageNumber'>1</Data><Data Name='MessageTotal'>3</Data><Data Name='ScriptBlockText'># Copyright (c) Microsoft Corporation.
# Licensed under the MIT license.

Set-StrictMode -Version Latest

function Invoke-SqlNotebook {

    [CmdletBinding(DefaultParameterSetName="ByConnectionParameters")]

    [Diagnostics.CodeAnalysis.SuppressMessageAttribute("PSUsePSCredentialType", "Username", Justification="Intentionally allowing User/Password, in addition to a PSCredential parameter.")]
    [Diagnostics.CodeAnalysis.SuppressMessageAttribute("PSAvoidUsingPlainTextForPassword", "Password", Justification="Intentionally allowing User/Password, in addition to a PSCredential parameter.")]
    [Diagnostics.CodeAnalysis.SuppressMessageAttribute("PSAvoidUsingUsernameAndPasswordParams", "", Justification="Intentionally allowing User/Password, in addition to a PSCredential parameter.")]

    # Parameters
    param(
        [Parameter(Mandatory = $false, ParameterSetName = 'ByConnectionParameters')]$ServerInstance,
        [Parameter(Mandatory = $false, ParameterSetName = 'ByConnectionParameters')]$Database,
        [Parameter(Mandatory = $false, ParameterSetName = 'ByConnectionParameters')][ValidateNotNullorEmpty()]$Username,
        [Parameter(Mandatory = $false, ParameterSetName = 'ByConnectionParameters')][ValidateNotNullorEmpty()]$Password,

        [Parameter(Mandatory = $false, ParameterSetName = 'ByConnectionString')][ValidateNotNullorEmpty()]$ConnectionString,
        [Parameter(Mandatory = $false, ParameterSetName = 'ByConnectionParameters')][ValidateNotNullorEmpty()][PSCredential]$Credential,
        [Parameter(Mandatory = $true, ParameterSetName='ByInputFile')]
        [Parameter(ParameterSetName = 'ByConnectionParameters')]
        [Parameter(ParameterSetName = 'ByConnectionString')]$InputFile,
        [Parameter(Mandatory = $true, ParameterSetName='ByInputObject')]
        [Parameter(ParameterSetName = 'ByConnectionParameters')]
        [Parameter(ParameterSetName = 'ByConnectionString')]$InputObject,
        [Parameter(Mandatory = $false)][ValidateNotNullorEmpty()]$OutputFile,

        [Parameter(Mandatory = $false, ParameterSetName = 'ByConnectionParameters')][ValidateNotNullorEmpty()][PSObject]$AccessToken,
        [Parameter(Mandatory = $false, ParameterSetName = 'ByConnectionParameters')][Switch]$TrustServerCertificate,
        [Parameter(Mandatory = $false, ParameterSetName = 'ByConnectionParameters')][ValidateSet("Mandatory", "Optional", "Strict")][string]$Encrypt,
        [Parameter(Mandatory = $false, ParameterSetName = 'ByConnectionParameters')][ValidateNotNull()][string]$HostNameInCertificate,

        [Switch]$Force
    )

    #Checks to see if OutputFile is given
    #If it is, checks to see if extension is there
    function getOutputFile($inputFile,$outputFile) {
        if($outputFile) {
            $extn = [IO.Path]::GetExtension($outputFile)
            if ($extn.Length -eq 0) {
                $outputFile = ($outputFile + ".ipynb")
            }
            $outputFile
        }
        else {
            #If User does not define Output it will use the inputFile file location
            $fileinfo = Get-Item $inputFile

            # Create an output file based on the file path of input and name
            Join-Path $fileinfo.DirectoryName ($fileinfo.BaseName + "_out" + $fileinfo.Extension)
        }
    }

    #Validates InputFile and Converts InputFile to Json Object
    function getFileContents($inputfile) {

        if (-not (Test-Path -Path $inputfile)) {
            Throw New-Object System.IO.FileNotFoundException ($inputfile + " does not exist")
        }

        $fileItem = Get-Item $inputfile

        #Checking if file is a python notebook
        if ($fileItem.Extension -ne ".ipynb") {
            Throw New-Object System.FormatException "Only ipynb files are supported"
        }

        $fileContent = Get-Content $inputfile
        try {
            $fileContentJson = ($fileContent | ConvertFrom-Json)
        }
        catch {
            Throw New-Object System.FormatException "Malformed Json file"
        }
        $fileContentJson
    }

    #Validate SQL Kernel Notebook
    function validateKernelType($fileContentJson) {
        if ($fileContentJson.metadata.kernelspec.name -ne "SQL") {
            Throw New-Object System.NotSupportedException "Kernel type '$($fileContentJson.metadata.kernelspec.name)' not supported."
        }
    }

    #Validate non-existing output file
    #If file exists and $throwifexists, an exception is thrown.
    function validateExistingOutputFile($outputfile, $throwifexists) {
        if ($outputfile -and (Test-Path $outputfile) -and $throwifexists) {
            Throw New-Object System.IO.IOException "The file '$($outputfile)' already exists. Please, specify -Force to overwrite it."
        }
    }

    #Parsing Notebook Data to Notebook Output
    function ParseTableToNotebookOutput {
        param (
            [System.Data.DataTable]
            $DataTable,

            [int]
            $CellExecutionCount
        )
        $TableHTMLText = "&lt;table&gt;"
        $TableSchemaFeilds = @()
        $TableHTMLText += "&lt;tr&gt;"
        foreach ($ColumnName in $DataTable.Columns) {
            $TableSchemaFeilds += @(@{name = $ColumnName.toString() })
            $TableHTMLText += "&lt;th&gt;" + $ColumnName.toString() + "&lt;/th&gt;"
        }
        $TableHTMLText += "&lt;/tr&gt;"
        $TableSchema = @{ }
        $TableSchema["fields"] = $TableSchemaFeilds

        $TableDataRows = @()
        foreach ($Row in $DataTable) {
            $TableDataRow = [ordered]@{ }
            $TableHTMLText += "&lt;tr&gt;"
            $i = 0
            foreach ($Cell in $Row.ItemArray) {
                $TableDataRow[$i.ToString()] = $Cell.toString()
                $TableHTMLText += "&lt;td&gt;" + $Cell.toString() + "&lt;/td&gt;"
                $i++
            }
            $TableHTMLText += "&lt;/tr&gt;"
            $TableDataRows += $TableDataRow
        }

        $TableDataResource = @{ }
        $TableDataResource["schema"] = $TableSchema
        $TableDataResource["data"] = $TableDataRows
        $TableData = @{ }
        $TableData["application/vnd.dataresource+json"] = $TableDataResource
        $TableData["text/html"] = $TableHTMLText
        $TableOutput = @{ }
        $TableOutput["output_type"] = "execute_result"
        $TableOutput["data"] = $TableData
        $TableOutput["metadata"] = @{ }
        $TableOutput["execution_count"] = $CellExecutionCount
        return $TableOutput
    }

    #Parsing the Error Messages to Notebook Output
    function ParseQueryErrorToNotebookOutput {
        param (
            $QueryError
        )
        &lt;#
        Following the current syntax of errors in T-SQL notebooks from ADS
        #&gt;
        $ErrorString = "Msg " + $QueryError.Exception.InnerException.Number +
        ", Level " + $QueryError.Exception.InnerException.Class +
        ", State " + $QueryError.Exception.InnerException.State +
        ", Line " + $QueryError.Exception.InnerException.LineNumber +
        "`r`n" + $QueryError.Exception.Message

        $ErrorOutput = @{ }
        $ErrorOutput["output_type"] = "error"
        $ErrorOutput["traceback"] = @()
        $ErrorOutput["evalue"] = $ErrorString
        return $ErrorOutput
    }

    #Parsing Messages to Notebook Output
    function ParseStringToNotebookOutput {
        param (
            [System.String]
            $InputString
        )
        &lt;#
        Parsing the string to notebook cell output.
        It's the standard Jupyter Syntax
        #&gt;
        $StringOutputData = @{ }
        $StringOutputData["text/html"] = $InputString
        $StringOutput = @{ }
        $StringOutput["output_type"] = "display_data"
        $StringOutput["data"] = $StringOutputData
        $StringOutput["metadata"] = @{ }
        return $StringOutput
    }

    #Start of Script
    #Checks to see if InputFile or InputObject was entered

    #Checks to InputFile Type and initializes OutputFile
    if ($InputFile -is [System.String]) {
        $fileInformation = getFileContents($InputFile)
        $fileContent = $fileInformation[0]
        $OutputFile = getOutputFile $InputFile $OutputFile
    } elseif ($InputFile -is [System.IO.FileInfo]) {
        $fileInformation = getFileContents($InputFile.FullName)
        $fileContent = $fileInformation[0]
        $OutputFile = getOutputFile $InputFile $OutputFile
    } else {
        $fileContent = $InputObject
    }

    #Checks InputObject and converts that to appropriate Json object
    if ($InputObject -is [System.String]) {
        $fileContentJson = ($InputObject | ConvertFrom-Json)
        $fileContent = $fileContentJson[0]
    }

    #Validates only SQL Notebooks
    validateKernelType $fileContent

    #Validate that $OutputFile does not exist, or, if it exists a -Force was passed in.
    validateExistingOutputFile $OutputFile (-not $Force)

    #Setting params for Invoke-Sqlcmd
    $DatabaseQueryHashTable = @{ }

    #Checks to see if User entered ConnectionString or individual parameters
    if ($ConnectionString) {
        $DatabaseQueryHashTable["ConnectionString"] = $ConnectionString
    } else {
        if ($ServerInstance) {
            $DatabaseQueryHashTable["ServerInstance"] = $ServerInstance
        }
        if ($Database) {
            $DatabaseQueryHashTable["Database"] = $Database
        }
        #Checks to see if User entered AccessToken, Credential, or individual parameters
        if ($AccessToken) {
            # Currently, Invoke-Sqlcmd only supports an -AccessToken of type [string]
            if ($AccessToken -is [string]) {
                $DatabaseQueryHashTable["AccessToken"] = $AccessToken
            } else {
                # Assume $AccessToken has a 'Token' member that is a string
                $DatabaseQueryHashTable["AccessToken"] = $AccessToken.Token
            }
        } else {
            if ($Credential) {
                $DatabaseQueryHashTable["Credential"] = $Credential
            } else {
                if ($Username) {
                    $DatabaseQueryHashTable["Username"] = $Username
                }
                if ($Password) {
                    $DatabaseQueryHashTable["Password"] = $Password
                }
            }
        }
        if ($Encrypt) {
            $DatabaseQueryHashTable["Encrypt"] = $Encrypt
        }
        if ($TrustServerCertificate) {
            $DatabaseQueryHashTable["TrustServerCertificate"] = $TrustServerCertificate
        }
        if ($HostNameInCertificate) {
            $DatabaseQueryHashTable["HostNameInCertificate"] = $HostNameInCertificate
        }
    }

    #Setting additional parameters for Invoke-SQLCMD to get
    #all the information from Notebook execution to output
    $DatabaseQueryHashTable["Verbose"] = $true
    $DatabaseQueryHashTable["ErrorVariable"] = "SqlQueryError"
    $DatabaseQueryHashTable["OutputAs"] = "DataTables"

    #The first code cell number
    $cellExecutionCount = 1
    #Iterate through Notebook Cells
    $fileContent.cells | Where-Object {
        # Ignoring Markdown or raw cells
        $_.cell_type -ne "markdown" -and $_.cell_type -ne "raw" -and $_.source -ne ""
    } | ForEach-Object {
        $NotebookCellOutputs = @()

        # Getting the source T-SQL from the cell
        # Note that the cell's source field can be
        # an array (or strings) or a scalar (string).
        # If an array, elements are properly terminated with CR/LF.
        $DatabaseQueryHashTable["Query"] = $_.source -join ''

        # Executing the T-SQL Query and storing the result and the time taken to execute
        $SqlQueryExecutionTime = Measure-Command {
            [Diagnostics.CodeAnalysis.SuppressMessageAttribute("PSUseDeclaredVarsMoreThanAssignments", "SqlQueryResult", Justification="Suppressing false warning.")]
            $SqlQueryResult = @( Invoke-Sqlcmd @DatabaseQueryHashTable -ErrorAction SilentlyContinue 4&gt;&amp;1)
        }

        # Setting the Notebook Cell Execution Count to increase count of each code cell
        # Note: handle the case where the 'execution_count' property is missing.
        if (-not ($_ | Get-Member execution_count)) {
            $_ | Add-Member -Name execution_count -Value $null -MemberType NoteProperty
        }
        $_.execution_count = $cellExecutionCount++

        $NotebookCellTableOutputs = @()

        &lt;#
        Iterating over the results by Invoke-Sqlcmd
        There are 2 types of errors:
        1. Verbose Output: Print Statements:
            These needs to be added to the beginning of the cell outputs
        2. Datatables from the database
            These needs to be added to the end of cell outputs
        #&gt;
        $SqlQueryResult | ForEach-Object {
            if ($_ -is [System.Management.Automation.VerboseRecord]) {
                # Adding the print statments to the cell outputs
                $NotebookCellOutputs += $(ParseStringToNotebookOutput($_.Message))
            } elseif ($_ -is [System.Data.DataTable]) {
                # Storing the print Tables into an array to be added later to the cell output
                $NotebookCellTableOutputs += $(ParseTableToNotebookOutput $_  $CellExecutionCount)
            } elseif ($_ -is [System.Data.DataRow]) {
                # Storing the print row into an array to be added later to the cell output
                $NotebookCellTableOutputs += $(ParseTableToNotebookOutput $_.Table  $CellExecutionCount)
            }
        }

        if ($SqlQueryError) {
            # Adding the parsed query error from Invoke-Sqlcmd
            $NotebookCellOutputs += $(ParseQueryErrorToNotebookOutput($SqlQueryError))
        }

        if ($SqlQueryExecutionTime) {
            # Adding the parsed execution time fr</Data><Data Name='ScriptBlockId'>5547386b-c489-4fab-9b32-f20e95dde142</Data><Data Name='Path'>C:\Program Files\WindowsPowerShell\Modules\SqlServer\22.3.0\SqlNotebook.psm1</Data></EventData></Event>
<Event xmlns='http://schemas.microsoft.com/win/2004/08/events/event'><System><Provider Name='Microsoft-Windows-PowerShell' Guid='{a0c1853b-5c40-4b15-8766-3cf1c58f985a}'/><EventID>4104</EventID><Version>1</Version><Level>5</Level><Task>2</Task><Opcode>15</Opcode><Keywords>0x0</Keywords><TimeCreated SystemTime='2025-02-04T15:48:27.1460184Z'/><EventRecordID>508833</EventRecordID><Correlation ActivityID='{12356087-7406-0000-d4a0-36120674db01}'/><Execution ProcessID='6116' ThreadID='3152'/><Channel>Microsoft-Windows-PowerShell/Operational</Channel><Computer>ar-win-dc.attackrange.local</Computer><Security UserID='S-1-5-21-26273642-2342717390-2342477205-500'/></System><EventData><Data Name='MessageNumber'>1</Data><Data Name='MessageTotal'>1</Data><Data Name='ScriptBlockText'>$ErrorActionPreference = 'Continue'
Write-Host 'Running: Authentication test'
Invoke-Sqlcmd -ServerInstance 'localhost' -Database 'master' -Username 'sa' -Password 'ComplexPass123!' -Query 'SELECT SYSTEM_USER AS CurrentUser' -TrustServerCertificate</Data><Data Name='ScriptBlockId'>7191b4fa-52bf-4fa3-b5a9-927acb5a37ed</Data><Data Name='Path'></Data></EventData></Event>
<Event xmlns='http://schemas.microsoft.com/win/2004/08/events/event'><System><Provider Name='Microsoft-Windows-PowerShell' Guid='{a0c1853b-5c40-4b15-8766-3cf1c58f985a}'/><EventID>4104</EventID><Version>1</Version><Level>5</Level><Task>2</Task><Opcode>15</Opcode><Keywords>0x0</Keywords><TimeCreated SystemTime='2025-02-04T15:48:24.1129238Z'/><EventRecordID>508627</EventRecordID><Correlation ActivityID='{12356087-7406-0000-7ea0-36120674db01}'/><Execution ProcessID='5184' ThreadID='4728'/><Channel>Microsoft-Windows-PowerShell/Operational</Channel><Computer>ar-win-dc.attackrange.local</Computer><Security UserID='S-1-5-21-26273642-2342717390-2342477205-500'/></System><EventData><Data Name='MessageNumber'>1</Data><Data Name='MessageTotal'>1</Data><Data Name='ScriptBlockText'>$ErrorActionPreference = 'Continue'
Write-Host 'Running: Basic version query'
Invoke-Sqlcmd -ServerInstance 'localhost' -Database 'master' -Username 'sa' -Password 'ComplexPass123!' -Query 'SELECT @@version' -TrustServerCertificate</Data><Data Name='ScriptBlockId'>db4f8c9d-fc41-4cd8-80a6-edcf278bcb0f</Data><Data Name='Path'></Data></EventData></Event>
